  12,27%  swapper          [kernel.vmlinux]                                [k] mwait_idle_with_hints.constprop.0                            ◆
   0,44%  swapper          [unknown]                                       [.] 0000000000000000                                             ▒
   0,25%  ThreadPoolForeg  brave                                           [.] 0x00000000041ea5a3                                           ▒
   0,24%  ThreadPoolForeg  brave                                           [.] 0x0000000002a7b43a                                           ▒
   0,23%  swapper          [kernel.vmlinux]                                [k] menu_select                                                  ▒
   0,20%  brave            brave                                           [.] 0x0000000002b74b66                                           ▒
   0,19%  brave            libc.so.6                                       [.] pthread_mutex_trylock                                        ▒
   0,17%  swapper          [kernel.vmlinux]                                [k] poll_idle                                                    ▒
   0,17%  apache2          libz.so.1.2.11                                  [.] 0x0000000000004416                                           ▒
   0,16%  apache2          libphp.so                                       [.] 0x000000000044568c                                           ▒
   0,16%  swapper          [kernel.vmlinux]                                [k] psi_group_change                                             ▒
   0,15%  Chrome_IOThread  [kernel.vmlinux]                                [k] clear_page_erms                                              ▒
   0,13%  brave            brave                                           [.] 0x0000000003f5eff7                                           ▒
   0,12%  brave            [kernel.vmlinux]                                [k] clear_page_erms                                              ▒
   0,12%  ThreadPoolForeg  brave                                           [.] 0x0000000002a7b43d                                           ▒
   0,12%  brave            brave                                           [.] 0x0000000002b4faa0                                           ▒
   0,12%  swapper          [kernel.vmlinux]                                [k] cpuidle_enter_state                                          ▒
   0,11%  apache2          libz.so.1.2.11                                  [.] 0x00000000000043fa                                           ▒
   0,11%  brave            brave                                           [.] 0x0000000002b08ce6                                           ▒
   0,11%  apache2          libphp.so                                       [.] 0x00000000004457b7                                           ▒
   0,11%  brave            brave                                           [.] 0x0000000002b08d00                                           ▒
   0,10%  swapper          [kernel.vmlinux]                                [k] xhci_irq                                                     ▒
   0,10%  apache2          libphp.so                                       [.] 0x00000000004457a7                                           ▒
   0,10%  brave            [kernel.vmlinux]                                [k] entry_SYSCALL_64                                             ▒
   0,10%  Chrome_ChildIOT  libc.so.6                                       [.] pthread_mutex_trylock                                        ▒
   0,10%  Xorg             [kernel.vmlinux]                                [k] entry_SYSCALL_64                                             ▒
   0,09%  ThreadPoolForeg  brave                                           [.] 0x0000000002a76ad9                                           ▒
   0,09%  ThreadPoolForeg  brave                                           [.] 0x0000000002a7b442                                           ▒
   0,09%  brave            brave                                           [.] operator new[]                                               ▒
   0,08%  apache2          libphp.so                                       [.] 0x000000000044569c                                           ▒
   0,08%  brave            brave                                           [.] 0x0000000003682a97                                           ▒
   0,08%  Xorg             Xorg                                            [.] PickPointer                                                  ▒
   0,08%  ThreadPoolForeg  brave                                           [.] 0x00000000041f6706                                           ▒
   0,08%  Xorg             [kernel.vmlinux]                                [k] syscall_return_via_sysret                                    ▒
   0,08%  brave            brave                                           [.] 0x000000000380bb1b                                           ▒
   0,08%  swapper          [kernel.vmlinux]                                [k] update_load_avg                                              ▒
   0,08%  brave            brave                                           [.] free                                                         ▒
   0,08%  swapper          [kernel.vmlinux]                                [k] __schedule                                                   ▒
   0,08%  brave            brave                                           [.] 0x0000000002b74b85                                           ▒
   0,08%  swapper          [kernel.vmlinux]                                [k] update_blocked_averages                                      ▒
   0,07%  ThreadPoolForeg  brave                                           [.] 0x000000000314884e                                           ▒
   0,07%  brave            [kernel.vmlinux]                                [k] __list_del_entry_valid                                       ▒
   0,07%  ThreadPoolForeg  brave                                           [.] 0x00000000041f6756                                           ▒
   0,07%  brave            [kernel.vmlinux]                                [k] __fget_light                                                 ▒
   0,07%  brave            libc.so.6                                       [.] pthread_getspecific                                          ▒
   0,07%  ThreadPoolForeg  brave                                           [.] 0x0000000002ea4745                                           ▒
   0,07%  brave            [kernel.vmlinux]                                [k] sync_regs                                                    ▒
   0,07%  brave            [kernel.vmlinux]                                [k] native_irq_return_iret                                       ▒
   0,07%  swapper          [kernel.vmlinux]                                [k] enqueue_entity                                               ▒
   0,07%  brave            libc.so.6                                       [.] 0x0000000000153199                                           ▒
   0,06%  ThreadPoolForeg  brave                                           [.] 0x0000000003148885                                           ▒
   0,06%  swapper          [kernel.vmlinux]                                [k] do_idle                                                      ▒
   0,06%  brave            [kernel.vmlinux]                                [k] update_blocked_averages                                      ▒
   0,06%  brave            libc.so.6                                       [.] 0x000000000015360d                                           ▒
   0,06%  brave            [kernel.vmlinux]                                [k] __irqentry_text_end                                          ▒