fluentd -c /fluentd/etc/fluentd.conf
2023-08-09 17:14:08 +0000 [info]: init supervisor logger path=nil rotate_age=nil rotate_size=nil
2023-08-09 17:14:08 +0000 [info]: parsing config file is succeeded path="/fluentd/etc/fluentd.conf"
2023-08-09 17:14:08 +0000 [info]: gem 'fluentd' version '1.16.2'
2023-08-09 17:14:08 +0000 [info]: using configuration file: <ROOT>
  <source>
    @type forward
    port 24224
    bind "0.0.0.0"
  </source>
  <match 4d81cb26c662.**>
    @type stdout
  </match>
</ROOT>
2023-08-09 17:14:08 +0000 [info]: starting fluentd-1.16.2 pid=8 ruby="3.1.4"
2023-08-09 17:14:08 +0000 [info]: spawn command to main:  cmdline=["/usr/local/bin/ruby", "-Eascii-8bit:ascii-8bit", "/usr/local/bundle/bin/fluentd", "-c", "/fluentd/etc/fluentd.conf", "--plugin", "/fluentd/plugins", "--under-supervisor"]
2023-08-09 17:14:09 +0000 [info]: #0 init worker0 logger path=nil rotate_age=nil rotate_size=nil
2023-08-09 17:14:09 +0000 [info]: adding match pattern="4d81cb26c662.**" type="stdout"
2023-08-09 17:14:09 +0000 [info]: adding source type="forward"
2023-08-09 17:14:09 +0000 [info]: #0 starting fluentd worker pid=17 ppid=8 worker=0
2023-08-09 17:14:09 +0000 [info]: #0 listening port port=24224 bind="0.0.0.0"
2023-08-09 17:14:09 +0000 [info]: #0 fluentd worker is now running worker=0
2023-08-09 17:15:30.000000000 +0000 4d81cb26c662: {"container_id":"4d81cb26c66231747b04db742cd4f8fff01cc68354eaa9325a3cfb035b0a147f","container_name":"/wordpress","source":"stdout","log":"172.18.0.1 - - [09/Aug/2023:17:15:29 +0000] \"POST /wp-admin/admin-ajax.php HTTP/1.1\" 200 491 \"http://localhost:9000/wp-admin/index.php\" \"Mozilla/5.0 (Windows NT 10.0; rv:109.0) Gecko/20100101 Firefox/116.0\""}
2023-08-09 17:17:29.000000000 +0000 4d81cb26c662: {"source":"stdout","log":"172.18.0.1 - - [09/Aug/2023:17:17:29 +0000] \"POST /wp-admin/admin-ajax.php HTTP/1.1\" 200 491 \"http://localhost:9000/wp-admin/index.php\" \"Mozilla/5.0 (Windows NT 10.0; rv:109.0) Gecko/20100101 Firefox/116.0\"","container_id":"4d81cb26c66231747b04db742cd4f8fff01cc68354eaa9325a3cfb035b0a147f","container_name":"/wordpress"}
2023-08-09 17:17:59.000000000 +0000 4d81cb26c662: {"container_name":"/wordpress","source":"stdout","log":"172.18.0.1 - - [09/Aug/2023:17:17:59 +0000] \"POST /wp-content/plugins/wp-file-manager/lib/php/connector.minimal.php HTTP/1.1\" 200 1224 \"-\" \"python-requests/2.31.0\"","container_id":"4d81cb26c66231747b04db742cd4f8fff01cc68354eaa9325a3cfb035b0a147f"}
2023-08-09 17:18:16.000000000 +0000 4d81cb26c662: {"container_id":"4d81cb26c66231747b04db742cd4f8fff01cc68354eaa9325a3cfb035b0a147f","container_name":"/wordpress","source":"stdout","log":"172.18.0.1 - - [09/Aug/2023:17:18:16 +0000] \"POST /wp-content/plugins/wp-file-manager/lib/php/connector.minimal.php HTTP/1.1\" 200 1226 \"-\" \"python-requests/2.31.0\""}
2023-08-09 17:18:43.000000000 +0000 4d81cb26c662: {"source":"stderr","log":"[Wed Aug 09 17:18:43.036495 2023] [mpm_prefork:notice] [pid 1] AH00169: caught SIGTERM, shutting down","container_id":"4d81cb26c66231747b04db742cd4f8fff01cc68354eaa9325a3cfb035b0a147f","container_name":"/wordpress"}
2023-08-09 17:18:47 +0000 [info]: Received graceful stop
2023-08-09 17:18:48 +0000 [info]: #0 fluentd worker is now stopping worker=0
2023-08-09 17:18:48 +0000 [info]: #0 shutting down fluentd worker worker=0
2023-08-09 17:18:48 +0000 [info]: #0 shutting down input plugin type=:forward plugin_id="object:884"
2023-08-09 17:18:48 +0000 [info]: #0 shutting down output plugin type=:stdout plugin_id="object:85c"
2023-08-09 17:18:48 +0000 [info]: Worker 0 finished with status 0
