fluentd -c /fluentd/etc/fluentd.conf
2023-08-07 13:21:30 +0000 [info]: init supervisor logger path=nil rotate_age=nil rotate_size=nil
2023-08-07 13:21:30 +0000 [info]: parsing config file is succeeded path="/fluentd/etc/fluentd.conf"
2023-08-07 13:21:30 +0000 [info]: gem 'fluentd' version '1.16.2'
2023-08-07 13:21:30 +0000 [info]: using configuration file: <ROOT>
  <source>
    @type forward
    port 24224
    bind "0.0.0.0"
  </source>
  <match 16ae8d7cd5fb.**>
    @type stdout
  </match>
</ROOT>
2023-08-07 13:21:30 +0000 [info]: starting fluentd-1.16.2 pid=7 ruby="3.1.4"
2023-08-07 13:21:30 +0000 [info]: spawn command to main:  cmdline=["/usr/local/bin/ruby", "-Eascii-8bit:ascii-8bit", "/usr/local/bundle/bin/fluentd", "-c", "/fluentd/etc/fluentd.conf", "--plugin", "/fluentd/plugins", "--under-supervisor"]
2023-08-07 13:21:32 +0000 [info]: #0 init worker0 logger path=nil rotate_age=nil rotate_size=nil
2023-08-07 13:21:32 +0000 [info]: adding match pattern="16ae8d7cd5fb.**" type="stdout"
2023-08-07 13:21:32 +0000 [info]: adding source type="forward"
2023-08-07 13:21:32 +0000 [info]: #0 starting fluentd worker pid=16 ppid=7 worker=0
2023-08-07 13:21:32 +0000 [info]: #0 listening port port=24224 bind="0.0.0.0"
2023-08-07 13:21:32 +0000 [info]: #0 fluentd worker is now running worker=0
