rt_sigaction 
rt_sigaction 
rt_sigaction 
rt_sigaction 
rt_sigaction 
rt_sigaction 
rt_sigaction 
rt_sigaction 
rt_sigaction 
rt_sigaction 
rt_sigaction 
rt_sigaction 
rt_sigaction 
rt_sigaction 
rt_sigaction 
rt_sigaction 
rt_sigaction 
rt_sigaction 
rt_sigaction 
rt_sigaction 
rt_sigaction 
rt_sigaction 
rt_sigaction 
rt_sigaction 
rt_sigaction 
rt_sigaction 
rt_sigaction 
rt_sigaction 
rt_sigaction 
rt_sigaction 
rt_sigaction 
rt_sigaction 
rt_sigaction 
rt_sigaction 
rt_sigaction 
rt_sigaction 
rt_sigaction 
rt_sigaction 
rt_sigaction 
rt_sigaction 
rt_sigaction 
rt_sigaction 
rt_sigaction 
rt_sigaction 
rt_sigaction 
rt_sigaction 
rt_sigaction 
rt_sigaction 
rt_sigaction 
rt_sigaction 
rt_sigaction 
rt_sigaction 
rt_sigaction 
rt_sigaction 
rt_sigaction 
rt_sigaction 
rt_sigaction 
rt_sigaction 
rt_sigaction 
rt_sigaction 
rt_sigaction 
rt_sigaction 
rt_sigaction 
rt_sigaction 
rt_sigaction 
rt_sigaction 
rt_sigaction 
mmap addr=0 length=8192 prot=3(PROT_READ|PROT_WRITE) flags=10(MAP_PRIVATE|MAP_ANONYMOUS) fd=-1(EPERM) offset=0 
mmap res=7FBC0B550000 vm_size=383128 vm_rss=9004 vm_swap=0 
getpid 
getpid 
epoll_create1 
epoll_create1 
epoll_ctl 
epoll_ctl 
mmap addr=0 length=8192 prot=3(PROT_READ|PROT_WRITE) flags=10(MAP_PRIVATE|MAP_ANONYMOUS) fd=-1(EPERM) offset=0 
mmap res=7FBC0B54E000 vm_size=383136 vm_rss=9004 vm_swap=0 
accept flags=0 
clone res=0 exe=apache2 args=-DFOREGROUND. tid=676941(apache2) pid=676941(apache2) ptid=675335(apache2) cwd= fdlimit=1048576 pgft_maj=0 pgft_min=1 vm_size=383104 vm_rss=7640 vm_swap=0 comm=apache2 cgroups=cpuset=/system.slice/docker-4d81cb26c66231747b04db742cd4f8fff01cc68354eaa9325... flags=562036736(CLONE_CHILD_CLEARTID|CLONE_CHILD_SETTID) uid=0 gid=0 vtid=76 vpid=76 
set_robust_list 
set_robust_list 
rt_sigaction 
rt_sigaction 
rt_sigaction 
rt_sigaction 
rt_sigaction 
rt_sigaction 
getpid 
getpid 
getpid 
getpid 
mmap addr=0 length=8192 prot=3(PROT_READ|PROT_WRITE) flags=10(MAP_PRIVATE|MAP_ANONYMOUS) fd=-1(EPERM) offset=0 
mmap res=7FBC0B554000 vm_size=383112 vm_rss=7640 vm_swap=0 
mmap addr=0 length=8192 prot=3(PROT_READ|PROT_WRITE) flags=10(MAP_PRIVATE|MAP_ANONYMOUS) fd=-1(EPERM) offset=0 
mmap res=7FBC0B552000 vm_size=383120 vm_rss=7640 vm_swap=0 
geteuid 
geteuid euid=0(root) 
setgid gid=33(www-data) 
setgid res=0 
open 
open fd=9(<f>/proc/sys/kernel/ngroups_max) name=/proc/sys/kernel/ngroups_max flags=1(O_RDONLY) mode=0 dev=61 
read fd=9(<f>/proc/sys/kernel/ngroups_max) size=31 
read res=6 data=65536. 
close fd=9(<f>/proc/sys/kernel/ngroups_max) 
close res=0 
open 
open fd=9(<f>/etc/group) name=/etc/group flags=4097(O_RDONLY|O_CLOEXEC) mode=0 dev=5F 
lseek fd=9(<f>/etc/group) offset=0 whence=1(SEEK_CUR) 
lseek res=0 
fstat fd=9(<f>/etc/group) 
fstat res=0 
mmap addr=0 length=446 prot=1(PROT_READ) flags=1(MAP_SHARED) fd=9(<f>/etc/group) offset=0 
mmap res=7FBC0B551000 vm_size=383124 vm_rss=7640 vm_swap=0 
lseek fd=9(<f>/etc/group) offset=446 whence=0(SEEK_SET) 
lseek res=446 
fstat fd=9(<f>/etc/group) 
fstat res=0 
munmap addr=7FBC0B551000 length=446 
munmap res=0 vm_size=383120 vm_rss=9004 vm_swap=0 
close fd=9(<f>/etc/group) 
close res=0 
setgroups 
setgroups 
geteuid 
geteuid euid=0(root) 
setuid uid=33(www-data) 
setuid res=0 
getpid 
getpid 
rt_sigaction 
rt_sigaction 
rt_sigaction 
rt_sigaction 
rt_sigaction 
rt_sigaction 
rt_sigaction 
rt_sigaction 
rt_sigaction 
rt_sigaction 
rt_sigaction 
rt_sigaction 
rt_sigaction 
rt_sigaction 
rt_sigaction 
rt_sigaction 
rt_sigaction 
rt_sigaction 
rt_sigaction 
rt_sigaction 
rt_sigaction 
rt_sigaction 
rt_sigaction 
rt_sigaction 
rt_sigaction 
rt_sigaction 
rt_sigaction 
rt_sigaction 
rt_sigaction 
rt_sigaction 
rt_sigaction 
rt_sigaction 
rt_sigaction 
rt_sigaction 
rt_sigaction 
rt_sigaction 
rt_sigaction 
rt_sigaction 
rt_sigaction 
rt_sigaction 
rt_sigaction 
rt_sigaction 
rt_sigaction 
rt_sigaction 
rt_sigaction 
rt_sigaction 
rt_sigaction 
rt_sigaction 
rt_sigaction 
rt_sigaction 
rt_sigaction 
rt_sigaction 
rt_sigaction 
rt_sigaction 
rt_sigaction 
rt_sigaction 
rt_sigaction 
rt_sigaction 
rt_sigaction 
rt_sigaction 
rt_sigaction 
rt_sigaction 
rt_sigaction 
rt_sigaction 
rt_sigaction 
rt_sigaction 
rt_sigaction 
rt_sigaction 
rt_sigaction 
rt_sigaction 
rt_sigaction 
rt_sigaction 
rt_sigaction 
rt_sigaction 
rt_sigaction 
rt_sigaction 
rt_sigaction 
rt_sigaction 
rt_sigaction 
rt_sigaction 
rt_sigaction 
rt_sigaction 
rt_sigaction 
rt_sigaction 
rt_sigaction 
rt_sigaction 
rt_sigaction 
rt_sigaction 
rt_sigaction 
rt_sigaction 
rt_sigaction 
rt_sigaction 
rt_sigaction 
rt_sigaction 
rt_sigaction 
rt_sigaction 
rt_sigaction 
rt_sigaction 
rt_sigaction 
rt_sigaction 
rt_sigaction 
rt_sigaction 
rt_sigaction 
rt_sigaction 
rt_sigaction 
rt_sigaction 
rt_sigaction 
rt_sigaction 
rt_sigaction 
rt_sigaction 
rt_sigaction 
rt_sigaction 
rt_sigaction 
rt_sigaction 
rt_sigaction 
rt_sigaction 
rt_sigaction 
rt_sigaction 
rt_sigaction 
rt_sigaction 
rt_sigaction 
rt_sigaction 
rt_sigaction 
rt_sigaction 
mmap addr=0 length=8192 prot=3(PROT_READ|PROT_WRITE) flags=10(MAP_PRIVATE|MAP_ANONYMOUS) fd=-1(EPERM) offset=0 
mmap res=7FBC0B550000 vm_size=383128 vm_rss=9004 vm_swap=0 
getpid 
getpid 
epoll_create1 
epoll_create1 
epoll_ctl 
epoll_ctl 
mmap addr=0 length=8192 prot=3(PROT_READ|PROT_WRITE) flags=10(MAP_PRIVATE|MAP_ANONYMOUS) fd=-1(EPERM) offset=0 
mmap res=7FBC0B54E000 vm_size=383136 vm_rss=9004 vm_swap=0 
accept flags=0 
clone res=0 exe=apache2 args=-DFOREGROUND. tid=676942(apache2) pid=676942(apache2) ptid=675335(apache2) cwd= fdlimit=1048576 pgft_maj=0 pgft_min=1 vm_size=383104 vm_rss=7640 vm_swap=0 comm=apache2 cgroups=cpuset=/system.slice/docker-4d81cb26c66231747b04db742cd4f8fff01cc68354eaa9325... flags=562036736(CLONE_CHILD_CLEARTID|CLONE_CHILD_SETTID) uid=0 gid=0 vtid=77 vpid=77 
set_robust_list 
set_robust_list 
rt_sigaction 
rt_sigaction 
rt_sigaction 
rt_sigaction 
rt_sigaction 
rt_sigaction 
getpid 
getpid 
getpid 
getpid 
mmap addr=0 length=8192 prot=3(PROT_READ|PROT_WRITE) flags=10(MAP_PRIVATE|MAP_ANONYMOUS) fd=-1(EPERM) offset=0 
mmap res=7FBC0B554000 vm_size=383112 vm_rss=7640 vm_swap=0 
mmap addr=0 length=8192 prot=3(PROT_READ|PROT_WRITE) flags=10(MAP_PRIVATE|MAP_ANONYMOUS) fd=-1(EPERM) offset=0 
mmap res=7FBC0B552000 vm_size=383120 vm_rss=7640 vm_swap=0 
geteuid 
geteuid euid=0(root) 
setgid gid=33(www-data) 
setgid res=0 
open 
open fd=9(<f>/proc/sys/kernel/ngroups_max) name=/proc/sys/kernel/ngroups_max flags=1(O_RDONLY) mode=0 dev=61 
read fd=9(<f>/proc/sys/kernel/ngroups_max) size=31 
read res=6 data=65536. 
close fd=9(<f>/proc/sys/kernel/ngroups_max) 
close res=0 
open 
open fd=9(<f>/etc/group) name=/etc/group flags=4097(O_RDONLY|O_CLOEXEC) mode=0 dev=5F 
lseek fd=9(<f>/etc/group) offset=0 whence=1(SEEK_CUR) 
lseek res=0 
fstat fd=9(<f>/etc/group) 
fstat res=0 
mmap addr=0 length=446 prot=1(PROT_READ) flags=1(MAP_SHARED) fd=9(<f>/etc/group) offset=0 
mmap res=7FBC0B551000 vm_size=383124 vm_rss=7640 vm_swap=0 
lseek fd=9(<f>/etc/group) offset=446 whence=0(SEEK_SET) 
lseek res=446 
fstat fd=9(<f>/etc/group) 
fstat res=0 
munmap addr=7FBC0B551000 length=446 
munmap res=0 vm_size=383120 vm_rss=9004 vm_swap=0 
close fd=9(<f>/etc/group) 
close res=0 
setgroups 
setgroups 
geteuid 
geteuid euid=0(root) 
setuid uid=33(www-data) 
setuid res=0 
getpid 
getpid 
rt_sigaction 
rt_sigaction 
rt_sigaction 
rt_sigaction 
rt_sigaction 
rt_sigaction 
rt_sigaction 
rt_sigaction 
rt_sigaction 
rt_sigaction 
rt_sigaction 
rt_sigaction 
rt_sigaction 
rt_sigaction 
rt_sigaction 
rt_sigaction 
rt_sigaction 
rt_sigaction 
rt_sigaction 
rt_sigaction 
rt_sigaction 
rt_sigaction 
rt_sigaction 
rt_sigaction 
rt_sigaction 
rt_sigaction 
rt_sigaction 
rt_sigaction 
rt_sigaction 
rt_sigaction 
rt_sigaction 
rt_sigaction 
rt_sigaction 
rt_sigaction 
rt_sigaction 
rt_sigaction 
rt_sigaction 
rt_sigaction 
rt_sigaction 
rt_sigaction 
rt_sigaction 
rt_sigaction 
rt_sigaction 
rt_sigaction 
rt_sigaction 
rt_sigaction 
rt_sigaction 
rt_sigaction 
rt_sigaction 
rt_sigaction 
rt_sigaction 
rt_sigaction 
rt_sigaction 
rt_sigaction 
rt_sigaction 
rt_sigaction 
rt_sigaction 
rt_sigaction 
rt_sigaction 
rt_sigaction 
rt_sigaction 
rt_sigaction 
rt_sigaction 
rt_sigaction 
rt_sigaction 
rt_sigaction 
rt_sigaction 
rt_sigaction 
rt_sigaction 
rt_sigaction 
rt_sigaction 
rt_sigaction 
rt_sigaction 
rt_sigaction 
rt_sigaction 
rt_sigaction 
rt_sigaction 
rt_sigaction 
rt_sigaction 
rt_sigaction 
rt_sigaction 
rt_sigaction 
rt_sigaction 
rt_sigaction 
rt_sigaction 
rt_sigaction 
rt_sigaction 
rt_sigaction 
rt_sigaction 
rt_sigaction 
rt_sigaction 
rt_sigaction 
rt_sigaction 
rt_sigaction 
rt_sigaction 
rt_sigaction 
rt_sigaction 
rt_sigaction 
rt_sigaction 
rt_sigaction 
rt_sigaction 
rt_sigaction 
rt_sigaction 
rt_sigaction 
rt_sigaction 
rt_sigaction 
rt_sigaction 
rt_sigaction 
rt_sigaction 
rt_sigaction 
rt_sigaction 
rt_sigaction 
rt_sigaction 
rt_sigaction 
rt_sigaction 
rt_sigaction 
rt_sigaction 
rt_sigaction 
rt_sigaction 
rt_sigaction 
rt_sigaction 
rt_sigaction 
rt_sigaction 
rt_sigaction 
mmap addr=0 length=8192 prot=3(PROT_READ|PROT_WRITE) flags=10(MAP_PRIVATE|MAP_ANONYMOUS) fd=-1(EPERM) offset=0 
mmap res=7FBC0B550000 vm_size=383128 vm_rss=9004 vm_swap=0 
getpid 
getpid 
epoll_create1 
epoll_create1 
epoll_ctl 
epoll_ctl 
mmap addr=0 length=8192 prot=3(PROT_READ|PROT_WRITE) flags=10(MAP_PRIVATE|MAP_ANONYMOUS) fd=-1(EPERM) offset=0 
mmap res=7FBC0B54E000 vm_size=383136 vm_rss=9004 vm_swap=0 
accept flags=0 
clone res=0 exe=apache2 args=-DFOREGROUND. tid=676943(apache2) pid=676943(apache2) ptid=675335(apache2) cwd= fdlimit=1048576 pgft_maj=0 pgft_min=1 vm_size=383104 vm_rss=7640 vm_swap=0 comm=apache2 cgroups=cpuset=/system.slice/docker-4d81cb26c66231747b04db742cd4f8fff01cc68354eaa9325... flags=562036736(CLONE_CHILD_CLEARTID|CLONE_CHILD_SETTID) uid=0 gid=0 vtid=78 vpid=78 
set_robust_list 
set_robust_list 
rt_sigaction 
rt_sigaction 
rt_sigaction 
rt_sigaction 
rt_sigaction 
rt_sigaction 
getpid 
getpid 
getpid 
getpid 
mmap addr=0 length=8192 prot=3(PROT_READ|PROT_WRITE) flags=10(MAP_PRIVATE|MAP_ANONYMOUS) fd=-1(EPERM) offset=0 
mmap res=7FBC0B554000 vm_size=383112 vm_rss=7640 vm_swap=0 
mmap addr=0 length=8192 prot=3(PROT_READ|PROT_WRITE) flags=10(MAP_PRIVATE|MAP_ANONYMOUS) fd=-1(EPERM) offset=0 
mmap res=7FBC0B552000 vm_size=383120 vm_rss=7640 vm_swap=0 
geteuid 
geteuid euid=0(root) 
setgid gid=33(www-data) 
setgid res=0 
open 
open fd=9(<f>/proc/sys/kernel/ngroups_max) name=/proc/sys/kernel/ngroups_max flags=1(O_RDONLY) mode=0 dev=61 
read fd=9(<f>/proc/sys/kernel/ngroups_max) size=31 
read res=6 data=65536. 
close fd=9(<f>/proc/sys/kernel/ngroups_max) 
close res=0 
open 
open fd=9(<f>/etc/group) name=/etc/group flags=4097(O_RDONLY|O_CLOEXEC) mode=0 dev=5F 
lseek fd=9(<f>/etc/group) offset=0 whence=1(SEEK_CUR) 
lseek res=0 
fstat fd=9(<f>/etc/group) 
fstat res=0 
mmap addr=0 length=446 prot=1(PROT_READ) flags=1(MAP_SHARED) fd=9(<f>/etc/group) offset=0 
mmap res=7FBC0B551000 vm_size=383124 vm_rss=7640 vm_swap=0 
lseek fd=9(<f>/etc/group) offset=446 whence=0(SEEK_SET) 
lseek res=446 
fstat fd=9(<f>/etc/group) 
fstat res=0 
munmap addr=7FBC0B551000 length=446 
munmap res=0 vm_size=383120 vm_rss=9004 vm_swap=0 
close fd=9(<f>/etc/group) 
close res=0 
setgroups 
setgroups 
geteuid 
geteuid euid=0(root) 
setuid uid=33(www-data) 
setuid res=0 
getpid 
getpid 
rt_sigaction 
rt_sigaction 
rt_sigaction 
rt_sigaction 
rt_sigaction 
rt_sigaction 
rt_sigaction 
rt_sigaction 
rt_sigaction 
rt_sigaction 
rt_sigaction 
rt_sigaction 
rt_sigaction 
rt_sigaction 
rt_sigaction 
rt_sigaction 
rt_sigaction 
rt_sigaction 
rt_sigaction 
rt_sigaction 
rt_sigaction 
rt_sigaction 
rt_sigaction 
rt_sigaction 
rt_sigaction 
rt_sigaction 
rt_sigaction 
rt_sigaction 
rt_sigaction 
rt_sigaction 
rt_sigaction 
rt_sigaction 
rt_sigaction 
rt_sigaction 
rt_sigaction 
rt_sigaction 
rt_sigaction 
rt_sigaction 
rt_sigaction 
rt_sigaction 
rt_sigaction 
rt_sigaction 
rt_sigaction 
rt_sigaction 
rt_sigaction 
rt_sigaction 
rt_sigaction 
rt_sigaction 
rt_sigaction 
rt_sigaction 
rt_sigaction 
rt_sigaction 
rt_sigaction 
rt_sigaction 
rt_sigaction 
rt_sigaction 
rt_sigaction 
rt_sigaction 
rt_sigaction 
rt_sigaction 
rt_sigaction 
rt_sigaction 
rt_sigaction 
rt_sigaction 
rt_sigaction 
rt_sigaction 
rt_sigaction 
rt_sigaction 
rt_sigaction 
rt_sigaction 
rt_sigaction 
rt_sigaction 
rt_sigaction 
rt_sigaction 
rt_sigaction 
rt_sigaction 
rt_sigaction 
rt_sigaction 
rt_sigaction 
rt_sigaction 
rt_sigaction 
rt_sigaction 
rt_sigaction 
rt_sigaction 
rt_sigaction 
rt_sigaction 
rt_sigaction 
rt_sigaction 
rt_sigaction 
rt_sigaction 
rt_sigaction 
rt_sigaction 
rt_sigaction 
rt_sigaction 
rt_sigaction 
rt_sigaction 
rt_sigaction 
rt_sigaction 
rt_sigaction 
rt_sigaction 
rt_sigaction 
rt_sigaction 
rt_sigaction 
rt_sigaction 
rt_sigaction 
rt_sigaction 
rt_sigaction 
rt_sigaction 
rt_sigaction 
rt_sigaction 
rt_sigaction 
rt_sigaction 
rt_sigaction 
rt_sigaction 
rt_sigaction 
rt_sigaction 
rt_sigaction 
rt_sigaction 
rt_sigaction 
rt_sigaction 
rt_sigaction 
rt_sigaction 
rt_sigaction 
rt_sigaction 
mmap addr=0 length=8192 prot=3(PROT_READ|PROT_WRITE) flags=10(MAP_PRIVATE|MAP_ANONYMOUS) fd=-1(EPERM) offset=0 
mmap res=7FBC0B550000 vm_size=383128 vm_rss=9004 vm_swap=0 
getpid 
getpid 
epoll_create1 
epoll_create1 
epoll_ctl 
epoll_ctl 
mmap addr=0 length=8192 prot=3(PROT_READ|PROT_WRITE) flags=10(MAP_PRIVATE|MAP_ANONYMOUS) fd=-1(EPERM) offset=0 
mmap res=7FBC0B54E000 vm_size=383136 vm_rss=9004 vm_swap=0 
accept flags=0 
clone res=0 exe=apache2 args=-DFOREGROUND. tid=676944(apache2) pid=676944(apache2) ptid=675335(apache2) cwd= fdlimit=1048576 pgft_maj=0 pgft_min=1 vm_size=383104 vm_rss=7640 vm_swap=0 comm=apache2 cgroups=cpuset=/system.slice/docker-4d81cb26c66231747b04db742cd4f8fff01cc68354eaa9325... flags=562036736(CLONE_CHILD_CLEARTID|CLONE_CHILD_SETTID) uid=0 gid=0 vtid=79 vpid=79 
set_robust_list 
set_robust_list 
rt_sigaction 
rt_sigaction 
rt_sigaction 
rt_sigaction 
rt_sigaction 
rt_sigaction 
getpid 
getpid 
getpid 
getpid 
mmap addr=0 length=8192 prot=3(PROT_READ|PROT_WRITE) flags=10(MAP_PRIVATE|MAP_ANONYMOUS) fd=-1(EPERM) offset=0 
mmap res=7FBC0B554000 vm_size=383112 vm_rss=7640 vm_swap=0 
mmap addr=0 length=8192 prot=3(PROT_READ|PROT_WRITE) flags=10(MAP_PRIVATE|MAP_ANONYMOUS) fd=-1(EPERM) offset=0 
mmap res=7FBC0B552000 vm_size=383120 vm_rss=7640 vm_swap=0 
geteuid 
geteuid euid=0(root) 
setgid gid=33(www-data) 
setgid res=0 
open 
open fd=9(<f>/proc/sys/kernel/ngroups_max) name=/proc/sys/kernel/ngroups_max flags=1(O_RDONLY) mode=0 dev=61 
read fd=9(<f>/proc/sys/kernel/ngroups_max) size=31 
read res=6 data=65536. 
close fd=9(<f>/proc/sys/kernel/ngroups_max) 
close res=0 
open 
open fd=9(<f>/etc/group) name=/etc/group flags=4097(O_RDONLY|O_CLOEXEC) mode=0 dev=5F 
lseek fd=9(<f>/etc/group) offset=0 whence=1(SEEK_CUR) 
lseek res=0 
fstat fd=9(<f>/etc/group) 
fstat res=0 
mmap addr=0 length=446 prot=1(PROT_READ) flags=1(MAP_SHARED) fd=9(<f>/etc/group) offset=0 
mmap res=7FBC0B551000 vm_size=383124 vm_rss=7640 vm_swap=0 
lseek fd=9(<f>/etc/group) offset=446 whence=0(SEEK_SET) 
lseek res=446 
fstat fd=9(<f>/etc/group) 
fstat res=0 
munmap addr=7FBC0B551000 length=446 
munmap res=0 vm_size=383120 vm_rss=9004 vm_swap=0 
close fd=9(<f>/etc/group) 
close res=0 
setgroups 
setgroups 
geteuid 
geteuid euid=0(root) 
setuid uid=33(www-data) 
setuid res=0 
getpid 
getpid 
rt_sigaction 
rt_sigaction 
rt_sigaction 
rt_sigaction 
rt_sigaction 
rt_sigaction 
rt_sigaction 
rt_sigaction 
rt_sigaction 
rt_sigaction 
rt_sigaction 
rt_sigaction 
rt_sigaction 
rt_sigaction 
rt_sigaction 
rt_sigaction 
rt_sigaction 
rt_sigaction 
rt_sigaction 
rt_sigaction 
rt_sigaction 
rt_sigaction 
rt_sigaction 
rt_sigaction 
rt_sigaction 
rt_sigaction 
rt_sigaction 
rt_sigaction 
rt_sigaction 
rt_sigaction 
rt_sigaction 
rt_sigaction 
rt_sigaction 
rt_sigaction 
rt_sigaction 
rt_sigaction 
rt_sigaction 
rt_sigaction 
rt_sigaction 
rt_sigaction 
rt_sigaction 
rt_sigaction 
rt_sigaction 
rt_sigaction 
rt_sigaction 
rt_sigaction 
rt_sigaction 
rt_sigaction 
rt_sigaction 
rt_sigaction 
rt_sigaction 
rt_sigaction 
rt_sigaction 
rt_sigaction 
rt_sigaction 
rt_sigaction 
rt_sigaction 
rt_sigaction 
rt_sigaction 
rt_sigaction 
rt_sigaction 
rt_sigaction 
rt_sigaction 
rt_sigaction 
rt_sigaction 
rt_sigaction 
rt_sigaction 
rt_sigaction 
rt_sigaction 
rt_sigaction 
rt_sigaction 
rt_sigaction 
rt_sigaction 
rt_sigaction 
rt_sigaction 
rt_sigaction 
rt_sigaction 
rt_sigaction 
rt_sigaction 
rt_sigaction 
rt_sigaction 
rt_sigaction 
rt_sigaction 
rt_sigaction 
rt_sigaction 
rt_sigaction 
rt_sigaction 
rt_sigaction 
rt_sigaction 
rt_sigaction 
rt_sigaction 
rt_sigaction 
rt_sigaction 
rt_sigaction 
rt_sigaction 
rt_sigaction 
rt_sigaction 
rt_sigaction 
rt_sigaction 
rt_sigaction 
rt_sigaction 
rt_sigaction 
rt_sigaction 
rt_sigaction 
rt_sigaction 
rt_sigaction 
rt_sigaction 
rt_sigaction 
rt_sigaction 
rt_sigaction 
rt_sigaction 
rt_sigaction 
rt_sigaction 
rt_sigaction 
rt_sigaction 
rt_sigaction 
rt_sigaction 
rt_sigaction 
rt_sigaction 
rt_sigaction 
rt_sigaction 
rt_sigaction 
rt_sigaction 
rt_sigaction 
mmap addr=0 length=8192 prot=3(PROT_READ|PROT_WRITE) flags=10(MAP_PRIVATE|MAP_ANONYMOUS) fd=-1(EPERM) offset=0 
mmap res=7FBC0B550000 vm_size=383128 vm_rss=9004 vm_swap=0 
getpid 
getpid 
epoll_create1 
epoll_create1 
epoll_ctl 
epoll_ctl 
mmap addr=0 length=8192 prot=3(PROT_READ|PROT_WRITE) flags=10(MAP_PRIVATE|MAP_ANONYMOUS) fd=-1(EPERM) offset=0 
mmap res=7FBC0B54E000 vm_size=383136 vm_rss=9004 vm_swap=0 
accept flags=0 
clone res=0 exe=apache2 args=-DFOREGROUND. tid=676945(apache2) pid=676945(apache2) ptid=675335(apache2) cwd= fdlimit=1048576 pgft_maj=0 pgft_min=1 vm_size=383104 vm_rss=7640 vm_swap=0 comm=apache2 cgroups=cpuset=/system.slice/docker-4d81cb26c66231747b04db742cd4f8fff01cc68354eaa9325... flags=562036736(CLONE_CHILD_CLEARTID|CLONE_CHILD_SETTID) uid=0 gid=0 vtid=80 vpid=80 
set_robust_list 
set_robust_list 
rt_sigaction 
rt_sigaction 
rt_sigaction 
rt_sigaction 
rt_sigaction 
rt_sigaction 
getpid 
getpid 
getpid 
getpid 
mmap addr=0 length=8192 prot=3(PROT_READ|PROT_WRITE) flags=10(MAP_PRIVATE|MAP_ANONYMOUS) fd=-1(EPERM) offset=0 
mmap res=7FBC0B554000 vm_size=383112 vm_rss=7640 vm_swap=0 
mmap addr=0 length=8192 prot=3(PROT_READ|PROT_WRITE) flags=10(MAP_PRIVATE|MAP_ANONYMOUS) fd=-1(EPERM) offset=0 
mmap res=7FBC0B552000 vm_size=383120 vm_rss=7640 vm_swap=0 
geteuid 
geteuid euid=0(root) 
setgid gid=33(www-data) 
setgid res=0 
open 
open fd=9(<f>/proc/sys/kernel/ngroups_max) name=/proc/sys/kernel/ngroups_max flags=1(O_RDONLY) mode=0 dev=61 
read fd=9(<f>/proc/sys/kernel/ngroups_max) size=31 
read res=6 data=65536. 
close fd=9(<f>/proc/sys/kernel/ngroups_max) 
close res=0 
open 
open fd=9(<f>/etc/group) name=/etc/group flags=4097(O_RDONLY|O_CLOEXEC) mode=0 dev=5F 
lseek fd=9(<f>/etc/group) offset=0 whence=1(SEEK_CUR) 
lseek res=0 
fstat fd=9(<f>/etc/group) 
fstat res=0 
mmap addr=0 length=446 prot=1(PROT_READ) flags=1(MAP_SHARED) fd=9(<f>/etc/group) offset=0 
mmap res=7FBC0B551000 vm_size=383124 vm_rss=7640 vm_swap=0 
lseek fd=9(<f>/etc/group) offset=446 whence=0(SEEK_SET) 
lseek res=446 
fstat fd=9(<f>/etc/group) 
fstat res=0 
munmap addr=7FBC0B551000 length=446 
munmap res=0 vm_size=383120 vm_rss=9004 vm_swap=0 
close fd=9(<f>/etc/group) 
close res=0 
setgroups 
setgroups 
geteuid 
geteuid euid=0(root) 
setuid uid=33(www-data) 
setuid res=0 
getpid 
getpid 
rt_sigaction 
rt_sigaction 
rt_sigaction 
rt_sigaction 
rt_sigaction 
rt_sigaction 
rt_sigaction 
rt_sigaction 
rt_sigaction 
rt_sigaction 
rt_sigaction 
rt_sigaction 
rt_sigaction 
rt_sigaction 
rt_sigaction 
rt_sigaction 
rt_sigaction 
rt_sigaction 
rt_sigaction 
rt_sigaction 
rt_sigaction 
rt_sigaction 
rt_sigaction 
rt_sigaction 
rt_sigaction 
rt_sigaction 
rt_sigaction 
rt_sigaction 
rt_sigaction 
rt_sigaction 
rt_sigaction 
rt_sigaction 
rt_sigaction 
rt_sigaction 
rt_sigaction 
rt_sigaction 
rt_sigaction 
rt_sigaction 
rt_sigaction 
rt_sigaction 
rt_sigaction 
rt_sigaction 
rt_sigaction 
rt_sigaction 
rt_sigaction 
rt_sigaction 
rt_sigaction 
rt_sigaction 
rt_sigaction 
rt_sigaction 
rt_sigaction 
rt_sigaction 
rt_sigaction 
rt_sigaction 
rt_sigaction 
rt_sigaction 
rt_sigaction 
rt_sigaction 
rt_sigaction 
rt_sigaction 
rt_sigaction 
rt_sigaction 
rt_sigaction 
rt_sigaction 
rt_sigaction 
rt_sigaction 
rt_sigaction 
rt_sigaction 
rt_sigaction 
rt_sigaction 
rt_sigaction 
rt_sigaction 
rt_sigaction 
rt_sigaction 
rt_sigaction 
rt_sigaction 
rt_sigaction 
rt_sigaction 
rt_sigaction 
rt_sigaction 
rt_sigaction 
rt_sigaction 
rt_sigaction 
rt_sigaction 
rt_sigaction 
rt_sigaction 
rt_sigaction 
rt_sigaction 
rt_sigaction 
rt_sigaction 
rt_sigaction 
rt_sigaction 
rt_sigaction 
rt_sigaction 
rt_sigaction 
rt_sigaction 
rt_sigaction 
rt_sigaction 
rt_sigaction 
rt_sigaction 
rt_sigaction 
rt_sigaction 
rt_sigaction 
rt_sigaction 
rt_sigaction 
rt_sigaction 
rt_sigaction 
rt_sigaction 
rt_sigaction 
rt_sigaction 
rt_sigaction 
rt_sigaction 
rt_sigaction 
rt_sigaction 
rt_sigaction 
rt_sigaction 
rt_sigaction 
rt_sigaction 
rt_sigaction 
rt_sigaction 
rt_sigaction 
rt_sigaction 
rt_sigaction 
rt_sigaction 
mmap addr=0 length=8192 prot=3(PROT_READ|PROT_WRITE) flags=10(MAP_PRIVATE|MAP_ANONYMOUS) fd=-1(EPERM) offset=0 
mmap res=7FBC0B550000 vm_size=383128 vm_rss=9004 vm_swap=0 
getpid 
getpid 
epoll_create1 
epoll_create1 
epoll_ctl 
epoll_ctl 
mmap addr=0 length=8192 prot=3(PROT_READ|PROT_WRITE) flags=10(MAP_PRIVATE|MAP_ANONYMOUS) fd=-1(EPERM) offset=0 
mmap res=7FBC0B54E000 vm_size=383136 vm_rss=9004 vm_swap=0 
accept flags=0 
clone res=0 exe=apache2 args=-DFOREGROUND. tid=676946(apache2) pid=676946(apache2) ptid=675335(apache2) cwd= fdlimit=1048576 pgft_maj=0 pgft_min=1 vm_size=383104 vm_rss=7640 vm_swap=0 comm=apache2 cgroups=cpuset=/system.slice/docker-4d81cb26c66231747b04db742cd4f8fff01cc68354eaa9325... flags=562036736(CLONE_CHILD_CLEARTID|CLONE_CHILD_SETTID) uid=0 gid=0 vtid=81 vpid=81 
set_robust_list 
set_robust_list 
rt_sigaction 
rt_sigaction 
rt_sigaction 
rt_sigaction 
rt_sigaction 
rt_sigaction 
getpid 
getpid 
getpid 
getpid 
mmap addr=0 length=8192 prot=3(PROT_READ|PROT_WRITE) flags=10(MAP_PRIVATE|MAP_ANONYMOUS) fd=-1(EPERM) offset=0 
mmap res=7FBC0B554000 vm_size=383112 vm_rss=7640 vm_swap=0 
mmap addr=0 length=8192 prot=3(PROT_READ|PROT_WRITE) flags=10(MAP_PRIVATE|MAP_ANONYMOUS) fd=-1(EPERM) offset=0 
mmap res=7FBC0B552000 vm_size=383120 vm_rss=7640 vm_swap=0 
geteuid 
geteuid euid=0(root) 
setgid gid=33(www-data) 
setgid res=0 
open 
open fd=9(<f>/proc/sys/kernel/ngroups_max) name=/proc/sys/kernel/ngroups_max flags=1(O_RDONLY) mode=0 dev=61 
read fd=9(<f>/proc/sys/kernel/ngroups_max) size=31 
read res=6 data=65536. 
close fd=9(<f>/proc/sys/kernel/ngroups_max) 
close res=0 
open 
open fd=9(<f>/etc/group) name=/etc/group flags=4097(O_RDONLY|O_CLOEXEC) mode=0 dev=5F 
lseek fd=9(<f>/etc/group) offset=0 whence=1(SEEK_CUR) 
lseek res=0 
fstat fd=9(<f>/etc/group) 
fstat res=0 
mmap addr=0 length=446 prot=1(PROT_READ) flags=1(MAP_SHARED) fd=9(<f>/etc/group) offset=0 
mmap res=7FBC0B551000 vm_size=383124 vm_rss=7640 vm_swap=0 
lseek fd=9(<f>/etc/group) offset=446 whence=0(SEEK_SET) 
lseek res=446 
fstat fd=9(<f>/etc/group) 
fstat res=0 
munmap addr=7FBC0B551000 length=446 
munmap res=0 vm_size=383120 vm_rss=9004 vm_swap=0 
close fd=9(<f>/etc/group) 
close res=0 
setgroups 
setgroups 
geteuid 
geteuid euid=0(root) 
setuid uid=33(www-data) 
setuid res=0 
getpid 
getpid 
rt_sigaction 
rt_sigaction 
rt_sigaction 
rt_sigaction 
rt_sigaction 
rt_sigaction 
rt_sigaction 
rt_sigaction 
rt_sigaction 
rt_sigaction 
rt_sigaction 
rt_sigaction 
rt_sigaction 
rt_sigaction 
rt_sigaction 
rt_sigaction 
rt_sigaction 
rt_sigaction 
rt_sigaction 
rt_sigaction 
rt_sigaction 
rt_sigaction 
rt_sigaction 
rt_sigaction 
rt_sigaction 
rt_sigaction 
rt_sigaction 
rt_sigaction 
rt_sigaction 
rt_sigaction 
rt_sigaction 
rt_sigaction 
rt_sigaction 
rt_sigaction 
rt_sigaction 
rt_sigaction 
rt_sigaction 
rt_sigaction 
rt_sigaction 
rt_sigaction 
rt_sigaction 
rt_sigaction 
rt_sigaction 
rt_sigaction 
rt_sigaction 
rt_sigaction 
rt_sigaction 
rt_sigaction 
rt_sigaction 
rt_sigaction 
rt_sigaction 
rt_sigaction 
rt_sigaction 
rt_sigaction 
rt_sigaction 
rt_sigaction 
rt_sigaction 
rt_sigaction 
rt_sigaction 
rt_sigaction 
rt_sigaction 
rt_sigaction 
rt_sigaction 
rt_sigaction 
rt_sigaction 
rt_sigaction 
rt_sigaction 
rt_sigaction 
rt_sigaction 
rt_sigaction 
rt_sigaction 
rt_sigaction 
rt_sigaction 
rt_sigaction 
rt_sigaction 
rt_sigaction 
rt_sigaction 
rt_sigaction 
rt_sigaction 
rt_sigaction 
rt_sigaction 
rt_sigaction 
rt_sigaction 
rt_sigaction 
rt_sigaction 
rt_sigaction 
rt_sigaction 
rt_sigaction 
rt_sigaction 
rt_sigaction 
rt_sigaction 
rt_sigaction 
rt_sigaction 
rt_sigaction 
rt_sigaction 
rt_sigaction 
rt_sigaction 
rt_sigaction 
rt_sigaction 
rt_sigaction 
rt_sigaction 
rt_sigaction 
rt_sigaction 
rt_sigaction 
rt_sigaction 
rt_sigaction 
rt_sigaction 
rt_sigaction 
rt_sigaction 
rt_sigaction 
rt_sigaction 
rt_sigaction 
rt_sigaction 
rt_sigaction 
rt_sigaction 
rt_sigaction 
rt_sigaction 
rt_sigaction 
rt_sigaction 
rt_sigaction 
rt_sigaction 
rt_sigaction 
rt_sigaction 
rt_sigaction 
mmap addr=0 length=8192 prot=3(PROT_READ|PROT_WRITE) flags=10(MAP_PRIVATE|MAP_ANONYMOUS) fd=-1(EPERM) offset=0 
mmap res=7FBC0B550000 vm_size=383128 vm_rss=9004 vm_swap=0 
getpid 
getpid 
epoll_create1 
epoll_create1 
epoll_ctl 
epoll_ctl 
mmap addr=0 length=8192 prot=3(PROT_READ|PROT_WRITE) flags=10(MAP_PRIVATE|MAP_ANONYMOUS) fd=-1(EPERM) offset=0 
mmap res=7FBC0B54E000 vm_size=383136 vm_rss=9004 vm_swap=0 
accept flags=0 
accept fd=10(<4t>127.0.0.1:54868->127.0.0.1:80) tuple=127.0.0.1:54868->127.0.0.1:80 queuepct=0 queuelen=0 queuemax=511 
getsockname 
getsockname 
fcntl fd=10(<4t>127.0.0.1:54868->127.0.0.1:80) cmd=4(F_GETFL) 
fcntl res=2(<p>pipe:[1750735]) 
fcntl fd=10(<4t>127.0.0.1:54868->127.0.0.1:80) cmd=5(F_SETFL) 
fcntl res=0(<f>/dev/null) 
mmap addr=0 length=8192 prot=3(PROT_READ|PROT_WRITE) flags=10(MAP_PRIVATE|MAP_ANONYMOUS) fd=-1(EPERM) offset=0 
mmap res=7FBC0B54C000 vm_size=383144 vm_rss=9004 vm_swap=0 
mmap addr=0 length=8192 prot=3(PROT_READ|PROT_WRITE) flags=10(MAP_PRIVATE|MAP_ANONYMOUS) fd=-1(EPERM) offset=0 
mmap res=7FBC0B54A000 vm_size=383152 vm_rss=9004 vm_swap=0 
read fd=10(<4t>127.0.0.1:54868->127.0.0.1:80) size=8000 
read res=96 data=OPTIONS * HTTP/1.0..User-Agent: Apache/2.4.25 (Debian) PHP/7.2.1 (internal dummy 
mmap addr=0 length=8192 prot=3(PROT_READ|PROT_WRITE) flags=10(MAP_PRIVATE|MAP_ANONYMOUS) fd=-1(EPERM) offset=0 
mmap res=7FBC0B548000 vm_size=383160 vm_rss=9004 vm_swap=0 
mmap addr=0 length=8192 prot=3(PROT_READ|PROT_WRITE) flags=10(MAP_PRIVATE|MAP_ANONYMOUS) fd=-1(EPERM) offset=0 
mmap res=7FBC0B546000 vm_size=383168 vm_rss=9004 vm_swap=0 
writev fd=10(<4t>127.0.0.1:54868->127.0.0.1:80) size=126 
writev res=126 data=HTTP/1.1 200 OK..Date: Wed, 09 Aug 2023 21:58:43 GMT..Server: Apache/2.4.25 (Deb 
write fd=7(<p>pipe:[1750734]) size=139 
write res=139 data=127.0.0.1 - - [09/Aug/2023:21:58:43 +0000] "OPTIONS * HTTP/1.0" 200 126 "-" "Apa 
times 
times 
shutdown fd=10(<4t>127.0.0.1:54868->127.0.0.1:80) how=1(SHUT_WR) 
shutdown res=-107(ENOTCONN) 
close fd=10(<4t>127.0.0.1:54868->127.0.0.1:80) 
close res=0 
read fd=4(<p>pipe:[1751003]) size=1 
read res=1 data=! 
close fd=9 
close res=0 
munmap addr=7FBBF425F000 length=134217728 
munmap res=0 vm_size=252096 vm_rss=11096 vm_swap=0 
close fd=8(<f>/tmp/.ZendSem.OmJEQz (deleted)) 
close res=0 
munmap addr=7FBBFC25F000 length=2243784 
munmap res=0 vm_size=249904 vm_rss=11208 vm_swap=0 
munmap addr=7FBBFC921000 length=2517856 
munmap res=0 vm_size=247444 vm_rss=11228 vm_swap=0 
munmap addr=7FBBFC6EE000 length=2301968 
munmap res=0 vm_size=245192 vm_rss=11200 vm_swap=0 
munmap addr=7FBBFC483000 length=2531352 
munmap res=0 vm_size=242716 vm_rss=11172 vm_swap=0 
munmap addr=7FBBFCB88000 length=2584984 
munmap res=0 vm_size=240188 vm_rss=12892 vm_swap=0 
munmap addr=7FBC0B4FC000 length=299008 
munmap res=0 vm_size=239896 vm_rss=12704 vm_swap=0 
munmap addr=7FBBFCE00000 length=2097152 
munmap res=0 vm_size=237848 vm_rss=10656 vm_swap=0 
munmap addr=7FBC0B56A000 length=323584 
munmap res=0 vm_size=237532 vm_rss=10652 vm_swap=0 
munmap addr=7FBC0B554000 length=8192 
munmap res=0 vm_size=237524 vm_rss=10648 vm_swap=0 
munmap addr=7FBC0B54E000 length=8192 
munmap res=0 vm_size=237516 vm_rss=10644 vm_swap=0 
munmap addr=7FBC0B552000 length=8192 
munmap res=0 vm_size=237508 vm_rss=10640 vm_swap=0 
munmap addr=7FBC0B550000 length=8192 
munmap res=0 vm_size=237500 vm_rss=10636 vm_swap=0 
munmap addr=7FBC0B54A000 length=8192 
munmap res=0 vm_size=237492 vm_rss=10632 vm_swap=0 
munmap addr=7FBC0B546000 length=8192 
munmap res=0 vm_size=237484 vm_rss=10628 vm_swap=0 
munmap addr=7FBC0B54C000 length=8192 
munmap res=0 vm_size=237476 vm_rss=10620 vm_swap=0 
munmap addr=7FBC0B548000 length=8192 
munmap res=0 vm_size=237468 vm_rss=10616 vm_swap=0 
close fd=5(<p>pipe:[1751003]) 
close res=0 
close fd=4(<p>pipe:[1751003]) 
close res=0 
futex addr=7FBC052E78EC op=129(FUTEX_PRIVATE_FLAG|FUTEX_WAKE) val=2147483647 
futex res=0 
exit_group 
accept fd=10(<4t>127.0.0.1:54882->127.0.0.1:80) tuple=127.0.0.1:54882->127.0.0.1:80 queuepct=0 queuelen=0 queuemax=511 
getsockname 
getsockname 
fcntl fd=10(<4t>127.0.0.1:54882->127.0.0.1:80) cmd=4(F_GETFL) 
fcntl res=2(<p>pipe:[1750735]) 
fcntl fd=10(<4t>127.0.0.1:54882->127.0.0.1:80) cmd=5(F_SETFL) 
fcntl res=0(<f>/dev/null) 
mmap addr=0 length=8192 prot=3(PROT_READ|PROT_WRITE) flags=10(MAP_PRIVATE|MAP_ANONYMOUS) fd=-1(EPERM) offset=0 
mmap res=7FBC0B54C000 vm_size=383144 vm_rss=9004 vm_swap=0 
mmap addr=0 length=8192 prot=3(PROT_READ|PROT_WRITE) flags=10(MAP_PRIVATE|MAP_ANONYMOUS) fd=-1(EPERM) offset=0 
mmap res=7FBC0B54A000 vm_size=383152 vm_rss=9004 vm_swap=0 
read fd=10(<4t>127.0.0.1:54882->127.0.0.1:80) size=8000 
read res=96 data=OPTIONS * HTTP/1.0..User-Agent: Apache/2.4.25 (Debian) PHP/7.2.1 (internal dummy 
mmap addr=0 length=8192 prot=3(PROT_READ|PROT_WRITE) flags=10(MAP_PRIVATE|MAP_ANONYMOUS) fd=-1(EPERM) offset=0 
mmap res=7FBC0B548000 vm_size=383160 vm_rss=9004 vm_swap=0 
mmap addr=0 length=8192 prot=3(PROT_READ|PROT_WRITE) flags=10(MAP_PRIVATE|MAP_ANONYMOUS) fd=-1(EPERM) offset=0 
mmap res=7FBC0B546000 vm_size=383168 vm_rss=9004 vm_swap=0 
writev fd=10(<4t>127.0.0.1:54882->127.0.0.1:80) size=126 
writev res=126 data=HTTP/1.1 200 OK..Date: Wed, 09 Aug 2023 21:58:44 GMT..Server: Apache/2.4.25 (Deb 
write fd=7(<p>pipe:[1750734]) size=139 
write res=139 data=127.0.0.1 - - [09/Aug/2023:21:58:44 +0000] "OPTIONS * HTTP/1.0" 200 126 "-" "Apa 
times 
times 
shutdown fd=10(<4t>127.0.0.1:54882->127.0.0.1:80) how=1(SHUT_WR) 
shutdown res=-107(ENOTCONN) 
close fd=10(<4t>127.0.0.1:54882->127.0.0.1:80) 
close res=0 
read fd=4(<p>pipe:[1751003]) size=1 
read res=1 data=! 
close fd=9 
close res=0 
munmap addr=7FBBF425F000 length=134217728 
munmap res=0 vm_size=252096 vm_rss=11104 vm_swap=0 
close fd=8(<f>/tmp/.ZendSem.OmJEQz (deleted)) 
close res=0 
munmap addr=7FBBFC25F000 length=2243784 
munmap res=0 vm_size=249904 vm_rss=11216 vm_swap=0 
munmap addr=7FBBFC921000 length=2517856 
munmap res=0 vm_size=247444 vm_rss=11236 vm_swap=0 
munmap addr=7FBBFC6EE000 length=2301968 
munmap res=0 vm_size=245192 vm_rss=11208 vm_swap=0 
munmap addr=7FBBFC483000 length=2531352 
munmap res=0 vm_size=242716 vm_rss=11180 vm_swap=0 
munmap addr=7FBBFCB88000 length=2584984 
munmap res=0 vm_size=240188 vm_rss=12900 vm_swap=0 
munmap addr=7FBC0B4FC000 length=299008 
munmap res=0 vm_size=239896 vm_rss=12712 vm_swap=0 
munmap addr=7FBBFCE00000 length=2097152 
munmap res=0 vm_size=237848 vm_rss=10664 vm_swap=0 
munmap addr=7FBC0B56A000 length=323584 
munmap res=0 vm_size=237532 vm_rss=10660 vm_swap=0 
munmap addr=7FBC0B554000 length=8192 
munmap res=0 vm_size=237524 vm_rss=10656 vm_swap=0 
munmap addr=7FBC0B54E000 length=8192 
munmap res=0 vm_size=237516 vm_rss=10652 vm_swap=0 
munmap addr=7FBC0B552000 length=8192 
munmap res=0 vm_size=237508 vm_rss=10648 vm_swap=0 
munmap addr=7FBC0B550000 length=8192 
munmap res=0 vm_size=237500 vm_rss=10644 vm_swap=0 
munmap addr=7FBC0B54A000 length=8192 
munmap res=0 vm_size=237492 vm_rss=10640 vm_swap=0 
munmap addr=7FBC0B546000 length=8192 
munmap res=0 vm_size=237484 vm_rss=10636 vm_swap=0 
munmap addr=7FBC0B54C000 length=8192 
munmap res=0 vm_size=237476 vm_rss=10628 vm_swap=0 
munmap addr=7FBC0B548000 length=8192 
munmap res=0 vm_size=237468 vm_rss=10624 vm_swap=0 
close fd=5(<p>pipe:[1751003]) 
close res=0 
close fd=4(<p>pipe:[1751003]) 
close res=0 
futex addr=7FBC052E78EC op=129(FUTEX_PRIVATE_FLAG|FUTEX_WAKE) val=2147483647 
futex res=0 
exit_group 
accept fd=10(<4t>127.0.0.1:54898->127.0.0.1:80) tuple=127.0.0.1:54898->127.0.0.1:80 queuepct=0 queuelen=0 queuemax=511 
getsockname 
getsockname 
fcntl fd=10(<4t>127.0.0.1:54898->127.0.0.1:80) cmd=4(F_GETFL) 
fcntl res=2(<p>pipe:[1750735]) 
fcntl fd=10(<4t>127.0.0.1:54898->127.0.0.1:80) cmd=5(F_SETFL) 
fcntl res=0(<f>/dev/null) 
mmap addr=0 length=8192 prot=3(PROT_READ|PROT_WRITE) flags=10(MAP_PRIVATE|MAP_ANONYMOUS) fd=-1(EPERM) offset=0 
mmap res=7FBC0B54C000 vm_size=383144 vm_rss=9004 vm_swap=0 
mmap addr=0 length=8192 prot=3(PROT_READ|PROT_WRITE) flags=10(MAP_PRIVATE|MAP_ANONYMOUS) fd=-1(EPERM) offset=0 
mmap res=7FBC0B54A000 vm_size=383152 vm_rss=9004 vm_swap=0 
read fd=10(<4t>127.0.0.1:54898->127.0.0.1:80) size=8000 
read res=96 data=OPTIONS * HTTP/1.0..User-Agent: Apache/2.4.25 (Debian) PHP/7.2.1 (internal dummy 
mmap addr=0 length=8192 prot=3(PROT_READ|PROT_WRITE) flags=10(MAP_PRIVATE|MAP_ANONYMOUS) fd=-1(EPERM) offset=0 
mmap res=7FBC0B548000 vm_size=383160 vm_rss=9004 vm_swap=0 
mmap addr=0 length=8192 prot=3(PROT_READ|PROT_WRITE) flags=10(MAP_PRIVATE|MAP_ANONYMOUS) fd=-1(EPERM) offset=0 
mmap res=7FBC0B546000 vm_size=383168 vm_rss=9004 vm_swap=0 
writev fd=10(<4t>127.0.0.1:54898->127.0.0.1:80) size=126 
writev res=126 data=HTTP/1.1 200 OK..Date: Wed, 09 Aug 2023 21:58:45 GMT..Server: Apache/2.4.25 (Deb 
write fd=7(<p>pipe:[1750734]) size=139 
write res=139 data=127.0.0.1 - - [09/Aug/2023:21:58:45 +0000] "OPTIONS * HTTP/1.0" 200 126 "-" "Apa 
times 
times 
shutdown fd=10(<4t>127.0.0.1:54898->127.0.0.1:80) how=1(SHUT_WR) 
shutdown res=-107(ENOTCONN) 
close fd=10(<4t>127.0.0.1:54898->127.0.0.1:80) 
close res=0 
read fd=4(<p>pipe:[1751003]) size=1 
read res=1 data=! 
close fd=9 
close res=0 
munmap addr=7FBBF425F000 length=134217728 
munmap res=0 vm_size=252096 vm_rss=11104 vm_swap=0 
close fd=8(<f>/tmp/.ZendSem.OmJEQz (deleted)) 
close res=0 
munmap addr=7FBBFC25F000 length=2243784 
munmap res=0 vm_size=249904 vm_rss=11216 vm_swap=0 
munmap addr=7FBBFC921000 length=2517856 
munmap res=0 vm_size=247444 vm_rss=11236 vm_swap=0 
munmap addr=7FBBFC6EE000 length=2301968 
munmap res=0 vm_size=245192 vm_rss=11208 vm_swap=0 
munmap addr=7FBBFC483000 length=2531352 
munmap res=0 vm_size=242716 vm_rss=11180 vm_swap=0 
munmap addr=7FBBFCB88000 length=2584984 
munmap res=0 vm_size=240188 vm_rss=12900 vm_swap=0 
munmap addr=7FBC0B4FC000 length=299008 
munmap res=0 vm_size=239896 vm_rss=12712 vm_swap=0 
munmap addr=7FBBFCE00000 length=2097152 
munmap res=0 vm_size=237848 vm_rss=10664 vm_swap=0 
munmap addr=7FBC0B56A000 length=323584 
munmap res=0 vm_size=237532 vm_rss=10660 vm_swap=0 
munmap addr=7FBC0B554000 length=8192 
munmap res=0 vm_size=237524 vm_rss=10656 vm_swap=0 
munmap addr=7FBC0B54E000 length=8192 
munmap res=0 vm_size=237516 vm_rss=10652 vm_swap=0 
munmap addr=7FBC0B552000 length=8192 
munmap res=0 vm_size=237508 vm_rss=10648 vm_swap=0 
munmap addr=7FBC0B550000 length=8192 
munmap res=0 vm_size=237500 vm_rss=10644 vm_swap=0 
munmap addr=7FBC0B54A000 length=8192 
munmap res=0 vm_size=237492 vm_rss=10640 vm_swap=0 
munmap addr=7FBC0B546000 length=8192 
munmap res=0 vm_size=237484 vm_rss=10636 vm_swap=0 
munmap addr=7FBC0B54C000 length=8192 
munmap res=0 vm_size=237476 vm_rss=10628 vm_swap=0 
munmap addr=7FBC0B548000 length=8192 
munmap res=0 vm_size=237468 vm_rss=10624 vm_swap=0 
close fd=5(<p>pipe:[1751003]) 
close res=0 
close fd=4(<p>pipe:[1751003]) 
close res=0 
futex addr=7FBC052E78EC op=129(FUTEX_PRIVATE_FLAG|FUTEX_WAKE) val=2147483647 
futex res=0 
exit_group 
accept fd=10(<4t>172.18.0.1:38914->172.18.0.3:80) tuple=172.18.0.1:38914->172.18.0.3:80 queuepct=0 queuelen=0 queuemax=511 
getsockname 
getsockname 
fcntl fd=10(<4t>172.18.0.1:38914->172.18.0.3:80) cmd=4(F_GETFL) 
fcntl res=2(<p>pipe:[1750735]) 
fcntl fd=10(<4t>172.18.0.1:38914->172.18.0.3:80) cmd=5(F_SETFL) 
fcntl res=0(<f>/dev/null) 
mmap addr=0 length=8192 prot=3(PROT_READ|PROT_WRITE) flags=10(MAP_PRIVATE|MAP_ANONYMOUS) fd=-1(EPERM) offset=0 
mmap res=7FBC0B54C000 vm_size=383144 vm_rss=9004 vm_swap=0 
mmap addr=0 length=8192 prot=3(PROT_READ|PROT_WRITE) flags=10(MAP_PRIVATE|MAP_ANONYMOUS) fd=-1(EPERM) offset=0 
mmap res=7FBC0B54A000 vm_size=383152 vm_rss=9004 vm_swap=0 
read fd=10(<4t>172.18.0.1:38914->172.18.0.3:80) size=8000 
read res=1096 data=GET /wp-content/plugins/mail-masta/inc/campaign/count_of_send.php?pl=/etc/passwd 
stat 
stat res=0 path=/var/www/html/wp-content/plugins/mail-masta/inc/campaign/count_of_send.php 
mmap addr=0 length=8192 prot=3(PROT_READ|PROT_WRITE) flags=10(MAP_PRIVATE|MAP_ANONYMOUS) fd=-1(EPERM) offset=0 
mmap res=7FBC0B548000 vm_size=383160 vm_rss=9004 vm_swap=0 
open 
open fd=-2(ENOENT) name=/var/www/.htaccess flags=4097(O_RDONLY|O_CLOEXEC) mode=0 dev=0 
open 
open fd=11(<f>/var/www/html/.htaccess) name=/var/www/html/.htaccess flags=4097(O_RDONLY|O_CLOEXEC) mode=0 dev=34 
fstat fd=11(<f>/var/www/html/.htaccess) 
fstat res=0 
read fd=11(<f>/var/www/html/.htaccess) size=4096 
read res=234 data=# BEGIN WordPress.<IfModule mod_rewrite.c>.RewriteEngine On.RewriteBase /.Rewrit 
read fd=11(<f>/var/www/html/.htaccess) size=4096 
read res=0 data= 
close fd=11(<f>/var/www/html/.htaccess) 
close res=0 
mmap addr=0 length=8192 prot=3(PROT_READ|PROT_WRITE) flags=10(MAP_PRIVATE|MAP_ANONYMOUS) fd=-1(EPERM) offset=0 
mmap res=7FBC0B546000 vm_size=383168 vm_rss=9004 vm_swap=0 
open 
open fd=-2(ENOENT) name=/var/www/html/wp-content/.htaccess flags=4097(O_RDONLY|O_CLOEXEC) mode=0 dev=0 
open 
open fd=-2(ENOENT) name=/var/www/html/wp-content/plugins/.htaccess flags=4097(O_RDONLY|O_CLOEXEC) mode=0 dev=0 
open 
open fd=-2(ENOENT) name=/var/www/html/wp-content/plugins/mail-masta/.htaccess flags=4097(O_RDONLY|O_CLOEXEC) mode=0 dev=0 
open 
open fd=-2(ENOENT) name=/var/www/html/wp-content/plugins/mail-masta/inc/.htaccess flags=4097(O_RDONLY|O_CLOEXEC) mode=0 dev=0 
open 
open fd=-2(ENOENT) name=/var/www/html/wp-content/plugins/mail-masta/inc/campaign/.htaccess flags=4097(O_RDONLY|O_CLOEXEC) mode=0 dev=0 
open 
open fd=-20(ENOTDIR) name=/var/www/html/wp-content/plugins/mail-masta/inc/campaign/count_of_send.php/.htaccess flags=4097(O_RDONLY|O_CLOEXEC) mode=0 dev=0 
stat 
stat res=0 path=/var/www/html/wp-content/plugins/mail-masta/inc/campaign/count_of_send.php 
brk addr=55F5F25A9000 
brk res=55F5F25A9000 vm_size=383328 vm_rss=10280 vm_swap=0 
brk addr=55F5F25CA000 
brk res=55F5F25CA000 vm_size=383460 vm_rss=11492 vm_swap=0 
rt_sigaction 
rt_sigaction 
rt_sigaction 
rt_sigaction 
rt_sigaction 
rt_sigaction 
rt_sigaction 
rt_sigaction 
rt_sigaction 
rt_sigaction 
rt_sigaction 
rt_sigaction 
rt_sigaction 
rt_sigaction 
rt_sigaction 
rt_sigaction 
rt_sigaction 
rt_sigaction 
rt_sigaction 
rt_sigaction 
rt_sigaction 
rt_sigaction 
rt_sigaction 
rt_sigaction 
rt_sigaction 
rt_sigaction 
rt_sigaction 
rt_sigaction 
setitimer 
setitimer 
rt_sigaction 
rt_sigaction 
rt_sigprocmask 
rt_sigprocmask 
mmap addr=0 length=65536 prot=3(PROT_READ|PROT_WRITE) flags=10(MAP_PRIVATE|MAP_ANONYMOUS) fd=-1(EPERM) offset=0 
mmap res=7FBC0B4EC000 vm_size=383524 vm_rss=12280 vm_swap=0 
getcwd 
getcwd res=14 path=/var/www/html 
chdir 
chdir res=0 path=/var/www/html/wp-content/plugins/mail-masta/inc/campaign 
lstat 
lstat res=0 path=/var/www/html/wp-content/plugins/mail-masta/inc/campaign/count_of_send.php 
lstat 
lstat res=0 path=/var/www/html/wp-content/plugins/mail-masta/inc/campaign 
lstat 
lstat res=0 path=/var/www/html/wp-content/plugins/mail-masta/inc 
lstat 
lstat res=0 path=/var/www/html/wp-content/plugins/mail-masta 
lstat 
lstat res=0 path=/var/www/html/wp-content/plugins 
lstat 
lstat res=0 path=/var/www/html/wp-content 
lstat 
lstat res=0 path=/var/www/html 
lstat 
lstat res=0 path=/var/www 
lstat 
lstat res=0 path=/var 
open 
open fd=11(<f>/var/www/html/wp-content/plugins/mail-masta/inc/campaign/count_of_send.php) name=/var/www/html/wp-content/plugins/mail-masta/inc/campaign/count_of_send.php flags=1(O_RDONLY) mode=0 dev=34 
fstat fd=11(<f>/var/www/html/wp-content/plugins/mail-masta/inc/campaign/count_of_send.php) 
fstat res=0 
fstat fd=11(<f>/var/www/html/wp-content/plugins/mail-masta/inc/campaign/count_of_send.php) 
fstat res=0 
fstat fd=11(<f>/var/www/html/wp-content/plugins/mail-masta/inc/campaign/count_of_send.php) 
fstat res=0 
mmap addr=0 length=294 prot=1(PROT_READ) flags=1(MAP_SHARED) fd=11(<f>/var/www/html/wp-content/plugins/mail-masta/inc/campaign/count_of_send.php) offset=0 
mmap res=7FBC0B545000 vm_size=383528 vm_rss=12280 vm_swap=0 
fcntl fd=8(<f>/tmp/.ZendSem.OmJEQz (deleted)) cmd=8(F_SETLK) 
fcntl res=0(<f>/dev/null) 
stat 
stat res=0 path=/var/www/html/wp-content/plugins/mail-masta/inc/campaign/count_of_send.php 
fcntl fd=8(<f>/tmp/.ZendSem.OmJEQz (deleted)) cmd=9(F_SETLKW) 
fcntl res=0(<f>/dev/null) 
fcntl fd=8(<f>/tmp/.ZendSem.OmJEQz (deleted)) cmd=8(F_SETLK) 
fcntl res=0(<f>/dev/null) 
munmap addr=7FBC0B545000 length=294 
munmap res=0 vm_size=383524 vm_rss=13792 vm_swap=0 
close fd=11(<f>/var/www/html/wp-content/plugins/mail-masta/inc/campaign/count_of_send.php) 
close res=0 
lstat 
lstat res=0 path=/etc/passwd 
lstat 
lstat res=0 path=/etc 
open 
open fd=11(<f>/etc/passwd) name=/etc/passwd flags=1(O_RDONLY) mode=0 dev=5F 
fstat fd=11(<f>/etc/passwd) 
fstat res=0 
fstat fd=11(<f>/etc/passwd) 
fstat res=0 
fstat fd=11(<f>/etc/passwd) 
fstat res=0 
mmap addr=0 length=919 prot=1(PROT_READ) flags=1(MAP_SHARED) fd=11(<f>/etc/passwd) offset=0 
mmap res=7FBC0B545000 vm_size=383528 vm_rss=13792 vm_swap=0 
stat 
stat res=0 path=/etc/passwd 
fcntl fd=8(<f>/tmp/.ZendSem.OmJEQz (deleted)) cmd=9(F_SETLKW) 
fcntl res=0(<f>/dev/null) 
fcntl fd=8(<f>/tmp/.ZendSem.OmJEQz (deleted)) cmd=8(F_SETLK) 
fcntl res=0(<f>/dev/null) 
munmap addr=7FBC0B545000 length=919 
munmap res=0 vm_size=383524 vm_rss=14108 vm_swap=0 
close fd=11(<f>/etc/passwd) 
close res=0 
mmap addr=0 length=8192 prot=3(PROT_READ|PROT_WRITE) flags=10(MAP_PRIVATE|MAP_ANONYMOUS) fd=-1(EPERM) offset=0 
mmap res=7FBC0B4EA000 vm_size=383532 vm_rss=14108 vm_swap=0 
chdir 
chdir res=0 path=/var/www/html 
setitimer 
setitimer 
fcntl fd=8(<f>/tmp/.ZendSem.OmJEQz (deleted)) cmd=8(F_SETLK) 
fcntl res=0(<f>/dev/null) 
setitimer 
setitimer 
mmap addr=0 length=8192 prot=3(PROT_READ|PROT_WRITE) flags=10(MAP_PRIVATE|MAP_ANONYMOUS) fd=-1(EPERM) offset=0 
mmap res=7FBC0B4E8000 vm_size=383540 vm_rss=14108 vm_swap=0 
brk addr=55F5F25F3000 
brk res=55F5F25F3000 vm_size=383704 vm_rss=14108 vm_swap=0 
brk addr=55F5F2633000 
brk res=55F5F2633000 vm_size=383960 vm_rss=14108 vm_swap=0 
brk addr=55F5F25F3000 
brk res=55F5F25F3000 vm_size=383704 vm_rss=14532 vm_swap=0 
mmap addr=0 length=8192 prot=3(PROT_READ|PROT_WRITE) flags=10(MAP_PRIVATE|MAP_ANONYMOUS) fd=-1(EPERM) offset=0 
mmap res=7FBC0B4E6000 vm_size=383712 vm_rss=14532 vm_swap=0 
mmap addr=0 length=8192 prot=3(PROT_READ|PROT_WRITE) flags=10(MAP_PRIVATE|MAP_ANONYMOUS) fd=-1(EPERM) offset=0 
mmap res=7FBC0B4E4000 vm_size=383720 vm_rss=14532 vm_swap=0 
read fd=10(<4t>172.18.0.1:38914->172.18.0.3:80) size=8000 
read res=-11(EAGAIN) data= 
writev fd=10(<4t>172.18.0.1:38914->172.18.0.3:80) size=818 
writev res=818 data=HTTP/1.1 200 OK..Date: Wed, 09 Aug 2023 21:58:50 GMT..Server: Apache/2.4.25 (Deb 
write fd=7(<p>pipe:[1750734]) size=219 
write res=219 data=172.18.0.1 - - [09/Aug/2023:21:58:50 +0000] "GET /wp-content/plugins/mail-masta/ 
times 
times 
poll fds=10:41 timeout=5000 
poll res=1 fds=10:41 
read fd=10(<4t>172.18.0.1:38914->172.18.0.3:80) size=8000 
read res=860 data=GET /favicon.ico HTTP/1.1..Host: localhost:9000..User-Agent: Mozilla/5.0 (Window 
stat 
stat res=-2(ENOENT) path=/var/www/html/favicon.ico 
lstat 
lstat res=0 path=/var 
lstat 
lstat res=0 path=/var/www 
open 
open fd=-2(ENOENT) name=/var/www/.htaccess flags=4097(O_RDONLY|O_CLOEXEC) mode=0 dev=0 
lstat 
lstat res=0 path=/var/www/html 
open 
open fd=11(<f>/var/www/html/.htaccess) name=/var/www/html/.htaccess flags=4097(O_RDONLY|O_CLOEXEC) mode=0 dev=34 
fstat fd=11(<f>/var/www/html/.htaccess) 
fstat res=0 
read fd=11(<f>/var/www/html/.htaccess) size=4096 
read res=234 data=# BEGIN WordPress.<IfModule mod_rewrite.c>.RewriteEngine On.RewriteBase /.Rewrit 
read fd=11(<f>/var/www/html/.htaccess) size=4096 
read res=0 data= 
close fd=11(<f>/var/www/html/.htaccess) 
close res=0 
lstat 
lstat res=-2(ENOENT) path=/var/www/html/favicon.ico 
stat 
stat res=-2(ENOENT) path=/var/www/html/favicon.ico 
stat 
stat res=-2(ENOENT) path=/var/www/html/favicon.ico 
stat 
stat res=0 path=/var/www/html/index.php 
rt_sigaction 
rt_sigaction 
rt_sigaction 
rt_sigaction 
rt_sigaction 
rt_sigaction 
rt_sigaction 
rt_sigaction 
rt_sigaction 
rt_sigaction 
rt_sigaction 
rt_sigaction 
rt_sigaction 
rt_sigaction 
setitimer 
setitimer 
rt_sigaction 
rt_sigaction 
rt_sigprocmask 
rt_sigprocmask 
getcwd 
getcwd res=14 path=/var/www/html 
chdir 
chdir res=0 path=/var/www/html 
fcntl fd=8(<f>/tmp/.ZendSem.OmJEQz (deleted)) cmd=8(F_SETLK) 
fcntl res=0(<f>/dev/null) 
lstat 
lstat res=0 path=/var/www/html/index.php 
stat 
stat res=0 path=/var/www/html/index.php 
lstat 
lstat res=0 path=/var/www/html/wp-blog-header.php 
stat 
stat res=0 path=/var/www/html/wp-blog-header.php 
stat 
stat res=0 path=/var/www/html/wp-load.php 
access mode=0(F_OK) 
access res=0 name=/var/www/html/wp-config.php 
stat 
stat res=0 path=/var/www/html/wp-config.php 
stat 
stat res=0 path=/var/www/html/wp-settings.php 
lstat 
lstat res=0 path=/var/www/html/wp-includes/load.php 
lstat 
lstat res=0 path=/var/www/html/wp-includes 
stat 
stat res=0 path=/var/www/html/wp-includes/load.php 
lstat 
lstat res=0 path=/var/www/html/wp-includes/default-constants.php 
stat 
stat res=0 path=/var/www/html/wp-includes/default-constants.php 
stat 
stat res=0 path=/var/www/html/wp-includes/plugin.php 
lstat 
lstat res=0 path=/var/www/html/wp-includes/class-wp-hook.php 
stat 
stat res=0 path=/var/www/html/wp-includes/class-wp-hook.php 
lstat 
lstat res=0 path=/var/www/html/wp-includes/version.php 
stat 
stat res=0 path=/var/www/html/wp-includes/version.php 
mmap addr=0 length=65536 prot=7(PROT_READ|PROT_WRITE|PROT_EXEC) flags=10(MAP_PRIVATE|MAP_ANONYMOUS) fd=-1(EPERM) offset=0 
mmap res=7FBC0B4D4000 vm_size=383784 vm_rss=15216 vm_swap=0 
chdir 
chdir res=0 path=/var/www/html 
setitimer 
setitimer 
fcntl fd=8(<f>/tmp/.ZendSem.OmJEQz (deleted)) cmd=8(F_SETLK) 
fcntl res=0(<f>/dev/null) 
setitimer 
setitimer 
read fd=10(<4t>172.18.0.1:38914->172.18.0.3:80) size=8000 
read res=-11(EAGAIN) data= 
writev fd=10(<4t>172.18.0.1:38914->172.18.0.3:80) size=227 
writev res=227 data=HTTP/1.1 200 OK..Date: Wed, 09 Aug 2023 21:58:50 GMT..Server: Apache/2.4.25 (Deb 
write fd=7(<p>pipe:[1750734]) size=251 
write res=251 data=172.18.0.1 - - [09/Aug/2023:21:58:50 +0000] "GET /favicon.ico HTTP/1.1" 200 227  
times 
times 
poll fds=10:41 timeout=5000 
poll res=0 fds= 
shutdown fd=10(<4t>172.18.0.1:38914->172.18.0.3:80) how=1(SHUT_WR) 
shutdown res=0 
poll fds=10:41 timeout=2000 
poll res=1 fds=10:421 
read fd=10(<4t>172.18.0.1:38914->172.18.0.3:80) size=512 
read res=0 data= 
close fd=10(<4t>172.18.0.1:38914->172.18.0.3:80) 
close res=0 
read fd=4(<p>pipe:[1751003]) size=1 
read res=-11(EAGAIN) data= 
accept flags=0 
accept fd=-512(ERESTARTSYS) tuple=NULL queuepct=0 queuelen=0 queuemax=511 
close fd=9 
close res=0 
accept fd=-512(ERESTARTSYS) tuple=NULL queuepct=0 queuelen=0 queuemax=511 
close fd=9 
close res=0 
accept fd=-512(ERESTARTSYS) tuple=NULL queuepct=0 queuelen=0 queuemax=511 
close fd=9 
close res=0 
accept fd=-512(ERESTARTSYS) tuple=NULL queuepct=0 queuelen=0 queuemax=511 
close fd=9 
close res=0 
munmap addr=7FBBF425F000 length=134217728 
munmap res=0 vm_size=252064 vm_rss=10904 vm_swap=0 
close fd=8(<f>/tmp/.ZendSem.OmJEQz (deleted)) 
close res=0 
munmap addr=7FBBF425F000 length=134217728 
munmap addr=7FBBFC25F000 length=2243784 
munmap res=0 vm_size=252064 vm_rss=10904 vm_swap=0 
close fd=8(<f>/tmp/.ZendSem.OmJEQz (deleted)) 
close res=0 
munmap res=0 vm_size=249872 vm_rss=11016 vm_swap=0 
munmap addr=7FBBFC921000 length=2517856 
munmap res=0 vm_size=247412 vm_rss=11036 vm_swap=0 
munmap addr=7FBBFC6EE000 length=2301968 
munmap res=0 vm_size=245160 vm_rss=11008 vm_swap=0 
munmap addr=7FBBFC483000 length=2531352 
munmap res=0 vm_size=242684 vm_rss=10980 vm_swap=0 
munmap addr=7FBBFC25F000 length=2243784 
munmap res=0 vm_size=249872 vm_rss=11016 vm_swap=0 
munmap addr=7FBBFC921000 length=2517856 
munmap res=0 vm_size=247412 vm_rss=11036 vm_swap=0 
munmap addr=7FBBFC6EE000 length=2301968 
munmap res=0 vm_size=245160 vm_rss=11008 vm_swap=0 
munmap addr=7FBBFC483000 length=2531352 
munmap res=0 vm_size=242684 vm_rss=10980 vm_swap=0 
munmap addr=7FBBF425F000 length=134217728 
munmap res=0 vm_size=252712 vm_rss=13984 vm_swap=0 
close fd=8(<f>/tmp/.ZendSem.OmJEQz (deleted)) 
close res=0 
munmap addr=7FBBFC25F000 length=2243784 
munmap res=0 vm_size=250520 vm_rss=13928 vm_swap=0 
munmap addr=7FBBFC921000 length=2517856 
munmap res=0 vm_size=248060 vm_rss=13948 vm_swap=0 
munmap addr=7FBBFC6EE000 length=2301968 
munmap res=0 vm_size=245808 vm_rss=13920 vm_swap=0 
munmap addr=7FBBFC483000 length=2531352 
munmap res=0 vm_size=243332 vm_rss=13892 vm_swap=0 
munmap addr=7FBBFCB88000 length=2584984 
munmap addr=7FBBFCB88000 length=2584984 
munmap res=0 vm_size=240156 vm_rss=12700 vm_swap=0 
munmap res=0 vm_size=240156 vm_rss=12700 vm_swap=0 
munmap addr=7FBC0B4EC000 length=65536 
munmap res=0 vm_size=243268 vm_rss=14676 vm_swap=0 
brk addr=55F5F2597000 
brk res=55F5F2597000 vm_size=242900 vm_rss=14428 vm_swap=0 
munmap addr=7FBBFCB88000 length=2584984 
munmap addr=7FBC0B4FC000 length=299008 
munmap res=0 vm_size=239864 vm_rss=12512 vm_swap=0 
munmap res=0 vm_size=240372 vm_rss=13988 vm_swap=0 
munmap addr=7FBBFCE00000 length=2097152 
munmap res=0 vm_size=237816 vm_rss=10464 vm_swap=0 
munmap addr=7FBC0B56A000 length=323584 
munmap res=0 vm_size=237500 vm_rss=10460 vm_swap=0 
munmap addr=7FBC0B554000 length=8192 
munmap res=0 vm_size=237492 vm_rss=10456 vm_swap=0 
munmap addr=7FBC0B54E000 length=8192 
munmap res=0 vm_size=237484 vm_rss=10452 vm_swap=0 
munmap addr=7FBC0B552000 length=8192 
munmap res=0 vm_size=237476 vm_rss=10448 vm_swap=0 
munmap addr=7FBC0B550000 length=8192 
munmap res=0 vm_size=237468 vm_rss=10444 vm_swap=0 
close fd=5(<p>pipe:[1751003]) 
close res=0 
close fd=4(<p>pipe:[1751003]) 
close res=0 
futex addr=7FBC052E78EC op=129(FUTEX_PRIVATE_FLAG|FUTEX_WAKE) val=2147483647 
futex res=0 
munmap addr=7FBC0B4FC000 length=299008 
munmap res=0 vm_size=240080 vm_rss=13800 vm_swap=0 
munmap addr=7FBBFCE00000 length=2097152 
munmap res=0 vm_size=238032 vm_rss=11752 vm_swap=0 
munmap addr=7FBC0B56A000 length=323584 
munmap res=0 vm_size=237716 vm_rss=11748 vm_swap=0 
munmap addr=7FBC0B554000 length=8192 
munmap res=0 vm_size=237708 vm_rss=11744 vm_swap=0 
munmap addr=7FBC0B54E000 length=8192 
munmap res=0 vm_size=237700 vm_rss=11740 vm_swap=0 
munmap addr=7FBC0B552000 length=8192 
munmap res=0 vm_size=237692 vm_rss=11736 vm_swap=0 
munmap addr=7FBC0B550000 length=8192 
munmap res=0 vm_size=237684 vm_rss=11732 vm_swap=0 
munmap addr=7FBC0B4E4000 length=8192 
munmap res=0 vm_size=237676 vm_rss=11728 vm_swap=0 
munmap addr=7FBC0B54C000 length=8192 
munmap res=0 vm_size=237668 vm_rss=11720 vm_swap=0 
munmap addr=7FBC0B546000 length=8192 
munmap res=0 vm_size=237660 vm_rss=11712 vm_swap=0 
munmap addr=7FBC0B4EA000 length=8192 
munmap res=0 vm_size=237652 vm_rss=11708 vm_swap=0 
munmap addr=7FBC0B548000 length=8192 
munmap res=0 vm_size=237644 vm_rss=11700 vm_swap=0 
munmap addr=7FBC0B4E6000 length=8192 
munmap res=0 vm_size=237636 vm_rss=11696 vm_swap=0 
munmap addr=7FBC0B4E8000 length=8192 
munmap res=0 vm_size=237628 vm_rss=11688 vm_swap=0 
munmap addr=7FBC0B54A000 length=8192 
munmap res=0 vm_size=237620 vm_rss=11684 vm_swap=0 
close fd=5(<p>pipe:[1751003]) 
close res=0 
close fd=4(<p>pipe:[1751003]) 
close res=0 
futex addr=7FBC052E78EC op=129(FUTEX_PRIVATE_FLAG|FUTEX_WAKE) val=2147483647 
futex res=0 
exit_group 
exit_group 
munmap addr=7FBBF425F000 length=134217728 
munmap res=0 vm_size=252064 vm_rss=10904 vm_swap=0 
close fd=8(<f>/tmp/.ZendSem.OmJEQz (deleted)) 
close res=0 
munmap addr=7FBBFC25F000 length=2243784 
munmap res=0 vm_size=249872 vm_rss=11016 vm_swap=0 
munmap addr=7FBBFC921000 length=2517856 
munmap res=0 vm_size=247412 vm_rss=11036 vm_swap=0 
munmap addr=7FBBFC6EE000 length=2301968 
munmap res=0 vm_size=245160 vm_rss=11008 vm_swap=0 
munmap addr=7FBBFC483000 length=2531352 
munmap res=0 vm_size=242684 vm_rss=10980 vm_swap=0 
munmap addr=7FBBFCB88000 length=2584984 
munmap res=0 vm_size=240156 vm_rss=12700 vm_swap=0 
munmap addr=7FBC0B4FC000 length=299008 
munmap res=0 vm_size=239864 vm_rss=12512 vm_swap=0 
munmap addr=7FBBFCE00000 length=2097152 
munmap res=0 vm_size=237816 vm_rss=10464 vm_swap=0 
munmap addr=7FBC0B56A000 length=323584 
munmap res=0 vm_size=237500 vm_rss=10460 vm_swap=0 
munmap addr=7FBC0B554000 length=8192 
munmap res=0 vm_size=237492 vm_rss=10456 vm_swap=0 
munmap addr=7FBC0B54E000 length=8192 
munmap res=0 vm_size=237484 vm_rss=10452 vm_swap=0 
munmap addr=7FBC0B552000 length=8192 
munmap res=0 vm_size=237476 vm_rss=10448 vm_swap=0 
munmap addr=7FBC0B550000 length=8192 
munmap res=0 vm_size=237468 vm_rss=10444 vm_swap=0 
close fd=5(<p>pipe:[1751003]) 
close res=0 
close fd=4(<p>pipe:[1751003]) 
close res=0 
futex addr=7FBC052E78EC op=129(FUTEX_PRIVATE_FLAG|FUTEX_WAKE) val=2147483647 
futex res=0 
exit_group 
munmap addr=7FBC0B4FC000 length=299008 
munmap res=0 vm_size=239864 vm_rss=12512 vm_swap=0 
munmap addr=7FBBFCE00000 length=2097152 
munmap res=0 vm_size=237816 vm_rss=10464 vm_swap=0 
munmap addr=7FBC0B56A000 length=323584 
munmap res=0 vm_size=237500 vm_rss=10460 vm_swap=0 
munmap addr=7FBC0B554000 length=8192 
munmap res=0 vm_size=237492 vm_rss=10456 vm_swap=0 
munmap addr=7FBC0B54E000 length=8192 
munmap res=0 vm_size=237484 vm_rss=10452 vm_swap=0 
munmap addr=7FBC0B552000 length=8192 
munmap res=0 vm_size=237476 vm_rss=10448 vm_swap=0 
munmap addr=7FBC0B550000 length=8192 
munmap res=0 vm_size=237468 vm_rss=10444 vm_swap=0 
close fd=5(<p>pipe:[1751003]) 
close res=0 
close fd=4(<p>pipe:[1751003]) 
close res=0 
futex addr=7FBC052E78EC op=129(FUTEX_PRIVATE_FLAG|FUTEX_WAKE) val=2147483647 
futex res=0 
exit_group 
