clone res=0 exe=apache2 args=-DFOREGROUND. tid=779834(apache2) pid=778999(apache2) ptid=777947(apache2) cwd= fdlimit=1048576 pgft_maj=0 pgft_min=0 vm_size=406860 vm_rss=53468 vm_swap=0 comm=apache2 cgroups=cpuset=/system.slice/docker-4d81cb26c66231747b04db742cd4f8fff01cc68354eaa9325... flags=578861571(CLONE_FILES|CLONE_FS|CLONE_PARENT_SETTID|CLONE_SIGHAND|CLONE_SYSVSEM|CLONE_THREAD|CLONE_VM|CLONE_CHILD_CLEARTID|CLONE_SETTLS) uid=33 gid=33 vtid=74 vpid=68 
set_robust_list 
set_robust_list 
getpid 
getpid 
mmap addr=0 length=134217728 prot=0(PROT_NONE) flags=74(MAP_PRIVATE|MAP_ANONYMOUS|MAP_NORESERVE) fd=-1(EPERM) offset=0 
mmap res=7FBF249FF000 vm_size=537932 vm_rss=53468 vm_swap=0 
munmap addr=7FBF249FF000 length=56627200 
munmap res=0 vm_size=482632 vm_rss=53468 vm_swap=0 
munmap addr=7FBF2C000000 length=10481664 
munmap res=0 vm_size=472396 vm_rss=53468 vm_swap=0 
mprotect 
mprotect 
open 
open fd=13(<f>/etc/resolv.conf) name=/etc/resolv.conf flags=4097(O_RDONLY|O_CLOEXEC) mode=0 dev=34 
fstat fd=13(<f>/etc/resolv.conf) 
fstat res=0 
read fd=13(<f>/etc/resolv.conf) size=1024 
read res=53 data=nameserver 127.0.0.11.options edns0 trust-ad ndots:0. 
read fd=13(<f>/etc/resolv.conf) size=1024 
read res=0 data= 
close fd=13(<f>/etc/resolv.conf) 
close res=0 
uname 
uname 
open 
open fd=13(<f>/etc/hosts) name=/etc/hosts flags=4097(O_RDONLY|O_CLOEXEC) mode=0 dev=34 
fstat fd=13(<f>/etc/hosts) 
fstat res=0 
read fd=13(<f>/etc/hosts) size=512 
read res=174 data=127.0.0.1.localhost.::1.localhost ip6-localhost ip6-loopback.fe00::0.ip6-localne 
read fd=13(<f>/etc/hosts) size=512 
read res=0 data= 
close fd=13(<f>/etc/hosts) 
close res=0 
open 
open fd=13(<f>/etc/gai.conf) name=/etc/gai.conf flags=4097(O_RDONLY|O_CLOEXEC) mode=0 dev=63 
fstat fd=13(<f>/etc/gai.conf) 
fstat res=0 
fstat fd=13(<f>/etc/gai.conf) 
fstat res=0 
read fd=13(<f>/etc/gai.conf) size=3072 
read res=2584 data=# Configuration for getaddrinfo(3)..#.# So far only configuration for the destin 
read fd=13(<f>/etc/gai.conf) size=3072 
read res=0 data= 
close fd=13(<f>/etc/gai.conf) 
close res=0 
futex addr=7FBF44C97EE4 op=129(FUTEX_PRIVATE_FLAG|FUTEX_WAKE) val=2147483647 
futex res=0 
socket domain=16(AF_ROUTE) type=3 proto=0 
socket fd=13(<n>) 
bind fd=13(<n>) 
bind res=0 addr=NULL 
getsockname 
getsockname 
sendto fd=13(<n>) size=20 tuple=NULL 
sendto res=20 data=........]=.d........ 
recvmsg fd=13(<n>) 
recvmsg res=164 size=164 data=L.......]=.dD...............................lo........................4...4.X... tuple=NULL 
recvmsg fd=13(<n>) 
recvmsg res=20 size=20 data=........]=.dD....... tuple=NULL 
close fd=13(<n>) 
close res=0 
socket domain=2(AF_INET) type=2 proto=0 
socket fd=13(<4>) 
connect fd=13(<4>) 
connect res=0 tuple=127.0.0.1:60366->127.0.0.1:9000 
getsockname 
getsockname 
close fd=13(<4u>127.0.0.1:60366->127.0.0.1:9000) 
close res=0 
socket domain=10(AF_INET6) type=2 proto=0 
socket fd=13(<6>) 
connect fd=13(<6>) 
connect res=-99(EADDRNOTAVAIL) tuple=:::58334->::1:9000 
close fd=13(<6>) 
close res=0 
madvise 
madvise 
exit 
accept fd=10(<4t>172.18.0.1:36934->172.18.0.3:80) tuple=172.18.0.1:36934->172.18.0.3:80 queuepct=0 queuelen=0 queuemax=511 
getsockname 
getsockname 
fcntl fd=10(<4t>172.18.0.1:36934->172.18.0.3:80) cmd=4(F_GETFL) 
fcntl res=2(<p>pipe:[2009525]) 
fcntl fd=10(<4t>172.18.0.1:36934->172.18.0.3:80) cmd=5(F_SETFL) 
fcntl res=0(<f>/dev/null) 
mmap addr=0 length=8192 prot=3(PROT_READ|PROT_WRITE) flags=10(MAP_PRIVATE|MAP_ANONYMOUS) fd=-1(EPERM) offset=0 
mmap res=7FBF45673000 vm_size=383144 vm_rss=8948 vm_swap=0 
mmap addr=0 length=8192 prot=3(PROT_READ|PROT_WRITE) flags=10(MAP_PRIVATE|MAP_ANONYMOUS) fd=-1(EPERM) offset=0 
mmap res=7FBF45671000 vm_size=383152 vm_rss=8948 vm_swap=0 
read fd=10(<4t>172.18.0.1:36934->172.18.0.3:80) size=8000 
read res=809 data=GET /wp-includes/js/jquery/jquery.ui.touch-punch.js?ver=0.2.2 HTTP/1.1..Host: lo 
stat 
stat res=0 path=/var/www/html/wp-includes/js/jquery/jquery.ui.touch-punch.js 
mmap addr=0 length=8192 prot=3(PROT_READ|PROT_WRITE) flags=10(MAP_PRIVATE|MAP_ANONYMOUS) fd=-1(EPERM) offset=0 
mmap res=7FBF4566F000 vm_size=383160 vm_rss=8948 vm_swap=0 
open 
open fd=-2(ENOENT) name=/var/www/.htaccess flags=4097(O_RDONLY|O_CLOEXEC) mode=0 dev=0 
open 
open fd=11(<f>/var/www/html/.htaccess) name=/var/www/html/.htaccess flags=4097(O_RDONLY|O_CLOEXEC) mode=0 dev=34 
fstat fd=11(<f>/var/www/html/.htaccess) 
fstat res=0 
read fd=11(<f>/var/www/html/.htaccess) size=4096 
read res=234 data=# BEGIN WordPress.<IfModule mod_rewrite.c>.RewriteEngine On.RewriteBase /.Rewrit 
read fd=11(<f>/var/www/html/.htaccess) size=4096 
read res=0 data= 
close fd=11(<f>/var/www/html/.htaccess) 
close res=0 
open 
open fd=-2(ENOENT) name=/var/www/html/wp-includes/.htaccess flags=4097(O_RDONLY|O_CLOEXEC) mode=0 dev=0 
open 
open fd=-2(ENOENT) name=/var/www/html/wp-includes/js/.htaccess flags=4097(O_RDONLY|O_CLOEXEC) mode=0 dev=0 
open 
open fd=-2(ENOENT) name=/var/www/html/wp-includes/js/jquery/.htaccess flags=4097(O_RDONLY|O_CLOEXEC) mode=0 dev=0 
mmap addr=0 length=8192 prot=3(PROT_READ|PROT_WRITE) flags=10(MAP_PRIVATE|MAP_ANONYMOUS) fd=-1(EPERM) offset=0 
mmap res=7FBF4566D000 vm_size=383168 vm_rss=8948 vm_swap=0 
open 
open fd=-20(ENOTDIR) name=/var/www/html/wp-includes/js/jquery/jquery.ui.touch-punch.js/.htaccess flags=4097(O_RDONLY|O_CLOEXEC) mode=0 dev=0 
stat 
stat res=0 path=/var/www/html/wp-includes/js/jquery/jquery.ui.touch-punch.js 
open 
open fd=11(<f>/var/www/html/wp-includes/js/jquery/jquery.ui.touch-punch.js) name=/var/www/html/wp-includes/js/jquery/jquery.ui.touch-punch.js flags=4097(O_RDONLY|O_CLOEXEC) mode=0 dev=34 
mmap addr=0 length=1179 prot=1(PROT_READ) flags=1(MAP_SHARED) fd=11(<f>/var/www/html/wp-includes/js/jquery/jquery.ui.touch-punch.js) offset=0 
mmap res=7FBF4566C000 vm_size=383172 vm_rss=8948 vm_swap=0 
mmap addr=0 length=8192 prot=3(PROT_READ|PROT_WRITE) flags=10(MAP_PRIVATE|MAP_ANONYMOUS) fd=-1(EPERM) offset=0 
mmap res=7FBF45621000 vm_size=383180 vm_rss=8948 vm_swap=0 
brk addr=55F614779000 
brk res=55F614779000 vm_size=383336 vm_rss=9960 vm_swap=0 
brk addr=55F6147A9000 
brk res=55F6147A9000 vm_size=383528 vm_rss=9960 vm_swap=0 
munmap addr=7FBF4566C000 length=1179 
munmap res=0 vm_size=383524 vm_rss=10152 vm_swap=0 
mmap addr=0 length=8192 prot=3(PROT_READ|PROT_WRITE) flags=10(MAP_PRIVATE|MAP_ANONYMOUS) fd=-1(EPERM) offset=0 
mmap res=7FBF4561F000 vm_size=383532 vm_rss=10152 vm_swap=0 
brk addr=55F614779000 
brk res=55F614779000 vm_size=383340 vm_rss=10072 vm_swap=0 
mmap addr=0 length=8192 prot=3(PROT_READ|PROT_WRITE) flags=10(MAP_PRIVATE|MAP_ANONYMOUS) fd=-1(EPERM) offset=0 
mmap res=7FBF4561D000 vm_size=383348 vm_rss=10072 vm_swap=0 
mmap addr=0 length=8192 prot=3(PROT_READ|PROT_WRITE) flags=10(MAP_PRIVATE|MAP_ANONYMOUS) fd=-1(EPERM) offset=0 
mmap res=7FBF4561B000 vm_size=383356 vm_rss=10072 vm_swap=0 
read fd=10(<4t>172.18.0.1:36934->172.18.0.3:80) size=8000 
read res=-11(EAGAIN) data= 
writev fd=10(<4t>172.18.0.1:36934->172.18.0.3:80) size=935 
writev res=935 data=HTTP/1.1 200 OK..Date: Thu, 10 Aug 2023 01:29:02 GMT..Server: Apache/2.4.25 (Deb 
write fd=7(<p>pipe:[2009524]) size=221 
write res=221 data=172.18.0.1 - - [10/Aug/2023:01:29:02 +0000] "GET /wp-includes/js/jquery/jquery.u 
times 
times 
close fd=11(<f>/var/www/html/wp-includes/js/jquery/jquery.ui.touch-punch.js) 
close res=0 
poll fds=10:41 timeout=5000 
clone res=0 exe=apache2 args=-DFOREGROUND. tid=779846(apache2) pid=779846(apache2) ptid=777947(apache2) cwd= fdlimit=1048576 pgft_maj=0 pgft_min=1 vm_size=383104 vm_rss=7640 vm_swap=0 comm=apache2 cgroups=cpuset=/system.slice/docker-4d81cb26c66231747b04db742cd4f8fff01cc68354eaa9325... flags=562036736(CLONE_CHILD_CLEARTID|CLONE_CHILD_SETTID) uid=0 gid=0 vtid=75 vpid=75 
set_robust_list 
set_robust_list 
rt_sigaction 
rt_sigaction 
rt_sigaction 
rt_sigaction 
rt_sigaction 
rt_sigaction 
getpid 
getpid 
getpid 
getpid 
mmap addr=0 length=8192 prot=3(PROT_READ|PROT_WRITE) flags=10(MAP_PRIVATE|MAP_ANONYMOUS) fd=-1(EPERM) offset=0 
mmap res=7FBF4567B000 vm_size=383112 vm_rss=7640 vm_swap=0 
mmap addr=0 length=8192 prot=3(PROT_READ|PROT_WRITE) flags=10(MAP_PRIVATE|MAP_ANONYMOUS) fd=-1(EPERM) offset=0 
mmap res=7FBF45679000 vm_size=383120 vm_rss=7640 vm_swap=0 
geteuid 
geteuid euid=0(root) 
setgid gid=33(www-data) 
setgid res=0 
open 
open fd=9(<f>/proc/sys/kernel/ngroups_max) name=/proc/sys/kernel/ngroups_max flags=1(O_RDONLY) mode=0 dev=65 
read fd=9(<f>/proc/sys/kernel/ngroups_max) size=31 
read res=6 data=65536. 
close fd=9(<f>/proc/sys/kernel/ngroups_max) 
close res=0 
open 
open fd=9(<f>/etc/group) name=/etc/group flags=4097(O_RDONLY|O_CLOEXEC) mode=0 dev=63 
lseek fd=9(<f>/etc/group) offset=0 whence=1(SEEK_CUR) 
lseek res=0 
fstat fd=9(<f>/etc/group) 
fstat res=0 
mmap addr=0 length=446 prot=1(PROT_READ) flags=1(MAP_SHARED) fd=9(<f>/etc/group) offset=0 
mmap res=7FBF45678000 vm_size=383124 vm_rss=7640 vm_swap=0 
lseek fd=9(<f>/etc/group) offset=446 whence=0(SEEK_SET) 
lseek res=446 
fstat fd=9(<f>/etc/group) 
fstat res=0 
munmap addr=7FBF45678000 length=446 
munmap res=0 vm_size=383120 vm_rss=8984 vm_swap=0 
close fd=9(<f>/etc/group) 
close res=0 
setgroups 
setgroups 
geteuid 
geteuid euid=0(root) 
setuid uid=33(www-data) 
setuid res=0 
getpid 
getpid 
rt_sigaction 
rt_sigaction 
rt_sigaction 
rt_sigaction 
rt_sigaction 
rt_sigaction 
rt_sigaction 
rt_sigaction 
rt_sigaction 
rt_sigaction 
rt_sigaction 
rt_sigaction 
rt_sigaction 
rt_sigaction 
rt_sigaction 
rt_sigaction 
rt_sigaction 
rt_sigaction 
rt_sigaction 
rt_sigaction 
rt_sigaction 
rt_sigaction 
rt_sigaction 
rt_sigaction 
rt_sigaction 
rt_sigaction 
rt_sigaction 
rt_sigaction 
rt_sigaction 
rt_sigaction 
rt_sigaction 
rt_sigaction 
rt_sigaction 
rt_sigaction 
rt_sigaction 
rt_sigaction 
rt_sigaction 
rt_sigaction 
rt_sigaction 
rt_sigaction 
rt_sigaction 
rt_sigaction 
rt_sigaction 
rt_sigaction 
rt_sigaction 
rt_sigaction 
rt_sigaction 
rt_sigaction 
rt_sigaction 
rt_sigaction 
rt_sigaction 
rt_sigaction 
rt_sigaction 
rt_sigaction 
rt_sigaction 
rt_sigaction 
rt_sigaction 
rt_sigaction 
rt_sigaction 
rt_sigaction 
rt_sigaction 
rt_sigaction 
rt_sigaction 
rt_sigaction 
rt_sigaction 
rt_sigaction 
rt_sigaction 
rt_sigaction 
rt_sigaction 
rt_sigaction 
rt_sigaction 
rt_sigaction 
rt_sigaction 
rt_sigaction 
rt_sigaction 
rt_sigaction 
rt_sigaction 
rt_sigaction 
rt_sigaction 
rt_sigaction 
rt_sigaction 
rt_sigaction 
rt_sigaction 
rt_sigaction 
rt_sigaction 
rt_sigaction 
rt_sigaction 
rt_sigaction 
rt_sigaction 
rt_sigaction 
rt_sigaction 
rt_sigaction 
rt_sigaction 
rt_sigaction 
rt_sigaction 
rt_sigaction 
rt_sigaction 
rt_sigaction 
rt_sigaction 
rt_sigaction 
rt_sigaction 
rt_sigaction 
rt_sigaction 
rt_sigaction 
rt_sigaction 
rt_sigaction 
rt_sigaction 
rt_sigaction 
rt_sigaction 
rt_sigaction 
rt_sigaction 
rt_sigaction 
rt_sigaction 
rt_sigaction 
rt_sigaction 
rt_sigaction 
rt_sigaction 
rt_sigaction 
rt_sigaction 
rt_sigaction 
rt_sigaction 
rt_sigaction 
rt_sigaction 
rt_sigaction 
mmap addr=0 length=8192 prot=3(PROT_READ|PROT_WRITE) flags=10(MAP_PRIVATE|MAP_ANONYMOUS) fd=-1(EPERM) offset=0 
mmap res=7FBF45677000 vm_size=383128 vm_rss=8984 vm_swap=0 
getpid 
getpid 
epoll_create1 
epoll_create1 
epoll_ctl 
epoll_ctl 
mmap addr=0 length=8192 prot=3(PROT_READ|PROT_WRITE) flags=10(MAP_PRIVATE|MAP_ANONYMOUS) fd=-1(EPERM) offset=0 
mmap res=7FBF45675000 vm_size=383136 vm_rss=8984 vm_swap=0 
accept flags=0 
clone res=0 exe=apache2 args=-DFOREGROUND. tid=779851(apache2) pid=779851(apache2) ptid=777947(apache2) cwd= fdlimit=1048576 pgft_maj=0 pgft_min=1 vm_size=383104 vm_rss=7640 vm_swap=0 comm=apache2 cgroups=cpuset=/system.slice/docker-4d81cb26c66231747b04db742cd4f8fff01cc68354eaa9325... flags=562036736(CLONE_CHILD_CLEARTID|CLONE_CHILD_SETTID) uid=0 gid=0 vtid=76 vpid=76 
set_robust_list 
set_robust_list 
rt_sigaction 
rt_sigaction 
rt_sigaction 
rt_sigaction 
rt_sigaction 
rt_sigaction 
getpid 
getpid 
getpid 
getpid 
mmap addr=0 length=8192 prot=3(PROT_READ|PROT_WRITE) flags=10(MAP_PRIVATE|MAP_ANONYMOUS) fd=-1(EPERM) offset=0 
mmap res=7FBF4567B000 vm_size=383112 vm_rss=7640 vm_swap=0 
mmap addr=0 length=8192 prot=3(PROT_READ|PROT_WRITE) flags=10(MAP_PRIVATE|MAP_ANONYMOUS) fd=-1(EPERM) offset=0 
mmap res=7FBF45679000 vm_size=383120 vm_rss=7640 vm_swap=0 
geteuid 
geteuid euid=0(root) 
setgid gid=33(www-data) 
setgid res=0 
open 
open fd=9(<f>/proc/sys/kernel/ngroups_max) name=/proc/sys/kernel/ngroups_max flags=1(O_RDONLY) mode=0 dev=65 
read fd=9(<f>/proc/sys/kernel/ngroups_max) size=31 
read res=6 data=65536. 
close fd=9(<f>/proc/sys/kernel/ngroups_max) 
close res=0 
open 
open fd=9(<f>/etc/group) name=/etc/group flags=4097(O_RDONLY|O_CLOEXEC) mode=0 dev=63 
lseek fd=9(<f>/etc/group) offset=0 whence=1(SEEK_CUR) 
lseek res=0 
fstat fd=9(<f>/etc/group) 
fstat res=0 
mmap addr=0 length=446 prot=1(PROT_READ) flags=1(MAP_SHARED) fd=9(<f>/etc/group) offset=0 
mmap res=7FBF45678000 vm_size=383124 vm_rss=7640 vm_swap=0 
lseek fd=9(<f>/etc/group) offset=446 whence=0(SEEK_SET) 
lseek res=446 
fstat fd=9(<f>/etc/group) 
fstat res=0 
munmap addr=7FBF45678000 length=446 
munmap res=0 vm_size=383120 vm_rss=8984 vm_swap=0 
close fd=9(<f>/etc/group) 
close res=0 
setgroups 
setgroups 
geteuid 
geteuid euid=0(root) 
setuid uid=33(www-data) 
setuid res=0 
getpid 
getpid 
rt_sigaction 
rt_sigaction 
rt_sigaction 
rt_sigaction 
rt_sigaction 
rt_sigaction 
rt_sigaction 
rt_sigaction 
rt_sigaction 
rt_sigaction 
rt_sigaction 
rt_sigaction 
rt_sigaction 
rt_sigaction 
rt_sigaction 
rt_sigaction 
rt_sigaction 
rt_sigaction 
rt_sigaction 
rt_sigaction 
rt_sigaction 
rt_sigaction 
rt_sigaction 
rt_sigaction 
rt_sigaction 
rt_sigaction 
rt_sigaction 
rt_sigaction 
rt_sigaction 
rt_sigaction 
rt_sigaction 
rt_sigaction 
rt_sigaction 
rt_sigaction 
rt_sigaction 
rt_sigaction 
rt_sigaction 
rt_sigaction 
rt_sigaction 
rt_sigaction 
rt_sigaction 
rt_sigaction 
rt_sigaction 
rt_sigaction 
rt_sigaction 
rt_sigaction 
rt_sigaction 
rt_sigaction 
rt_sigaction 
rt_sigaction 
rt_sigaction 
rt_sigaction 
rt_sigaction 
rt_sigaction 
rt_sigaction 
rt_sigaction 
rt_sigaction 
rt_sigaction 
rt_sigaction 
rt_sigaction 
rt_sigaction 
rt_sigaction 
rt_sigaction 
rt_sigaction 
rt_sigaction 
rt_sigaction 
rt_sigaction 
rt_sigaction 
rt_sigaction 
rt_sigaction 
rt_sigaction 
rt_sigaction 
rt_sigaction 
rt_sigaction 
rt_sigaction 
rt_sigaction 
rt_sigaction 
rt_sigaction 
rt_sigaction 
rt_sigaction 
rt_sigaction 
rt_sigaction 
rt_sigaction 
rt_sigaction 
rt_sigaction 
rt_sigaction 
rt_sigaction 
rt_sigaction 
rt_sigaction 
rt_sigaction 
rt_sigaction 
rt_sigaction 
rt_sigaction 
rt_sigaction 
rt_sigaction 
rt_sigaction 
rt_sigaction 
rt_sigaction 
rt_sigaction 
rt_sigaction 
rt_sigaction 
rt_sigaction 
rt_sigaction 
rt_sigaction 
rt_sigaction 
rt_sigaction 
rt_sigaction 
rt_sigaction 
rt_sigaction 
rt_sigaction 
rt_sigaction 
rt_sigaction 
rt_sigaction 
rt_sigaction 
rt_sigaction 
rt_sigaction 
rt_sigaction 
rt_sigaction 
rt_sigaction 
rt_sigaction 
rt_sigaction 
rt_sigaction 
rt_sigaction 
rt_sigaction 
mmap addr=0 length=8192 prot=3(PROT_READ|PROT_WRITE) flags=10(MAP_PRIVATE|MAP_ANONYMOUS) fd=-1(EPERM) offset=0 
mmap res=7FBF45677000 vm_size=383128 vm_rss=8984 vm_swap=0 
getpid 
getpid 
epoll_create1 
epoll_create1 
epoll_ctl 
epoll_ctl 
mmap addr=0 length=8192 prot=3(PROT_READ|PROT_WRITE) flags=10(MAP_PRIVATE|MAP_ANONYMOUS) fd=-1(EPERM) offset=0 
mmap res=7FBF45675000 vm_size=383136 vm_rss=8984 vm_swap=0 
accept flags=0 
clone res=0 exe=apache2 args=-DFOREGROUND. tid=779852(apache2) pid=779852(apache2) ptid=777947(apache2) cwd= fdlimit=1048576 pgft_maj=0 pgft_min=1 vm_size=383104 vm_rss=7640 vm_swap=0 comm=apache2 cgroups=cpuset=/system.slice/docker-4d81cb26c66231747b04db742cd4f8fff01cc68354eaa9325... flags=562036736(CLONE_CHILD_CLEARTID|CLONE_CHILD_SETTID) uid=0 gid=0 vtid=77 vpid=77 
set_robust_list 
set_robust_list 
rt_sigaction 
rt_sigaction 
rt_sigaction 
rt_sigaction 
rt_sigaction 
rt_sigaction 
getpid 
getpid 
getpid 
getpid 
mmap addr=0 length=8192 prot=3(PROT_READ|PROT_WRITE) flags=10(MAP_PRIVATE|MAP_ANONYMOUS) fd=-1(EPERM) offset=0 
mmap res=7FBF4567B000 vm_size=383112 vm_rss=7640 vm_swap=0 
mmap addr=0 length=8192 prot=3(PROT_READ|PROT_WRITE) flags=10(MAP_PRIVATE|MAP_ANONYMOUS) fd=-1(EPERM) offset=0 
mmap res=7FBF45679000 vm_size=383120 vm_rss=7640 vm_swap=0 
geteuid 
geteuid euid=0(root) 
setgid gid=33(www-data) 
setgid res=0 
open 
open fd=9(<f>/proc/sys/kernel/ngroups_max) name=/proc/sys/kernel/ngroups_max flags=1(O_RDONLY) mode=0 dev=65 
read fd=9(<f>/proc/sys/kernel/ngroups_max) size=31 
read res=6 data=65536. 
close fd=9(<f>/proc/sys/kernel/ngroups_max) 
close res=0 
open 
open fd=9(<f>/etc/group) name=/etc/group flags=4097(O_RDONLY|O_CLOEXEC) mode=0 dev=63 
lseek fd=9(<f>/etc/group) offset=0 whence=1(SEEK_CUR) 
lseek res=0 
fstat fd=9(<f>/etc/group) 
fstat res=0 
mmap addr=0 length=446 prot=1(PROT_READ) flags=1(MAP_SHARED) fd=9(<f>/etc/group) offset=0 
mmap res=7FBF45678000 vm_size=383124 vm_rss=7640 vm_swap=0 
lseek fd=9(<f>/etc/group) offset=446 whence=0(SEEK_SET) 
lseek res=446 
fstat fd=9(<f>/etc/group) 
fstat res=0 
munmap addr=7FBF45678000 length=446 
munmap res=0 vm_size=383120 vm_rss=8984 vm_swap=0 
close fd=9(<f>/etc/group) 
close res=0 
setgroups 
setgroups 
geteuid 
geteuid euid=0(root) 
setuid uid=33(www-data) 
setuid res=0 
getpid 
getpid 
rt_sigaction 
rt_sigaction 
rt_sigaction 
rt_sigaction 
rt_sigaction 
rt_sigaction 
rt_sigaction 
rt_sigaction 
rt_sigaction 
rt_sigaction 
rt_sigaction 
rt_sigaction 
rt_sigaction 
rt_sigaction 
rt_sigaction 
rt_sigaction 
rt_sigaction 
rt_sigaction 
rt_sigaction 
rt_sigaction 
rt_sigaction 
rt_sigaction 
rt_sigaction 
rt_sigaction 
rt_sigaction 
rt_sigaction 
rt_sigaction 
rt_sigaction 
rt_sigaction 
rt_sigaction 
rt_sigaction 
rt_sigaction 
rt_sigaction 
rt_sigaction 
rt_sigaction 
rt_sigaction 
rt_sigaction 
rt_sigaction 
rt_sigaction 
rt_sigaction 
rt_sigaction 
rt_sigaction 
rt_sigaction 
rt_sigaction 
rt_sigaction 
rt_sigaction 
rt_sigaction 
rt_sigaction 
rt_sigaction 
rt_sigaction 
rt_sigaction 
rt_sigaction 
rt_sigaction 
rt_sigaction 
rt_sigaction 
rt_sigaction 
rt_sigaction 
rt_sigaction 
rt_sigaction 
rt_sigaction 
rt_sigaction 
rt_sigaction 
rt_sigaction 
rt_sigaction 
rt_sigaction 
rt_sigaction 
rt_sigaction 
rt_sigaction 
rt_sigaction 
rt_sigaction 
rt_sigaction 
rt_sigaction 
rt_sigaction 
rt_sigaction 
rt_sigaction 
rt_sigaction 
rt_sigaction 
rt_sigaction 
rt_sigaction 
rt_sigaction 
rt_sigaction 
rt_sigaction 
rt_sigaction 
rt_sigaction 
rt_sigaction 
rt_sigaction 
rt_sigaction 
rt_sigaction 
rt_sigaction 
rt_sigaction 
rt_sigaction 
rt_sigaction 
rt_sigaction 
rt_sigaction 
rt_sigaction 
rt_sigaction 
rt_sigaction 
rt_sigaction 
rt_sigaction 
rt_sigaction 
rt_sigaction 
rt_sigaction 
rt_sigaction 
rt_sigaction 
rt_sigaction 
rt_sigaction 
rt_sigaction 
rt_sigaction 
rt_sigaction 
rt_sigaction 
rt_sigaction 
rt_sigaction 
rt_sigaction 
rt_sigaction 
rt_sigaction 
rt_sigaction 
rt_sigaction 
rt_sigaction 
rt_sigaction 
rt_sigaction 
rt_sigaction 
rt_sigaction 
rt_sigaction 
rt_sigaction 
mmap addr=0 length=8192 prot=3(PROT_READ|PROT_WRITE) flags=10(MAP_PRIVATE|MAP_ANONYMOUS) fd=-1(EPERM) offset=0 
mmap res=7FBF45677000 vm_size=383128 vm_rss=8984 vm_swap=0 
getpid 
getpid 
epoll_create1 
epoll_create1 
epoll_ctl 
epoll_ctl 
mmap addr=0 length=8192 prot=3(PROT_READ|PROT_WRITE) flags=10(MAP_PRIVATE|MAP_ANONYMOUS) fd=-1(EPERM) offset=0 
mmap res=7FBF45675000 vm_size=383136 vm_rss=8984 vm_swap=0 
accept flags=0 
clone res=0 exe=apache2 args=-DFOREGROUND. tid=779853(apache2) pid=779853(apache2) ptid=777947(apache2) cwd= fdlimit=1048576 pgft_maj=0 pgft_min=1 vm_size=383104 vm_rss=7640 vm_swap=0 comm=apache2 cgroups=cpuset=/system.slice/docker-4d81cb26c66231747b04db742cd4f8fff01cc68354eaa9325... flags=562036736(CLONE_CHILD_CLEARTID|CLONE_CHILD_SETTID) uid=0 gid=0 vtid=78 vpid=78 
set_robust_list 
set_robust_list 
rt_sigaction 
rt_sigaction 
rt_sigaction 
rt_sigaction 
rt_sigaction 
rt_sigaction 
getpid 
getpid 
getpid 
getpid 
mmap addr=0 length=8192 prot=3(PROT_READ|PROT_WRITE) flags=10(MAP_PRIVATE|MAP_ANONYMOUS) fd=-1(EPERM) offset=0 
mmap res=7FBF4567B000 vm_size=383112 vm_rss=7640 vm_swap=0 
mmap addr=0 length=8192 prot=3(PROT_READ|PROT_WRITE) flags=10(MAP_PRIVATE|MAP_ANONYMOUS) fd=-1(EPERM) offset=0 
mmap res=7FBF45679000 vm_size=383120 vm_rss=7640 vm_swap=0 
geteuid 
geteuid euid=0(root) 
setgid gid=33(www-data) 
setgid res=0 
open 
open fd=9(<f>/proc/sys/kernel/ngroups_max) name=/proc/sys/kernel/ngroups_max flags=1(O_RDONLY) mode=0 dev=65 
read fd=9(<f>/proc/sys/kernel/ngroups_max) size=31 
read res=6 data=65536. 
close fd=9(<f>/proc/sys/kernel/ngroups_max) 
close res=0 
open 
open fd=9(<f>/etc/group) name=/etc/group flags=4097(O_RDONLY|O_CLOEXEC) mode=0 dev=63 
lseek fd=9(<f>/etc/group) offset=0 whence=1(SEEK_CUR) 
lseek res=0 
fstat fd=9(<f>/etc/group) 
fstat res=0 
mmap addr=0 length=446 prot=1(PROT_READ) flags=1(MAP_SHARED) fd=9(<f>/etc/group) offset=0 
mmap res=7FBF45678000 vm_size=383124 vm_rss=7640 vm_swap=0 
lseek fd=9(<f>/etc/group) offset=446 whence=0(SEEK_SET) 
lseek res=446 
fstat fd=9(<f>/etc/group) 
fstat res=0 
munmap addr=7FBF45678000 length=446 
munmap res=0 vm_size=383120 vm_rss=8984 vm_swap=0 
close fd=9(<f>/etc/group) 
close res=0 
setgroups 
setgroups 
geteuid 
geteuid euid=0(root) 
setuid uid=33(www-data) 
setuid res=0 
getpid 
getpid 
rt_sigaction 
rt_sigaction 
rt_sigaction 
rt_sigaction 
rt_sigaction 
rt_sigaction 
rt_sigaction 
rt_sigaction 
rt_sigaction 
rt_sigaction 
rt_sigaction 
rt_sigaction 
rt_sigaction 
rt_sigaction 
rt_sigaction 
rt_sigaction 
rt_sigaction 
rt_sigaction 
rt_sigaction 
rt_sigaction 
rt_sigaction 
rt_sigaction 
rt_sigaction 
rt_sigaction 
rt_sigaction 
rt_sigaction 
rt_sigaction 
rt_sigaction 
rt_sigaction 
rt_sigaction 
rt_sigaction 
rt_sigaction 
rt_sigaction 
rt_sigaction 
rt_sigaction 
rt_sigaction 
rt_sigaction 
rt_sigaction 
rt_sigaction 
rt_sigaction 
rt_sigaction 
rt_sigaction 
rt_sigaction 
rt_sigaction 
rt_sigaction 
rt_sigaction 
rt_sigaction 
rt_sigaction 
rt_sigaction 
rt_sigaction 
rt_sigaction 
rt_sigaction 
rt_sigaction 
rt_sigaction 
rt_sigaction 
rt_sigaction 
rt_sigaction 
rt_sigaction 
rt_sigaction 
rt_sigaction 
rt_sigaction 
rt_sigaction 
rt_sigaction 
rt_sigaction 
rt_sigaction 
rt_sigaction 
rt_sigaction 
rt_sigaction 
rt_sigaction 
rt_sigaction 
rt_sigaction 
rt_sigaction 
rt_sigaction 
rt_sigaction 
rt_sigaction 
rt_sigaction 
rt_sigaction 
rt_sigaction 
rt_sigaction 
rt_sigaction 
rt_sigaction 
rt_sigaction 
rt_sigaction 
rt_sigaction 
rt_sigaction 
rt_sigaction 
rt_sigaction 
rt_sigaction 
rt_sigaction 
rt_sigaction 
rt_sigaction 
rt_sigaction 
rt_sigaction 
rt_sigaction 
rt_sigaction 
rt_sigaction 
rt_sigaction 
rt_sigaction 
rt_sigaction 
rt_sigaction 
rt_sigaction 
rt_sigaction 
rt_sigaction 
rt_sigaction 
rt_sigaction 
rt_sigaction 
rt_sigaction 
rt_sigaction 
rt_sigaction 
rt_sigaction 
rt_sigaction 
rt_sigaction 
rt_sigaction 
rt_sigaction 
rt_sigaction 
rt_sigaction 
rt_sigaction 
rt_sigaction 
rt_sigaction 
rt_sigaction 
rt_sigaction 
rt_sigaction 
rt_sigaction 
rt_sigaction 
mmap addr=0 length=8192 prot=3(PROT_READ|PROT_WRITE) flags=10(MAP_PRIVATE|MAP_ANONYMOUS) fd=-1(EPERM) offset=0 
mmap res=7FBF45677000 vm_size=383128 vm_rss=8984 vm_swap=0 
getpid 
getpid 
epoll_create1 
epoll_create1 
epoll_ctl 
epoll_ctl 
mmap addr=0 length=8192 prot=3(PROT_READ|PROT_WRITE) flags=10(MAP_PRIVATE|MAP_ANONYMOUS) fd=-1(EPERM) offset=0 
mmap res=7FBF45675000 vm_size=383136 vm_rss=8984 vm_swap=0 
accept flags=0 
clone res=0 exe=apache2 args=-DFOREGROUND. tid=779855(apache2) pid=779855(apache2) ptid=777947(apache2) cwd= fdlimit=1048576 pgft_maj=0 pgft_min=1 vm_size=383104 vm_rss=7640 vm_swap=0 comm=apache2 cgroups=cpuset=/system.slice/docker-4d81cb26c66231747b04db742cd4f8fff01cc68354eaa9325... flags=562036736(CLONE_CHILD_CLEARTID|CLONE_CHILD_SETTID) uid=0 gid=0 vtid=80 vpid=80 
set_robust_list 
set_robust_list 
rt_sigaction 
rt_sigaction 
rt_sigaction 
rt_sigaction 
rt_sigaction 
rt_sigaction 
getpid 
getpid 
getpid 
getpid 
mmap addr=0 length=8192 prot=3(PROT_READ|PROT_WRITE) flags=10(MAP_PRIVATE|MAP_ANONYMOUS) fd=-1(EPERM) offset=0 
mmap res=7FBF4567B000 vm_size=383112 vm_rss=7640 vm_swap=0 
mmap addr=0 length=8192 prot=3(PROT_READ|PROT_WRITE) flags=10(MAP_PRIVATE|MAP_ANONYMOUS) fd=-1(EPERM) offset=0 
mmap res=7FBF45679000 vm_size=383120 vm_rss=7640 vm_swap=0 
geteuid 
geteuid euid=0(root) 
setgid gid=33(www-data) 
setgid res=0 
open 
open fd=9(<f>/proc/sys/kernel/ngroups_max) name=/proc/sys/kernel/ngroups_max flags=1(O_RDONLY) mode=0 dev=65 
read fd=9(<f>/proc/sys/kernel/ngroups_max) size=31 
read res=6 data=65536. 
close fd=9(<f>/proc/sys/kernel/ngroups_max) 
close res=0 
open 
open fd=9(<f>/etc/group) name=/etc/group flags=4097(O_RDONLY|O_CLOEXEC) mode=0 dev=63 
lseek fd=9(<f>/etc/group) offset=0 whence=1(SEEK_CUR) 
lseek res=0 
fstat fd=9(<f>/etc/group) 
fstat res=0 
mmap addr=0 length=446 prot=1(PROT_READ) flags=1(MAP_SHARED) fd=9(<f>/etc/group) offset=0 
mmap res=7FBF45678000 vm_size=383124 vm_rss=7640 vm_swap=0 
lseek fd=9(<f>/etc/group) offset=446 whence=0(SEEK_SET) 
lseek res=446 
fstat fd=9(<f>/etc/group) 
fstat res=0 
munmap addr=7FBF45678000 length=446 
munmap res=0 vm_size=383120 vm_rss=8984 vm_swap=0 
close fd=9(<f>/etc/group) 
close res=0 
setgroups 
setgroups 
geteuid 
geteuid euid=0(root) 
setuid uid=33(www-data) 
setuid res=0 
getpid 
getpid 
rt_sigaction 
rt_sigaction 
rt_sigaction 
rt_sigaction 
rt_sigaction 
rt_sigaction 
rt_sigaction 
rt_sigaction 
rt_sigaction 
rt_sigaction 
rt_sigaction 
rt_sigaction 
rt_sigaction 
rt_sigaction 
rt_sigaction 
rt_sigaction 
rt_sigaction 
rt_sigaction 
rt_sigaction 
rt_sigaction 
rt_sigaction 
rt_sigaction 
rt_sigaction 
rt_sigaction 
rt_sigaction 
rt_sigaction 
rt_sigaction 
rt_sigaction 
rt_sigaction 
rt_sigaction 
rt_sigaction 
rt_sigaction 
rt_sigaction 
rt_sigaction 
rt_sigaction 
rt_sigaction 
rt_sigaction 
rt_sigaction 
rt_sigaction 
rt_sigaction 
rt_sigaction 
rt_sigaction 
rt_sigaction 
rt_sigaction 
rt_sigaction 
rt_sigaction 
rt_sigaction 
rt_sigaction 
rt_sigaction 
rt_sigaction 
rt_sigaction 
rt_sigaction 
rt_sigaction 
rt_sigaction 
rt_sigaction 
rt_sigaction 
rt_sigaction 
rt_sigaction 
rt_sigaction 
rt_sigaction 
rt_sigaction 
rt_sigaction 
rt_sigaction 
rt_sigaction 
rt_sigaction 
rt_sigaction 
rt_sigaction 
rt_sigaction 
rt_sigaction 
rt_sigaction 
rt_sigaction 
rt_sigaction 
rt_sigaction 
rt_sigaction 
rt_sigaction 
rt_sigaction 
rt_sigaction 
rt_sigaction 
rt_sigaction 
rt_sigaction 
rt_sigaction 
rt_sigaction 
rt_sigaction 
rt_sigaction 
rt_sigaction 
rt_sigaction 
rt_sigaction 
rt_sigaction 
rt_sigaction 
rt_sigaction 
rt_sigaction 
rt_sigaction 
rt_sigaction 
rt_sigaction 
rt_sigaction 
rt_sigaction 
rt_sigaction 
rt_sigaction 
rt_sigaction 
rt_sigaction 
rt_sigaction 
rt_sigaction 
rt_sigaction 
rt_sigaction 
rt_sigaction 
rt_sigaction 
rt_sigaction 
rt_sigaction 
rt_sigaction 
rt_sigaction 
rt_sigaction 
rt_sigaction 
rt_sigaction 
rt_sigaction 
rt_sigaction 
rt_sigaction 
rt_sigaction 
rt_sigaction 
rt_sigaction 
rt_sigaction 
rt_sigaction 
rt_sigaction 
rt_sigaction 
rt_sigaction 
mmap addr=0 length=8192 prot=3(PROT_READ|PROT_WRITE) flags=10(MAP_PRIVATE|MAP_ANONYMOUS) fd=-1(EPERM) offset=0 
mmap res=7FBF45677000 vm_size=383128 vm_rss=8984 vm_swap=0 
getpid 
getpid 
epoll_create1 
epoll_create1 
epoll_ctl 
epoll_ctl 
mmap addr=0 length=8192 prot=3(PROT_READ|PROT_WRITE) flags=10(MAP_PRIVATE|MAP_ANONYMOUS) fd=-1(EPERM) offset=0 
mmap res=7FBF45675000 vm_size=383136 vm_rss=8984 vm_swap=0 
accept flags=0 
clone res=0 exe=apache2 args=-DFOREGROUND. tid=779854(apache2) pid=779854(apache2) ptid=777947(apache2) cwd= fdlimit=1048576 pgft_maj=0 pgft_min=1 vm_size=383104 vm_rss=7640 vm_swap=0 comm=apache2 cgroups=cpuset=/system.slice/docker-4d81cb26c66231747b04db742cd4f8fff01cc68354eaa9325... flags=562036736(CLONE_CHILD_CLEARTID|CLONE_CHILD_SETTID) uid=0 gid=0 vtid=79 vpid=79 
set_robust_list 
set_robust_list 
rt_sigaction 
rt_sigaction 
rt_sigaction 
rt_sigaction 
rt_sigaction 
rt_sigaction 
getpid 
getpid 
getpid 
getpid 
mmap addr=0 length=8192 prot=3(PROT_READ|PROT_WRITE) flags=10(MAP_PRIVATE|MAP_ANONYMOUS) fd=-1(EPERM) offset=0 
mmap res=7FBF4567B000 vm_size=383112 vm_rss=7640 vm_swap=0 
mmap addr=0 length=8192 prot=3(PROT_READ|PROT_WRITE) flags=10(MAP_PRIVATE|MAP_ANONYMOUS) fd=-1(EPERM) offset=0 
mmap res=7FBF45679000 vm_size=383120 vm_rss=7640 vm_swap=0 
geteuid 
geteuid euid=0(root) 
setgid gid=33(www-data) 
setgid res=0 
open 
open fd=9(<f>/proc/sys/kernel/ngroups_max) name=/proc/sys/kernel/ngroups_max flags=1(O_RDONLY) mode=0 dev=65 
read fd=9(<f>/proc/sys/kernel/ngroups_max) size=31 
read res=6 data=65536. 
close fd=9(<f>/proc/sys/kernel/ngroups_max) 
close res=0 
open 
open fd=9(<f>/etc/group) name=/etc/group flags=4097(O_RDONLY|O_CLOEXEC) mode=0 dev=63 
lseek fd=9(<f>/etc/group) offset=0 whence=1(SEEK_CUR) 
lseek res=0 
fstat fd=9(<f>/etc/group) 
fstat res=0 
mmap addr=0 length=446 prot=1(PROT_READ) flags=1(MAP_SHARED) fd=9(<f>/etc/group) offset=0 
mmap res=7FBF45678000 vm_size=383124 vm_rss=7640 vm_swap=0 
lseek fd=9(<f>/etc/group) offset=446 whence=0(SEEK_SET) 
lseek res=446 
fstat fd=9(<f>/etc/group) 
fstat res=0 
munmap addr=7FBF45678000 length=446 
munmap res=0 vm_size=383120 vm_rss=8984 vm_swap=0 
close fd=9(<f>/etc/group) 
close res=0 
setgroups 
setgroups 
geteuid 
geteuid euid=0(root) 
setuid uid=33(www-data) 
setuid res=0 
getpid 
getpid 
rt_sigaction 
rt_sigaction 
rt_sigaction 
rt_sigaction 
rt_sigaction 
rt_sigaction 
rt_sigaction 
rt_sigaction 
rt_sigaction 
rt_sigaction 
rt_sigaction 
rt_sigaction 
rt_sigaction 
rt_sigaction 
rt_sigaction 
rt_sigaction 
rt_sigaction 
rt_sigaction 
rt_sigaction 
rt_sigaction 
rt_sigaction 
rt_sigaction 
rt_sigaction 
rt_sigaction 
rt_sigaction 
rt_sigaction 
rt_sigaction 
rt_sigaction 
rt_sigaction 
rt_sigaction 
rt_sigaction 
rt_sigaction 
rt_sigaction 
rt_sigaction 
rt_sigaction 
rt_sigaction 
rt_sigaction 
rt_sigaction 
rt_sigaction 
rt_sigaction 
rt_sigaction 
rt_sigaction 
rt_sigaction 
rt_sigaction 
rt_sigaction 
rt_sigaction 
rt_sigaction 
rt_sigaction 
rt_sigaction 
rt_sigaction 
rt_sigaction 
rt_sigaction 
rt_sigaction 
rt_sigaction 
rt_sigaction 
rt_sigaction 
rt_sigaction 
rt_sigaction 
rt_sigaction 
rt_sigaction 
rt_sigaction 
rt_sigaction 
rt_sigaction 
rt_sigaction 
rt_sigaction 
rt_sigaction 
rt_sigaction 
rt_sigaction 
rt_sigaction 
rt_sigaction 
rt_sigaction 
rt_sigaction 
rt_sigaction 
rt_sigaction 
rt_sigaction 
rt_sigaction 
rt_sigaction 
rt_sigaction 
rt_sigaction 
rt_sigaction 
rt_sigaction 
rt_sigaction 
rt_sigaction 
rt_sigaction 
rt_sigaction 
rt_sigaction 
rt_sigaction 
rt_sigaction 
rt_sigaction 
rt_sigaction 
rt_sigaction 
rt_sigaction 
rt_sigaction 
rt_sigaction 
rt_sigaction 
rt_sigaction 
rt_sigaction 
rt_sigaction 
rt_sigaction 
rt_sigaction 
rt_sigaction 
rt_sigaction 
rt_sigaction 
rt_sigaction 
rt_sigaction 
rt_sigaction 
rt_sigaction 
rt_sigaction 
rt_sigaction 
rt_sigaction 
rt_sigaction 
rt_sigaction 
rt_sigaction 
rt_sigaction 
rt_sigaction 
rt_sigaction 
rt_sigaction 
rt_sigaction 
rt_sigaction 
rt_sigaction 
rt_sigaction 
rt_sigaction 
rt_sigaction 
rt_sigaction 
mmap addr=0 length=8192 prot=3(PROT_READ|PROT_WRITE) flags=10(MAP_PRIVATE|MAP_ANONYMOUS) fd=-1(EPERM) offset=0 
mmap res=7FBF45677000 vm_size=383128 vm_rss=8984 vm_swap=0 
getpid 
getpid 
epoll_create1 
epoll_create1 
epoll_ctl 
epoll_ctl 
mmap addr=0 length=8192 prot=3(PROT_READ|PROT_WRITE) flags=10(MAP_PRIVATE|MAP_ANONYMOUS) fd=-1(EPERM) offset=0 
mmap res=7FBF45675000 vm_size=383136 vm_rss=8984 vm_swap=0 
accept flags=0 
clone res=0 exe=apache2 args=-DFOREGROUND. tid=779856(apache2) pid=779856(apache2) ptid=777947(apache2) cwd= fdlimit=1048576 pgft_maj=0 pgft_min=1 vm_size=383104 vm_rss=7640 vm_swap=0 comm=apache2 cgroups=cpuset=/system.slice/docker-4d81cb26c66231747b04db742cd4f8fff01cc68354eaa9325... flags=562036736(CLONE_CHILD_CLEARTID|CLONE_CHILD_SETTID) uid=0 gid=0 vtid=81 vpid=81 
set_robust_list 
set_robust_list 
rt_sigaction 
rt_sigaction 
rt_sigaction 
rt_sigaction 
rt_sigaction 
rt_sigaction 
getpid 
getpid 
getpid 
getpid 
mmap addr=0 length=8192 prot=3(PROT_READ|PROT_WRITE) flags=10(MAP_PRIVATE|MAP_ANONYMOUS) fd=-1(EPERM) offset=0 
mmap res=7FBF4567B000 vm_size=383112 vm_rss=7640 vm_swap=0 
mmap addr=0 length=8192 prot=3(PROT_READ|PROT_WRITE) flags=10(MAP_PRIVATE|MAP_ANONYMOUS) fd=-1(EPERM) offset=0 
mmap res=7FBF45679000 vm_size=383120 vm_rss=7640 vm_swap=0 
geteuid 
geteuid euid=0(root) 
setgid gid=33(www-data) 
setgid res=0 
open 
open fd=9(<f>/proc/sys/kernel/ngroups_max) name=/proc/sys/kernel/ngroups_max flags=1(O_RDONLY) mode=0 dev=65 
read fd=9(<f>/proc/sys/kernel/ngroups_max) size=31 
read res=6 data=65536. 
close fd=9(<f>/proc/sys/kernel/ngroups_max) 
close res=0 
open 
open fd=9(<f>/etc/group) name=/etc/group flags=4097(O_RDONLY|O_CLOEXEC) mode=0 dev=63 
lseek fd=9(<f>/etc/group) offset=0 whence=1(SEEK_CUR) 
lseek res=0 
fstat fd=9(<f>/etc/group) 
fstat res=0 
mmap addr=0 length=446 prot=1(PROT_READ) flags=1(MAP_SHARED) fd=9(<f>/etc/group) offset=0 
mmap res=7FBF45678000 vm_size=383124 vm_rss=7640 vm_swap=0 
lseek fd=9(<f>/etc/group) offset=446 whence=0(SEEK_SET) 
lseek res=446 
fstat fd=9(<f>/etc/group) 
fstat res=0 
munmap addr=7FBF45678000 length=446 
munmap res=0 vm_size=383120 vm_rss=8984 vm_swap=0 
close fd=9(<f>/etc/group) 
close res=0 
setgroups 
setgroups 
geteuid 
geteuid euid=0(root) 
setuid uid=33(www-data) 
setuid res=0 
getpid 
getpid 
rt_sigaction 
rt_sigaction 
rt_sigaction 
rt_sigaction 
rt_sigaction 
rt_sigaction 
rt_sigaction 
rt_sigaction 
rt_sigaction 
rt_sigaction 
rt_sigaction 
rt_sigaction 
rt_sigaction 
rt_sigaction 
rt_sigaction 
rt_sigaction 
rt_sigaction 
rt_sigaction 
rt_sigaction 
rt_sigaction 
rt_sigaction 
rt_sigaction 
rt_sigaction 
rt_sigaction 
rt_sigaction 
rt_sigaction 
rt_sigaction 
rt_sigaction 
rt_sigaction 
rt_sigaction 
rt_sigaction 
rt_sigaction 
rt_sigaction 
rt_sigaction 
rt_sigaction 
rt_sigaction 
rt_sigaction 
rt_sigaction 
rt_sigaction 
rt_sigaction 
rt_sigaction 
rt_sigaction 
rt_sigaction 
rt_sigaction 
rt_sigaction 
rt_sigaction 
rt_sigaction 
rt_sigaction 
rt_sigaction 
rt_sigaction 
rt_sigaction 
rt_sigaction 
rt_sigaction 
rt_sigaction 
rt_sigaction 
rt_sigaction 
rt_sigaction 
rt_sigaction 
rt_sigaction 
rt_sigaction 
rt_sigaction 
rt_sigaction 
rt_sigaction 
rt_sigaction 
rt_sigaction 
rt_sigaction 
rt_sigaction 
rt_sigaction 
rt_sigaction 
rt_sigaction 
rt_sigaction 
rt_sigaction 
rt_sigaction 
rt_sigaction 
rt_sigaction 
rt_sigaction 
rt_sigaction 
rt_sigaction 
rt_sigaction 
rt_sigaction 
rt_sigaction 
rt_sigaction 
rt_sigaction 
rt_sigaction 
rt_sigaction 
rt_sigaction 
rt_sigaction 
rt_sigaction 
rt_sigaction 
rt_sigaction 
rt_sigaction 
rt_sigaction 
rt_sigaction 
rt_sigaction 
rt_sigaction 
rt_sigaction 
rt_sigaction 
rt_sigaction 
rt_sigaction 
rt_sigaction 
rt_sigaction 
rt_sigaction 
rt_sigaction 
rt_sigaction 
rt_sigaction 
rt_sigaction 
rt_sigaction 
rt_sigaction 
rt_sigaction 
rt_sigaction 
rt_sigaction 
rt_sigaction 
rt_sigaction 
rt_sigaction 
rt_sigaction 
rt_sigaction 
rt_sigaction 
rt_sigaction 
rt_sigaction 
rt_sigaction 
rt_sigaction 
rt_sigaction 
rt_sigaction 
rt_sigaction 
mmap addr=0 length=8192 prot=3(PROT_READ|PROT_WRITE) flags=10(MAP_PRIVATE|MAP_ANONYMOUS) fd=-1(EPERM) offset=0 
mmap res=7FBF45677000 vm_size=383128 vm_rss=8984 vm_swap=0 
getpid 
getpid 
epoll_create1 
epoll_create1 
epoll_ctl 
epoll_ctl 
mmap addr=0 length=8192 prot=3(PROT_READ|PROT_WRITE) flags=10(MAP_PRIVATE|MAP_ANONYMOUS) fd=-1(EPERM) offset=0 
mmap res=7FBF45675000 vm_size=383136 vm_rss=8984 vm_swap=0 
accept flags=0 
poll res=0 fds= 
shutdown fd=10(<4t>172.18.0.1:36934->172.18.0.3:80) how=1(SHUT_WR) 
shutdown res=0 
poll fds=10:41 timeout=2000 
poll res=1 fds=10:421 
read fd=10(<4t>172.18.0.1:36934->172.18.0.3:80) size=512 
read res=0 data= 
close fd=10(<4t>172.18.0.1:36934->172.18.0.3:80) 
close res=0 
read fd=4(<p>pipe:[2010501]) size=1 
read res=-11(EAGAIN) data= 
accept flags=0 
accept fd=10(<4t>127.0.0.1:35536->127.0.0.1:80) tuple=127.0.0.1:35536->127.0.0.1:80 queuepct=0 queuelen=0 queuemax=511 
getsockname 
getsockname 
fcntl fd=10(<4t>127.0.0.1:35536->127.0.0.1:80) cmd=4(F_GETFL) 
fcntl res=2(<p>pipe:[2009525]) 
fcntl fd=10(<4t>127.0.0.1:35536->127.0.0.1:80) cmd=5(F_SETFL) 
fcntl res=0(<f>/dev/null) 
mmap addr=0 length=8192 prot=3(PROT_READ|PROT_WRITE) flags=10(MAP_PRIVATE|MAP_ANONYMOUS) fd=-1(EPERM) offset=0 
mmap res=7FBF45673000 vm_size=383144 vm_rss=8984 vm_swap=0 
mmap addr=0 length=8192 prot=3(PROT_READ|PROT_WRITE) flags=10(MAP_PRIVATE|MAP_ANONYMOUS) fd=-1(EPERM) offset=0 
mmap res=7FBF45671000 vm_size=383152 vm_rss=8984 vm_swap=0 
read fd=10(<4t>127.0.0.1:35536->127.0.0.1:80) size=8000 
read res=96 data=OPTIONS * HTTP/1.0..User-Agent: Apache/2.4.25 (Debian) PHP/7.2.1 (internal dummy 
mmap addr=0 length=8192 prot=3(PROT_READ|PROT_WRITE) flags=10(MAP_PRIVATE|MAP_ANONYMOUS) fd=-1(EPERM) offset=0 
mmap res=7FBF4566F000 vm_size=383160 vm_rss=8984 vm_swap=0 
mmap addr=0 length=8192 prot=3(PROT_READ|PROT_WRITE) flags=10(MAP_PRIVATE|MAP_ANONYMOUS) fd=-1(EPERM) offset=0 
mmap res=7FBF4566D000 vm_size=383168 vm_rss=8984 vm_swap=0 
writev fd=10(<4t>127.0.0.1:35536->127.0.0.1:80) size=126 
writev res=126 data=HTTP/1.1 200 OK..Date: Thu, 10 Aug 2023 01:29:07 GMT..Server: Apache/2.4.25 (Deb 
write fd=7(<p>pipe:[2009524]) size=139 
write res=139 data=127.0.0.1 - - [10/Aug/2023:01:29:07 +0000] "OPTIONS * HTTP/1.0" 200 126 "-" "Apa 
times 
times 
shutdown fd=10(<4t>127.0.0.1:35536->127.0.0.1:80) how=1(SHUT_WR) 
shutdown res=-107(ENOTCONN) 
close fd=10(<4t>127.0.0.1:35536->127.0.0.1:80) 
close res=0 
read fd=4(<p>pipe:[2010501]) size=1 
read res=1 data=! 
close fd=9 
close res=0 
munmap addr=7FBF2E25F000 length=134217728 
munmap res=0 vm_size=252096 vm_rss=11292 vm_swap=0 
close fd=8(<f>/tmp/.ZendSem.ttr5HU (deleted)) 
close res=0 
munmap addr=7FBF3625F000 length=2243784 
munmap res=0 vm_size=249904 vm_rss=11400 vm_swap=0 
munmap addr=7FBF36921000 length=2517856 
munmap res=0 vm_size=247444 vm_rss=11420 vm_swap=0 
munmap addr=7FBF366EE000 length=2301968 
munmap res=0 vm_size=245192 vm_rss=11392 vm_swap=0 
munmap addr=7FBF36483000 length=2531352 
munmap res=0 vm_size=242716 vm_rss=11364 vm_swap=0 
munmap addr=7FBF36B88000 length=2584984 
munmap res=0 vm_size=240188 vm_rss=12752 vm_swap=0 
munmap addr=7FBF45623000 length=299008 
munmap res=0 vm_size=239896 vm_rss=12564 vm_swap=0 
munmap addr=7FBF36E00000 length=2097152 
munmap res=0 vm_size=237848 vm_rss=10516 vm_swap=0 
munmap addr=7FBF45691000 length=323584 
munmap res=0 vm_size=237532 vm_rss=10512 vm_swap=0 
munmap addr=7FBF4567B000 length=8192 
munmap res=0 vm_size=237524 vm_rss=10508 vm_swap=0 
munmap addr=7FBF45675000 length=8192 
munmap res=0 vm_size=237516 vm_rss=10504 vm_swap=0 
munmap addr=7FBF45679000 length=8192 
munmap res=0 vm_size=237508 vm_rss=10500 vm_swap=0 
munmap addr=7FBF45677000 length=8192 
munmap res=0 vm_size=237500 vm_rss=10496 vm_swap=0 
munmap addr=7FBF45671000 length=8192 
munmap res=0 vm_size=237492 vm_rss=10492 vm_swap=0 
munmap addr=7FBF4566D000 length=8192 
munmap res=0 vm_size=237484 vm_rss=10488 vm_swap=0 
munmap addr=7FBF45673000 length=8192 
munmap res=0 vm_size=237476 vm_rss=10480 vm_swap=0 
munmap addr=7FBF4566F000 length=8192 
munmap res=0 vm_size=237468 vm_rss=10476 vm_swap=0 
close fd=5(<p>pipe:[2010501]) 
close res=0 
close fd=4(<p>pipe:[2010501]) 
close res=0 
futex addr=7FBF3F40E8EC op=129(FUTEX_PRIVATE_FLAG|FUTEX_WAKE) val=2147483647 
futex res=0 
exit_group 
accept fd=10(<4t>127.0.0.1:40618->127.0.0.1:80) tuple=127.0.0.1:40618->127.0.0.1:80 queuepct=0 queuelen=0 queuemax=511 
getsockname 
getsockname 
fcntl fd=10(<4t>127.0.0.1:40618->127.0.0.1:80) cmd=4(F_GETFL) 
fcntl res=2(<p>pipe:[2009525]) 
fcntl fd=10(<4t>127.0.0.1:40618->127.0.0.1:80) cmd=5(F_SETFL) 
fcntl res=0(<f>/dev/null) 
mmap addr=0 length=8192 prot=3(PROT_READ|PROT_WRITE) flags=10(MAP_PRIVATE|MAP_ANONYMOUS) fd=-1(EPERM) offset=0 
mmap res=7FBF45673000 vm_size=383144 vm_rss=8984 vm_swap=0 
mmap addr=0 length=8192 prot=3(PROT_READ|PROT_WRITE) flags=10(MAP_PRIVATE|MAP_ANONYMOUS) fd=-1(EPERM) offset=0 
mmap res=7FBF45671000 vm_size=383152 vm_rss=8984 vm_swap=0 
read fd=10(<4t>127.0.0.1:40618->127.0.0.1:80) size=8000 
read res=96 data=OPTIONS * HTTP/1.0..User-Agent: Apache/2.4.25 (Debian) PHP/7.2.1 (internal dummy 
mmap addr=0 length=8192 prot=3(PROT_READ|PROT_WRITE) flags=10(MAP_PRIVATE|MAP_ANONYMOUS) fd=-1(EPERM) offset=0 
mmap res=7FBF4566F000 vm_size=383160 vm_rss=8984 vm_swap=0 
mmap addr=0 length=8192 prot=3(PROT_READ|PROT_WRITE) flags=10(MAP_PRIVATE|MAP_ANONYMOUS) fd=-1(EPERM) offset=0 
mmap res=7FBF4566D000 vm_size=383168 vm_rss=8984 vm_swap=0 
writev fd=10(<4t>127.0.0.1:40618->127.0.0.1:80) size=126 
writev res=126 data=HTTP/1.1 200 OK..Date: Thu, 10 Aug 2023 01:29:08 GMT..Server: Apache/2.4.25 (Deb 
write fd=7(<p>pipe:[2009524]) size=139 
write res=139 data=127.0.0.1 - - [10/Aug/2023:01:29:08 +0000] "OPTIONS * HTTP/1.0" 200 126 "-" "Apa 
times 
times 
shutdown fd=10(<4t>127.0.0.1:40618->127.0.0.1:80) how=1(SHUT_WR) 
shutdown res=-107(ENOTCONN) 
close fd=10(<4t>127.0.0.1:40618->127.0.0.1:80) 
close res=0 
read fd=4(<p>pipe:[2010501]) size=1 
read res=1 data=! 
close fd=9 
close res=0 
munmap addr=7FBF2E25F000 length=134217728 
munmap res=0 vm_size=252096 vm_rss=11300 vm_swap=0 
close fd=8(<f>/tmp/.ZendSem.ttr5HU (deleted)) 
close res=0 
munmap addr=7FBF3625F000 length=2243784 
munmap res=0 vm_size=249904 vm_rss=11408 vm_swap=0 
munmap addr=7FBF36921000 length=2517856 
munmap res=0 vm_size=247444 vm_rss=11428 vm_swap=0 
munmap addr=7FBF366EE000 length=2301968 
munmap res=0 vm_size=245192 vm_rss=11400 vm_swap=0 
munmap addr=7FBF36483000 length=2531352 
munmap res=0 vm_size=242716 vm_rss=11372 vm_swap=0 
munmap addr=7FBF36B88000 length=2584984 
munmap res=0 vm_size=240188 vm_rss=12760 vm_swap=0 
munmap addr=7FBF45623000 length=299008 
munmap res=0 vm_size=239896 vm_rss=12572 vm_swap=0 
munmap addr=7FBF36E00000 length=2097152 
munmap res=0 vm_size=237848 vm_rss=10524 vm_swap=0 
munmap addr=7FBF45691000 length=323584 
munmap res=0 vm_size=237532 vm_rss=10520 vm_swap=0 
munmap addr=7FBF4567B000 length=8192 
munmap res=0 vm_size=237524 vm_rss=10516 vm_swap=0 
munmap addr=7FBF45675000 length=8192 
munmap res=0 vm_size=237516 vm_rss=10512 vm_swap=0 
munmap addr=7FBF45679000 length=8192 
munmap res=0 vm_size=237508 vm_rss=10508 vm_swap=0 
munmap addr=7FBF45677000 length=8192 
munmap res=0 vm_size=237500 vm_rss=10504 vm_swap=0 
munmap addr=7FBF45671000 length=8192 
munmap res=0 vm_size=237492 vm_rss=10500 vm_swap=0 
munmap addr=7FBF4566D000 length=8192 
munmap res=0 vm_size=237484 vm_rss=10496 vm_swap=0 
munmap addr=7FBF45673000 length=8192 
munmap res=0 vm_size=237476 vm_rss=10488 vm_swap=0 
munmap addr=7FBF4566F000 length=8192 
munmap res=0 vm_size=237468 vm_rss=10484 vm_swap=0 
close fd=5(<p>pipe:[2010501]) 
close res=0 
close fd=4(<p>pipe:[2010501]) 
close res=0 
futex addr=7FBF3F40E8EC op=129(FUTEX_PRIVATE_FLAG|FUTEX_WAKE) val=2147483647 
futex res=0 
exit_group 
accept fd=10(<4t>127.0.0.1:40626->127.0.0.1:80) tuple=127.0.0.1:40626->127.0.0.1:80 queuepct=0 queuelen=0 queuemax=511 
getsockname 
getsockname 
fcntl fd=10(<4t>127.0.0.1:40626->127.0.0.1:80) cmd=4(F_GETFL) 
fcntl res=2(<p>pipe:[2009525]) 
fcntl fd=10(<4t>127.0.0.1:40626->127.0.0.1:80) cmd=5(F_SETFL) 
fcntl res=0(<f>/dev/null) 
mmap addr=0 length=8192 prot=3(PROT_READ|PROT_WRITE) flags=10(MAP_PRIVATE|MAP_ANONYMOUS) fd=-1(EPERM) offset=0 
mmap res=7FBF45673000 vm_size=383144 vm_rss=8984 vm_swap=0 
mmap addr=0 length=8192 prot=3(PROT_READ|PROT_WRITE) flags=10(MAP_PRIVATE|MAP_ANONYMOUS) fd=-1(EPERM) offset=0 
mmap res=7FBF45671000 vm_size=383152 vm_rss=8984 vm_swap=0 
read fd=10(<4t>127.0.0.1:40626->127.0.0.1:80) size=8000 
read res=96 data=OPTIONS * HTTP/1.0..User-Agent: Apache/2.4.25 (Debian) PHP/7.2.1 (internal dummy 
mmap addr=0 length=8192 prot=3(PROT_READ|PROT_WRITE) flags=10(MAP_PRIVATE|MAP_ANONYMOUS) fd=-1(EPERM) offset=0 
mmap res=7FBF4566F000 vm_size=383160 vm_rss=8984 vm_swap=0 
mmap addr=0 length=8192 prot=3(PROT_READ|PROT_WRITE) flags=10(MAP_PRIVATE|MAP_ANONYMOUS) fd=-1(EPERM) offset=0 
mmap res=7FBF4566D000 vm_size=383168 vm_rss=8984 vm_swap=0 
writev fd=10(<4t>127.0.0.1:40626->127.0.0.1:80) size=126 
writev res=126 data=HTTP/1.1 200 OK..Date: Thu, 10 Aug 2023 01:29:09 GMT..Server: Apache/2.4.25 (Deb 
write fd=7(<p>pipe:[2009524]) size=139 
write res=139 data=127.0.0.1 - - [10/Aug/2023:01:29:09 +0000] "OPTIONS * HTTP/1.0" 200 126 "-" "Apa 
times 
times 
shutdown fd=10(<4t>127.0.0.1:40626->127.0.0.1:80) how=1(SHUT_WR) 
shutdown res=-107(ENOTCONN) 
close fd=10(<4t>127.0.0.1:40626->127.0.0.1:80) 
close res=0 
read fd=4(<p>pipe:[2010501]) size=1 
read res=1 data=! 
close fd=9 
close res=0 
munmap addr=7FBF2E25F000 length=134217728 
munmap res=0 vm_size=252096 vm_rss=11304 vm_swap=0 
close fd=8(<f>/tmp/.ZendSem.ttr5HU (deleted)) 
close res=0 
munmap addr=7FBF3625F000 length=2243784 
munmap res=0 vm_size=249904 vm_rss=11412 vm_swap=0 
munmap addr=7FBF36921000 length=2517856 
munmap res=0 vm_size=247444 vm_rss=11432 vm_swap=0 
munmap addr=7FBF366EE000 length=2301968 
munmap res=0 vm_size=245192 vm_rss=11404 vm_swap=0 
munmap addr=7FBF36483000 length=2531352 
munmap res=0 vm_size=242716 vm_rss=11376 vm_swap=0 
munmap addr=7FBF36B88000 length=2584984 
munmap res=0 vm_size=240188 vm_rss=12764 vm_swap=0 
munmap addr=7FBF45623000 length=299008 
munmap res=0 vm_size=239896 vm_rss=12576 vm_swap=0 
munmap addr=7FBF36E00000 length=2097152 
munmap res=0 vm_size=237848 vm_rss=10528 vm_swap=0 
munmap addr=7FBF45691000 length=323584 
munmap res=0 vm_size=237532 vm_rss=10524 vm_swap=0 
munmap addr=7FBF4567B000 length=8192 
munmap res=0 vm_size=237524 vm_rss=10520 vm_swap=0 
munmap addr=7FBF45675000 length=8192 
munmap res=0 vm_size=237516 vm_rss=10516 vm_swap=0 
munmap addr=7FBF45679000 length=8192 
munmap res=0 vm_size=237508 vm_rss=10512 vm_swap=0 
munmap addr=7FBF45677000 length=8192 
munmap res=0 vm_size=237500 vm_rss=10508 vm_swap=0 
munmap addr=7FBF45671000 length=8192 
munmap res=0 vm_size=237492 vm_rss=10504 vm_swap=0 
munmap addr=7FBF4566D000 length=8192 
munmap res=0 vm_size=237484 vm_rss=10500 vm_swap=0 
munmap addr=7FBF45673000 length=8192 
munmap res=0 vm_size=237476 vm_rss=10492 vm_swap=0 
munmap addr=7FBF4566F000 length=8192 
munmap res=0 vm_size=237468 vm_rss=10488 vm_swap=0 
close fd=5(<p>pipe:[2010501]) 
close res=0 
close fd=4(<p>pipe:[2010501]) 
close res=0 
futex addr=7FBF3F40E8EC op=129(FUTEX_PRIVATE_FLAG|FUTEX_WAKE) val=2147483647 
futex res=0 
exit_group 
accept fd=10(<4t>172.18.0.1:34252->172.18.0.3:80) tuple=172.18.0.1:34252->172.18.0.3:80 queuepct=0 queuelen=0 queuemax=511 
getsockname 
getsockname 
fcntl fd=10(<4t>172.18.0.1:34252->172.18.0.3:80) cmd=4(F_GETFL) 
fcntl res=2(<p>pipe:[2009525]) 
fcntl fd=10(<4t>172.18.0.1:34252->172.18.0.3:80) cmd=5(F_SETFL) 
fcntl res=0(<f>/dev/null) 
mmap addr=0 length=8192 prot=3(PROT_READ|PROT_WRITE) flags=10(MAP_PRIVATE|MAP_ANONYMOUS) fd=-1(EPERM) offset=0 
mmap res=7FBF45673000 vm_size=383144 vm_rss=8984 vm_swap=0 
mmap addr=0 length=8192 prot=3(PROT_READ|PROT_WRITE) flags=10(MAP_PRIVATE|MAP_ANONYMOUS) fd=-1(EPERM) offset=0 
mmap res=7FBF45671000 vm_size=383152 vm_rss=8984 vm_swap=0 
read fd=10(<4t>172.18.0.1:34252->172.18.0.3:80) size=8000 
read res=1096 data=GET /wp-content/plugins/mail-masta/inc/campaign/count_of_send.php?pl=/etc/passwd 
stat 
stat res=0 path=/var/www/html/wp-content/plugins/mail-masta/inc/campaign/count_of_send.php 
mmap addr=0 length=8192 prot=3(PROT_READ|PROT_WRITE) flags=10(MAP_PRIVATE|MAP_ANONYMOUS) fd=-1(EPERM) offset=0 
mmap res=7FBF4566F000 vm_size=383160 vm_rss=8984 vm_swap=0 
open 
open fd=-2(ENOENT) name=/var/www/.htaccess flags=4097(O_RDONLY|O_CLOEXEC) mode=0 dev=0 
open 
open fd=11(<f>/var/www/html/.htaccess) name=/var/www/html/.htaccess flags=4097(O_RDONLY|O_CLOEXEC) mode=0 dev=34 
fstat fd=11(<f>/var/www/html/.htaccess) 
fstat res=0 
read fd=11(<f>/var/www/html/.htaccess) size=4096 
read res=234 data=# BEGIN WordPress.<IfModule mod_rewrite.c>.RewriteEngine On.RewriteBase /.Rewrit 
read fd=11(<f>/var/www/html/.htaccess) size=4096 
read res=0 data= 
close fd=11(<f>/var/www/html/.htaccess) 
close res=0 
mmap addr=0 length=8192 prot=3(PROT_READ|PROT_WRITE) flags=10(MAP_PRIVATE|MAP_ANONYMOUS) fd=-1(EPERM) offset=0 
mmap res=7FBF4566D000 vm_size=383168 vm_rss=8984 vm_swap=0 
open 
open fd=-2(ENOENT) name=/var/www/html/wp-content/.htaccess flags=4097(O_RDONLY|O_CLOEXEC) mode=0 dev=0 
open 
open fd=-2(ENOENT) name=/var/www/html/wp-content/plugins/.htaccess flags=4097(O_RDONLY|O_CLOEXEC) mode=0 dev=0 
open 
open fd=-2(ENOENT) name=/var/www/html/wp-content/plugins/mail-masta/.htaccess flags=4097(O_RDONLY|O_CLOEXEC) mode=0 dev=0 
open 
open fd=-2(ENOENT) name=/var/www/html/wp-content/plugins/mail-masta/inc/.htaccess flags=4097(O_RDONLY|O_CLOEXEC) mode=0 dev=0 
open 
open fd=-2(ENOENT) name=/var/www/html/wp-content/plugins/mail-masta/inc/campaign/.htaccess flags=4097(O_RDONLY|O_CLOEXEC) mode=0 dev=0 
open 
open fd=-20(ENOTDIR) name=/var/www/html/wp-content/plugins/mail-masta/inc/campaign/count_of_send.php/.htaccess flags=4097(O_RDONLY|O_CLOEXEC) mode=0 dev=0 
stat 
stat res=0 path=/var/www/html/wp-content/plugins/mail-masta/inc/campaign/count_of_send.php 
brk addr=55F61477A000 
brk res=55F61477A000 vm_size=383328 vm_rss=10160 vm_swap=0 
brk addr=55F61479B000 
brk res=55F61479B000 vm_size=383460 vm_rss=11492 vm_swap=0 
rt_sigaction 
rt_sigaction 
rt_sigaction 
rt_sigaction 
rt_sigaction 
rt_sigaction 
rt_sigaction 
rt_sigaction 
rt_sigaction 
rt_sigaction 
rt_sigaction 
rt_sigaction 
rt_sigaction 
rt_sigaction 
rt_sigaction 
rt_sigaction 
rt_sigaction 
rt_sigaction 
rt_sigaction 
rt_sigaction 
rt_sigaction 
rt_sigaction 
rt_sigaction 
rt_sigaction 
rt_sigaction 
rt_sigaction 
rt_sigaction 
rt_sigaction 
setitimer 
setitimer 
rt_sigaction 
rt_sigaction 
rt_sigprocmask 
rt_sigprocmask 
mmap addr=0 length=65536 prot=3(PROT_READ|PROT_WRITE) flags=10(MAP_PRIVATE|MAP_ANONYMOUS) fd=-1(EPERM) offset=0 
mmap res=7FBF45613000 vm_size=383524 vm_rss=12208 vm_swap=0 
getcwd 
getcwd res=14 path=/var/www/html 
chdir 
chdir res=0 path=/var/www/html/wp-content/plugins/mail-masta/inc/campaign 
lstat 
lstat res=0 path=/var/www/html/wp-content/plugins/mail-masta/inc/campaign/count_of_send.php 
lstat 
lstat res=0 path=/var/www/html/wp-content/plugins/mail-masta/inc/campaign 
lstat 
lstat res=0 path=/var/www/html/wp-content/plugins/mail-masta/inc 
lstat 
lstat res=0 path=/var/www/html/wp-content/plugins/mail-masta 
lstat 
lstat res=0 path=/var/www/html/wp-content/plugins 
lstat 
lstat res=0 path=/var/www/html/wp-content 
lstat 
lstat res=0 path=/var/www/html 
lstat 
lstat res=0 path=/var/www 
lstat 
lstat res=0 path=/var 
open 
open fd=11(<f>/var/www/html/wp-content/plugins/mail-masta/inc/campaign/count_of_send.php) name=/var/www/html/wp-content/plugins/mail-masta/inc/campaign/count_of_send.php flags=1(O_RDONLY) mode=0 dev=34 
fstat fd=11(<f>/var/www/html/wp-content/plugins/mail-masta/inc/campaign/count_of_send.php) 
fstat res=0 
fstat fd=11(<f>/var/www/html/wp-content/plugins/mail-masta/inc/campaign/count_of_send.php) 
fstat res=0 
fstat fd=11(<f>/var/www/html/wp-content/plugins/mail-masta/inc/campaign/count_of_send.php) 
fstat res=0 
mmap addr=0 length=294 prot=1(PROT_READ) flags=1(MAP_SHARED) fd=11(<f>/var/www/html/wp-content/plugins/mail-masta/inc/campaign/count_of_send.php) offset=0 
mmap res=7FBF4566C000 vm_size=383528 vm_rss=12208 vm_swap=0 
fcntl fd=8(<f>/tmp/.ZendSem.ttr5HU (deleted)) cmd=8(F_SETLK) 
fcntl res=0(<f>/dev/null) 
stat 
stat res=0 path=/var/www/html/wp-content/plugins/mail-masta/inc/campaign/count_of_send.php 
fcntl fd=8(<f>/tmp/.ZendSem.ttr5HU (deleted)) cmd=9(F_SETLKW) 
fcntl res=0(<f>/dev/null) 
fcntl fd=8(<f>/tmp/.ZendSem.ttr5HU (deleted)) cmd=8(F_SETLK) 
fcntl res=0(<f>/dev/null) 
munmap addr=7FBF4566C000 length=294 
munmap res=0 vm_size=383524 vm_rss=13892 vm_swap=0 
close fd=11(<f>/var/www/html/wp-content/plugins/mail-masta/inc/campaign/count_of_send.php) 
close res=0 
lstat 
lstat res=0 path=/etc/passwd 
lstat 
lstat res=0 path=/etc 
open 
open fd=11(<f>/etc/passwd) name=/etc/passwd flags=1(O_RDONLY) mode=0 dev=63 
fstat fd=11(<f>/etc/passwd) 
fstat res=0 
fstat fd=11(<f>/etc/passwd) 
fstat res=0 
fstat fd=11(<f>/etc/passwd) 
fstat res=0 
mmap addr=0 length=919 prot=1(PROT_READ) flags=1(MAP_SHARED) fd=11(<f>/etc/passwd) offset=0 
mmap res=7FBF4566C000 vm_size=383528 vm_rss=13892 vm_swap=0 
stat 
stat res=0 path=/etc/passwd 
fcntl fd=8(<f>/tmp/.ZendSem.ttr5HU (deleted)) cmd=9(F_SETLKW) 
fcntl res=0(<f>/dev/null) 
fcntl fd=8(<f>/tmp/.ZendSem.ttr5HU (deleted)) cmd=8(F_SETLK) 
fcntl res=0(<f>/dev/null) 
munmap addr=7FBF4566C000 length=919 
munmap res=0 vm_size=383524 vm_rss=14144 vm_swap=0 
close fd=11(<f>/etc/passwd) 
close res=0 
mmap addr=0 length=8192 prot=3(PROT_READ|PROT_WRITE) flags=10(MAP_PRIVATE|MAP_ANONYMOUS) fd=-1(EPERM) offset=0 
mmap res=7FBF45611000 vm_size=383532 vm_rss=14144 vm_swap=0 
chdir 
chdir res=0 path=/var/www/html 
setitimer 
setitimer 
fcntl fd=8(<f>/tmp/.ZendSem.ttr5HU (deleted)) cmd=8(F_SETLK) 
fcntl res=0(<f>/dev/null) 
setitimer 
setitimer 
mmap addr=0 length=8192 prot=3(PROT_READ|PROT_WRITE) flags=10(MAP_PRIVATE|MAP_ANONYMOUS) fd=-1(EPERM) offset=0 
mmap res=7FBF4560F000 vm_size=383540 vm_rss=14144 vm_swap=0 
brk addr=55F6147C4000 
brk res=55F6147C4000 vm_size=383704 vm_rss=14144 vm_swap=0 
brk addr=55F614804000 
brk res=55F614804000 vm_size=383960 vm_rss=14144 vm_swap=0 
brk addr=55F6147C4000 
brk res=55F6147C4000 vm_size=383704 vm_rss=14580 vm_swap=0 
mmap addr=0 length=8192 prot=3(PROT_READ|PROT_WRITE) flags=10(MAP_PRIVATE|MAP_ANONYMOUS) fd=-1(EPERM) offset=0 
mmap res=7FBF4560D000 vm_size=383712 vm_rss=14580 vm_swap=0 
mmap addr=0 length=8192 prot=3(PROT_READ|PROT_WRITE) flags=10(MAP_PRIVATE|MAP_ANONYMOUS) fd=-1(EPERM) offset=0 
mmap res=7FBF4560B000 vm_size=383720 vm_rss=14580 vm_swap=0 
read fd=10(<4t>172.18.0.1:34252->172.18.0.3:80) size=8000 
read res=-11(EAGAIN) data= 
writev fd=10(<4t>172.18.0.1:34252->172.18.0.3:80) size=818 
writev res=818 data=HTTP/1.1 200 OK..Date: Thu, 10 Aug 2023 01:29:18 GMT..Server: Apache/2.4.25 (Deb 
write fd=7(<p>pipe:[2009524]) size=219 
write res=219 data=172.18.0.1 - - [10/Aug/2023:01:29:18 +0000] "GET /wp-content/plugins/mail-masta/ 
times 
times 
poll fds=10:41 timeout=5000 
poll res=1 fds=10:41 
read fd=10(<4t>172.18.0.1:34252->172.18.0.3:80) size=8000 
read res=860 data=GET /favicon.ico HTTP/1.1..Host: localhost:9000..User-Agent: Mozilla/5.0 (Window 
stat 
stat res=-2(ENOENT) path=/var/www/html/favicon.ico 
lstat 
lstat res=0 path=/var 
lstat 
lstat res=0 path=/var/www 
open 
open fd=-2(ENOENT) name=/var/www/.htaccess flags=4097(O_RDONLY|O_CLOEXEC) mode=0 dev=0 
lstat 
lstat res=0 path=/var/www/html 
open 
open fd=11(<f>/var/www/html/.htaccess) name=/var/www/html/.htaccess flags=4097(O_RDONLY|O_CLOEXEC) mode=0 dev=34 
fstat fd=11(<f>/var/www/html/.htaccess) 
fstat res=0 
read fd=11(<f>/var/www/html/.htaccess) size=4096 
read res=234 data=# BEGIN WordPress.<IfModule mod_rewrite.c>.RewriteEngine On.RewriteBase /.Rewrit 
read fd=11(<f>/var/www/html/.htaccess) size=4096 
read res=0 data= 
close fd=11(<f>/var/www/html/.htaccess) 
close res=0 
lstat 
lstat res=-2(ENOENT) path=/var/www/html/favicon.ico 
stat 
stat res=-2(ENOENT) path=/var/www/html/favicon.ico 
stat 
stat res=-2(ENOENT) path=/var/www/html/favicon.ico 
stat 
stat res=0 path=/var/www/html/index.php 
rt_sigaction 
rt_sigaction 
rt_sigaction 
rt_sigaction 
rt_sigaction 
rt_sigaction 
rt_sigaction 
rt_sigaction 
rt_sigaction 
rt_sigaction 
rt_sigaction 
rt_sigaction 
rt_sigaction 
rt_sigaction 
setitimer 
setitimer 
rt_sigaction 
rt_sigaction 
rt_sigprocmask 
rt_sigprocmask 
getcwd 
getcwd res=14 path=/var/www/html 
chdir 
chdir res=0 path=/var/www/html 
fcntl fd=8(<f>/tmp/.ZendSem.ttr5HU (deleted)) cmd=8(F_SETLK) 
fcntl res=0(<f>/dev/null) 
lstat 
lstat res=0 path=/var/www/html/index.php 
stat 
stat res=0 path=/var/www/html/index.php 
lstat 
lstat res=0 path=/var/www/html/wp-blog-header.php 
stat 
stat res=0 path=/var/www/html/wp-blog-header.php 
stat 
stat res=0 path=/var/www/html/wp-load.php 
access mode=0(F_OK) 
access res=0 name=/var/www/html/wp-config.php 
stat 
stat res=0 path=/var/www/html/wp-config.php 
stat 
stat res=0 path=/var/www/html/wp-settings.php 
lstat 
lstat res=0 path=/var/www/html/wp-includes/load.php 
lstat 
lstat res=0 path=/var/www/html/wp-includes 
stat 
stat res=0 path=/var/www/html/wp-includes/load.php 
lstat 
lstat res=0 path=/var/www/html/wp-includes/default-constants.php 
stat 
stat res=0 path=/var/www/html/wp-includes/default-constants.php 
stat 
stat res=0 path=/var/www/html/wp-includes/plugin.php 
lstat 
lstat res=0 path=/var/www/html/wp-includes/class-wp-hook.php 
stat 
stat res=0 path=/var/www/html/wp-includes/class-wp-hook.php 
lstat 
lstat res=0 path=/var/www/html/wp-includes/version.php 
stat 
stat res=0 path=/var/www/html/wp-includes/version.php 
mmap addr=0 length=65536 prot=7(PROT_READ|PROT_WRITE|PROT_EXEC) flags=10(MAP_PRIVATE|MAP_ANONYMOUS) fd=-1(EPERM) offset=0 
mmap res=7FBF455FB000 vm_size=383784 vm_rss=15020 vm_swap=0 
chdir 
chdir res=0 path=/var/www/html 
setitimer 
setitimer 
fcntl fd=8(<f>/tmp/.ZendSem.ttr5HU (deleted)) cmd=8(F_SETLK) 
fcntl res=0(<f>/dev/null) 
setitimer 
setitimer 
read fd=10(<4t>172.18.0.1:34252->172.18.0.3:80) size=8000 
read res=-11(EAGAIN) data= 
writev fd=10(<4t>172.18.0.1:34252->172.18.0.3:80) size=227 
writev res=227 data=HTTP/1.1 200 OK..Date: Thu, 10 Aug 2023 01:29:18 GMT..Server: Apache/2.4.25 (Deb 
write fd=7(<p>pipe:[2009524]) size=251 
write res=251 data=172.18.0.1 - - [10/Aug/2023:01:29:18 +0000] "GET /favicon.ico HTTP/1.1" 200 227  
times 
times 
poll fds=10:41 timeout=5000 
accept fd=-512(ERESTARTSYS) tuple=NULL queuepct=0 queuelen=0 queuemax=511 
close fd=9 
close res=0 
accept fd=-512(ERESTARTSYS) tuple=NULL queuepct=0 queuelen=0 queuemax=511 
close fd=9 
accept fd=-512(ERESTARTSYS) tuple=NULL queuepct=0 queuelen=0 queuemax=511 
close res=0 
close fd=9 
close res=0 
accept fd=-512(ERESTARTSYS) tuple=NULL queuepct=0 queuelen=0 queuemax=511 
close fd=9 
close res=0 
poll res=-516(ERESTART_RESTARTBLOCK) fds= 
close fd=10(<4t>172.18.0.1:34252->172.18.0.3:80) 
close res=0 
munmap addr=7FBF2E25F000 length=134217728 
munmap res=0 vm_size=252064 vm_rss=11096 vm_swap=0 
close fd=8(<f>/tmp/.ZendSem.ttr5HU (deleted)) 
close res=0 
munmap addr=7FBF3625F000 length=2243784 
munmap res=0 vm_size=249872 vm_rss=11204 vm_swap=0 
munmap addr=7FBF36921000 length=2517856 
munmap res=0 vm_size=247412 vm_rss=11224 vm_swap=0 
munmap addr=7FBF366EE000 length=2301968 
munmap res=0 vm_size=245160 vm_rss=11196 vm_swap=0 
munmap addr=7FBF36483000 length=2531352 
munmap res=0 vm_size=242684 vm_rss=11168 vm_swap=0 
munmap addr=7FBF2E25F000 length=134217728 
munmap res=0 vm_size=252064 vm_rss=11096 vm_swap=0 
close fd=8(<f>/tmp/.ZendSem.ttr5HU (deleted)) 
close res=0 
munmap addr=7FBF3625F000 length=2243784 
munmap res=0 vm_size=249872 vm_rss=11204 vm_swap=0 
close fd=9 
close res=0 
munmap addr=7FBF36B88000 length=2584984 
munmap res=0 vm_size=240156 vm_rss=12556 vm_swap=0 
munmap addr=7FBF45623000 length=299008 
munmap res=0 vm_size=239864 vm_rss=12368 vm_swap=0 
munmap addr=7FBF36E00000 length=2097152 
munmap res=0 vm_size=237816 vm_rss=10320 vm_swap=0 
munmap addr=7FBF45691000 length=323584 
munmap res=0 vm_size=237500 vm_rss=10316 vm_swap=0 
munmap addr=7FBF4567B000 length=8192 
munmap res=0 vm_size=237492 vm_rss=10312 vm_swap=0 
munmap addr=7FBF45675000 length=8192 
munmap res=0 vm_size=237484 vm_rss=10308 vm_swap=0 
munmap addr=7FBF45679000 length=8192 
munmap res=0 vm_size=237476 vm_rss=10304 vm_swap=0 
munmap addr=7FBF45677000 length=8192 
munmap res=0 vm_size=237468 vm_rss=10300 vm_swap=0 
close fd=5(<p>pipe:[2010501]) 
close res=0 
close fd=4(<p>pipe:[2010501]) 
close res=0 
futex addr=7FBF3F40E8EC op=129(FUTEX_PRIVATE_FLAG|FUTEX_WAKE) val=2147483647 
futex res=0 
munmap addr=7FBF2E25F000 length=134217728 
munmap res=0 vm_size=252064 vm_rss=11096 vm_swap=0 
close fd=8(<f>/tmp/.ZendSem.ttr5HU (deleted)) 
close res=0 
munmap addr=7FBF2E25F000 length=134217728 
munmap res=0 vm_size=252712 vm_rss=13920 vm_swap=0 
close fd=8(<f>/tmp/.ZendSem.ttr5HU (deleted)) 
close res=0 
munmap addr=7FBF3625F000 length=2243784 
munmap res=0 vm_size=250520 vm_rss=13860 vm_swap=0 
munmap addr=7FBF36921000 length=2517856 
munmap res=0 vm_size=248060 vm_rss=13880 vm_swap=0 
munmap addr=7FBF366EE000 length=2301968 
munmap res=0 vm_size=245808 vm_rss=13852 vm_swap=0 
munmap addr=7FBF36483000 length=2531352 
munmap res=0 vm_size=243332 vm_rss=13824 vm_swap=0 
exit_group 
munmap addr=7FBF45613000 length=65536 
munmap res=0 vm_size=243268 vm_rss=14600 vm_swap=0 
brk addr=55F614768000 
brk res=55F614768000 vm_size=242900 vm_rss=14388 vm_swap=0 
munmap addr=7FBF36B88000 length=2584984 
munmap res=0 vm_size=240372 vm_rss=13948 vm_swap=0 
munmap addr=7FBF2E25F000 length=134217728 
munmap res=0 vm_size=252284 vm_rss=11384 vm_swap=0 
close fd=8(<f>/tmp/.ZendSem.ttr5HU (deleted)) 
close res=0 
munmap addr=7FBF45623000 length=299008 
munmap res=0 vm_size=240080 vm_rss=13760 vm_swap=0 
munmap addr=7FBF36E00000 length=2097152 
munmap res=0 vm_size=238032 vm_rss=11712 vm_swap=0 
munmap addr=7FBF45691000 length=323584 
munmap res=0 vm_size=237716 vm_rss=11708 vm_swap=0 
munmap addr=7FBF4567B000 length=8192 
munmap res=0 vm_size=237708 vm_rss=11704 vm_swap=0 
munmap addr=7FBF45675000 length=8192 
munmap res=0 vm_size=237700 vm_rss=11700 vm_swap=0 
munmap addr=7FBF45679000 length=8192 
munmap res=0 vm_size=237692 vm_rss=11696 vm_swap=0 
munmap addr=7FBF4560B000 length=8192 
munmap res=0 vm_size=237684 vm_rss=11692 vm_swap=0 
munmap addr=7FBF45673000 length=8192 
munmap res=0 vm_size=237676 vm_rss=11684 vm_swap=0 
munmap addr=7FBF45677000 length=8192 
munmap res=0 vm_size=237668 vm_rss=11680 vm_swap=0 
munmap addr=7FBF45611000 length=8192 
munmap res=0 vm_size=237660 vm_rss=11676 vm_swap=0 
munmap addr=7FBF4566F000 length=8192 
munmap addr=7FBF3625F000 length=2243784 
munmap res=0 vm_size=237652 vm_rss=11668 vm_swap=0 
munmap addr=7FBF4560D000 length=8192 
munmap res=0 vm_size=237644 vm_rss=11664 vm_swap=0 
munmap addr=7FBF4560F000 length=8192 
munmap res=0 vm_size=237636 vm_rss=11656 vm_swap=0 
munmap addr=7FBF45671000 length=8192 
munmap res=0 vm_size=237628 vm_rss=11652 vm_swap=0 
munmap res=0 vm_size=250092 vm_rss=11492 vm_swap=0 
close fd=5(<p>pipe:[2010501]) 
close res=0 
close fd=4(<p>pipe:[2010501]) 
close res=0 
futex addr=7FBF3F40E8EC op=129(FUTEX_PRIVATE_FLAG|FUTEX_WAKE) val=2147483647 
futex res=0 
munmap addr=7FBF36921000 length=2517856 
munmap res=0 vm_size=247412 vm_rss=11224 vm_swap=0 
munmap addr=7FBF366EE000 length=2301968 
munmap res=0 vm_size=245160 vm_rss=11196 vm_swap=0 
munmap addr=7FBF36483000 length=2531352 
munmap res=0 vm_size=242684 vm_rss=11168 vm_swap=0 
munmap addr=7FBF3625F000 length=2243784 
munmap res=0 vm_size=249872 vm_rss=11204 vm_swap=0 
munmap addr=7FBF36921000 length=2517856 
munmap res=0 vm_size=247412 vm_rss=11224 vm_swap=0 
munmap addr=7FBF366EE000 length=2301968 
munmap res=0 vm_size=245160 vm_rss=11196 vm_swap=0 
munmap addr=7FBF36483000 length=2531352 
munmap res=0 vm_size=242684 vm_rss=11168 vm_swap=0 
munmap addr=7FBF36B88000 length=2584984 
munmap res=0 vm_size=240156 vm_rss=12556 vm_swap=0 
munmap addr=7FBF45623000 length=299008 
munmap res=0 vm_size=239864 vm_rss=12368 vm_swap=0 
munmap addr=7FBF36921000 length=2517856 
munmap res=0 vm_size=247632 vm_rss=11512 vm_swap=0 
munmap addr=7FBF36E00000 length=2097152 
munmap addr=7FBF366EE000 length=2301968 
munmap res=0 vm_size=245380 vm_rss=11484 vm_swap=0 
munmap addr=7FBF36483000 length=2531352 
munmap res=0 vm_size=242904 vm_rss=11456 vm_swap=0 
munmap res=0 vm_size=237816 vm_rss=10320 vm_swap=0 
munmap addr=7FBF45691000 length=323584 
munmap res=0 vm_size=237500 vm_rss=10316 vm_swap=0 
munmap addr=7FBF4567B000 length=8192 
munmap res=0 vm_size=237492 vm_rss=10312 vm_swap=0 
munmap addr=7FBF45675000 length=8192 
munmap res=0 vm_size=237484 vm_rss=10308 vm_swap=0 
munmap addr=7FBF45679000 length=8192 
munmap res=0 vm_size=237476 vm_rss=10304 vm_swap=0 
munmap addr=7FBF45677000 length=8192 
munmap res=0 vm_size=237468 vm_rss=10300 vm_swap=0 
close fd=5(<p>pipe:[2010501]) 
close res=0 
close fd=4(<p>pipe:[2010501]) 
close res=0 
futex addr=7FBF3F40E8EC op=129(FUTEX_PRIVATE_FLAG|FUTEX_WAKE) val=2147483647 
futex res=0 
munmap addr=7FBF36B88000 length=2584984 
munmap res=0 vm_size=240156 vm_rss=12556 vm_swap=0 
munmap addr=7FBF45623000 length=299008 
munmap res=0 vm_size=239864 vm_rss=12368 vm_swap=0 
munmap addr=7FBF36E00000 length=2097152 
munmap res=0 vm_size=237816 vm_rss=10320 vm_swap=0 
munmap addr=7FBF45691000 length=323584 
munmap res=0 vm_size=237500 vm_rss=10316 vm_swap=0 
munmap addr=7FBF4567B000 length=8192 
munmap res=0 vm_size=237492 vm_rss=10312 vm_swap=0 
munmap addr=7FBF45675000 length=8192 
munmap res=0 vm_size=237484 vm_rss=10308 vm_swap=0 
munmap addr=7FBF45679000 length=8192 
munmap res=0 vm_size=237476 vm_rss=10304 vm_swap=0 
munmap addr=7FBF45677000 length=8192 
munmap res=0 vm_size=237468 vm_rss=10300 vm_swap=0 
close fd=5(<p>pipe:[2010501]) 
close res=0 
close fd=4(<p>pipe:[2010501]) 
close res=0 
exit_group 
munmap addr=7FBF36B88000 length=2584984 
munmap res=0 vm_size=240376 vm_rss=12844 vm_swap=0 
futex addr=7FBF3F40E8EC op=129(FUTEX_PRIVATE_FLAG|FUTEX_WAKE) val=2147483647 
futex res=0 
munmap addr=7FBF45623000 length=299008 
munmap res=0 vm_size=240084 vm_rss=12656 vm_swap=0 
munmap addr=7FBF36E00000 length=2097152 
munmap res=0 vm_size=238036 vm_rss=10608 vm_swap=0 
munmap addr=7FBF45691000 length=323584 
munmap res=0 vm_size=237720 vm_rss=10604 vm_swap=0 
munmap addr=7FBF4567B000 length=8192 
munmap res=0 vm_size=237712 vm_rss=10600 vm_swap=0 
munmap addr=7FBF45675000 length=8192 
munmap res=0 vm_size=237704 vm_rss=10596 vm_swap=0 
munmap addr=7FBF45679000 length=8192 
munmap res=0 vm_size=237696 vm_rss=10592 vm_swap=0 
munmap addr=7FBF45677000 length=8192 
munmap res=0 vm_size=237688 vm_rss=10588 vm_swap=0 
munmap addr=7FBF4561B000 length=8192 
munmap res=0 vm_size=237680 vm_rss=10584 vm_swap=0 
munmap addr=7FBF45621000 length=8192 
munmap res=0 vm_size=237672 vm_rss=10576 vm_swap=0 
munmap addr=7FBF4566D000 length=8192 
munmap res=0 vm_size=237664 vm_rss=10568 vm_swap=0 
munmap addr=7FBF4566F000 length=8192 
munmap res=0 vm_size=237656 vm_rss=10560 vm_swap=0 
munmap addr=7FBF45673000 length=8192 
munmap res=0 vm_size=237648 vm_rss=10552 vm_swap=0 
munmap addr=7FBF4561F000 length=8192 
munmap res=0 vm_size=237640 vm_rss=10548 vm_swap=0 
munmap addr=7FBF4561D000 length=8192 
munmap res=0 vm_size=237632 vm_rss=10544 vm_swap=0 
munmap addr=7FBF45671000 length=8192 
munmap res=0 vm_size=237624 vm_rss=10540 vm_swap=0 
close fd=5(<p>pipe:[2010501]) 
close res=0 
close fd=4(<p>pipe:[2010501]) 
close res=0 
futex addr=7FBF3F40E8EC op=129(FUTEX_PRIVATE_FLAG|FUTEX_WAKE) val=2147483647 
futex res=0 
exit_group 
exit_group 
exit_group 
