clone res=0 exe=apache2 args=-DFOREGROUND. tid=774565(apache2) pid=774565(apache2) ptid=768377(apache2) cwd= fdlimit=1048576 pgft_maj=0 pgft_min=1 vm_size=383104 vm_rss=7640 vm_swap=0 comm=apache2 cgroups=cpuset=/system.slice/docker-4d81cb26c66231747b04db742cd4f8fff01cc68354eaa9325... flags=562036736(CLONE_CHILD_CLEARTID|CLONE_CHILD_SETTID) uid=0 gid=0 vtid=77 vpid=77 
set_robust_list 
set_robust_list 
rt_sigaction 
rt_sigaction 
rt_sigaction 
rt_sigaction 
rt_sigaction 
rt_sigaction 
getpid 
getpid 
getpid 
getpid 
mmap addr=0 length=8192 prot=3(PROT_READ|PROT_WRITE) flags=10(MAP_PRIVATE|MAP_ANONYMOUS) fd=-1(EPERM) offset=0 
mmap res=7FEE6C989000 vm_size=383112 vm_rss=7640 vm_swap=0 
mmap addr=0 length=8192 prot=3(PROT_READ|PROT_WRITE) flags=10(MAP_PRIVATE|MAP_ANONYMOUS) fd=-1(EPERM) offset=0 
mmap res=7FEE6C987000 vm_size=383120 vm_rss=7640 vm_swap=0 
geteuid 
geteuid euid=0(root) 
setgid gid=33(www-data) 
setgid res=0 
open 
open fd=9(<f>/proc/sys/kernel/ngroups_max) name=/proc/sys/kernel/ngroups_max flags=1(O_RDONLY) mode=0 dev=65 
read fd=9(<f>/proc/sys/kernel/ngroups_max) size=31 
read res=6 data=65536. 
close fd=9(<f>/proc/sys/kernel/ngroups_max) 
close res=0 
open 
open fd=9(<f>/etc/group) name=/etc/group flags=4097(O_RDONLY|O_CLOEXEC) mode=0 dev=63 
lseek fd=9(<f>/etc/group) offset=0 whence=1(SEEK_CUR) 
lseek res=0 
fstat fd=9(<f>/etc/group) 
fstat res=0 
mmap addr=0 length=446 prot=1(PROT_READ) flags=1(MAP_SHARED) fd=9(<f>/etc/group) offset=0 
mmap res=7FEE6C986000 vm_size=383124 vm_rss=7640 vm_swap=0 
lseek fd=9(<f>/etc/group) offset=446 whence=0(SEEK_SET) 
lseek res=446 
fstat fd=9(<f>/etc/group) 
fstat res=0 
munmap addr=7FEE6C986000 length=446 
munmap res=0 vm_size=383120 vm_rss=9020 vm_swap=0 
close fd=9(<f>/etc/group) 
close res=0 
setgroups 
setgroups 
geteuid 
geteuid euid=0(root) 
setuid uid=33(www-data) 
setuid res=0 
getpid 
getpid 
rt_sigaction 
rt_sigaction 
rt_sigaction 
rt_sigaction 
rt_sigaction 
rt_sigaction 
rt_sigaction 
rt_sigaction 
rt_sigaction 
rt_sigaction 
rt_sigaction 
rt_sigaction 
rt_sigaction 
rt_sigaction 
rt_sigaction 
rt_sigaction 
rt_sigaction 
rt_sigaction 
rt_sigaction 
rt_sigaction 
rt_sigaction 
rt_sigaction 
rt_sigaction 
rt_sigaction 
rt_sigaction 
rt_sigaction 
rt_sigaction 
rt_sigaction 
rt_sigaction 
rt_sigaction 
rt_sigaction 
rt_sigaction 
rt_sigaction 
rt_sigaction 
rt_sigaction 
rt_sigaction 
rt_sigaction 
rt_sigaction 
rt_sigaction 
rt_sigaction 
rt_sigaction 
rt_sigaction 
rt_sigaction 
rt_sigaction 
rt_sigaction 
rt_sigaction 
rt_sigaction 
rt_sigaction 
rt_sigaction 
rt_sigaction 
rt_sigaction 
rt_sigaction 
rt_sigaction 
rt_sigaction 
rt_sigaction 
rt_sigaction 
rt_sigaction 
rt_sigaction 
rt_sigaction 
rt_sigaction 
rt_sigaction 
rt_sigaction 
rt_sigaction 
rt_sigaction 
rt_sigaction 
rt_sigaction 
rt_sigaction 
rt_sigaction 
rt_sigaction 
rt_sigaction 
rt_sigaction 
rt_sigaction 
rt_sigaction 
rt_sigaction 
rt_sigaction 
rt_sigaction 
rt_sigaction 
rt_sigaction 
rt_sigaction 
rt_sigaction 
rt_sigaction 
rt_sigaction 
rt_sigaction 
rt_sigaction 
rt_sigaction 
rt_sigaction 
rt_sigaction 
rt_sigaction 
rt_sigaction 
rt_sigaction 
rt_sigaction 
rt_sigaction 
rt_sigaction 
rt_sigaction 
rt_sigaction 
rt_sigaction 
rt_sigaction 
rt_sigaction 
rt_sigaction 
rt_sigaction 
rt_sigaction 
rt_sigaction 
rt_sigaction 
rt_sigaction 
rt_sigaction 
rt_sigaction 
rt_sigaction 
rt_sigaction 
rt_sigaction 
rt_sigaction 
rt_sigaction 
rt_sigaction 
rt_sigaction 
rt_sigaction 
rt_sigaction 
rt_sigaction 
rt_sigaction 
rt_sigaction 
rt_sigaction 
rt_sigaction 
rt_sigaction 
rt_sigaction 
rt_sigaction 
rt_sigaction 
mmap addr=0 length=8192 prot=3(PROT_READ|PROT_WRITE) flags=10(MAP_PRIVATE|MAP_ANONYMOUS) fd=-1(EPERM) offset=0 
mmap res=7FEE6C985000 vm_size=383128 vm_rss=9020 vm_swap=0 
getpid 
getpid 
epoll_create1 
epoll_create1 
epoll_ctl 
epoll_ctl 
mmap addr=0 length=8192 prot=3(PROT_READ|PROT_WRITE) flags=10(MAP_PRIVATE|MAP_ANONYMOUS) fd=-1(EPERM) offset=0 
mmap res=7FEE6C983000 vm_size=383136 vm_rss=9020 vm_swap=0 
accept flags=0 
clone res=0 exe=apache2 args=-DFOREGROUND. tid=774610(apache2) pid=774610(apache2) ptid=768377(apache2) cwd= fdlimit=1048576 pgft_maj=0 pgft_min=1 vm_size=383104 vm_rss=7640 vm_swap=0 comm=apache2 cgroups=cpuset=/system.slice/docker-4d81cb26c66231747b04db742cd4f8fff01cc68354eaa9325... flags=562036736(CLONE_CHILD_CLEARTID|CLONE_CHILD_SETTID) uid=0 gid=0 vtid=78 vpid=78 
set_robust_list 
set_robust_list 
rt_sigaction 
rt_sigaction 
rt_sigaction 
rt_sigaction 
rt_sigaction 
rt_sigaction 
getpid 
getpid 
getpid 
getpid 
mmap addr=0 length=8192 prot=3(PROT_READ|PROT_WRITE) flags=10(MAP_PRIVATE|MAP_ANONYMOUS) fd=-1(EPERM) offset=0 
mmap res=7FEE6C989000 vm_size=383112 vm_rss=7640 vm_swap=0 
mmap addr=0 length=8192 prot=3(PROT_READ|PROT_WRITE) flags=10(MAP_PRIVATE|MAP_ANONYMOUS) fd=-1(EPERM) offset=0 
mmap res=7FEE6C987000 vm_size=383120 vm_rss=7640 vm_swap=0 
geteuid 
geteuid euid=0(root) 
setgid gid=33(www-data) 
setgid res=0 
open 
open fd=9(<f>/proc/sys/kernel/ngroups_max) name=/proc/sys/kernel/ngroups_max flags=1(O_RDONLY) mode=0 dev=65 
read fd=9(<f>/proc/sys/kernel/ngroups_max) size=31 
read res=6 data=65536. 
close fd=9(<f>/proc/sys/kernel/ngroups_max) 
close res=0 
open 
open fd=9(<f>/etc/group) name=/etc/group flags=4097(O_RDONLY|O_CLOEXEC) mode=0 dev=63 
lseek fd=9(<f>/etc/group) offset=0 whence=1(SEEK_CUR) 
lseek res=0 
fstat fd=9(<f>/etc/group) 
fstat res=0 
mmap addr=0 length=446 prot=1(PROT_READ) flags=1(MAP_SHARED) fd=9(<f>/etc/group) offset=0 
mmap res=7FEE6C986000 vm_size=383124 vm_rss=7640 vm_swap=0 
lseek fd=9(<f>/etc/group) offset=446 whence=0(SEEK_SET) 
lseek res=446 
fstat fd=9(<f>/etc/group) 
fstat res=0 
munmap addr=7FEE6C986000 length=446 
munmap res=0 vm_size=383120 vm_rss=9020 vm_swap=0 
close fd=9(<f>/etc/group) 
close res=0 
setgroups 
setgroups 
geteuid 
geteuid euid=0(root) 
setuid uid=33(www-data) 
setuid res=0 
getpid 
getpid 
rt_sigaction 
rt_sigaction 
rt_sigaction 
rt_sigaction 
rt_sigaction 
rt_sigaction 
rt_sigaction 
rt_sigaction 
rt_sigaction 
rt_sigaction 
rt_sigaction 
rt_sigaction 
rt_sigaction 
rt_sigaction 
rt_sigaction 
rt_sigaction 
rt_sigaction 
rt_sigaction 
rt_sigaction 
rt_sigaction 
rt_sigaction 
rt_sigaction 
rt_sigaction 
rt_sigaction 
rt_sigaction 
rt_sigaction 
rt_sigaction 
rt_sigaction 
rt_sigaction 
rt_sigaction 
rt_sigaction 
rt_sigaction 
rt_sigaction 
rt_sigaction 
rt_sigaction 
rt_sigaction 
rt_sigaction 
rt_sigaction 
rt_sigaction 
rt_sigaction 
rt_sigaction 
rt_sigaction 
rt_sigaction 
rt_sigaction 
rt_sigaction 
rt_sigaction 
rt_sigaction 
rt_sigaction 
rt_sigaction 
rt_sigaction 
rt_sigaction 
rt_sigaction 
rt_sigaction 
rt_sigaction 
rt_sigaction 
rt_sigaction 
rt_sigaction 
rt_sigaction 
rt_sigaction 
rt_sigaction 
rt_sigaction 
rt_sigaction 
rt_sigaction 
rt_sigaction 
rt_sigaction 
rt_sigaction 
rt_sigaction 
rt_sigaction 
rt_sigaction 
rt_sigaction 
rt_sigaction 
rt_sigaction 
rt_sigaction 
rt_sigaction 
rt_sigaction 
rt_sigaction 
rt_sigaction 
rt_sigaction 
rt_sigaction 
rt_sigaction 
rt_sigaction 
rt_sigaction 
rt_sigaction 
rt_sigaction 
rt_sigaction 
rt_sigaction 
rt_sigaction 
rt_sigaction 
rt_sigaction 
rt_sigaction 
rt_sigaction 
rt_sigaction 
rt_sigaction 
rt_sigaction 
rt_sigaction 
rt_sigaction 
rt_sigaction 
rt_sigaction 
rt_sigaction 
rt_sigaction 
rt_sigaction 
rt_sigaction 
rt_sigaction 
rt_sigaction 
rt_sigaction 
rt_sigaction 
rt_sigaction 
rt_sigaction 
rt_sigaction 
rt_sigaction 
rt_sigaction 
rt_sigaction 
rt_sigaction 
rt_sigaction 
rt_sigaction 
rt_sigaction 
rt_sigaction 
rt_sigaction 
rt_sigaction 
rt_sigaction 
rt_sigaction 
rt_sigaction 
rt_sigaction 
rt_sigaction 
mmap addr=0 length=8192 prot=3(PROT_READ|PROT_WRITE) flags=10(MAP_PRIVATE|MAP_ANONYMOUS) fd=-1(EPERM) offset=0 
mmap res=7FEE6C985000 vm_size=383128 vm_rss=9020 vm_swap=0 
getpid 
getpid 
epoll_create1 
epoll_create1 
epoll_ctl 
epoll_ctl 
mmap addr=0 length=8192 prot=3(PROT_READ|PROT_WRITE) flags=10(MAP_PRIVATE|MAP_ANONYMOUS) fd=-1(EPERM) offset=0 
mmap res=7FEE6C983000 vm_size=383136 vm_rss=9020 vm_swap=0 
accept flags=0 
clone res=0 exe=apache2 args=-DFOREGROUND. tid=774612(apache2) pid=774612(apache2) ptid=768377(apache2) cwd= fdlimit=1048576 pgft_maj=0 pgft_min=1 vm_size=383104 vm_rss=7640 vm_swap=0 comm=apache2 cgroups=cpuset=/system.slice/docker-4d81cb26c66231747b04db742cd4f8fff01cc68354eaa9325... flags=562036736(CLONE_CHILD_CLEARTID|CLONE_CHILD_SETTID) uid=0 gid=0 vtid=79 vpid=79 
set_robust_list 
set_robust_list 
rt_sigaction 
rt_sigaction 
rt_sigaction 
rt_sigaction 
rt_sigaction 
rt_sigaction 
getpid 
getpid 
getpid 
getpid 
mmap addr=0 length=8192 prot=3(PROT_READ|PROT_WRITE) flags=10(MAP_PRIVATE|MAP_ANONYMOUS) fd=-1(EPERM) offset=0 
mmap res=7FEE6C989000 vm_size=383112 vm_rss=7640 vm_swap=0 
mmap addr=0 length=8192 prot=3(PROT_READ|PROT_WRITE) flags=10(MAP_PRIVATE|MAP_ANONYMOUS) fd=-1(EPERM) offset=0 
mmap res=7FEE6C987000 vm_size=383120 vm_rss=7640 vm_swap=0 
geteuid 
geteuid euid=0(root) 
setgid gid=33(www-data) 
setgid res=0 
open 
open fd=9(<f>/proc/sys/kernel/ngroups_max) name=/proc/sys/kernel/ngroups_max flags=1(O_RDONLY) mode=0 dev=65 
read fd=9(<f>/proc/sys/kernel/ngroups_max) size=31 
read res=6 data=65536. 
close fd=9(<f>/proc/sys/kernel/ngroups_max) 
close res=0 
open 
open fd=9(<f>/etc/group) name=/etc/group flags=4097(O_RDONLY|O_CLOEXEC) mode=0 dev=63 
lseek fd=9(<f>/etc/group) offset=0 whence=1(SEEK_CUR) 
lseek res=0 
fstat fd=9(<f>/etc/group) 
fstat res=0 
mmap addr=0 length=446 prot=1(PROT_READ) flags=1(MAP_SHARED) fd=9(<f>/etc/group) offset=0 
mmap res=7FEE6C986000 vm_size=383124 vm_rss=7640 vm_swap=0 
lseek fd=9(<f>/etc/group) offset=446 whence=0(SEEK_SET) 
lseek res=446 
fstat fd=9(<f>/etc/group) 
fstat res=0 
munmap addr=7FEE6C986000 length=446 
munmap res=0 vm_size=383120 vm_rss=9020 vm_swap=0 
close fd=9(<f>/etc/group) 
close res=0 
setgroups 
setgroups 
geteuid 
geteuid euid=0(root) 
setuid uid=33(www-data) 
setuid res=0 
getpid 
getpid 
rt_sigaction 
rt_sigaction 
rt_sigaction 
rt_sigaction 
rt_sigaction 
rt_sigaction 
rt_sigaction 
rt_sigaction 
rt_sigaction 
rt_sigaction 
rt_sigaction 
rt_sigaction 
rt_sigaction 
rt_sigaction 
rt_sigaction 
rt_sigaction 
rt_sigaction 
rt_sigaction 
rt_sigaction 
rt_sigaction 
rt_sigaction 
rt_sigaction 
rt_sigaction 
rt_sigaction 
rt_sigaction 
rt_sigaction 
rt_sigaction 
rt_sigaction 
rt_sigaction 
rt_sigaction 
rt_sigaction 
rt_sigaction 
rt_sigaction 
rt_sigaction 
rt_sigaction 
rt_sigaction 
rt_sigaction 
rt_sigaction 
rt_sigaction 
rt_sigaction 
rt_sigaction 
rt_sigaction 
rt_sigaction 
rt_sigaction 
rt_sigaction 
rt_sigaction 
rt_sigaction 
rt_sigaction 
rt_sigaction 
rt_sigaction 
rt_sigaction 
rt_sigaction 
rt_sigaction 
rt_sigaction 
rt_sigaction 
rt_sigaction 
rt_sigaction 
rt_sigaction 
rt_sigaction 
rt_sigaction 
rt_sigaction 
rt_sigaction 
rt_sigaction 
rt_sigaction 
rt_sigaction 
rt_sigaction 
rt_sigaction 
rt_sigaction 
rt_sigaction 
rt_sigaction 
rt_sigaction 
rt_sigaction 
rt_sigaction 
rt_sigaction 
rt_sigaction 
rt_sigaction 
rt_sigaction 
rt_sigaction 
rt_sigaction 
rt_sigaction 
rt_sigaction 
rt_sigaction 
rt_sigaction 
rt_sigaction 
rt_sigaction 
rt_sigaction 
rt_sigaction 
rt_sigaction 
rt_sigaction 
rt_sigaction 
rt_sigaction 
rt_sigaction 
rt_sigaction 
rt_sigaction 
rt_sigaction 
rt_sigaction 
rt_sigaction 
rt_sigaction 
rt_sigaction 
rt_sigaction 
rt_sigaction 
rt_sigaction 
rt_sigaction 
rt_sigaction 
rt_sigaction 
rt_sigaction 
rt_sigaction 
rt_sigaction 
rt_sigaction 
rt_sigaction 
rt_sigaction 
rt_sigaction 
rt_sigaction 
rt_sigaction 
rt_sigaction 
rt_sigaction 
rt_sigaction 
rt_sigaction 
rt_sigaction 
rt_sigaction 
rt_sigaction 
rt_sigaction 
rt_sigaction 
rt_sigaction 
mmap addr=0 length=8192 prot=3(PROT_READ|PROT_WRITE) flags=10(MAP_PRIVATE|MAP_ANONYMOUS) fd=-1(EPERM) offset=0 
mmap res=7FEE6C985000 vm_size=383128 vm_rss=9020 vm_swap=0 
getpid 
getpid 
epoll_create1 
epoll_create1 
epoll_ctl 
epoll_ctl 
mmap addr=0 length=8192 prot=3(PROT_READ|PROT_WRITE) flags=10(MAP_PRIVATE|MAP_ANONYMOUS) fd=-1(EPERM) offset=0 
mmap res=7FEE6C983000 vm_size=383136 vm_rss=9020 vm_swap=0 
accept flags=0 
clone res=0 exe=apache2 args=-DFOREGROUND. tid=774638(apache2) pid=774638(apache2) ptid=768377(apache2) cwd= fdlimit=1048576 pgft_maj=0 pgft_min=1 vm_size=383104 vm_rss=7640 vm_swap=0 comm=apache2 cgroups=cpuset=/system.slice/docker-4d81cb26c66231747b04db742cd4f8fff01cc68354eaa9325... flags=562036736(CLONE_CHILD_CLEARTID|CLONE_CHILD_SETTID) uid=0 gid=0 vtid=80 vpid=80 
set_robust_list 
set_robust_list 
rt_sigaction 
rt_sigaction 
rt_sigaction 
rt_sigaction 
rt_sigaction 
rt_sigaction 
getpid 
getpid 
getpid 
getpid 
mmap addr=0 length=8192 prot=3(PROT_READ|PROT_WRITE) flags=10(MAP_PRIVATE|MAP_ANONYMOUS) fd=-1(EPERM) offset=0 
mmap res=7FEE6C989000 vm_size=383112 vm_rss=7640 vm_swap=0 
mmap addr=0 length=8192 prot=3(PROT_READ|PROT_WRITE) flags=10(MAP_PRIVATE|MAP_ANONYMOUS) fd=-1(EPERM) offset=0 
mmap res=7FEE6C987000 vm_size=383120 vm_rss=7640 vm_swap=0 
geteuid 
geteuid euid=0(root) 
setgid gid=33(www-data) 
setgid res=0 
open 
open fd=9(<f>/proc/sys/kernel/ngroups_max) name=/proc/sys/kernel/ngroups_max flags=1(O_RDONLY) mode=0 dev=65 
read fd=9(<f>/proc/sys/kernel/ngroups_max) size=31 
read res=6 data=65536. 
close fd=9(<f>/proc/sys/kernel/ngroups_max) 
close res=0 
open 
open fd=9(<f>/etc/group) name=/etc/group flags=4097(O_RDONLY|O_CLOEXEC) mode=0 dev=63 
lseek fd=9(<f>/etc/group) offset=0 whence=1(SEEK_CUR) 
lseek res=0 
fstat fd=9(<f>/etc/group) 
fstat res=0 
mmap addr=0 length=446 prot=1(PROT_READ) flags=1(MAP_SHARED) fd=9(<f>/etc/group) offset=0 
mmap res=7FEE6C986000 vm_size=383124 vm_rss=7640 vm_swap=0 
lseek fd=9(<f>/etc/group) offset=446 whence=0(SEEK_SET) 
lseek res=446 
fstat fd=9(<f>/etc/group) 
fstat res=0 
munmap addr=7FEE6C986000 length=446 
munmap res=0 vm_size=383120 vm_rss=9020 vm_swap=0 
close fd=9(<f>/etc/group) 
close res=0 
setgroups 
setgroups 
geteuid 
geteuid euid=0(root) 
setuid uid=33(www-data) 
setuid res=0 
getpid 
getpid 
rt_sigaction 
rt_sigaction 
rt_sigaction 
rt_sigaction 
rt_sigaction 
rt_sigaction 
rt_sigaction 
rt_sigaction 
rt_sigaction 
rt_sigaction 
rt_sigaction 
rt_sigaction 
rt_sigaction 
rt_sigaction 
rt_sigaction 
rt_sigaction 
rt_sigaction 
rt_sigaction 
rt_sigaction 
rt_sigaction 
rt_sigaction 
rt_sigaction 
rt_sigaction 
rt_sigaction 
rt_sigaction 
rt_sigaction 
rt_sigaction 
rt_sigaction 
rt_sigaction 
rt_sigaction 
rt_sigaction 
rt_sigaction 
rt_sigaction 
rt_sigaction 
rt_sigaction 
rt_sigaction 
rt_sigaction 
rt_sigaction 
rt_sigaction 
rt_sigaction 
rt_sigaction 
rt_sigaction 
rt_sigaction 
rt_sigaction 
rt_sigaction 
rt_sigaction 
rt_sigaction 
rt_sigaction 
rt_sigaction 
rt_sigaction 
rt_sigaction 
rt_sigaction 
rt_sigaction 
rt_sigaction 
rt_sigaction 
rt_sigaction 
rt_sigaction 
rt_sigaction 
rt_sigaction 
rt_sigaction 
rt_sigaction 
rt_sigaction 
rt_sigaction 
rt_sigaction 
rt_sigaction 
rt_sigaction 
rt_sigaction 
rt_sigaction 
rt_sigaction 
rt_sigaction 
rt_sigaction 
rt_sigaction 
rt_sigaction 
rt_sigaction 
rt_sigaction 
rt_sigaction 
rt_sigaction 
rt_sigaction 
rt_sigaction 
rt_sigaction 
rt_sigaction 
rt_sigaction 
rt_sigaction 
rt_sigaction 
rt_sigaction 
rt_sigaction 
rt_sigaction 
rt_sigaction 
rt_sigaction 
rt_sigaction 
rt_sigaction 
rt_sigaction 
rt_sigaction 
rt_sigaction 
rt_sigaction 
rt_sigaction 
rt_sigaction 
rt_sigaction 
rt_sigaction 
rt_sigaction 
rt_sigaction 
rt_sigaction 
rt_sigaction 
rt_sigaction 
rt_sigaction 
rt_sigaction 
rt_sigaction 
rt_sigaction 
rt_sigaction 
rt_sigaction 
rt_sigaction 
rt_sigaction 
rt_sigaction 
rt_sigaction 
rt_sigaction 
rt_sigaction 
rt_sigaction 
rt_sigaction 
rt_sigaction 
rt_sigaction 
rt_sigaction 
rt_sigaction 
rt_sigaction 
rt_sigaction 
mmap addr=0 length=8192 prot=3(PROT_READ|PROT_WRITE) flags=10(MAP_PRIVATE|MAP_ANONYMOUS) fd=-1(EPERM) offset=0 
mmap res=7FEE6C985000 vm_size=383128 vm_rss=9020 vm_swap=0 
getpid 
getpid 
epoll_create1 
epoll_create1 
epoll_ctl 
epoll_ctl 
mmap addr=0 length=8192 prot=3(PROT_READ|PROT_WRITE) flags=10(MAP_PRIVATE|MAP_ANONYMOUS) fd=-1(EPERM) offset=0 
mmap res=7FEE6C983000 vm_size=383136 vm_rss=9020 vm_swap=0 
accept flags=0 
clone res=0 exe=apache2 args=-DFOREGROUND. tid=774639(apache2) pid=774639(apache2) ptid=768377(apache2) cwd= fdlimit=1048576 pgft_maj=0 pgft_min=1 vm_size=383104 vm_rss=7640 vm_swap=0 comm=apache2 cgroups=cpuset=/system.slice/docker-4d81cb26c66231747b04db742cd4f8fff01cc68354eaa9325... flags=562036736(CLONE_CHILD_CLEARTID|CLONE_CHILD_SETTID) uid=0 gid=0 vtid=81 vpid=81 
set_robust_list 
set_robust_list 
rt_sigaction 
rt_sigaction 
rt_sigaction 
rt_sigaction 
rt_sigaction 
rt_sigaction 
getpid 
getpid 
getpid 
getpid 
mmap addr=0 length=8192 prot=3(PROT_READ|PROT_WRITE) flags=10(MAP_PRIVATE|MAP_ANONYMOUS) fd=-1(EPERM) offset=0 
mmap res=7FEE6C989000 vm_size=383112 vm_rss=7640 vm_swap=0 
mmap addr=0 length=8192 prot=3(PROT_READ|PROT_WRITE) flags=10(MAP_PRIVATE|MAP_ANONYMOUS) fd=-1(EPERM) offset=0 
mmap res=7FEE6C987000 vm_size=383120 vm_rss=7640 vm_swap=0 
geteuid 
geteuid euid=0(root) 
setgid gid=33(www-data) 
setgid res=0 
open 
open fd=9(<f>/proc/sys/kernel/ngroups_max) name=/proc/sys/kernel/ngroups_max flags=1(O_RDONLY) mode=0 dev=65 
read fd=9(<f>/proc/sys/kernel/ngroups_max) size=31 
read res=6 data=65536. 
close fd=9(<f>/proc/sys/kernel/ngroups_max) 
close res=0 
open 
open fd=9(<f>/etc/group) name=/etc/group flags=4097(O_RDONLY|O_CLOEXEC) mode=0 dev=63 
lseek fd=9(<f>/etc/group) offset=0 whence=1(SEEK_CUR) 
lseek res=0 
fstat fd=9(<f>/etc/group) 
fstat res=0 
mmap addr=0 length=446 prot=1(PROT_READ) flags=1(MAP_SHARED) fd=9(<f>/etc/group) offset=0 
mmap res=7FEE6C986000 vm_size=383124 vm_rss=7640 vm_swap=0 
lseek fd=9(<f>/etc/group) offset=446 whence=0(SEEK_SET) 
lseek res=446 
fstat fd=9(<f>/etc/group) 
fstat res=0 
munmap addr=7FEE6C986000 length=446 
munmap res=0 vm_size=383120 vm_rss=9020 vm_swap=0 
close fd=9(<f>/etc/group) 
close res=0 
setgroups 
setgroups 
geteuid 
geteuid euid=0(root) 
setuid uid=33(www-data) 
setuid res=0 
getpid 
getpid 
rt_sigaction 
rt_sigaction 
rt_sigaction 
rt_sigaction 
rt_sigaction 
rt_sigaction 
rt_sigaction 
rt_sigaction 
rt_sigaction 
rt_sigaction 
rt_sigaction 
rt_sigaction 
rt_sigaction 
rt_sigaction 
rt_sigaction 
rt_sigaction 
rt_sigaction 
rt_sigaction 
rt_sigaction 
rt_sigaction 
rt_sigaction 
rt_sigaction 
rt_sigaction 
rt_sigaction 
rt_sigaction 
rt_sigaction 
rt_sigaction 
rt_sigaction 
rt_sigaction 
rt_sigaction 
rt_sigaction 
rt_sigaction 
rt_sigaction 
rt_sigaction 
rt_sigaction 
rt_sigaction 
rt_sigaction 
rt_sigaction 
rt_sigaction 
rt_sigaction 
rt_sigaction 
rt_sigaction 
rt_sigaction 
rt_sigaction 
rt_sigaction 
rt_sigaction 
rt_sigaction 
rt_sigaction 
rt_sigaction 
rt_sigaction 
rt_sigaction 
rt_sigaction 
rt_sigaction 
rt_sigaction 
rt_sigaction 
rt_sigaction 
rt_sigaction 
rt_sigaction 
rt_sigaction 
rt_sigaction 
rt_sigaction 
rt_sigaction 
rt_sigaction 
rt_sigaction 
rt_sigaction 
rt_sigaction 
rt_sigaction 
rt_sigaction 
rt_sigaction 
rt_sigaction 
rt_sigaction 
rt_sigaction 
rt_sigaction 
rt_sigaction 
rt_sigaction 
rt_sigaction 
rt_sigaction 
rt_sigaction 
rt_sigaction 
rt_sigaction 
rt_sigaction 
rt_sigaction 
rt_sigaction 
rt_sigaction 
rt_sigaction 
rt_sigaction 
rt_sigaction 
rt_sigaction 
rt_sigaction 
rt_sigaction 
rt_sigaction 
rt_sigaction 
rt_sigaction 
rt_sigaction 
rt_sigaction 
rt_sigaction 
rt_sigaction 
rt_sigaction 
rt_sigaction 
rt_sigaction 
rt_sigaction 
rt_sigaction 
rt_sigaction 
rt_sigaction 
rt_sigaction 
rt_sigaction 
rt_sigaction 
rt_sigaction 
rt_sigaction 
rt_sigaction 
rt_sigaction 
rt_sigaction 
rt_sigaction 
rt_sigaction 
rt_sigaction 
rt_sigaction 
rt_sigaction 
rt_sigaction 
rt_sigaction 
rt_sigaction 
rt_sigaction 
rt_sigaction 
rt_sigaction 
rt_sigaction 
mmap addr=0 length=8192 prot=3(PROT_READ|PROT_WRITE) flags=10(MAP_PRIVATE|MAP_ANONYMOUS) fd=-1(EPERM) offset=0 
mmap res=7FEE6C985000 vm_size=383128 vm_rss=9020 vm_swap=0 
getpid 
getpid 
epoll_create1 
epoll_create1 
epoll_ctl 
epoll_ctl 
mmap addr=0 length=8192 prot=3(PROT_READ|PROT_WRITE) flags=10(MAP_PRIVATE|MAP_ANONYMOUS) fd=-1(EPERM) offset=0 
mmap res=7FEE6C983000 vm_size=383136 vm_rss=9020 vm_swap=0 
accept flags=0 
clone res=0 exe=apache2 args=-DFOREGROUND. tid=774640(apache2) pid=774640(apache2) ptid=768377(apache2) cwd= fdlimit=1048576 pgft_maj=0 pgft_min=1 vm_size=383104 vm_rss=7640 vm_swap=0 comm=apache2 cgroups=cpuset=/system.slice/docker-4d81cb26c66231747b04db742cd4f8fff01cc68354eaa9325... flags=562036736(CLONE_CHILD_CLEARTID|CLONE_CHILD_SETTID) uid=0 gid=0 vtid=82 vpid=82 
set_robust_list 
set_robust_list 
rt_sigaction 
rt_sigaction 
rt_sigaction 
rt_sigaction 
rt_sigaction 
rt_sigaction 
getpid 
getpid 
getpid 
getpid 
mmap addr=0 length=8192 prot=3(PROT_READ|PROT_WRITE) flags=10(MAP_PRIVATE|MAP_ANONYMOUS) fd=-1(EPERM) offset=0 
mmap res=7FEE6C989000 vm_size=383112 vm_rss=7640 vm_swap=0 
mmap addr=0 length=8192 prot=3(PROT_READ|PROT_WRITE) flags=10(MAP_PRIVATE|MAP_ANONYMOUS) fd=-1(EPERM) offset=0 
mmap res=7FEE6C987000 vm_size=383120 vm_rss=7640 vm_swap=0 
geteuid 
geteuid euid=0(root) 
setgid gid=33(www-data) 
setgid res=0 
open 
open fd=9(<f>/proc/sys/kernel/ngroups_max) name=/proc/sys/kernel/ngroups_max flags=1(O_RDONLY) mode=0 dev=65 
read fd=9(<f>/proc/sys/kernel/ngroups_max) size=31 
read res=6 data=65536. 
close fd=9(<f>/proc/sys/kernel/ngroups_max) 
close res=0 
open 
open fd=9(<f>/etc/group) name=/etc/group flags=4097(O_RDONLY|O_CLOEXEC) mode=0 dev=63 
lseek fd=9(<f>/etc/group) offset=0 whence=1(SEEK_CUR) 
lseek res=0 
fstat fd=9(<f>/etc/group) 
fstat res=0 
mmap addr=0 length=446 prot=1(PROT_READ) flags=1(MAP_SHARED) fd=9(<f>/etc/group) offset=0 
mmap res=7FEE6C986000 vm_size=383124 vm_rss=7640 vm_swap=0 
lseek fd=9(<f>/etc/group) offset=446 whence=0(SEEK_SET) 
lseek res=446 
fstat fd=9(<f>/etc/group) 
fstat res=0 
munmap addr=7FEE6C986000 length=446 
munmap res=0 vm_size=383120 vm_rss=9020 vm_swap=0 
close fd=9(<f>/etc/group) 
close res=0 
setgroups 
setgroups 
geteuid 
geteuid euid=0(root) 
setuid uid=33(www-data) 
setuid res=0 
getpid 
getpid 
rt_sigaction 
rt_sigaction 
rt_sigaction 
rt_sigaction 
rt_sigaction 
rt_sigaction 
rt_sigaction 
rt_sigaction 
rt_sigaction 
rt_sigaction 
rt_sigaction 
rt_sigaction 
rt_sigaction 
rt_sigaction 
rt_sigaction 
rt_sigaction 
rt_sigaction 
rt_sigaction 
rt_sigaction 
rt_sigaction 
rt_sigaction 
rt_sigaction 
rt_sigaction 
rt_sigaction 
rt_sigaction 
rt_sigaction 
rt_sigaction 
rt_sigaction 
rt_sigaction 
rt_sigaction 
rt_sigaction 
rt_sigaction 
rt_sigaction 
rt_sigaction 
rt_sigaction 
rt_sigaction 
rt_sigaction 
rt_sigaction 
rt_sigaction 
rt_sigaction 
rt_sigaction 
rt_sigaction 
rt_sigaction 
rt_sigaction 
rt_sigaction 
rt_sigaction 
rt_sigaction 
rt_sigaction 
rt_sigaction 
rt_sigaction 
rt_sigaction 
rt_sigaction 
rt_sigaction 
rt_sigaction 
rt_sigaction 
rt_sigaction 
rt_sigaction 
rt_sigaction 
rt_sigaction 
rt_sigaction 
rt_sigaction 
rt_sigaction 
rt_sigaction 
rt_sigaction 
rt_sigaction 
rt_sigaction 
rt_sigaction 
rt_sigaction 
rt_sigaction 
rt_sigaction 
rt_sigaction 
rt_sigaction 
rt_sigaction 
rt_sigaction 
rt_sigaction 
rt_sigaction 
rt_sigaction 
rt_sigaction 
rt_sigaction 
rt_sigaction 
rt_sigaction 
rt_sigaction 
rt_sigaction 
rt_sigaction 
rt_sigaction 
rt_sigaction 
rt_sigaction 
rt_sigaction 
rt_sigaction 
rt_sigaction 
rt_sigaction 
rt_sigaction 
rt_sigaction 
rt_sigaction 
rt_sigaction 
rt_sigaction 
rt_sigaction 
rt_sigaction 
rt_sigaction 
rt_sigaction 
rt_sigaction 
rt_sigaction 
rt_sigaction 
rt_sigaction 
rt_sigaction 
rt_sigaction 
rt_sigaction 
rt_sigaction 
rt_sigaction 
rt_sigaction 
rt_sigaction 
rt_sigaction 
rt_sigaction 
rt_sigaction 
rt_sigaction 
rt_sigaction 
rt_sigaction 
rt_sigaction 
rt_sigaction 
rt_sigaction 
rt_sigaction 
rt_sigaction 
rt_sigaction 
rt_sigaction 
mmap addr=0 length=8192 prot=3(PROT_READ|PROT_WRITE) flags=10(MAP_PRIVATE|MAP_ANONYMOUS) fd=-1(EPERM) offset=0 
mmap res=7FEE6C985000 vm_size=383128 vm_rss=9020 vm_swap=0 
getpid 
getpid 
epoll_create1 
epoll_create1 
epoll_ctl 
epoll_ctl 
mmap addr=0 length=8192 prot=3(PROT_READ|PROT_WRITE) flags=10(MAP_PRIVATE|MAP_ANONYMOUS) fd=-1(EPERM) offset=0 
mmap res=7FEE6C983000 vm_size=383136 vm_rss=9020 vm_swap=0 
accept flags=0 
clone res=0 exe=apache2 args=-DFOREGROUND. tid=774641(apache2) pid=774641(apache2) ptid=768377(apache2) cwd= fdlimit=1048576 pgft_maj=0 pgft_min=1 vm_size=383104 vm_rss=7640 vm_swap=0 comm=apache2 cgroups=cpuset=/system.slice/docker-4d81cb26c66231747b04db742cd4f8fff01cc68354eaa9325... flags=562036736(CLONE_CHILD_CLEARTID|CLONE_CHILD_SETTID) uid=0 gid=0 vtid=83 vpid=83 
set_robust_list 
set_robust_list 
rt_sigaction 
rt_sigaction 
rt_sigaction 
rt_sigaction 
rt_sigaction 
rt_sigaction 
getpid 
getpid 
getpid 
getpid 
mmap addr=0 length=8192 prot=3(PROT_READ|PROT_WRITE) flags=10(MAP_PRIVATE|MAP_ANONYMOUS) fd=-1(EPERM) offset=0 
mmap res=7FEE6C989000 vm_size=383112 vm_rss=7640 vm_swap=0 
mmap addr=0 length=8192 prot=3(PROT_READ|PROT_WRITE) flags=10(MAP_PRIVATE|MAP_ANONYMOUS) fd=-1(EPERM) offset=0 
mmap res=7FEE6C987000 vm_size=383120 vm_rss=7640 vm_swap=0 
geteuid 
geteuid euid=0(root) 
setgid gid=33(www-data) 
setgid res=0 
open 
open fd=9(<f>/proc/sys/kernel/ngroups_max) name=/proc/sys/kernel/ngroups_max flags=1(O_RDONLY) mode=0 dev=65 
read fd=9(<f>/proc/sys/kernel/ngroups_max) size=31 
read res=6 data=65536. 
close fd=9(<f>/proc/sys/kernel/ngroups_max) 
close res=0 
open 
open fd=9(<f>/etc/group) name=/etc/group flags=4097(O_RDONLY|O_CLOEXEC) mode=0 dev=63 
lseek fd=9(<f>/etc/group) offset=0 whence=1(SEEK_CUR) 
lseek res=0 
fstat fd=9(<f>/etc/group) 
fstat res=0 
mmap addr=0 length=446 prot=1(PROT_READ) flags=1(MAP_SHARED) fd=9(<f>/etc/group) offset=0 
mmap res=7FEE6C986000 vm_size=383124 vm_rss=7640 vm_swap=0 
lseek fd=9(<f>/etc/group) offset=446 whence=0(SEEK_SET) 
lseek res=446 
fstat fd=9(<f>/etc/group) 
fstat res=0 
munmap addr=7FEE6C986000 length=446 
munmap res=0 vm_size=383120 vm_rss=9020 vm_swap=0 
close fd=9(<f>/etc/group) 
close res=0 
setgroups 
setgroups 
geteuid 
geteuid euid=0(root) 
setuid uid=33(www-data) 
setuid res=0 
getpid 
getpid 
rt_sigaction 
rt_sigaction 
rt_sigaction 
rt_sigaction 
rt_sigaction 
rt_sigaction 
rt_sigaction 
rt_sigaction 
rt_sigaction 
rt_sigaction 
rt_sigaction 
rt_sigaction 
rt_sigaction 
rt_sigaction 
rt_sigaction 
rt_sigaction 
rt_sigaction 
rt_sigaction 
rt_sigaction 
rt_sigaction 
rt_sigaction 
rt_sigaction 
rt_sigaction 
rt_sigaction 
rt_sigaction 
rt_sigaction 
rt_sigaction 
rt_sigaction 
rt_sigaction 
rt_sigaction 
rt_sigaction 
rt_sigaction 
rt_sigaction 
rt_sigaction 
rt_sigaction 
rt_sigaction 
rt_sigaction 
rt_sigaction 
rt_sigaction 
rt_sigaction 
rt_sigaction 
rt_sigaction 
rt_sigaction 
rt_sigaction 
rt_sigaction 
rt_sigaction 
rt_sigaction 
rt_sigaction 
rt_sigaction 
rt_sigaction 
rt_sigaction 
rt_sigaction 
rt_sigaction 
rt_sigaction 
rt_sigaction 
rt_sigaction 
rt_sigaction 
rt_sigaction 
rt_sigaction 
rt_sigaction 
rt_sigaction 
rt_sigaction 
rt_sigaction 
rt_sigaction 
rt_sigaction 
rt_sigaction 
rt_sigaction 
rt_sigaction 
rt_sigaction 
rt_sigaction 
rt_sigaction 
rt_sigaction 
rt_sigaction 
rt_sigaction 
rt_sigaction 
rt_sigaction 
rt_sigaction 
rt_sigaction 
rt_sigaction 
rt_sigaction 
rt_sigaction 
rt_sigaction 
rt_sigaction 
rt_sigaction 
rt_sigaction 
rt_sigaction 
rt_sigaction 
rt_sigaction 
rt_sigaction 
rt_sigaction 
rt_sigaction 
rt_sigaction 
rt_sigaction 
rt_sigaction 
rt_sigaction 
rt_sigaction 
rt_sigaction 
rt_sigaction 
rt_sigaction 
rt_sigaction 
rt_sigaction 
rt_sigaction 
rt_sigaction 
rt_sigaction 
rt_sigaction 
rt_sigaction 
rt_sigaction 
rt_sigaction 
rt_sigaction 
rt_sigaction 
rt_sigaction 
rt_sigaction 
rt_sigaction 
rt_sigaction 
rt_sigaction 
rt_sigaction 
rt_sigaction 
rt_sigaction 
rt_sigaction 
rt_sigaction 
rt_sigaction 
rt_sigaction 
rt_sigaction 
rt_sigaction 
mmap addr=0 length=8192 prot=3(PROT_READ|PROT_WRITE) flags=10(MAP_PRIVATE|MAP_ANONYMOUS) fd=-1(EPERM) offset=0 
mmap res=7FEE6C985000 vm_size=383128 vm_rss=9020 vm_swap=0 
getpid 
getpid 
epoll_create1 
epoll_create1 
epoll_ctl 
epoll_ctl 
mmap addr=0 length=8192 prot=3(PROT_READ|PROT_WRITE) flags=10(MAP_PRIVATE|MAP_ANONYMOUS) fd=-1(EPERM) offset=0 
mmap res=7FEE6C983000 vm_size=383136 vm_rss=9020 vm_swap=0 
accept flags=0 
accept fd=10(<4t>127.0.0.1:44268->127.0.0.1:80) tuple=127.0.0.1:44268->127.0.0.1:80 queuepct=0 queuelen=0 queuemax=511 
getsockname 
getsockname 
fcntl fd=10(<4t>127.0.0.1:44268->127.0.0.1:80) cmd=4(F_GETFL) 
fcntl res=2(<p>pipe:[1981358]) 
fcntl fd=10(<4t>127.0.0.1:44268->127.0.0.1:80) cmd=5(F_SETFL) 
fcntl res=0(<f>/dev/null) 
mmap addr=0 length=8192 prot=3(PROT_READ|PROT_WRITE) flags=10(MAP_PRIVATE|MAP_ANONYMOUS) fd=-1(EPERM) offset=0 
mmap res=7FEE6C981000 vm_size=383144 vm_rss=9020 vm_swap=0 
mmap addr=0 length=8192 prot=3(PROT_READ|PROT_WRITE) flags=10(MAP_PRIVATE|MAP_ANONYMOUS) fd=-1(EPERM) offset=0 
mmap res=7FEE6C97F000 vm_size=383152 vm_rss=9020 vm_swap=0 
read fd=10(<4t>127.0.0.1:44268->127.0.0.1:80) size=8000 
read res=96 data=OPTIONS * HTTP/1.0..User-Agent: Apache/2.4.25 (Debian) PHP/7.2.1 (internal dummy 
mmap addr=0 length=8192 prot=3(PROT_READ|PROT_WRITE) flags=10(MAP_PRIVATE|MAP_ANONYMOUS) fd=-1(EPERM) offset=0 
mmap res=7FEE6C97D000 vm_size=383160 vm_rss=9020 vm_swap=0 
mmap addr=0 length=8192 prot=3(PROT_READ|PROT_WRITE) flags=10(MAP_PRIVATE|MAP_ANONYMOUS) fd=-1(EPERM) offset=0 
mmap res=7FEE6C97B000 vm_size=383168 vm_rss=9020 vm_swap=0 
writev fd=10(<4t>127.0.0.1:44268->127.0.0.1:80) size=126 
writev res=126 data=HTTP/1.1 200 OK..Date: Thu, 10 Aug 2023 01:27:00 GMT..Server: Apache/2.4.25 (Deb 
write fd=7(<p>pipe:[1981357]) size=139 
write res=139 data=127.0.0.1 - - [10/Aug/2023:01:27:00 +0000] "OPTIONS * HTTP/1.0" 200 126 "-" "Apa 
times 
times 
shutdown fd=10(<4t>127.0.0.1:44268->127.0.0.1:80) how=1(SHUT_WR) 
shutdown res=-107(ENOTCONN) 
close fd=10(<4t>127.0.0.1:44268->127.0.0.1:80) 
close res=0 
read fd=4(<p>pipe:[1969956]) size=1 
read res=1 data=! 
close fd=9 
close res=0 
munmap addr=7FEE5565F000 length=134217728 
munmap res=0 vm_size=252096 vm_rss=11244 vm_swap=0 
close fd=8(<f>/tmp/.ZendSem.aj3202 (deleted)) 
close res=0 
munmap addr=7FEE5D65F000 length=2243784 
munmap res=0 vm_size=249904 vm_rss=11392 vm_swap=0 
munmap addr=7FEE5DD21000 length=2517856 
munmap res=0 vm_size=247444 vm_rss=11412 vm_swap=0 
munmap addr=7FEE5DAEE000 length=2301968 
munmap res=0 vm_size=245192 vm_rss=11384 vm_swap=0 
munmap addr=7FEE5D883000 length=2531352 
munmap res=0 vm_size=242716 vm_rss=11356 vm_swap=0 
munmap addr=7FEE5DF88000 length=2584984 
munmap res=0 vm_size=240188 vm_rss=12916 vm_swap=0 
munmap addr=7FEE6C931000 length=299008 
munmap res=0 vm_size=239896 vm_rss=12728 vm_swap=0 
munmap addr=7FEE5E200000 length=2097152 
munmap res=0 vm_size=237848 vm_rss=10680 vm_swap=0 
munmap addr=7FEE6C99F000 length=323584 
munmap res=0 vm_size=237532 vm_rss=10676 vm_swap=0 
munmap addr=7FEE6C989000 length=8192 
munmap res=0 vm_size=237524 vm_rss=10672 vm_swap=0 
munmap addr=7FEE6C983000 length=8192 
munmap res=0 vm_size=237516 vm_rss=10668 vm_swap=0 
munmap addr=7FEE6C987000 length=8192 
munmap res=0 vm_size=237508 vm_rss=10664 vm_swap=0 
munmap addr=7FEE6C985000 length=8192 
munmap res=0 vm_size=237500 vm_rss=10660 vm_swap=0 
munmap addr=7FEE6C97F000 length=8192 
munmap res=0 vm_size=237492 vm_rss=10656 vm_swap=0 
munmap addr=7FEE6C97B000 length=8192 
munmap res=0 vm_size=237484 vm_rss=10652 vm_swap=0 
munmap addr=7FEE6C981000 length=8192 
munmap res=0 vm_size=237476 vm_rss=10644 vm_swap=0 
munmap addr=7FEE6C97D000 length=8192 
munmap res=0 vm_size=237468 vm_rss=10640 vm_swap=0 
close fd=5(<p>pipe:[1969956]) 
close res=0 
close fd=4(<p>pipe:[1969956]) 
close res=0 
futex addr=7FEE6671C8EC op=129(FUTEX_PRIVATE_FLAG|FUTEX_WAKE) val=2147483647 
futex res=0 
exit_group 
accept fd=10(<4t>127.0.0.1:44276->127.0.0.1:80) tuple=127.0.0.1:44276->127.0.0.1:80 queuepct=0 queuelen=0 queuemax=511 
getsockname 
getsockname 
fcntl fd=10(<4t>127.0.0.1:44276->127.0.0.1:80) cmd=4(F_GETFL) 
fcntl res=2(<p>pipe:[1981358]) 
fcntl fd=10(<4t>127.0.0.1:44276->127.0.0.1:80) cmd=5(F_SETFL) 
fcntl res=0(<f>/dev/null) 
mmap addr=0 length=8192 prot=3(PROT_READ|PROT_WRITE) flags=10(MAP_PRIVATE|MAP_ANONYMOUS) fd=-1(EPERM) offset=0 
mmap res=7FEE6C981000 vm_size=383144 vm_rss=9020 vm_swap=0 
mmap addr=0 length=8192 prot=3(PROT_READ|PROT_WRITE) flags=10(MAP_PRIVATE|MAP_ANONYMOUS) fd=-1(EPERM) offset=0 
mmap res=7FEE6C97F000 vm_size=383152 vm_rss=9020 vm_swap=0 
read fd=10(<4t>127.0.0.1:44276->127.0.0.1:80) size=8000 
read res=96 data=OPTIONS * HTTP/1.0..User-Agent: Apache/2.4.25 (Debian) PHP/7.2.1 (internal dummy 
mmap addr=0 length=8192 prot=3(PROT_READ|PROT_WRITE) flags=10(MAP_PRIVATE|MAP_ANONYMOUS) fd=-1(EPERM) offset=0 
mmap res=7FEE6C97D000 vm_size=383160 vm_rss=9020 vm_swap=0 
mmap addr=0 length=8192 prot=3(PROT_READ|PROT_WRITE) flags=10(MAP_PRIVATE|MAP_ANONYMOUS) fd=-1(EPERM) offset=0 
mmap res=7FEE6C97B000 vm_size=383168 vm_rss=9020 vm_swap=0 
writev fd=10(<4t>127.0.0.1:44276->127.0.0.1:80) size=126 
writev res=126 data=HTTP/1.1 200 OK..Date: Thu, 10 Aug 2023 01:27:01 GMT..Server: Apache/2.4.25 (Deb 
write fd=7(<p>pipe:[1981357]) size=139 
write res=139 data=127.0.0.1 - - [10/Aug/2023:01:27:01 +0000] "OPTIONS * HTTP/1.0" 200 126 "-" "Apa 
times 
times 
shutdown fd=10(<4t>127.0.0.1:44276->127.0.0.1:80) how=1(SHUT_WR) 
shutdown res=-107(ENOTCONN) 
close fd=10(<4t>127.0.0.1:44276->127.0.0.1:80) 
close res=0 
read fd=4(<p>pipe:[1969956]) size=1 
read res=1 data=! 
close fd=9 
close res=0 
munmap addr=7FEE5565F000 length=134217728 
munmap res=0 vm_size=252096 vm_rss=11252 vm_swap=0 
close fd=8(<f>/tmp/.ZendSem.aj3202 (deleted)) 
close res=0 
munmap addr=7FEE5D65F000 length=2243784 
munmap res=0 vm_size=249904 vm_rss=11400 vm_swap=0 
munmap addr=7FEE5DD21000 length=2517856 
munmap res=0 vm_size=247444 vm_rss=11420 vm_swap=0 
munmap addr=7FEE5DAEE000 length=2301968 
munmap res=0 vm_size=245192 vm_rss=11392 vm_swap=0 
munmap addr=7FEE5D883000 length=2531352 
munmap res=0 vm_size=242716 vm_rss=11364 vm_swap=0 
munmap addr=7FEE5DF88000 length=2584984 
munmap res=0 vm_size=240188 vm_rss=12924 vm_swap=0 
munmap addr=7FEE6C931000 length=299008 
munmap res=0 vm_size=239896 vm_rss=12736 vm_swap=0 
munmap addr=7FEE5E200000 length=2097152 
munmap res=0 vm_size=237848 vm_rss=10688 vm_swap=0 
munmap addr=7FEE6C99F000 length=323584 
munmap res=0 vm_size=237532 vm_rss=10684 vm_swap=0 
munmap addr=7FEE6C989000 length=8192 
munmap res=0 vm_size=237524 vm_rss=10680 vm_swap=0 
munmap addr=7FEE6C983000 length=8192 
munmap res=0 vm_size=237516 vm_rss=10676 vm_swap=0 
munmap addr=7FEE6C987000 length=8192 
munmap res=0 vm_size=237508 vm_rss=10672 vm_swap=0 
munmap addr=7FEE6C985000 length=8192 
munmap res=0 vm_size=237500 vm_rss=10668 vm_swap=0 
munmap addr=7FEE6C97F000 length=8192 
munmap res=0 vm_size=237492 vm_rss=10664 vm_swap=0 
munmap addr=7FEE6C97B000 length=8192 
munmap res=0 vm_size=237484 vm_rss=10660 vm_swap=0 
munmap addr=7FEE6C981000 length=8192 
munmap res=0 vm_size=237476 vm_rss=10652 vm_swap=0 
munmap addr=7FEE6C97D000 length=8192 
munmap res=0 vm_size=237468 vm_rss=10648 vm_swap=0 
close fd=5(<p>pipe:[1969956]) 
close res=0 
close fd=4(<p>pipe:[1969956]) 
close res=0 
futex addr=7FEE6671C8EC op=129(FUTEX_PRIVATE_FLAG|FUTEX_WAKE) val=2147483647 
futex res=0 
exit_group 
accept fd=10(<4t>127.0.0.1:44280->127.0.0.1:80) tuple=127.0.0.1:44280->127.0.0.1:80 queuepct=0 queuelen=0 queuemax=511 
getsockname 
getsockname 
fcntl fd=10(<4t>127.0.0.1:44280->127.0.0.1:80) cmd=4(F_GETFL) 
fcntl res=2(<p>pipe:[1981358]) 
fcntl fd=10(<4t>127.0.0.1:44280->127.0.0.1:80) cmd=5(F_SETFL) 
fcntl res=0(<f>/dev/null) 
mmap addr=0 length=8192 prot=3(PROT_READ|PROT_WRITE) flags=10(MAP_PRIVATE|MAP_ANONYMOUS) fd=-1(EPERM) offset=0 
mmap res=7FEE6C981000 vm_size=383144 vm_rss=9020 vm_swap=0 
mmap addr=0 length=8192 prot=3(PROT_READ|PROT_WRITE) flags=10(MAP_PRIVATE|MAP_ANONYMOUS) fd=-1(EPERM) offset=0 
mmap res=7FEE6C97F000 vm_size=383152 vm_rss=9020 vm_swap=0 
read fd=10(<4t>127.0.0.1:44280->127.0.0.1:80) size=8000 
read res=96 data=OPTIONS * HTTP/1.0..User-Agent: Apache/2.4.25 (Debian) PHP/7.2.1 (internal dummy 
mmap addr=0 length=8192 prot=3(PROT_READ|PROT_WRITE) flags=10(MAP_PRIVATE|MAP_ANONYMOUS) fd=-1(EPERM) offset=0 
mmap res=7FEE6C97D000 vm_size=383160 vm_rss=9020 vm_swap=0 
mmap addr=0 length=8192 prot=3(PROT_READ|PROT_WRITE) flags=10(MAP_PRIVATE|MAP_ANONYMOUS) fd=-1(EPERM) offset=0 
mmap res=7FEE6C97B000 vm_size=383168 vm_rss=9020 vm_swap=0 
writev fd=10(<4t>127.0.0.1:44280->127.0.0.1:80) size=126 
writev res=126 data=HTTP/1.1 200 OK..Date: Thu, 10 Aug 2023 01:27:02 GMT..Server: Apache/2.4.25 (Deb 
write fd=7(<p>pipe:[1981357]) size=139 
write res=139 data=127.0.0.1 - - [10/Aug/2023:01:27:02 +0000] "OPTIONS * HTTP/1.0" 200 126 "-" "Apa 
times 
times 
shutdown fd=10(<4t>127.0.0.1:44280->127.0.0.1:80) how=1(SHUT_WR) 
shutdown res=-107(ENOTCONN) 
close fd=10(<4t>127.0.0.1:44280->127.0.0.1:80) 
close res=0 
read fd=4(<p>pipe:[1969956]) size=1 
read res=1 data=! 
close fd=9 
close res=0 
munmap addr=7FEE5565F000 length=134217728 
munmap res=0 vm_size=252096 vm_rss=11252 vm_swap=0 
close fd=8(<f>/tmp/.ZendSem.aj3202 (deleted)) 
close res=0 
munmap addr=7FEE5D65F000 length=2243784 
munmap res=0 vm_size=249904 vm_rss=11400 vm_swap=0 
munmap addr=7FEE5DD21000 length=2517856 
munmap res=0 vm_size=247444 vm_rss=11420 vm_swap=0 
munmap addr=7FEE5DAEE000 length=2301968 
munmap res=0 vm_size=245192 vm_rss=11392 vm_swap=0 
munmap addr=7FEE5D883000 length=2531352 
munmap res=0 vm_size=242716 vm_rss=11364 vm_swap=0 
munmap addr=7FEE5DF88000 length=2584984 
munmap res=0 vm_size=240188 vm_rss=12924 vm_swap=0 
munmap addr=7FEE6C931000 length=299008 
munmap res=0 vm_size=239896 vm_rss=12736 vm_swap=0 
munmap addr=7FEE5E200000 length=2097152 
munmap res=0 vm_size=237848 vm_rss=10688 vm_swap=0 
munmap addr=7FEE6C99F000 length=323584 
munmap res=0 vm_size=237532 vm_rss=10684 vm_swap=0 
munmap addr=7FEE6C989000 length=8192 
munmap res=0 vm_size=237524 vm_rss=10680 vm_swap=0 
munmap addr=7FEE6C983000 length=8192 
munmap res=0 vm_size=237516 vm_rss=10676 vm_swap=0 
munmap addr=7FEE6C987000 length=8192 
munmap res=0 vm_size=237508 vm_rss=10672 vm_swap=0 
munmap addr=7FEE6C985000 length=8192 
munmap res=0 vm_size=237500 vm_rss=10668 vm_swap=0 
munmap addr=7FEE6C97F000 length=8192 
munmap res=0 vm_size=237492 vm_rss=10664 vm_swap=0 
munmap addr=7FEE6C97B000 length=8192 
munmap res=0 vm_size=237484 vm_rss=10660 vm_swap=0 
munmap addr=7FEE6C981000 length=8192 
munmap res=0 vm_size=237476 vm_rss=10652 vm_swap=0 
munmap addr=7FEE6C97D000 length=8192 
munmap res=0 vm_size=237468 vm_rss=10648 vm_swap=0 
close fd=5(<p>pipe:[1969956]) 
close res=0 
close fd=4(<p>pipe:[1969956]) 
close res=0 
futex addr=7FEE6671C8EC op=129(FUTEX_PRIVATE_FLAG|FUTEX_WAKE) val=2147483647 
futex res=0 
exit_group 
accept fd=10(<4t>172.18.0.1:50932->172.18.0.3:80) tuple=172.18.0.1:50932->172.18.0.3:80 queuepct=0 queuelen=0 queuemax=511 
getsockname 
getsockname 
fcntl fd=10(<4t>172.18.0.1:50932->172.18.0.3:80) cmd=4(F_GETFL) 
fcntl res=2(<p>pipe:[1981358]) 
fcntl fd=10(<4t>172.18.0.1:50932->172.18.0.3:80) cmd=5(F_SETFL) 
fcntl res=0(<f>/dev/null) 
mmap addr=0 length=8192 prot=3(PROT_READ|PROT_WRITE) flags=10(MAP_PRIVATE|MAP_ANONYMOUS) fd=-1(EPERM) offset=0 
mmap res=7FEE6C981000 vm_size=383144 vm_rss=9020 vm_swap=0 
mmap addr=0 length=8192 prot=3(PROT_READ|PROT_WRITE) flags=10(MAP_PRIVATE|MAP_ANONYMOUS) fd=-1(EPERM) offset=0 
mmap res=7FEE6C97F000 vm_size=383152 vm_rss=9020 vm_swap=0 
read fd=10(<4t>172.18.0.1:50932->172.18.0.3:80) size=8000 
read res=1096 data=GET /wp-content/plugins/mail-masta/inc/campaign/count_of_send.php?pl=/etc/passwd 
stat 
stat res=0 path=/var/www/html/wp-content/plugins/mail-masta/inc/campaign/count_of_send.php 
mmap addr=0 length=8192 prot=3(PROT_READ|PROT_WRITE) flags=10(MAP_PRIVATE|MAP_ANONYMOUS) fd=-1(EPERM) offset=0 
mmap res=7FEE6C97D000 vm_size=383160 vm_rss=9020 vm_swap=0 
open 
open fd=-2(ENOENT) name=/var/www/.htaccess flags=4097(O_RDONLY|O_CLOEXEC) mode=0 dev=0 
open 
open fd=11(<f>/var/www/html/.htaccess) name=/var/www/html/.htaccess flags=4097(O_RDONLY|O_CLOEXEC) mode=0 dev=34 
fstat fd=11(<f>/var/www/html/.htaccess) 
fstat res=0 
read fd=11(<f>/var/www/html/.htaccess) size=4096 
read res=234 data=# BEGIN WordPress.<IfModule mod_rewrite.c>.RewriteEngine On.RewriteBase /.Rewrit 
read fd=11(<f>/var/www/html/.htaccess) size=4096 
read res=0 data= 
close fd=11(<f>/var/www/html/.htaccess) 
close res=0 
mmap addr=0 length=8192 prot=3(PROT_READ|PROT_WRITE) flags=10(MAP_PRIVATE|MAP_ANONYMOUS) fd=-1(EPERM) offset=0 
mmap res=7FEE6C97B000 vm_size=383168 vm_rss=9020 vm_swap=0 
open 
open fd=-2(ENOENT) name=/var/www/html/wp-content/.htaccess flags=4097(O_RDONLY|O_CLOEXEC) mode=0 dev=0 
open 
open fd=-2(ENOENT) name=/var/www/html/wp-content/plugins/.htaccess flags=4097(O_RDONLY|O_CLOEXEC) mode=0 dev=0 
open 
open fd=-2(ENOENT) name=/var/www/html/wp-content/plugins/mail-masta/.htaccess flags=4097(O_RDONLY|O_CLOEXEC) mode=0 dev=0 
open 
open fd=-2(ENOENT) name=/var/www/html/wp-content/plugins/mail-masta/inc/.htaccess flags=4097(O_RDONLY|O_CLOEXEC) mode=0 dev=0 
open 
open fd=-2(ENOENT) name=/var/www/html/wp-content/plugins/mail-masta/inc/campaign/.htaccess flags=4097(O_RDONLY|O_CLOEXEC) mode=0 dev=0 
open 
open fd=-20(ENOTDIR) name=/var/www/html/wp-content/plugins/mail-masta/inc/campaign/count_of_send.php/.htaccess flags=4097(O_RDONLY|O_CLOEXEC) mode=0 dev=0 
stat 
stat res=0 path=/var/www/html/wp-content/plugins/mail-masta/inc/campaign/count_of_send.php 
brk addr=5617A0554000 
brk res=5617A0554000 vm_size=383328 vm_rss=10180 vm_swap=0 
brk addr=5617A0575000 
brk res=5617A0575000 vm_size=383460 vm_rss=11496 vm_swap=0 
rt_sigaction 
rt_sigaction 
rt_sigaction 
rt_sigaction 
rt_sigaction 
rt_sigaction 
rt_sigaction 
rt_sigaction 
rt_sigaction 
rt_sigaction 
rt_sigaction 
rt_sigaction 
rt_sigaction 
rt_sigaction 
rt_sigaction 
rt_sigaction 
rt_sigaction 
rt_sigaction 
rt_sigaction 
rt_sigaction 
rt_sigaction 
rt_sigaction 
rt_sigaction 
rt_sigaction 
rt_sigaction 
rt_sigaction 
rt_sigaction 
rt_sigaction 
setitimer 
setitimer 
rt_sigaction 
rt_sigaction 
rt_sigprocmask 
rt_sigprocmask 
mmap addr=0 length=65536 prot=3(PROT_READ|PROT_WRITE) flags=10(MAP_PRIVATE|MAP_ANONYMOUS) fd=-1(EPERM) offset=0 
mmap res=7FEE6C921000 vm_size=383524 vm_rss=12264 vm_swap=0 
getcwd 
getcwd res=14 path=/var/www/html 
chdir 
chdir res=0 path=/var/www/html/wp-content/plugins/mail-masta/inc/campaign 
fcntl fd=8(<f>/tmp/.ZendSem.aj3202 (deleted)) cmd=8(F_SETLK) 
fcntl res=0(<f>/dev/null) 
lstat 
lstat res=0 path=/var/www/html/wp-content/plugins/mail-masta/inc/campaign/count_of_send.php 
lstat 
lstat res=0 path=/var/www/html/wp-content/plugins/mail-masta/inc/campaign 
lstat 
lstat res=0 path=/var/www/html/wp-content/plugins/mail-masta/inc 
lstat 
lstat res=0 path=/var/www/html/wp-content/plugins/mail-masta 
lstat 
lstat res=0 path=/var/www/html/wp-content/plugins 
lstat 
lstat res=0 path=/var/www/html/wp-content 
lstat 
lstat res=0 path=/var/www/html 
lstat 
lstat res=0 path=/var/www 
lstat 
lstat res=0 path=/var 
stat 
stat res=0 path=/var/www/html/wp-content/plugins/mail-masta/inc/campaign/count_of_send.php 
lstat 
lstat res=0 path=/etc/passwd 
lstat 
lstat res=0 path=/etc 
stat 
stat res=0 path=/etc/passwd 
mmap addr=0 length=8192 prot=3(PROT_READ|PROT_WRITE) flags=10(MAP_PRIVATE|MAP_ANONYMOUS) fd=-1(EPERM) offset=0 
mmap res=7FEE6C91F000 vm_size=383532 vm_rss=12264 vm_swap=0 
chdir 
chdir res=0 path=/var/www/html 
setitimer 
setitimer 
fcntl fd=8(<f>/tmp/.ZendSem.aj3202 (deleted)) cmd=8(F_SETLK) 
fcntl res=0(<f>/dev/null) 
setitimer 
setitimer 
mmap addr=0 length=8192 prot=3(PROT_READ|PROT_WRITE) flags=10(MAP_PRIVATE|MAP_ANONYMOUS) fd=-1(EPERM) offset=0 
mmap res=7FEE6C91D000 vm_size=383540 vm_rss=12264 vm_swap=0 
brk addr=5617A059E000 
brk res=5617A059E000 vm_size=383704 vm_rss=12264 vm_swap=0 
brk addr=5617A05DE000 
brk res=5617A05DE000 vm_size=383960 vm_rss=13568 vm_swap=0 
brk addr=5617A059E000 
brk res=5617A059E000 vm_size=383704 vm_rss=13724 vm_swap=0 
mmap addr=0 length=8192 prot=3(PROT_READ|PROT_WRITE) flags=10(MAP_PRIVATE|MAP_ANONYMOUS) fd=-1(EPERM) offset=0 
mmap res=7FEE6C91B000 vm_size=383712 vm_rss=13724 vm_swap=0 
mmap addr=0 length=8192 prot=3(PROT_READ|PROT_WRITE) flags=10(MAP_PRIVATE|MAP_ANONYMOUS) fd=-1(EPERM) offset=0 
mmap res=7FEE6C919000 vm_size=383720 vm_rss=13724 vm_swap=0 
read fd=10(<4t>172.18.0.1:50932->172.18.0.3:80) size=8000 
read res=-11(EAGAIN) data= 
writev fd=10(<4t>172.18.0.1:50932->172.18.0.3:80) size=818 
writev res=818 data=HTTP/1.1 200 OK..Date: Thu, 10 Aug 2023 01:27:12 GMT..Server: Apache/2.4.25 (Deb 
write fd=7(<p>pipe:[1981357]) size=219 
write res=219 data=172.18.0.1 - - [10/Aug/2023:01:27:12 +0000] "GET /wp-content/plugins/mail-masta/ 
times 
times 
poll fds=10:41 timeout=5000 
poll res=1 fds=10:41 
read fd=10(<4t>172.18.0.1:50932->172.18.0.3:80) size=8000 
read res=860 data=GET /favicon.ico HTTP/1.1..Host: localhost:9000..User-Agent: Mozilla/5.0 (Window 
stat 
stat res=-2(ENOENT) path=/var/www/html/favicon.ico 
lstat 
lstat res=0 path=/var 
lstat 
lstat res=0 path=/var/www 
open 
open fd=-2(ENOENT) name=/var/www/.htaccess flags=4097(O_RDONLY|O_CLOEXEC) mode=0 dev=0 
lstat 
lstat res=0 path=/var/www/html 
open 
open fd=11(<f>/var/www/html/.htaccess) name=/var/www/html/.htaccess flags=4097(O_RDONLY|O_CLOEXEC) mode=0 dev=34 
fstat fd=11(<f>/var/www/html/.htaccess) 
fstat res=0 
read fd=11(<f>/var/www/html/.htaccess) size=4096 
read res=234 data=# BEGIN WordPress.<IfModule mod_rewrite.c>.RewriteEngine On.RewriteBase /.Rewrit 
read fd=11(<f>/var/www/html/.htaccess) size=4096 
read res=0 data= 
close fd=11(<f>/var/www/html/.htaccess) 
close res=0 
lstat 
lstat res=-2(ENOENT) path=/var/www/html/favicon.ico 
stat 
stat res=-2(ENOENT) path=/var/www/html/favicon.ico 
stat 
stat res=-2(ENOENT) path=/var/www/html/favicon.ico 
stat 
stat res=0 path=/var/www/html/index.php 
rt_sigaction 
rt_sigaction 
rt_sigaction 
rt_sigaction 
rt_sigaction 
rt_sigaction 
rt_sigaction 
rt_sigaction 
rt_sigaction 
rt_sigaction 
rt_sigaction 
rt_sigaction 
rt_sigaction 
rt_sigaction 
setitimer 
setitimer 
rt_sigaction 
rt_sigaction 
rt_sigprocmask 
rt_sigprocmask 
getcwd 
getcwd res=14 path=/var/www/html 
chdir 
chdir res=0 path=/var/www/html 
fcntl fd=8(<f>/tmp/.ZendSem.aj3202 (deleted)) cmd=8(F_SETLK) 
fcntl res=0(<f>/dev/null) 
lstat 
lstat res=0 path=/var/www/html/index.php 
stat 
stat res=0 path=/var/www/html/index.php 
lstat 
lstat res=0 path=/var/www/html/wp-blog-header.php 
stat 
stat res=0 path=/var/www/html/wp-blog-header.php 
stat 
stat res=0 path=/var/www/html/wp-load.php 
access mode=0(F_OK) 
access res=0 name=/var/www/html/wp-config.php 
stat 
stat res=0 path=/var/www/html/wp-config.php 
stat 
stat res=0 path=/var/www/html/wp-settings.php 
lstat 
lstat res=0 path=/var/www/html/wp-includes/load.php 
lstat 
lstat res=0 path=/var/www/html/wp-includes 
stat 
stat res=0 path=/var/www/html/wp-includes/load.php 
lstat 
lstat res=0 path=/var/www/html/wp-includes/default-constants.php 
stat 
stat res=0 path=/var/www/html/wp-includes/default-constants.php 
stat 
stat res=0 path=/var/www/html/wp-includes/plugin.php 
lstat 
lstat res=0 path=/var/www/html/wp-includes/class-wp-hook.php 
stat 
stat res=0 path=/var/www/html/wp-includes/class-wp-hook.php 
lstat 
lstat res=0 path=/var/www/html/wp-includes/version.php 
stat 
stat res=0 path=/var/www/html/wp-includes/version.php 
mmap addr=0 length=65536 prot=7(PROT_READ|PROT_WRITE|PROT_EXEC) flags=10(MAP_PRIVATE|MAP_ANONYMOUS) fd=-1(EPERM) offset=0 
mmap res=7FEE6C909000 vm_size=383784 vm_rss=14192 vm_swap=0 
chdir 
chdir res=0 path=/var/www/html 
setitimer 
setitimer 
fcntl fd=8(<f>/tmp/.ZendSem.aj3202 (deleted)) cmd=8(F_SETLK) 
fcntl res=0(<f>/dev/null) 
setitimer 
setitimer 
read fd=10(<4t>172.18.0.1:50932->172.18.0.3:80) size=8000 
read res=-11(EAGAIN) data= 
writev fd=10(<4t>172.18.0.1:50932->172.18.0.3:80) size=227 
writev res=227 data=HTTP/1.1 200 OK..Date: Thu, 10 Aug 2023 01:27:13 GMT..Server: Apache/2.4.25 (Deb 
write fd=7(<p>pipe:[1981357]) size=251 
write res=251 data=172.18.0.1 - - [10/Aug/2023:01:27:13 +0000] "GET /favicon.ico HTTP/1.1" 200 227  
times 
times 
poll fds=10:41 timeout=5000 
accept fd=-512(ERESTARTSYS) tuple=NULL queuepct=0 queuelen=0 queuemax=511 
close fd=9 
close res=0 
accept fd=-512(ERESTARTSYS) tuple=NULL queuepct=0 queuelen=0 queuemax=511 
close fd=9 
close res=0 
accept fd=-512(ERESTARTSYS) tuple=NULL queuepct=0 queuelen=0 queuemax=511 
close fd=9 
close res=0 
poll res=-516(ERESTART_RESTARTBLOCK) fds= 
close fd=10(<4t>172.18.0.1:50932->172.18.0.3:80) 
close res=0 
close fd=9 
close res=0 
munmap addr=7FEE5565F000 length=134217728 
munmap res=0 vm_size=252064 vm_rss=11040 vm_swap=0 
close fd=8(<f>/tmp/.ZendSem.aj3202 (deleted)) 
close res=0 
munmap addr=7FEE5565F000 length=134217728 
munmap res=0 vm_size=252064 vm_rss=11040 vm_swap=0 
close fd=8(<f>/tmp/.ZendSem.aj3202 (deleted)) 
close res=0 
munmap addr=7FEE5D65F000 length=2243784 
munmap res=0 vm_size=249872 vm_rss=11188 vm_swap=0 
munmap addr=7FEE5DD21000 length=2517856 
munmap res=0 vm_size=247412 vm_rss=11208 vm_swap=0 
munmap addr=7FEE5DAEE000 length=2301968 
munmap res=0 vm_size=245160 vm_rss=11180 vm_swap=0 
munmap addr=7FEE5D883000 length=2531352 
munmap res=0 vm_size=242684 vm_rss=11152 vm_swap=0 
munmap addr=7FEE5565F000 length=134217728 
munmap res=0 vm_size=252712 vm_rss=13936 vm_swap=0 
close fd=8(<f>/tmp/.ZendSem.aj3202 (deleted)) 
close res=0 
munmap addr=7FEE5D65F000 length=2243784 
munmap res=0 vm_size=250520 vm_rss=13852 vm_swap=0 
munmap addr=7FEE5DD21000 length=2517856 
munmap res=0 vm_size=248060 vm_rss=13872 vm_swap=0 
munmap addr=7FEE5DAEE000 length=2301968 
munmap res=0 vm_size=245808 vm_rss=13844 vm_swap=0 
munmap addr=7FEE5D883000 length=2531352 
munmap res=0 vm_size=243332 vm_rss=13816 vm_swap=0 
munmap addr=7FEE5D65F000 length=2243784 
munmap res=0 vm_size=249872 vm_rss=11188 vm_swap=0 
munmap addr=7FEE5DD21000 length=2517856 
munmap res=0 vm_size=247412 vm_rss=11208 vm_swap=0 
munmap addr=7FEE5DAEE000 length=2301968 
munmap res=0 vm_size=245160 vm_rss=11180 vm_swap=0 
munmap addr=7FEE5D883000 length=2531352 
munmap res=0 vm_size=242684 vm_rss=11152 vm_swap=0 
munmap addr=7FEE5565F000 length=134217728 
munmap res=0 vm_size=252064 vm_rss=11040 vm_swap=0 
close fd=8(<f>/tmp/.ZendSem.aj3202 (deleted)) 
close res=0 
munmap addr=7FEE6C921000 length=65536 
munmap res=0 vm_size=243268 vm_rss=14620 vm_swap=0 
munmap addr=7FEE5D65F000 length=2243784 
munmap res=0 vm_size=249872 vm_rss=11188 vm_swap=0 
brk addr=5617A0542000 
munmap addr=7FEE5DD21000 length=2517856 
brk res=5617A0542000 vm_size=242900 vm_rss=14380 vm_swap=0 
munmap res=0 vm_size=247412 vm_rss=11208 vm_swap=0 
munmap addr=7FEE5DAEE000 length=2301968 
munmap res=0 vm_size=245160 vm_rss=11180 vm_swap=0 
munmap addr=7FEE5D883000 length=2531352 
munmap res=0 vm_size=242684 vm_rss=11152 vm_swap=0 
munmap addr=7FEE5DF88000 length=2584984 
munmap res=0 vm_size=240372 vm_rss=14004 vm_swap=0 
munmap addr=7FEE6C931000 length=299008 
munmap res=0 vm_size=240080 vm_rss=13816 vm_swap=0 
munmap addr=7FEE5E200000 length=2097152 
munmap res=0 vm_size=238032 vm_rss=11768 vm_swap=0 
munmap addr=7FEE6C99F000 length=323584 
munmap res=0 vm_size=237716 vm_rss=11764 vm_swap=0 
munmap addr=7FEE6C989000 length=8192 
munmap res=0 vm_size=237708 vm_rss=11760 vm_swap=0 
munmap addr=7FEE6C983000 length=8192 
munmap res=0 vm_size=237700 vm_rss=11756 vm_swap=0 
munmap addr=7FEE6C987000 length=8192 
munmap res=0 vm_size=237692 vm_rss=11752 vm_swap=0 
munmap addr=7FEE6C919000 length=8192 
munmap res=0 vm_size=237684 vm_rss=11748 vm_swap=0 
munmap addr=7FEE6C981000 length=8192 
munmap res=0 vm_size=237676 vm_rss=11740 vm_swap=0 
munmap addr=7FEE6C985000 length=8192 
munmap res=0 vm_size=237668 vm_rss=11736 vm_swap=0 
munmap addr=7FEE6C91F000 length=8192 
munmap res=0 vm_size=237660 vm_rss=11732 vm_swap=0 
munmap addr=7FEE6C97D000 length=8192 
munmap res=0 vm_size=237652 vm_rss=11724 vm_swap=0 
munmap addr=7FEE6C91B000 length=8192 
munmap res=0 vm_size=237644 vm_rss=11720 vm_swap=0 
munmap addr=7FEE6C91D000 length=8192 
munmap res=0 vm_size=237636 vm_rss=11712 vm_swap=0 
munmap addr=7FEE6C97F000 length=8192 
munmap res=0 vm_size=237628 vm_rss=11708 vm_swap=0 
close fd=5(<p>pipe:[1969956]) 
close res=0 
close fd=4(<p>pipe:[1969956]) 
close res=0 
futex addr=7FEE6671C8EC op=129(FUTEX_PRIVATE_FLAG|FUTEX_WAKE) val=2147483647 
futex res=0 
munmap addr=7FEE5DF88000 length=2584984 
munmap res=0 vm_size=240156 vm_rss=12712 vm_swap=0 
munmap addr=7FEE6C931000 length=299008 
munmap res=0 vm_size=239864 vm_rss=12524 vm_swap=0 
munmap addr=7FEE5E200000 length=2097152 
munmap res=0 vm_size=237816 vm_rss=10476 vm_swap=0 
munmap addr=7FEE6C99F000 length=323584 
munmap res=0 vm_size=237500 vm_rss=10472 vm_swap=0 
munmap addr=7FEE6C989000 length=8192 
munmap res=0 vm_size=237492 vm_rss=10468 vm_swap=0 
munmap addr=7FEE6C983000 length=8192 
munmap res=0 vm_size=237484 vm_rss=10464 vm_swap=0 
munmap addr=7FEE6C987000 length=8192 
munmap res=0 vm_size=237476 vm_rss=10460 vm_swap=0 
munmap addr=7FEE6C985000 length=8192 
munmap res=0 vm_size=237468 vm_rss=10456 vm_swap=0 
close fd=5(<p>pipe:[1969956]) 
close res=0 
close fd=4(<p>pipe:[1969956]) 
close res=0 
exit_group 
futex addr=7FEE6671C8EC op=129(FUTEX_PRIVATE_FLAG|FUTEX_WAKE) val=2147483647 
futex res=0 
exit_group 
munmap addr=7FEE5DF88000 length=2584984 
munmap res=0 vm_size=240156 vm_rss=12712 vm_swap=0 
munmap addr=7FEE6C931000 length=299008 
munmap res=0 vm_size=239864 vm_rss=12524 vm_swap=0 
munmap addr=7FEE5E200000 length=2097152 
munmap addr=7FEE5DF88000 length=2584984 
munmap res=0 vm_size=237816 vm_rss=10476 vm_swap=0 
munmap addr=7FEE6C99F000 length=323584 
munmap res=0 vm_size=240156 vm_rss=12712 vm_swap=0 
munmap res=0 vm_size=237500 vm_rss=10472 vm_swap=0 
munmap addr=7FEE6C989000 length=8192 
munmap res=0 vm_size=237492 vm_rss=10468 vm_swap=0 
munmap addr=7FEE6C983000 length=8192 
munmap res=0 vm_size=237484 vm_rss=10464 vm_swap=0 
munmap addr=7FEE6C987000 length=8192 
munmap res=0 vm_size=237476 vm_rss=10460 vm_swap=0 
munmap addr=7FEE6C985000 length=8192 
munmap res=0 vm_size=237468 vm_rss=10456 vm_swap=0 
close fd=5(<p>pipe:[1969956]) 
close res=0 
close fd=4(<p>pipe:[1969956]) 
close res=0 
futex addr=7FEE6671C8EC op=129(FUTEX_PRIVATE_FLAG|FUTEX_WAKE) val=2147483647 
futex res=0 
munmap addr=7FEE6C931000 length=299008 
munmap res=0 vm_size=239864 vm_rss=12524 vm_swap=0 
munmap addr=7FEE5E200000 length=2097152 
munmap res=0 vm_size=237816 vm_rss=10476 vm_swap=0 
munmap addr=7FEE6C99F000 length=323584 
munmap res=0 vm_size=237500 vm_rss=10472 vm_swap=0 
munmap addr=7FEE6C989000 length=8192 
munmap res=0 vm_size=237492 vm_rss=10468 vm_swap=0 
munmap addr=7FEE6C983000 length=8192 
munmap res=0 vm_size=237484 vm_rss=10464 vm_swap=0 
munmap addr=7FEE6C987000 length=8192 
munmap res=0 vm_size=237476 vm_rss=10460 vm_swap=0 
munmap addr=7FEE6C985000 length=8192 
munmap res=0 vm_size=237468 vm_rss=10456 vm_swap=0 
close fd=5(<p>pipe:[1969956]) 
close res=0 
close fd=4(<p>pipe:[1969956]) 
close res=0 
futex addr=7FEE6671C8EC op=129(FUTEX_PRIVATE_FLAG|FUTEX_WAKE) val=2147483647 
futex res=0 
exit_group 
exit_group 
