clone res=0 exe=apache2 args=-DFOREGROUND. tid=477474(apache2) pid=477214(apache2) ptid=476837(apache2) cwd= fdlimit=1048576 pgft_maj=0 pgft_min=0 vm_size=408892 vm_rss=59732 vm_swap=0 comm=apache2 cgroups=cpuset=/system.slice/docker-16ae8d7cd5fb26f69d2b3694871b56f03e50ad52cedd860b3... flags=578861571(CLONE_FILES|CLONE_FS|CLONE_PARENT_SETTID|CLONE_SIGHAND|CLONE_SYSVSEM|CLONE_THREAD|CLONE_VM|CLONE_CHILD_CLEARTID|CLONE_SETTLS) uid=33 gid=33 vtid=74 vpid=69 
set_robust_list 
set_robust_list 
getpid 
getpid 
mmap addr=0 length=134217728 prot=0(PROT_NONE) flags=74(MAP_PRIVATE|MAP_ANONYMOUS|MAP_NORESERVE) fd=-1(EPERM) offset=0 
mmap res=7FEB4F5FF000 vm_size=539964 vm_rss=59732 vm_swap=0 
munmap addr=7FEB4F5FF000 length=10489856 
munmap res=0 vm_size=529720 vm_rss=59732 vm_swap=0 
munmap addr=7FEB54000000 length=56619008 
munmap res=0 vm_size=474428 vm_rss=59732 vm_swap=0 
mprotect 
mprotect 
open 
open fd=12(<f>/etc/resolv.conf) name=/etc/resolv.conf flags=4097(O_RDONLY|O_CLOEXEC) mode=0 dev=34 
fstat fd=12(<f>/etc/resolv.conf) 
fstat res=0 
read fd=12(<f>/etc/resolv.conf) size=1536 
read res=53 data=nameserver 127.0.0.11.options edns0 trust-ad ndots:0. 
read fd=12(<f>/etc/resolv.conf) size=1536 
read res=0 data= 
close fd=12(<f>/etc/resolv.conf) 
close res=0 
uname 
uname 
open 
open fd=12(<f>/etc/hosts) name=/etc/hosts flags=4097(O_RDONLY|O_CLOEXEC) mode=0 dev=34 
fstat fd=12(<f>/etc/hosts) 
fstat res=0 
read fd=12(<f>/etc/hosts) size=512 
read res=174 data=127.0.0.1.localhost.::1.localhost ip6-localhost ip6-loopback.fe00::0.ip6-localne 
read fd=12(<f>/etc/hosts) size=512 
read res=0 data= 
close fd=12(<f>/etc/hosts) 
close res=0 
open 
open fd=12(<f>/etc/gai.conf) name=/etc/gai.conf flags=4097(O_RDONLY|O_CLOEXEC) mode=0 dev=5C 
fstat fd=12(<f>/etc/gai.conf) 
fstat res=0 
fstat fd=12(<f>/etc/gai.conf) 
fstat res=0 
read fd=12(<f>/etc/gai.conf) size=3072 
read res=2584 data=# Configuration for getaddrinfo(3)..#.# So far only configuration for the destin 
read fd=12(<f>/etc/gai.conf) size=3072 
read res=0 data= 
close fd=12(<f>/etc/gai.conf) 
close res=0 
futex addr=7FEB6F9EBEE4 op=129(FUTEX_PRIVATE_FLAG|FUTEX_WAKE) val=2147483647 
futex res=0 
socket domain=16(AF_ROUTE) type=3 proto=0 
socket fd=12(<n>) 
bind fd=12(<n>) 
bind res=0 addr=NULL 
getsockname 
getsockname 
sendto fd=12(<n>) size=20 tuple=NULL 
sendto res=20 data=...........d........ 
recvmsg fd=12(<n>) 
recvmsg res=164 size=164 data=L..........dE...............................lo......................ZP#.ZP#.X... tuple=NULL 
recvmsg fd=12(<n>) 
recvmsg res=20 size=20 data=...........dE....... tuple=NULL 
close fd=12(<n>) 
close res=0 
socket domain=2(AF_INET) type=2 proto=0 
socket fd=12(<4>) 
connect fd=12(<4>) 
connect res=0 tuple=127.0.0.1:46301->127.0.0.1:9000 
getsockname 
getsockname 
close fd=12(<4u>127.0.0.1:46301->127.0.0.1:9000) 
close res=0 
socket domain=10(AF_INET6) type=2 proto=0 
socket fd=12(<6>) 
connect fd=12(<6>) 
connect res=-99(EADDRNOTAVAIL) tuple=:::33950->::1:9000 
close fd=12(<6>) 
close res=0 
madvise 
madvise 
exit 
accept fd=10(<4t>172.18.0.1:60558->172.18.0.3:80) tuple=172.18.0.1:60558->172.18.0.3:80 queuepct=0 queuelen=0 queuemax=511 
getsockname 
getsockname 
fcntl fd=10(<4t>172.18.0.1:60558->172.18.0.3:80) cmd=4(F_GETFL) 
fcntl res=2(<p>pipe:[668225]) 
fcntl fd=10(<4t>172.18.0.1:60558->172.18.0.3:80) cmd=5(F_SETFL) 
fcntl res=0(<f>/dev/null) 
mmap addr=0 length=8192 prot=3(PROT_READ|PROT_WRITE) flags=10(MAP_PRIVATE|MAP_ANONYMOUS) fd=-1(EPERM) offset=0 
mmap res=7FEB703C7000 vm_size=383144 vm_rss=9004 vm_swap=0 
mmap addr=0 length=8192 prot=3(PROT_READ|PROT_WRITE) flags=10(MAP_PRIVATE|MAP_ANONYMOUS) fd=-1(EPERM) offset=0 
mmap res=7FEB703C5000 vm_size=383152 vm_rss=9004 vm_swap=0 
read fd=10(<4t>172.18.0.1:60558->172.18.0.3:80) size=8000 
read res=1015 data=GET /wp-content/plugins/mail-masta/lib/jquery.selectbox-0.2.min.js?ver=4.9.2 HTT 
stat 
stat res=0 path=/var/www/html/wp-content/plugins/mail-masta/lib/jquery.selectbox-0.2.min.js 
mmap addr=0 length=8192 prot=3(PROT_READ|PROT_WRITE) flags=10(MAP_PRIVATE|MAP_ANONYMOUS) fd=-1(EPERM) offset=0 
mmap res=7FEB703C3000 vm_size=383160 vm_rss=9004 vm_swap=0 
open 
open fd=-2(ENOENT) name=/var/www/.htaccess flags=4097(O_RDONLY|O_CLOEXEC) mode=0 dev=0 
open 
open fd=11(<f>/var/www/html/.htaccess) name=/var/www/html/.htaccess flags=4097(O_RDONLY|O_CLOEXEC) mode=0 dev=34 
fstat fd=11(<f>/var/www/html/.htaccess) 
fstat res=0 
read fd=11(<f>/var/www/html/.htaccess) size=4096 
read res=35 data=# BEGIN WordPress..# END WordPress. 
read fd=11(<f>/var/www/html/.htaccess) size=4096 
read res=0 data= 
close fd=11(<f>/var/www/html/.htaccess) 
close res=0 
open 
open fd=-2(ENOENT) name=/var/www/html/wp-content/.htaccess flags=4097(O_RDONLY|O_CLOEXEC) mode=0 dev=0 
open 
open fd=-2(ENOENT) name=/var/www/html/wp-content/plugins/.htaccess flags=4097(O_RDONLY|O_CLOEXEC) mode=0 dev=0 
open 
open fd=-2(ENOENT) name=/var/www/html/wp-content/plugins/mail-masta/.htaccess flags=4097(O_RDONLY|O_CLOEXEC) mode=0 dev=0 
open 
open fd=-2(ENOENT) name=/var/www/html/wp-content/plugins/mail-masta/lib/.htaccess flags=4097(O_RDONLY|O_CLOEXEC) mode=0 dev=0 
open 
open fd=-20(ENOTDIR) name=/var/www/html/wp-content/plugins/mail-masta/lib/jquery.selectbox-0.2.min.js/.htaccess flags=4097(O_RDONLY|O_CLOEXEC) mode=0 dev=0 
mmap addr=0 length=8192 prot=3(PROT_READ|PROT_WRITE) flags=10(MAP_PRIVATE|MAP_ANONYMOUS) fd=-1(EPERM) offset=0 
mmap res=7FEB703C1000 vm_size=383168 vm_rss=9004 vm_swap=0 
open 
open fd=11(<f>/var/www/html/wp-content/plugins/mail-masta/lib/jquery.selectbox-0.2.min.js) name=/var/www/html/wp-content/plugins/mail-masta/lib/jquery.selectbox-0.2.min.js flags=4097(O_RDONLY|O_CLOEXEC) mode=0 dev=34 
mmap addr=0 length=9296 prot=1(PROT_READ) flags=1(MAP_SHARED) fd=11(<f>/var/www/html/wp-content/plugins/mail-masta/lib/jquery.selectbox-0.2.min.js) offset=0 
mmap res=7FEB70374000 vm_size=383180 vm_rss=9004 vm_swap=0 
mmap addr=0 length=8192 prot=3(PROT_READ|PROT_WRITE) flags=10(MAP_PRIVATE|MAP_ANONYMOUS) fd=-1(EPERM) offset=0 
mmap res=7FEB70372000 vm_size=383188 vm_rss=9004 vm_swap=0 
brk addr=55711CA6A000 
brk res=55711CA6A000 vm_size=383344 vm_rss=9004 vm_swap=0 
brk addr=55711CA9A000 
brk res=55711CA9A000 vm_size=383536 vm_rss=9004 vm_swap=0 
munmap addr=7FEB70374000 length=9296 
munmap res=0 vm_size=383524 vm_rss=10180 vm_swap=0 
mmap addr=0 length=8192 prot=3(PROT_READ|PROT_WRITE) flags=10(MAP_PRIVATE|MAP_ANONYMOUS) fd=-1(EPERM) offset=0 
mmap res=7FEB70375000 vm_size=383532 vm_rss=10180 vm_swap=0 
brk addr=55711CA6A000 
brk res=55711CA6A000 vm_size=383340 vm_rss=10100 vm_swap=0 
mmap addr=0 length=8192 prot=3(PROT_READ|PROT_WRITE) flags=10(MAP_PRIVATE|MAP_ANONYMOUS) fd=-1(EPERM) offset=0 
mmap res=7FEB70370000 vm_size=383348 vm_rss=10100 vm_swap=0 
mmap addr=0 length=8192 prot=3(PROT_READ|PROT_WRITE) flags=10(MAP_PRIVATE|MAP_ANONYMOUS) fd=-1(EPERM) offset=0 
mmap res=7FEB7036E000 vm_size=383356 vm_rss=10100 vm_swap=0 
read fd=10(<4t>172.18.0.1:60558->172.18.0.3:80) size=8000 
read res=-11(EAGAIN) data= 
writev fd=10(<4t>172.18.0.1:60558->172.18.0.3:80) size=3131 
writev res=3131 data=HTTP/1.1 200 OK..Date: Tue, 08 Aug 2023 01:16:50 GMT..Server: Apache/2.4.25 (Deb 
write fd=7(<p>pipe:[668224]) size=255 
write res=255 data=172.18.0.1 - - [08/Aug/2023:01:16:50 +0000] "GET /wp-content/plugins/mail-masta/ 
times 
times 
close fd=11(<f>/var/www/html/wp-content/plugins/mail-masta/lib/jquery.selectbox-0.2.min.js) 
close res=0 
poll fds=10:41 timeout=5000 
clone res=0 exe=apache2 args=-DFOREGROUND. tid=477488(apache2) pid=477488(apache2) ptid=476837(apache2) cwd= fdlimit=1048576 pgft_maj=0 pgft_min=1 vm_size=383104 vm_rss=7640 vm_swap=0 comm=apache2 cgroups=cpuset=/system.slice/docker-16ae8d7cd5fb26f69d2b3694871b56f03e50ad52cedd860b3... flags=562036736(CLONE_CHILD_CLEARTID|CLONE_CHILD_SETTID) uid=0 gid=0 vtid=75 vpid=75 
set_robust_list 
set_robust_list 
rt_sigaction 
rt_sigaction 
rt_sigaction 
rt_sigaction 
rt_sigaction 
rt_sigaction 
getpid 
getpid 
getpid 
getpid 
mmap addr=0 length=8192 prot=3(PROT_READ|PROT_WRITE) flags=10(MAP_PRIVATE|MAP_ANONYMOUS) fd=-1(EPERM) offset=0 
mmap res=7FEB703CF000 vm_size=383112 vm_rss=7640 vm_swap=0 
mmap addr=0 length=8192 prot=3(PROT_READ|PROT_WRITE) flags=10(MAP_PRIVATE|MAP_ANONYMOUS) fd=-1(EPERM) offset=0 
mmap res=7FEB703CD000 vm_size=383120 vm_rss=7640 vm_swap=0 
geteuid 
geteuid euid=0(root) 
setgid gid=33(www-data) 
setgid res=0 
open 
open fd=9(<f>/proc/sys/kernel/ngroups_max) name=/proc/sys/kernel/ngroups_max flags=1(O_RDONLY) mode=0 dev=5E 
read fd=9(<f>/proc/sys/kernel/ngroups_max) size=31 
read res=6 data=65536. 
close fd=9(<f>/proc/sys/kernel/ngroups_max) 
close res=0 
open 
open fd=9(<f>/etc/group) name=/etc/group flags=4097(O_RDONLY|O_CLOEXEC) mode=0 dev=5C 
lseek fd=9(<f>/etc/group) offset=0 whence=1(SEEK_CUR) 
lseek res=0 
fstat fd=9(<f>/etc/group) 
fstat res=0 
mmap addr=0 length=446 prot=1(PROT_READ) flags=1(MAP_SHARED) fd=9(<f>/etc/group) offset=0 
mmap res=7FEB703CC000 vm_size=383124 vm_rss=7640 vm_swap=0 
lseek fd=9(<f>/etc/group) offset=446 whence=0(SEEK_SET) 
lseek res=446 
fstat fd=9(<f>/etc/group) 
fstat res=0 
munmap addr=7FEB703CC000 length=446 
munmap res=0 vm_size=383120 vm_rss=9044 vm_swap=0 
close fd=9(<f>/etc/group) 
close res=0 
setgroups 
setgroups 
geteuid 
geteuid euid=0(root) 
setuid uid=33(www-data) 
setuid res=0 
getpid 
getpid 
rt_sigaction 
rt_sigaction 
rt_sigaction 
rt_sigaction 
rt_sigaction 
rt_sigaction 
rt_sigaction 
rt_sigaction 
rt_sigaction 
rt_sigaction 
rt_sigaction 
rt_sigaction 
rt_sigaction 
rt_sigaction 
rt_sigaction 
rt_sigaction 
rt_sigaction 
rt_sigaction 
rt_sigaction 
rt_sigaction 
rt_sigaction 
rt_sigaction 
rt_sigaction 
rt_sigaction 
rt_sigaction 
rt_sigaction 
rt_sigaction 
rt_sigaction 
rt_sigaction 
rt_sigaction 
rt_sigaction 
rt_sigaction 
rt_sigaction 
rt_sigaction 
rt_sigaction 
rt_sigaction 
rt_sigaction 
rt_sigaction 
rt_sigaction 
rt_sigaction 
rt_sigaction 
rt_sigaction 
rt_sigaction 
rt_sigaction 
rt_sigaction 
rt_sigaction 
rt_sigaction 
rt_sigaction 
rt_sigaction 
rt_sigaction 
rt_sigaction 
rt_sigaction 
rt_sigaction 
rt_sigaction 
rt_sigaction 
rt_sigaction 
rt_sigaction 
rt_sigaction 
rt_sigaction 
rt_sigaction 
rt_sigaction 
rt_sigaction 
rt_sigaction 
rt_sigaction 
rt_sigaction 
rt_sigaction 
rt_sigaction 
rt_sigaction 
rt_sigaction 
rt_sigaction 
rt_sigaction 
rt_sigaction 
rt_sigaction 
rt_sigaction 
rt_sigaction 
rt_sigaction 
rt_sigaction 
rt_sigaction 
rt_sigaction 
rt_sigaction 
rt_sigaction 
rt_sigaction 
rt_sigaction 
rt_sigaction 
rt_sigaction 
rt_sigaction 
rt_sigaction 
rt_sigaction 
rt_sigaction 
rt_sigaction 
rt_sigaction 
rt_sigaction 
rt_sigaction 
rt_sigaction 
rt_sigaction 
rt_sigaction 
rt_sigaction 
rt_sigaction 
rt_sigaction 
rt_sigaction 
rt_sigaction 
rt_sigaction 
rt_sigaction 
rt_sigaction 
rt_sigaction 
rt_sigaction 
rt_sigaction 
rt_sigaction 
rt_sigaction 
rt_sigaction 
rt_sigaction 
rt_sigaction 
rt_sigaction 
rt_sigaction 
rt_sigaction 
rt_sigaction 
rt_sigaction 
rt_sigaction 
rt_sigaction 
rt_sigaction 
rt_sigaction 
rt_sigaction 
rt_sigaction 
rt_sigaction 
mmap addr=0 length=8192 prot=3(PROT_READ|PROT_WRITE) flags=10(MAP_PRIVATE|MAP_ANONYMOUS) fd=-1(EPERM) offset=0 
mmap res=7FEB703CB000 vm_size=383128 vm_rss=9044 vm_swap=0 
getpid 
getpid 
epoll_create1 
epoll_create1 
epoll_ctl 
epoll_ctl 
mmap addr=0 length=8192 prot=3(PROT_READ|PROT_WRITE) flags=10(MAP_PRIVATE|MAP_ANONYMOUS) fd=-1(EPERM) offset=0 
mmap res=7FEB703C9000 vm_size=383136 vm_rss=9044 vm_swap=0 
accept flags=0 
poll res=1 fds=10:41 
read fd=10(<4t>172.18.0.1:60558->172.18.0.3:80) size=8000 
read res=820 data=GET /wp-includes/js/jquery/ui/button.min.js?ver=1.11.4 HTTP/1.1..Host: localhost 
stat 
stat res=0 path=/var/www/html/wp-includes/js/jquery/ui/button.min.js 
open 
open fd=-2(ENOENT) name=/var/www/.htaccess flags=4097(O_RDONLY|O_CLOEXEC) mode=0 dev=0 
open 
open fd=11(<f>/var/www/html/.htaccess) name=/var/www/html/.htaccess flags=4097(O_RDONLY|O_CLOEXEC) mode=0 dev=34 
fstat fd=11(<f>/var/www/html/.htaccess) 
fstat res=0 
read fd=11(<f>/var/www/html/.htaccess) size=4096 
read res=35 data=# BEGIN WordPress..# END WordPress. 
read fd=11(<f>/var/www/html/.htaccess) size=4096 
read res=0 data= 
close fd=11(<f>/var/www/html/.htaccess) 
close res=0 
open 
open fd=-2(ENOENT) name=/var/www/html/wp-includes/.htaccess flags=4097(O_RDONLY|O_CLOEXEC) mode=0 dev=0 
open 
open fd=-2(ENOENT) name=/var/www/html/wp-includes/js/.htaccess flags=4097(O_RDONLY|O_CLOEXEC) mode=0 dev=0 
open 
open fd=-2(ENOENT) name=/var/www/html/wp-includes/js/jquery/.htaccess flags=4097(O_RDONLY|O_CLOEXEC) mode=0 dev=0 
open 
open fd=-2(ENOENT) name=/var/www/html/wp-includes/js/jquery/ui/.htaccess flags=4097(O_RDONLY|O_CLOEXEC) mode=0 dev=0 
open 
open fd=-20(ENOTDIR) name=/var/www/html/wp-includes/js/jquery/ui/button.min.js/.htaccess flags=4097(O_RDONLY|O_CLOEXEC) mode=0 dev=0 
open 
open fd=11(<f>/var/www/html/wp-includes/js/jquery/ui/button.min.js) name=/var/www/html/wp-includes/js/jquery/ui/button.min.js flags=4097(O_RDONLY|O_CLOEXEC) mode=0 dev=34 
mmap addr=0 length=7236 prot=1(PROT_READ) flags=1(MAP_SHARED) fd=11(<f>/var/www/html/wp-includes/js/jquery/ui/button.min.js) offset=0 
mmap res=7FEB7036C000 vm_size=383364 vm_rss=10100 vm_swap=0 
brk addr=55711CA9A000 
brk res=55711CA9A000 vm_size=383556 vm_rss=10100 vm_swap=0 
munmap addr=7FEB7036C000 length=7236 
munmap res=0 vm_size=383548 vm_rss=10220 vm_swap=0 
brk addr=55711CA6A000 
brk res=55711CA6A000 vm_size=383356 vm_rss=10136 vm_swap=0 
read fd=10(<4t>172.18.0.1:60558->172.18.0.3:80) size=8000 
read res=-11(EAGAIN) data= 
writev fd=10(<4t>172.18.0.1:60558->172.18.0.3:80) size=2433 
writev res=2433 data=HTTP/1.1 200 OK..Date: Tue, 08 Aug 2023 01:16:50 GMT..Server: Apache/2.4.25 (Deb 
write fd=7(<p>pipe:[668224]) size=233 
write res=233 data=172.18.0.1 - - [08/Aug/2023:01:16:50 +0000] "GET /wp-includes/js/jquery/ui/butto 
times 
times 
close fd=11(<f>/var/www/html/wp-includes/js/jquery/ui/button.min.js) 
close res=0 
poll fds=10:41 timeout=5000 
poll res=1 fds=10:41 
read fd=10(<4t>172.18.0.1:60558->172.18.0.3:80) size=8000 
read res=821 data=GET /wp-includes/js/jquery/ui/spinner.min.js?ver=1.11.4 HTTP/1.1..Host: localhos 
stat 
stat res=0 path=/var/www/html/wp-includes/js/jquery/ui/spinner.min.js 
open 
open fd=-2(ENOENT) name=/var/www/.htaccess flags=4097(O_RDONLY|O_CLOEXEC) mode=0 dev=0 
open 
open fd=11(<f>/var/www/html/.htaccess) name=/var/www/html/.htaccess flags=4097(O_RDONLY|O_CLOEXEC) mode=0 dev=34 
fstat fd=11(<f>/var/www/html/.htaccess) 
fstat res=0 
read fd=11(<f>/var/www/html/.htaccess) size=4096 
read res=35 data=# BEGIN WordPress..# END WordPress. 
read fd=11(<f>/var/www/html/.htaccess) size=4096 
read res=0 data= 
close fd=11(<f>/var/www/html/.htaccess) 
close res=0 
open 
open fd=-2(ENOENT) name=/var/www/html/wp-includes/.htaccess flags=4097(O_RDONLY|O_CLOEXEC) mode=0 dev=0 
open 
open fd=-2(ENOENT) name=/var/www/html/wp-includes/js/.htaccess flags=4097(O_RDONLY|O_CLOEXEC) mode=0 dev=0 
open 
open fd=-2(ENOENT) name=/var/www/html/wp-includes/js/jquery/.htaccess flags=4097(O_RDONLY|O_CLOEXEC) mode=0 dev=0 
open 
open fd=-2(ENOENT) name=/var/www/html/wp-includes/js/jquery/ui/.htaccess flags=4097(O_RDONLY|O_CLOEXEC) mode=0 dev=0 
open 
open fd=-20(ENOTDIR) name=/var/www/html/wp-includes/js/jquery/ui/spinner.min.js/.htaccess flags=4097(O_RDONLY|O_CLOEXEC) mode=0 dev=0 
open 
open fd=11(<f>/var/www/html/wp-includes/js/jquery/ui/spinner.min.js) name=/var/www/html/wp-includes/js/jquery/ui/spinner.min.js flags=4097(O_RDONLY|O_CLOEXEC) mode=0 dev=34 
mmap addr=0 length=7104 prot=1(PROT_READ) flags=1(MAP_SHARED) fd=11(<f>/var/www/html/wp-includes/js/jquery/ui/spinner.min.js) offset=0 
mmap res=7FEB7036C000 vm_size=383364 vm_rss=10136 vm_swap=0 
brk addr=55711CA9A000 
brk res=55711CA9A000 vm_size=383556 vm_rss=10136 vm_swap=0 
munmap addr=7FEB7036C000 length=7104 
munmap res=0 vm_size=383548 vm_rss=10224 vm_swap=0 
brk addr=55711CA6A000 
brk res=55711CA6A000 vm_size=383356 vm_rss=10140 vm_swap=0 
read fd=10(<4t>172.18.0.1:60558->172.18.0.3:80) size=8000 
read res=-11(EAGAIN) data= 
writev fd=10(<4t>172.18.0.1:60558->172.18.0.3:80) size=2703 
writev res=2703 data=HTTP/1.1 200 OK..Date: Tue, 08 Aug 2023 01:16:50 GMT..Server: Apache/2.4.25 (Deb 
write fd=7(<p>pipe:[668224]) size=234 
write res=234 data=172.18.0.1 - - [08/Aug/2023:01:16:50 +0000] "GET /wp-includes/js/jquery/ui/spinn 
times 
times 
close fd=11(<f>/var/www/html/wp-includes/js/jquery/ui/spinner.min.js) 
close res=0 
poll fds=10:41 timeout=5000 
poll res=1 fds=10:41 
read fd=10(<4t>172.18.0.1:60558->172.18.0.3:80) size=8000 
read res=1017 data=GET /wp-content/plugins/mail-masta/lib/jquery-ui-timepicker-addon.js?ver=4.9.2 H 
stat 
stat res=0 path=/var/www/html/wp-content/plugins/mail-masta/lib/jquery-ui-timepicker-addon.js 
open 
open fd=-2(ENOENT) name=/var/www/.htaccess flags=4097(O_RDONLY|O_CLOEXEC) mode=0 dev=0 
open 
open fd=11(<f>/var/www/html/.htaccess) name=/var/www/html/.htaccess flags=4097(O_RDONLY|O_CLOEXEC) mode=0 dev=34 
fstat fd=11(<f>/var/www/html/.htaccess) 
fstat res=0 
read fd=11(<f>/var/www/html/.htaccess) size=4096 
read res=35 data=# BEGIN WordPress..# END WordPress. 
read fd=11(<f>/var/www/html/.htaccess) size=4096 
read res=0 data= 
close fd=11(<f>/var/www/html/.htaccess) 
close res=0 
open 
open fd=-2(ENOENT) name=/var/www/html/wp-content/.htaccess flags=4097(O_RDONLY|O_CLOEXEC) mode=0 dev=0 
open 
open fd=-2(ENOENT) name=/var/www/html/wp-content/plugins/.htaccess flags=4097(O_RDONLY|O_CLOEXEC) mode=0 dev=0 
open 
open fd=-2(ENOENT) name=/var/www/html/wp-content/plugins/mail-masta/.htaccess flags=4097(O_RDONLY|O_CLOEXEC) mode=0 dev=0 
open 
open fd=-2(ENOENT) name=/var/www/html/wp-content/plugins/mail-masta/lib/.htaccess flags=4097(O_RDONLY|O_CLOEXEC) mode=0 dev=0 
open 
open fd=-20(ENOTDIR) name=/var/www/html/wp-content/plugins/mail-masta/lib/jquery-ui-timepicker-addon.js/.htaccess flags=4097(O_RDONLY|O_CLOEXEC) mode=0 dev=0 
open 
open fd=11(<f>/var/www/html/wp-content/plugins/mail-masta/lib/jquery-ui-timepicker-addon.js) name=/var/www/html/wp-content/plugins/mail-masta/lib/jquery-ui-timepicker-addon.js flags=4097(O_RDONLY|O_CLOEXEC) mode=0 dev=34 
mmap addr=0 length=76503 prot=1(PROT_READ) flags=1(MAP_SHARED) fd=11(<f>/var/www/html/wp-content/plugins/mail-masta/lib/jquery-ui-timepicker-addon.js) offset=0 
mmap res=7FEB7035B000 vm_size=383432 vm_rss=10140 vm_swap=0 
brk addr=55711CA9A000 
brk res=55711CA9A000 vm_size=383624 vm_rss=10140 vm_swap=0 
munmap addr=7FEB7035B000 length=76503 
munmap res=0 vm_size=383548 vm_rss=10340 vm_swap=0 
mmap addr=0 length=8192 prot=3(PROT_READ|PROT_WRITE) flags=10(MAP_PRIVATE|MAP_ANONYMOUS) fd=-1(EPERM) offset=0 
mmap res=7FEB7036C000 vm_size=383556 vm_rss=10340 vm_swap=0 
brk addr=55711CA6A000 
brk res=55711CA6A000 vm_size=383364 vm_rss=10240 vm_swap=0 
mmap addr=0 length=8192 prot=3(PROT_READ|PROT_WRITE) flags=10(MAP_PRIVATE|MAP_ANONYMOUS) fd=-1(EPERM) offset=0 
mmap res=7FEB7036A000 vm_size=383372 vm_rss=10240 vm_swap=0 
writev fd=10(<4t>172.18.0.1:60558->172.18.0.3:80) size=18096 
writev res=18096 data=HTTP/1.1 200 OK..Date: Tue, 08 Aug 2023 01:16:50 GMT..Server: Apache/2.4.25 (Deb 
write fd=7(<p>pipe:[668224]) size=258 
write res=258 data=172.18.0.1 - - [08/Aug/2023:01:16:50 +0000] "GET /wp-content/plugins/mail-masta/ 
times 
times 
close fd=11(<f>/var/www/html/wp-content/plugins/mail-masta/lib/jquery-ui-timepicker-addon.js) 
close res=0 
read fd=10(<4t>172.18.0.1:60558->172.18.0.3:80) size=8000 
read res=-11(EAGAIN) data= 
poll fds=10:41 timeout=5000 
clone res=0 exe=apache2 args=-DFOREGROUND. tid=477493(apache2) pid=477493(apache2) ptid=476837(apache2) cwd= fdlimit=1048576 pgft_maj=0 pgft_min=1 vm_size=383104 vm_rss=7640 vm_swap=0 comm=apache2 cgroups=cpuset=/system.slice/docker-16ae8d7cd5fb26f69d2b3694871b56f03e50ad52cedd860b3... flags=562036736(CLONE_CHILD_CLEARTID|CLONE_CHILD_SETTID) uid=0 gid=0 vtid=76 vpid=76 
set_robust_list 
set_robust_list 
rt_sigaction 
rt_sigaction 
rt_sigaction 
rt_sigaction 
rt_sigaction 
rt_sigaction 
getpid 
getpid 
getpid 
getpid 
mmap addr=0 length=8192 prot=3(PROT_READ|PROT_WRITE) flags=10(MAP_PRIVATE|MAP_ANONYMOUS) fd=-1(EPERM) offset=0 
mmap res=7FEB703CF000 vm_size=383112 vm_rss=7640 vm_swap=0 
mmap addr=0 length=8192 prot=3(PROT_READ|PROT_WRITE) flags=10(MAP_PRIVATE|MAP_ANONYMOUS) fd=-1(EPERM) offset=0 
mmap res=7FEB703CD000 vm_size=383120 vm_rss=7640 vm_swap=0 
geteuid 
geteuid euid=0(root) 
setgid gid=33(www-data) 
setgid res=0 
open 
open fd=9(<f>/proc/sys/kernel/ngroups_max) name=/proc/sys/kernel/ngroups_max flags=1(O_RDONLY) mode=0 dev=5E 
read fd=9(<f>/proc/sys/kernel/ngroups_max) size=31 
read res=6 data=65536. 
close fd=9(<f>/proc/sys/kernel/ngroups_max) 
close res=0 
open 
open fd=9(<f>/etc/group) name=/etc/group flags=4097(O_RDONLY|O_CLOEXEC) mode=0 dev=5C 
lseek fd=9(<f>/etc/group) offset=0 whence=1(SEEK_CUR) 
lseek res=0 
fstat fd=9(<f>/etc/group) 
fstat res=0 
mmap addr=0 length=446 prot=1(PROT_READ) flags=1(MAP_SHARED) fd=9(<f>/etc/group) offset=0 
mmap res=7FEB703CC000 vm_size=383124 vm_rss=7640 vm_swap=0 
lseek fd=9(<f>/etc/group) offset=446 whence=0(SEEK_SET) 
lseek res=446 
fstat fd=9(<f>/etc/group) 
fstat res=0 
munmap addr=7FEB703CC000 length=446 
munmap res=0 vm_size=383120 vm_rss=9044 vm_swap=0 
close fd=9(<f>/etc/group) 
close res=0 
setgroups 
setgroups 
geteuid 
geteuid euid=0(root) 
setuid uid=33(www-data) 
setuid res=0 
getpid 
getpid 
rt_sigaction 
rt_sigaction 
rt_sigaction 
rt_sigaction 
rt_sigaction 
rt_sigaction 
rt_sigaction 
rt_sigaction 
rt_sigaction 
rt_sigaction 
rt_sigaction 
rt_sigaction 
rt_sigaction 
rt_sigaction 
rt_sigaction 
rt_sigaction 
rt_sigaction 
rt_sigaction 
rt_sigaction 
rt_sigaction 
rt_sigaction 
rt_sigaction 
rt_sigaction 
rt_sigaction 
rt_sigaction 
rt_sigaction 
rt_sigaction 
rt_sigaction 
rt_sigaction 
rt_sigaction 
rt_sigaction 
rt_sigaction 
rt_sigaction 
rt_sigaction 
rt_sigaction 
rt_sigaction 
rt_sigaction 
rt_sigaction 
rt_sigaction 
rt_sigaction 
rt_sigaction 
rt_sigaction 
rt_sigaction 
rt_sigaction 
rt_sigaction 
rt_sigaction 
rt_sigaction 
rt_sigaction 
rt_sigaction 
rt_sigaction 
rt_sigaction 
rt_sigaction 
rt_sigaction 
rt_sigaction 
rt_sigaction 
rt_sigaction 
rt_sigaction 
rt_sigaction 
rt_sigaction 
rt_sigaction 
rt_sigaction 
rt_sigaction 
rt_sigaction 
rt_sigaction 
rt_sigaction 
rt_sigaction 
rt_sigaction 
rt_sigaction 
rt_sigaction 
rt_sigaction 
rt_sigaction 
rt_sigaction 
rt_sigaction 
rt_sigaction 
rt_sigaction 
rt_sigaction 
rt_sigaction 
rt_sigaction 
rt_sigaction 
rt_sigaction 
rt_sigaction 
rt_sigaction 
rt_sigaction 
rt_sigaction 
rt_sigaction 
rt_sigaction 
rt_sigaction 
rt_sigaction 
rt_sigaction 
rt_sigaction 
rt_sigaction 
rt_sigaction 
rt_sigaction 
rt_sigaction 
rt_sigaction 
rt_sigaction 
rt_sigaction 
rt_sigaction 
rt_sigaction 
rt_sigaction 
rt_sigaction 
rt_sigaction 
rt_sigaction 
rt_sigaction 
rt_sigaction 
rt_sigaction 
rt_sigaction 
rt_sigaction 
rt_sigaction 
rt_sigaction 
rt_sigaction 
rt_sigaction 
rt_sigaction 
rt_sigaction 
rt_sigaction 
rt_sigaction 
rt_sigaction 
rt_sigaction 
rt_sigaction 
rt_sigaction 
rt_sigaction 
rt_sigaction 
rt_sigaction 
rt_sigaction 
mmap addr=0 length=8192 prot=3(PROT_READ|PROT_WRITE) flags=10(MAP_PRIVATE|MAP_ANONYMOUS) fd=-1(EPERM) offset=0 
mmap res=7FEB703CB000 vm_size=383128 vm_rss=9044 vm_swap=0 
getpid 
getpid 
epoll_create1 
epoll_create1 
epoll_ctl 
epoll_ctl 
mmap addr=0 length=8192 prot=3(PROT_READ|PROT_WRITE) flags=10(MAP_PRIVATE|MAP_ANONYMOUS) fd=-1(EPERM) offset=0 
mmap res=7FEB703C9000 vm_size=383136 vm_rss=9044 vm_swap=0 
accept flags=0 
clone res=0 exe=apache2 args=-DFOREGROUND. tid=477494(apache2) pid=477494(apache2) ptid=476837(apache2) cwd= fdlimit=1048576 pgft_maj=0 pgft_min=1 vm_size=383104 vm_rss=7640 vm_swap=0 comm=apache2 cgroups=cpuset=/system.slice/docker-16ae8d7cd5fb26f69d2b3694871b56f03e50ad52cedd860b3... flags=562036736(CLONE_CHILD_CLEARTID|CLONE_CHILD_SETTID) uid=0 gid=0 vtid=77 vpid=77 
set_robust_list 
set_robust_list 
rt_sigaction 
rt_sigaction 
rt_sigaction 
rt_sigaction 
rt_sigaction 
rt_sigaction 
getpid 
getpid 
getpid 
getpid 
mmap addr=0 length=8192 prot=3(PROT_READ|PROT_WRITE) flags=10(MAP_PRIVATE|MAP_ANONYMOUS) fd=-1(EPERM) offset=0 
mmap res=7FEB703CF000 vm_size=383112 vm_rss=7640 vm_swap=0 
mmap addr=0 length=8192 prot=3(PROT_READ|PROT_WRITE) flags=10(MAP_PRIVATE|MAP_ANONYMOUS) fd=-1(EPERM) offset=0 
mmap res=7FEB703CD000 vm_size=383120 vm_rss=7640 vm_swap=0 
geteuid 
geteuid euid=0(root) 
setgid gid=33(www-data) 
setgid res=0 
open 
open fd=9(<f>/proc/sys/kernel/ngroups_max) name=/proc/sys/kernel/ngroups_max flags=1(O_RDONLY) mode=0 dev=5E 
read fd=9(<f>/proc/sys/kernel/ngroups_max) size=31 
read res=6 data=65536. 
close fd=9(<f>/proc/sys/kernel/ngroups_max) 
close res=0 
open 
open fd=9(<f>/etc/group) name=/etc/group flags=4097(O_RDONLY|O_CLOEXEC) mode=0 dev=5C 
lseek fd=9(<f>/etc/group) offset=0 whence=1(SEEK_CUR) 
lseek res=0 
fstat fd=9(<f>/etc/group) 
fstat res=0 
mmap addr=0 length=446 prot=1(PROT_READ) flags=1(MAP_SHARED) fd=9(<f>/etc/group) offset=0 
mmap res=7FEB703CC000 vm_size=383124 vm_rss=7640 vm_swap=0 
lseek fd=9(<f>/etc/group) offset=446 whence=0(SEEK_SET) 
lseek res=446 
fstat fd=9(<f>/etc/group) 
fstat res=0 
munmap addr=7FEB703CC000 length=446 
munmap res=0 vm_size=383120 vm_rss=9044 vm_swap=0 
close fd=9(<f>/etc/group) 
close res=0 
setgroups 
setgroups 
geteuid 
geteuid euid=0(root) 
setuid uid=33(www-data) 
setuid res=0 
getpid 
getpid 
rt_sigaction 
rt_sigaction 
rt_sigaction 
rt_sigaction 
rt_sigaction 
rt_sigaction 
rt_sigaction 
rt_sigaction 
rt_sigaction 
rt_sigaction 
rt_sigaction 
rt_sigaction 
rt_sigaction 
rt_sigaction 
rt_sigaction 
rt_sigaction 
rt_sigaction 
rt_sigaction 
rt_sigaction 
rt_sigaction 
rt_sigaction 
rt_sigaction 
rt_sigaction 
rt_sigaction 
rt_sigaction 
rt_sigaction 
rt_sigaction 
rt_sigaction 
rt_sigaction 
rt_sigaction 
rt_sigaction 
rt_sigaction 
rt_sigaction 
rt_sigaction 
rt_sigaction 
rt_sigaction 
rt_sigaction 
rt_sigaction 
rt_sigaction 
rt_sigaction 
rt_sigaction 
rt_sigaction 
rt_sigaction 
rt_sigaction 
rt_sigaction 
rt_sigaction 
rt_sigaction 
rt_sigaction 
rt_sigaction 
rt_sigaction 
rt_sigaction 
rt_sigaction 
rt_sigaction 
rt_sigaction 
rt_sigaction 
rt_sigaction 
rt_sigaction 
rt_sigaction 
rt_sigaction 
rt_sigaction 
rt_sigaction 
rt_sigaction 
rt_sigaction 
rt_sigaction 
rt_sigaction 
rt_sigaction 
rt_sigaction 
rt_sigaction 
rt_sigaction 
rt_sigaction 
rt_sigaction 
rt_sigaction 
rt_sigaction 
rt_sigaction 
rt_sigaction 
rt_sigaction 
rt_sigaction 
rt_sigaction 
rt_sigaction 
rt_sigaction 
rt_sigaction 
rt_sigaction 
rt_sigaction 
rt_sigaction 
rt_sigaction 
rt_sigaction 
rt_sigaction 
rt_sigaction 
rt_sigaction 
rt_sigaction 
rt_sigaction 
rt_sigaction 
rt_sigaction 
rt_sigaction 
rt_sigaction 
rt_sigaction 
rt_sigaction 
rt_sigaction 
rt_sigaction 
rt_sigaction 
rt_sigaction 
rt_sigaction 
rt_sigaction 
rt_sigaction 
rt_sigaction 
rt_sigaction 
rt_sigaction 
rt_sigaction 
rt_sigaction 
rt_sigaction 
rt_sigaction 
rt_sigaction 
rt_sigaction 
rt_sigaction 
rt_sigaction 
rt_sigaction 
rt_sigaction 
rt_sigaction 
rt_sigaction 
rt_sigaction 
rt_sigaction 
rt_sigaction 
rt_sigaction 
rt_sigaction 
mmap addr=0 length=8192 prot=3(PROT_READ|PROT_WRITE) flags=10(MAP_PRIVATE|MAP_ANONYMOUS) fd=-1(EPERM) offset=0 
mmap res=7FEB703CB000 vm_size=383128 vm_rss=9044 vm_swap=0 
getpid 
getpid 
epoll_create1 
epoll_create1 
epoll_ctl 
epoll_ctl 
mmap addr=0 length=8192 prot=3(PROT_READ|PROT_WRITE) flags=10(MAP_PRIVATE|MAP_ANONYMOUS) fd=-1(EPERM) offset=0 
mmap res=7FEB703C9000 vm_size=383136 vm_rss=9044 vm_swap=0 
accept flags=0 
clone res=0 exe=apache2 args=-DFOREGROUND. tid=477495(apache2) pid=477495(apache2) ptid=476837(apache2) cwd= fdlimit=1048576 pgft_maj=0 pgft_min=1 vm_size=383104 vm_rss=7640 vm_swap=0 comm=apache2 cgroups=cpuset=/system.slice/docker-16ae8d7cd5fb26f69d2b3694871b56f03e50ad52cedd860b3... flags=562036736(CLONE_CHILD_CLEARTID|CLONE_CHILD_SETTID) uid=0 gid=0 vtid=78 vpid=78 
set_robust_list 
set_robust_list 
rt_sigaction 
rt_sigaction 
rt_sigaction 
rt_sigaction 
rt_sigaction 
rt_sigaction 
getpid 
getpid 
getpid 
getpid 
mmap addr=0 length=8192 prot=3(PROT_READ|PROT_WRITE) flags=10(MAP_PRIVATE|MAP_ANONYMOUS) fd=-1(EPERM) offset=0 
mmap res=7FEB703CF000 vm_size=383112 vm_rss=7640 vm_swap=0 
mmap addr=0 length=8192 prot=3(PROT_READ|PROT_WRITE) flags=10(MAP_PRIVATE|MAP_ANONYMOUS) fd=-1(EPERM) offset=0 
mmap res=7FEB703CD000 vm_size=383120 vm_rss=7640 vm_swap=0 
geteuid 
geteuid euid=0(root) 
setgid gid=33(www-data) 
setgid res=0 
open 
open fd=9(<f>/proc/sys/kernel/ngroups_max) name=/proc/sys/kernel/ngroups_max flags=1(O_RDONLY) mode=0 dev=5E 
read fd=9(<f>/proc/sys/kernel/ngroups_max) size=31 
read res=6 data=65536. 
close fd=9(<f>/proc/sys/kernel/ngroups_max) 
close res=0 
open 
open fd=9(<f>/etc/group) name=/etc/group flags=4097(O_RDONLY|O_CLOEXEC) mode=0 dev=5C 
lseek fd=9(<f>/etc/group) offset=0 whence=1(SEEK_CUR) 
lseek res=0 
fstat fd=9(<f>/etc/group) 
fstat res=0 
mmap addr=0 length=446 prot=1(PROT_READ) flags=1(MAP_SHARED) fd=9(<f>/etc/group) offset=0 
mmap res=7FEB703CC000 vm_size=383124 vm_rss=7640 vm_swap=0 
lseek fd=9(<f>/etc/group) offset=446 whence=0(SEEK_SET) 
lseek res=446 
fstat fd=9(<f>/etc/group) 
fstat res=0 
munmap addr=7FEB703CC000 length=446 
munmap res=0 vm_size=383120 vm_rss=9044 vm_swap=0 
close fd=9(<f>/etc/group) 
close res=0 
setgroups 
setgroups 
geteuid 
geteuid euid=0(root) 
setuid uid=33(www-data) 
setuid res=0 
getpid 
getpid 
rt_sigaction 
rt_sigaction 
rt_sigaction 
rt_sigaction 
rt_sigaction 
rt_sigaction 
rt_sigaction 
rt_sigaction 
rt_sigaction 
rt_sigaction 
rt_sigaction 
rt_sigaction 
rt_sigaction 
rt_sigaction 
rt_sigaction 
rt_sigaction 
rt_sigaction 
rt_sigaction 
rt_sigaction 
rt_sigaction 
rt_sigaction 
rt_sigaction 
rt_sigaction 
rt_sigaction 
rt_sigaction 
rt_sigaction 
rt_sigaction 
rt_sigaction 
rt_sigaction 
rt_sigaction 
rt_sigaction 
rt_sigaction 
rt_sigaction 
rt_sigaction 
rt_sigaction 
rt_sigaction 
rt_sigaction 
rt_sigaction 
rt_sigaction 
rt_sigaction 
rt_sigaction 
rt_sigaction 
rt_sigaction 
rt_sigaction 
rt_sigaction 
rt_sigaction 
rt_sigaction 
rt_sigaction 
rt_sigaction 
rt_sigaction 
rt_sigaction 
rt_sigaction 
rt_sigaction 
rt_sigaction 
rt_sigaction 
rt_sigaction 
rt_sigaction 
rt_sigaction 
rt_sigaction 
rt_sigaction 
rt_sigaction 
rt_sigaction 
rt_sigaction 
rt_sigaction 
rt_sigaction 
rt_sigaction 
rt_sigaction 
rt_sigaction 
rt_sigaction 
rt_sigaction 
rt_sigaction 
rt_sigaction 
rt_sigaction 
rt_sigaction 
rt_sigaction 
rt_sigaction 
rt_sigaction 
rt_sigaction 
rt_sigaction 
rt_sigaction 
rt_sigaction 
rt_sigaction 
rt_sigaction 
rt_sigaction 
rt_sigaction 
rt_sigaction 
rt_sigaction 
rt_sigaction 
rt_sigaction 
rt_sigaction 
rt_sigaction 
rt_sigaction 
rt_sigaction 
rt_sigaction 
rt_sigaction 
rt_sigaction 
rt_sigaction 
rt_sigaction 
rt_sigaction 
rt_sigaction 
rt_sigaction 
rt_sigaction 
rt_sigaction 
rt_sigaction 
rt_sigaction 
rt_sigaction 
rt_sigaction 
rt_sigaction 
rt_sigaction 
rt_sigaction 
rt_sigaction 
rt_sigaction 
rt_sigaction 
rt_sigaction 
rt_sigaction 
rt_sigaction 
rt_sigaction 
rt_sigaction 
rt_sigaction 
rt_sigaction 
rt_sigaction 
rt_sigaction 
rt_sigaction 
rt_sigaction 
mmap addr=0 length=8192 prot=3(PROT_READ|PROT_WRITE) flags=10(MAP_PRIVATE|MAP_ANONYMOUS) fd=-1(EPERM) offset=0 
mmap res=7FEB703CB000 vm_size=383128 vm_rss=9044 vm_swap=0 
getpid 
getpid 
epoll_create1 
epoll_create1 
epoll_ctl 
epoll_ctl 
mmap addr=0 length=8192 prot=3(PROT_READ|PROT_WRITE) flags=10(MAP_PRIVATE|MAP_ANONYMOUS) fd=-1(EPERM) offset=0 
mmap res=7FEB703C9000 vm_size=383136 vm_rss=9044 vm_swap=0 
accept flags=0 
clone res=0 exe=apache2 args=-DFOREGROUND. tid=477496(apache2) pid=477496(apache2) ptid=476837(apache2) cwd= fdlimit=1048576 pgft_maj=0 pgft_min=1 vm_size=383104 vm_rss=7640 vm_swap=0 comm=apache2 cgroups=cpuset=/system.slice/docker-16ae8d7cd5fb26f69d2b3694871b56f03e50ad52cedd860b3... flags=562036736(CLONE_CHILD_CLEARTID|CLONE_CHILD_SETTID) uid=0 gid=0 vtid=79 vpid=79 
set_robust_list 
set_robust_list 
rt_sigaction 
rt_sigaction 
rt_sigaction 
rt_sigaction 
rt_sigaction 
rt_sigaction 
getpid 
getpid 
getpid 
getpid 
mmap addr=0 length=8192 prot=3(PROT_READ|PROT_WRITE) flags=10(MAP_PRIVATE|MAP_ANONYMOUS) fd=-1(EPERM) offset=0 
mmap res=7FEB703CF000 vm_size=383112 vm_rss=7640 vm_swap=0 
mmap addr=0 length=8192 prot=3(PROT_READ|PROT_WRITE) flags=10(MAP_PRIVATE|MAP_ANONYMOUS) fd=-1(EPERM) offset=0 
mmap res=7FEB703CD000 vm_size=383120 vm_rss=7640 vm_swap=0 
geteuid 
geteuid euid=0(root) 
setgid gid=33(www-data) 
setgid res=0 
open 
open fd=9(<f>/proc/sys/kernel/ngroups_max) name=/proc/sys/kernel/ngroups_max flags=1(O_RDONLY) mode=0 dev=5E 
read fd=9(<f>/proc/sys/kernel/ngroups_max) size=31 
read res=6 data=65536. 
close fd=9(<f>/proc/sys/kernel/ngroups_max) 
close res=0 
open 
open fd=9(<f>/etc/group) name=/etc/group flags=4097(O_RDONLY|O_CLOEXEC) mode=0 dev=5C 
lseek fd=9(<f>/etc/group) offset=0 whence=1(SEEK_CUR) 
lseek res=0 
fstat fd=9(<f>/etc/group) 
fstat res=0 
mmap addr=0 length=446 prot=1(PROT_READ) flags=1(MAP_SHARED) fd=9(<f>/etc/group) offset=0 
mmap res=7FEB703CC000 vm_size=383124 vm_rss=7640 vm_swap=0 
lseek fd=9(<f>/etc/group) offset=446 whence=0(SEEK_SET) 
lseek res=446 
fstat fd=9(<f>/etc/group) 
fstat res=0 
munmap addr=7FEB703CC000 length=446 
munmap res=0 vm_size=383120 vm_rss=9044 vm_swap=0 
close fd=9(<f>/etc/group) 
close res=0 
setgroups 
setgroups 
geteuid 
geteuid euid=0(root) 
setuid uid=33(www-data) 
setuid res=0 
getpid 
getpid 
rt_sigaction 
rt_sigaction 
rt_sigaction 
rt_sigaction 
rt_sigaction 
rt_sigaction 
rt_sigaction 
rt_sigaction 
rt_sigaction 
rt_sigaction 
rt_sigaction 
rt_sigaction 
rt_sigaction 
rt_sigaction 
rt_sigaction 
rt_sigaction 
rt_sigaction 
rt_sigaction 
rt_sigaction 
rt_sigaction 
rt_sigaction 
rt_sigaction 
rt_sigaction 
rt_sigaction 
rt_sigaction 
rt_sigaction 
rt_sigaction 
rt_sigaction 
rt_sigaction 
rt_sigaction 
rt_sigaction 
rt_sigaction 
rt_sigaction 
rt_sigaction 
rt_sigaction 
rt_sigaction 
rt_sigaction 
rt_sigaction 
rt_sigaction 
rt_sigaction 
rt_sigaction 
rt_sigaction 
rt_sigaction 
rt_sigaction 
rt_sigaction 
rt_sigaction 
rt_sigaction 
rt_sigaction 
rt_sigaction 
rt_sigaction 
rt_sigaction 
rt_sigaction 
rt_sigaction 
rt_sigaction 
rt_sigaction 
rt_sigaction 
rt_sigaction 
rt_sigaction 
rt_sigaction 
rt_sigaction 
rt_sigaction 
rt_sigaction 
rt_sigaction 
rt_sigaction 
rt_sigaction 
rt_sigaction 
rt_sigaction 
rt_sigaction 
rt_sigaction 
rt_sigaction 
rt_sigaction 
rt_sigaction 
rt_sigaction 
rt_sigaction 
rt_sigaction 
rt_sigaction 
rt_sigaction 
rt_sigaction 
rt_sigaction 
rt_sigaction 
rt_sigaction 
rt_sigaction 
rt_sigaction 
rt_sigaction 
rt_sigaction 
rt_sigaction 
rt_sigaction 
rt_sigaction 
rt_sigaction 
rt_sigaction 
rt_sigaction 
rt_sigaction 
rt_sigaction 
rt_sigaction 
rt_sigaction 
rt_sigaction 
rt_sigaction 
rt_sigaction 
rt_sigaction 
rt_sigaction 
rt_sigaction 
rt_sigaction 
rt_sigaction 
rt_sigaction 
rt_sigaction 
rt_sigaction 
rt_sigaction 
rt_sigaction 
rt_sigaction 
rt_sigaction 
rt_sigaction 
rt_sigaction 
rt_sigaction 
rt_sigaction 
rt_sigaction 
rt_sigaction 
rt_sigaction 
rt_sigaction 
rt_sigaction 
rt_sigaction 
rt_sigaction 
rt_sigaction 
rt_sigaction 
rt_sigaction 
mmap addr=0 length=8192 prot=3(PROT_READ|PROT_WRITE) flags=10(MAP_PRIVATE|MAP_ANONYMOUS) fd=-1(EPERM) offset=0 
mmap res=7FEB703CB000 vm_size=383128 vm_rss=9044 vm_swap=0 
getpid 
getpid 
epoll_create1 
epoll_create1 
epoll_ctl 
epoll_ctl 
mmap addr=0 length=8192 prot=3(PROT_READ|PROT_WRITE) flags=10(MAP_PRIVATE|MAP_ANONYMOUS) fd=-1(EPERM) offset=0 
mmap res=7FEB703C9000 vm_size=383136 vm_rss=9044 vm_swap=0 
accept flags=0 
clone res=0 exe=apache2 args=-DFOREGROUND. tid=477497(apache2) pid=477497(apache2) ptid=476837(apache2) cwd= fdlimit=1048576 pgft_maj=0 pgft_min=1 vm_size=383104 vm_rss=7640 vm_swap=0 comm=apache2 cgroups=cpuset=/system.slice/docker-16ae8d7cd5fb26f69d2b3694871b56f03e50ad52cedd860b3... flags=562036736(CLONE_CHILD_CLEARTID|CLONE_CHILD_SETTID) uid=0 gid=0 vtid=80 vpid=80 
set_robust_list 
set_robust_list 
rt_sigaction 
rt_sigaction 
rt_sigaction 
rt_sigaction 
rt_sigaction 
rt_sigaction 
getpid 
getpid 
getpid 
getpid 
mmap addr=0 length=8192 prot=3(PROT_READ|PROT_WRITE) flags=10(MAP_PRIVATE|MAP_ANONYMOUS) fd=-1(EPERM) offset=0 
mmap res=7FEB703CF000 vm_size=383112 vm_rss=7640 vm_swap=0 
mmap addr=0 length=8192 prot=3(PROT_READ|PROT_WRITE) flags=10(MAP_PRIVATE|MAP_ANONYMOUS) fd=-1(EPERM) offset=0 
mmap res=7FEB703CD000 vm_size=383120 vm_rss=7640 vm_swap=0 
geteuid 
geteuid euid=0(root) 
setgid gid=33(www-data) 
setgid res=0 
open 
open fd=9(<f>/proc/sys/kernel/ngroups_max) name=/proc/sys/kernel/ngroups_max flags=1(O_RDONLY) mode=0 dev=5E 
read fd=9(<f>/proc/sys/kernel/ngroups_max) size=31 
read res=6 data=65536. 
close fd=9(<f>/proc/sys/kernel/ngroups_max) 
close res=0 
open 
open fd=9(<f>/etc/group) name=/etc/group flags=4097(O_RDONLY|O_CLOEXEC) mode=0 dev=5C 
lseek fd=9(<f>/etc/group) offset=0 whence=1(SEEK_CUR) 
lseek res=0 
fstat fd=9(<f>/etc/group) 
fstat res=0 
mmap addr=0 length=446 prot=1(PROT_READ) flags=1(MAP_SHARED) fd=9(<f>/etc/group) offset=0 
mmap res=7FEB703CC000 vm_size=383124 vm_rss=7640 vm_swap=0 
lseek fd=9(<f>/etc/group) offset=446 whence=0(SEEK_SET) 
lseek res=446 
fstat fd=9(<f>/etc/group) 
fstat res=0 
munmap addr=7FEB703CC000 length=446 
munmap res=0 vm_size=383120 vm_rss=9044 vm_swap=0 
close fd=9(<f>/etc/group) 
close res=0 
setgroups 
setgroups 
geteuid 
geteuid euid=0(root) 
setuid uid=33(www-data) 
setuid res=0 
getpid 
getpid 
rt_sigaction 
rt_sigaction 
rt_sigaction 
rt_sigaction 
rt_sigaction 
rt_sigaction 
rt_sigaction 
rt_sigaction 
rt_sigaction 
rt_sigaction 
rt_sigaction 
rt_sigaction 
rt_sigaction 
rt_sigaction 
rt_sigaction 
rt_sigaction 
rt_sigaction 
rt_sigaction 
rt_sigaction 
rt_sigaction 
rt_sigaction 
rt_sigaction 
rt_sigaction 
rt_sigaction 
rt_sigaction 
rt_sigaction 
rt_sigaction 
rt_sigaction 
rt_sigaction 
rt_sigaction 
rt_sigaction 
rt_sigaction 
rt_sigaction 
rt_sigaction 
rt_sigaction 
rt_sigaction 
rt_sigaction 
rt_sigaction 
rt_sigaction 
rt_sigaction 
rt_sigaction 
rt_sigaction 
rt_sigaction 
rt_sigaction 
rt_sigaction 
rt_sigaction 
rt_sigaction 
rt_sigaction 
rt_sigaction 
rt_sigaction 
rt_sigaction 
rt_sigaction 
rt_sigaction 
rt_sigaction 
rt_sigaction 
rt_sigaction 
rt_sigaction 
rt_sigaction 
rt_sigaction 
rt_sigaction 
rt_sigaction 
rt_sigaction 
rt_sigaction 
rt_sigaction 
rt_sigaction 
rt_sigaction 
rt_sigaction 
rt_sigaction 
rt_sigaction 
rt_sigaction 
rt_sigaction 
rt_sigaction 
rt_sigaction 
rt_sigaction 
rt_sigaction 
rt_sigaction 
rt_sigaction 
rt_sigaction 
rt_sigaction 
rt_sigaction 
rt_sigaction 
rt_sigaction 
rt_sigaction 
rt_sigaction 
rt_sigaction 
rt_sigaction 
rt_sigaction 
rt_sigaction 
rt_sigaction 
rt_sigaction 
rt_sigaction 
rt_sigaction 
rt_sigaction 
rt_sigaction 
rt_sigaction 
rt_sigaction 
rt_sigaction 
rt_sigaction 
rt_sigaction 
rt_sigaction 
rt_sigaction 
rt_sigaction 
rt_sigaction 
rt_sigaction 
rt_sigaction 
rt_sigaction 
rt_sigaction 
rt_sigaction 
rt_sigaction 
rt_sigaction 
rt_sigaction 
rt_sigaction 
rt_sigaction 
rt_sigaction 
rt_sigaction 
rt_sigaction 
rt_sigaction 
rt_sigaction 
rt_sigaction 
rt_sigaction 
rt_sigaction 
rt_sigaction 
rt_sigaction 
rt_sigaction 
mmap addr=0 length=8192 prot=3(PROT_READ|PROT_WRITE) flags=10(MAP_PRIVATE|MAP_ANONYMOUS) fd=-1(EPERM) offset=0 
mmap res=7FEB703CB000 vm_size=383128 vm_rss=9044 vm_swap=0 
getpid 
getpid 
epoll_create1 
epoll_create1 
epoll_ctl 
epoll_ctl 
mmap addr=0 length=8192 prot=3(PROT_READ|PROT_WRITE) flags=10(MAP_PRIVATE|MAP_ANONYMOUS) fd=-1(EPERM) offset=0 
mmap res=7FEB703C9000 vm_size=383136 vm_rss=9044 vm_swap=0 
accept flags=0 
clone res=0 exe=apache2 args=-DFOREGROUND. tid=477498(apache2) pid=477498(apache2) ptid=476837(apache2) cwd= fdlimit=1048576 pgft_maj=0 pgft_min=1 vm_size=383104 vm_rss=7640 vm_swap=0 comm=apache2 cgroups=cpuset=/system.slice/docker-16ae8d7cd5fb26f69d2b3694871b56f03e50ad52cedd860b3... flags=562036736(CLONE_CHILD_CLEARTID|CLONE_CHILD_SETTID) uid=0 gid=0 vtid=81 vpid=81 
set_robust_list 
set_robust_list 
rt_sigaction 
rt_sigaction 
rt_sigaction 
rt_sigaction 
rt_sigaction 
rt_sigaction 
getpid 
getpid 
getpid 
getpid 
mmap addr=0 length=8192 prot=3(PROT_READ|PROT_WRITE) flags=10(MAP_PRIVATE|MAP_ANONYMOUS) fd=-1(EPERM) offset=0 
mmap res=7FEB703CF000 vm_size=383112 vm_rss=7640 vm_swap=0 
mmap addr=0 length=8192 prot=3(PROT_READ|PROT_WRITE) flags=10(MAP_PRIVATE|MAP_ANONYMOUS) fd=-1(EPERM) offset=0 
mmap res=7FEB703CD000 vm_size=383120 vm_rss=7640 vm_swap=0 
geteuid 
geteuid euid=0(root) 
setgid gid=33(www-data) 
setgid res=0 
open 
open fd=9(<f>/proc/sys/kernel/ngroups_max) name=/proc/sys/kernel/ngroups_max flags=1(O_RDONLY) mode=0 dev=5E 
read fd=9(<f>/proc/sys/kernel/ngroups_max) size=31 
read res=6 data=65536. 
close fd=9(<f>/proc/sys/kernel/ngroups_max) 
close res=0 
open 
open fd=9(<f>/etc/group) name=/etc/group flags=4097(O_RDONLY|O_CLOEXEC) mode=0 dev=5C 
lseek fd=9(<f>/etc/group) offset=0 whence=1(SEEK_CUR) 
lseek res=0 
fstat fd=9(<f>/etc/group) 
fstat res=0 
mmap addr=0 length=446 prot=1(PROT_READ) flags=1(MAP_SHARED) fd=9(<f>/etc/group) offset=0 
mmap res=7FEB703CC000 vm_size=383124 vm_rss=7640 vm_swap=0 
lseek fd=9(<f>/etc/group) offset=446 whence=0(SEEK_SET) 
lseek res=446 
fstat fd=9(<f>/etc/group) 
fstat res=0 
munmap addr=7FEB703CC000 length=446 
munmap res=0 vm_size=383120 vm_rss=9044 vm_swap=0 
close fd=9(<f>/etc/group) 
close res=0 
setgroups 
setgroups 
geteuid 
geteuid euid=0(root) 
setuid uid=33(www-data) 
setuid res=0 
getpid 
getpid 
rt_sigaction 
rt_sigaction 
rt_sigaction 
rt_sigaction 
rt_sigaction 
rt_sigaction 
rt_sigaction 
rt_sigaction 
rt_sigaction 
rt_sigaction 
rt_sigaction 
rt_sigaction 
rt_sigaction 
rt_sigaction 
rt_sigaction 
rt_sigaction 
rt_sigaction 
rt_sigaction 
rt_sigaction 
rt_sigaction 
rt_sigaction 
rt_sigaction 
rt_sigaction 
rt_sigaction 
rt_sigaction 
rt_sigaction 
rt_sigaction 
rt_sigaction 
rt_sigaction 
rt_sigaction 
rt_sigaction 
rt_sigaction 
rt_sigaction 
rt_sigaction 
rt_sigaction 
rt_sigaction 
rt_sigaction 
rt_sigaction 
rt_sigaction 
rt_sigaction 
rt_sigaction 
rt_sigaction 
rt_sigaction 
rt_sigaction 
rt_sigaction 
rt_sigaction 
rt_sigaction 
rt_sigaction 
rt_sigaction 
rt_sigaction 
rt_sigaction 
rt_sigaction 
rt_sigaction 
rt_sigaction 
rt_sigaction 
rt_sigaction 
rt_sigaction 
rt_sigaction 
rt_sigaction 
rt_sigaction 
rt_sigaction 
rt_sigaction 
rt_sigaction 
rt_sigaction 
rt_sigaction 
rt_sigaction 
rt_sigaction 
rt_sigaction 
rt_sigaction 
rt_sigaction 
rt_sigaction 
rt_sigaction 
rt_sigaction 
rt_sigaction 
rt_sigaction 
rt_sigaction 
rt_sigaction 
rt_sigaction 
rt_sigaction 
rt_sigaction 
rt_sigaction 
rt_sigaction 
rt_sigaction 
rt_sigaction 
rt_sigaction 
rt_sigaction 
rt_sigaction 
rt_sigaction 
rt_sigaction 
rt_sigaction 
rt_sigaction 
rt_sigaction 
rt_sigaction 
rt_sigaction 
rt_sigaction 
rt_sigaction 
rt_sigaction 
rt_sigaction 
rt_sigaction 
rt_sigaction 
rt_sigaction 
rt_sigaction 
rt_sigaction 
rt_sigaction 
rt_sigaction 
rt_sigaction 
rt_sigaction 
rt_sigaction 
rt_sigaction 
rt_sigaction 
rt_sigaction 
rt_sigaction 
rt_sigaction 
rt_sigaction 
rt_sigaction 
rt_sigaction 
rt_sigaction 
rt_sigaction 
rt_sigaction 
rt_sigaction 
rt_sigaction 
rt_sigaction 
rt_sigaction 
rt_sigaction 
mmap addr=0 length=8192 prot=3(PROT_READ|PROT_WRITE) flags=10(MAP_PRIVATE|MAP_ANONYMOUS) fd=-1(EPERM) offset=0 
mmap res=7FEB703CB000 vm_size=383128 vm_rss=9044 vm_swap=0 
getpid 
getpid 
epoll_create1 
epoll_create1 
epoll_ctl 
epoll_ctl 
mmap addr=0 length=8192 prot=3(PROT_READ|PROT_WRITE) flags=10(MAP_PRIVATE|MAP_ANONYMOUS) fd=-1(EPERM) offset=0 
mmap res=7FEB703C9000 vm_size=383136 vm_rss=9044 vm_swap=0 
accept flags=0 
poll res=0 fds= 
shutdown fd=10(<4t>172.18.0.1:60558->172.18.0.3:80) how=1(SHUT_WR) 
shutdown res=0 
poll fds=10:41 timeout=2000 
poll res=1 fds=10:421 
read fd=10(<4t>172.18.0.1:60558->172.18.0.3:80) size=512 
read res=0 data= 
close fd=10(<4t>172.18.0.1:60558->172.18.0.3:80) 
close res=0 
read fd=4(<p>pipe:[669184]) size=1 
read res=-11(EAGAIN) data= 
accept flags=0 
accept fd=10(<4t>127.0.0.1:49002->127.0.0.1:80) tuple=127.0.0.1:49002->127.0.0.1:80 queuepct=0 queuelen=0 queuemax=511 
getsockname 
getsockname 
fcntl fd=10(<4t>127.0.0.1:49002->127.0.0.1:80) cmd=4(F_GETFL) 
fcntl res=2(<p>pipe:[668225]) 
fcntl fd=10(<4t>127.0.0.1:49002->127.0.0.1:80) cmd=5(F_SETFL) 
fcntl res=0(<f>/dev/null) 
mmap addr=0 length=8192 prot=3(PROT_READ|PROT_WRITE) flags=10(MAP_PRIVATE|MAP_ANONYMOUS) fd=-1(EPERM) offset=0 
mmap res=7FEB703C7000 vm_size=383144 vm_rss=9044 vm_swap=0 
mmap addr=0 length=8192 prot=3(PROT_READ|PROT_WRITE) flags=10(MAP_PRIVATE|MAP_ANONYMOUS) fd=-1(EPERM) offset=0 
mmap res=7FEB703C5000 vm_size=383152 vm_rss=9044 vm_swap=0 
read fd=10(<4t>127.0.0.1:49002->127.0.0.1:80) size=8000 
read res=96 data=OPTIONS * HTTP/1.0..User-Agent: Apache/2.4.25 (Debian) PHP/7.2.1 (internal dummy 
mmap addr=0 length=8192 prot=3(PROT_READ|PROT_WRITE) flags=10(MAP_PRIVATE|MAP_ANONYMOUS) fd=-1(EPERM) offset=0 
mmap res=7FEB703C3000 vm_size=383160 vm_rss=9044 vm_swap=0 
mmap addr=0 length=8192 prot=3(PROT_READ|PROT_WRITE) flags=10(MAP_PRIVATE|MAP_ANONYMOUS) fd=-1(EPERM) offset=0 
mmap res=7FEB703C1000 vm_size=383168 vm_rss=9044 vm_swap=0 
writev fd=10(<4t>127.0.0.1:49002->127.0.0.1:80) size=126 
writev res=126 data=HTTP/1.1 200 OK..Date: Tue, 08 Aug 2023 01:16:56 GMT..Server: Apache/2.4.25 (Deb 
write fd=7(<p>pipe:[668224]) size=139 
write res=139 data=127.0.0.1 - - [08/Aug/2023:01:16:56 +0000] "OPTIONS * HTTP/1.0" 200 126 "-" "Apa 
times 
times 
shutdown fd=10(<4t>127.0.0.1:49002->127.0.0.1:80) how=1(SHUT_WR) 
shutdown res=-107(ENOTCONN) 
close fd=10(<4t>127.0.0.1:49002->127.0.0.1:80) 
close res=0 
read fd=4(<p>pipe:[669184]) size=1 
read res=1 data=! 
close fd=9 
close res=0 
munmap addr=7FEB5905F000 length=134217728 
munmap res=0 vm_size=252096 vm_rss=11220 vm_swap=0 
close fd=8(<f>/tmp/.ZendSem.bpZ2Z2 (deleted)) 
close res=0 
munmap addr=7FEB6105F000 length=2243784 
munmap res=0 vm_size=249904 vm_rss=11260 vm_swap=0 
munmap addr=7FEB61721000 length=2517856 
munmap res=0 vm_size=247444 vm_rss=11280 vm_swap=0 
munmap addr=7FEB614EE000 length=2301968 
munmap res=0 vm_size=245192 vm_rss=11252 vm_swap=0 
munmap addr=7FEB61283000 length=2531352 
munmap res=0 vm_size=242716 vm_rss=11224 vm_swap=0 
munmap addr=7FEB61988000 length=2584984 
munmap res=0 vm_size=240188 vm_rss=12952 vm_swap=0 
munmap addr=7FEB70377000 length=299008 
munmap res=0 vm_size=239896 vm_rss=12764 vm_swap=0 
munmap addr=7FEB61C00000 length=2097152 
munmap res=0 vm_size=237848 vm_rss=10716 vm_swap=0 
munmap addr=7FEB703E5000 length=323584 
munmap res=0 vm_size=237532 vm_rss=10712 vm_swap=0 
munmap addr=7FEB703CF000 length=8192 
munmap res=0 vm_size=237524 vm_rss=10708 vm_swap=0 
munmap addr=7FEB703C9000 length=8192 
munmap res=0 vm_size=237516 vm_rss=10704 vm_swap=0 
munmap addr=7FEB703CD000 length=8192 
munmap res=0 vm_size=237508 vm_rss=10700 vm_swap=0 
munmap addr=7FEB703CB000 length=8192 
munmap res=0 vm_size=237500 vm_rss=10696 vm_swap=0 
munmap addr=7FEB703C5000 length=8192 
munmap res=0 vm_size=237492 vm_rss=10692 vm_swap=0 
munmap addr=7FEB703C1000 length=8192 
munmap res=0 vm_size=237484 vm_rss=10688 vm_swap=0 
munmap addr=7FEB703C7000 length=8192 
munmap res=0 vm_size=237476 vm_rss=10680 vm_swap=0 
munmap addr=7FEB703C3000 length=8192 
munmap res=0 vm_size=237468 vm_rss=10676 vm_swap=0 
close fd=5(<p>pipe:[669184]) 
close res=0 
close fd=4(<p>pipe:[669184]) 
close res=0 
futex addr=7FEB6A1628EC op=129(FUTEX_PRIVATE_FLAG|FUTEX_WAKE) val=2147483647 
futex res=0 
exit_group 
accept fd=10(<4t>127.0.0.1:49012->127.0.0.1:80) tuple=127.0.0.1:49012->127.0.0.1:80 queuepct=0 queuelen=0 queuemax=511 
getsockname 
getsockname 
fcntl fd=10(<4t>127.0.0.1:49012->127.0.0.1:80) cmd=4(F_GETFL) 
fcntl res=2(<p>pipe:[668225]) 
fcntl fd=10(<4t>127.0.0.1:49012->127.0.0.1:80) cmd=5(F_SETFL) 
fcntl res=0(<f>/dev/null) 
mmap addr=0 length=8192 prot=3(PROT_READ|PROT_WRITE) flags=10(MAP_PRIVATE|MAP_ANONYMOUS) fd=-1(EPERM) offset=0 
mmap res=7FEB703C7000 vm_size=383144 vm_rss=9044 vm_swap=0 
mmap addr=0 length=8192 prot=3(PROT_READ|PROT_WRITE) flags=10(MAP_PRIVATE|MAP_ANONYMOUS) fd=-1(EPERM) offset=0 
mmap res=7FEB703C5000 vm_size=383152 vm_rss=9044 vm_swap=0 
read fd=10(<4t>127.0.0.1:49012->127.0.0.1:80) size=8000 
read res=96 data=OPTIONS * HTTP/1.0..User-Agent: Apache/2.4.25 (Debian) PHP/7.2.1 (internal dummy 
mmap addr=0 length=8192 prot=3(PROT_READ|PROT_WRITE) flags=10(MAP_PRIVATE|MAP_ANONYMOUS) fd=-1(EPERM) offset=0 
mmap res=7FEB703C3000 vm_size=383160 vm_rss=9044 vm_swap=0 
mmap addr=0 length=8192 prot=3(PROT_READ|PROT_WRITE) flags=10(MAP_PRIVATE|MAP_ANONYMOUS) fd=-1(EPERM) offset=0 
mmap res=7FEB703C1000 vm_size=383168 vm_rss=9044 vm_swap=0 
writev fd=10(<4t>127.0.0.1:49012->127.0.0.1:80) size=126 
writev res=126 data=HTTP/1.1 200 OK..Date: Tue, 08 Aug 2023 01:16:57 GMT..Server: Apache/2.4.25 (Deb 
write fd=7(<p>pipe:[668224]) size=139 
write res=139 data=127.0.0.1 - - [08/Aug/2023:01:16:57 +0000] "OPTIONS * HTTP/1.0" 200 126 "-" "Apa 
times 
times 
shutdown fd=10(<4t>127.0.0.1:49012->127.0.0.1:80) how=1(SHUT_WR) 
shutdown res=-107(ENOTCONN) 
close fd=10(<4t>127.0.0.1:49012->127.0.0.1:80) 
close res=0 
read fd=4(<p>pipe:[669184]) size=1 
read res=1 data=! 
close fd=9 
close res=0 
munmap addr=7FEB5905F000 length=134217728 
munmap res=0 vm_size=252096 vm_rss=11228 vm_swap=0 
close fd=8(<f>/tmp/.ZendSem.bpZ2Z2 (deleted)) 
close res=0 
munmap addr=7FEB6105F000 length=2243784 
munmap res=0 vm_size=249904 vm_rss=11268 vm_swap=0 
munmap addr=7FEB61721000 length=2517856 
munmap res=0 vm_size=247444 vm_rss=11288 vm_swap=0 
munmap addr=7FEB614EE000 length=2301968 
munmap res=0 vm_size=245192 vm_rss=11260 vm_swap=0 
munmap addr=7FEB61283000 length=2531352 
munmap res=0 vm_size=242716 vm_rss=11232 vm_swap=0 
munmap addr=7FEB61988000 length=2584984 
munmap res=0 vm_size=240188 vm_rss=12960 vm_swap=0 
munmap addr=7FEB70377000 length=299008 
munmap res=0 vm_size=239896 vm_rss=12772 vm_swap=0 
munmap addr=7FEB61C00000 length=2097152 
munmap res=0 vm_size=237848 vm_rss=10724 vm_swap=0 
munmap addr=7FEB703E5000 length=323584 
munmap res=0 vm_size=237532 vm_rss=10720 vm_swap=0 
munmap addr=7FEB703CF000 length=8192 
munmap res=0 vm_size=237524 vm_rss=10716 vm_swap=0 
munmap addr=7FEB703C9000 length=8192 
munmap res=0 vm_size=237516 vm_rss=10712 vm_swap=0 
munmap addr=7FEB703CD000 length=8192 
munmap res=0 vm_size=237508 vm_rss=10708 vm_swap=0 
munmap addr=7FEB703CB000 length=8192 
munmap res=0 vm_size=237500 vm_rss=10704 vm_swap=0 
munmap addr=7FEB703C5000 length=8192 
munmap res=0 vm_size=237492 vm_rss=10700 vm_swap=0 
munmap addr=7FEB703C1000 length=8192 
munmap res=0 vm_size=237484 vm_rss=10696 vm_swap=0 
munmap addr=7FEB703C7000 length=8192 
munmap res=0 vm_size=237476 vm_rss=10688 vm_swap=0 
munmap addr=7FEB703C3000 length=8192 
munmap res=0 vm_size=237468 vm_rss=10684 vm_swap=0 
close fd=5(<p>pipe:[669184]) 
close res=0 
close fd=4(<p>pipe:[669184]) 
close res=0 
futex addr=7FEB6A1628EC op=129(FUTEX_PRIVATE_FLAG|FUTEX_WAKE) val=2147483647 
futex res=0 
exit_group 
accept fd=10(<4t>127.0.0.1:49022->127.0.0.1:80) tuple=127.0.0.1:49022->127.0.0.1:80 queuepct=0 queuelen=0 queuemax=511 
getsockname 
getsockname 
fcntl fd=10(<4t>127.0.0.1:49022->127.0.0.1:80) cmd=4(F_GETFL) 
fcntl res=2(<p>pipe:[668225]) 
fcntl fd=10(<4t>127.0.0.1:49022->127.0.0.1:80) cmd=5(F_SETFL) 
fcntl res=0(<f>/dev/null) 
mmap addr=0 length=8192 prot=3(PROT_READ|PROT_WRITE) flags=10(MAP_PRIVATE|MAP_ANONYMOUS) fd=-1(EPERM) offset=0 
mmap res=7FEB703C7000 vm_size=383144 vm_rss=9044 vm_swap=0 
mmap addr=0 length=8192 prot=3(PROT_READ|PROT_WRITE) flags=10(MAP_PRIVATE|MAP_ANONYMOUS) fd=-1(EPERM) offset=0 
mmap res=7FEB703C5000 vm_size=383152 vm_rss=9044 vm_swap=0 
read fd=10(<4t>127.0.0.1:49022->127.0.0.1:80) size=8000 
read res=96 data=OPTIONS * HTTP/1.0..User-Agent: Apache/2.4.25 (Debian) PHP/7.2.1 (internal dummy 
mmap addr=0 length=8192 prot=3(PROT_READ|PROT_WRITE) flags=10(MAP_PRIVATE|MAP_ANONYMOUS) fd=-1(EPERM) offset=0 
mmap res=7FEB703C3000 vm_size=383160 vm_rss=9044 vm_swap=0 
mmap addr=0 length=8192 prot=3(PROT_READ|PROT_WRITE) flags=10(MAP_PRIVATE|MAP_ANONYMOUS) fd=-1(EPERM) offset=0 
mmap res=7FEB703C1000 vm_size=383168 vm_rss=9044 vm_swap=0 
writev fd=10(<4t>127.0.0.1:49022->127.0.0.1:80) size=126 
writev res=126 data=HTTP/1.1 200 OK..Date: Tue, 08 Aug 2023 01:16:58 GMT..Server: Apache/2.4.25 (Deb 
write fd=7(<p>pipe:[668224]) size=139 
write res=139 data=127.0.0.1 - - [08/Aug/2023:01:16:58 +0000] "OPTIONS * HTTP/1.0" 200 126 "-" "Apa 
times 
times 
shutdown fd=10(<4t>127.0.0.1:49022->127.0.0.1:80) how=1(SHUT_WR) 
shutdown res=-107(ENOTCONN) 
close fd=10(<4t>127.0.0.1:49022->127.0.0.1:80) 
close res=0 
read fd=4(<p>pipe:[669184]) size=1 
read res=1 data=! 
close fd=9 
close res=0 
munmap addr=7FEB5905F000 length=134217728 
munmap res=0 vm_size=252096 vm_rss=11228 vm_swap=0 
close fd=8(<f>/tmp/.ZendSem.bpZ2Z2 (deleted)) 
close res=0 
munmap addr=7FEB6105F000 length=2243784 
munmap res=0 vm_size=249904 vm_rss=11268 vm_swap=0 
munmap addr=7FEB61721000 length=2517856 
munmap res=0 vm_size=247444 vm_rss=11288 vm_swap=0 
munmap addr=7FEB614EE000 length=2301968 
munmap res=0 vm_size=245192 vm_rss=11260 vm_swap=0 
munmap addr=7FEB61283000 length=2531352 
munmap res=0 vm_size=242716 vm_rss=11232 vm_swap=0 
munmap addr=7FEB61988000 length=2584984 
munmap res=0 vm_size=240188 vm_rss=12960 vm_swap=0 
munmap addr=7FEB70377000 length=299008 
munmap res=0 vm_size=239896 vm_rss=12772 vm_swap=0 
munmap addr=7FEB61C00000 length=2097152 
munmap res=0 vm_size=237848 vm_rss=10724 vm_swap=0 
munmap addr=7FEB703E5000 length=323584 
munmap res=0 vm_size=237532 vm_rss=10720 vm_swap=0 
munmap addr=7FEB703CF000 length=8192 
munmap res=0 vm_size=237524 vm_rss=10716 vm_swap=0 
munmap addr=7FEB703C9000 length=8192 
munmap res=0 vm_size=237516 vm_rss=10712 vm_swap=0 
munmap addr=7FEB703CD000 length=8192 
munmap res=0 vm_size=237508 vm_rss=10708 vm_swap=0 
munmap addr=7FEB703CB000 length=8192 
munmap res=0 vm_size=237500 vm_rss=10704 vm_swap=0 
munmap addr=7FEB703C5000 length=8192 
munmap res=0 vm_size=237492 vm_rss=10700 vm_swap=0 
munmap addr=7FEB703C1000 length=8192 
munmap res=0 vm_size=237484 vm_rss=10696 vm_swap=0 
munmap addr=7FEB703C7000 length=8192 
munmap res=0 vm_size=237476 vm_rss=10688 vm_swap=0 
munmap addr=7FEB703C3000 length=8192 
munmap res=0 vm_size=237468 vm_rss=10684 vm_swap=0 
close fd=5(<p>pipe:[669184]) 
close res=0 
close fd=4(<p>pipe:[669184]) 
close res=0 
futex addr=7FEB6A1628EC op=129(FUTEX_PRIVATE_FLAG|FUTEX_WAKE) val=2147483647 
futex res=0 
exit_group 
accept fd=10(<4t>172.18.0.1:56944->172.18.0.3:80) tuple=172.18.0.1:56944->172.18.0.3:80 queuepct=0 queuelen=0 queuemax=511 
getsockname 
getsockname 
fcntl fd=10(<4t>172.18.0.1:56944->172.18.0.3:80) cmd=4(F_GETFL) 
fcntl res=2(<p>pipe:[668225]) 
fcntl fd=10(<4t>172.18.0.1:56944->172.18.0.3:80) cmd=5(F_SETFL) 
fcntl res=0(<f>/dev/null) 
mmap addr=0 length=8192 prot=3(PROT_READ|PROT_WRITE) flags=10(MAP_PRIVATE|MAP_ANONYMOUS) fd=-1(EPERM) offset=0 
mmap res=7FEB703C7000 vm_size=383144 vm_rss=9044 vm_swap=0 
mmap addr=0 length=8192 prot=3(PROT_READ|PROT_WRITE) flags=10(MAP_PRIVATE|MAP_ANONYMOUS) fd=-1(EPERM) offset=0 
mmap res=7FEB703C5000 vm_size=383152 vm_rss=9044 vm_swap=0 
read fd=10(<4t>172.18.0.1:56944->172.18.0.3:80) size=8000 
read res=1096 data=GET /wp-content/plugins/mail-masta/inc/campaign/count_of_send.php?pl=/etc/passwd 
stat 
stat res=0 path=/var/www/html/wp-content/plugins/mail-masta/inc/campaign/count_of_send.php 
mmap addr=0 length=8192 prot=3(PROT_READ|PROT_WRITE) flags=10(MAP_PRIVATE|MAP_ANONYMOUS) fd=-1(EPERM) offset=0 
mmap res=7FEB703C3000 vm_size=383160 vm_rss=9044 vm_swap=0 
open 
open fd=-2(ENOENT) name=/var/www/.htaccess flags=4097(O_RDONLY|O_CLOEXEC) mode=0 dev=0 
open 
open fd=11(<f>/var/www/html/.htaccess) name=/var/www/html/.htaccess flags=4097(O_RDONLY|O_CLOEXEC) mode=0 dev=34 
fstat fd=11(<f>/var/www/html/.htaccess) 
fstat res=0 
read fd=11(<f>/var/www/html/.htaccess) size=4096 
read res=35 data=# BEGIN WordPress..# END WordPress. 
read fd=11(<f>/var/www/html/.htaccess) size=4096 
read res=0 data= 
close fd=11(<f>/var/www/html/.htaccess) 
close res=0 
open 
open fd=-2(ENOENT) name=/var/www/html/wp-content/.htaccess flags=4097(O_RDONLY|O_CLOEXEC) mode=0 dev=0 
open 
open fd=-2(ENOENT) name=/var/www/html/wp-content/plugins/.htaccess flags=4097(O_RDONLY|O_CLOEXEC) mode=0 dev=0 
open 
open fd=-2(ENOENT) name=/var/www/html/wp-content/plugins/mail-masta/.htaccess flags=4097(O_RDONLY|O_CLOEXEC) mode=0 dev=0 
open 
open fd=-2(ENOENT) name=/var/www/html/wp-content/plugins/mail-masta/inc/.htaccess flags=4097(O_RDONLY|O_CLOEXEC) mode=0 dev=0 
open 
open fd=-2(ENOENT) name=/var/www/html/wp-content/plugins/mail-masta/inc/campaign/.htaccess flags=4097(O_RDONLY|O_CLOEXEC) mode=0 dev=0 
open 
open fd=-20(ENOTDIR) name=/var/www/html/wp-content/plugins/mail-masta/inc/campaign/count_of_send.php/.htaccess flags=4097(O_RDONLY|O_CLOEXEC) mode=0 dev=0 
mmap addr=0 length=8192 prot=3(PROT_READ|PROT_WRITE) flags=10(MAP_PRIVATE|MAP_ANONYMOUS) fd=-1(EPERM) offset=0 
mmap res=7FEB703C1000 vm_size=383168 vm_rss=9044 vm_swap=0 
brk addr=55711CA6B000 
brk res=55711CA6B000 vm_size=383328 vm_rss=10312 vm_swap=0 
brk addr=55711CA8C000 
brk res=55711CA8C000 vm_size=383460 vm_rss=11428 vm_swap=0 
rt_sigaction 
rt_sigaction 
rt_sigaction 
rt_sigaction 
rt_sigaction 
rt_sigaction 
rt_sigaction 
rt_sigaction 
rt_sigaction 
rt_sigaction 
rt_sigaction 
rt_sigaction 
rt_sigaction 
rt_sigaction 
rt_sigaction 
rt_sigaction 
rt_sigaction 
rt_sigaction 
rt_sigaction 
rt_sigaction 
rt_sigaction 
rt_sigaction 
rt_sigaction 
rt_sigaction 
rt_sigaction 
rt_sigaction 
rt_sigaction 
rt_sigaction 
setitimer 
setitimer 
rt_sigaction 
rt_sigaction 
rt_sigprocmask 
rt_sigprocmask 
mmap addr=0 length=65536 prot=3(PROT_READ|PROT_WRITE) flags=10(MAP_PRIVATE|MAP_ANONYMOUS) fd=-1(EPERM) offset=0 
mmap res=7FEB70367000 vm_size=383524 vm_rss=12128 vm_swap=0 
getcwd 
getcwd res=14 path=/var/www/html 
chdir 
chdir res=0 path=/var/www/html/wp-content/plugins/mail-masta/inc/campaign 
lstat 
lstat res=0 path=/var/www/html/wp-content/plugins/mail-masta/inc/campaign/count_of_send.php 
lstat 
lstat res=0 path=/var/www/html/wp-content/plugins/mail-masta/inc/campaign 
lstat 
lstat res=0 path=/var/www/html/wp-content/plugins/mail-masta/inc 
lstat 
lstat res=0 path=/var/www/html/wp-content/plugins/mail-masta 
lstat 
lstat res=0 path=/var/www/html/wp-content/plugins 
lstat 
lstat res=0 path=/var/www/html/wp-content 
lstat 
lstat res=0 path=/var/www/html 
lstat 
lstat res=0 path=/var/www 
lstat 
lstat res=0 path=/var 
open 
open fd=11(<f>/var/www/html/wp-content/plugins/mail-masta/inc/campaign/count_of_send.php) name=/var/www/html/wp-content/plugins/mail-masta/inc/campaign/count_of_send.php flags=1(O_RDONLY) mode=0 dev=34 
fstat fd=11(<f>/var/www/html/wp-content/plugins/mail-masta/inc/campaign/count_of_send.php) 
fstat res=0 
fstat fd=11(<f>/var/www/html/wp-content/plugins/mail-masta/inc/campaign/count_of_send.php) 
fstat res=0 
fstat fd=11(<f>/var/www/html/wp-content/plugins/mail-masta/inc/campaign/count_of_send.php) 
fstat res=0 
mmap addr=0 length=294 prot=1(PROT_READ) flags=1(MAP_SHARED) fd=11(<f>/var/www/html/wp-content/plugins/mail-masta/inc/campaign/count_of_send.php) offset=0 
mmap res=7FEB703C0000 vm_size=383528 vm_rss=12128 vm_swap=0 
fcntl fd=8(<f>/tmp/.ZendSem.bpZ2Z2 (deleted)) cmd=8(F_SETLK) 
fcntl res=0(<f>/dev/null) 
stat 
stat res=0 path=/var/www/html/wp-content/plugins/mail-masta/inc/campaign/count_of_send.php 
fcntl fd=8(<f>/tmp/.ZendSem.bpZ2Z2 (deleted)) cmd=9(F_SETLKW) 
fcntl res=0(<f>/dev/null) 
fcntl fd=8(<f>/tmp/.ZendSem.bpZ2Z2 (deleted)) cmd=8(F_SETLK) 
fcntl res=0(<f>/dev/null) 
munmap addr=7FEB703C0000 length=294 
munmap res=0 vm_size=383524 vm_rss=13988 vm_swap=0 
close fd=11(<f>/var/www/html/wp-content/plugins/mail-masta/inc/campaign/count_of_send.php) 
close res=0 
lstat 
lstat res=0 path=/etc/passwd 
lstat 
lstat res=0 path=/etc 
open 
open fd=11(<f>/etc/passwd) name=/etc/passwd flags=1(O_RDONLY) mode=0 dev=5C 
fstat fd=11(<f>/etc/passwd) 
fstat res=0 
fstat fd=11(<f>/etc/passwd) 
fstat res=0 
fstat fd=11(<f>/etc/passwd) 
fstat res=0 
mmap addr=0 length=919 prot=1(PROT_READ) flags=1(MAP_SHARED) fd=11(<f>/etc/passwd) offset=0 
mmap res=7FEB703C0000 vm_size=383528 vm_rss=13988 vm_swap=0 
stat 
stat res=0 path=/etc/passwd 
fcntl fd=8(<f>/tmp/.ZendSem.bpZ2Z2 (deleted)) cmd=9(F_SETLKW) 
fcntl res=0(<f>/dev/null) 
fcntl fd=8(<f>/tmp/.ZendSem.bpZ2Z2 (deleted)) cmd=8(F_SETLK) 
fcntl res=0(<f>/dev/null) 
munmap addr=7FEB703C0000 length=919 
munmap res=0 vm_size=383524 vm_rss=14304 vm_swap=0 
close fd=11(<f>/etc/passwd) 
close res=0 
mmap addr=0 length=8192 prot=3(PROT_READ|PROT_WRITE) flags=10(MAP_PRIVATE|MAP_ANONYMOUS) fd=-1(EPERM) offset=0 
mmap res=7FEB70365000 vm_size=383532 vm_rss=14304 vm_swap=0 
chdir 
chdir res=0 path=/var/www/html 
setitimer 
setitimer 
fcntl fd=8(<f>/tmp/.ZendSem.bpZ2Z2 (deleted)) cmd=8(F_SETLK) 
fcntl res=0(<f>/dev/null) 
setitimer 
setitimer 
mmap addr=0 length=8192 prot=3(PROT_READ|PROT_WRITE) flags=10(MAP_PRIVATE|MAP_ANONYMOUS) fd=-1(EPERM) offset=0 
mmap res=7FEB70363000 vm_size=383540 vm_rss=14304 vm_swap=0 
brk addr=55711CAB5000 
brk res=55711CAB5000 vm_size=383704 vm_rss=14304 vm_swap=0 
brk addr=55711CAF5000 
brk res=55711CAF5000 vm_size=383960 vm_rss=14304 vm_swap=0 
brk addr=55711CAB5000 
brk res=55711CAB5000 vm_size=383704 vm_rss=14700 vm_swap=0 
mmap addr=0 length=8192 prot=3(PROT_READ|PROT_WRITE) flags=10(MAP_PRIVATE|MAP_ANONYMOUS) fd=-1(EPERM) offset=0 
mmap res=7FEB70361000 vm_size=383712 vm_rss=14700 vm_swap=0 
mmap addr=0 length=8192 prot=3(PROT_READ|PROT_WRITE) flags=10(MAP_PRIVATE|MAP_ANONYMOUS) fd=-1(EPERM) offset=0 
mmap res=7FEB7035F000 vm_size=383720 vm_rss=14700 vm_swap=0 
read fd=10(<4t>172.18.0.1:56944->172.18.0.3:80) size=8000 
read res=-11(EAGAIN) data= 
writev fd=10(<4t>172.18.0.1:56944->172.18.0.3:80) size=818 
writev res=818 data=HTTP/1.1 200 OK..Date: Tue, 08 Aug 2023 01:17:08 GMT..Server: Apache/2.4.25 (Deb 
write fd=7(<p>pipe:[668224]) size=219 
write res=219 data=172.18.0.1 - - [08/Aug/2023:01:17:08 +0000] "GET /wp-content/plugins/mail-masta/ 
times 
times 
poll fds=10:41 timeout=5000 
poll res=1 fds=10:41 
read fd=10(<4t>172.18.0.1:56944->172.18.0.3:80) size=8000 
read res=860 data=GET /favicon.ico HTTP/1.1..Host: localhost:9000..User-Agent: Mozilla/5.0 (Window 
stat 
stat res=-2(ENOENT) path=/var/www/html/favicon.ico 
lstat 
lstat res=0 path=/var 
lstat 
lstat res=0 path=/var/www 
open 
open fd=-2(ENOENT) name=/var/www/.htaccess flags=4097(O_RDONLY|O_CLOEXEC) mode=0 dev=0 
lstat 
lstat res=0 path=/var/www/html 
open 
open fd=11(<f>/var/www/html/.htaccess) name=/var/www/html/.htaccess flags=4097(O_RDONLY|O_CLOEXEC) mode=0 dev=34 
fstat fd=11(<f>/var/www/html/.htaccess) 
fstat res=0 
read fd=11(<f>/var/www/html/.htaccess) size=4096 
read res=35 data=# BEGIN WordPress..# END WordPress. 
read fd=11(<f>/var/www/html/.htaccess) size=4096 
read res=0 data= 
close fd=11(<f>/var/www/html/.htaccess) 
close res=0 
lstat 
lstat res=-2(ENOENT) path=/var/www/html/favicon.ico 
read fd=10(<4t>172.18.0.1:56944->172.18.0.3:80) size=8000 
read res=-11(EAGAIN) data= 
writev fd=10(<4t>172.18.0.1:56944->172.18.0.3:80) size=502 
writev res=502 data=HTTP/1.1 404 Not Found..Date: Tue, 08 Aug 2023 01:17:08 GMT..Server: Apache/2.4. 
write fd=7(<p>pipe:[668224]) size=251 
write res=251 data=172.18.0.1 - - [08/Aug/2023:01:17:08 +0000] "GET /favicon.ico HTTP/1.1" 404 502  
times 
times 
poll fds=10:41 timeout=5000 
poll res=0 fds= 
shutdown fd=10(<4t>172.18.0.1:56944->172.18.0.3:80) how=1(SHUT_WR) 
shutdown res=0 
poll fds=10:41 timeout=2000 
poll res=1 fds=10:421 
read fd=10(<4t>172.18.0.1:56944->172.18.0.3:80) size=512 
read res=0 data= 
close fd=10(<4t>172.18.0.1:56944->172.18.0.3:80) 
close res=0 
read fd=4(<p>pipe:[669184]) size=1 
read res=-11(EAGAIN) data= 
accept flags=0 
accept fd=10(<4t>172.18.0.1:47038->172.18.0.3:80) tuple=172.18.0.1:47038->172.18.0.3:80 queuepct=0 queuelen=0 queuemax=511 
getsockname 
getsockname 
fcntl fd=10(<4t>172.18.0.1:47038->172.18.0.3:80) cmd=4(F_GETFL) 
fcntl res=2(<p>pipe:[668225]) 
fcntl fd=10(<4t>172.18.0.1:47038->172.18.0.3:80) cmd=5(F_SETFL) 
fcntl res=0(<f>/dev/null) 
mmap addr=0 length=8192 prot=3(PROT_READ|PROT_WRITE) flags=10(MAP_PRIVATE|MAP_ANONYMOUS) fd=-1(EPERM) offset=0 
mmap res=7FEB703C7000 vm_size=383144 vm_rss=9044 vm_swap=0 
mmap addr=0 length=8192 prot=3(PROT_READ|PROT_WRITE) flags=10(MAP_PRIVATE|MAP_ANONYMOUS) fd=-1(EPERM) offset=0 
mmap res=7FEB703C5000 vm_size=383152 vm_rss=9044 vm_swap=0 
read fd=10(<4t>172.18.0.1:47038->172.18.0.3:80) size=8000 
read res=1096 data=GET /wp-content/plugins/mail-masta/inc/campaign/count_of_send.php?pl=/etc/passwd 
stat 
stat res=0 path=/var/www/html/wp-content/plugins/mail-masta/inc/campaign/count_of_send.php 
mmap addr=0 length=8192 prot=3(PROT_READ|PROT_WRITE) flags=10(MAP_PRIVATE|MAP_ANONYMOUS) fd=-1(EPERM) offset=0 
mmap res=7FEB703C3000 vm_size=383160 vm_rss=9044 vm_swap=0 
open 
open fd=-2(ENOENT) name=/var/www/.htaccess flags=4097(O_RDONLY|O_CLOEXEC) mode=0 dev=0 
open 
open fd=11(<f>/var/www/html/.htaccess) name=/var/www/html/.htaccess flags=4097(O_RDONLY|O_CLOEXEC) mode=0 dev=34 
fstat fd=11(<f>/var/www/html/.htaccess) 
fstat res=0 
read fd=11(<f>/var/www/html/.htaccess) size=4096 
read res=35 data=# BEGIN WordPress..# END WordPress. 
read fd=11(<f>/var/www/html/.htaccess) size=4096 
read res=0 data= 
close fd=11(<f>/var/www/html/.htaccess) 
close res=0 
open 
open fd=-2(ENOENT) name=/var/www/html/wp-content/.htaccess flags=4097(O_RDONLY|O_CLOEXEC) mode=0 dev=0 
open 
open fd=-2(ENOENT) name=/var/www/html/wp-content/plugins/.htaccess flags=4097(O_RDONLY|O_CLOEXEC) mode=0 dev=0 
open 
open fd=-2(ENOENT) name=/var/www/html/wp-content/plugins/mail-masta/.htaccess flags=4097(O_RDONLY|O_CLOEXEC) mode=0 dev=0 
open 
open fd=-2(ENOENT) name=/var/www/html/wp-content/plugins/mail-masta/inc/.htaccess flags=4097(O_RDONLY|O_CLOEXEC) mode=0 dev=0 
open 
open fd=-2(ENOENT) name=/var/www/html/wp-content/plugins/mail-masta/inc/campaign/.htaccess flags=4097(O_RDONLY|O_CLOEXEC) mode=0 dev=0 
open 
open fd=-20(ENOTDIR) name=/var/www/html/wp-content/plugins/mail-masta/inc/campaign/count_of_send.php/.htaccess flags=4097(O_RDONLY|O_CLOEXEC) mode=0 dev=0 
mmap addr=0 length=8192 prot=3(PROT_READ|PROT_WRITE) flags=10(MAP_PRIVATE|MAP_ANONYMOUS) fd=-1(EPERM) offset=0 
mmap res=7FEB703C1000 vm_size=383168 vm_rss=9044 vm_swap=0 
brk addr=55711CA6B000 
brk res=55711CA6B000 vm_size=383328 vm_rss=10312 vm_swap=0 
brk addr=55711CA8C000 
brk res=55711CA8C000 vm_size=383460 vm_rss=11428 vm_swap=0 
rt_sigaction 
rt_sigaction 
rt_sigaction 
rt_sigaction 
rt_sigaction 
rt_sigaction 
rt_sigaction 
rt_sigaction 
rt_sigaction 
rt_sigaction 
rt_sigaction 
rt_sigaction 
rt_sigaction 
rt_sigaction 
rt_sigaction 
rt_sigaction 
rt_sigaction 
rt_sigaction 
rt_sigaction 
rt_sigaction 
rt_sigaction 
rt_sigaction 
rt_sigaction 
rt_sigaction 
rt_sigaction 
rt_sigaction 
rt_sigaction 
rt_sigaction 
setitimer 
setitimer 
rt_sigaction 
rt_sigaction 
rt_sigprocmask 
rt_sigprocmask 
mmap addr=0 length=65536 prot=3(PROT_READ|PROT_WRITE) flags=10(MAP_PRIVATE|MAP_ANONYMOUS) fd=-1(EPERM) offset=0 
mmap res=7FEB70367000 vm_size=383524 vm_rss=12128 vm_swap=0 
getcwd 
getcwd res=14 path=/var/www/html 
chdir 
chdir res=0 path=/var/www/html/wp-content/plugins/mail-masta/inc/campaign 
fcntl fd=8(<f>/tmp/.ZendSem.bpZ2Z2 (deleted)) cmd=8(F_SETLK) 
fcntl res=0(<f>/dev/null) 
lstat 
lstat res=0 path=/var/www/html/wp-content/plugins/mail-masta/inc/campaign/count_of_send.php 
lstat 
lstat res=0 path=/var/www/html/wp-content/plugins/mail-masta/inc/campaign 
lstat 
lstat res=0 path=/var/www/html/wp-content/plugins/mail-masta/inc 
lstat 
lstat res=0 path=/var/www/html/wp-content/plugins/mail-masta 
lstat 
lstat res=0 path=/var/www/html/wp-content/plugins 
lstat 
lstat res=0 path=/var/www/html/wp-content 
lstat 
lstat res=0 path=/var/www/html 
lstat 
lstat res=0 path=/var/www 
lstat 
lstat res=0 path=/var 
stat 
stat res=0 path=/var/www/html/wp-content/plugins/mail-masta/inc/campaign/count_of_send.php 
lstat 
lstat res=0 path=/etc/passwd 
lstat 
lstat res=0 path=/etc 
stat 
stat res=0 path=/etc/passwd 
mmap addr=0 length=8192 prot=3(PROT_READ|PROT_WRITE) flags=10(MAP_PRIVATE|MAP_ANONYMOUS) fd=-1(EPERM) offset=0 
mmap res=7FEB70365000 vm_size=383532 vm_rss=12128 vm_swap=0 
chdir 
chdir res=0 path=/var/www/html 
setitimer 
setitimer 
fcntl fd=8(<f>/tmp/.ZendSem.bpZ2Z2 (deleted)) cmd=8(F_SETLK) 
fcntl res=0(<f>/dev/null) 
setitimer 
setitimer 
mmap addr=0 length=8192 prot=3(PROT_READ|PROT_WRITE) flags=10(MAP_PRIVATE|MAP_ANONYMOUS) fd=-1(EPERM) offset=0 
mmap res=7FEB70363000 vm_size=383540 vm_rss=12128 vm_swap=0 
brk addr=55711CAB5000 
brk res=55711CAB5000 vm_size=383704 vm_rss=12128 vm_swap=0 
brk addr=55711CAF5000 
brk res=55711CAF5000 vm_size=383960 vm_rss=12128 vm_swap=0 
brk addr=55711CAB5000 
brk res=55711CAB5000 vm_size=383704 vm_rss=13752 vm_swap=0 
mmap addr=0 length=8192 prot=3(PROT_READ|PROT_WRITE) flags=10(MAP_PRIVATE|MAP_ANONYMOUS) fd=-1(EPERM) offset=0 
mmap res=7FEB70361000 vm_size=383712 vm_rss=13752 vm_swap=0 
mmap addr=0 length=8192 prot=3(PROT_READ|PROT_WRITE) flags=10(MAP_PRIVATE|MAP_ANONYMOUS) fd=-1(EPERM) offset=0 
mmap res=7FEB7035F000 vm_size=383720 vm_rss=13752 vm_swap=0 
read fd=10(<4t>172.18.0.1:47038->172.18.0.3:80) size=8000 
read res=-11(EAGAIN) data= 
writev fd=10(<4t>172.18.0.1:47038->172.18.0.3:80) size=818 
writev res=818 data=HTTP/1.1 200 OK..Date: Tue, 08 Aug 2023 01:17:19 GMT..Server: Apache/2.4.25 (Deb 
write fd=7(<p>pipe:[668224]) size=219 
write res=219 data=172.18.0.1 - - [08/Aug/2023:01:17:19 +0000] "GET /wp-content/plugins/mail-masta/ 
times 
times 
poll fds=10:41 timeout=5000 
poll res=1 fds=10:41 
read fd=10(<4t>172.18.0.1:47038->172.18.0.3:80) size=8000 
read res=860 data=GET /favicon.ico HTTP/1.1..Host: localhost:9000..User-Agent: Mozilla/5.0 (Window 
stat 
stat res=-2(ENOENT) path=/var/www/html/favicon.ico 
lstat 
lstat res=0 path=/var 
lstat 
lstat res=0 path=/var/www 
open 
open fd=-2(ENOENT) name=/var/www/.htaccess flags=4097(O_RDONLY|O_CLOEXEC) mode=0 dev=0 
lstat 
lstat res=0 path=/var/www/html 
open 
open fd=11(<f>/var/www/html/.htaccess) name=/var/www/html/.htaccess flags=4097(O_RDONLY|O_CLOEXEC) mode=0 dev=34 
fstat fd=11(<f>/var/www/html/.htaccess) 
fstat res=0 
read fd=11(<f>/var/www/html/.htaccess) size=4096 
read res=35 data=# BEGIN WordPress..# END WordPress. 
read fd=11(<f>/var/www/html/.htaccess) size=4096 
read res=0 data= 
close fd=11(<f>/var/www/html/.htaccess) 
close res=0 
lstat 
lstat res=-2(ENOENT) path=/var/www/html/favicon.ico 
read fd=10(<4t>172.18.0.1:47038->172.18.0.3:80) size=8000 
read res=-11(EAGAIN) data= 
writev fd=10(<4t>172.18.0.1:47038->172.18.0.3:80) size=502 
writev res=502 data=HTTP/1.1 404 Not Found..Date: Tue, 08 Aug 2023 01:17:19 GMT..Server: Apache/2.4. 
write fd=7(<p>pipe:[668224]) size=251 
write res=251 data=172.18.0.1 - - [08/Aug/2023:01:17:19 +0000] "GET /favicon.ico HTTP/1.1" 404 502  
times 
times 
poll fds=10:41 timeout=5000 
poll res=0 fds= 
shutdown fd=10(<4t>172.18.0.1:47038->172.18.0.3:80) how=1(SHUT_WR) 
shutdown res=0 
poll fds=10:41 timeout=2000 
poll res=1 fds=10:421 
read fd=10(<4t>172.18.0.1:47038->172.18.0.3:80) size=512 
read res=0 data= 
close fd=10(<4t>172.18.0.1:47038->172.18.0.3:80) 
close res=0 
read fd=4(<p>pipe:[669184]) size=1 
read res=-11(EAGAIN) data= 
accept flags=0 
