clone res=0 exe=apache2 args=-DFOREGROUND. tid=758824(apache2) pid=757347(apache2) ptid=756707(apache2) cwd= fdlimit=1048576 pgft_maj=0 pgft_min=0 vm_size=406860 vm_rss=53284 vm_swap=0 comm=apache2 cgroups=cpuset=/system.slice/docker-4d81cb26c66231747b04db742cd4f8fff01cc68354eaa9325... flags=578861571(CLONE_FILES|CLONE_FS|CLONE_PARENT_SETTID|CLONE_SIGHAND|CLONE_SYSVSEM|CLONE_THREAD|CLONE_VM|CLONE_CHILD_CLEARTID|CLONE_SETTLS) uid=33 gid=33 vtid=74 vpid=68 
set_robust_list 
set_robust_list 
getpid 
getpid 
mmap addr=0 length=134217728 prot=0(PROT_NONE) flags=74(MAP_PRIVATE|MAP_ANONYMOUS|MAP_NORESERVE) fd=-1(EPERM) offset=0 
mmap res=7FF88B5FF000 vm_size=537932 vm_rss=53284 vm_swap=0 
munmap addr=7FF88B5FF000 length=10489856 
munmap res=0 vm_size=527688 vm_rss=53284 vm_swap=0 
munmap addr=7FF890000000 length=56619008 
munmap res=0 vm_size=472396 vm_rss=53284 vm_swap=0 
mprotect 
mprotect 
open 
open fd=13(<f>/etc/resolv.conf) name=/etc/resolv.conf flags=4097(O_RDONLY|O_CLOEXEC) mode=0 dev=34 
fstat fd=13(<f>/etc/resolv.conf) 
fstat res=0 
read fd=13(<f>/etc/resolv.conf) size=1024 
read res=53 data=nameserver 127.0.0.11.options edns0 trust-ad ndots:0. 
read fd=13(<f>/etc/resolv.conf) size=1024 
read res=0 data= 
close fd=13(<f>/etc/resolv.conf) 
close res=0 
uname 
uname 
open 
open fd=13(<f>/etc/hosts) name=/etc/hosts flags=4097(O_RDONLY|O_CLOEXEC) mode=0 dev=34 
fstat fd=13(<f>/etc/hosts) 
fstat res=0 
read fd=13(<f>/etc/hosts) size=512 
read res=174 data=127.0.0.1.localhost.::1.localhost ip6-localhost ip6-loopback.fe00::0.ip6-localne 
read fd=13(<f>/etc/hosts) size=512 
read res=0 data= 
close fd=13(<f>/etc/hosts) 
close res=0 
open 
open fd=13(<f>/etc/gai.conf) name=/etc/gai.conf flags=4097(O_RDONLY|O_CLOEXEC) mode=0 dev=63 
fstat fd=13(<f>/etc/gai.conf) 
fstat res=0 
fstat fd=13(<f>/etc/gai.conf) 
fstat res=0 
read fd=13(<f>/etc/gai.conf) size=3072 
read res=2584 data=# Configuration for getaddrinfo(3)..#.# So far only configuration for the destin 
read fd=13(<f>/etc/gai.conf) size=3072 
read res=0 data= 
close fd=13(<f>/etc/gai.conf) 
close res=0 
futex addr=7FF8AB7FEEE4 op=129(FUTEX_PRIVATE_FLAG|FUTEX_WAKE) val=2147483647 
futex res=0 
socket domain=16(AF_ROUTE) type=3 proto=0 
socket fd=13(<n>) 
bind fd=13(<n>) 
bind res=0 addr=NULL 
getsockname 
getsockname 
sendto fd=13(<n>) size=20 tuple=NULL 
sendto res=20 data=.........;.d........ 
recvmsg fd=13(<n>) 
recvmsg res=164 size=164 data=L........;.dD...............................lo.......................54..54.X... tuple=NULL 
recvmsg fd=13(<n>) 
recvmsg res=20 size=20 data=.........;.dD....... tuple=NULL 
close fd=13(<n>) 
close res=0 
socket domain=2(AF_INET) type=2 proto=0 
socket fd=13(<4>) 
connect fd=13(<4>) 
connect res=0 tuple=127.0.0.1:35985->127.0.0.1:9000 
getsockname 
getsockname 
close fd=13(<4u>127.0.0.1:35985->127.0.0.1:9000) 
close res=0 
socket domain=10(AF_INET6) type=2 proto=0 
socket fd=13(<6>) 
connect fd=13(<6>) 
connect res=-99(EADDRNOTAVAIL) tuple=:::41109->::1:9000 
close fd=13(<6>) 
close res=0 
madvise 
madvise 
exit 
accept fd=10(<4t>172.18.0.1:41670->172.18.0.3:80) tuple=172.18.0.1:41670->172.18.0.3:80 queuepct=0 queuelen=0 queuemax=511 
getsockname 
getsockname 
fcntl fd=10(<4t>172.18.0.1:41670->172.18.0.3:80) cmd=4(F_GETFL) 
fcntl res=2(<p>pipe:[1915968]) 
fcntl fd=10(<4t>172.18.0.1:41670->172.18.0.3:80) cmd=5(F_SETFL) 
fcntl res=0(<f>/dev/null) 
mmap addr=0 length=8192 prot=3(PROT_READ|PROT_WRITE) flags=10(MAP_PRIVATE|MAP_ANONYMOUS) fd=-1(EPERM) offset=0 
mmap res=7FF8AC1DA000 vm_size=383144 vm_rss=9044 vm_swap=0 
mmap addr=0 length=8192 prot=3(PROT_READ|PROT_WRITE) flags=10(MAP_PRIVATE|MAP_ANONYMOUS) fd=-1(EPERM) offset=0 
mmap res=7FF8AC1D8000 vm_size=383152 vm_rss=9044 vm_swap=0 
read fd=10(<4t>172.18.0.1:41670->172.18.0.3:80) size=8000 
read res=999 data=GET /wp-content/plugins/mail-masta/lib/jquery.validationEngine-en.js?ver=4.9.2 H 
stat 
stat res=0 path=/var/www/html/wp-content/plugins/mail-masta/lib/jquery.validationEngine-en.js 
mmap addr=0 length=8192 prot=3(PROT_READ|PROT_WRITE) flags=10(MAP_PRIVATE|MAP_ANONYMOUS) fd=-1(EPERM) offset=0 
mmap res=7FF8AC1D6000 vm_size=383160 vm_rss=9044 vm_swap=0 
open 
open fd=-2(ENOENT) name=/var/www/.htaccess flags=4097(O_RDONLY|O_CLOEXEC) mode=0 dev=0 
open 
open fd=11(<f>/var/www/html/.htaccess) name=/var/www/html/.htaccess flags=4097(O_RDONLY|O_CLOEXEC) mode=0 dev=34 
fstat fd=11(<f>/var/www/html/.htaccess) 
fstat res=0 
read fd=11(<f>/var/www/html/.htaccess) size=4096 
read res=234 data=# BEGIN WordPress.<IfModule mod_rewrite.c>.RewriteEngine On.RewriteBase /.Rewrit 
read fd=11(<f>/var/www/html/.htaccess) size=4096 
read res=0 data= 
close fd=11(<f>/var/www/html/.htaccess) 
close res=0 
open 
open fd=-2(ENOENT) name=/var/www/html/wp-content/.htaccess flags=4097(O_RDONLY|O_CLOEXEC) mode=0 dev=0 
mmap addr=0 length=8192 prot=3(PROT_READ|PROT_WRITE) flags=10(MAP_PRIVATE|MAP_ANONYMOUS) fd=-1(EPERM) offset=0 
mmap res=7FF8AC1D4000 vm_size=383168 vm_rss=9044 vm_swap=0 
open 
open fd=-2(ENOENT) name=/var/www/html/wp-content/plugins/.htaccess flags=4097(O_RDONLY|O_CLOEXEC) mode=0 dev=0 
open 
open fd=-2(ENOENT) name=/var/www/html/wp-content/plugins/mail-masta/.htaccess flags=4097(O_RDONLY|O_CLOEXEC) mode=0 dev=0 
open 
open fd=-2(ENOENT) name=/var/www/html/wp-content/plugins/mail-masta/lib/.htaccess flags=4097(O_RDONLY|O_CLOEXEC) mode=0 dev=0 
open 
open fd=-20(ENOTDIR) name=/var/www/html/wp-content/plugins/mail-masta/lib/jquery.validationEngine-en.js/.htaccess flags=4097(O_RDONLY|O_CLOEXEC) mode=0 dev=0 
stat 
stat res=0 path=/var/www/html/wp-content/plugins/mail-masta/lib/jquery.validationEngine-en.js 
clone res=0 exe=apache2 args=-DFOREGROUND. tid=758850(apache2) pid=758850(apache2) ptid=756707(apache2) cwd= fdlimit=1048576 pgft_maj=0 pgft_min=1 vm_size=383104 vm_rss=7640 vm_swap=0 comm=apache2 cgroups=cpuset=/system.slice/docker-4d81cb26c66231747b04db742cd4f8fff01cc68354eaa9325... flags=562036736(CLONE_CHILD_CLEARTID|CLONE_CHILD_SETTID) uid=0 gid=0 vtid=75 vpid=75 
set_robust_list 
set_robust_list 
rt_sigaction 
rt_sigaction 
rt_sigaction 
rt_sigaction 
rt_sigaction 
rt_sigaction 
getpid 
getpid 
getpid 
getpid 
mmap addr=0 length=8192 prot=3(PROT_READ|PROT_WRITE) flags=10(MAP_PRIVATE|MAP_ANONYMOUS) fd=-1(EPERM) offset=0 
mmap res=7FF8AC1E2000 vm_size=383112 vm_rss=7640 vm_swap=0 
mmap addr=0 length=8192 prot=3(PROT_READ|PROT_WRITE) flags=10(MAP_PRIVATE|MAP_ANONYMOUS) fd=-1(EPERM) offset=0 
mmap res=7FF8AC1E0000 vm_size=383120 vm_rss=7640 vm_swap=0 
geteuid 
geteuid euid=0(root) 
setgid gid=33(www-data) 
setgid res=0 
open 
open fd=9(<f>/proc/sys/kernel/ngroups_max) name=/proc/sys/kernel/ngroups_max flags=1(O_RDONLY) mode=0 dev=65 
read fd=9(<f>/proc/sys/kernel/ngroups_max) size=31 
read res=6 data=65536. 
close fd=9(<f>/proc/sys/kernel/ngroups_max) 
close res=0 
open 
open fd=9(<f>/etc/group) name=/etc/group flags=4097(O_RDONLY|O_CLOEXEC) mode=0 dev=63 
lseek fd=9(<f>/etc/group) offset=0 whence=1(SEEK_CUR) 
lseek res=0 
fstat fd=9(<f>/etc/group) 
fstat res=0 
mmap addr=0 length=446 prot=1(PROT_READ) flags=1(MAP_SHARED) fd=9(<f>/etc/group) offset=0 
mmap res=7FF8AC1DF000 vm_size=383124 vm_rss=7640 vm_swap=0 
lseek fd=9(<f>/etc/group) offset=446 whence=0(SEEK_SET) 
lseek res=446 
fstat fd=9(<f>/etc/group) 
fstat res=0 
munmap addr=7FF8AC1DF000 length=446 
munmap res=0 vm_size=383120 vm_rss=9072 vm_swap=0 
close fd=9(<f>/etc/group) 
close res=0 
setgroups 
setgroups 
geteuid 
geteuid euid=0(root) 
setuid uid=33(www-data) 
setuid res=0 
getpid 
getpid 
rt_sigaction 
rt_sigaction 
rt_sigaction 
rt_sigaction 
rt_sigaction 
rt_sigaction 
rt_sigaction 
rt_sigaction 
rt_sigaction 
rt_sigaction 
rt_sigaction 
rt_sigaction 
rt_sigaction 
rt_sigaction 
rt_sigaction 
rt_sigaction 
rt_sigaction 
rt_sigaction 
rt_sigaction 
rt_sigaction 
rt_sigaction 
rt_sigaction 
rt_sigaction 
rt_sigaction 
rt_sigaction 
rt_sigaction 
rt_sigaction 
rt_sigaction 
rt_sigaction 
rt_sigaction 
rt_sigaction 
rt_sigaction 
rt_sigaction 
rt_sigaction 
rt_sigaction 
rt_sigaction 
rt_sigaction 
rt_sigaction 
rt_sigaction 
rt_sigaction 
rt_sigaction 
rt_sigaction 
rt_sigaction 
rt_sigaction 
rt_sigaction 
rt_sigaction 
rt_sigaction 
rt_sigaction 
rt_sigaction 
rt_sigaction 
rt_sigaction 
rt_sigaction 
rt_sigaction 
rt_sigaction 
rt_sigaction 
rt_sigaction 
rt_sigaction 
rt_sigaction 
rt_sigaction 
rt_sigaction 
rt_sigaction 
rt_sigaction 
rt_sigaction 
rt_sigaction 
rt_sigaction 
rt_sigaction 
rt_sigaction 
rt_sigaction 
rt_sigaction 
rt_sigaction 
rt_sigaction 
rt_sigaction 
rt_sigaction 
rt_sigaction 
rt_sigaction 
rt_sigaction 
rt_sigaction 
rt_sigaction 
rt_sigaction 
rt_sigaction 
rt_sigaction 
rt_sigaction 
rt_sigaction 
rt_sigaction 
rt_sigaction 
rt_sigaction 
rt_sigaction 
rt_sigaction 
rt_sigaction 
rt_sigaction 
rt_sigaction 
rt_sigaction 
rt_sigaction 
rt_sigaction 
rt_sigaction 
rt_sigaction 
rt_sigaction 
rt_sigaction 
rt_sigaction 
rt_sigaction 
rt_sigaction 
rt_sigaction 
rt_sigaction 
rt_sigaction 
rt_sigaction 
rt_sigaction 
rt_sigaction 
rt_sigaction 
rt_sigaction 
rt_sigaction 
rt_sigaction 
rt_sigaction 
rt_sigaction 
rt_sigaction 
rt_sigaction 
rt_sigaction 
rt_sigaction 
rt_sigaction 
rt_sigaction 
rt_sigaction 
rt_sigaction 
rt_sigaction 
rt_sigaction 
rt_sigaction 
mmap addr=0 length=8192 prot=3(PROT_READ|PROT_WRITE) flags=10(MAP_PRIVATE|MAP_ANONYMOUS) fd=-1(EPERM) offset=0 
mmap res=7FF8AC1DE000 vm_size=383128 vm_rss=9072 vm_swap=0 
getpid 
getpid 
epoll_create1 
epoll_create1 
epoll_ctl 
epoll_ctl 
mmap addr=0 length=8192 prot=3(PROT_READ|PROT_WRITE) flags=10(MAP_PRIVATE|MAP_ANONYMOUS) fd=-1(EPERM) offset=0 
mmap res=7FF8AC1DC000 vm_size=383136 vm_rss=9072 vm_swap=0 
accept flags=0 
open 
open fd=11(<f>/var/www/html/wp-content/plugins/mail-masta/lib/jquery.validationEngine-en.js) name=/var/www/html/wp-content/plugins/mail-masta/lib/jquery.validationEngine-en.js flags=4097(O_RDONLY|O_CLOEXEC) mode=0 dev=34 
mmap addr=0 length=10810 prot=1(PROT_READ) flags=1(MAP_SHARED) fd=11(<f>/var/www/html/wp-content/plugins/mail-masta/lib/jquery.validationEngine-en.js) offset=0 
mmap res=7FF8AC187000 vm_size=383180 vm_rss=9044 vm_swap=0 
mmap addr=0 length=8192 prot=3(PROT_READ|PROT_WRITE) flags=10(MAP_PRIVATE|MAP_ANONYMOUS) fd=-1(EPERM) offset=0 
mmap res=7FF8AC185000 vm_size=383188 vm_rss=10008 vm_swap=0 
brk addr=559C7B13A000 
brk res=559C7B13A000 vm_size=383344 vm_rss=10008 vm_swap=0 
brk addr=559C7B16A000 
brk res=559C7B16A000 vm_size=383536 vm_rss=10008 vm_swap=0 
munmap addr=7FF8AC187000 length=10810 
munmap res=0 vm_size=383524 vm_rss=10272 vm_swap=0 
mmap addr=0 length=8192 prot=3(PROT_READ|PROT_WRITE) flags=10(MAP_PRIVATE|MAP_ANONYMOUS) fd=-1(EPERM) offset=0 
mmap res=7FF8AC188000 vm_size=383532 vm_rss=10272 vm_swap=0 
brk addr=559C7B13A000 
brk res=559C7B13A000 vm_size=383340 vm_rss=10192 vm_swap=0 
mmap addr=0 length=8192 prot=3(PROT_READ|PROT_WRITE) flags=10(MAP_PRIVATE|MAP_ANONYMOUS) fd=-1(EPERM) offset=0 
mmap res=7FF8AC183000 vm_size=383348 vm_rss=10192 vm_swap=0 
mmap addr=0 length=8192 prot=3(PROT_READ|PROT_WRITE) flags=10(MAP_PRIVATE|MAP_ANONYMOUS) fd=-1(EPERM) offset=0 
mmap res=7FF8AC181000 vm_size=383356 vm_rss=10192 vm_swap=0 
read fd=10(<4t>172.18.0.1:41670->172.18.0.3:80) size=8000 
read res=-11(EAGAIN) data= 
writev fd=10(<4t>172.18.0.1:41670->172.18.0.3:80) size=2753 
writev res=2753 data=HTTP/1.1 200 OK..Date: Thu, 10 Aug 2023 01:21:13 GMT..Server: Apache/2.4.25 (Deb 
write fd=7(<p>pipe:[1915967]) size=239 
write res=239 data=172.18.0.1 - - [10/Aug/2023:01:21:13 +0000] "GET /wp-content/plugins/mail-masta/ 
times 
times 
close fd=11(<f>/var/www/html/wp-content/plugins/mail-masta/lib/jquery.validationEngine-en.js) 
close res=0 
poll fds=10:41 timeout=5000 
poll res=1 fds=10:41 
read fd=10(<4t>172.18.0.1:41670->172.18.0.3:80) size=8000 
read res=996 data=GET /wp-content/plugins/mail-masta/lib/jquery.validationEngine.js?ver=4.9.2 HTTP 
stat 
stat res=0 path=/var/www/html/wp-content/plugins/mail-masta/lib/jquery.validationEngine.js 
open 
open fd=-2(ENOENT) name=/var/www/.htaccess flags=4097(O_RDONLY|O_CLOEXEC) mode=0 dev=0 
open 
open fd=11(<f>/var/www/html/.htaccess) name=/var/www/html/.htaccess flags=4097(O_RDONLY|O_CLOEXEC) mode=0 dev=34 
fstat fd=11(<f>/var/www/html/.htaccess) 
fstat res=0 
read fd=11(<f>/var/www/html/.htaccess) size=4096 
read res=234 data=# BEGIN WordPress.<IfModule mod_rewrite.c>.RewriteEngine On.RewriteBase /.Rewrit 
read fd=11(<f>/var/www/html/.htaccess) size=4096 
read res=0 data= 
close fd=11(<f>/var/www/html/.htaccess) 
close res=0 
open 
open fd=-2(ENOENT) name=/var/www/html/wp-content/.htaccess flags=4097(O_RDONLY|O_CLOEXEC) mode=0 dev=0 
open 
open fd=-2(ENOENT) name=/var/www/html/wp-content/plugins/.htaccess flags=4097(O_RDONLY|O_CLOEXEC) mode=0 dev=0 
open 
open fd=-2(ENOENT) name=/var/www/html/wp-content/plugins/mail-masta/.htaccess flags=4097(O_RDONLY|O_CLOEXEC) mode=0 dev=0 
open 
open fd=-2(ENOENT) name=/var/www/html/wp-content/plugins/mail-masta/lib/.htaccess flags=4097(O_RDONLY|O_CLOEXEC) mode=0 dev=0 
open 
open fd=-20(ENOTDIR) name=/var/www/html/wp-content/plugins/mail-masta/lib/jquery.validationEngine.js/.htaccess flags=4097(O_RDONLY|O_CLOEXEC) mode=0 dev=0 
stat 
stat res=0 path=/var/www/html/wp-content/plugins/mail-masta/lib/jquery.validationEngine.js 
open 
open fd=11(<f>/var/www/html/wp-content/plugins/mail-masta/lib/jquery.validationEngine.js) name=/var/www/html/wp-content/plugins/mail-masta/lib/jquery.validationEngine.js flags=4097(O_RDONLY|O_CLOEXEC) mode=0 dev=34 
mmap addr=0 length=68709 prot=1(PROT_READ) flags=1(MAP_SHARED) fd=11(<f>/var/www/html/wp-content/plugins/mail-masta/lib/jquery.validationEngine.js) offset=0 
mmap res=7FF8AC170000 vm_size=383424 vm_rss=10192 vm_swap=0 
brk addr=559C7B16A000 
brk res=559C7B16A000 vm_size=383616 vm_rss=10192 vm_swap=0 
munmap addr=7FF8AC170000 length=68709 
munmap res=0 vm_size=383548 vm_rss=10428 vm_swap=0 
brk addr=559C7B13A000 
brk res=559C7B13A000 vm_size=383356 vm_rss=10328 vm_swap=0 
mmap addr=0 length=8192 prot=3(PROT_READ|PROT_WRITE) flags=10(MAP_PRIVATE|MAP_ANONYMOUS) fd=-1(EPERM) offset=0 
mmap res=7FF8AC17F000 vm_size=383364 vm_rss=10328 vm_swap=0 
writev fd=10(<4t>172.18.0.1:41670->172.18.0.3:80) size=16421 
writev res=16421 data=HTTP/1.1 200 OK..Date: Thu, 10 Aug 2023 01:21:13 GMT..Server: Apache/2.4.25 (Deb 
write fd=7(<p>pipe:[1915967]) size=237 
write res=237 data=172.18.0.1 - - [10/Aug/2023:01:21:13 +0000] "GET /wp-content/plugins/mail-masta/ 
times 
times 
close fd=11(<f>/var/www/html/wp-content/plugins/mail-masta/lib/jquery.validationEngine.js) 
close res=0 
read fd=10(<4t>172.18.0.1:41670->172.18.0.3:80) size=8000 
read res=-11(EAGAIN) data= 
poll fds=10:41 timeout=5000 
poll res=1 fds=10:41 
read fd=10(<4t>172.18.0.1:41670->172.18.0.3:80) size=8000 
read res=804 data=GET /wp-includes/js/jquery/ui/position.min.js?ver=1.11.4 HTTP/1.1..Host: localho 
stat 
stat res=0 path=/var/www/html/wp-includes/js/jquery/ui/position.min.js 
open 
open fd=-2(ENOENT) name=/var/www/.htaccess flags=4097(O_RDONLY|O_CLOEXEC) mode=0 dev=0 
open 
open fd=11(<f>/var/www/html/.htaccess) name=/var/www/html/.htaccess flags=4097(O_RDONLY|O_CLOEXEC) mode=0 dev=34 
fstat fd=11(<f>/var/www/html/.htaccess) 
fstat res=0 
read fd=11(<f>/var/www/html/.htaccess) size=4096 
read res=234 data=# BEGIN WordPress.<IfModule mod_rewrite.c>.RewriteEngine On.RewriteBase /.Rewrit 
read fd=11(<f>/var/www/html/.htaccess) size=4096 
read res=0 data= 
close fd=11(<f>/var/www/html/.htaccess) 
close res=0 
open 
open fd=-2(ENOENT) name=/var/www/html/wp-includes/.htaccess flags=4097(O_RDONLY|O_CLOEXEC) mode=0 dev=0 
open 
open fd=-2(ENOENT) name=/var/www/html/wp-includes/js/.htaccess flags=4097(O_RDONLY|O_CLOEXEC) mode=0 dev=0 
open 
open fd=-2(ENOENT) name=/var/www/html/wp-includes/js/jquery/.htaccess flags=4097(O_RDONLY|O_CLOEXEC) mode=0 dev=0 
open 
open fd=-2(ENOENT) name=/var/www/html/wp-includes/js/jquery/ui/.htaccess flags=4097(O_RDONLY|O_CLOEXEC) mode=0 dev=0 
open 
open fd=-20(ENOTDIR) name=/var/www/html/wp-includes/js/jquery/ui/position.min.js/.htaccess flags=4097(O_RDONLY|O_CLOEXEC) mode=0 dev=0 
stat 
stat res=0 path=/var/www/html/wp-includes/js/jquery/ui/position.min.js 
open 
open fd=11(<f>/var/www/html/wp-includes/js/jquery/ui/position.min.js) name=/var/www/html/wp-includes/js/jquery/ui/position.min.js flags=4097(O_RDONLY|O_CLOEXEC) mode=0 dev=34 
mmap addr=0 length=6527 prot=1(PROT_READ) flags=1(MAP_SHARED) fd=11(<f>/var/www/html/wp-includes/js/jquery/ui/position.min.js) offset=0 
mmap res=7FF8AC17D000 vm_size=383372 vm_rss=10328 vm_swap=0 
brk addr=559C7B16A000 
brk res=559C7B16A000 vm_size=383564 vm_rss=10328 vm_swap=0 
munmap addr=7FF8AC17D000 length=6527 
munmap res=0 vm_size=383556 vm_rss=10416 vm_swap=0 
brk addr=559C7B13A000 
brk res=559C7B13A000 vm_size=383364 vm_rss=10332 vm_swap=0 
read fd=10(<4t>172.18.0.1:41670->172.18.0.3:80) size=8000 
read res=-11(EAGAIN) data= 
writev fd=10(<4t>172.18.0.1:41670->172.18.0.3:80) size=2913 
writev res=2913 data=HTTP/1.1 200 OK..Date: Thu, 10 Aug 2023 01:21:13 GMT..Server: Apache/2.4.25 (Deb 
write fd=7(<p>pipe:[1915967]) size=217 
write res=217 data=172.18.0.1 - - [10/Aug/2023:01:21:13 +0000] "GET /wp-includes/js/jquery/ui/posit 
times 
times 
close fd=11(<f>/var/www/html/wp-includes/js/jquery/ui/position.min.js) 
close res=0 
poll fds=10:41 timeout=5000 
poll res=1 fds=10:41 
read fd=10(<4t>172.18.0.1:41670->172.18.0.3:80) size=8000 
read res=802 data=GET /wp-includes/js/jquery/ui/slider.min.js?ver=1.11.4 HTTP/1.1..Host: localhost 
stat 
stat res=0 path=/var/www/html/wp-includes/js/jquery/ui/slider.min.js 
open 
open fd=-2(ENOENT) name=/var/www/.htaccess flags=4097(O_RDONLY|O_CLOEXEC) mode=0 dev=0 
open 
open fd=11(<f>/var/www/html/.htaccess) name=/var/www/html/.htaccess flags=4097(O_RDONLY|O_CLOEXEC) mode=0 dev=34 
fstat fd=11(<f>/var/www/html/.htaccess) 
fstat res=0 
read fd=11(<f>/var/www/html/.htaccess) size=4096 
read res=234 data=# BEGIN WordPress.<IfModule mod_rewrite.c>.RewriteEngine On.RewriteBase /.Rewrit 
read fd=11(<f>/var/www/html/.htaccess) size=4096 
read res=0 data= 
close fd=11(<f>/var/www/html/.htaccess) 
close res=0 
open 
open fd=-2(ENOENT) name=/var/www/html/wp-includes/.htaccess flags=4097(O_RDONLY|O_CLOEXEC) mode=0 dev=0 
open 
open fd=-2(ENOENT) name=/var/www/html/wp-includes/js/.htaccess flags=4097(O_RDONLY|O_CLOEXEC) mode=0 dev=0 
open 
open fd=-2(ENOENT) name=/var/www/html/wp-includes/js/jquery/.htaccess flags=4097(O_RDONLY|O_CLOEXEC) mode=0 dev=0 
open 
open fd=-2(ENOENT) name=/var/www/html/wp-includes/js/jquery/ui/.htaccess flags=4097(O_RDONLY|O_CLOEXEC) mode=0 dev=0 
open 
open fd=-20(ENOTDIR) name=/var/www/html/wp-includes/js/jquery/ui/slider.min.js/.htaccess flags=4097(O_RDONLY|O_CLOEXEC) mode=0 dev=0 
stat 
stat res=0 path=/var/www/html/wp-includes/js/jquery/ui/slider.min.js 
open 
open fd=11(<f>/var/www/html/wp-includes/js/jquery/ui/slider.min.js) name=/var/www/html/wp-includes/js/jquery/ui/slider.min.js flags=4097(O_RDONLY|O_CLOEXEC) mode=0 dev=34 
mmap addr=0 length=10987 prot=1(PROT_READ) flags=1(MAP_SHARED) fd=11(<f>/var/www/html/wp-includes/js/jquery/ui/slider.min.js) offset=0 
mmap res=7FF8AC17C000 vm_size=383376 vm_rss=10332 vm_swap=0 
brk addr=559C7B16A000 
brk res=559C7B16A000 vm_size=383568 vm_rss=10332 vm_swap=0 
munmap addr=7FF8AC17C000 length=10987 
munmap res=0 vm_size=383556 vm_rss=10420 vm_swap=0 
brk addr=559C7B13A000 
brk res=559C7B13A000 vm_size=383364 vm_rss=10332 vm_swap=0 
read fd=10(<4t>172.18.0.1:41670->172.18.0.3:80) size=8000 
read res=-11(EAGAIN) data= 
writev fd=10(<4t>172.18.0.1:41670->172.18.0.3:80) size=3444 
writev res=3444 data=HTTP/1.1 200 OK..Date: Thu, 10 Aug 2023 01:21:13 GMT..Server: Apache/2.4.25 (Deb 
write fd=7(<p>pipe:[1915967]) size=215 
write res=215 data=172.18.0.1 - - [10/Aug/2023:01:21:13 +0000] "GET /wp-includes/js/jquery/ui/slide 
times 
times 
close fd=11(<f>/var/www/html/wp-includes/js/jquery/ui/slider.min.js) 
close res=0 
poll fds=10:41 timeout=5000 
clone res=0 exe=apache2 args=-DFOREGROUND. tid=758921(apache2) pid=758921(apache2) ptid=756707(apache2) cwd= fdlimit=1048576 pgft_maj=0 pgft_min=1 vm_size=383104 vm_rss=7640 vm_swap=0 comm=apache2 cgroups=cpuset=/system.slice/docker-4d81cb26c66231747b04db742cd4f8fff01cc68354eaa9325... flags=562036736(CLONE_CHILD_CLEARTID|CLONE_CHILD_SETTID) uid=0 gid=0 vtid=77 vpid=77 
set_robust_list 
set_robust_list 
clone res=0 exe=apache2 args=-DFOREGROUND. tid=758920(apache2) pid=758920(apache2) ptid=756707(apache2) cwd= fdlimit=1048576 pgft_maj=0 pgft_min=1 vm_size=383104 vm_rss=7640 vm_swap=0 comm=apache2 cgroups=cpuset=/system.slice/docker-4d81cb26c66231747b04db742cd4f8fff01cc68354eaa9325... flags=562036736(CLONE_CHILD_CLEARTID|CLONE_CHILD_SETTID) uid=0 gid=0 vtid=76 vpid=76 
set_robust_list 
set_robust_list 
rt_sigaction 
rt_sigaction 
rt_sigaction 
rt_sigaction 
rt_sigaction 
rt_sigaction 
getpid 
getpid 
getpid 
getpid 
rt_sigaction 
rt_sigaction 
rt_sigaction 
rt_sigaction 
rt_sigaction 
rt_sigaction 
getpid 
getpid 
getpid 
getpid 
mmap addr=0 length=8192 prot=3(PROT_READ|PROT_WRITE) flags=10(MAP_PRIVATE|MAP_ANONYMOUS) fd=-1(EPERM) offset=0 
mmap res=7FF8AC1E2000 vm_size=383112 vm_rss=7640 vm_swap=0 
mmap addr=0 length=8192 prot=3(PROT_READ|PROT_WRITE) flags=10(MAP_PRIVATE|MAP_ANONYMOUS) fd=-1(EPERM) offset=0 
mmap res=7FF8AC1E0000 vm_size=383120 vm_rss=7640 vm_swap=0 
mmap addr=0 length=8192 prot=3(PROT_READ|PROT_WRITE) flags=10(MAP_PRIVATE|MAP_ANONYMOUS) fd=-1(EPERM) offset=0 
mmap res=7FF8AC1E2000 vm_size=383112 vm_rss=7640 vm_swap=0 
geteuid 
geteuid euid=0(root) 
setgid gid=33(www-data) 
setgid res=0 
open 
mmap addr=0 length=8192 prot=3(PROT_READ|PROT_WRITE) flags=10(MAP_PRIVATE|MAP_ANONYMOUS) fd=-1(EPERM) offset=0 
mmap res=7FF8AC1E0000 vm_size=383120 vm_rss=7640 vm_swap=0 
open fd=9(<f>/proc/sys/kernel/ngroups_max) name=/proc/sys/kernel/ngroups_max flags=1(O_RDONLY) mode=0 dev=65 
geteuid 
geteuid euid=0(root) 
read fd=9(<f>/proc/sys/kernel/ngroups_max) size=31 
setgid gid=33(www-data) 
setgid res=0 
read res=6 data=65536. 
open 
close fd=9(<f>/proc/sys/kernel/ngroups_max) 
close res=0 
open fd=9(<f>/proc/sys/kernel/ngroups_max) name=/proc/sys/kernel/ngroups_max flags=1(O_RDONLY) mode=0 dev=65 
read fd=9(<f>/proc/sys/kernel/ngroups_max) size=31 
read res=6 data=65536. 
close fd=9(<f>/proc/sys/kernel/ngroups_max) 
close res=0 
open 
open fd=9(<f>/etc/group) name=/etc/group flags=4097(O_RDONLY|O_CLOEXEC) mode=0 dev=63 
open 
lseek fd=9(<f>/etc/group) offset=0 whence=1(SEEK_CUR) 
lseek res=0 
fstat fd=9(<f>/etc/group) 
fstat res=0 
open fd=9(<f>/etc/group) name=/etc/group flags=4097(O_RDONLY|O_CLOEXEC) mode=0 dev=63 
mmap addr=0 length=446 prot=1(PROT_READ) flags=1(MAP_SHARED) fd=9(<f>/etc/group) offset=0 
lseek fd=9(<f>/etc/group) offset=0 whence=1(SEEK_CUR) 
lseek res=0 
fstat fd=9(<f>/etc/group) 
mmap res=7FF8AC1DF000 vm_size=383124 vm_rss=7640 vm_swap=0 
lseek fd=9(<f>/etc/group) offset=446 whence=0(SEEK_SET) 
lseek res=446 
fstat res=0 
mmap addr=0 length=446 prot=1(PROT_READ) flags=1(MAP_SHARED) fd=9(<f>/etc/group) offset=0 
mmap res=7FF8AC1DF000 vm_size=383124 vm_rss=7640 vm_swap=0 
lseek fd=9(<f>/etc/group) offset=446 whence=0(SEEK_SET) 
lseek res=446 
fstat fd=9(<f>/etc/group) 
fstat res=0 
munmap addr=7FF8AC1DF000 length=446 
fstat fd=9(<f>/etc/group) 
fstat res=0 
munmap addr=7FF8AC1DF000 length=446 
munmap res=0 vm_size=383120 vm_rss=9072 vm_swap=0 
close fd=9(<f>/etc/group) 
close res=0 
munmap res=0 vm_size=383120 vm_rss=9072 vm_swap=0 
setgroups 
close fd=9(<f>/etc/group) 
close res=0 
setgroups 
setgroups 
geteuid 
geteuid euid=0(root) 
setuid uid=33(www-data) 
setgroups 
setuid res=0 
geteuid 
geteuid euid=0(root) 
setuid uid=33(www-data) 
setuid res=0 
getpid 
getpid 
getpid 
getpid 
rt_sigaction 
rt_sigaction 
rt_sigaction 
rt_sigaction 
rt_sigaction 
rt_sigaction 
rt_sigaction 
rt_sigaction 
rt_sigaction 
rt_sigaction 
rt_sigaction 
rt_sigaction 
rt_sigaction 
rt_sigaction 
rt_sigaction 
rt_sigaction 
rt_sigaction 
rt_sigaction 
rt_sigaction 
rt_sigaction 
rt_sigaction 
rt_sigaction 
rt_sigaction 
rt_sigaction 
rt_sigaction 
rt_sigaction 
rt_sigaction 
rt_sigaction 
rt_sigaction 
rt_sigaction 
rt_sigaction 
rt_sigaction 
rt_sigaction 
rt_sigaction 
rt_sigaction 
rt_sigaction 
rt_sigaction 
rt_sigaction 
rt_sigaction 
rt_sigaction 
rt_sigaction 
rt_sigaction 
rt_sigaction 
rt_sigaction 
rt_sigaction 
rt_sigaction 
rt_sigaction 
rt_sigaction 
rt_sigaction 
rt_sigaction 
rt_sigaction 
rt_sigaction 
rt_sigaction 
rt_sigaction 
rt_sigaction 
rt_sigaction 
rt_sigaction 
rt_sigaction 
rt_sigaction 
rt_sigaction 
rt_sigaction 
rt_sigaction 
rt_sigaction 
rt_sigaction 
rt_sigaction 
rt_sigaction 
rt_sigaction 
rt_sigaction 
rt_sigaction 
rt_sigaction 
rt_sigaction 
rt_sigaction 
rt_sigaction 
rt_sigaction 
rt_sigaction 
rt_sigaction 
rt_sigaction 
rt_sigaction 
rt_sigaction 
rt_sigaction 
rt_sigaction 
rt_sigaction 
rt_sigaction 
rt_sigaction 
rt_sigaction 
rt_sigaction 
rt_sigaction 
rt_sigaction 
rt_sigaction 
rt_sigaction 
rt_sigaction 
rt_sigaction 
rt_sigaction 
rt_sigaction 
rt_sigaction 
rt_sigaction 
rt_sigaction 
rt_sigaction 
rt_sigaction 
rt_sigaction 
rt_sigaction 
rt_sigaction 
rt_sigaction 
rt_sigaction 
rt_sigaction 
rt_sigaction 
rt_sigaction 
rt_sigaction 
rt_sigaction 
rt_sigaction 
rt_sigaction 
rt_sigaction 
rt_sigaction 
rt_sigaction 
rt_sigaction 
rt_sigaction 
rt_sigaction 
rt_sigaction 
rt_sigaction 
rt_sigaction 
rt_sigaction 
rt_sigaction 
rt_sigaction 
rt_sigaction 
rt_sigaction 
rt_sigaction 
rt_sigaction 
rt_sigaction 
rt_sigaction 
rt_sigaction 
rt_sigaction 
rt_sigaction 
rt_sigaction 
rt_sigaction 
rt_sigaction 
rt_sigaction 
rt_sigaction 
rt_sigaction 
rt_sigaction 
rt_sigaction 
rt_sigaction 
rt_sigaction 
rt_sigaction 
rt_sigaction 
rt_sigaction 
rt_sigaction 
rt_sigaction 
rt_sigaction 
rt_sigaction 
rt_sigaction 
rt_sigaction 
rt_sigaction 
rt_sigaction 
rt_sigaction 
rt_sigaction 
rt_sigaction 
rt_sigaction 
rt_sigaction 
rt_sigaction 
rt_sigaction 
rt_sigaction 
rt_sigaction 
rt_sigaction 
rt_sigaction 
rt_sigaction 
rt_sigaction 
rt_sigaction 
rt_sigaction 
rt_sigaction 
rt_sigaction 
rt_sigaction 
rt_sigaction 
rt_sigaction 
rt_sigaction 
rt_sigaction 
rt_sigaction 
rt_sigaction 
rt_sigaction 
rt_sigaction 
rt_sigaction 
rt_sigaction 
rt_sigaction 
rt_sigaction 
rt_sigaction 
rt_sigaction 
rt_sigaction 
rt_sigaction 
rt_sigaction 
rt_sigaction 
rt_sigaction 
rt_sigaction 
rt_sigaction 
rt_sigaction 
rt_sigaction 
rt_sigaction 
rt_sigaction 
rt_sigaction 
rt_sigaction 
rt_sigaction 
rt_sigaction 
rt_sigaction 
rt_sigaction 
rt_sigaction 
rt_sigaction 
rt_sigaction 
rt_sigaction 
rt_sigaction 
rt_sigaction 
rt_sigaction 
rt_sigaction 
rt_sigaction 
rt_sigaction 
rt_sigaction 
rt_sigaction 
rt_sigaction 
rt_sigaction 
rt_sigaction 
rt_sigaction 
rt_sigaction 
rt_sigaction 
rt_sigaction 
rt_sigaction 
rt_sigaction 
rt_sigaction 
rt_sigaction 
rt_sigaction 
rt_sigaction 
rt_sigaction 
rt_sigaction 
rt_sigaction 
rt_sigaction 
rt_sigaction 
rt_sigaction 
rt_sigaction 
rt_sigaction 
rt_sigaction 
rt_sigaction 
rt_sigaction 
rt_sigaction 
rt_sigaction 
rt_sigaction 
rt_sigaction 
rt_sigaction 
rt_sigaction 
rt_sigaction 
rt_sigaction 
rt_sigaction 
rt_sigaction 
mmap addr=0 length=8192 prot=3(PROT_READ|PROT_WRITE) flags=10(MAP_PRIVATE|MAP_ANONYMOUS) fd=-1(EPERM) offset=0 
mmap addr=0 length=8192 prot=3(PROT_READ|PROT_WRITE) flags=10(MAP_PRIVATE|MAP_ANONYMOUS) fd=-1(EPERM) offset=0 
mmap res=7FF8AC1DE000 vm_size=383128 vm_rss=9072 vm_swap=0 
mmap res=7FF8AC1DE000 vm_size=383128 vm_rss=9072 vm_swap=0 
getpid 
getpid 
getpid 
getpid 
epoll_create1 
epoll_create1 
epoll_create1 
epoll_create1 
epoll_ctl 
epoll_ctl 
epoll_ctl 
epoll_ctl 
mmap addr=0 length=8192 prot=3(PROT_READ|PROT_WRITE) flags=10(MAP_PRIVATE|MAP_ANONYMOUS) fd=-1(EPERM) offset=0 
mmap addr=0 length=8192 prot=3(PROT_READ|PROT_WRITE) flags=10(MAP_PRIVATE|MAP_ANONYMOUS) fd=-1(EPERM) offset=0 
mmap res=7FF8AC1DC000 vm_size=383136 vm_rss=9072 vm_swap=0 
mmap res=7FF8AC1DC000 vm_size=383136 vm_rss=9072 vm_swap=0 
accept flags=0 
accept flags=0 
clone res=0 exe=apache2 args=-DFOREGROUND. tid=758933(apache2) pid=758933(apache2) ptid=756707(apache2) cwd= fdlimit=1048576 pgft_maj=0 pgft_min=1 vm_size=383104 vm_rss=7640 vm_swap=0 comm=apache2 cgroups=cpuset=/system.slice/docker-4d81cb26c66231747b04db742cd4f8fff01cc68354eaa9325... flags=562036736(CLONE_CHILD_CLEARTID|CLONE_CHILD_SETTID) uid=0 gid=0 vtid=78 vpid=78 
set_robust_list 
set_robust_list 
rt_sigaction 
rt_sigaction 
rt_sigaction 
rt_sigaction 
rt_sigaction 
rt_sigaction 
getpid 
getpid 
getpid 
getpid 
mmap addr=0 length=8192 prot=3(PROT_READ|PROT_WRITE) flags=10(MAP_PRIVATE|MAP_ANONYMOUS) fd=-1(EPERM) offset=0 
mmap res=7FF8AC1E2000 vm_size=383112 vm_rss=7640 vm_swap=0 
mmap addr=0 length=8192 prot=3(PROT_READ|PROT_WRITE) flags=10(MAP_PRIVATE|MAP_ANONYMOUS) fd=-1(EPERM) offset=0 
mmap res=7FF8AC1E0000 vm_size=383120 vm_rss=7640 vm_swap=0 
geteuid 
geteuid euid=0(root) 
setgid gid=33(www-data) 
setgid res=0 
open 
open fd=9(<f>/proc/sys/kernel/ngroups_max) name=/proc/sys/kernel/ngroups_max flags=1(O_RDONLY) mode=0 dev=65 
read fd=9(<f>/proc/sys/kernel/ngroups_max) size=31 
read res=6 data=65536. 
close fd=9(<f>/proc/sys/kernel/ngroups_max) 
close res=0 
open 
open fd=9(<f>/etc/group) name=/etc/group flags=4097(O_RDONLY|O_CLOEXEC) mode=0 dev=63 
lseek fd=9(<f>/etc/group) offset=0 whence=1(SEEK_CUR) 
lseek res=0 
fstat fd=9(<f>/etc/group) 
fstat res=0 
mmap addr=0 length=446 prot=1(PROT_READ) flags=1(MAP_SHARED) fd=9(<f>/etc/group) offset=0 
mmap res=7FF8AC1DF000 vm_size=383124 vm_rss=7640 vm_swap=0 
lseek fd=9(<f>/etc/group) offset=446 whence=0(SEEK_SET) 
lseek res=446 
fstat fd=9(<f>/etc/group) 
fstat res=0 
munmap addr=7FF8AC1DF000 length=446 
munmap res=0 vm_size=383120 vm_rss=9072 vm_swap=0 
close fd=9(<f>/etc/group) 
close res=0 
setgroups 
setgroups 
geteuid 
geteuid euid=0(root) 
setuid uid=33(www-data) 
setuid res=0 
getpid 
getpid 
rt_sigaction 
rt_sigaction 
rt_sigaction 
rt_sigaction 
rt_sigaction 
rt_sigaction 
rt_sigaction 
rt_sigaction 
rt_sigaction 
rt_sigaction 
rt_sigaction 
rt_sigaction 
rt_sigaction 
rt_sigaction 
rt_sigaction 
rt_sigaction 
rt_sigaction 
rt_sigaction 
rt_sigaction 
rt_sigaction 
rt_sigaction 
rt_sigaction 
rt_sigaction 
rt_sigaction 
rt_sigaction 
rt_sigaction 
rt_sigaction 
rt_sigaction 
rt_sigaction 
rt_sigaction 
rt_sigaction 
rt_sigaction 
rt_sigaction 
rt_sigaction 
rt_sigaction 
rt_sigaction 
rt_sigaction 
rt_sigaction 
rt_sigaction 
rt_sigaction 
rt_sigaction 
rt_sigaction 
rt_sigaction 
rt_sigaction 
rt_sigaction 
rt_sigaction 
rt_sigaction 
rt_sigaction 
rt_sigaction 
rt_sigaction 
rt_sigaction 
rt_sigaction 
rt_sigaction 
rt_sigaction 
rt_sigaction 
rt_sigaction 
rt_sigaction 
rt_sigaction 
rt_sigaction 
rt_sigaction 
rt_sigaction 
rt_sigaction 
rt_sigaction 
rt_sigaction 
rt_sigaction 
rt_sigaction 
rt_sigaction 
rt_sigaction 
rt_sigaction 
rt_sigaction 
rt_sigaction 
rt_sigaction 
rt_sigaction 
rt_sigaction 
rt_sigaction 
rt_sigaction 
rt_sigaction 
rt_sigaction 
rt_sigaction 
rt_sigaction 
rt_sigaction 
rt_sigaction 
rt_sigaction 
rt_sigaction 
rt_sigaction 
rt_sigaction 
rt_sigaction 
rt_sigaction 
rt_sigaction 
rt_sigaction 
rt_sigaction 
rt_sigaction 
rt_sigaction 
rt_sigaction 
rt_sigaction 
rt_sigaction 
rt_sigaction 
rt_sigaction 
rt_sigaction 
rt_sigaction 
rt_sigaction 
rt_sigaction 
rt_sigaction 
rt_sigaction 
rt_sigaction 
rt_sigaction 
rt_sigaction 
rt_sigaction 
rt_sigaction 
rt_sigaction 
rt_sigaction 
rt_sigaction 
rt_sigaction 
rt_sigaction 
rt_sigaction 
rt_sigaction 
rt_sigaction 
rt_sigaction 
rt_sigaction 
rt_sigaction 
rt_sigaction 
rt_sigaction 
rt_sigaction 
rt_sigaction 
mmap addr=0 length=8192 prot=3(PROT_READ|PROT_WRITE) flags=10(MAP_PRIVATE|MAP_ANONYMOUS) fd=-1(EPERM) offset=0 
mmap res=7FF8AC1DE000 vm_size=383128 vm_rss=9072 vm_swap=0 
getpid 
getpid 
epoll_create1 
epoll_create1 
epoll_ctl 
epoll_ctl 
mmap addr=0 length=8192 prot=3(PROT_READ|PROT_WRITE) flags=10(MAP_PRIVATE|MAP_ANONYMOUS) fd=-1(EPERM) offset=0 
mmap res=7FF8AC1DC000 vm_size=383136 vm_rss=9072 vm_swap=0 
accept flags=0 
clone res=0 exe=apache2 args=-DFOREGROUND. tid=758934(apache2) pid=758934(apache2) ptid=756707(apache2) cwd= fdlimit=1048576 pgft_maj=0 pgft_min=1 vm_size=383104 vm_rss=7640 vm_swap=0 comm=apache2 cgroups=cpuset=/system.slice/docker-4d81cb26c66231747b04db742cd4f8fff01cc68354eaa9325... flags=562036736(CLONE_CHILD_CLEARTID|CLONE_CHILD_SETTID) uid=0 gid=0 vtid=79 vpid=79 
set_robust_list 
set_robust_list 
rt_sigaction 
rt_sigaction 
rt_sigaction 
rt_sigaction 
rt_sigaction 
rt_sigaction 
getpid 
getpid 
getpid 
getpid 
mmap addr=0 length=8192 prot=3(PROT_READ|PROT_WRITE) flags=10(MAP_PRIVATE|MAP_ANONYMOUS) fd=-1(EPERM) offset=0 
mmap res=7FF8AC1E2000 vm_size=383112 vm_rss=7640 vm_swap=0 
mmap addr=0 length=8192 prot=3(PROT_READ|PROT_WRITE) flags=10(MAP_PRIVATE|MAP_ANONYMOUS) fd=-1(EPERM) offset=0 
mmap res=7FF8AC1E0000 vm_size=383120 vm_rss=7640 vm_swap=0 
geteuid 
geteuid euid=0(root) 
setgid gid=33(www-data) 
setgid res=0 
open 
open fd=9(<f>/proc/sys/kernel/ngroups_max) name=/proc/sys/kernel/ngroups_max flags=1(O_RDONLY) mode=0 dev=65 
read fd=9(<f>/proc/sys/kernel/ngroups_max) size=31 
read res=6 data=65536. 
close fd=9(<f>/proc/sys/kernel/ngroups_max) 
close res=0 
open 
open fd=9(<f>/etc/group) name=/etc/group flags=4097(O_RDONLY|O_CLOEXEC) mode=0 dev=63 
lseek fd=9(<f>/etc/group) offset=0 whence=1(SEEK_CUR) 
lseek res=0 
fstat fd=9(<f>/etc/group) 
fstat res=0 
mmap addr=0 length=446 prot=1(PROT_READ) flags=1(MAP_SHARED) fd=9(<f>/etc/group) offset=0 
mmap res=7FF8AC1DF000 vm_size=383124 vm_rss=7640 vm_swap=0 
lseek fd=9(<f>/etc/group) offset=446 whence=0(SEEK_SET) 
lseek res=446 
fstat fd=9(<f>/etc/group) 
fstat res=0 
munmap addr=7FF8AC1DF000 length=446 
munmap res=0 vm_size=383120 vm_rss=9072 vm_swap=0 
close fd=9(<f>/etc/group) 
close res=0 
setgroups 
setgroups 
geteuid 
geteuid euid=0(root) 
setuid uid=33(www-data) 
setuid res=0 
getpid 
getpid 
rt_sigaction 
rt_sigaction 
rt_sigaction 
rt_sigaction 
rt_sigaction 
rt_sigaction 
rt_sigaction 
rt_sigaction 
rt_sigaction 
rt_sigaction 
rt_sigaction 
rt_sigaction 
rt_sigaction 
rt_sigaction 
rt_sigaction 
rt_sigaction 
rt_sigaction 
rt_sigaction 
rt_sigaction 
rt_sigaction 
rt_sigaction 
rt_sigaction 
rt_sigaction 
rt_sigaction 
rt_sigaction 
rt_sigaction 
rt_sigaction 
rt_sigaction 
rt_sigaction 
rt_sigaction 
rt_sigaction 
rt_sigaction 
rt_sigaction 
rt_sigaction 
rt_sigaction 
rt_sigaction 
rt_sigaction 
rt_sigaction 
rt_sigaction 
rt_sigaction 
rt_sigaction 
rt_sigaction 
rt_sigaction 
rt_sigaction 
rt_sigaction 
rt_sigaction 
rt_sigaction 
rt_sigaction 
rt_sigaction 
rt_sigaction 
rt_sigaction 
rt_sigaction 
rt_sigaction 
rt_sigaction 
rt_sigaction 
rt_sigaction 
rt_sigaction 
rt_sigaction 
rt_sigaction 
rt_sigaction 
rt_sigaction 
rt_sigaction 
rt_sigaction 
rt_sigaction 
rt_sigaction 
rt_sigaction 
rt_sigaction 
rt_sigaction 
rt_sigaction 
rt_sigaction 
rt_sigaction 
rt_sigaction 
rt_sigaction 
rt_sigaction 
rt_sigaction 
rt_sigaction 
rt_sigaction 
rt_sigaction 
rt_sigaction 
rt_sigaction 
rt_sigaction 
rt_sigaction 
rt_sigaction 
rt_sigaction 
rt_sigaction 
rt_sigaction 
rt_sigaction 
rt_sigaction 
rt_sigaction 
rt_sigaction 
rt_sigaction 
rt_sigaction 
rt_sigaction 
rt_sigaction 
rt_sigaction 
rt_sigaction 
rt_sigaction 
rt_sigaction 
rt_sigaction 
rt_sigaction 
rt_sigaction 
rt_sigaction 
rt_sigaction 
rt_sigaction 
rt_sigaction 
rt_sigaction 
rt_sigaction 
rt_sigaction 
rt_sigaction 
rt_sigaction 
rt_sigaction 
rt_sigaction 
rt_sigaction 
rt_sigaction 
rt_sigaction 
rt_sigaction 
rt_sigaction 
rt_sigaction 
rt_sigaction 
rt_sigaction 
rt_sigaction 
rt_sigaction 
rt_sigaction 
rt_sigaction 
mmap addr=0 length=8192 prot=3(PROT_READ|PROT_WRITE) flags=10(MAP_PRIVATE|MAP_ANONYMOUS) fd=-1(EPERM) offset=0 
mmap res=7FF8AC1DE000 vm_size=383128 vm_rss=9072 vm_swap=0 
getpid 
getpid 
epoll_create1 
epoll_create1 
epoll_ctl 
epoll_ctl 
mmap addr=0 length=8192 prot=3(PROT_READ|PROT_WRITE) flags=10(MAP_PRIVATE|MAP_ANONYMOUS) fd=-1(EPERM) offset=0 
mmap res=7FF8AC1DC000 vm_size=383136 vm_rss=9072 vm_swap=0 
accept flags=0 
clone res=0 exe=apache2 args=-DFOREGROUND. tid=758935(apache2) pid=758935(apache2) ptid=756707(apache2) cwd= fdlimit=1048576 pgft_maj=0 pgft_min=1 vm_size=383104 vm_rss=7640 vm_swap=0 comm=apache2 cgroups=cpuset=/system.slice/docker-4d81cb26c66231747b04db742cd4f8fff01cc68354eaa9325... flags=562036736(CLONE_CHILD_CLEARTID|CLONE_CHILD_SETTID) uid=0 gid=0 vtid=80 vpid=80 
set_robust_list 
set_robust_list 
rt_sigaction 
rt_sigaction 
rt_sigaction 
rt_sigaction 
rt_sigaction 
rt_sigaction 
getpid 
getpid 
getpid 
getpid 
mmap addr=0 length=8192 prot=3(PROT_READ|PROT_WRITE) flags=10(MAP_PRIVATE|MAP_ANONYMOUS) fd=-1(EPERM) offset=0 
mmap res=7FF8AC1E2000 vm_size=383112 vm_rss=7640 vm_swap=0 
mmap addr=0 length=8192 prot=3(PROT_READ|PROT_WRITE) flags=10(MAP_PRIVATE|MAP_ANONYMOUS) fd=-1(EPERM) offset=0 
mmap res=7FF8AC1E0000 vm_size=383120 vm_rss=7640 vm_swap=0 
geteuid 
geteuid euid=0(root) 
setgid gid=33(www-data) 
setgid res=0 
open 
open fd=9(<f>/proc/sys/kernel/ngroups_max) name=/proc/sys/kernel/ngroups_max flags=1(O_RDONLY) mode=0 dev=65 
read fd=9(<f>/proc/sys/kernel/ngroups_max) size=31 
read res=6 data=65536. 
close fd=9(<f>/proc/sys/kernel/ngroups_max) 
close res=0 
open 
open fd=9(<f>/etc/group) name=/etc/group flags=4097(O_RDONLY|O_CLOEXEC) mode=0 dev=63 
lseek fd=9(<f>/etc/group) offset=0 whence=1(SEEK_CUR) 
lseek res=0 
fstat fd=9(<f>/etc/group) 
fstat res=0 
mmap addr=0 length=446 prot=1(PROT_READ) flags=1(MAP_SHARED) fd=9(<f>/etc/group) offset=0 
mmap res=7FF8AC1DF000 vm_size=383124 vm_rss=7640 vm_swap=0 
lseek fd=9(<f>/etc/group) offset=446 whence=0(SEEK_SET) 
lseek res=446 
fstat fd=9(<f>/etc/group) 
fstat res=0 
munmap addr=7FF8AC1DF000 length=446 
munmap res=0 vm_size=383120 vm_rss=9072 vm_swap=0 
close fd=9(<f>/etc/group) 
close res=0 
setgroups 
setgroups 
geteuid 
geteuid euid=0(root) 
setuid uid=33(www-data) 
setuid res=0 
getpid 
getpid 
rt_sigaction 
rt_sigaction 
rt_sigaction 
rt_sigaction 
rt_sigaction 
rt_sigaction 
rt_sigaction 
rt_sigaction 
rt_sigaction 
rt_sigaction 
rt_sigaction 
rt_sigaction 
rt_sigaction 
rt_sigaction 
rt_sigaction 
rt_sigaction 
rt_sigaction 
rt_sigaction 
rt_sigaction 
rt_sigaction 
rt_sigaction 
rt_sigaction 
rt_sigaction 
rt_sigaction 
rt_sigaction 
rt_sigaction 
rt_sigaction 
rt_sigaction 
rt_sigaction 
rt_sigaction 
rt_sigaction 
rt_sigaction 
rt_sigaction 
rt_sigaction 
rt_sigaction 
rt_sigaction 
rt_sigaction 
rt_sigaction 
rt_sigaction 
rt_sigaction 
rt_sigaction 
rt_sigaction 
rt_sigaction 
rt_sigaction 
rt_sigaction 
rt_sigaction 
rt_sigaction 
rt_sigaction 
rt_sigaction 
rt_sigaction 
rt_sigaction 
rt_sigaction 
rt_sigaction 
rt_sigaction 
rt_sigaction 
rt_sigaction 
rt_sigaction 
rt_sigaction 
rt_sigaction 
rt_sigaction 
rt_sigaction 
rt_sigaction 
rt_sigaction 
rt_sigaction 
rt_sigaction 
rt_sigaction 
rt_sigaction 
rt_sigaction 
rt_sigaction 
rt_sigaction 
rt_sigaction 
rt_sigaction 
rt_sigaction 
rt_sigaction 
rt_sigaction 
rt_sigaction 
rt_sigaction 
rt_sigaction 
rt_sigaction 
rt_sigaction 
rt_sigaction 
rt_sigaction 
rt_sigaction 
rt_sigaction 
rt_sigaction 
rt_sigaction 
rt_sigaction 
rt_sigaction 
rt_sigaction 
rt_sigaction 
rt_sigaction 
rt_sigaction 
rt_sigaction 
rt_sigaction 
rt_sigaction 
rt_sigaction 
rt_sigaction 
rt_sigaction 
rt_sigaction 
rt_sigaction 
rt_sigaction 
rt_sigaction 
rt_sigaction 
rt_sigaction 
rt_sigaction 
rt_sigaction 
rt_sigaction 
rt_sigaction 
rt_sigaction 
rt_sigaction 
rt_sigaction 
rt_sigaction 
rt_sigaction 
rt_sigaction 
rt_sigaction 
rt_sigaction 
rt_sigaction 
rt_sigaction 
rt_sigaction 
rt_sigaction 
rt_sigaction 
rt_sigaction 
rt_sigaction 
rt_sigaction 
mmap addr=0 length=8192 prot=3(PROT_READ|PROT_WRITE) flags=10(MAP_PRIVATE|MAP_ANONYMOUS) fd=-1(EPERM) offset=0 
mmap res=7FF8AC1DE000 vm_size=383128 vm_rss=9072 vm_swap=0 
getpid 
getpid 
epoll_create1 
epoll_create1 
epoll_ctl 
epoll_ctl 
mmap addr=0 length=8192 prot=3(PROT_READ|PROT_WRITE) flags=10(MAP_PRIVATE|MAP_ANONYMOUS) fd=-1(EPERM) offset=0 
mmap res=7FF8AC1DC000 vm_size=383136 vm_rss=9072 vm_swap=0 
accept flags=0 
clone res=0 exe=apache2 args=-DFOREGROUND. tid=758936(apache2) pid=758936(apache2) ptid=756707(apache2) cwd= fdlimit=1048576 pgft_maj=0 pgft_min=1 vm_size=383104 vm_rss=7640 vm_swap=0 comm=apache2 cgroups=cpuset=/system.slice/docker-4d81cb26c66231747b04db742cd4f8fff01cc68354eaa9325... flags=562036736(CLONE_CHILD_CLEARTID|CLONE_CHILD_SETTID) uid=0 gid=0 vtid=81 vpid=81 
set_robust_list 
set_robust_list 
rt_sigaction 
rt_sigaction 
rt_sigaction 
rt_sigaction 
rt_sigaction 
rt_sigaction 
getpid 
getpid 
getpid 
getpid 
mmap addr=0 length=8192 prot=3(PROT_READ|PROT_WRITE) flags=10(MAP_PRIVATE|MAP_ANONYMOUS) fd=-1(EPERM) offset=0 
mmap res=7FF8AC1E2000 vm_size=383112 vm_rss=7640 vm_swap=0 
mmap addr=0 length=8192 prot=3(PROT_READ|PROT_WRITE) flags=10(MAP_PRIVATE|MAP_ANONYMOUS) fd=-1(EPERM) offset=0 
mmap res=7FF8AC1E0000 vm_size=383120 vm_rss=7640 vm_swap=0 
geteuid 
geteuid euid=0(root) 
setgid gid=33(www-data) 
setgid res=0 
open 
open fd=9(<f>/proc/sys/kernel/ngroups_max) name=/proc/sys/kernel/ngroups_max flags=1(O_RDONLY) mode=0 dev=65 
read fd=9(<f>/proc/sys/kernel/ngroups_max) size=31 
read res=6 data=65536. 
close fd=9(<f>/proc/sys/kernel/ngroups_max) 
close res=0 
open 
open fd=9(<f>/etc/group) name=/etc/group flags=4097(O_RDONLY|O_CLOEXEC) mode=0 dev=63 
lseek fd=9(<f>/etc/group) offset=0 whence=1(SEEK_CUR) 
lseek res=0 
fstat fd=9(<f>/etc/group) 
fstat res=0 
mmap addr=0 length=446 prot=1(PROT_READ) flags=1(MAP_SHARED) fd=9(<f>/etc/group) offset=0 
mmap res=7FF8AC1DF000 vm_size=383124 vm_rss=7640 vm_swap=0 
lseek fd=9(<f>/etc/group) offset=446 whence=0(SEEK_SET) 
lseek res=446 
fstat fd=9(<f>/etc/group) 
fstat res=0 
munmap addr=7FF8AC1DF000 length=446 
munmap res=0 vm_size=383120 vm_rss=9072 vm_swap=0 
close fd=9(<f>/etc/group) 
close res=0 
setgroups 
setgroups 
geteuid 
geteuid euid=0(root) 
setuid uid=33(www-data) 
setuid res=0 
getpid 
getpid 
rt_sigaction 
rt_sigaction 
rt_sigaction 
rt_sigaction 
rt_sigaction 
rt_sigaction 
rt_sigaction 
rt_sigaction 
rt_sigaction 
rt_sigaction 
rt_sigaction 
rt_sigaction 
rt_sigaction 
rt_sigaction 
rt_sigaction 
rt_sigaction 
rt_sigaction 
rt_sigaction 
rt_sigaction 
rt_sigaction 
rt_sigaction 
rt_sigaction 
rt_sigaction 
rt_sigaction 
rt_sigaction 
rt_sigaction 
rt_sigaction 
rt_sigaction 
rt_sigaction 
rt_sigaction 
rt_sigaction 
rt_sigaction 
rt_sigaction 
rt_sigaction 
rt_sigaction 
rt_sigaction 
rt_sigaction 
rt_sigaction 
rt_sigaction 
rt_sigaction 
rt_sigaction 
rt_sigaction 
rt_sigaction 
rt_sigaction 
rt_sigaction 
rt_sigaction 
rt_sigaction 
rt_sigaction 
rt_sigaction 
rt_sigaction 
rt_sigaction 
rt_sigaction 
rt_sigaction 
rt_sigaction 
rt_sigaction 
rt_sigaction 
rt_sigaction 
rt_sigaction 
rt_sigaction 
rt_sigaction 
rt_sigaction 
rt_sigaction 
rt_sigaction 
rt_sigaction 
rt_sigaction 
rt_sigaction 
rt_sigaction 
rt_sigaction 
rt_sigaction 
rt_sigaction 
rt_sigaction 
rt_sigaction 
rt_sigaction 
rt_sigaction 
rt_sigaction 
rt_sigaction 
rt_sigaction 
rt_sigaction 
rt_sigaction 
rt_sigaction 
rt_sigaction 
rt_sigaction 
rt_sigaction 
rt_sigaction 
rt_sigaction 
rt_sigaction 
rt_sigaction 
rt_sigaction 
rt_sigaction 
rt_sigaction 
rt_sigaction 
rt_sigaction 
rt_sigaction 
rt_sigaction 
rt_sigaction 
rt_sigaction 
rt_sigaction 
rt_sigaction 
rt_sigaction 
rt_sigaction 
rt_sigaction 
rt_sigaction 
rt_sigaction 
rt_sigaction 
rt_sigaction 
rt_sigaction 
rt_sigaction 
rt_sigaction 
rt_sigaction 
rt_sigaction 
rt_sigaction 
rt_sigaction 
rt_sigaction 
rt_sigaction 
rt_sigaction 
rt_sigaction 
rt_sigaction 
rt_sigaction 
rt_sigaction 
rt_sigaction 
rt_sigaction 
rt_sigaction 
rt_sigaction 
rt_sigaction 
mmap addr=0 length=8192 prot=3(PROT_READ|PROT_WRITE) flags=10(MAP_PRIVATE|MAP_ANONYMOUS) fd=-1(EPERM) offset=0 
mmap res=7FF8AC1DE000 vm_size=383128 vm_rss=9072 vm_swap=0 
getpid 
getpid 
epoll_create1 
epoll_create1 
epoll_ctl 
epoll_ctl 
mmap addr=0 length=8192 prot=3(PROT_READ|PROT_WRITE) flags=10(MAP_PRIVATE|MAP_ANONYMOUS) fd=-1(EPERM) offset=0 
mmap res=7FF8AC1DC000 vm_size=383136 vm_rss=9072 vm_swap=0 
accept flags=0 
poll res=0 fds= 
shutdown fd=10(<4t>172.18.0.1:41670->172.18.0.3:80) how=1(SHUT_WR) 
shutdown res=0 
poll fds=10:41 timeout=2000 
poll res=1 fds=10:421 
read fd=10(<4t>172.18.0.1:41670->172.18.0.3:80) size=512 
read res=0 data= 
close fd=10(<4t>172.18.0.1:41670->172.18.0.3:80) 
close res=0 
read fd=4(<p>pipe:[1918019]) size=1 
read res=-11(EAGAIN) data= 
accept flags=0 
accept fd=10(<4t>127.0.0.1:49784->127.0.0.1:80) tuple=127.0.0.1:49784->127.0.0.1:80 queuepct=0 queuelen=0 queuemax=511 
getsockname 
getsockname 
fcntl fd=10(<4t>127.0.0.1:49784->127.0.0.1:80) cmd=4(F_GETFL) 
fcntl res=2(<p>pipe:[1915968]) 
fcntl fd=10(<4t>127.0.0.1:49784->127.0.0.1:80) cmd=5(F_SETFL) 
fcntl res=0(<f>/dev/null) 
mmap addr=0 length=8192 prot=3(PROT_READ|PROT_WRITE) flags=10(MAP_PRIVATE|MAP_ANONYMOUS) fd=-1(EPERM) offset=0 
mmap res=7FF8AC1DA000 vm_size=383144 vm_rss=9072 vm_swap=0 
mmap addr=0 length=8192 prot=3(PROT_READ|PROT_WRITE) flags=10(MAP_PRIVATE|MAP_ANONYMOUS) fd=-1(EPERM) offset=0 
mmap res=7FF8AC1D8000 vm_size=383152 vm_rss=9072 vm_swap=0 
read fd=10(<4t>127.0.0.1:49784->127.0.0.1:80) size=8000 
read res=96 data=OPTIONS * HTTP/1.0..User-Agent: Apache/2.4.25 (Debian) PHP/7.2.1 (internal dummy 
mmap addr=0 length=8192 prot=3(PROT_READ|PROT_WRITE) flags=10(MAP_PRIVATE|MAP_ANONYMOUS) fd=-1(EPERM) offset=0 
mmap res=7FF8AC1D6000 vm_size=383160 vm_rss=9072 vm_swap=0 
mmap addr=0 length=8192 prot=3(PROT_READ|PROT_WRITE) flags=10(MAP_PRIVATE|MAP_ANONYMOUS) fd=-1(EPERM) offset=0 
mmap res=7FF8AC1D4000 vm_size=383168 vm_rss=9072 vm_swap=0 
writev fd=10(<4t>127.0.0.1:49784->127.0.0.1:80) size=126 
writev res=126 data=HTTP/1.1 200 OK..Date: Thu, 10 Aug 2023 01:21:19 GMT..Server: Apache/2.4.25 (Deb 
write fd=7(<p>pipe:[1915967]) size=139 
write res=139 data=127.0.0.1 - - [10/Aug/2023:01:21:19 +0000] "OPTIONS * HTTP/1.0" 200 126 "-" "Apa 
times 
times 
shutdown fd=10(<4t>127.0.0.1:49784->127.0.0.1:80) how=1(SHUT_WR) 
shutdown res=-107(ENOTCONN) 
close fd=10(<4t>127.0.0.1:49784->127.0.0.1:80) 
close res=0 
read fd=4(<p>pipe:[1918019]) size=1 
read res=1 data=! 
close fd=9 
close res=0 
munmap addr=7FF894E5F000 length=134217728 
munmap res=0 vm_size=252096 vm_rss=11148 vm_swap=0 
close fd=8(<f>/tmp/.ZendSem.3Sz6FU (deleted)) 
close res=0 
munmap addr=7FF89CE5F000 length=2243784 
munmap res=0 vm_size=249904 vm_rss=11252 vm_swap=0 
munmap addr=7FF89D521000 length=2517856 
munmap res=0 vm_size=247444 vm_rss=11272 vm_swap=0 
munmap addr=7FF89D2EE000 length=2301968 
munmap res=0 vm_size=245192 vm_rss=11244 vm_swap=0 
munmap addr=7FF89D083000 length=2531352 
munmap res=0 vm_size=242716 vm_rss=11216 vm_swap=0 
munmap addr=7FF89D788000 length=2584984 
munmap res=0 vm_size=240188 vm_rss=12948 vm_swap=0 
munmap addr=7FF8AC18A000 length=299008 
munmap res=0 vm_size=239896 vm_rss=12824 vm_swap=0 
munmap addr=7FF89DA00000 length=2097152 
munmap res=0 vm_size=237848 vm_rss=10776 vm_swap=0 
munmap addr=7FF8AC1F8000 length=323584 
munmap res=0 vm_size=237532 vm_rss=10772 vm_swap=0 
munmap addr=7FF8AC1E2000 length=8192 
munmap res=0 vm_size=237524 vm_rss=10768 vm_swap=0 
munmap addr=7FF8AC1DC000 length=8192 
munmap res=0 vm_size=237516 vm_rss=10764 vm_swap=0 
munmap addr=7FF8AC1E0000 length=8192 
munmap res=0 vm_size=237508 vm_rss=10760 vm_swap=0 
munmap addr=7FF8AC1DE000 length=8192 
munmap res=0 vm_size=237500 vm_rss=10756 vm_swap=0 
munmap addr=7FF8AC1D8000 length=8192 
munmap res=0 vm_size=237492 vm_rss=10752 vm_swap=0 
munmap addr=7FF8AC1D4000 length=8192 
munmap res=0 vm_size=237484 vm_rss=10748 vm_swap=0 
munmap addr=7FF8AC1DA000 length=8192 
munmap res=0 vm_size=237476 vm_rss=10740 vm_swap=0 
munmap addr=7FF8AC1D6000 length=8192 
munmap res=0 vm_size=237468 vm_rss=10736 vm_swap=0 
close fd=5(<p>pipe:[1918019]) 
close res=0 
close fd=4(<p>pipe:[1918019]) 
close res=0 
futex addr=7FF8A5F758EC op=129(FUTEX_PRIVATE_FLAG|FUTEX_WAKE) val=2147483647 
futex res=0 
exit_group 
accept fd=10(<4t>127.0.0.1:49798->127.0.0.1:80) tuple=127.0.0.1:49798->127.0.0.1:80 queuepct=0 queuelen=0 queuemax=511 
getsockname 
getsockname 
fcntl fd=10(<4t>127.0.0.1:49798->127.0.0.1:80) cmd=4(F_GETFL) 
fcntl res=2(<p>pipe:[1915968]) 
fcntl fd=10(<4t>127.0.0.1:49798->127.0.0.1:80) cmd=5(F_SETFL) 
fcntl res=0(<f>/dev/null) 
mmap addr=0 length=8192 prot=3(PROT_READ|PROT_WRITE) flags=10(MAP_PRIVATE|MAP_ANONYMOUS) fd=-1(EPERM) offset=0 
mmap res=7FF8AC1DA000 vm_size=383144 vm_rss=9072 vm_swap=0 
mmap addr=0 length=8192 prot=3(PROT_READ|PROT_WRITE) flags=10(MAP_PRIVATE|MAP_ANONYMOUS) fd=-1(EPERM) offset=0 
mmap res=7FF8AC1D8000 vm_size=383152 vm_rss=9072 vm_swap=0 
read fd=10(<4t>127.0.0.1:49798->127.0.0.1:80) size=8000 
read res=96 data=OPTIONS * HTTP/1.0..User-Agent: Apache/2.4.25 (Debian) PHP/7.2.1 (internal dummy 
mmap addr=0 length=8192 prot=3(PROT_READ|PROT_WRITE) flags=10(MAP_PRIVATE|MAP_ANONYMOUS) fd=-1(EPERM) offset=0 
mmap res=7FF8AC1D6000 vm_size=383160 vm_rss=9072 vm_swap=0 
mmap addr=0 length=8192 prot=3(PROT_READ|PROT_WRITE) flags=10(MAP_PRIVATE|MAP_ANONYMOUS) fd=-1(EPERM) offset=0 
mmap res=7FF8AC1D4000 vm_size=383168 vm_rss=9072 vm_swap=0 
writev fd=10(<4t>127.0.0.1:49798->127.0.0.1:80) size=126 
writev res=126 data=HTTP/1.1 200 OK..Date: Thu, 10 Aug 2023 01:21:20 GMT..Server: Apache/2.4.25 (Deb 
write fd=7(<p>pipe:[1915967]) size=139 
write res=139 data=127.0.0.1 - - [10/Aug/2023:01:21:20 +0000] "OPTIONS * HTTP/1.0" 200 126 "-" "Apa 
times 
times 
shutdown fd=10(<4t>127.0.0.1:49798->127.0.0.1:80) how=1(SHUT_WR) 
shutdown res=-107(ENOTCONN) 
close fd=10(<4t>127.0.0.1:49798->127.0.0.1:80) 
close res=0 
read fd=4(<p>pipe:[1918019]) size=1 
read res=1 data=! 
close fd=9 
close res=0 
munmap addr=7FF894E5F000 length=134217728 
munmap res=0 vm_size=252096 vm_rss=11152 vm_swap=0 
close fd=8(<f>/tmp/.ZendSem.3Sz6FU (deleted)) 
close res=0 
munmap addr=7FF89CE5F000 length=2243784 
munmap res=0 vm_size=249904 vm_rss=11256 vm_swap=0 
munmap addr=7FF89D521000 length=2517856 
munmap res=0 vm_size=247444 vm_rss=11276 vm_swap=0 
munmap addr=7FF89D2EE000 length=2301968 
munmap res=0 vm_size=245192 vm_rss=11248 vm_swap=0 
munmap addr=7FF89D083000 length=2531352 
munmap res=0 vm_size=242716 vm_rss=11220 vm_swap=0 
munmap addr=7FF89D788000 length=2584984 
munmap res=0 vm_size=240188 vm_rss=12952 vm_swap=0 
munmap addr=7FF8AC18A000 length=299008 
munmap res=0 vm_size=239896 vm_rss=12828 vm_swap=0 
munmap addr=7FF89DA00000 length=2097152 
munmap res=0 vm_size=237848 vm_rss=10780 vm_swap=0 
munmap addr=7FF8AC1F8000 length=323584 
munmap res=0 vm_size=237532 vm_rss=10776 vm_swap=0 
munmap addr=7FF8AC1E2000 length=8192 
munmap res=0 vm_size=237524 vm_rss=10772 vm_swap=0 
munmap addr=7FF8AC1DC000 length=8192 
munmap res=0 vm_size=237516 vm_rss=10768 vm_swap=0 
munmap addr=7FF8AC1E0000 length=8192 
munmap res=0 vm_size=237508 vm_rss=10764 vm_swap=0 
munmap addr=7FF8AC1DE000 length=8192 
munmap res=0 vm_size=237500 vm_rss=10760 vm_swap=0 
munmap addr=7FF8AC1D8000 length=8192 
munmap res=0 vm_size=237492 vm_rss=10756 vm_swap=0 
munmap addr=7FF8AC1D4000 length=8192 
munmap res=0 vm_size=237484 vm_rss=10752 vm_swap=0 
munmap addr=7FF8AC1DA000 length=8192 
munmap res=0 vm_size=237476 vm_rss=10744 vm_swap=0 
munmap addr=7FF8AC1D6000 length=8192 
munmap res=0 vm_size=237468 vm_rss=10740 vm_swap=0 
close fd=5(<p>pipe:[1918019]) 
close res=0 
close fd=4(<p>pipe:[1918019]) 
close res=0 
futex addr=7FF8A5F758EC op=129(FUTEX_PRIVATE_FLAG|FUTEX_WAKE) val=2147483647 
futex res=0 
exit_group 
accept fd=10(<4t>127.0.0.1:49810->127.0.0.1:80) tuple=127.0.0.1:49810->127.0.0.1:80 queuepct=0 queuelen=0 queuemax=511 
getsockname 
getsockname 
fcntl fd=10(<4t>127.0.0.1:49810->127.0.0.1:80) cmd=4(F_GETFL) 
fcntl res=2(<p>pipe:[1915968]) 
fcntl fd=10(<4t>127.0.0.1:49810->127.0.0.1:80) cmd=5(F_SETFL) 
fcntl res=0(<f>/dev/null) 
mmap addr=0 length=8192 prot=3(PROT_READ|PROT_WRITE) flags=10(MAP_PRIVATE|MAP_ANONYMOUS) fd=-1(EPERM) offset=0 
mmap res=7FF8AC1DA000 vm_size=383144 vm_rss=9072 vm_swap=0 
mmap addr=0 length=8192 prot=3(PROT_READ|PROT_WRITE) flags=10(MAP_PRIVATE|MAP_ANONYMOUS) fd=-1(EPERM) offset=0 
mmap res=7FF8AC1D8000 vm_size=383152 vm_rss=9072 vm_swap=0 
read fd=10(<4t>127.0.0.1:49810->127.0.0.1:80) size=8000 
read res=96 data=OPTIONS * HTTP/1.0..User-Agent: Apache/2.4.25 (Debian) PHP/7.2.1 (internal dummy 
mmap addr=0 length=8192 prot=3(PROT_READ|PROT_WRITE) flags=10(MAP_PRIVATE|MAP_ANONYMOUS) fd=-1(EPERM) offset=0 
mmap res=7FF8AC1D6000 vm_size=383160 vm_rss=9072 vm_swap=0 
mmap addr=0 length=8192 prot=3(PROT_READ|PROT_WRITE) flags=10(MAP_PRIVATE|MAP_ANONYMOUS) fd=-1(EPERM) offset=0 
mmap res=7FF8AC1D4000 vm_size=383168 vm_rss=9072 vm_swap=0 
writev fd=10(<4t>127.0.0.1:49810->127.0.0.1:80) size=126 
writev res=126 data=HTTP/1.1 200 OK..Date: Thu, 10 Aug 2023 01:21:21 GMT..Server: Apache/2.4.25 (Deb 
write fd=7(<p>pipe:[1915967]) size=139 
write res=139 data=127.0.0.1 - - [10/Aug/2023:01:21:21 +0000] "OPTIONS * HTTP/1.0" 200 126 "-" "Apa 
times 
times 
shutdown fd=10(<4t>127.0.0.1:49810->127.0.0.1:80) how=1(SHUT_WR) 
shutdown res=-107(ENOTCONN) 
close fd=10(<4t>127.0.0.1:49810->127.0.0.1:80) 
close res=0 
read fd=4(<p>pipe:[1918019]) size=1 
read res=1 data=! 
close fd=9 
close res=0 
munmap addr=7FF894E5F000 length=134217728 
munmap res=0 vm_size=252096 vm_rss=11152 vm_swap=0 
close fd=8(<f>/tmp/.ZendSem.3Sz6FU (deleted)) 
close res=0 
munmap addr=7FF89CE5F000 length=2243784 
munmap res=0 vm_size=249904 vm_rss=11256 vm_swap=0 
munmap addr=7FF89D521000 length=2517856 
munmap res=0 vm_size=247444 vm_rss=11276 vm_swap=0 
munmap addr=7FF89D2EE000 length=2301968 
munmap res=0 vm_size=245192 vm_rss=11248 vm_swap=0 
munmap addr=7FF89D083000 length=2531352 
munmap res=0 vm_size=242716 vm_rss=11220 vm_swap=0 
munmap addr=7FF89D788000 length=2584984 
munmap res=0 vm_size=240188 vm_rss=12952 vm_swap=0 
munmap addr=7FF8AC18A000 length=299008 
munmap res=0 vm_size=239896 vm_rss=12828 vm_swap=0 
munmap addr=7FF89DA00000 length=2097152 
munmap res=0 vm_size=237848 vm_rss=10780 vm_swap=0 
munmap addr=7FF8AC1F8000 length=323584 
munmap res=0 vm_size=237532 vm_rss=10776 vm_swap=0 
munmap addr=7FF8AC1E2000 length=8192 
munmap res=0 vm_size=237524 vm_rss=10772 vm_swap=0 
munmap addr=7FF8AC1DC000 length=8192 
munmap res=0 vm_size=237516 vm_rss=10768 vm_swap=0 
munmap addr=7FF8AC1E0000 length=8192 
munmap res=0 vm_size=237508 vm_rss=10764 vm_swap=0 
munmap addr=7FF8AC1DE000 length=8192 
munmap res=0 vm_size=237500 vm_rss=10760 vm_swap=0 
munmap addr=7FF8AC1D8000 length=8192 
munmap res=0 vm_size=237492 vm_rss=10756 vm_swap=0 
munmap addr=7FF8AC1D4000 length=8192 
munmap res=0 vm_size=237484 vm_rss=10752 vm_swap=0 
munmap addr=7FF8AC1DA000 length=8192 
munmap res=0 vm_size=237476 vm_rss=10744 vm_swap=0 
munmap addr=7FF8AC1D6000 length=8192 
munmap res=0 vm_size=237468 vm_rss=10740 vm_swap=0 
close fd=5(<p>pipe:[1918019]) 
close res=0 
close fd=4(<p>pipe:[1918019]) 
close res=0 
futex addr=7FF8A5F758EC op=129(FUTEX_PRIVATE_FLAG|FUTEX_WAKE) val=2147483647 
futex res=0 
exit_group 
accept fd=10(<4t>172.18.0.1:35890->172.18.0.3:80) tuple=172.18.0.1:35890->172.18.0.3:80 queuepct=0 queuelen=0 queuemax=511 
getsockname 
getsockname 
fcntl fd=10(<4t>172.18.0.1:35890->172.18.0.3:80) cmd=4(F_GETFL) 
fcntl res=2(<p>pipe:[1915968]) 
fcntl fd=10(<4t>172.18.0.1:35890->172.18.0.3:80) cmd=5(F_SETFL) 
fcntl res=0(<f>/dev/null) 
mmap addr=0 length=8192 prot=3(PROT_READ|PROT_WRITE) flags=10(MAP_PRIVATE|MAP_ANONYMOUS) fd=-1(EPERM) offset=0 
mmap res=7FF8AC1DA000 vm_size=383144 vm_rss=9072 vm_swap=0 
mmap addr=0 length=8192 prot=3(PROT_READ|PROT_WRITE) flags=10(MAP_PRIVATE|MAP_ANONYMOUS) fd=-1(EPERM) offset=0 
mmap res=7FF8AC1D8000 vm_size=383152 vm_rss=9072 vm_swap=0 
read fd=10(<4t>172.18.0.1:35890->172.18.0.3:80) size=8000 
read res=1096 data=GET /wp-content/plugins/mail-masta/inc/campaign/count_of_send.php?pl=/etc/passwd 
stat 
stat res=0 path=/var/www/html/wp-content/plugins/mail-masta/inc/campaign/count_of_send.php 
mmap addr=0 length=8192 prot=3(PROT_READ|PROT_WRITE) flags=10(MAP_PRIVATE|MAP_ANONYMOUS) fd=-1(EPERM) offset=0 
mmap res=7FF8AC1D6000 vm_size=383160 vm_rss=9072 vm_swap=0 
open 
open fd=-2(ENOENT) name=/var/www/.htaccess flags=4097(O_RDONLY|O_CLOEXEC) mode=0 dev=0 
open 
open fd=11(<f>/var/www/html/.htaccess) name=/var/www/html/.htaccess flags=4097(O_RDONLY|O_CLOEXEC) mode=0 dev=34 
fstat fd=11(<f>/var/www/html/.htaccess) 
fstat res=0 
read fd=11(<f>/var/www/html/.htaccess) size=4096 
read res=234 data=# BEGIN WordPress.<IfModule mod_rewrite.c>.RewriteEngine On.RewriteBase /.Rewrit 
read fd=11(<f>/var/www/html/.htaccess) size=4096 
read res=0 data= 
close fd=11(<f>/var/www/html/.htaccess) 
close res=0 
mmap addr=0 length=8192 prot=3(PROT_READ|PROT_WRITE) flags=10(MAP_PRIVATE|MAP_ANONYMOUS) fd=-1(EPERM) offset=0 
mmap res=7FF8AC1D4000 vm_size=383168 vm_rss=9072 vm_swap=0 
open 
open fd=-2(ENOENT) name=/var/www/html/wp-content/.htaccess flags=4097(O_RDONLY|O_CLOEXEC) mode=0 dev=0 
open 
open fd=-2(ENOENT) name=/var/www/html/wp-content/plugins/.htaccess flags=4097(O_RDONLY|O_CLOEXEC) mode=0 dev=0 
open 
open fd=-2(ENOENT) name=/var/www/html/wp-content/plugins/mail-masta/.htaccess flags=4097(O_RDONLY|O_CLOEXEC) mode=0 dev=0 
open 
open fd=-2(ENOENT) name=/var/www/html/wp-content/plugins/mail-masta/inc/.htaccess flags=4097(O_RDONLY|O_CLOEXEC) mode=0 dev=0 
open 
open fd=-2(ENOENT) name=/var/www/html/wp-content/plugins/mail-masta/inc/campaign/.htaccess flags=4097(O_RDONLY|O_CLOEXEC) mode=0 dev=0 
open 
open fd=-20(ENOTDIR) name=/var/www/html/wp-content/plugins/mail-masta/inc/campaign/count_of_send.php/.htaccess flags=4097(O_RDONLY|O_CLOEXEC) mode=0 dev=0 
stat 
stat res=0 path=/var/www/html/wp-content/plugins/mail-masta/inc/campaign/count_of_send.php 
brk addr=559C7B13B000 
brk res=559C7B13B000 vm_size=383328 vm_rss=10248 vm_swap=0 
brk addr=559C7B15C000 
brk res=559C7B15C000 vm_size=383460 vm_rss=11432 vm_swap=0 
rt_sigaction 
rt_sigaction 
rt_sigaction 
rt_sigaction 
rt_sigaction 
rt_sigaction 
rt_sigaction 
rt_sigaction 
rt_sigaction 
rt_sigaction 
rt_sigaction 
rt_sigaction 
rt_sigaction 
rt_sigaction 
rt_sigaction 
rt_sigaction 
rt_sigaction 
rt_sigaction 
rt_sigaction 
rt_sigaction 
rt_sigaction 
rt_sigaction 
rt_sigaction 
rt_sigaction 
rt_sigaction 
rt_sigaction 
rt_sigaction 
rt_sigaction 
setitimer 
setitimer 
rt_sigaction 
rt_sigaction 
rt_sigprocmask 
rt_sigprocmask 
mmap addr=0 length=65536 prot=3(PROT_READ|PROT_WRITE) flags=10(MAP_PRIVATE|MAP_ANONYMOUS) fd=-1(EPERM) offset=0 
mmap res=7FF8AC17A000 vm_size=383524 vm_rss=12296 vm_swap=0 
getcwd 
getcwd res=14 path=/var/www/html 
chdir 
chdir res=0 path=/var/www/html/wp-content/plugins/mail-masta/inc/campaign 
lstat 
lstat res=0 path=/var/www/html/wp-content/plugins/mail-masta/inc/campaign/count_of_send.php 
lstat 
lstat res=0 path=/var/www/html/wp-content/plugins/mail-masta/inc/campaign 
lstat 
lstat res=0 path=/var/www/html/wp-content/plugins/mail-masta/inc 
lstat 
lstat res=0 path=/var/www/html/wp-content/plugins/mail-masta 
lstat 
lstat res=0 path=/var/www/html/wp-content/plugins 
lstat 
lstat res=0 path=/var/www/html/wp-content 
lstat 
lstat res=0 path=/var/www/html 
lstat 
lstat res=0 path=/var/www 
lstat 
lstat res=0 path=/var 
open 
open fd=11(<f>/var/www/html/wp-content/plugins/mail-masta/inc/campaign/count_of_send.php) name=/var/www/html/wp-content/plugins/mail-masta/inc/campaign/count_of_send.php flags=1(O_RDONLY) mode=0 dev=34 
fstat fd=11(<f>/var/www/html/wp-content/plugins/mail-masta/inc/campaign/count_of_send.php) 
fstat res=0 
fstat fd=11(<f>/var/www/html/wp-content/plugins/mail-masta/inc/campaign/count_of_send.php) 
fstat res=0 
fstat fd=11(<f>/var/www/html/wp-content/plugins/mail-masta/inc/campaign/count_of_send.php) 
fstat res=0 
mmap addr=0 length=294 prot=1(PROT_READ) flags=1(MAP_SHARED) fd=11(<f>/var/www/html/wp-content/plugins/mail-masta/inc/campaign/count_of_send.php) offset=0 
mmap res=7FF8AC1D3000 vm_size=383528 vm_rss=12296 vm_swap=0 
fcntl fd=8(<f>/tmp/.ZendSem.3Sz6FU (deleted)) cmd=8(F_SETLK) 
fcntl res=0(<f>/dev/null) 
stat 
stat res=0 path=/var/www/html/wp-content/plugins/mail-masta/inc/campaign/count_of_send.php 
fcntl fd=8(<f>/tmp/.ZendSem.3Sz6FU (deleted)) cmd=9(F_SETLKW) 
fcntl res=0(<f>/dev/null) 
fcntl fd=8(<f>/tmp/.ZendSem.3Sz6FU (deleted)) cmd=8(F_SETLK) 
fcntl res=0(<f>/dev/null) 
munmap addr=7FF8AC1D3000 length=294 
munmap res=0 vm_size=383524 vm_rss=13880 vm_swap=0 
close fd=11(<f>/var/www/html/wp-content/plugins/mail-masta/inc/campaign/count_of_send.php) 
close res=0 
lstat 
lstat res=0 path=/etc/passwd 
lstat 
lstat res=0 path=/etc 
open 
open fd=11(<f>/etc/passwd) name=/etc/passwd flags=1(O_RDONLY) mode=0 dev=63 
fstat fd=11(<f>/etc/passwd) 
fstat res=0 
fstat fd=11(<f>/etc/passwd) 
fstat res=0 
fstat fd=11(<f>/etc/passwd) 
fstat res=0 
mmap addr=0 length=919 prot=1(PROT_READ) flags=1(MAP_SHARED) fd=11(<f>/etc/passwd) offset=0 
mmap res=7FF8AC1D3000 vm_size=383528 vm_rss=13880 vm_swap=0 
stat 
stat res=0 path=/etc/passwd 
fcntl fd=8(<f>/tmp/.ZendSem.3Sz6FU (deleted)) cmd=9(F_SETLKW) 
fcntl res=0(<f>/dev/null) 
fcntl fd=8(<f>/tmp/.ZendSem.3Sz6FU (deleted)) cmd=8(F_SETLK) 
fcntl res=0(<f>/dev/null) 
munmap addr=7FF8AC1D3000 length=919 
munmap res=0 vm_size=383524 vm_rss=14128 vm_swap=0 
close fd=11(<f>/etc/passwd) 
close res=0 
mmap addr=0 length=8192 prot=3(PROT_READ|PROT_WRITE) flags=10(MAP_PRIVATE|MAP_ANONYMOUS) fd=-1(EPERM) offset=0 
mmap res=7FF8AC178000 vm_size=383532 vm_rss=14128 vm_swap=0 
chdir 
chdir res=0 path=/var/www/html 
setitimer 
setitimer 
fcntl fd=8(<f>/tmp/.ZendSem.3Sz6FU (deleted)) cmd=8(F_SETLK) 
fcntl res=0(<f>/dev/null) 
setitimer 
setitimer 
mmap addr=0 length=8192 prot=3(PROT_READ|PROT_WRITE) flags=10(MAP_PRIVATE|MAP_ANONYMOUS) fd=-1(EPERM) offset=0 
mmap res=7FF8AC176000 vm_size=383540 vm_rss=14128 vm_swap=0 
brk addr=559C7B185000 
brk res=559C7B185000 vm_size=383704 vm_rss=14128 vm_swap=0 
brk addr=559C7B1C5000 
brk res=559C7B1C5000 vm_size=383960 vm_rss=14128 vm_swap=0 
brk addr=559C7B185000 
brk res=559C7B185000 vm_size=383704 vm_rss=14528 vm_swap=0 
mmap addr=0 length=8192 prot=3(PROT_READ|PROT_WRITE) flags=10(MAP_PRIVATE|MAP_ANONYMOUS) fd=-1(EPERM) offset=0 
mmap res=7FF8AC174000 vm_size=383712 vm_rss=14528 vm_swap=0 
mmap addr=0 length=8192 prot=3(PROT_READ|PROT_WRITE) flags=10(MAP_PRIVATE|MAP_ANONYMOUS) fd=-1(EPERM) offset=0 
mmap res=7FF8AC172000 vm_size=383720 vm_rss=14528 vm_swap=0 
read fd=10(<4t>172.18.0.1:35890->172.18.0.3:80) size=8000 
read res=-11(EAGAIN) data= 
writev fd=10(<4t>172.18.0.1:35890->172.18.0.3:80) size=818 
writev res=818 data=HTTP/1.1 200 OK..Date: Thu, 10 Aug 2023 01:21:30 GMT..Server: Apache/2.4.25 (Deb 
write fd=7(<p>pipe:[1915967]) size=219 
write res=219 data=172.18.0.1 - - [10/Aug/2023:01:21:30 +0000] "GET /wp-content/plugins/mail-masta/ 
times 
times 
poll fds=10:41 timeout=5000 
poll res=1 fds=10:41 
read fd=10(<4t>172.18.0.1:35890->172.18.0.3:80) size=8000 
read res=860 data=GET /favicon.ico HTTP/1.1..Host: localhost:9000..User-Agent: Mozilla/5.0 (Window 
stat 
stat res=-2(ENOENT) path=/var/www/html/favicon.ico 
lstat 
lstat res=0 path=/var 
lstat 
lstat res=0 path=/var/www 
open 
open fd=-2(ENOENT) name=/var/www/.htaccess flags=4097(O_RDONLY|O_CLOEXEC) mode=0 dev=0 
lstat 
lstat res=0 path=/var/www/html 
open 
open fd=11(<f>/var/www/html/.htaccess) name=/var/www/html/.htaccess flags=4097(O_RDONLY|O_CLOEXEC) mode=0 dev=34 
fstat fd=11(<f>/var/www/html/.htaccess) 
fstat res=0 
read fd=11(<f>/var/www/html/.htaccess) size=4096 
read res=234 data=# BEGIN WordPress.<IfModule mod_rewrite.c>.RewriteEngine On.RewriteBase /.Rewrit 
read fd=11(<f>/var/www/html/.htaccess) size=4096 
read res=0 data= 
close fd=11(<f>/var/www/html/.htaccess) 
close res=0 
lstat 
lstat res=-2(ENOENT) path=/var/www/html/favicon.ico 
stat 
stat res=-2(ENOENT) path=/var/www/html/favicon.ico 
stat 
stat res=-2(ENOENT) path=/var/www/html/favicon.ico 
stat 
stat res=0 path=/var/www/html/index.php 
rt_sigaction 
rt_sigaction 
rt_sigaction 
rt_sigaction 
rt_sigaction 
rt_sigaction 
rt_sigaction 
rt_sigaction 
rt_sigaction 
rt_sigaction 
rt_sigaction 
rt_sigaction 
rt_sigaction 
rt_sigaction 
setitimer 
setitimer 
rt_sigaction 
rt_sigaction 
rt_sigprocmask 
rt_sigprocmask 
getcwd 
getcwd res=14 path=/var/www/html 
chdir 
chdir res=0 path=/var/www/html 
fcntl fd=8(<f>/tmp/.ZendSem.3Sz6FU (deleted)) cmd=8(F_SETLK) 
fcntl res=0(<f>/dev/null) 
lstat 
lstat res=0 path=/var/www/html/index.php 
stat 
stat res=0 path=/var/www/html/index.php 
lstat 
lstat res=0 path=/var/www/html/wp-blog-header.php 
stat 
stat res=0 path=/var/www/html/wp-blog-header.php 
stat 
stat res=0 path=/var/www/html/wp-load.php 
access mode=0(F_OK) 
access res=0 name=/var/www/html/wp-config.php 
stat 
stat res=0 path=/var/www/html/wp-config.php 
stat 
stat res=0 path=/var/www/html/wp-settings.php 
lstat 
lstat res=0 path=/var/www/html/wp-includes/load.php 
lstat 
lstat res=0 path=/var/www/html/wp-includes 
stat 
stat res=0 path=/var/www/html/wp-includes/load.php 
lstat 
lstat res=0 path=/var/www/html/wp-includes/default-constants.php 
stat 
stat res=0 path=/var/www/html/wp-includes/default-constants.php 
stat 
stat res=0 path=/var/www/html/wp-includes/plugin.php 
lstat 
lstat res=0 path=/var/www/html/wp-includes/class-wp-hook.php 
stat 
stat res=0 path=/var/www/html/wp-includes/class-wp-hook.php 
lstat 
lstat res=0 path=/var/www/html/wp-includes/version.php 
stat 
stat res=0 path=/var/www/html/wp-includes/version.php 
mmap addr=0 length=65536 prot=7(PROT_READ|PROT_WRITE|PROT_EXEC) flags=10(MAP_PRIVATE|MAP_ANONYMOUS) fd=-1(EPERM) offset=0 
mmap res=7FF8AC162000 vm_size=383784 vm_rss=15020 vm_swap=0 
chdir 
chdir res=0 path=/var/www/html 
setitimer 
setitimer 
fcntl fd=8(<f>/tmp/.ZendSem.3Sz6FU (deleted)) cmd=8(F_SETLK) 
fcntl res=0(<f>/dev/null) 
setitimer 
setitimer 
read fd=10(<4t>172.18.0.1:35890->172.18.0.3:80) size=8000 
read res=-11(EAGAIN) data= 
writev fd=10(<4t>172.18.0.1:35890->172.18.0.3:80) size=227 
writev res=227 data=HTTP/1.1 200 OK..Date: Thu, 10 Aug 2023 01:21:30 GMT..Server: Apache/2.4.25 (Deb 
write fd=7(<p>pipe:[1915967]) size=251 
write res=251 data=172.18.0.1 - - [10/Aug/2023:01:21:30 +0000] "GET /favicon.ico HTTP/1.1" 200 227  
times 
times 
poll fds=10:41 timeout=5000 
poll res=0 fds= 
shutdown fd=10(<4t>172.18.0.1:35890->172.18.0.3:80) how=1(SHUT_WR) 
shutdown res=0 
poll fds=10:41 timeout=2000 
poll res=1 fds=10:421 
read fd=10(<4t>172.18.0.1:35890->172.18.0.3:80) size=512 
read res=0 data= 
close fd=10(<4t>172.18.0.1:35890->172.18.0.3:80) 
close res=0 
read fd=4(<p>pipe:[1918019]) size=1 
read res=-11(EAGAIN) data= 
accept flags=0 
accept fd=-512(ERESTARTSYS) tuple=NULL queuepct=0 queuelen=0 queuemax=511 
close fd=9 
close res=0 
accept fd=-512(ERESTARTSYS) tuple=NULL queuepct=0 queuelen=0 queuemax=511 
close fd=9 
close res=0 
munmap addr=7FF894E5F000 length=134217728 
munmap res=0 vm_size=252064 vm_rss=10956 vm_swap=0 
close fd=8(<f>/tmp/.ZendSem.3Sz6FU (deleted)) 
close res=0 
munmap addr=7FF89CE5F000 length=2243784 
munmap res=0 vm_size=249872 vm_rss=11040 vm_swap=0 
munmap addr=7FF89D521000 length=2517856 
munmap res=0 vm_size=247412 vm_rss=11052 vm_swap=0 
munmap addr=7FF89D2EE000 length=2301968 
munmap res=0 vm_size=245160 vm_rss=11024 vm_swap=0 
munmap addr=7FF89D083000 length=2531352 
munmap res=0 vm_size=242684 vm_rss=11004 vm_swap=0 
accept fd=-512(ERESTARTSYS) tuple=NULL queuepct=0 queuelen=0 queuemax=511 
close fd=9 
close res=0 
munmap addr=7FF89D788000 length=2584984 
munmap res=0 vm_size=240156 vm_rss=12688 vm_swap=0 
munmap addr=7FF894E5F000 length=134217728 
munmap res=0 vm_size=252064 vm_rss=10956 vm_swap=0 
close fd=8(<f>/tmp/.ZendSem.3Sz6FU (deleted)) 
close res=0 
accept fd=-512(ERESTARTSYS) tuple=NULL queuepct=0 queuelen=0 queuemax=511 
close fd=9 
close res=0 
munmap addr=7FF89CE5F000 length=2243784 
munmap res=0 vm_size=249872 vm_rss=11060 vm_swap=0 
munmap addr=7FF89D521000 length=2517856 
munmap res=0 vm_size=247412 vm_rss=11080 vm_swap=0 
munmap addr=7FF89D2EE000 length=2301968 
munmap res=0 vm_size=245160 vm_rss=11052 vm_swap=0 
munmap addr=7FF89D083000 length=2531352 
munmap res=0 vm_size=242684 vm_rss=11024 vm_swap=0 
munmap addr=7FF89D788000 length=2584984 
munmap res=0 vm_size=240156 vm_rss=12760 vm_swap=0 
munmap addr=7FF894E5F000 length=134217728 
munmap res=0 vm_size=252292 vm_rss=11440 vm_swap=0 
close fd=8(<f>/tmp/.ZendSem.3Sz6FU (deleted)) 
close res=0 
munmap addr=7FF894E5F000 length=134217728 
munmap addr=7FF89CE5F000 length=2243784 
munmap res=0 vm_size=252064 vm_rss=10784 vm_swap=0 
close fd=8(<f>/tmp/.ZendSem.3Sz6FU (deleted)) 
munmap res=0 vm_size=250100 vm_rss=11544 vm_swap=0 
close res=0 
munmap addr=7FF89D521000 length=2517856 
munmap res=0 vm_size=247640 vm_rss=11564 vm_swap=0 
munmap addr=7FF89D2EE000 length=2301968 
munmap res=0 vm_size=245388 vm_rss=11536 vm_swap=0 
munmap addr=7FF89D083000 length=2531352 
munmap res=0 vm_size=242912 vm_rss=11508 vm_swap=0 
munmap addr=7FF89CE5F000 length=2243784 
munmap res=0 vm_size=249872 vm_rss=10888 vm_swap=0 
munmap addr=7FF89D521000 length=2517856 
munmap res=0 vm_size=247412 vm_rss=10908 vm_swap=0 
munmap addr=7FF89D2EE000 length=2301968 
munmap res=0 vm_size=245160 vm_rss=10880 vm_swap=0 
munmap addr=7FF89D083000 length=2531352 
munmap res=0 vm_size=242684 vm_rss=10852 vm_swap=0 
accept fd=-512(ERESTARTSYS) tuple=NULL queuepct=0 queuelen=0 queuemax=511 
close fd=9 
close res=0 
munmap addr=7FF8AC18A000 length=299008 
munmap res=0 vm_size=239864 vm_rss=12536 vm_swap=0 
munmap addr=7FF89DA00000 length=2097152 
munmap res=0 vm_size=237816 vm_rss=10488 vm_swap=0 
munmap addr=7FF8AC1F8000 length=323584 
munmap res=0 vm_size=237500 vm_rss=10484 vm_swap=0 
munmap addr=7FF8AC1E2000 length=8192 
munmap res=0 vm_size=237492 vm_rss=10480 vm_swap=0 
munmap addr=7FF8AC1DC000 length=8192 
munmap res=0 vm_size=237484 vm_rss=10476 vm_swap=0 
munmap addr=7FF8AC1E0000 length=8192 
munmap res=0 vm_size=237476 vm_rss=10472 vm_swap=0 
munmap addr=7FF8AC1DE000 length=8192 
munmap res=0 vm_size=237468 vm_rss=10468 vm_swap=0 
close fd=5(<p>pipe:[1918019]) 
close res=0 
close fd=4(<p>pipe:[1918019]) 
close res=0 
futex addr=7FF8A5F758EC op=129(FUTEX_PRIVATE_FLAG|FUTEX_WAKE) val=2147483647 
futex res=0 
munmap addr=7FF894E5F000 length=134217728 
munmap addr=7FF89D788000 length=2584984 
munmap res=0 vm_size=240156 vm_rss=12604 vm_swap=0 
exit_group 
munmap addr=7FF8AC18A000 length=299008 
munmap res=0 vm_size=239864 vm_rss=12636 vm_swap=0 
munmap addr=7FF89DA00000 length=2097152 
munmap res=0 vm_size=237816 vm_rss=10588 vm_swap=0 
munmap addr=7FF8AC1F8000 length=323584 
munmap res=0 vm_size=237500 vm_rss=10584 vm_swap=0 
munmap addr=7FF8AC1E2000 length=8192 
munmap res=0 vm_size=237492 vm_rss=10580 vm_swap=0 
munmap addr=7FF8AC1DC000 length=8192 
munmap res=0 vm_size=237484 vm_rss=10576 vm_swap=0 
munmap addr=7FF8AC1E0000 length=8192 
munmap res=0 vm_size=237476 vm_rss=10572 vm_swap=0 
munmap addr=7FF8AC1DE000 length=8192 
munmap res=0 vm_size=237468 vm_rss=10568 vm_swap=0 
close fd=5(<p>pipe:[1918019]) 
close res=0 
close fd=4(<p>pipe:[1918019]) 
close res=0 
futex addr=7FF8A5F758EC op=129(FUTEX_PRIVATE_FLAG|FUTEX_WAKE) val=2147483647 
futex res=0 
exit_group 
munmap addr=7FF89D788000 length=2584984 
munmap res=0 vm_size=240384 vm_rss=13212 vm_swap=0 
munmap addr=7FF8AC18A000 length=299008 
munmap res=0 vm_size=240092 vm_rss=13088 vm_swap=0 
munmap res=0 vm_size=252712 vm_rss=13988 vm_swap=0 
close fd=8(<f>/tmp/.ZendSem.3Sz6FU (deleted)) 
close res=0 
munmap addr=7FF89DA00000 length=2097152 
munmap res=0 vm_size=238044 vm_rss=11040 vm_swap=0 
munmap addr=7FF8AC1F8000 length=323584 
munmap res=0 vm_size=237728 vm_rss=11036 vm_swap=0 
munmap addr=7FF8AC1E2000 length=8192 
munmap res=0 vm_size=237720 vm_rss=11032 vm_swap=0 
munmap addr=7FF8AC1DC000 length=8192 
munmap res=0 vm_size=237712 vm_rss=11028 vm_swap=0 
munmap addr=7FF8AC1E0000 length=8192 
munmap res=0 vm_size=237704 vm_rss=11024 vm_swap=0 
munmap addr=7FF8AC1DE000 length=8192 
munmap res=0 vm_size=237696 vm_rss=11020 vm_swap=0 
munmap addr=7FF8AC181000 length=8192 
munmap res=0 vm_size=237688 vm_rss=11016 vm_swap=0 
munmap addr=7FF8AC1D8000 length=8192 
munmap addr=7FF89CE5F000 length=2243784 
munmap res=0 vm_size=237680 vm_rss=11008 vm_swap=0 
munmap addr=7FF8AC185000 length=8192 
munmap res=0 vm_size=250520 vm_rss=13924 vm_swap=0 
munmap res=0 vm_size=237672 vm_rss=11000 vm_swap=0 
munmap addr=7FF8AC1DA000 length=8192 
munmap res=0 vm_size=237664 vm_rss=10992 vm_swap=0 
munmap addr=7FF8AC188000 length=8192 
munmap res=0 vm_size=237656 vm_rss=10984 vm_swap=0 
munmap addr=7FF8AC183000 length=8192 
munmap res=0 vm_size=237648 vm_rss=10976 vm_swap=0 
munmap addr=7FF8AC1D4000 length=8192 
munmap res=0 vm_size=237640 vm_rss=10968 vm_swap=0 
munmap addr=7FF8AC1D6000 length=8192 
munmap res=0 vm_size=237632 vm_rss=10960 vm_swap=0 
munmap addr=7FF8AC17F000 length=8192 
munmap res=0 vm_size=237624 vm_rss=10956 vm_swap=0 
close fd=5(<p>pipe:[1918019]) 
close res=0 
close fd=4(<p>pipe:[1918019]) 
close res=0 
munmap addr=7FF89D521000 length=2517856 
munmap res=0 vm_size=248060 vm_rss=13944 vm_swap=0 
munmap addr=7FF89D2EE000 length=2301968 
munmap res=0 vm_size=245808 vm_rss=13916 vm_swap=0 
munmap addr=7FF89D083000 length=2531352 
munmap res=0 vm_size=243332 vm_rss=13888 vm_swap=0 
futex addr=7FF8A5F758EC op=129(FUTEX_PRIVATE_FLAG|FUTEX_WAKE) val=2147483647 
futex res=0 
munmap addr=7FF8AC17A000 length=65536 
munmap res=0 vm_size=243268 vm_rss=14724 vm_swap=0 
brk addr=559C7B129000 
brk res=559C7B129000 vm_size=242900 vm_rss=14480 vm_swap=0 
exit_group 
munmap addr=7FF89D788000 length=2584984 
munmap res=0 vm_size=240372 vm_rss=14040 vm_swap=0 
munmap addr=7FF8AC18A000 length=299008 
munmap res=0 vm_size=239864 vm_rss=12480 vm_swap=0 
munmap addr=7FF89DA00000 length=2097152 
munmap addr=7FF8AC18A000 length=299008 
munmap res=0 vm_size=240080 vm_rss=13852 vm_swap=0 
munmap res=0 vm_size=237816 vm_rss=10432 vm_swap=0 
munmap addr=7FF8AC1F8000 length=323584 
munmap addr=7FF89DA00000 length=2097152 
munmap res=0 vm_size=237500 vm_rss=10428 vm_swap=0 
munmap addr=7FF8AC1E2000 length=8192 
munmap res=0 vm_size=237492 vm_rss=10424 vm_swap=0 
munmap addr=7FF8AC1DC000 length=8192 
munmap res=0 vm_size=237484 vm_rss=10420 vm_swap=0 
munmap addr=7FF8AC1E0000 length=8192 
munmap res=0 vm_size=237476 vm_rss=10416 vm_swap=0 
munmap addr=7FF8AC1DE000 length=8192 
munmap res=0 vm_size=237468 vm_rss=10412 vm_swap=0 
close fd=5(<p>pipe:[1918019]) 
close res=0 
close fd=4(<p>pipe:[1918019]) 
close res=0 
munmap res=0 vm_size=238032 vm_rss=11804 vm_swap=0 
munmap addr=7FF8AC1F8000 length=323584 
munmap res=0 vm_size=237716 vm_rss=11800 vm_swap=0 
munmap addr=7FF8AC1E2000 length=8192 
munmap res=0 vm_size=237708 vm_rss=11796 vm_swap=0 
munmap addr=7FF8AC1DC000 length=8192 
munmap res=0 vm_size=237700 vm_rss=11792 vm_swap=0 
munmap addr=7FF8AC1E0000 length=8192 
munmap res=0 vm_size=237692 vm_rss=11788 vm_swap=0 
munmap addr=7FF8AC1DE000 length=8192 
munmap res=0 vm_size=237684 vm_rss=11784 vm_swap=0 
munmap addr=7FF8AC172000 length=8192 
munmap res=0 vm_size=237676 vm_rss=11780 vm_swap=0 
munmap addr=7FF8AC1DA000 length=8192 
munmap res=0 vm_size=237668 vm_rss=11772 vm_swap=0 
munmap addr=7FF8AC1D4000 length=8192 
munmap res=0 vm_size=237660 vm_rss=11764 vm_swap=0 
munmap addr=7FF8AC178000 length=8192 
munmap res=0 vm_size=237652 vm_rss=11760 vm_swap=0 
munmap addr=7FF8AC1D6000 length=8192 
munmap res=0 vm_size=237644 vm_rss=11752 vm_swap=0 
munmap addr=7FF8AC174000 length=8192 
munmap res=0 vm_size=237636 vm_rss=11748 vm_swap=0 
munmap addr=7FF8AC176000 length=8192 
munmap res=0 vm_size=237628 vm_rss=11740 vm_swap=0 
munmap addr=7FF8AC1D8000 length=8192 
munmap res=0 vm_size=237620 vm_rss=11736 vm_swap=0 
close fd=5(<p>pipe:[1918019]) 
close res=0 
close fd=4(<p>pipe:[1918019]) 
close res=0 
futex addr=7FF8A5F758EC op=129(FUTEX_PRIVATE_FLAG|FUTEX_WAKE) val=2147483647 
futex res=0 
futex addr=7FF8A5F758EC op=129(FUTEX_PRIVATE_FLAG|FUTEX_WAKE) val=2147483647 
futex res=0 
exit_group 
exit_group 
