clone res=0 exe=apache2 args=-DFOREGROUND. tid=1019975(apache2) pid=1019839(apache2) ptid=1019479(apache2) cwd= fdlimit=1048576 pgft_maj=0 pgft_min=0 vm_size=408900 vm_rss=56424 vm_swap=0 comm=apache2 cgroups=cpuset=/system.slice/docker-4d81cb26c66231747b04db742cd4f8fff01cc68354eaa9325... flags=578861571(CLONE_FILES|CLONE_FS|CLONE_PARENT_SETTID|CLONE_SIGHAND|CLONE_SYSVSEM|CLONE_THREAD|CLONE_VM|CLONE_CHILD_CLEARTID|CLONE_SETTLS) uid=33 gid=33 vtid=74 vpid=68 
set_robust_list 
set_robust_list 
getpid 
getpid 
mmap addr=0 length=134217728 prot=0(PROT_NONE) flags=74(MAP_PRIVATE|MAP_ANONYMOUS|MAP_NORESERVE) fd=-1(EPERM) offset=0 
mmap res=7F20FD7FF000 vm_size=539972 vm_rss=56424 vm_swap=0 
munmap addr=7F20FD7FF000 length=41947136 
munmap res=0 vm_size=499008 vm_rss=56424 vm_swap=0 
munmap addr=7F2104000000 length=25161728 
munmap res=0 vm_size=474436 vm_rss=56424 vm_swap=0 
mprotect 
mprotect 
open 
open fd=13(<f>/etc/resolv.conf) name=/etc/resolv.conf flags=4097(O_RDONLY|O_CLOEXEC) mode=0 dev=34 
fstat fd=13(<f>/etc/resolv.conf) 
fstat res=0 
read fd=13(<f>/etc/resolv.conf) size=1024 
read res=53 data=nameserver 127.0.0.11.options edns0 trust-ad ndots:0. 
read fd=13(<f>/etc/resolv.conf) size=1024 
read res=0 data= 
close fd=13(<f>/etc/resolv.conf) 
close res=0 
uname 
uname 
open 
open fd=13(<f>/etc/hosts) name=/etc/hosts flags=4097(O_RDONLY|O_CLOEXEC) mode=0 dev=34 
fstat fd=13(<f>/etc/hosts) 
fstat res=0 
read fd=13(<f>/etc/hosts) size=512 
read res=174 data=127.0.0.1.localhost.::1.localhost ip6-localhost ip6-loopback.fe00::0.ip6-localne 
read fd=13(<f>/etc/hosts) size=512 
read res=0 data= 
close fd=13(<f>/etc/hosts) 
close res=0 
open 
open fd=13(<f>/etc/gai.conf) name=/etc/gai.conf flags=4097(O_RDONLY|O_CLOEXEC) mode=0 dev=62 
fstat fd=13(<f>/etc/gai.conf) 
fstat res=0 
fstat fd=13(<f>/etc/gai.conf) 
fstat res=0 
read fd=13(<f>/etc/gai.conf) size=3072 
read res=2584 data=# Configuration for getaddrinfo(3)..#.# So far only configuration for the destin 
read fd=13(<f>/etc/gai.conf) size=3072 
read res=0 data= 
close fd=13(<f>/etc/gai.conf) 
close res=0 
futex addr=7F211DBCCEE4 op=129(FUTEX_PRIVATE_FLAG|FUTEX_WAKE) val=2147483647 
futex res=0 
socket domain=16(AF_ROUTE) type=3 proto=0 
socket fd=13(<n>) 
bind fd=13(<n>) 
bind res=0 addr=NULL 
getsockname 
getsockname 
sendto fd=13(<n>) size=20 tuple=NULL 
sendto res=20 data=.........a.d........ 
recvmsg fd=13(<n>) 
recvmsg res=164 size=164 data=L........a.dD...............................lo......................g.C.g.C.X... tuple=NULL 
recvmsg fd=13(<n>) 
recvmsg res=20 size=20 data=.........a.dD....... tuple=NULL 
close fd=13(<n>) 
close res=0 
socket domain=2(AF_INET) type=2 proto=0 
socket fd=13(<4>) 
connect fd=13(<4>) 
connect res=0 tuple=127.0.0.1:41456->127.0.0.1:9000 
getsockname 
getsockname 
close fd=13(<4u>127.0.0.1:41456->127.0.0.1:9000) 
close res=0 
socket domain=10(AF_INET6) type=2 proto=0 
socket fd=13(<6>) 
connect fd=13(<6>) 
connect res=-99(EADDRNOTAVAIL) tuple=:::37466->::1:9000 
close fd=13(<6>) 
close res=0 
madvise 
madvise 
exit 
clone res=0 exe=apache2 args=-DFOREGROUND. tid=1019981(apache2) pid=1019981(apache2) ptid=1019479(apache2) cwd= fdlimit=1048576 pgft_maj=0 pgft_min=1 vm_size=383104 vm_rss=7640 vm_swap=0 comm=apache2 cgroups=cpuset=/system.slice/docker-4d81cb26c66231747b04db742cd4f8fff01cc68354eaa9325... flags=562036736(CLONE_CHILD_CLEARTID|CLONE_CHILD_SETTID) uid=0 gid=0 vtid=75 vpid=75 
set_robust_list 
set_robust_list 
rt_sigaction 
rt_sigaction 
rt_sigaction 
rt_sigaction 
rt_sigaction 
rt_sigaction 
getpid 
getpid 
getpid 
getpid 
mmap addr=0 length=8192 prot=3(PROT_READ|PROT_WRITE) flags=10(MAP_PRIVATE|MAP_ANONYMOUS) fd=-1(EPERM) offset=0 
mmap res=7F211E5B0000 vm_size=383112 vm_rss=7640 vm_swap=0 
mmap addr=0 length=8192 prot=3(PROT_READ|PROT_WRITE) flags=10(MAP_PRIVATE|MAP_ANONYMOUS) fd=-1(EPERM) offset=0 
mmap res=7F211E5AE000 vm_size=383120 vm_rss=7640 vm_swap=0 
geteuid 
geteuid euid=0(root) 
setgid gid=33(www-data) 
setgid res=0 
open 
open fd=9(<f>/proc/sys/kernel/ngroups_max) name=/proc/sys/kernel/ngroups_max flags=1(O_RDONLY) mode=0 dev=64 
read fd=9(<f>/proc/sys/kernel/ngroups_max) size=31 
read res=6 data=65536. 
close fd=9(<f>/proc/sys/kernel/ngroups_max) 
close res=0 
open 
open fd=9(<f>/etc/group) name=/etc/group flags=4097(O_RDONLY|O_CLOEXEC) mode=0 dev=62 
lseek fd=9(<f>/etc/group) offset=0 whence=1(SEEK_CUR) 
lseek res=0 
fstat fd=9(<f>/etc/group) 
fstat res=0 
mmap addr=0 length=446 prot=1(PROT_READ) flags=1(MAP_SHARED) fd=9(<f>/etc/group) offset=0 
mmap res=7F211E5AD000 vm_size=383124 vm_rss=7640 vm_swap=0 
lseek fd=9(<f>/etc/group) offset=446 whence=0(SEEK_SET) 
lseek res=446 
fstat fd=9(<f>/etc/group) 
fstat res=0 
munmap addr=7F211E5AD000 length=446 
munmap res=0 vm_size=383120 vm_rss=9052 vm_swap=0 
close fd=9(<f>/etc/group) 
close res=0 
setgroups 
setgroups 
geteuid 
geteuid euid=0(root) 
setuid uid=33(www-data) 
setuid res=0 
getpid 
getpid 
rt_sigaction 
rt_sigaction 
rt_sigaction 
rt_sigaction 
rt_sigaction 
rt_sigaction 
rt_sigaction 
rt_sigaction 
rt_sigaction 
rt_sigaction 
rt_sigaction 
rt_sigaction 
rt_sigaction 
rt_sigaction 
rt_sigaction 
rt_sigaction 
rt_sigaction 
rt_sigaction 
rt_sigaction 
rt_sigaction 
rt_sigaction 
rt_sigaction 
rt_sigaction 
rt_sigaction 
rt_sigaction 
rt_sigaction 
rt_sigaction 
rt_sigaction 
rt_sigaction 
rt_sigaction 
rt_sigaction 
rt_sigaction 
rt_sigaction 
rt_sigaction 
rt_sigaction 
rt_sigaction 
rt_sigaction 
rt_sigaction 
rt_sigaction 
rt_sigaction 
rt_sigaction 
rt_sigaction 
rt_sigaction 
rt_sigaction 
rt_sigaction 
rt_sigaction 
rt_sigaction 
rt_sigaction 
rt_sigaction 
rt_sigaction 
rt_sigaction 
rt_sigaction 
rt_sigaction 
rt_sigaction 
rt_sigaction 
rt_sigaction 
rt_sigaction 
rt_sigaction 
rt_sigaction 
rt_sigaction 
rt_sigaction 
rt_sigaction 
rt_sigaction 
rt_sigaction 
rt_sigaction 
rt_sigaction 
rt_sigaction 
rt_sigaction 
rt_sigaction 
rt_sigaction 
rt_sigaction 
rt_sigaction 
rt_sigaction 
rt_sigaction 
rt_sigaction 
rt_sigaction 
rt_sigaction 
rt_sigaction 
rt_sigaction 
rt_sigaction 
rt_sigaction 
rt_sigaction 
rt_sigaction 
rt_sigaction 
rt_sigaction 
rt_sigaction 
rt_sigaction 
rt_sigaction 
rt_sigaction 
rt_sigaction 
rt_sigaction 
rt_sigaction 
rt_sigaction 
rt_sigaction 
rt_sigaction 
rt_sigaction 
rt_sigaction 
rt_sigaction 
rt_sigaction 
rt_sigaction 
rt_sigaction 
rt_sigaction 
rt_sigaction 
rt_sigaction 
rt_sigaction 
rt_sigaction 
rt_sigaction 
rt_sigaction 
rt_sigaction 
rt_sigaction 
rt_sigaction 
rt_sigaction 
rt_sigaction 
rt_sigaction 
rt_sigaction 
rt_sigaction 
rt_sigaction 
rt_sigaction 
rt_sigaction 
rt_sigaction 
rt_sigaction 
rt_sigaction 
rt_sigaction 
rt_sigaction 
mmap addr=0 length=8192 prot=3(PROT_READ|PROT_WRITE) flags=10(MAP_PRIVATE|MAP_ANONYMOUS) fd=-1(EPERM) offset=0 
mmap res=7F211E5AC000 vm_size=383128 vm_rss=9052 vm_swap=0 
getpid 
getpid 
epoll_create1 
epoll_create1 
epoll_ctl 
epoll_ctl 
mmap addr=0 length=8192 prot=3(PROT_READ|PROT_WRITE) flags=10(MAP_PRIVATE|MAP_ANONYMOUS) fd=-1(EPERM) offset=0 
mmap res=7F211E5AA000 vm_size=383136 vm_rss=9052 vm_swap=0 
accept flags=0 
clone res=0 exe=apache2 args=-DFOREGROUND. tid=1019987(apache2) pid=1019987(apache2) ptid=1019479(apache2) cwd= fdlimit=1048576 pgft_maj=0 pgft_min=1 vm_size=383104 vm_rss=7640 vm_swap=0 comm=apache2 cgroups=cpuset=/system.slice/docker-4d81cb26c66231747b04db742cd4f8fff01cc68354eaa9325... flags=562036736(CLONE_CHILD_CLEARTID|CLONE_CHILD_SETTID) uid=0 gid=0 vtid=76 vpid=76 
set_robust_list 
set_robust_list 
rt_sigaction 
rt_sigaction 
rt_sigaction 
rt_sigaction 
rt_sigaction 
rt_sigaction 
getpid 
getpid 
getpid 
getpid 
mmap addr=0 length=8192 prot=3(PROT_READ|PROT_WRITE) flags=10(MAP_PRIVATE|MAP_ANONYMOUS) fd=-1(EPERM) offset=0 
mmap res=7F211E5B0000 vm_size=383112 vm_rss=7640 vm_swap=0 
mmap addr=0 length=8192 prot=3(PROT_READ|PROT_WRITE) flags=10(MAP_PRIVATE|MAP_ANONYMOUS) fd=-1(EPERM) offset=0 
mmap res=7F211E5AE000 vm_size=383120 vm_rss=7640 vm_swap=0 
geteuid 
geteuid euid=0(root) 
setgid gid=33(www-data) 
setgid res=0 
open 
open fd=9(<f>/proc/sys/kernel/ngroups_max) name=/proc/sys/kernel/ngroups_max flags=1(O_RDONLY) mode=0 dev=64 
read fd=9(<f>/proc/sys/kernel/ngroups_max) size=31 
read res=6 data=65536. 
close fd=9(<f>/proc/sys/kernel/ngroups_max) 
close res=0 
open 
open fd=9(<f>/etc/group) name=/etc/group flags=4097(O_RDONLY|O_CLOEXEC) mode=0 dev=62 
lseek fd=9(<f>/etc/group) offset=0 whence=1(SEEK_CUR) 
lseek res=0 
fstat fd=9(<f>/etc/group) 
fstat res=0 
mmap addr=0 length=446 prot=1(PROT_READ) flags=1(MAP_SHARED) fd=9(<f>/etc/group) offset=0 
mmap res=7F211E5AD000 vm_size=383124 vm_rss=7640 vm_swap=0 
lseek fd=9(<f>/etc/group) offset=446 whence=0(SEEK_SET) 
lseek res=446 
fstat fd=9(<f>/etc/group) 
fstat res=0 
munmap addr=7F211E5AD000 length=446 
munmap res=0 vm_size=383120 vm_rss=9052 vm_swap=0 
close fd=9(<f>/etc/group) 
close res=0 
setgroups 
setgroups 
geteuid 
geteuid euid=0(root) 
setuid uid=33(www-data) 
setuid res=0 
getpid 
getpid 
rt_sigaction 
rt_sigaction 
rt_sigaction 
rt_sigaction 
rt_sigaction 
rt_sigaction 
rt_sigaction 
rt_sigaction 
rt_sigaction 
rt_sigaction 
rt_sigaction 
rt_sigaction 
rt_sigaction 
rt_sigaction 
rt_sigaction 
rt_sigaction 
rt_sigaction 
rt_sigaction 
rt_sigaction 
rt_sigaction 
rt_sigaction 
rt_sigaction 
rt_sigaction 
rt_sigaction 
rt_sigaction 
rt_sigaction 
rt_sigaction 
rt_sigaction 
rt_sigaction 
rt_sigaction 
rt_sigaction 
rt_sigaction 
rt_sigaction 
rt_sigaction 
rt_sigaction 
rt_sigaction 
rt_sigaction 
rt_sigaction 
rt_sigaction 
rt_sigaction 
rt_sigaction 
rt_sigaction 
rt_sigaction 
rt_sigaction 
rt_sigaction 
rt_sigaction 
rt_sigaction 
rt_sigaction 
rt_sigaction 
rt_sigaction 
rt_sigaction 
rt_sigaction 
rt_sigaction 
rt_sigaction 
rt_sigaction 
rt_sigaction 
rt_sigaction 
rt_sigaction 
rt_sigaction 
rt_sigaction 
rt_sigaction 
rt_sigaction 
rt_sigaction 
rt_sigaction 
rt_sigaction 
rt_sigaction 
rt_sigaction 
rt_sigaction 
rt_sigaction 
rt_sigaction 
rt_sigaction 
rt_sigaction 
rt_sigaction 
rt_sigaction 
rt_sigaction 
rt_sigaction 
rt_sigaction 
rt_sigaction 
rt_sigaction 
rt_sigaction 
rt_sigaction 
rt_sigaction 
rt_sigaction 
rt_sigaction 
rt_sigaction 
rt_sigaction 
rt_sigaction 
rt_sigaction 
rt_sigaction 
rt_sigaction 
rt_sigaction 
rt_sigaction 
rt_sigaction 
rt_sigaction 
rt_sigaction 
rt_sigaction 
rt_sigaction 
rt_sigaction 
rt_sigaction 
rt_sigaction 
rt_sigaction 
rt_sigaction 
rt_sigaction 
rt_sigaction 
rt_sigaction 
rt_sigaction 
rt_sigaction 
rt_sigaction 
rt_sigaction 
rt_sigaction 
rt_sigaction 
rt_sigaction 
rt_sigaction 
rt_sigaction 
rt_sigaction 
rt_sigaction 
rt_sigaction 
rt_sigaction 
rt_sigaction 
rt_sigaction 
rt_sigaction 
rt_sigaction 
rt_sigaction 
rt_sigaction 
mmap addr=0 length=8192 prot=3(PROT_READ|PROT_WRITE) flags=10(MAP_PRIVATE|MAP_ANONYMOUS) fd=-1(EPERM) offset=0 
mmap res=7F211E5AC000 vm_size=383128 vm_rss=9052 vm_swap=0 
getpid 
getpid 
epoll_create1 
epoll_create1 
epoll_ctl 
epoll_ctl 
mmap addr=0 length=8192 prot=3(PROT_READ|PROT_WRITE) flags=10(MAP_PRIVATE|MAP_ANONYMOUS) fd=-1(EPERM) offset=0 
mmap res=7F211E5AA000 vm_size=383136 vm_rss=9052 vm_swap=0 
accept flags=0 
clone res=0 exe=apache2 args=-DFOREGROUND. tid=1019988(apache2) pid=1019988(apache2) ptid=1019479(apache2) cwd= fdlimit=1048576 pgft_maj=0 pgft_min=1 vm_size=383104 vm_rss=7640 vm_swap=0 comm=apache2 cgroups=cpuset=/system.slice/docker-4d81cb26c66231747b04db742cd4f8fff01cc68354eaa9325... flags=562036736(CLONE_CHILD_CLEARTID|CLONE_CHILD_SETTID) uid=0 gid=0 vtid=77 vpid=77 
set_robust_list 
set_robust_list 
rt_sigaction 
rt_sigaction 
rt_sigaction 
rt_sigaction 
rt_sigaction 
rt_sigaction 
getpid 
getpid 
getpid 
getpid 
mmap addr=0 length=8192 prot=3(PROT_READ|PROT_WRITE) flags=10(MAP_PRIVATE|MAP_ANONYMOUS) fd=-1(EPERM) offset=0 
mmap res=7F211E5B0000 vm_size=383112 vm_rss=7640 vm_swap=0 
mmap addr=0 length=8192 prot=3(PROT_READ|PROT_WRITE) flags=10(MAP_PRIVATE|MAP_ANONYMOUS) fd=-1(EPERM) offset=0 
mmap res=7F211E5AE000 vm_size=383120 vm_rss=7640 vm_swap=0 
geteuid 
geteuid euid=0(root) 
setgid gid=33(www-data) 
setgid res=0 
open 
open fd=9(<f>/proc/sys/kernel/ngroups_max) name=/proc/sys/kernel/ngroups_max flags=1(O_RDONLY) mode=0 dev=64 
read fd=9(<f>/proc/sys/kernel/ngroups_max) size=31 
read res=6 data=65536. 
close fd=9(<f>/proc/sys/kernel/ngroups_max) 
close res=0 
open 
open fd=9(<f>/etc/group) name=/etc/group flags=4097(O_RDONLY|O_CLOEXEC) mode=0 dev=62 
lseek fd=9(<f>/etc/group) offset=0 whence=1(SEEK_CUR) 
lseek res=0 
fstat fd=9(<f>/etc/group) 
fstat res=0 
mmap addr=0 length=446 prot=1(PROT_READ) flags=1(MAP_SHARED) fd=9(<f>/etc/group) offset=0 
mmap res=7F211E5AD000 vm_size=383124 vm_rss=7640 vm_swap=0 
lseek fd=9(<f>/etc/group) offset=446 whence=0(SEEK_SET) 
lseek res=446 
fstat fd=9(<f>/etc/group) 
fstat res=0 
munmap addr=7F211E5AD000 length=446 
munmap res=0 vm_size=383120 vm_rss=9052 vm_swap=0 
close fd=9(<f>/etc/group) 
close res=0 
setgroups 
setgroups 
geteuid 
geteuid euid=0(root) 
setuid uid=33(www-data) 
setuid res=0 
getpid 
getpid 
rt_sigaction 
rt_sigaction 
rt_sigaction 
rt_sigaction 
rt_sigaction 
rt_sigaction 
rt_sigaction 
rt_sigaction 
rt_sigaction 
rt_sigaction 
rt_sigaction 
rt_sigaction 
rt_sigaction 
rt_sigaction 
rt_sigaction 
rt_sigaction 
rt_sigaction 
rt_sigaction 
rt_sigaction 
rt_sigaction 
rt_sigaction 
rt_sigaction 
rt_sigaction 
rt_sigaction 
rt_sigaction 
rt_sigaction 
rt_sigaction 
rt_sigaction 
rt_sigaction 
rt_sigaction 
rt_sigaction 
rt_sigaction 
rt_sigaction 
rt_sigaction 
rt_sigaction 
rt_sigaction 
rt_sigaction 
rt_sigaction 
rt_sigaction 
rt_sigaction 
rt_sigaction 
rt_sigaction 
rt_sigaction 
rt_sigaction 
rt_sigaction 
rt_sigaction 
rt_sigaction 
rt_sigaction 
rt_sigaction 
rt_sigaction 
rt_sigaction 
rt_sigaction 
rt_sigaction 
rt_sigaction 
rt_sigaction 
rt_sigaction 
rt_sigaction 
rt_sigaction 
rt_sigaction 
rt_sigaction 
rt_sigaction 
rt_sigaction 
rt_sigaction 
rt_sigaction 
rt_sigaction 
rt_sigaction 
rt_sigaction 
rt_sigaction 
rt_sigaction 
rt_sigaction 
rt_sigaction 
rt_sigaction 
rt_sigaction 
rt_sigaction 
rt_sigaction 
rt_sigaction 
rt_sigaction 
rt_sigaction 
rt_sigaction 
rt_sigaction 
rt_sigaction 
rt_sigaction 
rt_sigaction 
rt_sigaction 
rt_sigaction 
rt_sigaction 
rt_sigaction 
rt_sigaction 
rt_sigaction 
rt_sigaction 
rt_sigaction 
rt_sigaction 
rt_sigaction 
rt_sigaction 
rt_sigaction 
rt_sigaction 
rt_sigaction 
rt_sigaction 
rt_sigaction 
rt_sigaction 
rt_sigaction 
rt_sigaction 
rt_sigaction 
rt_sigaction 
rt_sigaction 
rt_sigaction 
rt_sigaction 
rt_sigaction 
rt_sigaction 
rt_sigaction 
rt_sigaction 
rt_sigaction 
rt_sigaction 
rt_sigaction 
rt_sigaction 
rt_sigaction 
rt_sigaction 
rt_sigaction 
rt_sigaction 
rt_sigaction 
rt_sigaction 
rt_sigaction 
rt_sigaction 
rt_sigaction 
mmap addr=0 length=8192 prot=3(PROT_READ|PROT_WRITE) flags=10(MAP_PRIVATE|MAP_ANONYMOUS) fd=-1(EPERM) offset=0 
mmap res=7F211E5AC000 vm_size=383128 vm_rss=9052 vm_swap=0 
getpid 
getpid 
epoll_create1 
epoll_create1 
epoll_ctl 
epoll_ctl 
mmap addr=0 length=8192 prot=3(PROT_READ|PROT_WRITE) flags=10(MAP_PRIVATE|MAP_ANONYMOUS) fd=-1(EPERM) offset=0 
mmap res=7F211E5AA000 vm_size=383136 vm_rss=9052 vm_swap=0 
accept flags=0 
clone res=0 exe=apache2 args=-DFOREGROUND. tid=1019994(apache2) pid=1019994(apache2) ptid=1019479(apache2) cwd= fdlimit=1048576 pgft_maj=0 pgft_min=1 vm_size=383104 vm_rss=7640 vm_swap=0 comm=apache2 cgroups=cpuset=/system.slice/docker-4d81cb26c66231747b04db742cd4f8fff01cc68354eaa9325... flags=562036736(CLONE_CHILD_CLEARTID|CLONE_CHILD_SETTID) uid=0 gid=0 vtid=78 vpid=78 
set_robust_list 
set_robust_list 
rt_sigaction 
rt_sigaction 
rt_sigaction 
rt_sigaction 
rt_sigaction 
rt_sigaction 
getpid 
getpid 
getpid 
getpid 
mmap addr=0 length=8192 prot=3(PROT_READ|PROT_WRITE) flags=10(MAP_PRIVATE|MAP_ANONYMOUS) fd=-1(EPERM) offset=0 
mmap res=7F211E5B0000 vm_size=383112 vm_rss=7640 vm_swap=0 
mmap addr=0 length=8192 prot=3(PROT_READ|PROT_WRITE) flags=10(MAP_PRIVATE|MAP_ANONYMOUS) fd=-1(EPERM) offset=0 
mmap res=7F211E5AE000 vm_size=383120 vm_rss=7640 vm_swap=0 
geteuid 
geteuid euid=0(root) 
setgid gid=33(www-data) 
setgid res=0 
open 
open fd=9(<f>/proc/sys/kernel/ngroups_max) name=/proc/sys/kernel/ngroups_max flags=1(O_RDONLY) mode=0 dev=64 
read fd=9(<f>/proc/sys/kernel/ngroups_max) size=31 
read res=6 data=65536. 
close fd=9(<f>/proc/sys/kernel/ngroups_max) 
close res=0 
open 
open fd=9(<f>/etc/group) name=/etc/group flags=4097(O_RDONLY|O_CLOEXEC) mode=0 dev=62 
lseek fd=9(<f>/etc/group) offset=0 whence=1(SEEK_CUR) 
lseek res=0 
fstat fd=9(<f>/etc/group) 
fstat res=0 
mmap addr=0 length=446 prot=1(PROT_READ) flags=1(MAP_SHARED) fd=9(<f>/etc/group) offset=0 
mmap res=7F211E5AD000 vm_size=383124 vm_rss=7640 vm_swap=0 
lseek fd=9(<f>/etc/group) offset=446 whence=0(SEEK_SET) 
lseek res=446 
fstat fd=9(<f>/etc/group) 
fstat res=0 
munmap addr=7F211E5AD000 length=446 
munmap res=0 vm_size=383120 vm_rss=9052 vm_swap=0 
close fd=9(<f>/etc/group) 
close res=0 
setgroups 
setgroups 
geteuid 
geteuid euid=0(root) 
setuid uid=33(www-data) 
setuid res=0 
getpid 
getpid 
rt_sigaction 
rt_sigaction 
rt_sigaction 
rt_sigaction 
rt_sigaction 
rt_sigaction 
rt_sigaction 
rt_sigaction 
rt_sigaction 
rt_sigaction 
rt_sigaction 
rt_sigaction 
rt_sigaction 
rt_sigaction 
rt_sigaction 
rt_sigaction 
rt_sigaction 
rt_sigaction 
rt_sigaction 
rt_sigaction 
rt_sigaction 
rt_sigaction 
rt_sigaction 
rt_sigaction 
rt_sigaction 
rt_sigaction 
rt_sigaction 
rt_sigaction 
rt_sigaction 
rt_sigaction 
rt_sigaction 
rt_sigaction 
rt_sigaction 
rt_sigaction 
rt_sigaction 
rt_sigaction 
rt_sigaction 
rt_sigaction 
rt_sigaction 
rt_sigaction 
rt_sigaction 
rt_sigaction 
rt_sigaction 
rt_sigaction 
rt_sigaction 
rt_sigaction 
rt_sigaction 
rt_sigaction 
rt_sigaction 
rt_sigaction 
rt_sigaction 
rt_sigaction 
rt_sigaction 
rt_sigaction 
rt_sigaction 
rt_sigaction 
rt_sigaction 
rt_sigaction 
rt_sigaction 
rt_sigaction 
rt_sigaction 
rt_sigaction 
rt_sigaction 
rt_sigaction 
rt_sigaction 
rt_sigaction 
rt_sigaction 
rt_sigaction 
rt_sigaction 
rt_sigaction 
rt_sigaction 
rt_sigaction 
rt_sigaction 
rt_sigaction 
rt_sigaction 
rt_sigaction 
rt_sigaction 
rt_sigaction 
rt_sigaction 
rt_sigaction 
rt_sigaction 
rt_sigaction 
rt_sigaction 
rt_sigaction 
rt_sigaction 
rt_sigaction 
rt_sigaction 
rt_sigaction 
rt_sigaction 
rt_sigaction 
rt_sigaction 
rt_sigaction 
rt_sigaction 
rt_sigaction 
rt_sigaction 
rt_sigaction 
rt_sigaction 
rt_sigaction 
rt_sigaction 
rt_sigaction 
rt_sigaction 
rt_sigaction 
rt_sigaction 
rt_sigaction 
rt_sigaction 
rt_sigaction 
rt_sigaction 
rt_sigaction 
rt_sigaction 
rt_sigaction 
rt_sigaction 
rt_sigaction 
rt_sigaction 
rt_sigaction 
rt_sigaction 
rt_sigaction 
rt_sigaction 
rt_sigaction 
rt_sigaction 
rt_sigaction 
rt_sigaction 
rt_sigaction 
rt_sigaction 
rt_sigaction 
mmap addr=0 length=8192 prot=3(PROT_READ|PROT_WRITE) flags=10(MAP_PRIVATE|MAP_ANONYMOUS) fd=-1(EPERM) offset=0 
mmap res=7F211E5AC000 vm_size=383128 vm_rss=9052 vm_swap=0 
getpid 
getpid 
epoll_create1 
epoll_create1 
epoll_ctl 
epoll_ctl 
mmap addr=0 length=8192 prot=3(PROT_READ|PROT_WRITE) flags=10(MAP_PRIVATE|MAP_ANONYMOUS) fd=-1(EPERM) offset=0 
mmap res=7F211E5AA000 vm_size=383136 vm_rss=9052 vm_swap=0 
accept flags=0 
clone res=0 exe=apache2 args=-DFOREGROUND. tid=1019995(apache2) pid=1019995(apache2) ptid=1019479(apache2) cwd= fdlimit=1048576 pgft_maj=0 pgft_min=1 vm_size=383104 vm_rss=7640 vm_swap=0 comm=apache2 cgroups=cpuset=/system.slice/docker-4d81cb26c66231747b04db742cd4f8fff01cc68354eaa9325... flags=562036736(CLONE_CHILD_CLEARTID|CLONE_CHILD_SETTID) uid=0 gid=0 vtid=79 vpid=79 
set_robust_list 
set_robust_list 
rt_sigaction 
rt_sigaction 
rt_sigaction 
rt_sigaction 
rt_sigaction 
rt_sigaction 
getpid 
getpid 
getpid 
getpid 
mmap addr=0 length=8192 prot=3(PROT_READ|PROT_WRITE) flags=10(MAP_PRIVATE|MAP_ANONYMOUS) fd=-1(EPERM) offset=0 
mmap res=7F211E5B0000 vm_size=383112 vm_rss=7640 vm_swap=0 
mmap addr=0 length=8192 prot=3(PROT_READ|PROT_WRITE) flags=10(MAP_PRIVATE|MAP_ANONYMOUS) fd=-1(EPERM) offset=0 
mmap res=7F211E5AE000 vm_size=383120 vm_rss=7640 vm_swap=0 
geteuid 
geteuid euid=0(root) 
setgid gid=33(www-data) 
setgid res=0 
open 
open fd=9(<f>/proc/sys/kernel/ngroups_max) name=/proc/sys/kernel/ngroups_max flags=1(O_RDONLY) mode=0 dev=64 
read fd=9(<f>/proc/sys/kernel/ngroups_max) size=31 
read res=6 data=65536. 
close fd=9(<f>/proc/sys/kernel/ngroups_max) 
close res=0 
open 
open fd=9(<f>/etc/group) name=/etc/group flags=4097(O_RDONLY|O_CLOEXEC) mode=0 dev=62 
lseek fd=9(<f>/etc/group) offset=0 whence=1(SEEK_CUR) 
lseek res=0 
fstat fd=9(<f>/etc/group) 
fstat res=0 
mmap addr=0 length=446 prot=1(PROT_READ) flags=1(MAP_SHARED) fd=9(<f>/etc/group) offset=0 
mmap res=7F211E5AD000 vm_size=383124 vm_rss=7640 vm_swap=0 
lseek fd=9(<f>/etc/group) offset=446 whence=0(SEEK_SET) 
lseek res=446 
fstat fd=9(<f>/etc/group) 
fstat res=0 
munmap addr=7F211E5AD000 length=446 
munmap res=0 vm_size=383120 vm_rss=9052 vm_swap=0 
close fd=9(<f>/etc/group) 
close res=0 
setgroups 
setgroups 
geteuid 
geteuid euid=0(root) 
setuid uid=33(www-data) 
setuid res=0 
getpid 
getpid 
rt_sigaction 
rt_sigaction 
rt_sigaction 
rt_sigaction 
rt_sigaction 
rt_sigaction 
rt_sigaction 
rt_sigaction 
rt_sigaction 
rt_sigaction 
rt_sigaction 
rt_sigaction 
rt_sigaction 
rt_sigaction 
rt_sigaction 
rt_sigaction 
rt_sigaction 
rt_sigaction 
rt_sigaction 
rt_sigaction 
rt_sigaction 
rt_sigaction 
rt_sigaction 
rt_sigaction 
rt_sigaction 
rt_sigaction 
rt_sigaction 
rt_sigaction 
rt_sigaction 
rt_sigaction 
rt_sigaction 
rt_sigaction 
rt_sigaction 
rt_sigaction 
rt_sigaction 
rt_sigaction 
rt_sigaction 
rt_sigaction 
rt_sigaction 
rt_sigaction 
rt_sigaction 
rt_sigaction 
rt_sigaction 
rt_sigaction 
rt_sigaction 
rt_sigaction 
rt_sigaction 
rt_sigaction 
rt_sigaction 
rt_sigaction 
rt_sigaction 
rt_sigaction 
rt_sigaction 
rt_sigaction 
rt_sigaction 
rt_sigaction 
rt_sigaction 
rt_sigaction 
rt_sigaction 
rt_sigaction 
rt_sigaction 
rt_sigaction 
rt_sigaction 
rt_sigaction 
rt_sigaction 
rt_sigaction 
rt_sigaction 
rt_sigaction 
rt_sigaction 
rt_sigaction 
rt_sigaction 
rt_sigaction 
rt_sigaction 
rt_sigaction 
rt_sigaction 
rt_sigaction 
rt_sigaction 
rt_sigaction 
rt_sigaction 
rt_sigaction 
rt_sigaction 
rt_sigaction 
rt_sigaction 
rt_sigaction 
rt_sigaction 
rt_sigaction 
rt_sigaction 
rt_sigaction 
rt_sigaction 
rt_sigaction 
rt_sigaction 
rt_sigaction 
rt_sigaction 
rt_sigaction 
rt_sigaction 
rt_sigaction 
rt_sigaction 
rt_sigaction 
rt_sigaction 
rt_sigaction 
rt_sigaction 
rt_sigaction 
rt_sigaction 
rt_sigaction 
rt_sigaction 
rt_sigaction 
rt_sigaction 
rt_sigaction 
rt_sigaction 
rt_sigaction 
rt_sigaction 
rt_sigaction 
rt_sigaction 
rt_sigaction 
rt_sigaction 
rt_sigaction 
rt_sigaction 
rt_sigaction 
rt_sigaction 
rt_sigaction 
rt_sigaction 
rt_sigaction 
rt_sigaction 
rt_sigaction 
mmap addr=0 length=8192 prot=3(PROT_READ|PROT_WRITE) flags=10(MAP_PRIVATE|MAP_ANONYMOUS) fd=-1(EPERM) offset=0 
mmap res=7F211E5AC000 vm_size=383128 vm_rss=9052 vm_swap=0 
getpid 
getpid 
epoll_create1 
epoll_create1 
epoll_ctl 
epoll_ctl 
mmap addr=0 length=8192 prot=3(PROT_READ|PROT_WRITE) flags=10(MAP_PRIVATE|MAP_ANONYMOUS) fd=-1(EPERM) offset=0 
mmap res=7F211E5AA000 vm_size=383136 vm_rss=9052 vm_swap=0 
accept flags=0 
clone res=0 exe=apache2 args=-DFOREGROUND. tid=1019997(apache2) pid=1019997(apache2) ptid=1019479(apache2) cwd= fdlimit=1048576 pgft_maj=0 pgft_min=1 vm_size=383104 vm_rss=7640 vm_swap=0 comm=apache2 cgroups=cpuset=/system.slice/docker-4d81cb26c66231747b04db742cd4f8fff01cc68354eaa9325... flags=562036736(CLONE_CHILD_CLEARTID|CLONE_CHILD_SETTID) uid=0 gid=0 vtid=81 vpid=81 
set_robust_list 
set_robust_list 
rt_sigaction 
rt_sigaction 
rt_sigaction 
rt_sigaction 
rt_sigaction 
rt_sigaction 
getpid 
getpid 
getpid 
getpid 
mmap addr=0 length=8192 prot=3(PROT_READ|PROT_WRITE) flags=10(MAP_PRIVATE|MAP_ANONYMOUS) fd=-1(EPERM) offset=0 
mmap res=7F211E5B0000 vm_size=383112 vm_rss=7640 vm_swap=0 
mmap addr=0 length=8192 prot=3(PROT_READ|PROT_WRITE) flags=10(MAP_PRIVATE|MAP_ANONYMOUS) fd=-1(EPERM) offset=0 
mmap res=7F211E5AE000 vm_size=383120 vm_rss=7640 vm_swap=0 
geteuid 
geteuid euid=0(root) 
setgid gid=33(www-data) 
setgid res=0 
open 
open fd=9(<f>/proc/sys/kernel/ngroups_max) name=/proc/sys/kernel/ngroups_max flags=1(O_RDONLY) mode=0 dev=64 
read fd=9(<f>/proc/sys/kernel/ngroups_max) size=31 
read res=6 data=65536. 
close fd=9(<f>/proc/sys/kernel/ngroups_max) 
close res=0 
open 
open fd=9(<f>/etc/group) name=/etc/group flags=4097(O_RDONLY|O_CLOEXEC) mode=0 dev=62 
lseek fd=9(<f>/etc/group) offset=0 whence=1(SEEK_CUR) 
lseek res=0 
fstat fd=9(<f>/etc/group) 
fstat res=0 
mmap addr=0 length=446 prot=1(PROT_READ) flags=1(MAP_SHARED) fd=9(<f>/etc/group) offset=0 
mmap res=7F211E5AD000 vm_size=383124 vm_rss=7640 vm_swap=0 
lseek fd=9(<f>/etc/group) offset=446 whence=0(SEEK_SET) 
lseek res=446 
fstat fd=9(<f>/etc/group) 
fstat res=0 
munmap addr=7F211E5AD000 length=446 
munmap res=0 vm_size=383120 vm_rss=9052 vm_swap=0 
close fd=9(<f>/etc/group) 
close res=0 
setgroups 
setgroups 
geteuid 
geteuid euid=0(root) 
setuid uid=33(www-data) 
setuid res=0 
getpid 
getpid 
clone res=0 exe=apache2 args=-DFOREGROUND. tid=1019996(apache2) pid=1019996(apache2) ptid=1019479(apache2) cwd= fdlimit=1048576 pgft_maj=0 pgft_min=1 vm_size=383104 vm_rss=7640 vm_swap=0 comm=apache2 cgroups=cpuset=/system.slice/docker-4d81cb26c66231747b04db742cd4f8fff01cc68354eaa9325... flags=562036736(CLONE_CHILD_CLEARTID|CLONE_CHILD_SETTID) uid=0 gid=0 vtid=80 vpid=80 
rt_sigaction 
rt_sigaction 
rt_sigaction 
rt_sigaction 
rt_sigaction 
rt_sigaction 
rt_sigaction 
rt_sigaction 
rt_sigaction 
rt_sigaction 
rt_sigaction 
rt_sigaction 
rt_sigaction 
rt_sigaction 
rt_sigaction 
rt_sigaction 
rt_sigaction 
rt_sigaction 
rt_sigaction 
rt_sigaction 
rt_sigaction 
rt_sigaction 
rt_sigaction 
rt_sigaction 
rt_sigaction 
rt_sigaction 
rt_sigaction 
rt_sigaction 
rt_sigaction 
rt_sigaction 
rt_sigaction 
rt_sigaction 
rt_sigaction 
rt_sigaction 
rt_sigaction 
rt_sigaction 
rt_sigaction 
rt_sigaction 
rt_sigaction 
rt_sigaction 
rt_sigaction 
set_robust_list 
rt_sigaction 
set_robust_list 
rt_sigaction 
rt_sigaction 
rt_sigaction 
rt_sigaction 
rt_sigaction 
rt_sigaction 
rt_sigaction 
rt_sigaction 
rt_sigaction 
rt_sigaction 
rt_sigaction 
rt_sigaction 
rt_sigaction 
rt_sigaction 
rt_sigaction 
rt_sigaction 
rt_sigaction 
rt_sigaction 
rt_sigaction 
rt_sigaction 
rt_sigaction 
rt_sigaction 
rt_sigaction 
rt_sigaction 
rt_sigaction 
rt_sigaction 
rt_sigaction 
rt_sigaction 
rt_sigaction 
rt_sigaction 
rt_sigaction 
rt_sigaction 
rt_sigaction 
rt_sigaction 
rt_sigaction 
rt_sigaction 
rt_sigaction 
rt_sigaction 
rt_sigaction 
rt_sigaction 
rt_sigaction 
rt_sigaction 
rt_sigaction 
rt_sigaction 
rt_sigaction 
rt_sigaction 
rt_sigaction 
rt_sigaction 
rt_sigaction 
rt_sigaction 
rt_sigaction 
rt_sigaction 
rt_sigaction 
rt_sigaction 
rt_sigaction 
rt_sigaction 
rt_sigaction 
rt_sigaction 
rt_sigaction 
rt_sigaction 
rt_sigaction 
rt_sigaction 
rt_sigaction 
rt_sigaction 
rt_sigaction 
rt_sigaction 
rt_sigaction 
rt_sigaction 
rt_sigaction 
rt_sigaction 
rt_sigaction 
rt_sigaction 
rt_sigaction 
rt_sigaction 
rt_sigaction 
rt_sigaction 
rt_sigaction 
rt_sigaction 
rt_sigaction 
rt_sigaction 
rt_sigaction 
rt_sigaction 
mmap addr=0 length=8192 prot=3(PROT_READ|PROT_WRITE) flags=10(MAP_PRIVATE|MAP_ANONYMOUS) fd=-1(EPERM) offset=0 
mmap res=7F211E5AC000 vm_size=383128 vm_rss=9052 vm_swap=0 
getpid 
getpid 
rt_sigaction 
rt_sigaction 
rt_sigaction 
rt_sigaction 
rt_sigaction 
rt_sigaction 
getpid 
getpid 
epoll_create1 
epoll_create1 
epoll_ctl 
getpid 
getpid 
epoll_ctl 
mmap addr=0 length=8192 prot=3(PROT_READ|PROT_WRITE) flags=10(MAP_PRIVATE|MAP_ANONYMOUS) fd=-1(EPERM) offset=0 
mmap res=7F211E5AA000 vm_size=383136 vm_rss=9052 vm_swap=0 
accept flags=0 
mmap addr=0 length=8192 prot=3(PROT_READ|PROT_WRITE) flags=10(MAP_PRIVATE|MAP_ANONYMOUS) fd=-1(EPERM) offset=0 
mmap res=7F211E5B0000 vm_size=383112 vm_rss=7640 vm_swap=0 
mmap addr=0 length=8192 prot=3(PROT_READ|PROT_WRITE) flags=10(MAP_PRIVATE|MAP_ANONYMOUS) fd=-1(EPERM) offset=0 
mmap res=7F211E5AE000 vm_size=383120 vm_rss=7640 vm_swap=0 
geteuid 
geteuid euid=0(root) 
setgid gid=33(www-data) 
setgid res=0 
open 
open fd=9(<f>/proc/sys/kernel/ngroups_max) name=/proc/sys/kernel/ngroups_max flags=1(O_RDONLY) mode=0 dev=64 
read fd=9(<f>/proc/sys/kernel/ngroups_max) size=31 
read res=6 data=65536. 
close fd=9(<f>/proc/sys/kernel/ngroups_max) 
close res=0 
open 
open fd=9(<f>/etc/group) name=/etc/group flags=4097(O_RDONLY|O_CLOEXEC) mode=0 dev=62 
lseek fd=9(<f>/etc/group) offset=0 whence=1(SEEK_CUR) 
lseek res=0 
fstat fd=9(<f>/etc/group) 
fstat res=0 
mmap addr=0 length=446 prot=1(PROT_READ) flags=1(MAP_SHARED) fd=9(<f>/etc/group) offset=0 
mmap res=7F211E5AD000 vm_size=383124 vm_rss=7640 vm_swap=0 
lseek fd=9(<f>/etc/group) offset=446 whence=0(SEEK_SET) 
lseek res=446 
fstat fd=9(<f>/etc/group) 
fstat res=0 
munmap addr=7F211E5AD000 length=446 
munmap res=0 vm_size=383120 vm_rss=9052 vm_swap=0 
close fd=9(<f>/etc/group) 
close res=0 
setgroups 
setgroups 
geteuid 
geteuid euid=0(root) 
setuid uid=33(www-data) 
setuid res=0 
getpid 
getpid 
rt_sigaction 
rt_sigaction 
rt_sigaction 
rt_sigaction 
rt_sigaction 
rt_sigaction 
rt_sigaction 
rt_sigaction 
rt_sigaction 
rt_sigaction 
rt_sigaction 
rt_sigaction 
rt_sigaction 
rt_sigaction 
rt_sigaction 
rt_sigaction 
rt_sigaction 
rt_sigaction 
rt_sigaction 
rt_sigaction 
rt_sigaction 
rt_sigaction 
rt_sigaction 
rt_sigaction 
rt_sigaction 
rt_sigaction 
rt_sigaction 
rt_sigaction 
rt_sigaction 
rt_sigaction 
rt_sigaction 
rt_sigaction 
rt_sigaction 
rt_sigaction 
rt_sigaction 
rt_sigaction 
rt_sigaction 
rt_sigaction 
rt_sigaction 
rt_sigaction 
rt_sigaction 
rt_sigaction 
rt_sigaction 
rt_sigaction 
rt_sigaction 
rt_sigaction 
rt_sigaction 
rt_sigaction 
rt_sigaction 
rt_sigaction 
rt_sigaction 
rt_sigaction 
rt_sigaction 
rt_sigaction 
rt_sigaction 
rt_sigaction 
rt_sigaction 
rt_sigaction 
rt_sigaction 
rt_sigaction 
rt_sigaction 
rt_sigaction 
rt_sigaction 
rt_sigaction 
rt_sigaction 
rt_sigaction 
rt_sigaction 
rt_sigaction 
rt_sigaction 
rt_sigaction 
rt_sigaction 
rt_sigaction 
rt_sigaction 
rt_sigaction 
rt_sigaction 
rt_sigaction 
rt_sigaction 
rt_sigaction 
rt_sigaction 
rt_sigaction 
rt_sigaction 
rt_sigaction 
rt_sigaction 
rt_sigaction 
rt_sigaction 
rt_sigaction 
rt_sigaction 
rt_sigaction 
rt_sigaction 
rt_sigaction 
rt_sigaction 
rt_sigaction 
rt_sigaction 
rt_sigaction 
rt_sigaction 
rt_sigaction 
rt_sigaction 
rt_sigaction 
rt_sigaction 
rt_sigaction 
rt_sigaction 
rt_sigaction 
rt_sigaction 
rt_sigaction 
rt_sigaction 
rt_sigaction 
rt_sigaction 
rt_sigaction 
rt_sigaction 
rt_sigaction 
rt_sigaction 
rt_sigaction 
rt_sigaction 
rt_sigaction 
rt_sigaction 
rt_sigaction 
rt_sigaction 
rt_sigaction 
rt_sigaction 
rt_sigaction 
rt_sigaction 
rt_sigaction 
rt_sigaction 
rt_sigaction 
mmap addr=0 length=8192 prot=3(PROT_READ|PROT_WRITE) flags=10(MAP_PRIVATE|MAP_ANONYMOUS) fd=-1(EPERM) offset=0 
mmap res=7F211E5AC000 vm_size=383128 vm_rss=9052 vm_swap=0 
getpid 
getpid 
epoll_create1 
epoll_create1 
epoll_ctl 
epoll_ctl 
mmap addr=0 length=8192 prot=3(PROT_READ|PROT_WRITE) flags=10(MAP_PRIVATE|MAP_ANONYMOUS) fd=-1(EPERM) offset=0 
mmap res=7F211E5AA000 vm_size=383136 vm_rss=9052 vm_swap=0 
accept flags=0 
accept fd=10(<4t>172.18.0.1:47174->172.18.0.3:80) tuple=172.18.0.1:47174->172.18.0.3:80 queuepct=0 queuelen=0 queuemax=511 
getsockname 
getsockname 
fcntl fd=10(<4t>172.18.0.1:47174->172.18.0.3:80) cmd=4(F_GETFL) 
fcntl res=2(<p>pipe:[2902894]) 
fcntl fd=10(<4t>172.18.0.1:47174->172.18.0.3:80) cmd=5(F_SETFL) 
fcntl res=0(<f>/dev/null) 
mmap addr=0 length=8192 prot=3(PROT_READ|PROT_WRITE) flags=10(MAP_PRIVATE|MAP_ANONYMOUS) fd=-1(EPERM) offset=0 
mmap res=7F211E5A8000 vm_size=383144 vm_rss=9016 vm_swap=0 
mmap addr=0 length=8192 prot=3(PROT_READ|PROT_WRITE) flags=10(MAP_PRIVATE|MAP_ANONYMOUS) fd=-1(EPERM) offset=0 
mmap res=7F211E5A6000 vm_size=383152 vm_rss=9016 vm_swap=0 
read fd=10(<4t>172.18.0.1:47174->172.18.0.3:80) size=8000 
read res=0 data= 
poll fds=10:41 timeout=20000 
poll res=1 fds=10:41 
shutdown fd=10(<4t>172.18.0.1:47174->172.18.0.3:80) how=1(SHUT_WR) 
shutdown res=0 
poll fds=10:41 timeout=2000 
poll res=1 fds=10:421 
read fd=10(<4t>172.18.0.1:47174->172.18.0.3:80) size=512 
read res=0 data= 
close fd=10(<4t>172.18.0.1:47174->172.18.0.3:80) 
close res=0 
read fd=4(<p>pipe:[2905673]) size=1 
read res=-11(EAGAIN) data= 
accept flags=0 
accept fd=10(<4t>127.0.0.1:34648->127.0.0.1:80) tuple=127.0.0.1:34648->127.0.0.1:80 queuepct=0 queuelen=0 queuemax=511 
getsockname 
getsockname 
fcntl fd=10(<4t>127.0.0.1:34648->127.0.0.1:80) cmd=4(F_GETFL) 
fcntl res=2(<p>pipe:[2902894]) 
fcntl fd=10(<4t>127.0.0.1:34648->127.0.0.1:80) cmd=5(F_SETFL) 
fcntl res=0(<f>/dev/null) 
mmap addr=0 length=8192 prot=3(PROT_READ|PROT_WRITE) flags=10(MAP_PRIVATE|MAP_ANONYMOUS) fd=-1(EPERM) offset=0 
mmap res=7F211E5A8000 vm_size=383144 vm_rss=9052 vm_swap=0 
mmap addr=0 length=8192 prot=3(PROT_READ|PROT_WRITE) flags=10(MAP_PRIVATE|MAP_ANONYMOUS) fd=-1(EPERM) offset=0 
mmap res=7F211E5A6000 vm_size=383152 vm_rss=9052 vm_swap=0 
read fd=10(<4t>127.0.0.1:34648->127.0.0.1:80) size=8000 
read res=96 data=OPTIONS * HTTP/1.0..User-Agent: Apache/2.4.25 (Debian) PHP/7.2.1 (internal dummy 
mmap addr=0 length=8192 prot=3(PROT_READ|PROT_WRITE) flags=10(MAP_PRIVATE|MAP_ANONYMOUS) fd=-1(EPERM) offset=0 
mmap res=7F211E5A4000 vm_size=383160 vm_rss=9052 vm_swap=0 
mmap addr=0 length=8192 prot=3(PROT_READ|PROT_WRITE) flags=10(MAP_PRIVATE|MAP_ANONYMOUS) fd=-1(EPERM) offset=0 
mmap res=7F211E5A2000 vm_size=383168 vm_rss=9052 vm_swap=0 
writev fd=10(<4t>127.0.0.1:34648->127.0.0.1:80) size=126 
writev res=126 data=HTTP/1.1 200 OK..Date: Thu, 10 Aug 2023 04:03:25 GMT..Server: Apache/2.4.25 (Deb 
write fd=7(<p>pipe:[2902893]) size=139 
write res=139 data=127.0.0.1 - - [10/Aug/2023:04:03:25 +0000] "OPTIONS * HTTP/1.0" 200 126 "-" "Apa 
times 
times 
shutdown fd=10(<4t>127.0.0.1:34648->127.0.0.1:80) how=1(SHUT_WR) 
shutdown res=-107(ENOTCONN) 
close fd=10(<4t>127.0.0.1:34648->127.0.0.1:80) 
close res=0 
read fd=4(<p>pipe:[2905673]) size=1 
read res=1 data=! 
close fd=9 
close res=0 
munmap addr=7F210725F000 length=134217728 
munmap res=0 vm_size=252096 vm_rss=11204 vm_swap=0 
close fd=8(<f>/tmp/.ZendSem.k6JI1W (deleted)) 
close res=0 
munmap addr=7F210F25F000 length=2243784 
munmap res=0 vm_size=249904 vm_rss=11244 vm_swap=0 
munmap addr=7F210F921000 length=2517856 
munmap res=0 vm_size=247444 vm_rss=11264 vm_swap=0 
munmap addr=7F210F6EE000 length=2301968 
munmap res=0 vm_size=245192 vm_rss=11236 vm_swap=0 
munmap addr=7F210F483000 length=2531352 
munmap res=0 vm_size=242716 vm_rss=11208 vm_swap=0 
munmap addr=7F210FB88000 length=2584984 
munmap res=0 vm_size=240188 vm_rss=12884 vm_swap=0 
munmap addr=7F211E558000 length=299008 
munmap res=0 vm_size=239896 vm_rss=12760 vm_swap=0 
munmap addr=7F210FE00000 length=2097152 
munmap res=0 vm_size=237848 vm_rss=10712 vm_swap=0 
munmap addr=7F211E5C6000 length=323584 
munmap res=0 vm_size=237532 vm_rss=10708 vm_swap=0 
munmap addr=7F211E5B0000 length=8192 
munmap res=0 vm_size=237524 vm_rss=10704 vm_swap=0 
munmap addr=7F211E5AA000 length=8192 
munmap res=0 vm_size=237516 vm_rss=10700 vm_swap=0 
munmap addr=7F211E5AE000 length=8192 
munmap res=0 vm_size=237508 vm_rss=10696 vm_swap=0 
munmap addr=7F211E5AC000 length=8192 
munmap res=0 vm_size=237500 vm_rss=10692 vm_swap=0 
munmap addr=7F211E5A6000 length=8192 
munmap res=0 vm_size=237492 vm_rss=10688 vm_swap=0 
munmap addr=7F211E5A2000 length=8192 
munmap res=0 vm_size=237484 vm_rss=10684 vm_swap=0 
munmap addr=7F211E5A8000 length=8192 
munmap res=0 vm_size=237476 vm_rss=10676 vm_swap=0 
munmap addr=7F211E5A4000 length=8192 
munmap res=0 vm_size=237468 vm_rss=10672 vm_swap=0 
close fd=5(<p>pipe:[2905673]) 
close res=0 
close fd=4(<p>pipe:[2905673]) 
close res=0 
futex addr=7F21183438EC op=129(FUTEX_PRIVATE_FLAG|FUTEX_WAKE) val=2147483647 
futex res=0 
exit_group 
accept fd=10(<4t>127.0.0.1:34658->127.0.0.1:80) tuple=127.0.0.1:34658->127.0.0.1:80 queuepct=0 queuelen=0 queuemax=511 
getsockname 
getsockname 
fcntl fd=10(<4t>127.0.0.1:34658->127.0.0.1:80) cmd=4(F_GETFL) 
fcntl res=2(<p>pipe:[2902894]) 
fcntl fd=10(<4t>127.0.0.1:34658->127.0.0.1:80) cmd=5(F_SETFL) 
fcntl res=0(<f>/dev/null) 
mmap addr=0 length=8192 prot=3(PROT_READ|PROT_WRITE) flags=10(MAP_PRIVATE|MAP_ANONYMOUS) fd=-1(EPERM) offset=0 
mmap res=7F211E5A8000 vm_size=383144 vm_rss=9052 vm_swap=0 
mmap addr=0 length=8192 prot=3(PROT_READ|PROT_WRITE) flags=10(MAP_PRIVATE|MAP_ANONYMOUS) fd=-1(EPERM) offset=0 
mmap res=7F211E5A6000 vm_size=383152 vm_rss=9052 vm_swap=0 
read fd=10(<4t>127.0.0.1:34658->127.0.0.1:80) size=8000 
read res=96 data=OPTIONS * HTTP/1.0..User-Agent: Apache/2.4.25 (Debian) PHP/7.2.1 (internal dummy 
mmap addr=0 length=8192 prot=3(PROT_READ|PROT_WRITE) flags=10(MAP_PRIVATE|MAP_ANONYMOUS) fd=-1(EPERM) offset=0 
mmap res=7F211E5A4000 vm_size=383160 vm_rss=9052 vm_swap=0 
mmap addr=0 length=8192 prot=3(PROT_READ|PROT_WRITE) flags=10(MAP_PRIVATE|MAP_ANONYMOUS) fd=-1(EPERM) offset=0 
mmap res=7F211E5A2000 vm_size=383168 vm_rss=9052 vm_swap=0 
writev fd=10(<4t>127.0.0.1:34658->127.0.0.1:80) size=126 
writev res=126 data=HTTP/1.1 200 OK..Date: Thu, 10 Aug 2023 04:03:26 GMT..Server: Apache/2.4.25 (Deb 
write fd=7(<p>pipe:[2902893]) size=139 
write res=139 data=127.0.0.1 - - [10/Aug/2023:04:03:26 +0000] "OPTIONS * HTTP/1.0" 200 126 "-" "Apa 
times 
times 
shutdown fd=10(<4t>127.0.0.1:34658->127.0.0.1:80) how=1(SHUT_WR) 
shutdown res=-107(ENOTCONN) 
close fd=10(<4t>127.0.0.1:34658->127.0.0.1:80) 
close res=0 
read fd=4(<p>pipe:[2905673]) size=1 
read res=1 data=! 
close fd=9 
close res=0 
munmap addr=7F210725F000 length=134217728 
munmap res=0 vm_size=252096 vm_rss=11212 vm_swap=0 
close fd=8(<f>/tmp/.ZendSem.k6JI1W (deleted)) 
close res=0 
munmap addr=7F210F25F000 length=2243784 
munmap res=0 vm_size=249904 vm_rss=11252 vm_swap=0 
munmap addr=7F210F921000 length=2517856 
munmap res=0 vm_size=247444 vm_rss=11272 vm_swap=0 
munmap addr=7F210F6EE000 length=2301968 
munmap res=0 vm_size=245192 vm_rss=11244 vm_swap=0 
munmap addr=7F210F483000 length=2531352 
munmap res=0 vm_size=242716 vm_rss=11216 vm_swap=0 
munmap addr=7F210FB88000 length=2584984 
munmap res=0 vm_size=240188 vm_rss=12892 vm_swap=0 
munmap addr=7F211E558000 length=299008 
munmap res=0 vm_size=239896 vm_rss=12768 vm_swap=0 
munmap addr=7F210FE00000 length=2097152 
munmap res=0 vm_size=237848 vm_rss=10720 vm_swap=0 
munmap addr=7F211E5C6000 length=323584 
munmap res=0 vm_size=237532 vm_rss=10716 vm_swap=0 
munmap addr=7F211E5B0000 length=8192 
munmap res=0 vm_size=237524 vm_rss=10712 vm_swap=0 
munmap addr=7F211E5AA000 length=8192 
munmap res=0 vm_size=237516 vm_rss=10708 vm_swap=0 
munmap addr=7F211E5AE000 length=8192 
munmap res=0 vm_size=237508 vm_rss=10704 vm_swap=0 
munmap addr=7F211E5AC000 length=8192 
munmap res=0 vm_size=237500 vm_rss=10700 vm_swap=0 
munmap addr=7F211E5A6000 length=8192 
munmap res=0 vm_size=237492 vm_rss=10696 vm_swap=0 
munmap addr=7F211E5A2000 length=8192 
munmap res=0 vm_size=237484 vm_rss=10692 vm_swap=0 
munmap addr=7F211E5A8000 length=8192 
munmap res=0 vm_size=237476 vm_rss=10684 vm_swap=0 
munmap addr=7F211E5A4000 length=8192 
munmap res=0 vm_size=237468 vm_rss=10680 vm_swap=0 
close fd=5(<p>pipe:[2905673]) 
close res=0 
close fd=4(<p>pipe:[2905673]) 
close res=0 
futex addr=7F21183438EC op=129(FUTEX_PRIVATE_FLAG|FUTEX_WAKE) val=2147483647 
futex res=0 
exit_group 
accept fd=10(<4t>127.0.0.1:34668->127.0.0.1:80) tuple=127.0.0.1:34668->127.0.0.1:80 queuepct=0 queuelen=0 queuemax=511 
getsockname 
getsockname 
fcntl fd=10(<4t>127.0.0.1:34668->127.0.0.1:80) cmd=4(F_GETFL) 
fcntl res=2(<p>pipe:[2902894]) 
fcntl fd=10(<4t>127.0.0.1:34668->127.0.0.1:80) cmd=5(F_SETFL) 
fcntl res=0(<f>/dev/null) 
mmap addr=0 length=8192 prot=3(PROT_READ|PROT_WRITE) flags=10(MAP_PRIVATE|MAP_ANONYMOUS) fd=-1(EPERM) offset=0 
mmap res=7F211E5A8000 vm_size=383144 vm_rss=9052 vm_swap=0 
mmap addr=0 length=8192 prot=3(PROT_READ|PROT_WRITE) flags=10(MAP_PRIVATE|MAP_ANONYMOUS) fd=-1(EPERM) offset=0 
mmap res=7F211E5A6000 vm_size=383152 vm_rss=9052 vm_swap=0 
read fd=10(<4t>127.0.0.1:34668->127.0.0.1:80) size=8000 
read res=96 data=OPTIONS * HTTP/1.0..User-Agent: Apache/2.4.25 (Debian) PHP/7.2.1 (internal dummy 
mmap addr=0 length=8192 prot=3(PROT_READ|PROT_WRITE) flags=10(MAP_PRIVATE|MAP_ANONYMOUS) fd=-1(EPERM) offset=0 
mmap res=7F211E5A4000 vm_size=383160 vm_rss=9052 vm_swap=0 
mmap addr=0 length=8192 prot=3(PROT_READ|PROT_WRITE) flags=10(MAP_PRIVATE|MAP_ANONYMOUS) fd=-1(EPERM) offset=0 
mmap res=7F211E5A2000 vm_size=383168 vm_rss=9052 vm_swap=0 
writev fd=10(<4t>127.0.0.1:34668->127.0.0.1:80) size=126 
writev res=126 data=HTTP/1.1 200 OK..Date: Thu, 10 Aug 2023 04:03:27 GMT..Server: Apache/2.4.25 (Deb 
write fd=7(<p>pipe:[2902893]) size=139 
write res=139 data=127.0.0.1 - - [10/Aug/2023:04:03:27 +0000] "OPTIONS * HTTP/1.0" 200 126 "-" "Apa 
times 
times 
shutdown fd=10(<4t>127.0.0.1:34668->127.0.0.1:80) how=1(SHUT_WR) 
shutdown res=-107(ENOTCONN) 
close fd=10(<4t>127.0.0.1:34668->127.0.0.1:80) 
close res=0 
read fd=4(<p>pipe:[2905673]) size=1 
read res=1 data=! 
close fd=9 
close res=0 
munmap addr=7F210725F000 length=134217728 
munmap res=0 vm_size=252096 vm_rss=11212 vm_swap=0 
close fd=8(<f>/tmp/.ZendSem.k6JI1W (deleted)) 
close res=0 
munmap addr=7F210F25F000 length=2243784 
munmap res=0 vm_size=249904 vm_rss=11252 vm_swap=0 
munmap addr=7F210F921000 length=2517856 
munmap res=0 vm_size=247444 vm_rss=11272 vm_swap=0 
munmap addr=7F210F6EE000 length=2301968 
munmap res=0 vm_size=245192 vm_rss=11244 vm_swap=0 
munmap addr=7F210F483000 length=2531352 
munmap res=0 vm_size=242716 vm_rss=11216 vm_swap=0 
munmap addr=7F210FB88000 length=2584984 
munmap res=0 vm_size=240188 vm_rss=12892 vm_swap=0 
munmap addr=7F211E558000 length=299008 
munmap res=0 vm_size=239896 vm_rss=12768 vm_swap=0 
munmap addr=7F210FE00000 length=2097152 
munmap res=0 vm_size=237848 vm_rss=10720 vm_swap=0 
munmap addr=7F211E5C6000 length=323584 
munmap res=0 vm_size=237532 vm_rss=10716 vm_swap=0 
munmap addr=7F211E5B0000 length=8192 
munmap res=0 vm_size=237524 vm_rss=10712 vm_swap=0 
munmap addr=7F211E5AA000 length=8192 
munmap res=0 vm_size=237516 vm_rss=10708 vm_swap=0 
munmap addr=7F211E5AE000 length=8192 
munmap res=0 vm_size=237508 vm_rss=10704 vm_swap=0 
munmap addr=7F211E5AC000 length=8192 
munmap res=0 vm_size=237500 vm_rss=10700 vm_swap=0 
munmap addr=7F211E5A6000 length=8192 
munmap res=0 vm_size=237492 vm_rss=10696 vm_swap=0 
munmap addr=7F211E5A2000 length=8192 
munmap res=0 vm_size=237484 vm_rss=10692 vm_swap=0 
munmap addr=7F211E5A8000 length=8192 
munmap res=0 vm_size=237476 vm_rss=10684 vm_swap=0 
munmap addr=7F211E5A4000 length=8192 
munmap res=0 vm_size=237468 vm_rss=10680 vm_swap=0 
close fd=5(<p>pipe:[2905673]) 
close res=0 
close fd=4(<p>pipe:[2905673]) 
close res=0 
futex addr=7F21183438EC op=129(FUTEX_PRIVATE_FLAG|FUTEX_WAKE) val=2147483647 
futex res=0 
exit_group 
accept fd=10(<4t>172.18.0.1:42726->172.18.0.3:80) tuple=172.18.0.1:42726->172.18.0.3:80 queuepct=0 queuelen=0 queuemax=511 
getsockname 
getsockname 
fcntl fd=10(<4t>172.18.0.1:42726->172.18.0.3:80) cmd=4(F_GETFL) 
fcntl res=2(<p>pipe:[2902894]) 
fcntl fd=10(<4t>172.18.0.1:42726->172.18.0.3:80) cmd=5(F_SETFL) 
fcntl res=0(<f>/dev/null) 
mmap addr=0 length=8192 prot=3(PROT_READ|PROT_WRITE) flags=10(MAP_PRIVATE|MAP_ANONYMOUS) fd=-1(EPERM) offset=0 
mmap res=7F211E5A8000 vm_size=383144 vm_rss=9052 vm_swap=0 
mmap addr=0 length=8192 prot=3(PROT_READ|PROT_WRITE) flags=10(MAP_PRIVATE|MAP_ANONYMOUS) fd=-1(EPERM) offset=0 
mmap res=7F211E5A6000 vm_size=383152 vm_rss=9052 vm_swap=0 
read fd=10(<4t>172.18.0.1:42726->172.18.0.3:80) size=8000 
read res=1111 data=GET /wp-content/plugins/google-mp3-audio-player/direct_download.php?file=../../. 
stat 
stat res=0 path=/var/www/html/wp-content/plugins/google-mp3-audio-player/direct_download.php 
mmap addr=0 length=8192 prot=3(PROT_READ|PROT_WRITE) flags=10(MAP_PRIVATE|MAP_ANONYMOUS) fd=-1(EPERM) offset=0 
mmap res=7F211E5A4000 vm_size=383160 vm_rss=9052 vm_swap=0 
open 
open fd=-2(ENOENT) name=/var/www/.htaccess flags=4097(O_RDONLY|O_CLOEXEC) mode=0 dev=0 
open 
open fd=11(<f>/var/www/html/.htaccess) name=/var/www/html/.htaccess flags=4097(O_RDONLY|O_CLOEXEC) mode=0 dev=34 
fstat fd=11(<f>/var/www/html/.htaccess) 
fstat res=0 
read fd=11(<f>/var/www/html/.htaccess) size=4096 
read res=234 data=# BEGIN WordPress.<IfModule mod_rewrite.c>.RewriteEngine On.RewriteBase /.Rewrit 
read fd=11(<f>/var/www/html/.htaccess) size=4096 
read res=0 data= 
close fd=11(<f>/var/www/html/.htaccess) 
close res=0 
mmap addr=0 length=8192 prot=3(PROT_READ|PROT_WRITE) flags=10(MAP_PRIVATE|MAP_ANONYMOUS) fd=-1(EPERM) offset=0 
mmap res=7F211E5A2000 vm_size=383168 vm_rss=9052 vm_swap=0 
open 
open fd=-2(ENOENT) name=/var/www/html/wp-content/.htaccess flags=4097(O_RDONLY|O_CLOEXEC) mode=0 dev=0 
open 
open fd=-2(ENOENT) name=/var/www/html/wp-content/plugins/.htaccess flags=4097(O_RDONLY|O_CLOEXEC) mode=0 dev=0 
open 
open fd=-2(ENOENT) name=/var/www/html/wp-content/plugins/google-mp3-audio-player/.htaccess flags=4097(O_RDONLY|O_CLOEXEC) mode=0 dev=0 
open 
open fd=-20(ENOTDIR) name=/var/www/html/wp-content/plugins/google-mp3-audio-player/direct_download.php/.htaccess flags=4097(O_RDONLY|O_CLOEXEC) mode=0 dev=0 
stat 
stat res=0 path=/var/www/html/wp-content/plugins/google-mp3-audio-player/direct_download.php 
brk addr=564C2BDC6000 
brk res=564C2BDC6000 vm_size=383328 vm_rss=10152 vm_swap=0 
brk addr=564C2BDE7000 
brk res=564C2BDE7000 vm_size=383460 vm_rss=11408 vm_swap=0 
rt_sigaction 
rt_sigaction 
rt_sigaction 
rt_sigaction 
rt_sigaction 
rt_sigaction 
rt_sigaction 
rt_sigaction 
rt_sigaction 
rt_sigaction 
rt_sigaction 
rt_sigaction 
rt_sigaction 
rt_sigaction 
rt_sigaction 
rt_sigaction 
rt_sigaction 
rt_sigaction 
rt_sigaction 
rt_sigaction 
rt_sigaction 
rt_sigaction 
rt_sigaction 
rt_sigaction 
rt_sigaction 
rt_sigaction 
rt_sigaction 
rt_sigaction 
setitimer 
setitimer 
rt_sigaction 
rt_sigaction 
rt_sigprocmask 
rt_sigprocmask 
mmap addr=0 length=65536 prot=3(PROT_READ|PROT_WRITE) flags=10(MAP_PRIVATE|MAP_ANONYMOUS) fd=-1(EPERM) offset=0 
mmap res=7F211E548000 vm_size=383524 vm_rss=12152 vm_swap=0 
getcwd 
getcwd res=14 path=/var/www/html 
chdir 
chdir res=0 path=/var/www/html/wp-content/plugins/google-mp3-audio-player 
lstat 
lstat res=0 path=/var/www/html/wp-content/plugins/google-mp3-audio-player/direct_download.php 
lstat 
lstat res=0 path=/var/www/html/wp-content/plugins/google-mp3-audio-player 
lstat 
lstat res=0 path=/var/www/html/wp-content/plugins 
lstat 
lstat res=0 path=/var/www/html/wp-content 
lstat 
lstat res=0 path=/var/www/html 
lstat 
lstat res=0 path=/var/www 
lstat 
lstat res=0 path=/var 
open 
open fd=11(<f>/var/www/html/wp-content/plugins/google-mp3-audio-player/direct_download.php) name=/var/www/html/wp-content/plugins/google-mp3-audio-player/direct_download.php flags=1(O_RDONLY) mode=0 dev=34 
fstat fd=11(<f>/var/www/html/wp-content/plugins/google-mp3-audio-player/direct_download.php) 
fstat res=0 
fstat fd=11(<f>/var/www/html/wp-content/plugins/google-mp3-audio-player/direct_download.php) 
fstat res=0 
fstat fd=11(<f>/var/www/html/wp-content/plugins/google-mp3-audio-player/direct_download.php) 
fstat res=0 
mmap addr=0 length=407 prot=1(PROT_READ) flags=1(MAP_SHARED) fd=11(<f>/var/www/html/wp-content/plugins/google-mp3-audio-player/direct_download.php) offset=0 
mmap res=7F211E5A1000 vm_size=383528 vm_rss=12152 vm_swap=0 
fcntl fd=8(<f>/tmp/.ZendSem.k6JI1W (deleted)) cmd=8(F_SETLK) 
fcntl res=0(<f>/dev/null) 
stat 
stat res=0 path=/var/www/html/wp-content/plugins/google-mp3-audio-player/direct_download.php 
fcntl fd=8(<f>/tmp/.ZendSem.k6JI1W (deleted)) cmd=9(F_SETLKW) 
fcntl res=0(<f>/dev/null) 
fcntl fd=8(<f>/tmp/.ZendSem.k6JI1W (deleted)) cmd=8(F_SETLK) 
fcntl res=0(<f>/dev/null) 
munmap addr=7F211E5A1000 length=407 
munmap res=0 vm_size=383524 vm_rss=13972 vm_swap=0 
close fd=11(<f>/var/www/html/wp-content/plugins/google-mp3-audio-player/direct_download.php) 
close res=0 
stat 
stat res=0 path=../../../wp-config.php(/var/www/html/wp-config.php) 
getcwd 
getcwd res=57 path=/var/www/html/wp-content/plugins/google-mp3-audio-player 
lstat 
lstat res=0 path=/var/www/html/wp-content/plugins/google-mp3-audio-player/../../../wp-config.php 
open 
open fd=11(<f>/var/www/html/wp-config.php) name=/var/www/html/wp-config.php flags=1(O_RDONLY) mode=0 dev=34 
fstat fd=11(<f>/var/www/html/wp-config.php) 
fstat res=0 
lseek fd=11(<f>/var/www/html/wp-config.php) offset=0 whence=1(SEEK_CUR) 
lseek res=0 
fstat fd=11(<f>/var/www/html/wp-config.php) 
fstat res=0 
mmap addr=0 length=3154 prot=1(PROT_READ) flags=1(MAP_SHARED) fd=11(<f>/var/www/html/wp-config.php) offset=0 
mmap res=7F211E5A1000 vm_size=383528 vm_rss=13972 vm_swap=0 
mmap addr=0 length=8192 prot=3(PROT_READ|PROT_WRITE) flags=10(MAP_PRIVATE|MAP_ANONYMOUS) fd=-1(EPERM) offset=0 
mmap res=7F211E546000 vm_size=383536 vm_rss=13972 vm_swap=0 
lseek fd=11(<f>/var/www/html/wp-config.php) offset=3154 whence=0(SEEK_SET) 
lseek res=3154 
munmap addr=7F211E5A1000 length=3154 
munmap res=0 vm_size=383532 vm_rss=14416 vm_swap=0 
close fd=11(<f>/var/www/html/wp-config.php) 
close res=0 
chdir 
chdir res=0 path=/var/www/html 
setitimer 
setitimer 
fcntl fd=8(<f>/tmp/.ZendSem.k6JI1W (deleted)) cmd=8(F_SETLK) 
fcntl res=0(<f>/dev/null) 
setitimer 
setitimer 
mmap addr=0 length=8192 prot=3(PROT_READ|PROT_WRITE) flags=10(MAP_PRIVATE|MAP_ANONYMOUS) fd=-1(EPERM) offset=0 
mmap res=7F211E544000 vm_size=383540 vm_rss=14416 vm_swap=0 
mmap addr=0 length=8192 prot=3(PROT_READ|PROT_WRITE) flags=10(MAP_PRIVATE|MAP_ANONYMOUS) fd=-1(EPERM) offset=0 
mmap res=7F211E542000 vm_size=383548 vm_rss=14416 vm_swap=0 
read fd=10(<4t>172.18.0.1:42726->172.18.0.3:80) size=8000 
read res=-11(EAGAIN) data= 
writev fd=10(<4t>172.18.0.1:42726->172.18.0.3:80) size=3443 
writev res=3443 data=HTTP/1.1 200 OK..Date: Thu, 10 Aug 2023 04:03:38 GMT..Server: Apache/2.4.25 (Deb 
write fd=7(<p>pipe:[2902893]) size=235 
write res=235 data=172.18.0.1 - - [10/Aug/2023:04:03:38 +0000] "GET /wp-content/plugins/google-mp3- 
times 
times 
poll fds=10:41 timeout=5000 
poll res=1 fds=10:41 
read fd=10(<4t>172.18.0.1:42726->172.18.0.3:80) size=8000 
read res=0 data= 
shutdown fd=10(<4t>172.18.0.1:42726->172.18.0.3:80) how=1(SHUT_WR) 
shutdown res=0 
poll fds=10:41 timeout=2000 
poll res=1 fds=10:421 
read fd=10(<4t>172.18.0.1:42726->172.18.0.3:80) size=512 
read res=0 data= 
close fd=10(<4t>172.18.0.1:42726->172.18.0.3:80) 
close res=0 
read fd=4(<p>pipe:[2905673]) size=1 
read res=-11(EAGAIN) data= 
accept flags=0 
accept fd=-512(ERESTARTSYS) tuple=NULL queuepct=0 queuelen=0 queuemax=511 
close fd=9 
close res=0 
accept fd=-512(ERESTARTSYS) tuple=NULL queuepct=0 queuelen=0 queuemax=511 
close fd=9 
close res=0 
accept fd=-512(ERESTARTSYS) tuple=NULL queuepct=0 queuelen=0 queuemax=511 
close fd=9 
close res=0 
accept fd=-512(ERESTARTSYS) tuple=NULL queuepct=0 queuelen=0 queuemax=511 
close fd=9 
close res=0 
munmap addr=7F210725F000 length=134217728 
munmap res=0 vm_size=252476 vm_rss=13360 vm_swap=0 
close fd=8(<f>/tmp/.ZendSem.k6JI1W (deleted)) 
close res=0 
munmap addr=7F210F25F000 length=2243784 
munmap res=0 vm_size=250284 vm_rss=13296 vm_swap=0 
munmap addr=7F210725F000 length=134217728 
munmap res=0 vm_size=252064 vm_rss=11000 vm_swap=0 
close fd=8(<f>/tmp/.ZendSem.k6JI1W (deleted)) 
close res=0 
munmap addr=7F210F921000 length=2517856 
munmap res=0 vm_size=247824 vm_rss=13316 vm_swap=0 
munmap addr=7F210F6EE000 length=2301968 
munmap res=0 vm_size=245572 vm_rss=13288 vm_swap=0 
munmap addr=7F210F483000 length=2531352 
munmap res=0 vm_size=243096 vm_rss=13260 vm_swap=0 
munmap addr=7F210F25F000 length=2243784 
munmap res=0 vm_size=249872 vm_rss=11040 vm_swap=0 
munmap addr=7F210F921000 length=2517856 
munmap res=0 vm_size=247412 vm_rss=11060 vm_swap=0 
munmap addr=7F210F6EE000 length=2301968 
munmap res=0 vm_size=245160 vm_rss=11032 vm_swap=0 
munmap addr=7F210F483000 length=2531352 
munmap res=0 vm_size=242684 vm_rss=11004 vm_swap=0 
munmap addr=7F211E548000 length=65536 
munmap res=0 vm_size=243032 vm_rss=14192 vm_swap=0 
brk addr=564C2BDB4000 
brk res=564C2BDB4000 vm_size=242828 vm_rss=14096 vm_swap=0 
munmap addr=7F210FB88000 length=2584984 
munmap res=0 vm_size=240300 vm_rss=13720 vm_swap=0 
munmap addr=7F210725F000 length=134217728 
munmap res=0 vm_size=252064 vm_rss=11000 vm_swap=0 
close fd=8(<f>/tmp/.ZendSem.k6JI1W (deleted)) 
close res=0 
munmap addr=7F210F25F000 length=2243784 
munmap res=0 vm_size=249872 vm_rss=11040 vm_swap=0 
munmap addr=7F210F921000 length=2517856 
munmap res=0 vm_size=247412 vm_rss=11060 vm_swap=0 
munmap addr=7F210F6EE000 length=2301968 
munmap res=0 vm_size=245160 vm_rss=11032 vm_swap=0 
munmap addr=7F210F483000 length=2531352 
munmap res=0 vm_size=242684 vm_rss=11004 vm_swap=0 
munmap addr=7F210FB88000 length=2584984 
munmap res=0 vm_size=240156 vm_rss=12680 vm_swap=0 
munmap addr=7F210725F000 length=134217728 
munmap res=0 vm_size=252080 vm_rss=11012 vm_swap=0 
close fd=8(<f>/tmp/.ZendSem.k6JI1W (deleted)) 
close res=0 
munmap addr=7F210F25F000 length=2243784 
munmap res=0 vm_size=249888 vm_rss=11052 vm_swap=0 
munmap addr=7F210F921000 length=2517856 
munmap res=0 vm_size=247428 vm_rss=11072 vm_swap=0 
munmap addr=7F210F6EE000 length=2301968 
munmap res=0 vm_size=245176 vm_rss=11044 vm_swap=0 
munmap addr=7F210F483000 length=2531352 
munmap res=0 vm_size=242700 vm_rss=11016 vm_swap=0 
munmap addr=7F210FB88000 length=2584984 
munmap res=0 vm_size=240156 vm_rss=12680 vm_swap=0 
accept fd=-512(ERESTARTSYS) tuple=NULL queuepct=0 queuelen=0 queuemax=511 
close fd=9 
close res=0 
munmap addr=7F211E558000 length=299008 
munmap res=0 vm_size=239864 vm_rss=12556 vm_swap=0 
munmap addr=7F210FE00000 length=2097152 
munmap res=0 vm_size=237816 vm_rss=10508 vm_swap=0 
munmap addr=7F211E5C6000 length=323584 
munmap res=0 vm_size=237500 vm_rss=10504 vm_swap=0 
munmap addr=7F211E5B0000 length=8192 
munmap res=0 vm_size=237492 vm_rss=10500 vm_swap=0 
munmap addr=7F211E5AA000 length=8192 
munmap res=0 vm_size=237484 vm_rss=10496 vm_swap=0 
munmap addr=7F211E5AE000 length=8192 
munmap res=0 vm_size=237476 vm_rss=10492 vm_swap=0 
munmap addr=7F211E5AC000 length=8192 
munmap res=0 vm_size=237468 vm_rss=10488 vm_swap=0 
close fd=5(<p>pipe:[2905673]) 
close res=0 
close fd=4(<p>pipe:[2905673]) 
close res=0 
futex addr=7F21183438EC op=129(FUTEX_PRIVATE_FLAG|FUTEX_WAKE) val=2147483647 
futex res=0 
munmap addr=7F210FB88000 length=2584984 
munmap res=0 vm_size=240172 vm_rss=12692 vm_swap=0 
munmap addr=7F211E558000 length=299008 
munmap res=0 vm_size=239880 vm_rss=12568 vm_swap=0 
munmap addr=7F210FE00000 length=2097152 
munmap res=0 vm_size=237832 vm_rss=10520 vm_swap=0 
munmap addr=7F211E5C6000 length=323584 
munmap res=0 vm_size=237516 vm_rss=10516 vm_swap=0 
munmap addr=7F211E5B0000 length=8192 
munmap res=0 vm_size=237508 vm_rss=10512 vm_swap=0 
munmap addr=7F211E5AA000 length=8192 
munmap res=0 vm_size=237500 vm_rss=10508 vm_swap=0 
munmap addr=7F211E5AE000 length=8192 
munmap res=0 vm_size=237492 vm_rss=10504 vm_swap=0 
munmap addr=7F211E5AC000 length=8192 
munmap res=0 vm_size=237484 vm_rss=10500 vm_swap=0 
munmap addr=7F211E5A8000 length=8192 
munmap res=0 vm_size=237476 vm_rss=10492 vm_swap=0 
munmap addr=7F211E5A6000 length=8192 
munmap res=0 vm_size=237468 vm_rss=10488 vm_swap=0 
close fd=5(<p>pipe:[2905673]) 
close res=0 
close fd=4(<p>pipe:[2905673]) 
close res=0 
exit_group 
futex addr=7F21183438EC op=129(FUTEX_PRIVATE_FLAG|FUTEX_WAKE) val=2147483647 
futex res=0 
munmap addr=7F211E558000 length=299008 
munmap res=0 vm_size=239864 vm_rss=12556 vm_swap=0 
munmap addr=7F210FE00000 length=2097152 
munmap res=0 vm_size=237816 vm_rss=10508 vm_swap=0 
munmap addr=7F211E5C6000 length=323584 
munmap res=0 vm_size=237500 vm_rss=10504 vm_swap=0 
munmap addr=7F211E5B0000 length=8192 
munmap res=0 vm_size=237492 vm_rss=10500 vm_swap=0 
munmap addr=7F211E5AA000 length=8192 
munmap res=0 vm_size=237484 vm_rss=10496 vm_swap=0 
munmap addr=7F211E5AE000 length=8192 
munmap res=0 vm_size=237476 vm_rss=10492 vm_swap=0 
munmap addr=7F211E5AC000 length=8192 
munmap res=0 vm_size=237468 vm_rss=10488 vm_swap=0 
close fd=5(<p>pipe:[2905673]) 
close res=0 
close fd=4(<p>pipe:[2905673]) 
close res=0 
munmap addr=7F211E558000 length=299008 
munmap res=0 vm_size=240008 vm_rss=13532 vm_swap=0 
munmap addr=7F210FE00000 length=2097152 
munmap res=0 vm_size=237960 vm_rss=11484 vm_swap=0 
munmap addr=7F211E5C6000 length=323584 
munmap res=0 vm_size=237644 vm_rss=11480 vm_swap=0 
munmap addr=7F211E5B0000 length=8192 
munmap res=0 vm_size=237636 vm_rss=11476 vm_swap=0 
munmap addr=7F211E5AA000 length=8192 
munmap res=0 vm_size=237628 vm_rss=11472 vm_swap=0 
munmap addr=7F211E5AE000 length=8192 
munmap res=0 vm_size=237620 vm_rss=11468 vm_swap=0 
munmap addr=7F211E5AC000 length=8192 
munmap res=0 vm_size=237612 vm_rss=11464 vm_swap=0 
munmap addr=7F211E542000 length=8192 
munmap res=0 vm_size=237604 vm_rss=11460 vm_swap=0 
munmap addr=7F211E5A4000 length=8192 
munmap res=0 vm_size=237596 vm_rss=11452 vm_swap=0 
munmap addr=7F211E5A2000 length=8192 
munmap res=0 vm_size=237588 vm_rss=11444 vm_swap=0 
munmap addr=7F211E5A8000 length=8192 
munmap res=0 vm_size=237580 vm_rss=11436 vm_swap=0 
munmap addr=7F211E546000 length=8192 
munmap res=0 vm_size=237572 vm_rss=11432 vm_swap=0 
munmap addr=7F211E544000 length=8192 
munmap res=0 vm_size=237564 vm_rss=11428 vm_swap=0 
munmap addr=7F211E5A6000 length=8192 
munmap res=0 vm_size=237556 vm_rss=11424 vm_swap=0 
close fd=5(<p>pipe:[2905673]) 
close res=0 
close fd=4(<p>pipe:[2905673]) 
close res=0 
futex addr=7F21183438EC op=129(FUTEX_PRIVATE_FLAG|FUTEX_WAKE) val=2147483647 
futex res=0 
futex addr=7F21183438EC op=129(FUTEX_PRIVATE_FLAG|FUTEX_WAKE) val=2147483647 
futex res=0 
exit_group 
exit_group 
exit_group 
munmap addr=7F210725F000 length=134217728 
munmap res=0 vm_size=252064 vm_rss=11000 vm_swap=0 
close fd=8(<f>/tmp/.ZendSem.k6JI1W (deleted)) 
close res=0 
munmap addr=7F210F25F000 length=2243784 
munmap res=0 vm_size=249872 vm_rss=11040 vm_swap=0 
munmap addr=7F210F921000 length=2517856 
munmap res=0 vm_size=247412 vm_rss=11060 vm_swap=0 
munmap addr=7F210F6EE000 length=2301968 
munmap res=0 vm_size=245160 vm_rss=11032 vm_swap=0 
munmap addr=7F210F483000 length=2531352 
munmap res=0 vm_size=242684 vm_rss=11004 vm_swap=0 
munmap addr=7F210FB88000 length=2584984 
munmap res=0 vm_size=240156 vm_rss=12680 vm_swap=0 
munmap addr=7F211E558000 length=299008 
munmap res=0 vm_size=239864 vm_rss=12556 vm_swap=0 
munmap addr=7F210FE00000 length=2097152 
munmap res=0 vm_size=237816 vm_rss=10508 vm_swap=0 
munmap addr=7F211E5C6000 length=323584 
munmap res=0 vm_size=237500 vm_rss=10504 vm_swap=0 
munmap addr=7F211E5B0000 length=8192 
munmap res=0 vm_size=237492 vm_rss=10500 vm_swap=0 
munmap addr=7F211E5AA000 length=8192 
munmap res=0 vm_size=237484 vm_rss=10496 vm_swap=0 
munmap addr=7F211E5AE000 length=8192 
munmap res=0 vm_size=237476 vm_rss=10492 vm_swap=0 
munmap addr=7F211E5AC000 length=8192 
munmap res=0 vm_size=237468 vm_rss=10488 vm_swap=0 
close fd=5(<p>pipe:[2905673]) 
close res=0 
close fd=4(<p>pipe:[2905673]) 
close res=0 
futex addr=7F21183438EC op=129(FUTEX_PRIVATE_FLAG|FUTEX_WAKE) val=2147483647 
futex res=0 
exit_group 
