accept fd=10(<4t>172.18.0.1:35516->172.18.0.3:80) tuple=172.18.0.1:35516->172.18.0.3:80 queuepct=0 queuelen=0 queuemax=511 
getsockname 
getsockname 
fcntl fd=10(<4t>172.18.0.1:35516->172.18.0.3:80) cmd=4(F_GETFL) 
fcntl res=2(<p>pipe:[3063944]) 
fcntl fd=10(<4t>172.18.0.1:35516->172.18.0.3:80) cmd=5(F_SETFL) 
fcntl res=0(<f>/dev/null) 
mmap addr=0 length=8192 prot=3(PROT_READ|PROT_WRITE) flags=10(MAP_PRIVATE|MAP_ANONYMOUS) fd=-1(EPERM) offset=0 
mmap res=7FA5266C7000 vm_size=383144 vm_rss=9016 vm_swap=0 
mmap addr=0 length=8192 prot=3(PROT_READ|PROT_WRITE) flags=10(MAP_PRIVATE|MAP_ANONYMOUS) fd=-1(EPERM) offset=0 
mmap res=7FA5266C5000 vm_size=383152 vm_rss=9016 vm_swap=0 
read fd=10(<4t>172.18.0.1:35516->172.18.0.3:80) size=8000 
read res=1015 data=GET /wp-content/plugins/mail-masta/lib/jquery.selectbox-0.2.min.js?ver=4.9.2 HTT 
stat 
stat res=0 path=/var/www/html/wp-content/plugins/mail-masta/lib/jquery.selectbox-0.2.min.js 
mmap addr=0 length=8192 prot=3(PROT_READ|PROT_WRITE) flags=10(MAP_PRIVATE|MAP_ANONYMOUS) fd=-1(EPERM) offset=0 
mmap res=7FA5266C3000 vm_size=383160 vm_rss=9016 vm_swap=0 
open 
open fd=-2(ENOENT) name=/var/www/.htaccess flags=4097(O_RDONLY|O_CLOEXEC) mode=0 dev=0 
open 
open fd=11(<f>/var/www/html/.htaccess) name=/var/www/html/.htaccess flags=4097(O_RDONLY|O_CLOEXEC) mode=0 dev=34 
fstat fd=11(<f>/var/www/html/.htaccess) 
fstat res=0 
read fd=11(<f>/var/www/html/.htaccess) size=4096 
read res=234 data=# BEGIN WordPress.<IfModule mod_rewrite.c>.RewriteEngine On.RewriteBase /.Rewrit 
read fd=11(<f>/var/www/html/.htaccess) size=4096 
read res=0 data= 
close fd=11(<f>/var/www/html/.htaccess) 
close res=0 
open 
open fd=-2(ENOENT) name=/var/www/html/wp-content/.htaccess flags=4097(O_RDONLY|O_CLOEXEC) mode=0 dev=0 
mmap addr=0 length=8192 prot=3(PROT_READ|PROT_WRITE) flags=10(MAP_PRIVATE|MAP_ANONYMOUS) fd=-1(EPERM) offset=0 
mmap res=7FA5266C1000 vm_size=383168 vm_rss=9016 vm_swap=0 
open 
open fd=-2(ENOENT) name=/var/www/html/wp-content/plugins/.htaccess flags=4097(O_RDONLY|O_CLOEXEC) mode=0 dev=0 
open 
open fd=-2(ENOENT) name=/var/www/html/wp-content/plugins/mail-masta/.htaccess flags=4097(O_RDONLY|O_CLOEXEC) mode=0 dev=0 
open 
open fd=-2(ENOENT) name=/var/www/html/wp-content/plugins/mail-masta/lib/.htaccess flags=4097(O_RDONLY|O_CLOEXEC) mode=0 dev=0 
open 
open fd=-20(ENOTDIR) name=/var/www/html/wp-content/plugins/mail-masta/lib/jquery.selectbox-0.2.min.js/.htaccess flags=4097(O_RDONLY|O_CLOEXEC) mode=0 dev=0 
stat 
stat res=0 path=/var/www/html/wp-content/plugins/mail-masta/lib/jquery.selectbox-0.2.min.js 
open 
open fd=11(<f>/var/www/html/wp-content/plugins/mail-masta/lib/jquery.selectbox-0.2.min.js) name=/var/www/html/wp-content/plugins/mail-masta/lib/jquery.selectbox-0.2.min.js flags=4097(O_RDONLY|O_CLOEXEC) mode=0 dev=34 
mmap addr=0 length=9296 prot=1(PROT_READ) flags=1(MAP_SHARED) fd=11(<f>/var/www/html/wp-content/plugins/mail-masta/lib/jquery.selectbox-0.2.min.js) offset=0 
mmap res=7FA526674000 vm_size=383180 vm_rss=9016 vm_swap=0 
mmap addr=0 length=8192 prot=3(PROT_READ|PROT_WRITE) flags=10(MAP_PRIVATE|MAP_ANONYMOUS) fd=-1(EPERM) offset=0 
mmap res=7FA526672000 vm_size=383188 vm_rss=9016 vm_swap=0 
brk addr=55DE1F3B6000 
brk res=55DE1F3B6000 vm_size=383344 vm_rss=9980 vm_swap=0 
brk addr=55DE1F3E6000 
brk res=55DE1F3E6000 vm_size=383536 vm_rss=9980 vm_swap=0 
munmap addr=7FA526674000 length=9296 
munmap res=0 vm_size=383524 vm_rss=10228 vm_swap=0 
mmap addr=0 length=8192 prot=3(PROT_READ|PROT_WRITE) flags=10(MAP_PRIVATE|MAP_ANONYMOUS) fd=-1(EPERM) offset=0 
mmap res=7FA526675000 vm_size=383532 vm_rss=10228 vm_swap=0 
brk addr=55DE1F3B6000 
brk res=55DE1F3B6000 vm_size=383340 vm_rss=10148 vm_swap=0 
mmap addr=0 length=8192 prot=3(PROT_READ|PROT_WRITE) flags=10(MAP_PRIVATE|MAP_ANONYMOUS) fd=-1(EPERM) offset=0 
mmap res=7FA526670000 vm_size=383348 vm_rss=10148 vm_swap=0 
mmap addr=0 length=8192 prot=3(PROT_READ|PROT_WRITE) flags=10(MAP_PRIVATE|MAP_ANONYMOUS) fd=-1(EPERM) offset=0 
mmap res=7FA52666E000 vm_size=383356 vm_rss=10148 vm_swap=0 
read fd=10(<4t>172.18.0.1:35516->172.18.0.3:80) size=8000 
read res=-11(EAGAIN) data= 
writev fd=10(<4t>172.18.0.1:35516->172.18.0.3:80) size=3131 
writev res=3131 data=HTTP/1.1 200 OK..Date: Thu, 10 Aug 2023 04:11:28 GMT..Server: Apache/2.4.25 (Deb 
write fd=7(<p>pipe:[3063943]) size=255 
write res=255 data=172.18.0.1 - - [10/Aug/2023:04:11:28 +0000] "GET /wp-content/plugins/mail-masta/ 
times 
times 
close fd=11(<f>/var/www/html/wp-content/plugins/mail-masta/lib/jquery.selectbox-0.2.min.js) 
close res=0 
poll fds=10:41 timeout=5000 
poll res=1 fds=10:41 
read fd=10(<4t>172.18.0.1:35516->172.18.0.3:80) size=8000 
read res=1010 data=GET /wp-content/plugins/leaguemanager/admin/js/functions.js?ver=3.9.1.1 HTTP/1.1 
stat 
stat res=0 path=/var/www/html/wp-content/plugins/leaguemanager/admin/js/functions.js 
open 
open fd=-2(ENOENT) name=/var/www/.htaccess flags=4097(O_RDONLY|O_CLOEXEC) mode=0 dev=0 
open 
open fd=11(<f>/var/www/html/.htaccess) name=/var/www/html/.htaccess flags=4097(O_RDONLY|O_CLOEXEC) mode=0 dev=34 
fstat fd=11(<f>/var/www/html/.htaccess) 
fstat res=0 
read fd=11(<f>/var/www/html/.htaccess) size=4096 
read res=234 data=# BEGIN WordPress.<IfModule mod_rewrite.c>.RewriteEngine On.RewriteBase /.Rewrit 
read fd=11(<f>/var/www/html/.htaccess) size=4096 
read res=0 data= 
close fd=11(<f>/var/www/html/.htaccess) 
close res=0 
open 
open fd=-2(ENOENT) name=/var/www/html/wp-content/.htaccess flags=4097(O_RDONLY|O_CLOEXEC) mode=0 dev=0 
open 
open fd=-2(ENOENT) name=/var/www/html/wp-content/plugins/.htaccess flags=4097(O_RDONLY|O_CLOEXEC) mode=0 dev=0 
open 
open fd=-2(ENOENT) name=/var/www/html/wp-content/plugins/leaguemanager/.htaccess flags=4097(O_RDONLY|O_CLOEXEC) mode=0 dev=0 
open 
open fd=-2(ENOENT) name=/var/www/html/wp-content/plugins/leaguemanager/admin/.htaccess flags=4097(O_RDONLY|O_CLOEXEC) mode=0 dev=0 
open 
open fd=-2(ENOENT) name=/var/www/html/wp-content/plugins/leaguemanager/admin/js/.htaccess flags=4097(O_RDONLY|O_CLOEXEC) mode=0 dev=0 
open 
open fd=-20(ENOTDIR) name=/var/www/html/wp-content/plugins/leaguemanager/admin/js/functions.js/.htaccess flags=4097(O_RDONLY|O_CLOEXEC) mode=0 dev=0 
stat 
stat res=0 path=/var/www/html/wp-content/plugins/leaguemanager/admin/js/functions.js 
open 
open fd=11(<f>/var/www/html/wp-content/plugins/leaguemanager/admin/js/functions.js) name=/var/www/html/wp-content/plugins/leaguemanager/admin/js/functions.js flags=4097(O_RDONLY|O_CLOEXEC) mode=0 dev=34 
mmap addr=0 length=3930 prot=1(PROT_READ) flags=1(MAP_SHARED) fd=11(<f>/var/www/html/wp-content/plugins/leaguemanager/admin/js/functions.js) offset=0 
mmap res=7FA5266C0000 vm_size=383360 vm_rss=10148 vm_swap=0 
brk addr=55DE1F3E6000 
brk res=55DE1F3E6000 vm_size=383552 vm_rss=10148 vm_swap=0 
munmap addr=7FA5266C0000 length=3930 
munmap res=0 vm_size=383548 vm_rss=10272 vm_swap=0 
brk addr=55DE1F3B6000 
brk res=55DE1F3B6000 vm_size=383356 vm_rss=10188 vm_swap=0 
read fd=10(<4t>172.18.0.1:35516->172.18.0.3:80) size=8000 
read res=-11(EAGAIN) data= 
writev fd=10(<4t>172.18.0.1:35516->172.18.0.3:80) size=1633 
writev res=1633 data=HTTP/1.1 200 OK..Date: Thu, 10 Aug 2023 04:11:28 GMT..Server: Apache/2.4.25 (Deb 
write fd=7(<p>pipe:[3063943]) size=250 
write res=250 data=172.18.0.1 - - [10/Aug/2023:04:11:28 +0000] "GET /wp-content/plugins/leaguemanag 
times 
times 
close fd=11(<f>/var/www/html/wp-content/plugins/leaguemanager/admin/js/functions.js) 
close res=0 
poll fds=10:41 timeout=5000 
poll res=1 fds=10:41 
read fd=10(<4t>172.18.0.1:35516->172.18.0.3:80) size=8000 
read res=1017 data=GET /wp-content/plugins/mail-masta/lib/jquery-ui-timepicker-addon.js?ver=4.9.2 H 
stat 
stat res=0 path=/var/www/html/wp-content/plugins/mail-masta/lib/jquery-ui-timepicker-addon.js 
open 
open fd=-2(ENOENT) name=/var/www/.htaccess flags=4097(O_RDONLY|O_CLOEXEC) mode=0 dev=0 
open 
open fd=11(<f>/var/www/html/.htaccess) name=/var/www/html/.htaccess flags=4097(O_RDONLY|O_CLOEXEC) mode=0 dev=34 
fstat fd=11(<f>/var/www/html/.htaccess) 
fstat res=0 
read fd=11(<f>/var/www/html/.htaccess) size=4096 
read res=234 data=# BEGIN WordPress.<IfModule mod_rewrite.c>.RewriteEngine On.RewriteBase /.Rewrit 
read fd=11(<f>/var/www/html/.htaccess) size=4096 
read res=0 data= 
close fd=11(<f>/var/www/html/.htaccess) 
close res=0 
open 
open fd=-2(ENOENT) name=/var/www/html/wp-content/.htaccess flags=4097(O_RDONLY|O_CLOEXEC) mode=0 dev=0 
open 
open fd=-2(ENOENT) name=/var/www/html/wp-content/plugins/.htaccess flags=4097(O_RDONLY|O_CLOEXEC) mode=0 dev=0 
open 
open fd=-2(ENOENT) name=/var/www/html/wp-content/plugins/mail-masta/.htaccess flags=4097(O_RDONLY|O_CLOEXEC) mode=0 dev=0 
open 
open fd=-2(ENOENT) name=/var/www/html/wp-content/plugins/mail-masta/lib/.htaccess flags=4097(O_RDONLY|O_CLOEXEC) mode=0 dev=0 
open 
open fd=-20(ENOTDIR) name=/var/www/html/wp-content/plugins/mail-masta/lib/jquery-ui-timepicker-addon.js/.htaccess flags=4097(O_RDONLY|O_CLOEXEC) mode=0 dev=0 
stat 
stat res=0 path=/var/www/html/wp-content/plugins/mail-masta/lib/jquery-ui-timepicker-addon.js 
open 
open fd=11(<f>/var/www/html/wp-content/plugins/mail-masta/lib/jquery-ui-timepicker-addon.js) name=/var/www/html/wp-content/plugins/mail-masta/lib/jquery-ui-timepicker-addon.js flags=4097(O_RDONLY|O_CLOEXEC) mode=0 dev=34 
mmap addr=0 length=76503 prot=1(PROT_READ) flags=1(MAP_SHARED) fd=11(<f>/var/www/html/wp-content/plugins/mail-masta/lib/jquery-ui-timepicker-addon.js) offset=0 
mmap res=7FA52665B000 vm_size=383432 vm_rss=10188 vm_swap=0 
brk addr=55DE1F3E6000 
brk res=55DE1F3E6000 vm_size=383624 vm_rss=10188 vm_swap=0 
munmap addr=7FA52665B000 length=76503 
munmap res=0 vm_size=383548 vm_rss=10388 vm_swap=0 
mmap addr=0 length=8192 prot=3(PROT_READ|PROT_WRITE) flags=10(MAP_PRIVATE|MAP_ANONYMOUS) fd=-1(EPERM) offset=0 
mmap res=7FA52666C000 vm_size=383556 vm_rss=10388 vm_swap=0 
brk addr=55DE1F3B6000 
brk res=55DE1F3B6000 vm_size=383364 vm_rss=10288 vm_swap=0 
mmap addr=0 length=8192 prot=3(PROT_READ|PROT_WRITE) flags=10(MAP_PRIVATE|MAP_ANONYMOUS) fd=-1(EPERM) offset=0 
mmap res=7FA52666A000 vm_size=383372 vm_rss=10288 vm_swap=0 
writev fd=10(<4t>172.18.0.1:35516->172.18.0.3:80) size=18096 
writev res=18096 data=HTTP/1.1 200 OK..Date: Thu, 10 Aug 2023 04:11:28 GMT..Server: Apache/2.4.25 (Deb 
write fd=7(<p>pipe:[3063943]) size=258 
write res=258 data=172.18.0.1 - - [10/Aug/2023:04:11:28 +0000] "GET /wp-content/plugins/mail-masta/ 
times 
times 
close fd=11(<f>/var/www/html/wp-content/plugins/mail-masta/lib/jquery-ui-timepicker-addon.js) 
close res=0 
read fd=10(<4t>172.18.0.1:35516->172.18.0.3:80) size=8000 
read res=-11(EAGAIN) data= 
poll fds=10:41 timeout=5000 
clone res=0 exe=apache2 args=-DFOREGROUND. tid=1043743(apache2) pid=1043743(apache2) ptid=1042534(apache2) cwd= fdlimit=1048576 pgft_maj=0 pgft_min=1 vm_size=383104 vm_rss=7640 vm_swap=0 comm=apache2 cgroups=cpuset=/system.slice/docker-4d81cb26c66231747b04db742cd4f8fff01cc68354eaa9325... flags=562036736(CLONE_CHILD_CLEARTID|CLONE_CHILD_SETTID) uid=0 gid=0 vtid=74 vpid=74 
set_robust_list 
set_robust_list 
rt_sigaction 
rt_sigaction 
rt_sigaction 
rt_sigaction 
rt_sigaction 
rt_sigaction 
getpid 
getpid 
getpid 
getpid 
mmap addr=0 length=8192 prot=3(PROT_READ|PROT_WRITE) flags=10(MAP_PRIVATE|MAP_ANONYMOUS) fd=-1(EPERM) offset=0 
mmap res=7FA5266CF000 vm_size=383112 vm_rss=7640 vm_swap=0 
mmap addr=0 length=8192 prot=3(PROT_READ|PROT_WRITE) flags=10(MAP_PRIVATE|MAP_ANONYMOUS) fd=-1(EPERM) offset=0 
mmap res=7FA5266CD000 vm_size=383120 vm_rss=7640 vm_swap=0 
geteuid 
geteuid euid=0(root) 
setgid gid=33(www-data) 
setgid res=0 
open 
open fd=9(<f>/proc/sys/kernel/ngroups_max) name=/proc/sys/kernel/ngroups_max flags=1(O_RDONLY) mode=0 dev=63 
read fd=9(<f>/proc/sys/kernel/ngroups_max) size=31 
read res=6 data=65536. 
close fd=9(<f>/proc/sys/kernel/ngroups_max) 
close res=0 
open 
open fd=9(<f>/etc/group) name=/etc/group flags=4097(O_RDONLY|O_CLOEXEC) mode=0 dev=5D 
lseek fd=9(<f>/etc/group) offset=0 whence=1(SEEK_CUR) 
lseek res=0 
fstat fd=9(<f>/etc/group) 
fstat res=0 
mmap addr=0 length=446 prot=1(PROT_READ) flags=1(MAP_SHARED) fd=9(<f>/etc/group) offset=0 
mmap res=7FA5266CC000 vm_size=383124 vm_rss=7640 vm_swap=0 
lseek fd=9(<f>/etc/group) offset=446 whence=0(SEEK_SET) 
lseek res=446 
fstat fd=9(<f>/etc/group) 
fstat res=0 
munmap addr=7FA5266CC000 length=446 
munmap res=0 vm_size=383120 vm_rss=9032 vm_swap=0 
close fd=9(<f>/etc/group) 
close res=0 
setgroups 
setgroups 
geteuid 
geteuid euid=0(root) 
setuid uid=33(www-data) 
setuid res=0 
getpid 
getpid 
rt_sigaction 
rt_sigaction 
rt_sigaction 
rt_sigaction 
rt_sigaction 
rt_sigaction 
rt_sigaction 
rt_sigaction 
rt_sigaction 
rt_sigaction 
rt_sigaction 
rt_sigaction 
rt_sigaction 
rt_sigaction 
rt_sigaction 
rt_sigaction 
rt_sigaction 
rt_sigaction 
rt_sigaction 
rt_sigaction 
rt_sigaction 
rt_sigaction 
rt_sigaction 
rt_sigaction 
rt_sigaction 
rt_sigaction 
rt_sigaction 
rt_sigaction 
rt_sigaction 
rt_sigaction 
rt_sigaction 
rt_sigaction 
rt_sigaction 
rt_sigaction 
rt_sigaction 
rt_sigaction 
rt_sigaction 
rt_sigaction 
rt_sigaction 
rt_sigaction 
rt_sigaction 
rt_sigaction 
rt_sigaction 
rt_sigaction 
rt_sigaction 
rt_sigaction 
rt_sigaction 
rt_sigaction 
rt_sigaction 
rt_sigaction 
rt_sigaction 
rt_sigaction 
rt_sigaction 
rt_sigaction 
rt_sigaction 
rt_sigaction 
rt_sigaction 
rt_sigaction 
rt_sigaction 
rt_sigaction 
rt_sigaction 
rt_sigaction 
rt_sigaction 
rt_sigaction 
rt_sigaction 
rt_sigaction 
rt_sigaction 
rt_sigaction 
rt_sigaction 
rt_sigaction 
rt_sigaction 
rt_sigaction 
rt_sigaction 
rt_sigaction 
rt_sigaction 
rt_sigaction 
rt_sigaction 
rt_sigaction 
rt_sigaction 
rt_sigaction 
rt_sigaction 
rt_sigaction 
rt_sigaction 
rt_sigaction 
rt_sigaction 
rt_sigaction 
rt_sigaction 
rt_sigaction 
rt_sigaction 
rt_sigaction 
rt_sigaction 
rt_sigaction 
rt_sigaction 
rt_sigaction 
rt_sigaction 
rt_sigaction 
rt_sigaction 
rt_sigaction 
rt_sigaction 
rt_sigaction 
rt_sigaction 
rt_sigaction 
rt_sigaction 
rt_sigaction 
rt_sigaction 
rt_sigaction 
rt_sigaction 
rt_sigaction 
rt_sigaction 
rt_sigaction 
clone res=0 exe=apache2 args=-DFOREGROUND. tid=1043744(apache2) pid=1043744(apache2) ptid=1042534(apache2) cwd= fdlimit=1048576 pgft_maj=0 pgft_min=1 vm_size=383104 vm_rss=7640 vm_swap=0 comm=apache2 cgroups=cpuset=/system.slice/docker-4d81cb26c66231747b04db742cd4f8fff01cc68354eaa9325... flags=562036736(CLONE_CHILD_CLEARTID|CLONE_CHILD_SETTID) uid=0 gid=0 vtid=75 vpid=75 
rt_sigaction 
rt_sigaction 
rt_sigaction 
rt_sigaction 
rt_sigaction 
rt_sigaction 
rt_sigaction 
rt_sigaction 
rt_sigaction 
rt_sigaction 
rt_sigaction 
rt_sigaction 
rt_sigaction 
rt_sigaction 
mmap addr=0 length=8192 prot=3(PROT_READ|PROT_WRITE) flags=10(MAP_PRIVATE|MAP_ANONYMOUS) fd=-1(EPERM) offset=0 
mmap res=7FA5266CB000 vm_size=383128 vm_rss=9032 vm_swap=0 
set_robust_list 
set_robust_list 
getpid 
getpid 
epoll_create1 
epoll_create1 
epoll_ctl 
epoll_ctl 
mmap addr=0 length=8192 prot=3(PROT_READ|PROT_WRITE) flags=10(MAP_PRIVATE|MAP_ANONYMOUS) fd=-1(EPERM) offset=0 
mmap res=7FA5266C9000 vm_size=383136 vm_rss=9032 vm_swap=0 
accept flags=0 
rt_sigaction 
rt_sigaction 
rt_sigaction 
rt_sigaction 
rt_sigaction 
rt_sigaction 
getpid 
getpid 
getpid 
getpid 
mmap addr=0 length=8192 prot=3(PROT_READ|PROT_WRITE) flags=10(MAP_PRIVATE|MAP_ANONYMOUS) fd=-1(EPERM) offset=0 
mmap res=7FA5266CF000 vm_size=383112 vm_rss=7640 vm_swap=0 
mmap addr=0 length=8192 prot=3(PROT_READ|PROT_WRITE) flags=10(MAP_PRIVATE|MAP_ANONYMOUS) fd=-1(EPERM) offset=0 
mmap res=7FA5266CD000 vm_size=383120 vm_rss=7640 vm_swap=0 
geteuid 
geteuid euid=0(root) 
setgid gid=33(www-data) 
setgid res=0 
open 
open fd=9(<f>/proc/sys/kernel/ngroups_max) name=/proc/sys/kernel/ngroups_max flags=1(O_RDONLY) mode=0 dev=63 
read fd=9(<f>/proc/sys/kernel/ngroups_max) size=31 
read res=6 data=65536. 
close fd=9(<f>/proc/sys/kernel/ngroups_max) 
close res=0 
open 
open fd=9(<f>/etc/group) name=/etc/group flags=4097(O_RDONLY|O_CLOEXEC) mode=0 dev=5D 
lseek fd=9(<f>/etc/group) offset=0 whence=1(SEEK_CUR) 
lseek res=0 
fstat fd=9(<f>/etc/group) 
fstat res=0 
mmap addr=0 length=446 prot=1(PROT_READ) flags=1(MAP_SHARED) fd=9(<f>/etc/group) offset=0 
mmap res=7FA5266CC000 vm_size=383124 vm_rss=7640 vm_swap=0 
lseek fd=9(<f>/etc/group) offset=446 whence=0(SEEK_SET) 
lseek res=446 
fstat fd=9(<f>/etc/group) 
fstat res=0 
munmap addr=7FA5266CC000 length=446 
munmap res=0 vm_size=383120 vm_rss=9032 vm_swap=0 
close fd=9(<f>/etc/group) 
close res=0 
setgroups 
setgroups 
geteuid 
geteuid euid=0(root) 
setuid uid=33(www-data) 
setuid res=0 
getpid 
getpid 
rt_sigaction 
rt_sigaction 
rt_sigaction 
rt_sigaction 
rt_sigaction 
rt_sigaction 
rt_sigaction 
rt_sigaction 
rt_sigaction 
rt_sigaction 
rt_sigaction 
rt_sigaction 
rt_sigaction 
rt_sigaction 
rt_sigaction 
rt_sigaction 
rt_sigaction 
rt_sigaction 
rt_sigaction 
rt_sigaction 
rt_sigaction 
rt_sigaction 
rt_sigaction 
rt_sigaction 
rt_sigaction 
rt_sigaction 
rt_sigaction 
rt_sigaction 
rt_sigaction 
rt_sigaction 
rt_sigaction 
rt_sigaction 
rt_sigaction 
rt_sigaction 
rt_sigaction 
rt_sigaction 
rt_sigaction 
rt_sigaction 
rt_sigaction 
rt_sigaction 
rt_sigaction 
rt_sigaction 
rt_sigaction 
rt_sigaction 
rt_sigaction 
rt_sigaction 
rt_sigaction 
rt_sigaction 
rt_sigaction 
rt_sigaction 
rt_sigaction 
rt_sigaction 
rt_sigaction 
rt_sigaction 
rt_sigaction 
rt_sigaction 
rt_sigaction 
rt_sigaction 
rt_sigaction 
rt_sigaction 
rt_sigaction 
rt_sigaction 
rt_sigaction 
rt_sigaction 
rt_sigaction 
rt_sigaction 
rt_sigaction 
rt_sigaction 
rt_sigaction 
rt_sigaction 
rt_sigaction 
rt_sigaction 
rt_sigaction 
rt_sigaction 
rt_sigaction 
rt_sigaction 
rt_sigaction 
rt_sigaction 
rt_sigaction 
rt_sigaction 
rt_sigaction 
rt_sigaction 
rt_sigaction 
rt_sigaction 
rt_sigaction 
rt_sigaction 
rt_sigaction 
rt_sigaction 
rt_sigaction 
rt_sigaction 
rt_sigaction 
rt_sigaction 
rt_sigaction 
rt_sigaction 
rt_sigaction 
rt_sigaction 
rt_sigaction 
rt_sigaction 
rt_sigaction 
rt_sigaction 
rt_sigaction 
rt_sigaction 
rt_sigaction 
rt_sigaction 
rt_sigaction 
rt_sigaction 
rt_sigaction 
rt_sigaction 
rt_sigaction 
rt_sigaction 
rt_sigaction 
rt_sigaction 
rt_sigaction 
rt_sigaction 
rt_sigaction 
rt_sigaction 
rt_sigaction 
rt_sigaction 
rt_sigaction 
rt_sigaction 
rt_sigaction 
rt_sigaction 
rt_sigaction 
rt_sigaction 
mmap addr=0 length=8192 prot=3(PROT_READ|PROT_WRITE) flags=10(MAP_PRIVATE|MAP_ANONYMOUS) fd=-1(EPERM) offset=0 
mmap res=7FA5266CB000 vm_size=383128 vm_rss=9032 vm_swap=0 
getpid 
getpid 
epoll_create1 
epoll_create1 
epoll_ctl 
epoll_ctl 
mmap addr=0 length=8192 prot=3(PROT_READ|PROT_WRITE) flags=10(MAP_PRIVATE|MAP_ANONYMOUS) fd=-1(EPERM) offset=0 
mmap res=7FA5266C9000 vm_size=383136 vm_rss=9032 vm_swap=0 
accept flags=0 
clone res=0 exe=apache2 args=-DFOREGROUND. tid=1043745(apache2) pid=1043745(apache2) ptid=1042534(apache2) cwd= fdlimit=1048576 pgft_maj=0 pgft_min=1 vm_size=383104 vm_rss=7640 vm_swap=0 comm=apache2 cgroups=cpuset=/system.slice/docker-4d81cb26c66231747b04db742cd4f8fff01cc68354eaa9325... flags=562036736(CLONE_CHILD_CLEARTID|CLONE_CHILD_SETTID) uid=0 gid=0 vtid=76 vpid=76 
set_robust_list 
set_robust_list 
rt_sigaction 
rt_sigaction 
rt_sigaction 
rt_sigaction 
rt_sigaction 
rt_sigaction 
getpid 
getpid 
getpid 
getpid 
mmap addr=0 length=8192 prot=3(PROT_READ|PROT_WRITE) flags=10(MAP_PRIVATE|MAP_ANONYMOUS) fd=-1(EPERM) offset=0 
mmap res=7FA5266CF000 vm_size=383112 vm_rss=7640 vm_swap=0 
mmap addr=0 length=8192 prot=3(PROT_READ|PROT_WRITE) flags=10(MAP_PRIVATE|MAP_ANONYMOUS) fd=-1(EPERM) offset=0 
mmap res=7FA5266CD000 vm_size=383120 vm_rss=7640 vm_swap=0 
geteuid 
geteuid euid=0(root) 
setgid gid=33(www-data) 
setgid res=0 
open 
open fd=9(<f>/proc/sys/kernel/ngroups_max) name=/proc/sys/kernel/ngroups_max flags=1(O_RDONLY) mode=0 dev=63 
read fd=9(<f>/proc/sys/kernel/ngroups_max) size=31 
read res=6 data=65536. 
close fd=9(<f>/proc/sys/kernel/ngroups_max) 
close res=0 
open 
open fd=9(<f>/etc/group) name=/etc/group flags=4097(O_RDONLY|O_CLOEXEC) mode=0 dev=5D 
lseek fd=9(<f>/etc/group) offset=0 whence=1(SEEK_CUR) 
lseek res=0 
fstat fd=9(<f>/etc/group) 
fstat res=0 
mmap addr=0 length=446 prot=1(PROT_READ) flags=1(MAP_SHARED) fd=9(<f>/etc/group) offset=0 
mmap res=7FA5266CC000 vm_size=383124 vm_rss=7640 vm_swap=0 
lseek fd=9(<f>/etc/group) offset=446 whence=0(SEEK_SET) 
lseek res=446 
fstat fd=9(<f>/etc/group) 
fstat res=0 
munmap addr=7FA5266CC000 length=446 
munmap res=0 vm_size=383120 vm_rss=9032 vm_swap=0 
close fd=9(<f>/etc/group) 
close res=0 
setgroups 
setgroups 
geteuid 
geteuid euid=0(root) 
setuid uid=33(www-data) 
setuid res=0 
getpid 
getpid 
rt_sigaction 
rt_sigaction 
rt_sigaction 
rt_sigaction 
rt_sigaction 
rt_sigaction 
rt_sigaction 
rt_sigaction 
rt_sigaction 
rt_sigaction 
rt_sigaction 
rt_sigaction 
rt_sigaction 
rt_sigaction 
rt_sigaction 
rt_sigaction 
rt_sigaction 
rt_sigaction 
rt_sigaction 
rt_sigaction 
rt_sigaction 
rt_sigaction 
rt_sigaction 
rt_sigaction 
rt_sigaction 
rt_sigaction 
rt_sigaction 
rt_sigaction 
rt_sigaction 
rt_sigaction 
rt_sigaction 
rt_sigaction 
rt_sigaction 
rt_sigaction 
rt_sigaction 
rt_sigaction 
rt_sigaction 
rt_sigaction 
rt_sigaction 
rt_sigaction 
rt_sigaction 
rt_sigaction 
rt_sigaction 
rt_sigaction 
rt_sigaction 
rt_sigaction 
rt_sigaction 
rt_sigaction 
rt_sigaction 
rt_sigaction 
rt_sigaction 
rt_sigaction 
rt_sigaction 
rt_sigaction 
rt_sigaction 
rt_sigaction 
rt_sigaction 
rt_sigaction 
rt_sigaction 
rt_sigaction 
rt_sigaction 
rt_sigaction 
rt_sigaction 
rt_sigaction 
rt_sigaction 
rt_sigaction 
rt_sigaction 
rt_sigaction 
rt_sigaction 
rt_sigaction 
rt_sigaction 
rt_sigaction 
rt_sigaction 
rt_sigaction 
rt_sigaction 
rt_sigaction 
rt_sigaction 
rt_sigaction 
rt_sigaction 
rt_sigaction 
rt_sigaction 
rt_sigaction 
rt_sigaction 
rt_sigaction 
rt_sigaction 
rt_sigaction 
rt_sigaction 
rt_sigaction 
rt_sigaction 
rt_sigaction 
rt_sigaction 
rt_sigaction 
rt_sigaction 
rt_sigaction 
rt_sigaction 
rt_sigaction 
rt_sigaction 
rt_sigaction 
rt_sigaction 
rt_sigaction 
rt_sigaction 
rt_sigaction 
rt_sigaction 
rt_sigaction 
rt_sigaction 
rt_sigaction 
rt_sigaction 
rt_sigaction 
rt_sigaction 
rt_sigaction 
rt_sigaction 
rt_sigaction 
rt_sigaction 
rt_sigaction 
rt_sigaction 
rt_sigaction 
rt_sigaction 
rt_sigaction 
rt_sigaction 
rt_sigaction 
rt_sigaction 
rt_sigaction 
rt_sigaction 
rt_sigaction 
mmap addr=0 length=8192 prot=3(PROT_READ|PROT_WRITE) flags=10(MAP_PRIVATE|MAP_ANONYMOUS) fd=-1(EPERM) offset=0 
mmap res=7FA5266CB000 vm_size=383128 vm_rss=9032 vm_swap=0 
getpid 
getpid 
epoll_create1 
epoll_create1 
epoll_ctl 
epoll_ctl 
mmap addr=0 length=8192 prot=3(PROT_READ|PROT_WRITE) flags=10(MAP_PRIVATE|MAP_ANONYMOUS) fd=-1(EPERM) offset=0 
mmap res=7FA5266C9000 vm_size=383136 vm_rss=9032 vm_swap=0 
accept flags=0 
clone res=0 exe=apache2 args=-DFOREGROUND. tid=1043746(apache2) pid=1043746(apache2) ptid=1042534(apache2) cwd= fdlimit=1048576 pgft_maj=0 pgft_min=1 vm_size=383104 vm_rss=7640 vm_swap=0 comm=apache2 cgroups=cpuset=/system.slice/docker-4d81cb26c66231747b04db742cd4f8fff01cc68354eaa9325... flags=562036736(CLONE_CHILD_CLEARTID|CLONE_CHILD_SETTID) uid=0 gid=0 vtid=77 vpid=77 
set_robust_list 
set_robust_list 
rt_sigaction 
rt_sigaction 
rt_sigaction 
rt_sigaction 
rt_sigaction 
rt_sigaction 
getpid 
getpid 
getpid 
getpid 
mmap addr=0 length=8192 prot=3(PROT_READ|PROT_WRITE) flags=10(MAP_PRIVATE|MAP_ANONYMOUS) fd=-1(EPERM) offset=0 
mmap res=7FA5266CF000 vm_size=383112 vm_rss=7640 vm_swap=0 
mmap addr=0 length=8192 prot=3(PROT_READ|PROT_WRITE) flags=10(MAP_PRIVATE|MAP_ANONYMOUS) fd=-1(EPERM) offset=0 
mmap res=7FA5266CD000 vm_size=383120 vm_rss=7640 vm_swap=0 
geteuid 
geteuid euid=0(root) 
setgid gid=33(www-data) 
setgid res=0 
open 
open fd=9(<f>/proc/sys/kernel/ngroups_max) name=/proc/sys/kernel/ngroups_max flags=1(O_RDONLY) mode=0 dev=63 
read fd=9(<f>/proc/sys/kernel/ngroups_max) size=31 
read res=6 data=65536. 
close fd=9(<f>/proc/sys/kernel/ngroups_max) 
close res=0 
open 
open fd=9(<f>/etc/group) name=/etc/group flags=4097(O_RDONLY|O_CLOEXEC) mode=0 dev=5D 
lseek fd=9(<f>/etc/group) offset=0 whence=1(SEEK_CUR) 
lseek res=0 
fstat fd=9(<f>/etc/group) 
fstat res=0 
mmap addr=0 length=446 prot=1(PROT_READ) flags=1(MAP_SHARED) fd=9(<f>/etc/group) offset=0 
mmap res=7FA5266CC000 vm_size=383124 vm_rss=7640 vm_swap=0 
lseek fd=9(<f>/etc/group) offset=446 whence=0(SEEK_SET) 
lseek res=446 
clone res=0 exe=apache2 args=-DFOREGROUND. tid=1043747(apache2) pid=1043747(apache2) ptid=1042534(apache2) cwd= fdlimit=1048576 pgft_maj=0 pgft_min=1 vm_size=383104 vm_rss=7640 vm_swap=0 comm=apache2 cgroups=cpuset=/system.slice/docker-4d81cb26c66231747b04db742cd4f8fff01cc68354eaa9325... flags=562036736(CLONE_CHILD_CLEARTID|CLONE_CHILD_SETTID) uid=0 gid=0 vtid=78 vpid=78 
fstat fd=9(<f>/etc/group) 
fstat res=0 
munmap addr=7FA5266CC000 length=446 
munmap res=0 vm_size=383120 vm_rss=9032 vm_swap=0 
close fd=9(<f>/etc/group) 
close res=0 
setgroups 
setgroups 
geteuid 
set_robust_list 
geteuid euid=0(root) 
set_robust_list 
setuid uid=33(www-data) 
setuid res=0 
getpid 
getpid 
rt_sigaction 
rt_sigaction 
rt_sigaction 
rt_sigaction 
rt_sigaction 
rt_sigaction 
rt_sigaction 
rt_sigaction 
rt_sigaction 
rt_sigaction 
rt_sigaction 
rt_sigaction 
rt_sigaction 
rt_sigaction 
rt_sigaction 
rt_sigaction 
rt_sigaction 
rt_sigaction 
rt_sigaction 
rt_sigaction 
rt_sigaction 
rt_sigaction 
rt_sigaction 
rt_sigaction 
rt_sigaction 
rt_sigaction 
rt_sigaction 
rt_sigaction 
rt_sigaction 
rt_sigaction 
rt_sigaction 
rt_sigaction 
rt_sigaction 
rt_sigaction 
rt_sigaction 
rt_sigaction 
rt_sigaction 
rt_sigaction 
rt_sigaction 
rt_sigaction 
rt_sigaction 
rt_sigaction 
rt_sigaction 
rt_sigaction 
rt_sigaction 
rt_sigaction 
rt_sigaction 
rt_sigaction 
rt_sigaction 
rt_sigaction 
rt_sigaction 
rt_sigaction 
rt_sigaction 
rt_sigaction 
rt_sigaction 
rt_sigaction 
rt_sigaction 
rt_sigaction 
rt_sigaction 
rt_sigaction 
rt_sigaction 
rt_sigaction 
rt_sigaction 
rt_sigaction 
rt_sigaction 
rt_sigaction 
rt_sigaction 
rt_sigaction 
rt_sigaction 
rt_sigaction 
rt_sigaction 
rt_sigaction 
rt_sigaction 
rt_sigaction 
rt_sigaction 
rt_sigaction 
rt_sigaction 
rt_sigaction 
rt_sigaction 
rt_sigaction 
rt_sigaction 
rt_sigaction 
rt_sigaction 
rt_sigaction 
rt_sigaction 
rt_sigaction 
rt_sigaction 
rt_sigaction 
rt_sigaction 
rt_sigaction 
rt_sigaction 
rt_sigaction 
rt_sigaction 
rt_sigaction 
rt_sigaction 
rt_sigaction 
rt_sigaction 
rt_sigaction 
getpid 
getpid 
rt_sigaction 
rt_sigaction 
rt_sigaction 
rt_sigaction 
rt_sigaction 
rt_sigaction 
rt_sigaction 
rt_sigaction 
rt_sigaction 
rt_sigaction 
rt_sigaction 
rt_sigaction 
rt_sigaction 
rt_sigaction 
rt_sigaction 
rt_sigaction 
rt_sigaction 
rt_sigaction 
getpid 
getpid 
rt_sigaction 
rt_sigaction 
rt_sigaction 
rt_sigaction 
rt_sigaction 
rt_sigaction 
rt_sigaction 
rt_sigaction 
rt_sigaction 
rt_sigaction 
rt_sigaction 
rt_sigaction 
rt_sigaction 
rt_sigaction 
mmap addr=0 length=8192 prot=3(PROT_READ|PROT_WRITE) flags=10(MAP_PRIVATE|MAP_ANONYMOUS) fd=-1(EPERM) offset=0 
mmap addr=0 length=8192 prot=3(PROT_READ|PROT_WRITE) flags=10(MAP_PRIVATE|MAP_ANONYMOUS) fd=-1(EPERM) offset=0 
mmap res=7FA5266CB000 vm_size=383128 vm_rss=9032 vm_swap=0 
mmap res=7FA5266CF000 vm_size=383112 vm_rss=7640 vm_swap=0 
mmap addr=0 length=8192 prot=3(PROT_READ|PROT_WRITE) flags=10(MAP_PRIVATE|MAP_ANONYMOUS) fd=-1(EPERM) offset=0 
getpid 
getpid 
mmap res=7FA5266CD000 vm_size=383120 vm_rss=7640 vm_swap=0 
geteuid 
geteuid euid=0(root) 
setgid gid=33(www-data) 
epoll_create1 
setgid res=0 
open 
epoll_create1 
epoll_ctl 
epoll_ctl 
open fd=9(<f>/proc/sys/kernel/ngroups_max) name=/proc/sys/kernel/ngroups_max flags=1(O_RDONLY) mode=0 dev=63 
mmap addr=0 length=8192 prot=3(PROT_READ|PROT_WRITE) flags=10(MAP_PRIVATE|MAP_ANONYMOUS) fd=-1(EPERM) offset=0 
read fd=9(<f>/proc/sys/kernel/ngroups_max) size=31 
mmap res=7FA5266C9000 vm_size=383136 vm_rss=9032 vm_swap=0 
read res=6 data=65536. 
close fd=9(<f>/proc/sys/kernel/ngroups_max) 
close res=0 
accept flags=0 
open 
open fd=9(<f>/etc/group) name=/etc/group flags=4097(O_RDONLY|O_CLOEXEC) mode=0 dev=5D 
lseek fd=9(<f>/etc/group) offset=0 whence=1(SEEK_CUR) 
lseek res=0 
fstat fd=9(<f>/etc/group) 
fstat res=0 
mmap addr=0 length=446 prot=1(PROT_READ) flags=1(MAP_SHARED) fd=9(<f>/etc/group) offset=0 
mmap res=7FA5266CC000 vm_size=383124 vm_rss=7640 vm_swap=0 
lseek fd=9(<f>/etc/group) offset=446 whence=0(SEEK_SET) 
lseek res=446 
fstat fd=9(<f>/etc/group) 
fstat res=0 
munmap addr=7FA5266CC000 length=446 
munmap res=0 vm_size=383120 vm_rss=9032 vm_swap=0 
close fd=9(<f>/etc/group) 
close res=0 
setgroups 
setgroups 
geteuid 
geteuid euid=0(root) 
setuid uid=33(www-data) 
setuid res=0 
getpid 
getpid 
rt_sigaction 
rt_sigaction 
rt_sigaction 
rt_sigaction 
rt_sigaction 
rt_sigaction 
rt_sigaction 
rt_sigaction 
rt_sigaction 
rt_sigaction 
rt_sigaction 
rt_sigaction 
rt_sigaction 
rt_sigaction 
rt_sigaction 
rt_sigaction 
rt_sigaction 
rt_sigaction 
rt_sigaction 
rt_sigaction 
rt_sigaction 
rt_sigaction 
rt_sigaction 
rt_sigaction 
rt_sigaction 
rt_sigaction 
rt_sigaction 
rt_sigaction 
rt_sigaction 
rt_sigaction 
rt_sigaction 
rt_sigaction 
rt_sigaction 
rt_sigaction 
rt_sigaction 
rt_sigaction 
rt_sigaction 
rt_sigaction 
rt_sigaction 
rt_sigaction 
rt_sigaction 
rt_sigaction 
rt_sigaction 
rt_sigaction 
rt_sigaction 
rt_sigaction 
rt_sigaction 
rt_sigaction 
rt_sigaction 
rt_sigaction 
rt_sigaction 
rt_sigaction 
rt_sigaction 
rt_sigaction 
rt_sigaction 
rt_sigaction 
rt_sigaction 
rt_sigaction 
rt_sigaction 
rt_sigaction 
rt_sigaction 
rt_sigaction 
rt_sigaction 
rt_sigaction 
rt_sigaction 
rt_sigaction 
rt_sigaction 
rt_sigaction 
rt_sigaction 
rt_sigaction 
rt_sigaction 
rt_sigaction 
rt_sigaction 
rt_sigaction 
rt_sigaction 
rt_sigaction 
rt_sigaction 
rt_sigaction 
rt_sigaction 
rt_sigaction 
rt_sigaction 
rt_sigaction 
rt_sigaction 
rt_sigaction 
rt_sigaction 
rt_sigaction 
rt_sigaction 
rt_sigaction 
rt_sigaction 
rt_sigaction 
rt_sigaction 
rt_sigaction 
rt_sigaction 
rt_sigaction 
rt_sigaction 
rt_sigaction 
rt_sigaction 
rt_sigaction 
rt_sigaction 
rt_sigaction 
rt_sigaction 
rt_sigaction 
rt_sigaction 
rt_sigaction 
rt_sigaction 
rt_sigaction 
rt_sigaction 
rt_sigaction 
rt_sigaction 
rt_sigaction 
rt_sigaction 
rt_sigaction 
rt_sigaction 
rt_sigaction 
rt_sigaction 
rt_sigaction 
rt_sigaction 
rt_sigaction 
rt_sigaction 
rt_sigaction 
rt_sigaction 
rt_sigaction 
rt_sigaction 
rt_sigaction 
mmap addr=0 length=8192 prot=3(PROT_READ|PROT_WRITE) flags=10(MAP_PRIVATE|MAP_ANONYMOUS) fd=-1(EPERM) offset=0 
mmap res=7FA5266CB000 vm_size=383128 vm_rss=9032 vm_swap=0 
getpid 
getpid 
epoll_create1 
epoll_create1 
epoll_ctl 
epoll_ctl 
mmap addr=0 length=8192 prot=3(PROT_READ|PROT_WRITE) flags=10(MAP_PRIVATE|MAP_ANONYMOUS) fd=-1(EPERM) offset=0 
mmap res=7FA5266C9000 vm_size=383136 vm_rss=9032 vm_swap=0 
accept flags=0 
clone res=0 exe=apache2 args=-DFOREGROUND. tid=1043748(apache2) pid=1043748(apache2) ptid=1042534(apache2) cwd= fdlimit=1048576 pgft_maj=0 pgft_min=1 vm_size=383104 vm_rss=7640 vm_swap=0 comm=apache2 cgroups=cpuset=/system.slice/docker-4d81cb26c66231747b04db742cd4f8fff01cc68354eaa9325... flags=562036736(CLONE_CHILD_CLEARTID|CLONE_CHILD_SETTID) uid=0 gid=0 vtid=79 vpid=79 
set_robust_list 
set_robust_list 
rt_sigaction 
rt_sigaction 
rt_sigaction 
rt_sigaction 
rt_sigaction 
rt_sigaction 
getpid 
getpid 
getpid 
getpid 
mmap addr=0 length=8192 prot=3(PROT_READ|PROT_WRITE) flags=10(MAP_PRIVATE|MAP_ANONYMOUS) fd=-1(EPERM) offset=0 
mmap res=7FA5266CF000 vm_size=383112 vm_rss=7640 vm_swap=0 
mmap addr=0 length=8192 prot=3(PROT_READ|PROT_WRITE) flags=10(MAP_PRIVATE|MAP_ANONYMOUS) fd=-1(EPERM) offset=0 
mmap res=7FA5266CD000 vm_size=383120 vm_rss=7640 vm_swap=0 
geteuid 
geteuid euid=0(root) 
setgid gid=33(www-data) 
setgid res=0 
open 
open fd=9(<f>/proc/sys/kernel/ngroups_max) name=/proc/sys/kernel/ngroups_max flags=1(O_RDONLY) mode=0 dev=63 
read fd=9(<f>/proc/sys/kernel/ngroups_max) size=31 
read res=6 data=65536. 
close fd=9(<f>/proc/sys/kernel/ngroups_max) 
close res=0 
open 
open fd=9(<f>/etc/group) name=/etc/group flags=4097(O_RDONLY|O_CLOEXEC) mode=0 dev=5D 
lseek fd=9(<f>/etc/group) offset=0 whence=1(SEEK_CUR) 
lseek res=0 
fstat fd=9(<f>/etc/group) 
fstat res=0 
mmap addr=0 length=446 prot=1(PROT_READ) flags=1(MAP_SHARED) fd=9(<f>/etc/group) offset=0 
mmap res=7FA5266CC000 vm_size=383124 vm_rss=7640 vm_swap=0 
lseek fd=9(<f>/etc/group) offset=446 whence=0(SEEK_SET) 
lseek res=446 
fstat fd=9(<f>/etc/group) 
fstat res=0 
munmap addr=7FA5266CC000 length=446 
munmap res=0 vm_size=383120 vm_rss=9032 vm_swap=0 
close fd=9(<f>/etc/group) 
close res=0 
setgroups 
setgroups 
geteuid 
geteuid euid=0(root) 
setuid uid=33(www-data) 
setuid res=0 
getpid 
getpid 
rt_sigaction 
rt_sigaction 
rt_sigaction 
rt_sigaction 
rt_sigaction 
rt_sigaction 
rt_sigaction 
rt_sigaction 
rt_sigaction 
rt_sigaction 
rt_sigaction 
rt_sigaction 
rt_sigaction 
rt_sigaction 
rt_sigaction 
rt_sigaction 
rt_sigaction 
rt_sigaction 
rt_sigaction 
rt_sigaction 
rt_sigaction 
rt_sigaction 
rt_sigaction 
rt_sigaction 
rt_sigaction 
rt_sigaction 
rt_sigaction 
rt_sigaction 
rt_sigaction 
rt_sigaction 
rt_sigaction 
rt_sigaction 
rt_sigaction 
rt_sigaction 
rt_sigaction 
rt_sigaction 
rt_sigaction 
rt_sigaction 
rt_sigaction 
rt_sigaction 
rt_sigaction 
rt_sigaction 
rt_sigaction 
rt_sigaction 
rt_sigaction 
rt_sigaction 
rt_sigaction 
rt_sigaction 
rt_sigaction 
rt_sigaction 
rt_sigaction 
rt_sigaction 
rt_sigaction 
rt_sigaction 
rt_sigaction 
rt_sigaction 
rt_sigaction 
rt_sigaction 
rt_sigaction 
rt_sigaction 
rt_sigaction 
rt_sigaction 
rt_sigaction 
rt_sigaction 
rt_sigaction 
rt_sigaction 
rt_sigaction 
rt_sigaction 
rt_sigaction 
rt_sigaction 
rt_sigaction 
rt_sigaction 
rt_sigaction 
rt_sigaction 
rt_sigaction 
rt_sigaction 
rt_sigaction 
rt_sigaction 
rt_sigaction 
rt_sigaction 
rt_sigaction 
rt_sigaction 
rt_sigaction 
rt_sigaction 
rt_sigaction 
rt_sigaction 
rt_sigaction 
rt_sigaction 
rt_sigaction 
rt_sigaction 
rt_sigaction 
rt_sigaction 
rt_sigaction 
rt_sigaction 
rt_sigaction 
rt_sigaction 
rt_sigaction 
rt_sigaction 
rt_sigaction 
rt_sigaction 
rt_sigaction 
rt_sigaction 
rt_sigaction 
rt_sigaction 
rt_sigaction 
rt_sigaction 
rt_sigaction 
rt_sigaction 
rt_sigaction 
rt_sigaction 
rt_sigaction 
rt_sigaction 
rt_sigaction 
rt_sigaction 
rt_sigaction 
rt_sigaction 
rt_sigaction 
rt_sigaction 
rt_sigaction 
rt_sigaction 
rt_sigaction 
rt_sigaction 
rt_sigaction 
rt_sigaction 
mmap addr=0 length=8192 prot=3(PROT_READ|PROT_WRITE) flags=10(MAP_PRIVATE|MAP_ANONYMOUS) fd=-1(EPERM) offset=0 
mmap res=7FA5266CB000 vm_size=383128 vm_rss=9032 vm_swap=0 
getpid 
getpid 
epoll_create1 
epoll_create1 
epoll_ctl 
epoll_ctl 
mmap addr=0 length=8192 prot=3(PROT_READ|PROT_WRITE) flags=10(MAP_PRIVATE|MAP_ANONYMOUS) fd=-1(EPERM) offset=0 
mmap res=7FA5266C9000 vm_size=383136 vm_rss=9032 vm_swap=0 
accept flags=0 
poll res=0 fds= 
shutdown fd=10(<4t>172.18.0.1:35516->172.18.0.3:80) how=1(SHUT_WR) 
shutdown res=0 
poll fds=10:41 timeout=2000 
poll res=1 fds=10:421 
read fd=10(<4t>172.18.0.1:35516->172.18.0.3:80) size=512 
read res=0 data= 
close fd=10(<4t>172.18.0.1:35516->172.18.0.3:80) 
close res=0 
read fd=4(<p>pipe:[3064856]) size=1 
read res=-11(EAGAIN) data= 
accept flags=0 
accept fd=10(<4t>127.0.0.1:48430->127.0.0.1:80) tuple=127.0.0.1:48430->127.0.0.1:80 queuepct=0 queuelen=0 queuemax=511 
getsockname 
getsockname 
fcntl fd=10(<4t>127.0.0.1:48430->127.0.0.1:80) cmd=4(F_GETFL) 
fcntl res=2(<p>pipe:[3063944]) 
fcntl fd=10(<4t>127.0.0.1:48430->127.0.0.1:80) cmd=5(F_SETFL) 
fcntl res=0(<f>/dev/null) 
mmap addr=0 length=8192 prot=3(PROT_READ|PROT_WRITE) flags=10(MAP_PRIVATE|MAP_ANONYMOUS) fd=-1(EPERM) offset=0 
mmap res=7FA5266C7000 vm_size=383144 vm_rss=9032 vm_swap=0 
mmap addr=0 length=8192 prot=3(PROT_READ|PROT_WRITE) flags=10(MAP_PRIVATE|MAP_ANONYMOUS) fd=-1(EPERM) offset=0 
mmap res=7FA5266C5000 vm_size=383152 vm_rss=9032 vm_swap=0 
read fd=10(<4t>127.0.0.1:48430->127.0.0.1:80) size=8000 
read res=96 data=OPTIONS * HTTP/1.0..User-Agent: Apache/2.4.25 (Debian) PHP/7.2.1 (internal dummy 
mmap addr=0 length=8192 prot=3(PROT_READ|PROT_WRITE) flags=10(MAP_PRIVATE|MAP_ANONYMOUS) fd=-1(EPERM) offset=0 
mmap res=7FA5266C3000 vm_size=383160 vm_rss=9032 vm_swap=0 
mmap addr=0 length=8192 prot=3(PROT_READ|PROT_WRITE) flags=10(MAP_PRIVATE|MAP_ANONYMOUS) fd=-1(EPERM) offset=0 
mmap res=7FA5266C1000 vm_size=383168 vm_rss=9032 vm_swap=0 
writev fd=10(<4t>127.0.0.1:48430->127.0.0.1:80) size=126 
writev res=126 data=HTTP/1.1 200 OK..Date: Thu, 10 Aug 2023 04:11:33 GMT..Server: Apache/2.4.25 (Deb 
write fd=7(<p>pipe:[3063943]) size=139 
write res=139 data=127.0.0.1 - - [10/Aug/2023:04:11:33 +0000] "OPTIONS * HTTP/1.0" 200 126 "-" "Apa 
times 
times 
shutdown fd=10(<4t>127.0.0.1:48430->127.0.0.1:80) how=1(SHUT_WR) 
shutdown res=-107(ENOTCONN) 
close fd=10(<4t>127.0.0.1:48430->127.0.0.1:80) 
close res=0 
read fd=4(<p>pipe:[3064856]) size=1 
read res=1 data=! 
close fd=9 
close res=0 
munmap addr=7FA50F25F000 length=134217728 
munmap res=0 vm_size=252096 vm_rss=11220 vm_swap=0 
close fd=8(<f>/tmp/.ZendSem.Nt6UwU (deleted)) 
close res=0 
munmap addr=7FA51725F000 length=2243784 
munmap res=0 vm_size=249904 vm_rss=11260 vm_swap=0 
munmap addr=7FA517921000 length=2517856 
munmap res=0 vm_size=247444 vm_rss=11280 vm_swap=0 
munmap addr=7FA5176EE000 length=2301968 
munmap res=0 vm_size=245192 vm_rss=11252 vm_swap=0 
munmap addr=7FA517483000 length=2531352 
munmap res=0 vm_size=242716 vm_rss=11224 vm_swap=0 
munmap addr=7FA517B88000 length=2584984 
munmap res=0 vm_size=240188 vm_rss=12864 vm_swap=0 
munmap addr=7FA526677000 length=299008 
munmap res=0 vm_size=239896 vm_rss=12676 vm_swap=0 
munmap addr=7FA517E00000 length=2097152 
munmap res=0 vm_size=237848 vm_rss=10628 vm_swap=0 
munmap addr=7FA5266E5000 length=323584 
munmap res=0 vm_size=237532 vm_rss=10624 vm_swap=0 
munmap addr=7FA5266CF000 length=8192 
munmap res=0 vm_size=237524 vm_rss=10620 vm_swap=0 
munmap addr=7FA5266C9000 length=8192 
munmap res=0 vm_size=237516 vm_rss=10616 vm_swap=0 
munmap addr=7FA5266CD000 length=8192 
munmap res=0 vm_size=237508 vm_rss=10612 vm_swap=0 
munmap addr=7FA5266CB000 length=8192 
munmap res=0 vm_size=237500 vm_rss=10608 vm_swap=0 
munmap addr=7FA5266C5000 length=8192 
munmap res=0 vm_size=237492 vm_rss=10604 vm_swap=0 
munmap addr=7FA5266C1000 length=8192 
munmap res=0 vm_size=237484 vm_rss=10600 vm_swap=0 
munmap addr=7FA5266C7000 length=8192 
munmap res=0 vm_size=237476 vm_rss=10592 vm_swap=0 
munmap addr=7FA5266C3000 length=8192 
munmap res=0 vm_size=237468 vm_rss=10588 vm_swap=0 
close fd=5(<p>pipe:[3064856]) 
close res=0 
close fd=4(<p>pipe:[3064856]) 
close res=0 
futex addr=7FA5204628EC op=129(FUTEX_PRIVATE_FLAG|FUTEX_WAKE) val=2147483647 
futex res=0 
exit_group 
accept fd=10(<4t>127.0.0.1:48442->127.0.0.1:80) tuple=127.0.0.1:48442->127.0.0.1:80 queuepct=0 queuelen=0 queuemax=511 
getsockname 
getsockname 
fcntl fd=10(<4t>127.0.0.1:48442->127.0.0.1:80) cmd=4(F_GETFL) 
fcntl res=2(<p>pipe:[3063944]) 
fcntl fd=10(<4t>127.0.0.1:48442->127.0.0.1:80) cmd=5(F_SETFL) 
fcntl res=0(<f>/dev/null) 
mmap addr=0 length=8192 prot=3(PROT_READ|PROT_WRITE) flags=10(MAP_PRIVATE|MAP_ANONYMOUS) fd=-1(EPERM) offset=0 
mmap res=7FA5266C7000 vm_size=383144 vm_rss=9032 vm_swap=0 
mmap addr=0 length=8192 prot=3(PROT_READ|PROT_WRITE) flags=10(MAP_PRIVATE|MAP_ANONYMOUS) fd=-1(EPERM) offset=0 
mmap res=7FA5266C5000 vm_size=383152 vm_rss=9032 vm_swap=0 
read fd=10(<4t>127.0.0.1:48442->127.0.0.1:80) size=8000 
read res=96 data=OPTIONS * HTTP/1.0..User-Agent: Apache/2.4.25 (Debian) PHP/7.2.1 (internal dummy 
mmap addr=0 length=8192 prot=3(PROT_READ|PROT_WRITE) flags=10(MAP_PRIVATE|MAP_ANONYMOUS) fd=-1(EPERM) offset=0 
mmap res=7FA5266C3000 vm_size=383160 vm_rss=9032 vm_swap=0 
mmap addr=0 length=8192 prot=3(PROT_READ|PROT_WRITE) flags=10(MAP_PRIVATE|MAP_ANONYMOUS) fd=-1(EPERM) offset=0 
mmap res=7FA5266C1000 vm_size=383168 vm_rss=9032 vm_swap=0 
writev fd=10(<4t>127.0.0.1:48442->127.0.0.1:80) size=126 
writev res=126 data=HTTP/1.1 200 OK..Date: Thu, 10 Aug 2023 04:11:34 GMT..Server: Apache/2.4.25 (Deb 
write fd=7(<p>pipe:[3063943]) size=139 
write res=139 data=127.0.0.1 - - [10/Aug/2023:04:11:34 +0000] "OPTIONS * HTTP/1.0" 200 126 "-" "Apa 
times 
times 
shutdown fd=10(<4t>127.0.0.1:48442->127.0.0.1:80) how=1(SHUT_WR) 
shutdown res=0 
poll fds=10:41 timeout=2000 
poll res=1 fds=10:431 
read fd=10(<4t>127.0.0.1:48442->127.0.0.1:80) size=512 
read res=-104(ECONNRESET) data= 
close fd=10(<4t>127.0.0.1:48442->127.0.0.1:80) 
close res=0 
read fd=4(<p>pipe:[3064856]) size=1 
read res=1 data=! 
close fd=9 
close res=0 
munmap addr=7FA50F25F000 length=134217728 
munmap res=0 vm_size=252096 vm_rss=11228 vm_swap=0 
close fd=8(<f>/tmp/.ZendSem.Nt6UwU (deleted)) 
close res=0 
munmap addr=7FA51725F000 length=2243784 
munmap res=0 vm_size=249904 vm_rss=11268 vm_swap=0 
munmap addr=7FA517921000 length=2517856 
munmap res=0 vm_size=247444 vm_rss=11288 vm_swap=0 
munmap addr=7FA5176EE000 length=2301968 
munmap res=0 vm_size=245192 vm_rss=11260 vm_swap=0 
munmap addr=7FA517483000 length=2531352 
munmap res=0 vm_size=242716 vm_rss=11232 vm_swap=0 
munmap addr=7FA517B88000 length=2584984 
munmap res=0 vm_size=240188 vm_rss=12872 vm_swap=0 
munmap addr=7FA526677000 length=299008 
munmap res=0 vm_size=239896 vm_rss=12684 vm_swap=0 
munmap addr=7FA517E00000 length=2097152 
munmap res=0 vm_size=237848 vm_rss=10636 vm_swap=0 
munmap addr=7FA5266E5000 length=323584 
munmap res=0 vm_size=237532 vm_rss=10632 vm_swap=0 
munmap addr=7FA5266CF000 length=8192 
munmap res=0 vm_size=237524 vm_rss=10628 vm_swap=0 
munmap addr=7FA5266C9000 length=8192 
munmap res=0 vm_size=237516 vm_rss=10624 vm_swap=0 
munmap addr=7FA5266CD000 length=8192 
munmap res=0 vm_size=237508 vm_rss=10620 vm_swap=0 
munmap addr=7FA5266CB000 length=8192 
munmap res=0 vm_size=237500 vm_rss=10616 vm_swap=0 
munmap addr=7FA5266C5000 length=8192 
munmap res=0 vm_size=237492 vm_rss=10612 vm_swap=0 
munmap addr=7FA5266C1000 length=8192 
munmap res=0 vm_size=237484 vm_rss=10608 vm_swap=0 
munmap addr=7FA5266C7000 length=8192 
munmap res=0 vm_size=237476 vm_rss=10600 vm_swap=0 
munmap addr=7FA5266C3000 length=8192 
munmap res=0 vm_size=237468 vm_rss=10596 vm_swap=0 
close fd=5(<p>pipe:[3064856]) 
close res=0 
close fd=4(<p>pipe:[3064856]) 
close res=0 
futex addr=7FA5204628EC op=129(FUTEX_PRIVATE_FLAG|FUTEX_WAKE) val=2147483647 
futex res=0 
exit_group 
accept fd=10(<4t>172.18.0.1:39678->172.18.0.3:80) tuple=172.18.0.1:39678->172.18.0.3:80 queuepct=0 queuelen=0 queuemax=511 
getsockname 
getsockname 
fcntl fd=10(<4t>172.18.0.1:39678->172.18.0.3:80) cmd=4(F_GETFL) 
fcntl res=2(<p>pipe:[3063944]) 
fcntl fd=10(<4t>172.18.0.1:39678->172.18.0.3:80) cmd=5(F_SETFL) 
fcntl res=0(<f>/dev/null) 
mmap addr=0 length=8192 prot=3(PROT_READ|PROT_WRITE) flags=10(MAP_PRIVATE|MAP_ANONYMOUS) fd=-1(EPERM) offset=0 
mmap res=7FA5266C7000 vm_size=383144 vm_rss=9032 vm_swap=0 
mmap addr=0 length=8192 prot=3(PROT_READ|PROT_WRITE) flags=10(MAP_PRIVATE|MAP_ANONYMOUS) fd=-1(EPERM) offset=0 
mmap res=7FA5266C5000 vm_size=383152 vm_rss=9032 vm_swap=0 
read fd=10(<4t>172.18.0.1:39678->172.18.0.3:80) size=8000 
read res=1111 data=GET /wp-content/plugins/google-mp3-audio-player/direct_download.php?file=../../. 
stat 
stat res=0 path=/var/www/html/wp-content/plugins/google-mp3-audio-player/direct_download.php 
mmap addr=0 length=8192 prot=3(PROT_READ|PROT_WRITE) flags=10(MAP_PRIVATE|MAP_ANONYMOUS) fd=-1(EPERM) offset=0 
mmap res=7FA5266C3000 vm_size=383160 vm_rss=9032 vm_swap=0 
open 
open fd=-2(ENOENT) name=/var/www/.htaccess flags=4097(O_RDONLY|O_CLOEXEC) mode=0 dev=0 
open 
open fd=11(<f>/var/www/html/.htaccess) name=/var/www/html/.htaccess flags=4097(O_RDONLY|O_CLOEXEC) mode=0 dev=34 
fstat fd=11(<f>/var/www/html/.htaccess) 
fstat res=0 
read fd=11(<f>/var/www/html/.htaccess) size=4096 
read res=234 data=# BEGIN WordPress.<IfModule mod_rewrite.c>.RewriteEngine On.RewriteBase /.Rewrit 
read fd=11(<f>/var/www/html/.htaccess) size=4096 
read res=0 data= 
close fd=11(<f>/var/www/html/.htaccess) 
close res=0 
mmap addr=0 length=8192 prot=3(PROT_READ|PROT_WRITE) flags=10(MAP_PRIVATE|MAP_ANONYMOUS) fd=-1(EPERM) offset=0 
mmap res=7FA5266C1000 vm_size=383168 vm_rss=9032 vm_swap=0 
open 
open fd=-2(ENOENT) name=/var/www/html/wp-content/.htaccess flags=4097(O_RDONLY|O_CLOEXEC) mode=0 dev=0 
open 
open fd=-2(ENOENT) name=/var/www/html/wp-content/plugins/.htaccess flags=4097(O_RDONLY|O_CLOEXEC) mode=0 dev=0 
open 
open fd=-2(ENOENT) name=/var/www/html/wp-content/plugins/google-mp3-audio-player/.htaccess flags=4097(O_RDONLY|O_CLOEXEC) mode=0 dev=0 
open 
open fd=-20(ENOTDIR) name=/var/www/html/wp-content/plugins/google-mp3-audio-player/direct_download.php/.htaccess flags=4097(O_RDONLY|O_CLOEXEC) mode=0 dev=0 
stat 
stat res=0 path=/var/www/html/wp-content/plugins/google-mp3-audio-player/direct_download.php 
brk addr=55DE1F3B7000 
brk res=55DE1F3B7000 vm_size=383328 vm_rss=10156 vm_swap=0 
brk addr=55DE1F3D8000 
brk res=55DE1F3D8000 vm_size=383460 vm_rss=11420 vm_swap=0 
rt_sigaction 
rt_sigaction 
rt_sigaction 
rt_sigaction 
rt_sigaction 
rt_sigaction 
rt_sigaction 
rt_sigaction 
rt_sigaction 
rt_sigaction 
rt_sigaction 
rt_sigaction 
rt_sigaction 
rt_sigaction 
rt_sigaction 
rt_sigaction 
rt_sigaction 
rt_sigaction 
rt_sigaction 
rt_sigaction 
rt_sigaction 
rt_sigaction 
rt_sigaction 
rt_sigaction 
rt_sigaction 
rt_sigaction 
rt_sigaction 
rt_sigaction 
setitimer 
setitimer 
rt_sigaction 
rt_sigaction 
rt_sigprocmask 
rt_sigprocmask 
mmap addr=0 length=65536 prot=3(PROT_READ|PROT_WRITE) flags=10(MAP_PRIVATE|MAP_ANONYMOUS) fd=-1(EPERM) offset=0 
mmap res=7FA526667000 vm_size=383524 vm_rss=12132 vm_swap=0 
getcwd 
getcwd res=14 path=/var/www/html 
chdir 
chdir res=0 path=/var/www/html/wp-content/plugins/google-mp3-audio-player 
lstat 
lstat res=0 path=/var/www/html/wp-content/plugins/google-mp3-audio-player/direct_download.php 
lstat 
lstat res=0 path=/var/www/html/wp-content/plugins/google-mp3-audio-player 
lstat 
lstat res=0 path=/var/www/html/wp-content/plugins 
lstat 
lstat res=0 path=/var/www/html/wp-content 
lstat 
lstat res=0 path=/var/www/html 
lstat 
lstat res=0 path=/var/www 
lstat 
lstat res=0 path=/var 
open 
open fd=11(<f>/var/www/html/wp-content/plugins/google-mp3-audio-player/direct_download.php) name=/var/www/html/wp-content/plugins/google-mp3-audio-player/direct_download.php flags=1(O_RDONLY) mode=0 dev=34 
fstat fd=11(<f>/var/www/html/wp-content/plugins/google-mp3-audio-player/direct_download.php) 
fstat res=0 
fstat fd=11(<f>/var/www/html/wp-content/plugins/google-mp3-audio-player/direct_download.php) 
fstat res=0 
fstat fd=11(<f>/var/www/html/wp-content/plugins/google-mp3-audio-player/direct_download.php) 
fstat res=0 
mmap addr=0 length=407 prot=1(PROT_READ) flags=1(MAP_SHARED) fd=11(<f>/var/www/html/wp-content/plugins/google-mp3-audio-player/direct_download.php) offset=0 
mmap res=7FA5266C0000 vm_size=383528 vm_rss=12132 vm_swap=0 
fcntl fd=8(<f>/tmp/.ZendSem.Nt6UwU (deleted)) cmd=8(F_SETLK) 
fcntl res=0(<f>/dev/null) 
stat 
stat res=0 path=/var/www/html/wp-content/plugins/google-mp3-audio-player/direct_download.php 
fcntl fd=8(<f>/tmp/.ZendSem.Nt6UwU (deleted)) cmd=9(F_SETLKW) 
fcntl res=0(<f>/dev/null) 
fcntl fd=8(<f>/tmp/.ZendSem.Nt6UwU (deleted)) cmd=8(F_SETLK) 
fcntl res=0(<f>/dev/null) 
munmap addr=7FA5266C0000 length=407 
munmap res=0 vm_size=383524 vm_rss=13980 vm_swap=0 
close fd=11(<f>/var/www/html/wp-content/plugins/google-mp3-audio-player/direct_download.php) 
close res=0 
stat 
stat res=0 path=../../../wp-config.php(/var/www/html/wp-config.php) 
getcwd 
getcwd res=57 path=/var/www/html/wp-content/plugins/google-mp3-audio-player 
lstat 
lstat res=0 path=/var/www/html/wp-content/plugins/google-mp3-audio-player/../../../wp-config.php 
open 
open fd=11(<f>/var/www/html/wp-config.php) name=/var/www/html/wp-config.php flags=1(O_RDONLY) mode=0 dev=34 
fstat fd=11(<f>/var/www/html/wp-config.php) 
fstat res=0 
lseek fd=11(<f>/var/www/html/wp-config.php) offset=0 whence=1(SEEK_CUR) 
lseek res=0 
fstat fd=11(<f>/var/www/html/wp-config.php) 
fstat res=0 
mmap addr=0 length=3154 prot=1(PROT_READ) flags=1(MAP_SHARED) fd=11(<f>/var/www/html/wp-config.php) offset=0 
mmap res=7FA5266C0000 vm_size=383528 vm_rss=13980 vm_swap=0 
mmap addr=0 length=8192 prot=3(PROT_READ|PROT_WRITE) flags=10(MAP_PRIVATE|MAP_ANONYMOUS) fd=-1(EPERM) offset=0 
mmap res=7FA526665000 vm_size=383536 vm_rss=13980 vm_swap=0 
lseek fd=11(<f>/var/www/html/wp-config.php) offset=3154 whence=0(SEEK_SET) 
lseek res=3154 
munmap addr=7FA5266C0000 length=3154 
munmap res=0 vm_size=383532 vm_rss=14424 vm_swap=0 
close fd=11(<f>/var/www/html/wp-config.php) 
close res=0 
chdir 
chdir res=0 path=/var/www/html 
setitimer 
setitimer 
fcntl fd=8(<f>/tmp/.ZendSem.Nt6UwU (deleted)) cmd=8(F_SETLK) 
fcntl res=0(<f>/dev/null) 
setitimer 
setitimer 
mmap addr=0 length=8192 prot=3(PROT_READ|PROT_WRITE) flags=10(MAP_PRIVATE|MAP_ANONYMOUS) fd=-1(EPERM) offset=0 
mmap res=7FA526663000 vm_size=383540 vm_rss=14424 vm_swap=0 
mmap addr=0 length=8192 prot=3(PROT_READ|PROT_WRITE) flags=10(MAP_PRIVATE|MAP_ANONYMOUS) fd=-1(EPERM) offset=0 
mmap res=7FA526661000 vm_size=383548 vm_rss=14424 vm_swap=0 
read fd=10(<4t>172.18.0.1:39678->172.18.0.3:80) size=8000 
read res=-11(EAGAIN) data= 
writev fd=10(<4t>172.18.0.1:39678->172.18.0.3:80) size=3443 
writev res=3443 data=HTTP/1.1 200 OK..Date: Thu, 10 Aug 2023 04:11:58 GMT..Server: Apache/2.4.25 (Deb 
write fd=7(<p>pipe:[3063943]) size=235 
write res=235 data=172.18.0.1 - - [10/Aug/2023:04:11:58 +0000] "GET /wp-content/plugins/google-mp3- 
times 
times 
poll fds=10:41 timeout=5000 
poll res=1 fds=10:41 
read fd=10(<4t>172.18.0.1:39678->172.18.0.3:80) size=8000 
read res=0 data= 
shutdown fd=10(<4t>172.18.0.1:39678->172.18.0.3:80) how=1(SHUT_WR) 
shutdown res=0 
poll fds=10:41 timeout=2000 
poll res=1 fds=10:421 
read fd=10(<4t>172.18.0.1:39678->172.18.0.3:80) size=512 
read res=0 data= 
close fd=10(<4t>172.18.0.1:39678->172.18.0.3:80) 
close res=0 
read fd=4(<p>pipe:[3064856]) size=1 
read res=-11(EAGAIN) data= 
accept flags=0 
accept fd=-512(ERESTARTSYS) tuple=NULL queuepct=0 queuelen=0 queuemax=511 
close fd=9 
close res=0 
accept fd=-512(ERESTARTSYS) tuple=NULL queuepct=0 queuelen=0 queuemax=511 
close fd=9 
close res=0 
accept fd=-512(ERESTARTSYS) tuple=NULL queuepct=0 queuelen=0 queuemax=511 
close fd=9 
close res=0 
accept fd=-512(ERESTARTSYS) tuple=NULL queuepct=0 queuelen=0 queuemax=511 
close fd=9 
close res=0 
accept fd=-512(ERESTARTSYS) tuple=NULL queuepct=0 queuelen=0 queuemax=511 
close fd=9 
close res=0 
munmap addr=7FA50F25F000 length=134217728 
munmap res=0 vm_size=252064 vm_rss=11016 vm_swap=0 
close fd=8(<f>/tmp/.ZendSem.Nt6UwU (deleted)) 
close res=0 
munmap addr=7FA50F25F000 length=134217728 
munmap res=0 vm_size=252300 vm_rss=11472 vm_swap=0 
close fd=8(<f>/tmp/.ZendSem.Nt6UwU (deleted)) 
close res=0 
munmap addr=7FA51725F000 length=2243784 
munmap res=0 vm_size=249872 vm_rss=11056 vm_swap=0 
munmap addr=7FA517921000 length=2517856 
munmap res=0 vm_size=247412 vm_rss=11076 vm_swap=0 
munmap addr=7FA5176EE000 length=2301968 
munmap res=0 vm_size=245160 vm_rss=11048 vm_swap=0 
munmap addr=7FA517483000 length=2531352 
munmap res=0 vm_size=242684 vm_rss=11020 vm_swap=0 
munmap addr=7FA51725F000 length=2243784 
munmap res=0 vm_size=250108 vm_rss=11512 vm_swap=0 
munmap addr=7FA517921000 length=2517856 
munmap res=0 vm_size=247648 vm_rss=11532 vm_swap=0 
munmap addr=7FA5176EE000 length=2301968 
munmap res=0 vm_size=245396 vm_rss=11504 vm_swap=0 
munmap addr=7FA517483000 length=2531352 
munmap res=0 vm_size=242920 vm_rss=11476 vm_swap=0 
munmap addr=7FA50F25F000 length=134217728 
munmap res=0 vm_size=252064 vm_rss=11016 vm_swap=0 
close fd=8(<f>/tmp/.ZendSem.Nt6UwU (deleted)) 
close res=0 
munmap addr=7FA50F25F000 length=134217728 
munmap res=0 vm_size=252064 vm_rss=11016 vm_swap=0 
close fd=8(<f>/tmp/.ZendSem.Nt6UwU (deleted)) 
close res=0 
munmap addr=7FA50F25F000 length=134217728 
munmap res=0 vm_size=252476 vm_rss=13364 vm_swap=0 
close fd=8(<f>/tmp/.ZendSem.Nt6UwU (deleted)) 
close res=0 
munmap addr=7FA51725F000 length=2243784 
munmap res=0 vm_size=250284 vm_rss=13300 vm_swap=0 
munmap addr=7FA517921000 length=2517856 
munmap addr=7FA517B88000 length=2584984 
munmap res=0 vm_size=247824 vm_rss=13320 vm_swap=0 
munmap addr=7FA5176EE000 length=2301968 
munmap res=0 vm_size=245572 vm_rss=13292 vm_swap=0 
munmap addr=7FA517483000 length=2531352 
munmap res=0 vm_size=240156 vm_rss=12660 vm_swap=0 
munmap res=0 vm_size=243096 vm_rss=13264 vm_swap=0 
munmap addr=7FA526677000 length=299008 
munmap res=0 vm_size=239864 vm_rss=12472 vm_swap=0 
munmap addr=7FA517E00000 length=2097152 
munmap res=0 vm_size=237816 vm_rss=10424 vm_swap=0 
munmap addr=7FA5266E5000 length=323584 
munmap res=0 vm_size=237500 vm_rss=10420 vm_swap=0 
munmap addr=7FA5266CF000 length=8192 
munmap res=0 vm_size=237492 vm_rss=10416 vm_swap=0 
munmap addr=7FA5266C9000 length=8192 
munmap res=0 vm_size=237484 vm_rss=10412 vm_swap=0 
munmap addr=7FA5266CD000 length=8192 
munmap res=0 vm_size=237476 vm_rss=10408 vm_swap=0 
munmap addr=7FA5266CB000 length=8192 
munmap res=0 vm_size=237468 vm_rss=10404 vm_swap=0 
close fd=5(<p>pipe:[3064856]) 
close res=0 
close fd=4(<p>pipe:[3064856]) 
close res=0 
futex addr=7FA5204628EC op=129(FUTEX_PRIVATE_FLAG|FUTEX_WAKE) val=2147483647 
futex res=0 
exit_group 
munmap addr=7FA51725F000 length=2243784 
munmap res=0 vm_size=249872 vm_rss=11056 vm_swap=0 
munmap addr=7FA517921000 length=2517856 
munmap res=0 vm_size=247412 vm_rss=11076 vm_swap=0 
munmap addr=7FA5176EE000 length=2301968 
munmap res=0 vm_size=245160 vm_rss=11048 vm_swap=0 
munmap addr=7FA517483000 length=2531352 
munmap res=0 vm_size=242684 vm_rss=11020 vm_swap=0 
munmap addr=7FA526667000 length=65536 
munmap res=0 vm_size=243032 vm_rss=14128 vm_swap=0 
brk addr=55DE1F3A5000 
brk res=55DE1F3A5000 vm_size=242828 vm_rss=14032 vm_swap=0 
munmap addr=7FA517B88000 length=2584984 
munmap res=0 vm_size=240300 vm_rss=13656 vm_swap=0 
munmap addr=7FA51725F000 length=2243784 
munmap res=0 vm_size=249872 vm_rss=11056 vm_swap=0 
munmap addr=7FA517921000 length=2517856 
munmap res=0 vm_size=247412 vm_rss=11076 vm_swap=0 
munmap addr=7FA5176EE000 length=2301968 
munmap res=0 vm_size=245160 vm_rss=11048 vm_swap=0 
munmap addr=7FA517483000 length=2531352 
munmap res=0 vm_size=242684 vm_rss=11020 vm_swap=0 
munmap addr=7FA517B88000 length=2584984 
munmap res=0 vm_size=240156 vm_rss=12660 vm_swap=0 
munmap addr=7FA526677000 length=299008 
munmap res=0 vm_size=240008 vm_rss=13468 vm_swap=0 
munmap addr=7FA517E00000 length=2097152 
munmap res=0 vm_size=237960 vm_rss=11420 vm_swap=0 
munmap addr=7FA5266E5000 length=323584 
munmap res=0 vm_size=237644 vm_rss=11416 vm_swap=0 
munmap addr=7FA5266CF000 length=8192 
munmap res=0 vm_size=237636 vm_rss=11412 vm_swap=0 
munmap addr=7FA5266C9000 length=8192 
munmap res=0 vm_size=237628 vm_rss=11408 vm_swap=0 
munmap addr=7FA5266CD000 length=8192 
munmap res=0 vm_size=237620 vm_rss=11404 vm_swap=0 
munmap addr=7FA5266CB000 length=8192 
munmap res=0 vm_size=237612 vm_rss=11400 vm_swap=0 
munmap addr=7FA526661000 length=8192 
munmap res=0 vm_size=237604 vm_rss=11396 vm_swap=0 
munmap addr=7FA5266C3000 length=8192 
munmap res=0 vm_size=237596 vm_rss=11388 vm_swap=0 
munmap addr=7FA5266C1000 length=8192 
munmap res=0 vm_size=237588 vm_rss=11380 vm_swap=0 
munmap addr=7FA5266C7000 length=8192 
munmap res=0 vm_size=237580 vm_rss=11372 vm_swap=0 
munmap addr=7FA526665000 length=8192 
munmap res=0 vm_size=237572 vm_rss=11368 vm_swap=0 
munmap addr=7FA526663000 length=8192 
munmap res=0 vm_size=237564 vm_rss=11364 vm_swap=0 
munmap addr=7FA5266C5000 length=8192 
munmap res=0 vm_size=237556 vm_rss=11360 vm_swap=0 
close fd=5(<p>pipe:[3064856]) 
close res=0 
close fd=4(<p>pipe:[3064856]) 
close res=0 
futex addr=7FA5204628EC op=129(FUTEX_PRIVATE_FLAG|FUTEX_WAKE) val=2147483647 
futex res=0 
munmap addr=7FA517B88000 length=2584984 
munmap res=0 vm_size=240392 vm_rss=13116 vm_swap=0 
munmap addr=7FA526677000 length=299008 
munmap res=0 vm_size=240100 vm_rss=12928 vm_swap=0 
munmap addr=7FA517E00000 length=2097152 
munmap addr=7FA517B88000 length=2584984 
munmap res=0 vm_size=240156 vm_rss=12660 vm_swap=0 
munmap res=0 vm_size=238052 vm_rss=10880 vm_swap=0 
munmap addr=7FA5266E5000 length=323584 
munmap res=0 vm_size=237736 vm_rss=10876 vm_swap=0 
munmap addr=7FA5266CF000 length=8192 
munmap res=0 vm_size=237728 vm_rss=10872 vm_swap=0 
munmap addr=7FA5266C9000 length=8192 
munmap res=0 vm_size=237720 vm_rss=10868 vm_swap=0 
munmap addr=7FA5266CD000 length=8192 
munmap res=0 vm_size=237712 vm_rss=10864 vm_swap=0 
munmap addr=7FA5266CB000 length=8192 
munmap res=0 vm_size=237704 vm_rss=10860 vm_swap=0 
munmap addr=7FA52666E000 length=8192 
munmap res=0 vm_size=237696 vm_rss=10856 vm_swap=0 
munmap addr=7FA526675000 length=8192 
munmap res=0 vm_size=237688 vm_rss=10848 vm_swap=0 
munmap addr=7FA5266C7000 length=8192 
munmap res=0 vm_size=237680 vm_rss=10840 vm_swap=0 
munmap addr=7FA526670000 length=8192 
munmap res=0 vm_size=237672 vm_rss=10832 vm_swap=0 
munmap addr=7FA526672000 length=8192 
munmap res=0 vm_size=237664 vm_rss=10824 vm_swap=0 
munmap addr=7FA5266C3000 length=8192 
munmap res=0 vm_size=237656 vm_rss=10816 vm_swap=0 
munmap addr=7FA52666C000 length=8192 
munmap res=0 vm_size=237648 vm_rss=10812 vm_swap=0 
munmap addr=7FA5266C1000 length=8192 
munmap res=0 vm_size=237640 vm_rss=10804 vm_swap=0 
munmap addr=7FA5266C5000 length=8192 
munmap res=0 vm_size=237632 vm_rss=10796 vm_swap=0 
munmap addr=7FA52666A000 length=8192 
munmap res=0 vm_size=237624 vm_rss=10792 vm_swap=0 
close fd=5(<p>pipe:[3064856]) 
close res=0 
close fd=4(<p>pipe:[3064856]) 
close res=0 
exit_group 
futex addr=7FA5204628EC op=129(FUTEX_PRIVATE_FLAG|FUTEX_WAKE) val=2147483647 
futex res=0 
munmap addr=7FA526677000 length=299008 
munmap addr=7FA526677000 length=299008 
munmap res=0 vm_size=239864 vm_rss=12472 vm_swap=0 
munmap addr=7FA517E00000 length=2097152 
munmap res=0 vm_size=237816 vm_rss=10424 vm_swap=0 
munmap addr=7FA5266E5000 length=323584 
munmap res=0 vm_size=237500 vm_rss=10420 vm_swap=0 
munmap addr=7FA5266CF000 length=8192 
munmap res=0 vm_size=237492 vm_rss=10416 vm_swap=0 
munmap addr=7FA5266C9000 length=8192 
munmap res=0 vm_size=237484 vm_rss=10412 vm_swap=0 
munmap addr=7FA5266CD000 length=8192 
munmap res=0 vm_size=237476 vm_rss=10408 vm_swap=0 
munmap addr=7FA5266CB000 length=8192 
munmap res=0 vm_size=237468 vm_rss=10404 vm_swap=0 
close fd=5(<p>pipe:[3064856]) 
close res=0 
close fd=4(<p>pipe:[3064856]) 
close res=0 
futex addr=7FA5204628EC op=129(FUTEX_PRIVATE_FLAG|FUTEX_WAKE) val=2147483647 
futex res=0 
exit_group 
munmap res=0 vm_size=239864 vm_rss=12472 vm_swap=0 
munmap addr=7FA517E00000 length=2097152 
munmap res=0 vm_size=237816 vm_rss=10424 vm_swap=0 
munmap addr=7FA5266E5000 length=323584 
munmap res=0 vm_size=237500 vm_rss=10420 vm_swap=0 
munmap addr=7FA5266CF000 length=8192 
munmap res=0 vm_size=237492 vm_rss=10416 vm_swap=0 
munmap addr=7FA5266C9000 length=8192 
munmap res=0 vm_size=237484 vm_rss=10412 vm_swap=0 
munmap addr=7FA5266CD000 length=8192 
munmap res=0 vm_size=237476 vm_rss=10408 vm_swap=0 
munmap addr=7FA5266CB000 length=8192 
munmap res=0 vm_size=237468 vm_rss=10404 vm_swap=0 
close fd=5(<p>pipe:[3064856]) 
close res=0 
close fd=4(<p>pipe:[3064856]) 
close res=0 
exit_group 
futex addr=7FA5204628EC op=129(FUTEX_PRIVATE_FLAG|FUTEX_WAKE) val=2147483647 
futex res=0 
exit_group 
