clone res=0 exe=apache2 args=-DFOREGROUND. tid=1027181(apache2) pid=1027181(apache2) ptid=1026486(apache2) cwd= fdlimit=1048576 pgft_maj=0 pgft_min=1 vm_size=383104 vm_rss=7640 vm_swap=0 comm=apache2 cgroups=cpuset=/system.slice/docker-4d81cb26c66231747b04db742cd4f8fff01cc68354eaa9325... flags=562036736(CLONE_CHILD_CLEARTID|CLONE_CHILD_SETTID) uid=0 gid=0 vtid=75 vpid=75 
set_robust_list 
set_robust_list 
rt_sigaction 
rt_sigaction 
rt_sigaction 
rt_sigaction 
rt_sigaction 
rt_sigaction 
getpid 
getpid 
getpid 
getpid 
mmap addr=0 length=8192 prot=3(PROT_READ|PROT_WRITE) flags=10(MAP_PRIVATE|MAP_ANONYMOUS) fd=-1(EPERM) offset=0 
mmap res=7FC53BD3C000 vm_size=383112 vm_rss=7640 vm_swap=0 
mmap addr=0 length=8192 prot=3(PROT_READ|PROT_WRITE) flags=10(MAP_PRIVATE|MAP_ANONYMOUS) fd=-1(EPERM) offset=0 
mmap res=7FC53BD3A000 vm_size=383120 vm_rss=7640 vm_swap=0 
geteuid 
geteuid euid=0(root) 
setgid gid=33(www-data) 
setgid res=0 
open 
open fd=9(<f>/proc/sys/kernel/ngroups_max) name=/proc/sys/kernel/ngroups_max flags=1(O_RDONLY) mode=0 dev=64 
read fd=9(<f>/proc/sys/kernel/ngroups_max) size=31 
read res=6 data=65536. 
close fd=9(<f>/proc/sys/kernel/ngroups_max) 
close res=0 
open 
open fd=9(<f>/etc/group) name=/etc/group flags=4097(O_RDONLY|O_CLOEXEC) mode=0 dev=62 
lseek fd=9(<f>/etc/group) offset=0 whence=1(SEEK_CUR) 
lseek res=0 
fstat fd=9(<f>/etc/group) 
fstat res=0 
mmap addr=0 length=446 prot=1(PROT_READ) flags=1(MAP_SHARED) fd=9(<f>/etc/group) offset=0 
mmap res=7FC53BD39000 vm_size=383124 vm_rss=7640 vm_swap=0 
lseek fd=9(<f>/etc/group) offset=446 whence=0(SEEK_SET) 
lseek res=446 
fstat fd=9(<f>/etc/group) 
fstat res=0 
munmap addr=7FC53BD39000 length=446 
munmap res=0 vm_size=383120 vm_rss=9020 vm_swap=0 
close fd=9(<f>/etc/group) 
close res=0 
setgroups 
setgroups 
geteuid 
geteuid euid=0(root) 
setuid uid=33(www-data) 
setuid res=0 
getpid 
getpid 
rt_sigaction 
rt_sigaction 
rt_sigaction 
rt_sigaction 
rt_sigaction 
rt_sigaction 
rt_sigaction 
rt_sigaction 
rt_sigaction 
rt_sigaction 
rt_sigaction 
rt_sigaction 
rt_sigaction 
rt_sigaction 
rt_sigaction 
rt_sigaction 
rt_sigaction 
rt_sigaction 
rt_sigaction 
rt_sigaction 
rt_sigaction 
rt_sigaction 
rt_sigaction 
rt_sigaction 
rt_sigaction 
rt_sigaction 
rt_sigaction 
rt_sigaction 
rt_sigaction 
rt_sigaction 
rt_sigaction 
rt_sigaction 
rt_sigaction 
rt_sigaction 
rt_sigaction 
rt_sigaction 
rt_sigaction 
rt_sigaction 
rt_sigaction 
rt_sigaction 
rt_sigaction 
rt_sigaction 
rt_sigaction 
rt_sigaction 
rt_sigaction 
rt_sigaction 
rt_sigaction 
rt_sigaction 
rt_sigaction 
rt_sigaction 
rt_sigaction 
rt_sigaction 
rt_sigaction 
rt_sigaction 
rt_sigaction 
rt_sigaction 
rt_sigaction 
rt_sigaction 
rt_sigaction 
rt_sigaction 
rt_sigaction 
rt_sigaction 
rt_sigaction 
rt_sigaction 
rt_sigaction 
rt_sigaction 
rt_sigaction 
rt_sigaction 
rt_sigaction 
rt_sigaction 
rt_sigaction 
rt_sigaction 
rt_sigaction 
rt_sigaction 
rt_sigaction 
rt_sigaction 
rt_sigaction 
rt_sigaction 
rt_sigaction 
rt_sigaction 
rt_sigaction 
rt_sigaction 
rt_sigaction 
rt_sigaction 
rt_sigaction 
rt_sigaction 
rt_sigaction 
rt_sigaction 
rt_sigaction 
rt_sigaction 
rt_sigaction 
rt_sigaction 
rt_sigaction 
rt_sigaction 
rt_sigaction 
rt_sigaction 
rt_sigaction 
rt_sigaction 
rt_sigaction 
rt_sigaction 
rt_sigaction 
rt_sigaction 
rt_sigaction 
rt_sigaction 
rt_sigaction 
rt_sigaction 
rt_sigaction 
rt_sigaction 
rt_sigaction 
rt_sigaction 
rt_sigaction 
rt_sigaction 
rt_sigaction 
rt_sigaction 
rt_sigaction 
rt_sigaction 
rt_sigaction 
rt_sigaction 
rt_sigaction 
rt_sigaction 
rt_sigaction 
rt_sigaction 
rt_sigaction 
rt_sigaction 
mmap addr=0 length=8192 prot=3(PROT_READ|PROT_WRITE) flags=10(MAP_PRIVATE|MAP_ANONYMOUS) fd=-1(EPERM) offset=0 
mmap res=7FC53BD38000 vm_size=383128 vm_rss=9020 vm_swap=0 
getpid 
getpid 
epoll_create1 
epoll_create1 
epoll_ctl 
epoll_ctl 
mmap addr=0 length=8192 prot=3(PROT_READ|PROT_WRITE) flags=10(MAP_PRIVATE|MAP_ANONYMOUS) fd=-1(EPERM) offset=0 
mmap res=7FC53BD36000 vm_size=383136 vm_rss=9020 vm_swap=0 
accept flags=0 
clone res=0 exe=apache2 args=-DFOREGROUND. tid=1027184(apache2) pid=1027184(apache2) ptid=1026486(apache2) cwd= fdlimit=1048576 pgft_maj=0 pgft_min=1 vm_size=383104 vm_rss=7640 vm_swap=0 comm=apache2 cgroups=cpuset=/system.slice/docker-4d81cb26c66231747b04db742cd4f8fff01cc68354eaa9325... flags=562036736(CLONE_CHILD_CLEARTID|CLONE_CHILD_SETTID) uid=0 gid=0 vtid=76 vpid=76 
set_robust_list 
set_robust_list 
rt_sigaction 
rt_sigaction 
rt_sigaction 
rt_sigaction 
rt_sigaction 
rt_sigaction 
getpid 
getpid 
getpid 
getpid 
mmap addr=0 length=8192 prot=3(PROT_READ|PROT_WRITE) flags=10(MAP_PRIVATE|MAP_ANONYMOUS) fd=-1(EPERM) offset=0 
mmap res=7FC53BD3C000 vm_size=383112 vm_rss=7640 vm_swap=0 
mmap addr=0 length=8192 prot=3(PROT_READ|PROT_WRITE) flags=10(MAP_PRIVATE|MAP_ANONYMOUS) fd=-1(EPERM) offset=0 
mmap res=7FC53BD3A000 vm_size=383120 vm_rss=7640 vm_swap=0 
geteuid 
geteuid euid=0(root) 
setgid gid=33(www-data) 
setgid res=0 
open 
open fd=9(<f>/proc/sys/kernel/ngroups_max) name=/proc/sys/kernel/ngroups_max flags=1(O_RDONLY) mode=0 dev=64 
read fd=9(<f>/proc/sys/kernel/ngroups_max) size=31 
read res=6 data=65536. 
close fd=9(<f>/proc/sys/kernel/ngroups_max) 
close res=0 
open 
open fd=9(<f>/etc/group) name=/etc/group flags=4097(O_RDONLY|O_CLOEXEC) mode=0 dev=62 
lseek fd=9(<f>/etc/group) offset=0 whence=1(SEEK_CUR) 
lseek res=0 
fstat fd=9(<f>/etc/group) 
fstat res=0 
mmap addr=0 length=446 prot=1(PROT_READ) flags=1(MAP_SHARED) fd=9(<f>/etc/group) offset=0 
mmap res=7FC53BD39000 vm_size=383124 vm_rss=7640 vm_swap=0 
lseek fd=9(<f>/etc/group) offset=446 whence=0(SEEK_SET) 
lseek res=446 
fstat fd=9(<f>/etc/group) 
fstat res=0 
munmap addr=7FC53BD39000 length=446 
munmap res=0 vm_size=383120 vm_rss=9020 vm_swap=0 
close fd=9(<f>/etc/group) 
close res=0 
setgroups 
setgroups 
geteuid 
geteuid euid=0(root) 
setuid uid=33(www-data) 
setuid res=0 
getpid 
getpid 
rt_sigaction 
rt_sigaction 
rt_sigaction 
rt_sigaction 
rt_sigaction 
rt_sigaction 
rt_sigaction 
rt_sigaction 
rt_sigaction 
rt_sigaction 
rt_sigaction 
rt_sigaction 
rt_sigaction 
rt_sigaction 
rt_sigaction 
rt_sigaction 
rt_sigaction 
rt_sigaction 
rt_sigaction 
rt_sigaction 
rt_sigaction 
rt_sigaction 
rt_sigaction 
rt_sigaction 
rt_sigaction 
rt_sigaction 
rt_sigaction 
rt_sigaction 
rt_sigaction 
rt_sigaction 
rt_sigaction 
rt_sigaction 
rt_sigaction 
rt_sigaction 
rt_sigaction 
rt_sigaction 
rt_sigaction 
rt_sigaction 
rt_sigaction 
rt_sigaction 
rt_sigaction 
rt_sigaction 
rt_sigaction 
rt_sigaction 
rt_sigaction 
rt_sigaction 
rt_sigaction 
rt_sigaction 
rt_sigaction 
rt_sigaction 
rt_sigaction 
rt_sigaction 
rt_sigaction 
rt_sigaction 
rt_sigaction 
rt_sigaction 
rt_sigaction 
rt_sigaction 
rt_sigaction 
rt_sigaction 
rt_sigaction 
rt_sigaction 
rt_sigaction 
rt_sigaction 
rt_sigaction 
rt_sigaction 
rt_sigaction 
rt_sigaction 
rt_sigaction 
rt_sigaction 
rt_sigaction 
rt_sigaction 
rt_sigaction 
rt_sigaction 
rt_sigaction 
rt_sigaction 
rt_sigaction 
rt_sigaction 
rt_sigaction 
rt_sigaction 
rt_sigaction 
rt_sigaction 
rt_sigaction 
rt_sigaction 
rt_sigaction 
rt_sigaction 
rt_sigaction 
rt_sigaction 
rt_sigaction 
rt_sigaction 
rt_sigaction 
rt_sigaction 
rt_sigaction 
rt_sigaction 
rt_sigaction 
rt_sigaction 
rt_sigaction 
rt_sigaction 
rt_sigaction 
rt_sigaction 
rt_sigaction 
rt_sigaction 
rt_sigaction 
rt_sigaction 
rt_sigaction 
rt_sigaction 
rt_sigaction 
rt_sigaction 
rt_sigaction 
rt_sigaction 
rt_sigaction 
rt_sigaction 
rt_sigaction 
rt_sigaction 
rt_sigaction 
rt_sigaction 
rt_sigaction 
rt_sigaction 
rt_sigaction 
rt_sigaction 
rt_sigaction 
rt_sigaction 
rt_sigaction 
rt_sigaction 
mmap addr=0 length=8192 prot=3(PROT_READ|PROT_WRITE) flags=10(MAP_PRIVATE|MAP_ANONYMOUS) fd=-1(EPERM) offset=0 
mmap res=7FC53BD38000 vm_size=383128 vm_rss=9020 vm_swap=0 
getpid 
getpid 
epoll_create1 
epoll_create1 
epoll_ctl 
epoll_ctl 
mmap addr=0 length=8192 prot=3(PROT_READ|PROT_WRITE) flags=10(MAP_PRIVATE|MAP_ANONYMOUS) fd=-1(EPERM) offset=0 
mmap res=7FC53BD36000 vm_size=383136 vm_rss=9020 vm_swap=0 
accept flags=0 
clone res=0 exe=apache2 args=-DFOREGROUND. tid=1027185(apache2) pid=1027185(apache2) ptid=1026486(apache2) cwd= fdlimit=1048576 pgft_maj=0 pgft_min=1 vm_size=383104 vm_rss=7640 vm_swap=0 comm=apache2 cgroups=cpuset=/system.slice/docker-4d81cb26c66231747b04db742cd4f8fff01cc68354eaa9325... flags=562036736(CLONE_CHILD_CLEARTID|CLONE_CHILD_SETTID) uid=0 gid=0 vtid=77 vpid=77 
set_robust_list 
set_robust_list 
rt_sigaction 
rt_sigaction 
rt_sigaction 
rt_sigaction 
rt_sigaction 
rt_sigaction 
getpid 
getpid 
getpid 
getpid 
mmap addr=0 length=8192 prot=3(PROT_READ|PROT_WRITE) flags=10(MAP_PRIVATE|MAP_ANONYMOUS) fd=-1(EPERM) offset=0 
mmap res=7FC53BD3C000 vm_size=383112 vm_rss=7640 vm_swap=0 
mmap addr=0 length=8192 prot=3(PROT_READ|PROT_WRITE) flags=10(MAP_PRIVATE|MAP_ANONYMOUS) fd=-1(EPERM) offset=0 
mmap res=7FC53BD3A000 vm_size=383120 vm_rss=7640 vm_swap=0 
geteuid 
geteuid euid=0(root) 
setgid gid=33(www-data) 
setgid res=0 
open 
open fd=9(<f>/proc/sys/kernel/ngroups_max) name=/proc/sys/kernel/ngroups_max flags=1(O_RDONLY) mode=0 dev=64 
read fd=9(<f>/proc/sys/kernel/ngroups_max) size=31 
read res=6 data=65536. 
close fd=9(<f>/proc/sys/kernel/ngroups_max) 
close res=0 
open 
open fd=9(<f>/etc/group) name=/etc/group flags=4097(O_RDONLY|O_CLOEXEC) mode=0 dev=62 
lseek fd=9(<f>/etc/group) offset=0 whence=1(SEEK_CUR) 
lseek res=0 
fstat fd=9(<f>/etc/group) 
fstat res=0 
mmap addr=0 length=446 prot=1(PROT_READ) flags=1(MAP_SHARED) fd=9(<f>/etc/group) offset=0 
mmap res=7FC53BD39000 vm_size=383124 vm_rss=7640 vm_swap=0 
lseek fd=9(<f>/etc/group) offset=446 whence=0(SEEK_SET) 
lseek res=446 
fstat fd=9(<f>/etc/group) 
fstat res=0 
munmap addr=7FC53BD39000 length=446 
munmap res=0 vm_size=383120 vm_rss=9020 vm_swap=0 
close fd=9(<f>/etc/group) 
close res=0 
setgroups 
setgroups 
geteuid 
geteuid euid=0(root) 
setuid uid=33(www-data) 
setuid res=0 
getpid 
getpid 
rt_sigaction 
rt_sigaction 
rt_sigaction 
rt_sigaction 
rt_sigaction 
rt_sigaction 
rt_sigaction 
rt_sigaction 
rt_sigaction 
rt_sigaction 
rt_sigaction 
rt_sigaction 
rt_sigaction 
rt_sigaction 
rt_sigaction 
rt_sigaction 
rt_sigaction 
rt_sigaction 
rt_sigaction 
rt_sigaction 
rt_sigaction 
rt_sigaction 
rt_sigaction 
rt_sigaction 
rt_sigaction 
rt_sigaction 
rt_sigaction 
rt_sigaction 
rt_sigaction 
rt_sigaction 
rt_sigaction 
rt_sigaction 
rt_sigaction 
rt_sigaction 
rt_sigaction 
rt_sigaction 
rt_sigaction 
rt_sigaction 
rt_sigaction 
rt_sigaction 
rt_sigaction 
rt_sigaction 
rt_sigaction 
rt_sigaction 
rt_sigaction 
rt_sigaction 
rt_sigaction 
rt_sigaction 
rt_sigaction 
rt_sigaction 
rt_sigaction 
rt_sigaction 
rt_sigaction 
rt_sigaction 
rt_sigaction 
rt_sigaction 
rt_sigaction 
rt_sigaction 
rt_sigaction 
rt_sigaction 
rt_sigaction 
rt_sigaction 
rt_sigaction 
rt_sigaction 
rt_sigaction 
rt_sigaction 
rt_sigaction 
rt_sigaction 
rt_sigaction 
rt_sigaction 
rt_sigaction 
rt_sigaction 
rt_sigaction 
rt_sigaction 
rt_sigaction 
rt_sigaction 
rt_sigaction 
rt_sigaction 
rt_sigaction 
rt_sigaction 
rt_sigaction 
rt_sigaction 
rt_sigaction 
rt_sigaction 
rt_sigaction 
rt_sigaction 
rt_sigaction 
rt_sigaction 
rt_sigaction 
rt_sigaction 
rt_sigaction 
rt_sigaction 
rt_sigaction 
rt_sigaction 
rt_sigaction 
rt_sigaction 
rt_sigaction 
rt_sigaction 
rt_sigaction 
rt_sigaction 
rt_sigaction 
rt_sigaction 
rt_sigaction 
rt_sigaction 
rt_sigaction 
rt_sigaction 
rt_sigaction 
rt_sigaction 
rt_sigaction 
rt_sigaction 
rt_sigaction 
rt_sigaction 
rt_sigaction 
rt_sigaction 
rt_sigaction 
rt_sigaction 
rt_sigaction 
rt_sigaction 
rt_sigaction 
rt_sigaction 
rt_sigaction 
rt_sigaction 
rt_sigaction 
rt_sigaction 
mmap addr=0 length=8192 prot=3(PROT_READ|PROT_WRITE) flags=10(MAP_PRIVATE|MAP_ANONYMOUS) fd=-1(EPERM) offset=0 
mmap res=7FC53BD38000 vm_size=383128 vm_rss=9020 vm_swap=0 
getpid 
getpid 
epoll_create1 
epoll_create1 
epoll_ctl 
epoll_ctl 
mmap addr=0 length=8192 prot=3(PROT_READ|PROT_WRITE) flags=10(MAP_PRIVATE|MAP_ANONYMOUS) fd=-1(EPERM) offset=0 
mmap res=7FC53BD36000 vm_size=383136 vm_rss=9020 vm_swap=0 
accept flags=0 
clone res=0 exe=apache2 args=-DFOREGROUND. tid=1027186(apache2) pid=1027186(apache2) ptid=1026486(apache2) cwd= fdlimit=1048576 pgft_maj=0 pgft_min=1 vm_size=383104 vm_rss=7640 vm_swap=0 comm=apache2 cgroups=cpuset=/system.slice/docker-4d81cb26c66231747b04db742cd4f8fff01cc68354eaa9325... flags=562036736(CLONE_CHILD_CLEARTID|CLONE_CHILD_SETTID) uid=0 gid=0 vtid=78 vpid=78 
set_robust_list 
set_robust_list 
rt_sigaction 
rt_sigaction 
rt_sigaction 
rt_sigaction 
rt_sigaction 
rt_sigaction 
getpid 
getpid 
getpid 
getpid 
mmap addr=0 length=8192 prot=3(PROT_READ|PROT_WRITE) flags=10(MAP_PRIVATE|MAP_ANONYMOUS) fd=-1(EPERM) offset=0 
mmap res=7FC53BD3C000 vm_size=383112 vm_rss=7640 vm_swap=0 
mmap addr=0 length=8192 prot=3(PROT_READ|PROT_WRITE) flags=10(MAP_PRIVATE|MAP_ANONYMOUS) fd=-1(EPERM) offset=0 
mmap res=7FC53BD3A000 vm_size=383120 vm_rss=7640 vm_swap=0 
geteuid 
geteuid euid=0(root) 
setgid gid=33(www-data) 
setgid res=0 
open 
open fd=9(<f>/proc/sys/kernel/ngroups_max) name=/proc/sys/kernel/ngroups_max flags=1(O_RDONLY) mode=0 dev=64 
read fd=9(<f>/proc/sys/kernel/ngroups_max) size=31 
read res=6 data=65536. 
close fd=9(<f>/proc/sys/kernel/ngroups_max) 
close res=0 
open 
open fd=9(<f>/etc/group) name=/etc/group flags=4097(O_RDONLY|O_CLOEXEC) mode=0 dev=62 
lseek fd=9(<f>/etc/group) offset=0 whence=1(SEEK_CUR) 
lseek res=0 
fstat fd=9(<f>/etc/group) 
fstat res=0 
mmap addr=0 length=446 prot=1(PROT_READ) flags=1(MAP_SHARED) fd=9(<f>/etc/group) offset=0 
mmap res=7FC53BD39000 vm_size=383124 vm_rss=7640 vm_swap=0 
lseek fd=9(<f>/etc/group) offset=446 whence=0(SEEK_SET) 
lseek res=446 
fstat fd=9(<f>/etc/group) 
fstat res=0 
munmap addr=7FC53BD39000 length=446 
munmap res=0 vm_size=383120 vm_rss=9020 vm_swap=0 
close fd=9(<f>/etc/group) 
close res=0 
setgroups 
setgroups 
geteuid 
geteuid euid=0(root) 
setuid uid=33(www-data) 
setuid res=0 
getpid 
getpid 
rt_sigaction 
rt_sigaction 
rt_sigaction 
rt_sigaction 
rt_sigaction 
rt_sigaction 
rt_sigaction 
rt_sigaction 
rt_sigaction 
rt_sigaction 
rt_sigaction 
rt_sigaction 
rt_sigaction 
rt_sigaction 
rt_sigaction 
rt_sigaction 
rt_sigaction 
rt_sigaction 
rt_sigaction 
rt_sigaction 
rt_sigaction 
rt_sigaction 
rt_sigaction 
rt_sigaction 
rt_sigaction 
rt_sigaction 
rt_sigaction 
rt_sigaction 
rt_sigaction 
rt_sigaction 
rt_sigaction 
rt_sigaction 
rt_sigaction 
rt_sigaction 
rt_sigaction 
rt_sigaction 
rt_sigaction 
rt_sigaction 
rt_sigaction 
rt_sigaction 
rt_sigaction 
rt_sigaction 
rt_sigaction 
rt_sigaction 
rt_sigaction 
rt_sigaction 
rt_sigaction 
rt_sigaction 
rt_sigaction 
rt_sigaction 
rt_sigaction 
rt_sigaction 
rt_sigaction 
rt_sigaction 
rt_sigaction 
rt_sigaction 
rt_sigaction 
rt_sigaction 
rt_sigaction 
rt_sigaction 
rt_sigaction 
rt_sigaction 
rt_sigaction 
rt_sigaction 
rt_sigaction 
rt_sigaction 
rt_sigaction 
rt_sigaction 
rt_sigaction 
rt_sigaction 
rt_sigaction 
rt_sigaction 
rt_sigaction 
rt_sigaction 
rt_sigaction 
rt_sigaction 
rt_sigaction 
rt_sigaction 
rt_sigaction 
rt_sigaction 
rt_sigaction 
rt_sigaction 
rt_sigaction 
rt_sigaction 
rt_sigaction 
rt_sigaction 
rt_sigaction 
rt_sigaction 
rt_sigaction 
rt_sigaction 
rt_sigaction 
rt_sigaction 
rt_sigaction 
rt_sigaction 
rt_sigaction 
rt_sigaction 
rt_sigaction 
rt_sigaction 
rt_sigaction 
rt_sigaction 
rt_sigaction 
rt_sigaction 
rt_sigaction 
rt_sigaction 
rt_sigaction 
rt_sigaction 
rt_sigaction 
rt_sigaction 
rt_sigaction 
rt_sigaction 
rt_sigaction 
rt_sigaction 
rt_sigaction 
rt_sigaction 
rt_sigaction 
rt_sigaction 
rt_sigaction 
rt_sigaction 
rt_sigaction 
rt_sigaction 
rt_sigaction 
rt_sigaction 
rt_sigaction 
rt_sigaction 
mmap addr=0 length=8192 prot=3(PROT_READ|PROT_WRITE) flags=10(MAP_PRIVATE|MAP_ANONYMOUS) fd=-1(EPERM) offset=0 
mmap res=7FC53BD38000 vm_size=383128 vm_rss=9020 vm_swap=0 
getpid 
getpid 
epoll_create1 
epoll_create1 
epoll_ctl 
epoll_ctl 
mmap addr=0 length=8192 prot=3(PROT_READ|PROT_WRITE) flags=10(MAP_PRIVATE|MAP_ANONYMOUS) fd=-1(EPERM) offset=0 
mmap res=7FC53BD36000 vm_size=383136 vm_rss=9020 vm_swap=0 
accept flags=0 
clone res=0 exe=apache2 args=-DFOREGROUND. tid=1027187(apache2) pid=1027187(apache2) ptid=1026486(apache2) cwd= fdlimit=1048576 pgft_maj=0 pgft_min=1 vm_size=383104 vm_rss=7640 vm_swap=0 comm=apache2 cgroups=cpuset=/system.slice/docker-4d81cb26c66231747b04db742cd4f8fff01cc68354eaa9325... flags=562036736(CLONE_CHILD_CLEARTID|CLONE_CHILD_SETTID) uid=0 gid=0 vtid=79 vpid=79 
set_robust_list 
set_robust_list 
rt_sigaction 
rt_sigaction 
rt_sigaction 
rt_sigaction 
rt_sigaction 
rt_sigaction 
getpid 
getpid 
getpid 
getpid 
mmap addr=0 length=8192 prot=3(PROT_READ|PROT_WRITE) flags=10(MAP_PRIVATE|MAP_ANONYMOUS) fd=-1(EPERM) offset=0 
mmap res=7FC53BD3C000 vm_size=383112 vm_rss=7640 vm_swap=0 
mmap addr=0 length=8192 prot=3(PROT_READ|PROT_WRITE) flags=10(MAP_PRIVATE|MAP_ANONYMOUS) fd=-1(EPERM) offset=0 
mmap res=7FC53BD3A000 vm_size=383120 vm_rss=7640 vm_swap=0 
geteuid 
geteuid euid=0(root) 
setgid gid=33(www-data) 
setgid res=0 
open 
open fd=9(<f>/proc/sys/kernel/ngroups_max) name=/proc/sys/kernel/ngroups_max flags=1(O_RDONLY) mode=0 dev=64 
read fd=9(<f>/proc/sys/kernel/ngroups_max) size=31 
read res=6 data=65536. 
close fd=9(<f>/proc/sys/kernel/ngroups_max) 
close res=0 
open 
open fd=9(<f>/etc/group) name=/etc/group flags=4097(O_RDONLY|O_CLOEXEC) mode=0 dev=62 
lseek fd=9(<f>/etc/group) offset=0 whence=1(SEEK_CUR) 
lseek res=0 
fstat fd=9(<f>/etc/group) 
fstat res=0 
mmap addr=0 length=446 prot=1(PROT_READ) flags=1(MAP_SHARED) fd=9(<f>/etc/group) offset=0 
mmap res=7FC53BD39000 vm_size=383124 vm_rss=7640 vm_swap=0 
lseek fd=9(<f>/etc/group) offset=446 whence=0(SEEK_SET) 
lseek res=446 
fstat fd=9(<f>/etc/group) 
fstat res=0 
munmap addr=7FC53BD39000 length=446 
munmap res=0 vm_size=383120 vm_rss=9020 vm_swap=0 
close fd=9(<f>/etc/group) 
close res=0 
setgroups 
setgroups 
geteuid 
geteuid euid=0(root) 
setuid uid=33(www-data) 
setuid res=0 
getpid 
getpid 
rt_sigaction 
rt_sigaction 
rt_sigaction 
rt_sigaction 
rt_sigaction 
rt_sigaction 
rt_sigaction 
rt_sigaction 
rt_sigaction 
rt_sigaction 
rt_sigaction 
rt_sigaction 
rt_sigaction 
rt_sigaction 
rt_sigaction 
rt_sigaction 
rt_sigaction 
rt_sigaction 
rt_sigaction 
rt_sigaction 
rt_sigaction 
rt_sigaction 
rt_sigaction 
rt_sigaction 
rt_sigaction 
rt_sigaction 
rt_sigaction 
rt_sigaction 
rt_sigaction 
rt_sigaction 
rt_sigaction 
rt_sigaction 
rt_sigaction 
rt_sigaction 
rt_sigaction 
rt_sigaction 
rt_sigaction 
rt_sigaction 
rt_sigaction 
rt_sigaction 
rt_sigaction 
rt_sigaction 
rt_sigaction 
rt_sigaction 
rt_sigaction 
rt_sigaction 
rt_sigaction 
rt_sigaction 
rt_sigaction 
rt_sigaction 
rt_sigaction 
rt_sigaction 
rt_sigaction 
rt_sigaction 
rt_sigaction 
rt_sigaction 
rt_sigaction 
rt_sigaction 
rt_sigaction 
rt_sigaction 
rt_sigaction 
rt_sigaction 
rt_sigaction 
rt_sigaction 
rt_sigaction 
rt_sigaction 
rt_sigaction 
rt_sigaction 
rt_sigaction 
rt_sigaction 
rt_sigaction 
rt_sigaction 
rt_sigaction 
rt_sigaction 
rt_sigaction 
rt_sigaction 
rt_sigaction 
rt_sigaction 
rt_sigaction 
rt_sigaction 
rt_sigaction 
rt_sigaction 
rt_sigaction 
rt_sigaction 
rt_sigaction 
rt_sigaction 
rt_sigaction 
rt_sigaction 
rt_sigaction 
rt_sigaction 
rt_sigaction 
rt_sigaction 
rt_sigaction 
rt_sigaction 
rt_sigaction 
rt_sigaction 
rt_sigaction 
rt_sigaction 
rt_sigaction 
rt_sigaction 
rt_sigaction 
rt_sigaction 
rt_sigaction 
rt_sigaction 
rt_sigaction 
rt_sigaction 
rt_sigaction 
rt_sigaction 
rt_sigaction 
rt_sigaction 
rt_sigaction 
rt_sigaction 
rt_sigaction 
rt_sigaction 
rt_sigaction 
rt_sigaction 
rt_sigaction 
rt_sigaction 
rt_sigaction 
rt_sigaction 
rt_sigaction 
rt_sigaction 
rt_sigaction 
rt_sigaction 
mmap addr=0 length=8192 prot=3(PROT_READ|PROT_WRITE) flags=10(MAP_PRIVATE|MAP_ANONYMOUS) fd=-1(EPERM) offset=0 
mmap res=7FC53BD38000 vm_size=383128 vm_rss=9020 vm_swap=0 
getpid 
getpid 
epoll_create1 
epoll_create1 
epoll_ctl 
epoll_ctl 
mmap addr=0 length=8192 prot=3(PROT_READ|PROT_WRITE) flags=10(MAP_PRIVATE|MAP_ANONYMOUS) fd=-1(EPERM) offset=0 
mmap res=7FC53BD36000 vm_size=383136 vm_rss=9020 vm_swap=0 
accept flags=0 
clone res=0 exe=apache2 args=-DFOREGROUND. tid=1027188(apache2) pid=1027188(apache2) ptid=1026486(apache2) cwd= fdlimit=1048576 pgft_maj=0 pgft_min=1 vm_size=383104 vm_rss=7640 vm_swap=0 comm=apache2 cgroups=cpuset=/system.slice/docker-4d81cb26c66231747b04db742cd4f8fff01cc68354eaa9325... flags=562036736(CLONE_CHILD_CLEARTID|CLONE_CHILD_SETTID) uid=0 gid=0 vtid=80 vpid=80 
set_robust_list 
set_robust_list 
rt_sigaction 
rt_sigaction 
rt_sigaction 
rt_sigaction 
rt_sigaction 
rt_sigaction 
getpid 
getpid 
getpid 
getpid 
mmap addr=0 length=8192 prot=3(PROT_READ|PROT_WRITE) flags=10(MAP_PRIVATE|MAP_ANONYMOUS) fd=-1(EPERM) offset=0 
mmap res=7FC53BD3C000 vm_size=383112 vm_rss=7640 vm_swap=0 
mmap addr=0 length=8192 prot=3(PROT_READ|PROT_WRITE) flags=10(MAP_PRIVATE|MAP_ANONYMOUS) fd=-1(EPERM) offset=0 
mmap res=7FC53BD3A000 vm_size=383120 vm_rss=7640 vm_swap=0 
geteuid 
geteuid euid=0(root) 
setgid gid=33(www-data) 
setgid res=0 
open 
open fd=9(<f>/proc/sys/kernel/ngroups_max) name=/proc/sys/kernel/ngroups_max flags=1(O_RDONLY) mode=0 dev=64 
read fd=9(<f>/proc/sys/kernel/ngroups_max) size=31 
read res=6 data=65536. 
close fd=9(<f>/proc/sys/kernel/ngroups_max) 
close res=0 
open 
open fd=9(<f>/etc/group) name=/etc/group flags=4097(O_RDONLY|O_CLOEXEC) mode=0 dev=62 
lseek fd=9(<f>/etc/group) offset=0 whence=1(SEEK_CUR) 
lseek res=0 
fstat fd=9(<f>/etc/group) 
fstat res=0 
mmap addr=0 length=446 prot=1(PROT_READ) flags=1(MAP_SHARED) fd=9(<f>/etc/group) offset=0 
mmap res=7FC53BD39000 vm_size=383124 vm_rss=7640 vm_swap=0 
lseek fd=9(<f>/etc/group) offset=446 whence=0(SEEK_SET) 
lseek res=446 
fstat fd=9(<f>/etc/group) 
fstat res=0 
munmap addr=7FC53BD39000 length=446 
munmap res=0 vm_size=383120 vm_rss=9020 vm_swap=0 
close fd=9(<f>/etc/group) 
close res=0 
setgroups 
setgroups 
geteuid 
geteuid euid=0(root) 
setuid uid=33(www-data) 
setuid res=0 
getpid 
getpid 
rt_sigaction 
rt_sigaction 
rt_sigaction 
rt_sigaction 
rt_sigaction 
rt_sigaction 
rt_sigaction 
rt_sigaction 
rt_sigaction 
rt_sigaction 
rt_sigaction 
rt_sigaction 
rt_sigaction 
rt_sigaction 
rt_sigaction 
rt_sigaction 
rt_sigaction 
rt_sigaction 
rt_sigaction 
rt_sigaction 
rt_sigaction 
rt_sigaction 
rt_sigaction 
rt_sigaction 
rt_sigaction 
rt_sigaction 
rt_sigaction 
rt_sigaction 
rt_sigaction 
rt_sigaction 
rt_sigaction 
rt_sigaction 
rt_sigaction 
rt_sigaction 
rt_sigaction 
rt_sigaction 
rt_sigaction 
rt_sigaction 
rt_sigaction 
rt_sigaction 
rt_sigaction 
rt_sigaction 
rt_sigaction 
rt_sigaction 
rt_sigaction 
rt_sigaction 
rt_sigaction 
rt_sigaction 
rt_sigaction 
rt_sigaction 
rt_sigaction 
rt_sigaction 
rt_sigaction 
rt_sigaction 
rt_sigaction 
rt_sigaction 
rt_sigaction 
rt_sigaction 
rt_sigaction 
rt_sigaction 
rt_sigaction 
rt_sigaction 
rt_sigaction 
rt_sigaction 
rt_sigaction 
rt_sigaction 
rt_sigaction 
rt_sigaction 
rt_sigaction 
rt_sigaction 
rt_sigaction 
rt_sigaction 
rt_sigaction 
rt_sigaction 
rt_sigaction 
rt_sigaction 
rt_sigaction 
rt_sigaction 
rt_sigaction 
rt_sigaction 
rt_sigaction 
rt_sigaction 
rt_sigaction 
rt_sigaction 
rt_sigaction 
rt_sigaction 
rt_sigaction 
rt_sigaction 
rt_sigaction 
rt_sigaction 
rt_sigaction 
rt_sigaction 
rt_sigaction 
rt_sigaction 
rt_sigaction 
rt_sigaction 
rt_sigaction 
rt_sigaction 
rt_sigaction 
rt_sigaction 
rt_sigaction 
rt_sigaction 
rt_sigaction 
rt_sigaction 
rt_sigaction 
rt_sigaction 
rt_sigaction 
rt_sigaction 
rt_sigaction 
rt_sigaction 
rt_sigaction 
rt_sigaction 
rt_sigaction 
rt_sigaction 
rt_sigaction 
rt_sigaction 
rt_sigaction 
rt_sigaction 
rt_sigaction 
rt_sigaction 
rt_sigaction 
rt_sigaction 
rt_sigaction 
rt_sigaction 
mmap addr=0 length=8192 prot=3(PROT_READ|PROT_WRITE) flags=10(MAP_PRIVATE|MAP_ANONYMOUS) fd=-1(EPERM) offset=0 
mmap res=7FC53BD38000 vm_size=383128 vm_rss=9020 vm_swap=0 
getpid 
getpid 
epoll_create1 
epoll_create1 
epoll_ctl 
epoll_ctl 
mmap addr=0 length=8192 prot=3(PROT_READ|PROT_WRITE) flags=10(MAP_PRIVATE|MAP_ANONYMOUS) fd=-1(EPERM) offset=0 
mmap res=7FC53BD36000 vm_size=383136 vm_rss=9020 vm_swap=0 
accept flags=0 
clone res=0 exe=apache2 args=-DFOREGROUND. tid=1027189(apache2) pid=1027189(apache2) ptid=1026486(apache2) cwd= fdlimit=1048576 pgft_maj=0 pgft_min=1 vm_size=383104 vm_rss=7640 vm_swap=0 comm=apache2 cgroups=cpuset=/system.slice/docker-4d81cb26c66231747b04db742cd4f8fff01cc68354eaa9325... flags=562036736(CLONE_CHILD_CLEARTID|CLONE_CHILD_SETTID) uid=0 gid=0 vtid=81 vpid=81 
set_robust_list 
set_robust_list 
rt_sigaction 
rt_sigaction 
rt_sigaction 
rt_sigaction 
rt_sigaction 
rt_sigaction 
getpid 
getpid 
getpid 
getpid 
mmap addr=0 length=8192 prot=3(PROT_READ|PROT_WRITE) flags=10(MAP_PRIVATE|MAP_ANONYMOUS) fd=-1(EPERM) offset=0 
mmap res=7FC53BD3C000 vm_size=383112 vm_rss=7640 vm_swap=0 
mmap addr=0 length=8192 prot=3(PROT_READ|PROT_WRITE) flags=10(MAP_PRIVATE|MAP_ANONYMOUS) fd=-1(EPERM) offset=0 
mmap res=7FC53BD3A000 vm_size=383120 vm_rss=7640 vm_swap=0 
geteuid 
geteuid euid=0(root) 
setgid gid=33(www-data) 
setgid res=0 
open 
open fd=9(<f>/proc/sys/kernel/ngroups_max) name=/proc/sys/kernel/ngroups_max flags=1(O_RDONLY) mode=0 dev=64 
read fd=9(<f>/proc/sys/kernel/ngroups_max) size=31 
read res=6 data=65536. 
close fd=9(<f>/proc/sys/kernel/ngroups_max) 
close res=0 
open 
open fd=9(<f>/etc/group) name=/etc/group flags=4097(O_RDONLY|O_CLOEXEC) mode=0 dev=62 
lseek fd=9(<f>/etc/group) offset=0 whence=1(SEEK_CUR) 
lseek res=0 
fstat fd=9(<f>/etc/group) 
fstat res=0 
mmap addr=0 length=446 prot=1(PROT_READ) flags=1(MAP_SHARED) fd=9(<f>/etc/group) offset=0 
mmap res=7FC53BD39000 vm_size=383124 vm_rss=7640 vm_swap=0 
lseek fd=9(<f>/etc/group) offset=446 whence=0(SEEK_SET) 
lseek res=446 
fstat fd=9(<f>/etc/group) 
fstat res=0 
munmap addr=7FC53BD39000 length=446 
munmap res=0 vm_size=383120 vm_rss=9020 vm_swap=0 
close fd=9(<f>/etc/group) 
close res=0 
setgroups 
setgroups 
geteuid 
geteuid euid=0(root) 
setuid uid=33(www-data) 
setuid res=0 
getpid 
getpid 
rt_sigaction 
rt_sigaction 
rt_sigaction 
rt_sigaction 
rt_sigaction 
rt_sigaction 
rt_sigaction 
rt_sigaction 
rt_sigaction 
rt_sigaction 
rt_sigaction 
rt_sigaction 
rt_sigaction 
rt_sigaction 
rt_sigaction 
rt_sigaction 
rt_sigaction 
rt_sigaction 
rt_sigaction 
rt_sigaction 
rt_sigaction 
rt_sigaction 
rt_sigaction 
rt_sigaction 
rt_sigaction 
rt_sigaction 
rt_sigaction 
rt_sigaction 
rt_sigaction 
rt_sigaction 
rt_sigaction 
rt_sigaction 
rt_sigaction 
rt_sigaction 
rt_sigaction 
rt_sigaction 
rt_sigaction 
rt_sigaction 
rt_sigaction 
rt_sigaction 
rt_sigaction 
rt_sigaction 
rt_sigaction 
rt_sigaction 
rt_sigaction 
rt_sigaction 
rt_sigaction 
rt_sigaction 
rt_sigaction 
rt_sigaction 
rt_sigaction 
rt_sigaction 
rt_sigaction 
rt_sigaction 
rt_sigaction 
rt_sigaction 
rt_sigaction 
rt_sigaction 
rt_sigaction 
rt_sigaction 
rt_sigaction 
rt_sigaction 
rt_sigaction 
rt_sigaction 
rt_sigaction 
rt_sigaction 
rt_sigaction 
rt_sigaction 
rt_sigaction 
rt_sigaction 
rt_sigaction 
rt_sigaction 
rt_sigaction 
rt_sigaction 
rt_sigaction 
rt_sigaction 
rt_sigaction 
rt_sigaction 
rt_sigaction 
rt_sigaction 
rt_sigaction 
rt_sigaction 
rt_sigaction 
rt_sigaction 
rt_sigaction 
rt_sigaction 
rt_sigaction 
rt_sigaction 
rt_sigaction 
rt_sigaction 
rt_sigaction 
rt_sigaction 
rt_sigaction 
rt_sigaction 
rt_sigaction 
rt_sigaction 
rt_sigaction 
rt_sigaction 
rt_sigaction 
rt_sigaction 
rt_sigaction 
rt_sigaction 
rt_sigaction 
rt_sigaction 
rt_sigaction 
rt_sigaction 
rt_sigaction 
rt_sigaction 
rt_sigaction 
rt_sigaction 
rt_sigaction 
rt_sigaction 
rt_sigaction 
rt_sigaction 
rt_sigaction 
rt_sigaction 
rt_sigaction 
rt_sigaction 
rt_sigaction 
rt_sigaction 
rt_sigaction 
rt_sigaction 
rt_sigaction 
rt_sigaction 
mmap addr=0 length=8192 prot=3(PROT_READ|PROT_WRITE) flags=10(MAP_PRIVATE|MAP_ANONYMOUS) fd=-1(EPERM) offset=0 
mmap res=7FC53BD38000 vm_size=383128 vm_rss=9020 vm_swap=0 
getpid 
getpid 
epoll_create1 
epoll_create1 
epoll_ctl 
epoll_ctl 
mmap addr=0 length=8192 prot=3(PROT_READ|PROT_WRITE) flags=10(MAP_PRIVATE|MAP_ANONYMOUS) fd=-1(EPERM) offset=0 
mmap res=7FC53BD36000 vm_size=383136 vm_rss=9020 vm_swap=0 
accept flags=0 
accept fd=10(<4t>127.0.0.1:47328->127.0.0.1:80) tuple=127.0.0.1:47328->127.0.0.1:80 queuepct=0 queuelen=0 queuemax=511 
getsockname 
getsockname 
fcntl fd=10(<4t>127.0.0.1:47328->127.0.0.1:80) cmd=4(F_GETFL) 
fcntl res=2(<p>pipe:[2951208]) 
fcntl fd=10(<4t>127.0.0.1:47328->127.0.0.1:80) cmd=5(F_SETFL) 
fcntl res=0(<f>/dev/null) 
mmap addr=0 length=8192 prot=3(PROT_READ|PROT_WRITE) flags=10(MAP_PRIVATE|MAP_ANONYMOUS) fd=-1(EPERM) offset=0 
mmap res=7FC53BD34000 vm_size=383144 vm_rss=9020 vm_swap=0 
mmap addr=0 length=8192 prot=3(PROT_READ|PROT_WRITE) flags=10(MAP_PRIVATE|MAP_ANONYMOUS) fd=-1(EPERM) offset=0 
mmap res=7FC53BD32000 vm_size=383152 vm_rss=9020 vm_swap=0 
read fd=10(<4t>127.0.0.1:47328->127.0.0.1:80) size=8000 
read res=96 data=OPTIONS * HTTP/1.0..User-Agent: Apache/2.4.25 (Debian) PHP/7.2.1 (internal dummy 
mmap addr=0 length=8192 prot=3(PROT_READ|PROT_WRITE) flags=10(MAP_PRIVATE|MAP_ANONYMOUS) fd=-1(EPERM) offset=0 
mmap res=7FC53BD30000 vm_size=383160 vm_rss=9020 vm_swap=0 
mmap addr=0 length=8192 prot=3(PROT_READ|PROT_WRITE) flags=10(MAP_PRIVATE|MAP_ANONYMOUS) fd=-1(EPERM) offset=0 
mmap res=7FC53BD2E000 vm_size=383168 vm_rss=9020 vm_swap=0 
writev fd=10(<4t>127.0.0.1:47328->127.0.0.1:80) size=126 
writev res=126 data=HTTP/1.1 200 OK..Date: Thu, 10 Aug 2023 04:06:17 GMT..Server: Apache/2.4.25 (Deb 
write fd=7(<p>pipe:[2951207]) size=139 
write res=139 data=127.0.0.1 - - [10/Aug/2023:04:06:17 +0000] "OPTIONS * HTTP/1.0" 200 126 "-" "Apa 
times 
times 
shutdown fd=10(<4t>127.0.0.1:47328->127.0.0.1:80) how=1(SHUT_WR) 
shutdown res=-107(ENOTCONN) 
close fd=10(<4t>127.0.0.1:47328->127.0.0.1:80) 
close res=0 
read fd=4(<p>pipe:[2950617]) size=1 
read res=1 data=! 
close fd=9 
close res=0 
munmap addr=7FC524A5F000 length=134217728 
munmap res=0 vm_size=252096 vm_rss=11240 vm_swap=0 
close fd=8(<f>/tmp/.ZendSem.5rqVN6 (deleted)) 
close res=0 
munmap addr=7FC52CA5F000 length=2243784 
munmap res=0 vm_size=249904 vm_rss=11284 vm_swap=0 
munmap addr=7FC52D121000 length=2517856 
munmap res=0 vm_size=247444 vm_rss=11304 vm_swap=0 
munmap addr=7FC52CEEE000 length=2301968 
munmap res=0 vm_size=245192 vm_rss=11276 vm_swap=0 
munmap addr=7FC52CC83000 length=2531352 
munmap res=0 vm_size=242716 vm_rss=11248 vm_swap=0 
munmap addr=7FC52D388000 length=2584984 
munmap res=0 vm_size=240188 vm_rss=12852 vm_swap=0 
munmap addr=7FC53BCE4000 length=299008 
munmap res=0 vm_size=239896 vm_rss=12664 vm_swap=0 
munmap addr=7FC52D600000 length=2097152 
munmap res=0 vm_size=237848 vm_rss=10616 vm_swap=0 
munmap addr=7FC53BD52000 length=323584 
munmap res=0 vm_size=237532 vm_rss=10612 vm_swap=0 
munmap addr=7FC53BD3C000 length=8192 
munmap res=0 vm_size=237524 vm_rss=10608 vm_swap=0 
munmap addr=7FC53BD36000 length=8192 
munmap res=0 vm_size=237516 vm_rss=10604 vm_swap=0 
munmap addr=7FC53BD3A000 length=8192 
munmap res=0 vm_size=237508 vm_rss=10600 vm_swap=0 
munmap addr=7FC53BD38000 length=8192 
munmap res=0 vm_size=237500 vm_rss=10596 vm_swap=0 
munmap addr=7FC53BD32000 length=8192 
munmap res=0 vm_size=237492 vm_rss=10592 vm_swap=0 
munmap addr=7FC53BD2E000 length=8192 
munmap res=0 vm_size=237484 vm_rss=10588 vm_swap=0 
munmap addr=7FC53BD34000 length=8192 
munmap res=0 vm_size=237476 vm_rss=10580 vm_swap=0 
munmap addr=7FC53BD30000 length=8192 
munmap res=0 vm_size=237468 vm_rss=10576 vm_swap=0 
close fd=5(<p>pipe:[2950617]) 
close res=0 
close fd=4(<p>pipe:[2950617]) 
close res=0 
futex addr=7FC535ACF8EC op=129(FUTEX_PRIVATE_FLAG|FUTEX_WAKE) val=2147483647 
futex res=0 
exit_group 
accept fd=10(<4t>127.0.0.1:57290->127.0.0.1:80) tuple=127.0.0.1:57290->127.0.0.1:80 queuepct=0 queuelen=0 queuemax=511 
getsockname 
getsockname 
fcntl fd=10(<4t>127.0.0.1:57290->127.0.0.1:80) cmd=4(F_GETFL) 
fcntl res=2(<p>pipe:[2951208]) 
fcntl fd=10(<4t>127.0.0.1:57290->127.0.0.1:80) cmd=5(F_SETFL) 
fcntl res=0(<f>/dev/null) 
mmap addr=0 length=8192 prot=3(PROT_READ|PROT_WRITE) flags=10(MAP_PRIVATE|MAP_ANONYMOUS) fd=-1(EPERM) offset=0 
mmap res=7FC53BD34000 vm_size=383144 vm_rss=9020 vm_swap=0 
mmap addr=0 length=8192 prot=3(PROT_READ|PROT_WRITE) flags=10(MAP_PRIVATE|MAP_ANONYMOUS) fd=-1(EPERM) offset=0 
mmap res=7FC53BD32000 vm_size=383152 vm_rss=9020 vm_swap=0 
read fd=10(<4t>127.0.0.1:57290->127.0.0.1:80) size=8000 
read res=96 data=OPTIONS * HTTP/1.0..User-Agent: Apache/2.4.25 (Debian) PHP/7.2.1 (internal dummy 
mmap addr=0 length=8192 prot=3(PROT_READ|PROT_WRITE) flags=10(MAP_PRIVATE|MAP_ANONYMOUS) fd=-1(EPERM) offset=0 
mmap res=7FC53BD30000 vm_size=383160 vm_rss=9020 vm_swap=0 
mmap addr=0 length=8192 prot=3(PROT_READ|PROT_WRITE) flags=10(MAP_PRIVATE|MAP_ANONYMOUS) fd=-1(EPERM) offset=0 
mmap res=7FC53BD2E000 vm_size=383168 vm_rss=9020 vm_swap=0 
writev fd=10(<4t>127.0.0.1:57290->127.0.0.1:80) size=126 
writev res=126 data=HTTP/1.1 200 OK..Date: Thu, 10 Aug 2023 04:06:18 GMT..Server: Apache/2.4.25 (Deb 
write fd=7(<p>pipe:[2951207]) size=139 
write res=139 data=127.0.0.1 - - [10/Aug/2023:04:06:18 +0000] "OPTIONS * HTTP/1.0" 200 126 "-" "Apa 
times 
times 
shutdown fd=10(<4t>127.0.0.1:57290->127.0.0.1:80) how=1(SHUT_WR) 
shutdown res=-107(ENOTCONN) 
close fd=10(<4t>127.0.0.1:57290->127.0.0.1:80) 
close res=0 
read fd=4(<p>pipe:[2950617]) size=1 
read res=1 data=! 
close fd=9 
close res=0 
munmap addr=7FC524A5F000 length=134217728 
munmap res=0 vm_size=252096 vm_rss=11248 vm_swap=0 
close fd=8(<f>/tmp/.ZendSem.5rqVN6 (deleted)) 
close res=0 
munmap addr=7FC52CA5F000 length=2243784 
munmap res=0 vm_size=249904 vm_rss=11292 vm_swap=0 
munmap addr=7FC52D121000 length=2517856 
munmap res=0 vm_size=247444 vm_rss=11312 vm_swap=0 
munmap addr=7FC52CEEE000 length=2301968 
munmap res=0 vm_size=245192 vm_rss=11284 vm_swap=0 
munmap addr=7FC52CC83000 length=2531352 
munmap res=0 vm_size=242716 vm_rss=11256 vm_swap=0 
munmap addr=7FC52D388000 length=2584984 
munmap res=0 vm_size=240188 vm_rss=12860 vm_swap=0 
munmap addr=7FC53BCE4000 length=299008 
munmap res=0 vm_size=239896 vm_rss=12672 vm_swap=0 
munmap addr=7FC52D600000 length=2097152 
munmap res=0 vm_size=237848 vm_rss=10624 vm_swap=0 
munmap addr=7FC53BD52000 length=323584 
munmap res=0 vm_size=237532 vm_rss=10620 vm_swap=0 
munmap addr=7FC53BD3C000 length=8192 
munmap res=0 vm_size=237524 vm_rss=10616 vm_swap=0 
munmap addr=7FC53BD36000 length=8192 
munmap res=0 vm_size=237516 vm_rss=10612 vm_swap=0 
munmap addr=7FC53BD3A000 length=8192 
munmap res=0 vm_size=237508 vm_rss=10608 vm_swap=0 
munmap addr=7FC53BD38000 length=8192 
munmap res=0 vm_size=237500 vm_rss=10604 vm_swap=0 
munmap addr=7FC53BD32000 length=8192 
munmap res=0 vm_size=237492 vm_rss=10600 vm_swap=0 
munmap addr=7FC53BD2E000 length=8192 
munmap res=0 vm_size=237484 vm_rss=10596 vm_swap=0 
munmap addr=7FC53BD34000 length=8192 
munmap res=0 vm_size=237476 vm_rss=10588 vm_swap=0 
munmap addr=7FC53BD30000 length=8192 
munmap res=0 vm_size=237468 vm_rss=10584 vm_swap=0 
close fd=5(<p>pipe:[2950617]) 
close res=0 
close fd=4(<p>pipe:[2950617]) 
close res=0 
futex addr=7FC535ACF8EC op=129(FUTEX_PRIVATE_FLAG|FUTEX_WAKE) val=2147483647 
futex res=0 
exit_group 
accept fd=10(<4t>127.0.0.1:57304->127.0.0.1:80) tuple=127.0.0.1:57304->127.0.0.1:80 queuepct=0 queuelen=0 queuemax=511 
getsockname 
getsockname 
fcntl fd=10(<4t>127.0.0.1:57304->127.0.0.1:80) cmd=4(F_GETFL) 
fcntl res=2(<p>pipe:[2951208]) 
fcntl fd=10(<4t>127.0.0.1:57304->127.0.0.1:80) cmd=5(F_SETFL) 
fcntl res=0(<f>/dev/null) 
mmap addr=0 length=8192 prot=3(PROT_READ|PROT_WRITE) flags=10(MAP_PRIVATE|MAP_ANONYMOUS) fd=-1(EPERM) offset=0 
mmap res=7FC53BD34000 vm_size=383144 vm_rss=9020 vm_swap=0 
mmap addr=0 length=8192 prot=3(PROT_READ|PROT_WRITE) flags=10(MAP_PRIVATE|MAP_ANONYMOUS) fd=-1(EPERM) offset=0 
mmap res=7FC53BD32000 vm_size=383152 vm_rss=9020 vm_swap=0 
read fd=10(<4t>127.0.0.1:57304->127.0.0.1:80) size=8000 
read res=96 data=OPTIONS * HTTP/1.0..User-Agent: Apache/2.4.25 (Debian) PHP/7.2.1 (internal dummy 
mmap addr=0 length=8192 prot=3(PROT_READ|PROT_WRITE) flags=10(MAP_PRIVATE|MAP_ANONYMOUS) fd=-1(EPERM) offset=0 
mmap res=7FC53BD30000 vm_size=383160 vm_rss=9020 vm_swap=0 
mmap addr=0 length=8192 prot=3(PROT_READ|PROT_WRITE) flags=10(MAP_PRIVATE|MAP_ANONYMOUS) fd=-1(EPERM) offset=0 
mmap res=7FC53BD2E000 vm_size=383168 vm_rss=9020 vm_swap=0 
writev fd=10(<4t>127.0.0.1:57304->127.0.0.1:80) size=126 
writev res=126 data=HTTP/1.1 200 OK..Date: Thu, 10 Aug 2023 04:06:19 GMT..Server: Apache/2.4.25 (Deb 
write fd=7(<p>pipe:[2951207]) size=139 
write res=139 data=127.0.0.1 - - [10/Aug/2023:04:06:19 +0000] "OPTIONS * HTTP/1.0" 200 126 "-" "Apa 
times 
times 
shutdown fd=10(<4t>127.0.0.1:57304->127.0.0.1:80) how=1(SHUT_WR) 
shutdown res=-107(ENOTCONN) 
close fd=10(<4t>127.0.0.1:57304->127.0.0.1:80) 
close res=0 
read fd=4(<p>pipe:[2950617]) size=1 
read res=1 data=! 
close fd=9 
close res=0 
munmap addr=7FC524A5F000 length=134217728 
munmap res=0 vm_size=252096 vm_rss=11248 vm_swap=0 
close fd=8(<f>/tmp/.ZendSem.5rqVN6 (deleted)) 
close res=0 
munmap addr=7FC52CA5F000 length=2243784 
munmap res=0 vm_size=249904 vm_rss=11292 vm_swap=0 
munmap addr=7FC52D121000 length=2517856 
munmap res=0 vm_size=247444 vm_rss=11312 vm_swap=0 
munmap addr=7FC52CEEE000 length=2301968 
munmap res=0 vm_size=245192 vm_rss=11284 vm_swap=0 
munmap addr=7FC52CC83000 length=2531352 
munmap res=0 vm_size=242716 vm_rss=11256 vm_swap=0 
munmap addr=7FC52D388000 length=2584984 
munmap res=0 vm_size=240188 vm_rss=12860 vm_swap=0 
munmap addr=7FC53BCE4000 length=299008 
munmap res=0 vm_size=239896 vm_rss=12672 vm_swap=0 
munmap addr=7FC52D600000 length=2097152 
munmap res=0 vm_size=237848 vm_rss=10624 vm_swap=0 
munmap addr=7FC53BD52000 length=323584 
munmap res=0 vm_size=237532 vm_rss=10620 vm_swap=0 
munmap addr=7FC53BD3C000 length=8192 
munmap res=0 vm_size=237524 vm_rss=10616 vm_swap=0 
munmap addr=7FC53BD36000 length=8192 
munmap res=0 vm_size=237516 vm_rss=10612 vm_swap=0 
munmap addr=7FC53BD3A000 length=8192 
munmap res=0 vm_size=237508 vm_rss=10608 vm_swap=0 
munmap addr=7FC53BD38000 length=8192 
munmap res=0 vm_size=237500 vm_rss=10604 vm_swap=0 
munmap addr=7FC53BD32000 length=8192 
munmap res=0 vm_size=237492 vm_rss=10600 vm_swap=0 
munmap addr=7FC53BD2E000 length=8192 
munmap res=0 vm_size=237484 vm_rss=10596 vm_swap=0 
munmap addr=7FC53BD34000 length=8192 
munmap res=0 vm_size=237476 vm_rss=10588 vm_swap=0 
munmap addr=7FC53BD30000 length=8192 
munmap res=0 vm_size=237468 vm_rss=10584 vm_swap=0 
close fd=5(<p>pipe:[2950617]) 
close res=0 
close fd=4(<p>pipe:[2950617]) 
close res=0 
futex addr=7FC535ACF8EC op=129(FUTEX_PRIVATE_FLAG|FUTEX_WAKE) val=2147483647 
futex res=0 
exit_group 
accept fd=10(<4t>172.18.0.1:46086->172.18.0.3:80) tuple=172.18.0.1:46086->172.18.0.3:80 queuepct=0 queuelen=0 queuemax=511 
getsockname 
getsockname 
fcntl fd=10(<4t>172.18.0.1:46086->172.18.0.3:80) cmd=4(F_GETFL) 
fcntl res=2(<p>pipe:[2951208]) 
fcntl fd=10(<4t>172.18.0.1:46086->172.18.0.3:80) cmd=5(F_SETFL) 
fcntl res=0(<f>/dev/null) 
mmap addr=0 length=8192 prot=3(PROT_READ|PROT_WRITE) flags=10(MAP_PRIVATE|MAP_ANONYMOUS) fd=-1(EPERM) offset=0 
mmap res=7FC53BD34000 vm_size=383144 vm_rss=9020 vm_swap=0 
mmap addr=0 length=8192 prot=3(PROT_READ|PROT_WRITE) flags=10(MAP_PRIVATE|MAP_ANONYMOUS) fd=-1(EPERM) offset=0 
mmap res=7FC53BD32000 vm_size=383152 vm_rss=9020 vm_swap=0 
read fd=10(<4t>172.18.0.1:46086->172.18.0.3:80) size=8000 
read res=1111 data=GET /wp-content/plugins/google-mp3-audio-player/direct_download.php?file=../../. 
stat 
stat res=0 path=/var/www/html/wp-content/plugins/google-mp3-audio-player/direct_download.php 
mmap addr=0 length=8192 prot=3(PROT_READ|PROT_WRITE) flags=10(MAP_PRIVATE|MAP_ANONYMOUS) fd=-1(EPERM) offset=0 
mmap res=7FC53BD30000 vm_size=383160 vm_rss=9020 vm_swap=0 
open 
open fd=-2(ENOENT) name=/var/www/.htaccess flags=4097(O_RDONLY|O_CLOEXEC) mode=0 dev=0 
open 
open fd=11(<f>/var/www/html/.htaccess) name=/var/www/html/.htaccess flags=4097(O_RDONLY|O_CLOEXEC) mode=0 dev=34 
fstat fd=11(<f>/var/www/html/.htaccess) 
fstat res=0 
read fd=11(<f>/var/www/html/.htaccess) size=4096 
read res=234 data=# BEGIN WordPress.<IfModule mod_rewrite.c>.RewriteEngine On.RewriteBase /.Rewrit 
read fd=11(<f>/var/www/html/.htaccess) size=4096 
read res=0 data= 
close fd=11(<f>/var/www/html/.htaccess) 
close res=0 
mmap addr=0 length=8192 prot=3(PROT_READ|PROT_WRITE) flags=10(MAP_PRIVATE|MAP_ANONYMOUS) fd=-1(EPERM) offset=0 
mmap res=7FC53BD2E000 vm_size=383168 vm_rss=9020 vm_swap=0 
open 
open fd=-2(ENOENT) name=/var/www/html/wp-content/.htaccess flags=4097(O_RDONLY|O_CLOEXEC) mode=0 dev=0 
open 
open fd=-2(ENOENT) name=/var/www/html/wp-content/plugins/.htaccess flags=4097(O_RDONLY|O_CLOEXEC) mode=0 dev=0 
open 
open fd=-2(ENOENT) name=/var/www/html/wp-content/plugins/google-mp3-audio-player/.htaccess flags=4097(O_RDONLY|O_CLOEXEC) mode=0 dev=0 
open 
open fd=-20(ENOTDIR) name=/var/www/html/wp-content/plugins/google-mp3-audio-player/direct_download.php/.htaccess flags=4097(O_RDONLY|O_CLOEXEC) mode=0 dev=0 
stat 
stat res=0 path=/var/www/html/wp-content/plugins/google-mp3-audio-player/direct_download.php 
brk addr=55F73EA80000 
brk res=55F73EA80000 vm_size=383328 vm_rss=10208 vm_swap=0 
brk addr=55F73EAA1000 
brk res=55F73EAA1000 vm_size=383460 vm_rss=11472 vm_swap=0 
rt_sigaction 
rt_sigaction 
rt_sigaction 
rt_sigaction 
rt_sigaction 
rt_sigaction 
rt_sigaction 
rt_sigaction 
rt_sigaction 
rt_sigaction 
rt_sigaction 
rt_sigaction 
rt_sigaction 
rt_sigaction 
rt_sigaction 
rt_sigaction 
rt_sigaction 
rt_sigaction 
rt_sigaction 
rt_sigaction 
rt_sigaction 
rt_sigaction 
rt_sigaction 
rt_sigaction 
rt_sigaction 
rt_sigaction 
rt_sigaction 
rt_sigaction 
setitimer 
setitimer 
rt_sigaction 
rt_sigaction 
rt_sigprocmask 
rt_sigprocmask 
mmap addr=0 length=65536 prot=3(PROT_READ|PROT_WRITE) flags=10(MAP_PRIVATE|MAP_ANONYMOUS) fd=-1(EPERM) offset=0 
mmap res=7FC53BCD4000 vm_size=383524 vm_rss=12164 vm_swap=0 
getcwd 
getcwd res=14 path=/var/www/html 
chdir 
chdir res=0 path=/var/www/html/wp-content/plugins/google-mp3-audio-player 
lstat 
lstat res=0 path=/var/www/html/wp-content/plugins/google-mp3-audio-player/direct_download.php 
lstat 
lstat res=0 path=/var/www/html/wp-content/plugins/google-mp3-audio-player 
lstat 
lstat res=0 path=/var/www/html/wp-content/plugins 
lstat 
lstat res=0 path=/var/www/html/wp-content 
lstat 
lstat res=0 path=/var/www/html 
lstat 
lstat res=0 path=/var/www 
lstat 
lstat res=0 path=/var 
open 
open fd=11(<f>/var/www/html/wp-content/plugins/google-mp3-audio-player/direct_download.php) name=/var/www/html/wp-content/plugins/google-mp3-audio-player/direct_download.php flags=1(O_RDONLY) mode=0 dev=34 
fstat fd=11(<f>/var/www/html/wp-content/plugins/google-mp3-audio-player/direct_download.php) 
fstat res=0 
fstat fd=11(<f>/var/www/html/wp-content/plugins/google-mp3-audio-player/direct_download.php) 
fstat res=0 
fstat fd=11(<f>/var/www/html/wp-content/plugins/google-mp3-audio-player/direct_download.php) 
fstat res=0 
mmap addr=0 length=407 prot=1(PROT_READ) flags=1(MAP_SHARED) fd=11(<f>/var/www/html/wp-content/plugins/google-mp3-audio-player/direct_download.php) offset=0 
mmap res=7FC53BD2D000 vm_size=383528 vm_rss=12164 vm_swap=0 
fcntl fd=8(<f>/tmp/.ZendSem.5rqVN6 (deleted)) cmd=8(F_SETLK) 
fcntl res=0(<f>/dev/null) 
stat 
stat res=0 path=/var/www/html/wp-content/plugins/google-mp3-audio-player/direct_download.php 
fcntl fd=8(<f>/tmp/.ZendSem.5rqVN6 (deleted)) cmd=9(F_SETLKW) 
fcntl res=0(<f>/dev/null) 
fcntl fd=8(<f>/tmp/.ZendSem.5rqVN6 (deleted)) cmd=8(F_SETLK) 
fcntl res=0(<f>/dev/null) 
munmap addr=7FC53BD2D000 length=407 
munmap res=0 vm_size=383524 vm_rss=14052 vm_swap=0 
close fd=11(<f>/var/www/html/wp-content/plugins/google-mp3-audio-player/direct_download.php) 
close res=0 
stat 
stat res=0 path=../../../wp-config.php(/var/www/html/wp-config.php) 
getcwd 
getcwd res=57 path=/var/www/html/wp-content/plugins/google-mp3-audio-player 
lstat 
lstat res=0 path=/var/www/html/wp-content/plugins/google-mp3-audio-player/../../../wp-config.php 
open 
open fd=11(<f>/var/www/html/wp-config.php) name=/var/www/html/wp-config.php flags=1(O_RDONLY) mode=0 dev=34 
fstat fd=11(<f>/var/www/html/wp-config.php) 
fstat res=0 
lseek fd=11(<f>/var/www/html/wp-config.php) offset=0 whence=1(SEEK_CUR) 
lseek res=0 
fstat fd=11(<f>/var/www/html/wp-config.php) 
fstat res=0 
mmap addr=0 length=3154 prot=1(PROT_READ) flags=1(MAP_SHARED) fd=11(<f>/var/www/html/wp-config.php) offset=0 
mmap res=7FC53BD2D000 vm_size=383528 vm_rss=14052 vm_swap=0 
mmap addr=0 length=8192 prot=3(PROT_READ|PROT_WRITE) flags=10(MAP_PRIVATE|MAP_ANONYMOUS) fd=-1(EPERM) offset=0 
mmap res=7FC53BCD2000 vm_size=383536 vm_rss=14052 vm_swap=0 
lseek fd=11(<f>/var/www/html/wp-config.php) offset=3154 whence=0(SEEK_SET) 
lseek res=3154 
munmap addr=7FC53BD2D000 length=3154 
munmap res=0 vm_size=383532 vm_rss=14408 vm_swap=0 
close fd=11(<f>/var/www/html/wp-config.php) 
close res=0 
chdir 
chdir res=0 path=/var/www/html 
setitimer 
setitimer 
fcntl fd=8(<f>/tmp/.ZendSem.5rqVN6 (deleted)) cmd=8(F_SETLK) 
fcntl res=0(<f>/dev/null) 
setitimer 
setitimer 
mmap addr=0 length=8192 prot=3(PROT_READ|PROT_WRITE) flags=10(MAP_PRIVATE|MAP_ANONYMOUS) fd=-1(EPERM) offset=0 
mmap res=7FC53BCD0000 vm_size=383540 vm_rss=14408 vm_swap=0 
mmap addr=0 length=8192 prot=3(PROT_READ|PROT_WRITE) flags=10(MAP_PRIVATE|MAP_ANONYMOUS) fd=-1(EPERM) offset=0 
mmap res=7FC53BCCE000 vm_size=383548 vm_rss=14408 vm_swap=0 
read fd=10(<4t>172.18.0.1:46086->172.18.0.3:80) size=8000 
read res=-11(EAGAIN) data= 
writev fd=10(<4t>172.18.0.1:46086->172.18.0.3:80) size=3443 
writev res=3443 data=HTTP/1.1 200 OK..Date: Thu, 10 Aug 2023 04:06:25 GMT..Server: Apache/2.4.25 (Deb 
write fd=7(<p>pipe:[2951207]) size=235 
write res=235 data=172.18.0.1 - - [10/Aug/2023:04:06:25 +0000] "GET /wp-content/plugins/google-mp3- 
times 
times 
poll fds=10:41 timeout=5000 
poll res=1 fds=10:41 
read fd=10(<4t>172.18.0.1:46086->172.18.0.3:80) size=8000 
read res=0 data= 
shutdown fd=10(<4t>172.18.0.1:46086->172.18.0.3:80) how=1(SHUT_WR) 
shutdown res=0 
poll fds=10:41 timeout=2000 
poll res=1 fds=10:421 
read fd=10(<4t>172.18.0.1:46086->172.18.0.3:80) size=512 
read res=0 data= 
close fd=10(<4t>172.18.0.1:46086->172.18.0.3:80) 
close res=0 
read fd=4(<p>pipe:[2950617]) size=1 
read res=-11(EAGAIN) data= 
accept flags=0 
accept fd=-512(ERESTARTSYS) tuple=NULL queuepct=0 queuelen=0 queuemax=511 
close fd=9 
close res=0 
munmap addr=7FC524A5F000 length=134217728 
munmap res=0 vm_size=252064 vm_rss=11040 vm_swap=0 
close fd=8(<f>/tmp/.ZendSem.5rqVN6 (deleted)) 
close res=0 
munmap addr=7FC52CA5F000 length=2243784 
munmap res=0 vm_size=249872 vm_rss=11084 vm_swap=0 
munmap addr=7FC52D121000 length=2517856 
munmap res=0 vm_size=247412 vm_rss=11104 vm_swap=0 
munmap addr=7FC52CEEE000 length=2301968 
munmap res=0 vm_size=245160 vm_rss=11076 vm_swap=0 
munmap addr=7FC52CC83000 length=2531352 
munmap res=0 vm_size=242684 vm_rss=11048 vm_swap=0 
munmap addr=7FC52D388000 length=2584984 
munmap res=0 vm_size=240156 vm_rss=12652 vm_swap=0 
munmap addr=7FC53BCE4000 length=299008 
munmap res=0 vm_size=239864 vm_rss=12464 vm_swap=0 
munmap addr=7FC52D600000 length=2097152 
munmap res=0 vm_size=237816 vm_rss=10416 vm_swap=0 
munmap addr=7FC53BD52000 length=323584 
munmap res=0 vm_size=237500 vm_rss=10412 vm_swap=0 
munmap addr=7FC53BD3C000 length=8192 
munmap res=0 vm_size=237492 vm_rss=10408 vm_swap=0 
munmap addr=7FC53BD36000 length=8192 
munmap res=0 vm_size=237484 vm_rss=10404 vm_swap=0 
munmap addr=7FC53BD3A000 length=8192 
munmap res=0 vm_size=237476 vm_rss=10400 vm_swap=0 
munmap addr=7FC53BD38000 length=8192 
munmap res=0 vm_size=237468 vm_rss=10396 vm_swap=0 
close fd=5(<p>pipe:[2950617]) 
close res=0 
close fd=4(<p>pipe:[2950617]) 
close res=0 
futex addr=7FC535ACF8EC op=129(FUTEX_PRIVATE_FLAG|FUTEX_WAKE) val=2147483647 
futex res=0 
accept fd=-512(ERESTARTSYS) tuple=NULL queuepct=0 queuelen=0 queuemax=511 
close fd=9 
close res=0 
munmap addr=7FC524A5F000 length=134217728 
accept fd=-512(ERESTARTSYS) tuple=NULL queuepct=0 queuelen=0 queuemax=511 
munmap res=0 vm_size=252476 vm_rss=13400 vm_swap=0 
close fd=8(<f>/tmp/.ZendSem.5rqVN6 (deleted)) 
close res=0 
close fd=9 
close res=0 
munmap addr=7FC52CA5F000 length=2243784 
munmap res=0 vm_size=250284 vm_rss=13340 vm_swap=0 
munmap addr=7FC52D121000 length=2517856 
munmap res=0 vm_size=247824 vm_rss=13360 vm_swap=0 
munmap addr=7FC52CEEE000 length=2301968 
munmap res=0 vm_size=245572 vm_rss=13332 vm_swap=0 
munmap addr=7FC52CC83000 length=2531352 
munmap res=0 vm_size=243096 vm_rss=13304 vm_swap=0 
accept fd=-512(ERESTARTSYS) tuple=NULL queuepct=0 queuelen=0 queuemax=511 
close fd=9 
close res=0 
munmap addr=7FC524A5F000 length=134217728 
munmap res=0 vm_size=252064 vm_rss=11040 vm_swap=0 
close fd=8(<f>/tmp/.ZendSem.5rqVN6 (deleted)) 
close res=0 
munmap addr=7FC52CA5F000 length=2243784 
munmap res=0 vm_size=249872 vm_rss=11084 vm_swap=0 
munmap addr=7FC52D121000 length=2517856 
munmap res=0 vm_size=247412 vm_rss=11104 vm_swap=0 
munmap addr=7FC52CEEE000 length=2301968 
munmap res=0 vm_size=245160 vm_rss=11076 vm_swap=0 
munmap addr=7FC52CC83000 length=2531352 
munmap res=0 vm_size=242684 vm_rss=11048 vm_swap=0 
exit_group 
munmap addr=7FC52D388000 length=2584984 
munmap res=0 vm_size=240156 vm_rss=12652 vm_swap=0 
munmap addr=7FC53BCE4000 length=299008 
munmap res=0 vm_size=239864 vm_rss=12464 vm_swap=0 
munmap addr=7FC52D600000 length=2097152 
munmap addr=7FC53BCD4000 length=65536 
munmap res=0 vm_size=243032 vm_rss=14148 vm_swap=0 
munmap res=0 vm_size=237816 vm_rss=10416 vm_swap=0 
munmap addr=7FC53BD52000 length=323584 
munmap res=0 vm_size=237500 vm_rss=10412 vm_swap=0 
munmap addr=7FC53BD3C000 length=8192 
munmap res=0 vm_size=237492 vm_rss=10408 vm_swap=0 
munmap addr=7FC53BD36000 length=8192 
munmap res=0 vm_size=237484 vm_rss=10404 vm_swap=0 
munmap addr=7FC53BD3A000 length=8192 
munmap res=0 vm_size=237476 vm_rss=10400 vm_swap=0 
munmap addr=7FC53BD38000 length=8192 
munmap res=0 vm_size=237468 vm_rss=10396 vm_swap=0 
close fd=5(<p>pipe:[2950617]) 
close res=0 
close fd=4(<p>pipe:[2950617]) 
close res=0 
brk addr=55F73EA6E000 
brk res=55F73EA6E000 vm_size=242828 vm_rss=14084 vm_swap=0 
futex addr=7FC535ACF8EC op=129(FUTEX_PRIVATE_FLAG|FUTEX_WAKE) val=2147483647 
futex res=0 
munmap addr=7FC52D388000 length=2584984 
munmap res=0 vm_size=240300 vm_rss=13708 vm_swap=0 
munmap addr=7FC53BCE4000 length=299008 
munmap res=0 vm_size=240008 vm_rss=13520 vm_swap=0 
munmap addr=7FC52D600000 length=2097152 
munmap res=0 vm_size=237960 vm_rss=11472 vm_swap=0 
munmap addr=7FC53BD52000 length=323584 
munmap res=0 vm_size=237644 vm_rss=11468 vm_swap=0 
munmap addr=7FC53BD3C000 length=8192 
munmap res=0 vm_size=237636 vm_rss=11464 vm_swap=0 
munmap addr=7FC53BD36000 length=8192 
munmap res=0 vm_size=237628 vm_rss=11460 vm_swap=0 
munmap addr=7FC53BD3A000 length=8192 
munmap res=0 vm_size=237620 vm_rss=11456 vm_swap=0 
munmap addr=7FC53BD38000 length=8192 
munmap res=0 vm_size=237612 vm_rss=11452 vm_swap=0 
munmap addr=7FC53BCCE000 length=8192 
munmap res=0 vm_size=237604 vm_rss=11448 vm_swap=0 
munmap addr=7FC53BD30000 length=8192 
munmap res=0 vm_size=237596 vm_rss=11440 vm_swap=0 
munmap addr=7FC53BD2E000 length=8192 
munmap res=0 vm_size=237588 vm_rss=11432 vm_swap=0 
munmap addr=7FC53BD34000 length=8192 
munmap res=0 vm_size=237580 vm_rss=11424 vm_swap=0 
munmap addr=7FC53BCD2000 length=8192 
munmap res=0 vm_size=237572 vm_rss=11420 vm_swap=0 
munmap addr=7FC53BCD0000 length=8192 
munmap res=0 vm_size=237564 vm_rss=11416 vm_swap=0 
munmap addr=7FC53BD32000 length=8192 
munmap res=0 vm_size=237556 vm_rss=11412 vm_swap=0 
close fd=5(<p>pipe:[2950617]) 
close res=0 
close fd=4(<p>pipe:[2950617]) 
close res=0 
exit_group 
futex addr=7FC535ACF8EC op=129(FUTEX_PRIVATE_FLAG|FUTEX_WAKE) val=2147483647 
futex res=0 
munmap addr=7FC524A5F000 length=134217728 
munmap res=0 vm_size=252064 vm_rss=11040 vm_swap=0 
close fd=8(<f>/tmp/.ZendSem.5rqVN6 (deleted)) 
close res=0 
exit_group 
munmap addr=7FC52CA5F000 length=2243784 
munmap res=0 vm_size=249872 vm_rss=11084 vm_swap=0 
munmap addr=7FC52D121000 length=2517856 
munmap res=0 vm_size=247412 vm_rss=11104 vm_swap=0 
munmap addr=7FC52CEEE000 length=2301968 
munmap res=0 vm_size=245160 vm_rss=11076 vm_swap=0 
munmap addr=7FC52CC83000 length=2531352 
munmap res=0 vm_size=242684 vm_rss=11048 vm_swap=0 
munmap addr=7FC52D388000 length=2584984 
munmap res=0 vm_size=240156 vm_rss=12652 vm_swap=0 
munmap addr=7FC53BCE4000 length=299008 
munmap res=0 vm_size=239864 vm_rss=12464 vm_swap=0 
munmap addr=7FC52D600000 length=2097152 
munmap res=0 vm_size=237816 vm_rss=10416 vm_swap=0 
munmap addr=7FC53BD52000 length=323584 
munmap res=0 vm_size=237500 vm_rss=10412 vm_swap=0 
munmap addr=7FC53BD3C000 length=8192 
munmap res=0 vm_size=237492 vm_rss=10408 vm_swap=0 
munmap addr=7FC53BD36000 length=8192 
munmap res=0 vm_size=237484 vm_rss=10404 vm_swap=0 
munmap addr=7FC53BD3A000 length=8192 
munmap res=0 vm_size=237476 vm_rss=10400 vm_swap=0 
munmap addr=7FC53BD38000 length=8192 
munmap res=0 vm_size=237468 vm_rss=10396 vm_swap=0 
close fd=5(<p>pipe:[2950617]) 
close res=0 
close fd=4(<p>pipe:[2950617]) 
close res=0 
futex addr=7FC535ACF8EC op=129(FUTEX_PRIVATE_FLAG|FUTEX_WAKE) val=2147483647 
futex res=0 
exit_group 
