clone res=0 exe=apache2 args=-DFOREGROUND. tid=853567(apache2) pid=853435(apache2) ptid=853012(apache2) cwd= fdlimit=1048576 pgft_maj=0 pgft_min=0 vm_size=406856 vm_rss=53360 vm_swap=0 comm=apache2 cgroups=cpuset=/system.slice/docker-4d81cb26c66231747b04db742cd4f8fff01cc68354eaa9325... flags=578861571(CLONE_FILES|CLONE_FS|CLONE_PARENT_SETTID|CLONE_SIGHAND|CLONE_SYSVSEM|CLONE_THREAD|CLONE_VM|CLONE_CHILD_CLEARTID|CLONE_SETTLS) uid=33 gid=33 vtid=74 vpid=68 
set_robust_list 
set_robust_list 
getpid 
getpid 
mmap addr=0 length=134217728 prot=0(PROT_NONE) flags=74(MAP_PRIVATE|MAP_ANONYMOUS|MAP_NORESERVE) fd=-1(EPERM) offset=0 
mmap res=7FC0201FF000 vm_size=537928 vm_rss=53360 vm_swap=0 
munmap addr=7FC0201FF000 length=65015808 
munmap res=0 vm_size=474436 vm_rss=53360 vm_swap=0 
munmap addr=7FC028000000 length=2093056 
munmap res=0 vm_size=472392 vm_rss=53360 vm_swap=0 
mprotect 
mprotect 
open 
open fd=13(<f>/etc/resolv.conf) name=/etc/resolv.conf flags=4097(O_RDONLY|O_CLOEXEC) mode=0 dev=34 
fstat fd=13(<f>/etc/resolv.conf) 
fstat res=0 
read fd=13(<f>/etc/resolv.conf) size=1024 
read res=53 data=nameserver 127.0.0.11.options edns0 trust-ad ndots:0. 
read fd=13(<f>/etc/resolv.conf) size=1024 
read res=0 data= 
close fd=13(<f>/etc/resolv.conf) 
close res=0 
uname 
uname 
open 
open fd=13(<f>/etc/hosts) name=/etc/hosts flags=4097(O_RDONLY|O_CLOEXEC) mode=0 dev=34 
fstat fd=13(<f>/etc/hosts) 
fstat res=0 
read fd=13(<f>/etc/hosts) size=512 
read res=174 data=127.0.0.1.localhost.::1.localhost ip6-localhost ip6-loopback.fe00::0.ip6-localne 
read fd=13(<f>/etc/hosts) size=512 
read res=0 data= 
close fd=13(<f>/etc/hosts) 
close res=0 
open 
open fd=13(<f>/etc/gai.conf) name=/etc/gai.conf flags=4097(O_RDONLY|O_CLOEXEC) mode=0 dev=61 
fstat fd=13(<f>/etc/gai.conf) 
fstat res=0 
fstat fd=13(<f>/etc/gai.conf) 
fstat res=0 
read fd=13(<f>/etc/gai.conf) size=3072 
read res=2584 data=# Configuration for getaddrinfo(3)..#.# So far only configuration for the destin 
read fd=13(<f>/etc/gai.conf) size=3072 
read res=0 data= 
close fd=13(<f>/etc/gai.conf) 
close res=0 
futex addr=7FC040392EE4 op=129(FUTEX_PRIVATE_FLAG|FUTEX_WAKE) val=2147483647 
futex res=0 
socket domain=16(AF_ROUTE) type=3 proto=0 
socket fd=13(<n>) 
bind fd=13(<n>) 
bind res=0 addr=NULL 
getsockname 
getsockname 
sendto fd=13(<n>) size=20 tuple=NULL 
sendto res=20 data=.........F.d........ 
recvmsg fd=13(<n>) 
recvmsg res=164 size=164 data=L........F.dD...............................lo........................8...8.X... tuple=NULL 
recvmsg fd=13(<n>) 
recvmsg res=20 size=20 data=.........F.dD....... tuple=NULL 
close fd=13(<n>) 
close res=0 
socket domain=2(AF_INET) type=2 proto=0 
socket fd=13(<4>) 
connect fd=13(<4>) 
connect res=0 tuple=127.0.0.1:39885->127.0.0.1:9000 
getsockname 
getsockname 
close fd=13(<4u>127.0.0.1:39885->127.0.0.1:9000) 
close res=0 
socket domain=10(AF_INET6) type=2 proto=0 
socket fd=13(<6>) 
connect fd=13(<6>) 
connect res=-99(EADDRNOTAVAIL) tuple=:::43071->::1:9000 
close fd=13(<6>) 
close res=0 
madvise 
madvise 
exit 
accept fd=10(<4t>172.18.0.1:50104->172.18.0.3:80) tuple=172.18.0.1:50104->172.18.0.3:80 queuepct=0 queuelen=0 queuemax=511 
getsockname 
getsockname 
fcntl fd=10(<4t>172.18.0.1:50104->172.18.0.3:80) cmd=4(F_GETFL) 
fcntl res=2(<p>pipe:[2406072]) 
fcntl fd=10(<4t>172.18.0.1:50104->172.18.0.3:80) cmd=5(F_SETFL) 
fcntl res=0(<f>/dev/null) 
mmap addr=0 length=8192 prot=3(PROT_READ|PROT_WRITE) flags=10(MAP_PRIVATE|MAP_ANONYMOUS) fd=-1(EPERM) offset=0 
mmap res=7FC040D6E000 vm_size=383144 vm_rss=9052 vm_swap=0 
mmap addr=0 length=8192 prot=3(PROT_READ|PROT_WRITE) flags=10(MAP_PRIVATE|MAP_ANONYMOUS) fd=-1(EPERM) offset=0 
mmap res=7FC040D6C000 vm_size=383152 vm_rss=9052 vm_swap=0 
read fd=10(<4t>172.18.0.1:50104->172.18.0.3:80) size=8000 
read res=999 data=GET /wp-content/plugins/mail-masta/lib/jquery.validationEngine-en.js?ver=4.9.2 H 
stat 
stat res=0 path=/var/www/html/wp-content/plugins/mail-masta/lib/jquery.validationEngine-en.js 
mmap addr=0 length=8192 prot=3(PROT_READ|PROT_WRITE) flags=10(MAP_PRIVATE|MAP_ANONYMOUS) fd=-1(EPERM) offset=0 
mmap res=7FC040D6A000 vm_size=383160 vm_rss=9052 vm_swap=0 
open 
open fd=-2(ENOENT) name=/var/www/.htaccess flags=4097(O_RDONLY|O_CLOEXEC) mode=0 dev=0 
open 
open fd=11(<f>/var/www/html/.htaccess) name=/var/www/html/.htaccess flags=4097(O_RDONLY|O_CLOEXEC) mode=0 dev=34 
fstat fd=11(<f>/var/www/html/.htaccess) 
fstat res=0 
read fd=11(<f>/var/www/html/.htaccess) size=4096 
read res=234 data=# BEGIN WordPress.<IfModule mod_rewrite.c>.RewriteEngine On.RewriteBase /.Rewrit 
read fd=11(<f>/var/www/html/.htaccess) size=4096 
read res=0 data= 
close fd=11(<f>/var/www/html/.htaccess) 
close res=0 
open 
open fd=-2(ENOENT) name=/var/www/html/wp-content/.htaccess flags=4097(O_RDONLY|O_CLOEXEC) mode=0 dev=0 
mmap addr=0 length=8192 prot=3(PROT_READ|PROT_WRITE) flags=10(MAP_PRIVATE|MAP_ANONYMOUS) fd=-1(EPERM) offset=0 
mmap res=7FC040D68000 vm_size=383168 vm_rss=9052 vm_swap=0 
open 
open fd=-2(ENOENT) name=/var/www/html/wp-content/plugins/.htaccess flags=4097(O_RDONLY|O_CLOEXEC) mode=0 dev=0 
open 
open fd=-2(ENOENT) name=/var/www/html/wp-content/plugins/mail-masta/.htaccess flags=4097(O_RDONLY|O_CLOEXEC) mode=0 dev=0 
open 
open fd=-2(ENOENT) name=/var/www/html/wp-content/plugins/mail-masta/lib/.htaccess flags=4097(O_RDONLY|O_CLOEXEC) mode=0 dev=0 
open 
open fd=-20(ENOTDIR) name=/var/www/html/wp-content/plugins/mail-masta/lib/jquery.validationEngine-en.js/.htaccess flags=4097(O_RDONLY|O_CLOEXEC) mode=0 dev=0 
stat 
stat res=0 path=/var/www/html/wp-content/plugins/mail-masta/lib/jquery.validationEngine-en.js 
open 
open fd=11(<f>/var/www/html/wp-content/plugins/mail-masta/lib/jquery.validationEngine-en.js) name=/var/www/html/wp-content/plugins/mail-masta/lib/jquery.validationEngine-en.js flags=4097(O_RDONLY|O_CLOEXEC) mode=0 dev=34 
mmap addr=0 length=10810 prot=1(PROT_READ) flags=1(MAP_SHARED) fd=11(<f>/var/www/html/wp-content/plugins/mail-masta/lib/jquery.validationEngine-en.js) offset=0 
mmap res=7FC040D1B000 vm_size=383180 vm_rss=9052 vm_swap=0 
mmap addr=0 length=8192 prot=3(PROT_READ|PROT_WRITE) flags=10(MAP_PRIVATE|MAP_ANONYMOUS) fd=-1(EPERM) offset=0 
mmap res=7FC040D19000 vm_size=383188 vm_rss=9052 vm_swap=0 
brk addr=55875D539000 
brk res=55875D539000 vm_size=383344 vm_rss=10028 vm_swap=0 
brk addr=55875D569000 
brk res=55875D569000 vm_size=383536 vm_rss=10028 vm_swap=0 
munmap addr=7FC040D1B000 length=10810 
munmap res=0 vm_size=383524 vm_rss=10280 vm_swap=0 
mmap addr=0 length=8192 prot=3(PROT_READ|PROT_WRITE) flags=10(MAP_PRIVATE|MAP_ANONYMOUS) fd=-1(EPERM) offset=0 
mmap res=7FC040D1C000 vm_size=383532 vm_rss=10280 vm_swap=0 
brk addr=55875D539000 
brk res=55875D539000 vm_size=383340 vm_rss=10200 vm_swap=0 
mmap addr=0 length=8192 prot=3(PROT_READ|PROT_WRITE) flags=10(MAP_PRIVATE|MAP_ANONYMOUS) fd=-1(EPERM) offset=0 
mmap res=7FC040D17000 vm_size=383348 vm_rss=10200 vm_swap=0 
mmap addr=0 length=8192 prot=3(PROT_READ|PROT_WRITE) flags=10(MAP_PRIVATE|MAP_ANONYMOUS) fd=-1(EPERM) offset=0 
mmap res=7FC040D15000 vm_size=383356 vm_rss=10200 vm_swap=0 
read fd=10(<4t>172.18.0.1:50104->172.18.0.3:80) size=8000 
read res=-11(EAGAIN) data= 
writev fd=10(<4t>172.18.0.1:50104->172.18.0.3:80) size=2753 
writev res=2753 data=HTTP/1.1 200 OK..Date: Thu, 10 Aug 2023 02:09:50 GMT..Server: Apache/2.4.25 (Deb 
write fd=7(<p>pipe:[2406071]) size=239 
write res=239 data=172.18.0.1 - - [10/Aug/2023:02:09:50 +0000] "GET /wp-content/plugins/mail-masta/ 
times 
times 
close fd=11(<f>/var/www/html/wp-content/plugins/mail-masta/lib/jquery.validationEngine-en.js) 
close res=0 
poll fds=10:41 timeout=5000 
poll res=1 fds=10:41 
read fd=10(<4t>172.18.0.1:50104->172.18.0.3:80) size=8000 
read res=805 data=GET /wp-includes/js/thickbox/thickbox.js?ver=3.1-20121105 HTTP/1.1..Host: localh 
stat 
stat res=0 path=/var/www/html/wp-includes/js/thickbox/thickbox.js 
open 
open fd=-2(ENOENT) name=/var/www/.htaccess flags=4097(O_RDONLY|O_CLOEXEC) mode=0 dev=0 
open 
open fd=11(<f>/var/www/html/.htaccess) name=/var/www/html/.htaccess flags=4097(O_RDONLY|O_CLOEXEC) mode=0 dev=34 
fstat fd=11(<f>/var/www/html/.htaccess) 
fstat res=0 
read fd=11(<f>/var/www/html/.htaccess) size=4096 
read res=234 data=# BEGIN WordPress.<IfModule mod_rewrite.c>.RewriteEngine On.RewriteBase /.Rewrit 
read fd=11(<f>/var/www/html/.htaccess) size=4096 
read res=0 data= 
close fd=11(<f>/var/www/html/.htaccess) 
close res=0 
open 
open fd=-2(ENOENT) name=/var/www/html/wp-includes/.htaccess flags=4097(O_RDONLY|O_CLOEXEC) mode=0 dev=0 
open 
open fd=-2(ENOENT) name=/var/www/html/wp-includes/js/.htaccess flags=4097(O_RDONLY|O_CLOEXEC) mode=0 dev=0 
open 
open fd=-2(ENOENT) name=/var/www/html/wp-includes/js/thickbox/.htaccess flags=4097(O_RDONLY|O_CLOEXEC) mode=0 dev=0 
open 
open fd=-20(ENOTDIR) name=/var/www/html/wp-includes/js/thickbox/thickbox.js/.htaccess flags=4097(O_RDONLY|O_CLOEXEC) mode=0 dev=0 
stat 
stat res=0 path=/var/www/html/wp-includes/js/thickbox/thickbox.js 
open 
open fd=11(<f>/var/www/html/wp-includes/js/thickbox/thickbox.js) name=/var/www/html/wp-includes/js/thickbox/thickbox.js flags=4097(O_RDONLY|O_CLOEXEC) mode=0 dev=34 
mmap addr=0 length=13163 prot=1(PROT_READ) flags=1(MAP_SHARED) fd=11(<f>/var/www/html/wp-includes/js/thickbox/thickbox.js) offset=0 
mmap res=7FC040D11000 vm_size=383372 vm_rss=10200 vm_swap=0 
brk addr=55875D569000 
brk res=55875D569000 vm_size=383564 vm_rss=10200 vm_swap=0 
munmap addr=7FC040D11000 length=13163 
munmap res=0 vm_size=383548 vm_rss=10340 vm_swap=0 
brk addr=55875D539000 
brk res=55875D539000 vm_size=383356 vm_rss=10252 vm_swap=0 
writev fd=10(<4t>172.18.0.1:50104->172.18.0.3:80) size=4348 
writev res=4348 data=HTTP/1.1 200 OK..Date: Thu, 10 Aug 2023 02:09:50 GMT..Server: Apache/2.4.25 (Deb 
write fd=7(<p>pipe:[2406071]) size=218 
write res=218 data=172.18.0.1 - - [10/Aug/2023:02:09:50 +0000] "GET /wp-includes/js/thickbox/thickb 
times 
times 
close fd=11(<f>/var/www/html/wp-includes/js/thickbox/thickbox.js) 
close res=0 
read fd=10(<4t>172.18.0.1:50104->172.18.0.3:80) size=8000 
read res=-11(EAGAIN) data= 
poll fds=10:41 timeout=5000 
poll res=1 fds=10:41 
read fd=10(<4t>172.18.0.1:50104->172.18.0.3:80) size=8000 
read res=800 data=GET /wp-includes/js/jquery/ui/menu.min.js?ver=1.11.4 HTTP/1.1..Host: localhost:9 
stat 
stat res=0 path=/var/www/html/wp-includes/js/jquery/ui/menu.min.js 
open 
open fd=-2(ENOENT) name=/var/www/.htaccess flags=4097(O_RDONLY|O_CLOEXEC) mode=0 dev=0 
open 
open fd=11(<f>/var/www/html/.htaccess) name=/var/www/html/.htaccess flags=4097(O_RDONLY|O_CLOEXEC) mode=0 dev=34 
fstat fd=11(<f>/var/www/html/.htaccess) 
fstat res=0 
read fd=11(<f>/var/www/html/.htaccess) size=4096 
read res=234 data=# BEGIN WordPress.<IfModule mod_rewrite.c>.RewriteEngine On.RewriteBase /.Rewrit 
read fd=11(<f>/var/www/html/.htaccess) size=4096 
read res=0 data= 
close fd=11(<f>/var/www/html/.htaccess) 
close res=0 
open 
open fd=-2(ENOENT) name=/var/www/html/wp-includes/.htaccess flags=4097(O_RDONLY|O_CLOEXEC) mode=0 dev=0 
open 
open fd=-2(ENOENT) name=/var/www/html/wp-includes/js/.htaccess flags=4097(O_RDONLY|O_CLOEXEC) mode=0 dev=0 
open 
open fd=-2(ENOENT) name=/var/www/html/wp-includes/js/jquery/.htaccess flags=4097(O_RDONLY|O_CLOEXEC) mode=0 dev=0 
open 
open fd=-2(ENOENT) name=/var/www/html/wp-includes/js/jquery/ui/.htaccess flags=4097(O_RDONLY|O_CLOEXEC) mode=0 dev=0 
open 
open fd=-20(ENOTDIR) name=/var/www/html/wp-includes/js/jquery/ui/menu.min.js/.htaccess flags=4097(O_RDONLY|O_CLOEXEC) mode=0 dev=0 
stat 
stat res=0 path=/var/www/html/wp-includes/js/jquery/ui/menu.min.js 
open 
open fd=11(<f>/var/www/html/wp-includes/js/jquery/ui/menu.min.js) name=/var/www/html/wp-includes/js/jquery/ui/menu.min.js flags=4097(O_RDONLY|O_CLOEXEC) mode=0 dev=34 
mmap addr=0 length=9600 prot=1(PROT_READ) flags=1(MAP_SHARED) fd=11(<f>/var/www/html/wp-includes/js/jquery/ui/menu.min.js) offset=0 
mmap res=7FC040D12000 vm_size=383368 vm_rss=10252 vm_swap=0 
brk addr=55875D569000 
brk res=55875D569000 vm_size=383560 vm_rss=10252 vm_swap=0 
munmap addr=7FC040D12000 length=9600 
munmap res=0 vm_size=383548 vm_rss=10336 vm_swap=0 
brk addr=55875D539000 
brk res=55875D539000 vm_size=383356 vm_rss=10252 vm_swap=0 
read fd=10(<4t>172.18.0.1:50104->172.18.0.3:80) size=8000 
read res=-11(EAGAIN) data= 
writev fd=10(<4t>172.18.0.1:50104->172.18.0.3:80) size=3195 
writev res=3195 data=HTTP/1.1 200 OK..Date: Thu, 10 Aug 2023 02:09:50 GMT..Server: Apache/2.4.25 (Deb 
write fd=7(<p>pipe:[2406071]) size=213 
write res=213 data=172.18.0.1 - - [10/Aug/2023:02:09:50 +0000] "GET /wp-includes/js/jquery/ui/menu. 
times 
times 
close fd=11(<f>/var/www/html/wp-includes/js/jquery/ui/menu.min.js) 
close res=0 
poll fds=10:41 timeout=5000 
poll res=1 fds=10:41 
read fd=10(<4t>172.18.0.1:50104->172.18.0.3:80) size=8000 
read res=801 data=GET /wp-includes/js/jquery/ui/mouse.min.js?ver=1.11.4 HTTP/1.1..Host: localhost: 
stat 
stat res=0 path=/var/www/html/wp-includes/js/jquery/ui/mouse.min.js 
open 
open fd=-2(ENOENT) name=/var/www/.htaccess flags=4097(O_RDONLY|O_CLOEXEC) mode=0 dev=0 
open 
open fd=11(<f>/var/www/html/.htaccess) name=/var/www/html/.htaccess flags=4097(O_RDONLY|O_CLOEXEC) mode=0 dev=34 
fstat fd=11(<f>/var/www/html/.htaccess) 
fstat res=0 
read fd=11(<f>/var/www/html/.htaccess) size=4096 
read res=234 data=# BEGIN WordPress.<IfModule mod_rewrite.c>.RewriteEngine On.RewriteBase /.Rewrit 
read fd=11(<f>/var/www/html/.htaccess) size=4096 
read res=0 data= 
close fd=11(<f>/var/www/html/.htaccess) 
close res=0 
open 
open fd=-2(ENOENT) name=/var/www/html/wp-includes/.htaccess flags=4097(O_RDONLY|O_CLOEXEC) mode=0 dev=0 
open 
open fd=-2(ENOENT) name=/var/www/html/wp-includes/js/.htaccess flags=4097(O_RDONLY|O_CLOEXEC) mode=0 dev=0 
open 
open fd=-2(ENOENT) name=/var/www/html/wp-includes/js/jquery/.htaccess flags=4097(O_RDONLY|O_CLOEXEC) mode=0 dev=0 
open 
open fd=-2(ENOENT) name=/var/www/html/wp-includes/js/jquery/ui/.htaccess flags=4097(O_RDONLY|O_CLOEXEC) mode=0 dev=0 
open 
open fd=-20(ENOTDIR) name=/var/www/html/wp-includes/js/jquery/ui/mouse.min.js/.htaccess flags=4097(O_RDONLY|O_CLOEXEC) mode=0 dev=0 
stat 
stat res=0 path=/var/www/html/wp-includes/js/jquery/ui/mouse.min.js 
open 
open fd=11(<f>/var/www/html/wp-includes/js/jquery/ui/mouse.min.js) name=/var/www/html/wp-includes/js/jquery/ui/mouse.min.js flags=4097(O_RDONLY|O_CLOEXEC) mode=0 dev=34 
mmap addr=0 length=3148 prot=1(PROT_READ) flags=1(MAP_SHARED) fd=11(<f>/var/www/html/wp-includes/js/jquery/ui/mouse.min.js) offset=0 
mmap res=7FC040D67000 vm_size=383360 vm_rss=10252 vm_swap=0 
brk addr=55875D569000 
brk res=55875D569000 vm_size=383552 vm_rss=10252 vm_swap=0 
munmap addr=7FC040D67000 length=3148 
munmap res=0 vm_size=383548 vm_rss=10340 vm_swap=0 
brk addr=55875D539000 
brk res=55875D539000 vm_size=383356 vm_rss=10256 vm_swap=0 
read fd=10(<4t>172.18.0.1:50104->172.18.0.3:80) size=8000 
read res=-11(EAGAIN) data= 
writev fd=10(<4t>172.18.0.1:50104->172.18.0.3:80) size=1371 
writev res=1371 data=HTTP/1.1 200 OK..Date: Thu, 10 Aug 2023 02:09:50 GMT..Server: Apache/2.4.25 (Deb 
write fd=7(<p>pipe:[2406071]) size=214 
write res=214 data=172.18.0.1 - - [10/Aug/2023:02:09:50 +0000] "GET /wp-includes/js/jquery/ui/mouse 
times 
times 
close fd=11(<f>/var/www/html/wp-includes/js/jquery/ui/mouse.min.js) 
close res=0 
poll fds=10:41 timeout=5000 
poll res=1 fds=10:41 
read fd=10(<4t>172.18.0.1:50104->172.18.0.3:80) size=8000 
read res=993 data=GET /wp-content/plugins/social-warfare/assets/js/script.min.js?ver=3.5.2 HTTP/1. 
stat 
stat res=0 path=/var/www/html/wp-content/plugins/social-warfare/assets/js/script.min.js 
open 
open fd=-2(ENOENT) name=/var/www/.htaccess flags=4097(O_RDONLY|O_CLOEXEC) mode=0 dev=0 
open 
open fd=11(<f>/var/www/html/.htaccess) name=/var/www/html/.htaccess flags=4097(O_RDONLY|O_CLOEXEC) mode=0 dev=34 
fstat fd=11(<f>/var/www/html/.htaccess) 
fstat res=0 
read fd=11(<f>/var/www/html/.htaccess) size=4096 
read res=234 data=# BEGIN WordPress.<IfModule mod_rewrite.c>.RewriteEngine On.RewriteBase /.Rewrit 
read fd=11(<f>/var/www/html/.htaccess) size=4096 
read res=0 data= 
close fd=11(<f>/var/www/html/.htaccess) 
close res=0 
open 
open fd=-2(ENOENT) name=/var/www/html/wp-content/.htaccess flags=4097(O_RDONLY|O_CLOEXEC) mode=0 dev=0 
open 
open fd=-2(ENOENT) name=/var/www/html/wp-content/plugins/.htaccess flags=4097(O_RDONLY|O_CLOEXEC) mode=0 dev=0 
open 
open fd=-2(ENOENT) name=/var/www/html/wp-content/plugins/social-warfare/.htaccess flags=4097(O_RDONLY|O_CLOEXEC) mode=0 dev=0 
open 
open fd=-2(ENOENT) name=/var/www/html/wp-content/plugins/social-warfare/assets/.htaccess flags=4097(O_RDONLY|O_CLOEXEC) mode=0 dev=0 
open 
open fd=-2(ENOENT) name=/var/www/html/wp-content/plugins/social-warfare/assets/js/.htaccess flags=4097(O_RDONLY|O_CLOEXEC) mode=0 dev=0 
open 
open fd=-20(ENOTDIR) name=/var/www/html/wp-content/plugins/social-warfare/assets/js/script.min.js/.htaccess flags=4097(O_RDONLY|O_CLOEXEC) mode=0 dev=0 
stat 
stat res=0 path=/var/www/html/wp-content/plugins/social-warfare/assets/js/script.min.js 
open 
open fd=11(<f>/var/www/html/wp-content/plugins/social-warfare/assets/js/script.min.js) name=/var/www/html/wp-content/plugins/social-warfare/assets/js/script.min.js flags=4097(O_RDONLY|O_CLOEXEC) mode=0 dev=34 
mmap addr=0 length=11801 prot=1(PROT_READ) flags=1(MAP_SHARED) fd=11(<f>/var/www/html/wp-content/plugins/social-warfare/assets/js/script.min.js) offset=0 
mmap res=7FC040D12000 vm_size=383368 vm_rss=10256 vm_swap=0 
brk addr=55875D569000 
brk res=55875D569000 vm_size=383560 vm_rss=10256 vm_swap=0 
munmap addr=7FC040D12000 length=11801 
munmap res=0 vm_size=383548 vm_rss=10348 vm_swap=0 
brk addr=55875D539000 
brk res=55875D539000 vm_size=383356 vm_rss=10260 vm_swap=0 
read fd=10(<4t>172.18.0.1:50104->172.18.0.3:80) size=8000 
read res=-11(EAGAIN) data= 
writev fd=10(<4t>172.18.0.1:50104->172.18.0.3:80) size=3926 
writev res=3926 data=HTTP/1.1 200 OK..Date: Thu, 10 Aug 2023 02:09:50 GMT..Server: Apache/2.4.25 (Deb 
write fd=7(<p>pipe:[2406071]) size=233 
write res=233 data=172.18.0.1 - - [10/Aug/2023:02:09:50 +0000] "GET /wp-content/plugins/social-warf 
times 
times 
close fd=11(<f>/var/www/html/wp-content/plugins/social-warfare/assets/js/script.min.js) 
close res=0 
poll fds=10:41 timeout=5000 
clone res=0 exe=apache2 args=-DFOREGROUND. tid=853613(apache2) pid=853613(apache2) ptid=853012(apache2) cwd= fdlimit=1048576 pgft_maj=0 pgft_min=1 vm_size=383104 vm_rss=7636 vm_swap=0 comm=apache2 cgroups=cpuset=/system.slice/docker-4d81cb26c66231747b04db742cd4f8fff01cc68354eaa9325... flags=562036736(CLONE_CHILD_CLEARTID|CLONE_CHILD_SETTID) uid=0 gid=0 vtid=75 vpid=75 
set_robust_list 
set_robust_list 
rt_sigaction 
rt_sigaction 
rt_sigaction 
rt_sigaction 
rt_sigaction 
rt_sigaction 
getpid 
getpid 
getpid 
getpid 
mmap addr=0 length=8192 prot=3(PROT_READ|PROT_WRITE) flags=10(MAP_PRIVATE|MAP_ANONYMOUS) fd=-1(EPERM) offset=0 
mmap res=7FC040D76000 vm_size=383112 vm_rss=7636 vm_swap=0 
mmap addr=0 length=8192 prot=3(PROT_READ|PROT_WRITE) flags=10(MAP_PRIVATE|MAP_ANONYMOUS) fd=-1(EPERM) offset=0 
mmap res=7FC040D74000 vm_size=383120 vm_rss=7636 vm_swap=0 
geteuid 
geteuid euid=0(root) 
setgid gid=33(www-data) 
setgid res=0 
open 
open fd=9(<f>/proc/sys/kernel/ngroups_max) name=/proc/sys/kernel/ngroups_max flags=1(O_RDONLY) mode=0 dev=63 
read fd=9(<f>/proc/sys/kernel/ngroups_max) size=31 
read res=6 data=65536. 
close fd=9(<f>/proc/sys/kernel/ngroups_max) 
close res=0 
open 
open fd=9(<f>/etc/group) name=/etc/group flags=4097(O_RDONLY|O_CLOEXEC) mode=0 dev=61 
lseek fd=9(<f>/etc/group) offset=0 whence=1(SEEK_CUR) 
lseek res=0 
fstat fd=9(<f>/etc/group) 
fstat res=0 
mmap addr=0 length=446 prot=1(PROT_READ) flags=1(MAP_SHARED) fd=9(<f>/etc/group) offset=0 
mmap res=7FC040D73000 vm_size=383124 vm_rss=7636 vm_swap=0 
lseek fd=9(<f>/etc/group) offset=446 whence=0(SEEK_SET) 
lseek res=446 
fstat fd=9(<f>/etc/group) 
fstat res=0 
munmap addr=7FC040D73000 length=446 
munmap res=0 vm_size=383120 vm_rss=9076 vm_swap=0 
close fd=9(<f>/etc/group) 
close res=0 
setgroups 
setgroups 
geteuid 
geteuid euid=0(root) 
setuid uid=33(www-data) 
setuid res=0 
getpid 
getpid 
rt_sigaction 
rt_sigaction 
rt_sigaction 
rt_sigaction 
rt_sigaction 
rt_sigaction 
rt_sigaction 
rt_sigaction 
rt_sigaction 
rt_sigaction 
rt_sigaction 
rt_sigaction 
rt_sigaction 
rt_sigaction 
rt_sigaction 
rt_sigaction 
rt_sigaction 
rt_sigaction 
rt_sigaction 
rt_sigaction 
rt_sigaction 
rt_sigaction 
rt_sigaction 
rt_sigaction 
rt_sigaction 
rt_sigaction 
rt_sigaction 
rt_sigaction 
rt_sigaction 
rt_sigaction 
rt_sigaction 
rt_sigaction 
rt_sigaction 
rt_sigaction 
rt_sigaction 
rt_sigaction 
rt_sigaction 
rt_sigaction 
rt_sigaction 
rt_sigaction 
rt_sigaction 
rt_sigaction 
rt_sigaction 
rt_sigaction 
rt_sigaction 
rt_sigaction 
rt_sigaction 
rt_sigaction 
rt_sigaction 
rt_sigaction 
rt_sigaction 
rt_sigaction 
rt_sigaction 
rt_sigaction 
rt_sigaction 
rt_sigaction 
rt_sigaction 
rt_sigaction 
rt_sigaction 
rt_sigaction 
rt_sigaction 
rt_sigaction 
rt_sigaction 
rt_sigaction 
rt_sigaction 
rt_sigaction 
rt_sigaction 
rt_sigaction 
rt_sigaction 
rt_sigaction 
rt_sigaction 
rt_sigaction 
rt_sigaction 
rt_sigaction 
rt_sigaction 
rt_sigaction 
rt_sigaction 
rt_sigaction 
rt_sigaction 
rt_sigaction 
rt_sigaction 
rt_sigaction 
rt_sigaction 
rt_sigaction 
rt_sigaction 
rt_sigaction 
rt_sigaction 
rt_sigaction 
rt_sigaction 
rt_sigaction 
rt_sigaction 
rt_sigaction 
rt_sigaction 
rt_sigaction 
rt_sigaction 
rt_sigaction 
rt_sigaction 
rt_sigaction 
rt_sigaction 
rt_sigaction 
rt_sigaction 
rt_sigaction 
rt_sigaction 
rt_sigaction 
rt_sigaction 
rt_sigaction 
rt_sigaction 
rt_sigaction 
rt_sigaction 
rt_sigaction 
rt_sigaction 
rt_sigaction 
rt_sigaction 
rt_sigaction 
rt_sigaction 
rt_sigaction 
rt_sigaction 
rt_sigaction 
rt_sigaction 
rt_sigaction 
rt_sigaction 
rt_sigaction 
rt_sigaction 
rt_sigaction 
mmap addr=0 length=8192 prot=3(PROT_READ|PROT_WRITE) flags=10(MAP_PRIVATE|MAP_ANONYMOUS) fd=-1(EPERM) offset=0 
mmap res=7FC040D72000 vm_size=383128 vm_rss=9076 vm_swap=0 
getpid 
getpid 
epoll_create1 
epoll_create1 
epoll_ctl 
epoll_ctl 
mmap addr=0 length=8192 prot=3(PROT_READ|PROT_WRITE) flags=10(MAP_PRIVATE|MAP_ANONYMOUS) fd=-1(EPERM) offset=0 
mmap res=7FC040D70000 vm_size=383136 vm_rss=9076 vm_swap=0 
accept flags=0 
clone res=0 exe=apache2 args=-DFOREGROUND. tid=853614(apache2) pid=853614(apache2) ptid=853012(apache2) cwd= fdlimit=1048576 pgft_maj=0 pgft_min=1 vm_size=383104 vm_rss=7636 vm_swap=0 comm=apache2 cgroups=cpuset=/system.slice/docker-4d81cb26c66231747b04db742cd4f8fff01cc68354eaa9325... flags=562036736(CLONE_CHILD_CLEARTID|CLONE_CHILD_SETTID) uid=0 gid=0 vtid=76 vpid=76 
set_robust_list 
set_robust_list 
rt_sigaction 
rt_sigaction 
rt_sigaction 
rt_sigaction 
rt_sigaction 
rt_sigaction 
getpid 
getpid 
getpid 
getpid 
mmap addr=0 length=8192 prot=3(PROT_READ|PROT_WRITE) flags=10(MAP_PRIVATE|MAP_ANONYMOUS) fd=-1(EPERM) offset=0 
mmap res=7FC040D76000 vm_size=383112 vm_rss=7636 vm_swap=0 
mmap addr=0 length=8192 prot=3(PROT_READ|PROT_WRITE) flags=10(MAP_PRIVATE|MAP_ANONYMOUS) fd=-1(EPERM) offset=0 
mmap res=7FC040D74000 vm_size=383120 vm_rss=7636 vm_swap=0 
geteuid 
geteuid euid=0(root) 
setgid gid=33(www-data) 
setgid res=0 
open 
open fd=9(<f>/proc/sys/kernel/ngroups_max) name=/proc/sys/kernel/ngroups_max flags=1(O_RDONLY) mode=0 dev=63 
read fd=9(<f>/proc/sys/kernel/ngroups_max) size=31 
read res=6 data=65536. 
close fd=9(<f>/proc/sys/kernel/ngroups_max) 
close res=0 
open 
open fd=9(<f>/etc/group) name=/etc/group flags=4097(O_RDONLY|O_CLOEXEC) mode=0 dev=61 
lseek fd=9(<f>/etc/group) offset=0 whence=1(SEEK_CUR) 
lseek res=0 
fstat fd=9(<f>/etc/group) 
fstat res=0 
mmap addr=0 length=446 prot=1(PROT_READ) flags=1(MAP_SHARED) fd=9(<f>/etc/group) offset=0 
mmap res=7FC040D73000 vm_size=383124 vm_rss=7636 vm_swap=0 
lseek fd=9(<f>/etc/group) offset=446 whence=0(SEEK_SET) 
lseek res=446 
fstat fd=9(<f>/etc/group) 
fstat res=0 
munmap addr=7FC040D73000 length=446 
munmap res=0 vm_size=383120 vm_rss=9076 vm_swap=0 
close fd=9(<f>/etc/group) 
close res=0 
setgroups 
setgroups 
geteuid 
geteuid euid=0(root) 
setuid uid=33(www-data) 
setuid res=0 
getpid 
getpid 
rt_sigaction 
rt_sigaction 
rt_sigaction 
rt_sigaction 
rt_sigaction 
rt_sigaction 
rt_sigaction 
rt_sigaction 
rt_sigaction 
rt_sigaction 
rt_sigaction 
rt_sigaction 
rt_sigaction 
rt_sigaction 
rt_sigaction 
rt_sigaction 
rt_sigaction 
rt_sigaction 
rt_sigaction 
rt_sigaction 
rt_sigaction 
rt_sigaction 
rt_sigaction 
rt_sigaction 
rt_sigaction 
rt_sigaction 
rt_sigaction 
rt_sigaction 
rt_sigaction 
rt_sigaction 
rt_sigaction 
rt_sigaction 
rt_sigaction 
rt_sigaction 
rt_sigaction 
rt_sigaction 
rt_sigaction 
rt_sigaction 
rt_sigaction 
rt_sigaction 
rt_sigaction 
rt_sigaction 
rt_sigaction 
rt_sigaction 
rt_sigaction 
rt_sigaction 
rt_sigaction 
rt_sigaction 
rt_sigaction 
rt_sigaction 
rt_sigaction 
rt_sigaction 
rt_sigaction 
rt_sigaction 
rt_sigaction 
rt_sigaction 
rt_sigaction 
rt_sigaction 
rt_sigaction 
rt_sigaction 
rt_sigaction 
rt_sigaction 
rt_sigaction 
rt_sigaction 
rt_sigaction 
rt_sigaction 
rt_sigaction 
rt_sigaction 
rt_sigaction 
rt_sigaction 
rt_sigaction 
rt_sigaction 
rt_sigaction 
rt_sigaction 
rt_sigaction 
rt_sigaction 
rt_sigaction 
rt_sigaction 
rt_sigaction 
rt_sigaction 
rt_sigaction 
rt_sigaction 
rt_sigaction 
rt_sigaction 
rt_sigaction 
rt_sigaction 
rt_sigaction 
rt_sigaction 
rt_sigaction 
rt_sigaction 
rt_sigaction 
rt_sigaction 
rt_sigaction 
rt_sigaction 
rt_sigaction 
rt_sigaction 
rt_sigaction 
rt_sigaction 
rt_sigaction 
rt_sigaction 
rt_sigaction 
rt_sigaction 
rt_sigaction 
rt_sigaction 
rt_sigaction 
rt_sigaction 
rt_sigaction 
rt_sigaction 
rt_sigaction 
rt_sigaction 
rt_sigaction 
rt_sigaction 
rt_sigaction 
rt_sigaction 
rt_sigaction 
rt_sigaction 
rt_sigaction 
rt_sigaction 
rt_sigaction 
rt_sigaction 
rt_sigaction 
rt_sigaction 
rt_sigaction 
rt_sigaction 
mmap addr=0 length=8192 prot=3(PROT_READ|PROT_WRITE) flags=10(MAP_PRIVATE|MAP_ANONYMOUS) fd=-1(EPERM) offset=0 
mmap res=7FC040D72000 vm_size=383128 vm_rss=9076 vm_swap=0 
getpid 
getpid 
epoll_create1 
epoll_create1 
epoll_ctl 
epoll_ctl 
mmap addr=0 length=8192 prot=3(PROT_READ|PROT_WRITE) flags=10(MAP_PRIVATE|MAP_ANONYMOUS) fd=-1(EPERM) offset=0 
mmap res=7FC040D70000 vm_size=383136 vm_rss=9076 vm_swap=0 
accept flags=0 
clone res=0 exe=apache2 args=-DFOREGROUND. tid=853615(apache2) pid=853615(apache2) ptid=853012(apache2) cwd= fdlimit=1048576 pgft_maj=0 pgft_min=1 vm_size=383104 vm_rss=7636 vm_swap=0 comm=apache2 cgroups=cpuset=/system.slice/docker-4d81cb26c66231747b04db742cd4f8fff01cc68354eaa9325... flags=562036736(CLONE_CHILD_CLEARTID|CLONE_CHILD_SETTID) uid=0 gid=0 vtid=77 vpid=77 
set_robust_list 
set_robust_list 
rt_sigaction 
rt_sigaction 
rt_sigaction 
rt_sigaction 
rt_sigaction 
rt_sigaction 
getpid 
getpid 
getpid 
getpid 
mmap addr=0 length=8192 prot=3(PROT_READ|PROT_WRITE) flags=10(MAP_PRIVATE|MAP_ANONYMOUS) fd=-1(EPERM) offset=0 
mmap res=7FC040D76000 vm_size=383112 vm_rss=7636 vm_swap=0 
mmap addr=0 length=8192 prot=3(PROT_READ|PROT_WRITE) flags=10(MAP_PRIVATE|MAP_ANONYMOUS) fd=-1(EPERM) offset=0 
mmap res=7FC040D74000 vm_size=383120 vm_rss=7636 vm_swap=0 
geteuid 
geteuid euid=0(root) 
setgid gid=33(www-data) 
setgid res=0 
open 
open fd=9(<f>/proc/sys/kernel/ngroups_max) name=/proc/sys/kernel/ngroups_max flags=1(O_RDONLY) mode=0 dev=63 
read fd=9(<f>/proc/sys/kernel/ngroups_max) size=31 
read res=6 data=65536. 
close fd=9(<f>/proc/sys/kernel/ngroups_max) 
close res=0 
open 
open fd=9(<f>/etc/group) name=/etc/group flags=4097(O_RDONLY|O_CLOEXEC) mode=0 dev=61 
lseek fd=9(<f>/etc/group) offset=0 whence=1(SEEK_CUR) 
lseek res=0 
fstat fd=9(<f>/etc/group) 
fstat res=0 
mmap addr=0 length=446 prot=1(PROT_READ) flags=1(MAP_SHARED) fd=9(<f>/etc/group) offset=0 
mmap res=7FC040D73000 vm_size=383124 vm_rss=7636 vm_swap=0 
lseek fd=9(<f>/etc/group) offset=446 whence=0(SEEK_SET) 
lseek res=446 
fstat fd=9(<f>/etc/group) 
fstat res=0 
munmap addr=7FC040D73000 length=446 
munmap res=0 vm_size=383120 vm_rss=9076 vm_swap=0 
close fd=9(<f>/etc/group) 
close res=0 
setgroups 
setgroups 
geteuid 
geteuid euid=0(root) 
setuid uid=33(www-data) 
setuid res=0 
getpid 
getpid 
rt_sigaction 
rt_sigaction 
rt_sigaction 
rt_sigaction 
rt_sigaction 
rt_sigaction 
rt_sigaction 
rt_sigaction 
rt_sigaction 
rt_sigaction 
rt_sigaction 
rt_sigaction 
rt_sigaction 
rt_sigaction 
rt_sigaction 
rt_sigaction 
rt_sigaction 
rt_sigaction 
rt_sigaction 
rt_sigaction 
rt_sigaction 
rt_sigaction 
rt_sigaction 
rt_sigaction 
rt_sigaction 
rt_sigaction 
rt_sigaction 
rt_sigaction 
rt_sigaction 
rt_sigaction 
rt_sigaction 
rt_sigaction 
rt_sigaction 
rt_sigaction 
rt_sigaction 
rt_sigaction 
rt_sigaction 
rt_sigaction 
rt_sigaction 
rt_sigaction 
rt_sigaction 
rt_sigaction 
rt_sigaction 
rt_sigaction 
rt_sigaction 
rt_sigaction 
rt_sigaction 
rt_sigaction 
rt_sigaction 
rt_sigaction 
rt_sigaction 
rt_sigaction 
rt_sigaction 
rt_sigaction 
rt_sigaction 
rt_sigaction 
rt_sigaction 
rt_sigaction 
rt_sigaction 
rt_sigaction 
rt_sigaction 
rt_sigaction 
rt_sigaction 
rt_sigaction 
rt_sigaction 
rt_sigaction 
rt_sigaction 
rt_sigaction 
rt_sigaction 
rt_sigaction 
rt_sigaction 
rt_sigaction 
rt_sigaction 
rt_sigaction 
rt_sigaction 
rt_sigaction 
rt_sigaction 
rt_sigaction 
rt_sigaction 
rt_sigaction 
rt_sigaction 
rt_sigaction 
rt_sigaction 
rt_sigaction 
rt_sigaction 
rt_sigaction 
rt_sigaction 
rt_sigaction 
rt_sigaction 
rt_sigaction 
rt_sigaction 
rt_sigaction 
rt_sigaction 
rt_sigaction 
rt_sigaction 
rt_sigaction 
rt_sigaction 
rt_sigaction 
rt_sigaction 
rt_sigaction 
rt_sigaction 
rt_sigaction 
rt_sigaction 
rt_sigaction 
rt_sigaction 
rt_sigaction 
rt_sigaction 
rt_sigaction 
rt_sigaction 
rt_sigaction 
rt_sigaction 
rt_sigaction 
rt_sigaction 
rt_sigaction 
rt_sigaction 
rt_sigaction 
rt_sigaction 
rt_sigaction 
rt_sigaction 
rt_sigaction 
rt_sigaction 
rt_sigaction 
rt_sigaction 
rt_sigaction 
mmap addr=0 length=8192 prot=3(PROT_READ|PROT_WRITE) flags=10(MAP_PRIVATE|MAP_ANONYMOUS) fd=-1(EPERM) offset=0 
mmap res=7FC040D72000 vm_size=383128 vm_rss=9076 vm_swap=0 
getpid 
getpid 
epoll_create1 
epoll_create1 
epoll_ctl 
epoll_ctl 
mmap addr=0 length=8192 prot=3(PROT_READ|PROT_WRITE) flags=10(MAP_PRIVATE|MAP_ANONYMOUS) fd=-1(EPERM) offset=0 
mmap res=7FC040D70000 vm_size=383136 vm_rss=9076 vm_swap=0 
accept flags=0 
clone res=0 exe=apache2 args=-DFOREGROUND. tid=853618(apache2) pid=853618(apache2) ptid=853012(apache2) cwd= fdlimit=1048576 pgft_maj=0 pgft_min=1 vm_size=383104 vm_rss=7636 vm_swap=0 comm=apache2 cgroups=cpuset=/system.slice/docker-4d81cb26c66231747b04db742cd4f8fff01cc68354eaa9325... flags=562036736(CLONE_CHILD_CLEARTID|CLONE_CHILD_SETTID) uid=0 gid=0 vtid=80 vpid=80 
set_robust_list 
set_robust_list 
rt_sigaction 
rt_sigaction 
rt_sigaction 
rt_sigaction 
rt_sigaction 
rt_sigaction 
getpid 
getpid 
getpid 
getpid 
mmap addr=0 length=8192 prot=3(PROT_READ|PROT_WRITE) flags=10(MAP_PRIVATE|MAP_ANONYMOUS) fd=-1(EPERM) offset=0 
mmap res=7FC040D76000 vm_size=383112 vm_rss=7636 vm_swap=0 
mmap addr=0 length=8192 prot=3(PROT_READ|PROT_WRITE) flags=10(MAP_PRIVATE|MAP_ANONYMOUS) fd=-1(EPERM) offset=0 
mmap res=7FC040D74000 vm_size=383120 vm_rss=7636 vm_swap=0 
geteuid 
geteuid euid=0(root) 
setgid gid=33(www-data) 
setgid res=0 
open 
open fd=9(<f>/proc/sys/kernel/ngroups_max) name=/proc/sys/kernel/ngroups_max flags=1(O_RDONLY) mode=0 dev=63 
read fd=9(<f>/proc/sys/kernel/ngroups_max) size=31 
read res=6 data=65536. 
close fd=9(<f>/proc/sys/kernel/ngroups_max) 
close res=0 
open 
open fd=9(<f>/etc/group) name=/etc/group flags=4097(O_RDONLY|O_CLOEXEC) mode=0 dev=61 
lseek fd=9(<f>/etc/group) offset=0 whence=1(SEEK_CUR) 
lseek res=0 
fstat fd=9(<f>/etc/group) 
fstat res=0 
mmap addr=0 length=446 prot=1(PROT_READ) flags=1(MAP_SHARED) fd=9(<f>/etc/group) offset=0 
mmap res=7FC040D73000 vm_size=383124 vm_rss=7636 vm_swap=0 
lseek fd=9(<f>/etc/group) offset=446 whence=0(SEEK_SET) 
lseek res=446 
fstat fd=9(<f>/etc/group) 
fstat res=0 
munmap addr=7FC040D73000 length=446 
munmap res=0 vm_size=383120 vm_rss=9076 vm_swap=0 
close fd=9(<f>/etc/group) 
close res=0 
setgroups 
setgroups 
geteuid 
geteuid euid=0(root) 
setuid uid=33(www-data) 
setuid res=0 
getpid 
getpid 
rt_sigaction 
rt_sigaction 
rt_sigaction 
rt_sigaction 
rt_sigaction 
rt_sigaction 
rt_sigaction 
rt_sigaction 
rt_sigaction 
rt_sigaction 
rt_sigaction 
rt_sigaction 
rt_sigaction 
rt_sigaction 
rt_sigaction 
rt_sigaction 
rt_sigaction 
rt_sigaction 
rt_sigaction 
rt_sigaction 
rt_sigaction 
rt_sigaction 
rt_sigaction 
rt_sigaction 
rt_sigaction 
rt_sigaction 
rt_sigaction 
rt_sigaction 
rt_sigaction 
rt_sigaction 
rt_sigaction 
rt_sigaction 
rt_sigaction 
rt_sigaction 
rt_sigaction 
rt_sigaction 
rt_sigaction 
rt_sigaction 
rt_sigaction 
rt_sigaction 
rt_sigaction 
rt_sigaction 
rt_sigaction 
rt_sigaction 
rt_sigaction 
rt_sigaction 
rt_sigaction 
rt_sigaction 
rt_sigaction 
rt_sigaction 
rt_sigaction 
rt_sigaction 
rt_sigaction 
rt_sigaction 
rt_sigaction 
rt_sigaction 
rt_sigaction 
rt_sigaction 
rt_sigaction 
rt_sigaction 
rt_sigaction 
rt_sigaction 
rt_sigaction 
rt_sigaction 
rt_sigaction 
rt_sigaction 
rt_sigaction 
rt_sigaction 
rt_sigaction 
rt_sigaction 
rt_sigaction 
rt_sigaction 
rt_sigaction 
rt_sigaction 
rt_sigaction 
rt_sigaction 
rt_sigaction 
rt_sigaction 
rt_sigaction 
rt_sigaction 
rt_sigaction 
rt_sigaction 
rt_sigaction 
rt_sigaction 
rt_sigaction 
rt_sigaction 
rt_sigaction 
rt_sigaction 
rt_sigaction 
rt_sigaction 
rt_sigaction 
rt_sigaction 
rt_sigaction 
rt_sigaction 
rt_sigaction 
rt_sigaction 
rt_sigaction 
rt_sigaction 
rt_sigaction 
rt_sigaction 
rt_sigaction 
rt_sigaction 
rt_sigaction 
rt_sigaction 
rt_sigaction 
rt_sigaction 
rt_sigaction 
rt_sigaction 
rt_sigaction 
rt_sigaction 
rt_sigaction 
rt_sigaction 
rt_sigaction 
rt_sigaction 
rt_sigaction 
rt_sigaction 
rt_sigaction 
rt_sigaction 
rt_sigaction 
rt_sigaction 
rt_sigaction 
rt_sigaction 
rt_sigaction 
rt_sigaction 
mmap addr=0 length=8192 prot=3(PROT_READ|PROT_WRITE) flags=10(MAP_PRIVATE|MAP_ANONYMOUS) fd=-1(EPERM) offset=0 
mmap res=7FC040D72000 vm_size=383128 vm_rss=9076 vm_swap=0 
getpid 
getpid 
epoll_create1 
epoll_create1 
epoll_ctl 
epoll_ctl 
mmap addr=0 length=8192 prot=3(PROT_READ|PROT_WRITE) flags=10(MAP_PRIVATE|MAP_ANONYMOUS) fd=-1(EPERM) offset=0 
mmap res=7FC040D70000 vm_size=383136 vm_rss=9076 vm_swap=0 
accept flags=0 
clone res=0 exe=apache2 args=-DFOREGROUND. tid=853616(apache2) pid=853616(apache2) ptid=853012(apache2) cwd= fdlimit=1048576 pgft_maj=0 pgft_min=1 vm_size=383104 vm_rss=7636 vm_swap=0 comm=apache2 cgroups=cpuset=/system.slice/docker-4d81cb26c66231747b04db742cd4f8fff01cc68354eaa9325... flags=562036736(CLONE_CHILD_CLEARTID|CLONE_CHILD_SETTID) uid=0 gid=0 vtid=78 vpid=78 
set_robust_list 
set_robust_list 
rt_sigaction 
rt_sigaction 
rt_sigaction 
rt_sigaction 
rt_sigaction 
rt_sigaction 
getpid 
getpid 
getpid 
getpid 
mmap addr=0 length=8192 prot=3(PROT_READ|PROT_WRITE) flags=10(MAP_PRIVATE|MAP_ANONYMOUS) fd=-1(EPERM) offset=0 
mmap res=7FC040D76000 vm_size=383112 vm_rss=7636 vm_swap=0 
mmap addr=0 length=8192 prot=3(PROT_READ|PROT_WRITE) flags=10(MAP_PRIVATE|MAP_ANONYMOUS) fd=-1(EPERM) offset=0 
mmap res=7FC040D74000 vm_size=383120 vm_rss=7636 vm_swap=0 
geteuid 
geteuid euid=0(root) 
setgid gid=33(www-data) 
setgid res=0 
open 
open fd=9(<f>/proc/sys/kernel/ngroups_max) name=/proc/sys/kernel/ngroups_max flags=1(O_RDONLY) mode=0 dev=63 
read fd=9(<f>/proc/sys/kernel/ngroups_max) size=31 
read res=6 data=65536. 
close fd=9(<f>/proc/sys/kernel/ngroups_max) 
close res=0 
clone res=0 exe=apache2 args=-DFOREGROUND. tid=853617(apache2) pid=853617(apache2) ptid=853012(apache2) cwd= fdlimit=1048576 pgft_maj=0 pgft_min=1 vm_size=383104 vm_rss=7636 vm_swap=0 comm=apache2 cgroups=cpuset=/system.slice/docker-4d81cb26c66231747b04db742cd4f8fff01cc68354eaa9325... flags=562036736(CLONE_CHILD_CLEARTID|CLONE_CHILD_SETTID) uid=0 gid=0 vtid=79 vpid=79 
set_robust_list 
set_robust_list 
rt_sigaction 
rt_sigaction 
rt_sigaction 
rt_sigaction 
rt_sigaction 
rt_sigaction 
getpid 
getpid 
getpid 
getpid 
mmap addr=0 length=8192 prot=3(PROT_READ|PROT_WRITE) flags=10(MAP_PRIVATE|MAP_ANONYMOUS) fd=-1(EPERM) offset=0 
mmap res=7FC040D76000 vm_size=383112 vm_rss=7636 vm_swap=0 
mmap addr=0 length=8192 prot=3(PROT_READ|PROT_WRITE) flags=10(MAP_PRIVATE|MAP_ANONYMOUS) fd=-1(EPERM) offset=0 
mmap res=7FC040D74000 vm_size=383120 vm_rss=7636 vm_swap=0 
geteuid 
geteuid euid=0(root) 
setgid gid=33(www-data) 
setgid res=0 
open 
open fd=9(<f>/proc/sys/kernel/ngroups_max) name=/proc/sys/kernel/ngroups_max flags=1(O_RDONLY) mode=0 dev=63 
read fd=9(<f>/proc/sys/kernel/ngroups_max) size=31 
read res=6 data=65536. 
close fd=9(<f>/proc/sys/kernel/ngroups_max) 
close res=0 
open 
open fd=9(<f>/etc/group) name=/etc/group flags=4097(O_RDONLY|O_CLOEXEC) mode=0 dev=61 
lseek fd=9(<f>/etc/group) offset=0 whence=1(SEEK_CUR) 
lseek res=0 
fstat fd=9(<f>/etc/group) 
fstat res=0 
mmap addr=0 length=446 prot=1(PROT_READ) flags=1(MAP_SHARED) fd=9(<f>/etc/group) offset=0 
mmap res=7FC040D73000 vm_size=383124 vm_rss=7636 vm_swap=0 
lseek fd=9(<f>/etc/group) offset=446 whence=0(SEEK_SET) 
lseek res=446 
fstat fd=9(<f>/etc/group) 
fstat res=0 
munmap addr=7FC040D73000 length=446 
munmap res=0 vm_size=383120 vm_rss=9076 vm_swap=0 
close fd=9(<f>/etc/group) 
close res=0 
setgroups 
setgroups 
geteuid 
geteuid euid=0(root) 
setuid uid=33(www-data) 
setuid res=0 
getpid 
getpid 
open 
open fd=9(<f>/etc/group) name=/etc/group flags=4097(O_RDONLY|O_CLOEXEC) mode=0 dev=61 
lseek fd=9(<f>/etc/group) offset=0 whence=1(SEEK_CUR) 
lseek res=0 
fstat fd=9(<f>/etc/group) 
fstat res=0 
mmap addr=0 length=446 prot=1(PROT_READ) flags=1(MAP_SHARED) fd=9(<f>/etc/group) offset=0 
mmap res=7FC040D73000 vm_size=383124 vm_rss=7636 vm_swap=0 
lseek fd=9(<f>/etc/group) offset=446 whence=0(SEEK_SET) 
lseek res=446 
fstat fd=9(<f>/etc/group) 
fstat res=0 
munmap addr=7FC040D73000 length=446 
munmap res=0 vm_size=383120 vm_rss=9076 vm_swap=0 
close fd=9(<f>/etc/group) 
close res=0 
setgroups 
setgroups 
geteuid 
geteuid euid=0(root) 
setuid uid=33(www-data) 
setuid res=0 
getpid 
getpid 
rt_sigaction 
rt_sigaction 
rt_sigaction 
rt_sigaction 
rt_sigaction 
rt_sigaction 
rt_sigaction 
rt_sigaction 
rt_sigaction 
rt_sigaction 
rt_sigaction 
rt_sigaction 
rt_sigaction 
rt_sigaction 
rt_sigaction 
rt_sigaction 
rt_sigaction 
rt_sigaction 
rt_sigaction 
rt_sigaction 
rt_sigaction 
rt_sigaction 
rt_sigaction 
rt_sigaction 
rt_sigaction 
rt_sigaction 
rt_sigaction 
rt_sigaction 
rt_sigaction 
rt_sigaction 
rt_sigaction 
rt_sigaction 
rt_sigaction 
rt_sigaction 
rt_sigaction 
rt_sigaction 
rt_sigaction 
rt_sigaction 
rt_sigaction 
rt_sigaction 
rt_sigaction 
rt_sigaction 
rt_sigaction 
rt_sigaction 
rt_sigaction 
rt_sigaction 
rt_sigaction 
rt_sigaction 
rt_sigaction 
rt_sigaction 
rt_sigaction 
rt_sigaction 
rt_sigaction 
rt_sigaction 
rt_sigaction 
rt_sigaction 
rt_sigaction 
rt_sigaction 
rt_sigaction 
rt_sigaction 
rt_sigaction 
rt_sigaction 
rt_sigaction 
rt_sigaction 
rt_sigaction 
rt_sigaction 
rt_sigaction 
rt_sigaction 
rt_sigaction 
rt_sigaction 
rt_sigaction 
rt_sigaction 
rt_sigaction 
rt_sigaction 
rt_sigaction 
rt_sigaction 
rt_sigaction 
rt_sigaction 
rt_sigaction 
rt_sigaction 
rt_sigaction 
rt_sigaction 
rt_sigaction 
rt_sigaction 
rt_sigaction 
rt_sigaction 
rt_sigaction 
rt_sigaction 
rt_sigaction 
rt_sigaction 
rt_sigaction 
rt_sigaction 
rt_sigaction 
rt_sigaction 
rt_sigaction 
rt_sigaction 
rt_sigaction 
rt_sigaction 
rt_sigaction 
rt_sigaction 
rt_sigaction 
rt_sigaction 
rt_sigaction 
rt_sigaction 
rt_sigaction 
rt_sigaction 
rt_sigaction 
rt_sigaction 
rt_sigaction 
rt_sigaction 
rt_sigaction 
rt_sigaction 
rt_sigaction 
rt_sigaction 
rt_sigaction 
rt_sigaction 
rt_sigaction 
rt_sigaction 
rt_sigaction 
rt_sigaction 
rt_sigaction 
rt_sigaction 
rt_sigaction 
rt_sigaction 
mmap addr=0 length=8192 prot=3(PROT_READ|PROT_WRITE) flags=10(MAP_PRIVATE|MAP_ANONYMOUS) fd=-1(EPERM) offset=0 
mmap res=7FC040D72000 vm_size=383128 vm_rss=9076 vm_swap=0 
getpid 
getpid 
epoll_create1 
epoll_create1 
epoll_ctl 
epoll_ctl 
mmap addr=0 length=8192 prot=3(PROT_READ|PROT_WRITE) flags=10(MAP_PRIVATE|MAP_ANONYMOUS) fd=-1(EPERM) offset=0 
mmap res=7FC040D70000 vm_size=383136 vm_rss=9076 vm_swap=0 
accept flags=0 
rt_sigaction 
rt_sigaction 
rt_sigaction 
rt_sigaction 
rt_sigaction 
rt_sigaction 
rt_sigaction 
rt_sigaction 
rt_sigaction 
rt_sigaction 
rt_sigaction 
rt_sigaction 
rt_sigaction 
rt_sigaction 
rt_sigaction 
rt_sigaction 
rt_sigaction 
rt_sigaction 
rt_sigaction 
rt_sigaction 
rt_sigaction 
rt_sigaction 
rt_sigaction 
rt_sigaction 
rt_sigaction 
rt_sigaction 
rt_sigaction 
rt_sigaction 
rt_sigaction 
rt_sigaction 
rt_sigaction 
rt_sigaction 
rt_sigaction 
rt_sigaction 
rt_sigaction 
rt_sigaction 
rt_sigaction 
rt_sigaction 
rt_sigaction 
rt_sigaction 
rt_sigaction 
rt_sigaction 
rt_sigaction 
rt_sigaction 
rt_sigaction 
rt_sigaction 
rt_sigaction 
rt_sigaction 
rt_sigaction 
rt_sigaction 
rt_sigaction 
rt_sigaction 
rt_sigaction 
rt_sigaction 
rt_sigaction 
rt_sigaction 
rt_sigaction 
rt_sigaction 
rt_sigaction 
rt_sigaction 
rt_sigaction 
rt_sigaction 
rt_sigaction 
rt_sigaction 
rt_sigaction 
rt_sigaction 
rt_sigaction 
rt_sigaction 
rt_sigaction 
rt_sigaction 
rt_sigaction 
rt_sigaction 
rt_sigaction 
rt_sigaction 
rt_sigaction 
rt_sigaction 
rt_sigaction 
rt_sigaction 
rt_sigaction 
rt_sigaction 
rt_sigaction 
rt_sigaction 
rt_sigaction 
rt_sigaction 
rt_sigaction 
rt_sigaction 
rt_sigaction 
rt_sigaction 
rt_sigaction 
rt_sigaction 
rt_sigaction 
rt_sigaction 
rt_sigaction 
rt_sigaction 
rt_sigaction 
rt_sigaction 
rt_sigaction 
rt_sigaction 
rt_sigaction 
rt_sigaction 
rt_sigaction 
rt_sigaction 
rt_sigaction 
rt_sigaction 
rt_sigaction 
rt_sigaction 
rt_sigaction 
rt_sigaction 
rt_sigaction 
rt_sigaction 
rt_sigaction 
rt_sigaction 
rt_sigaction 
rt_sigaction 
rt_sigaction 
rt_sigaction 
rt_sigaction 
rt_sigaction 
rt_sigaction 
rt_sigaction 
rt_sigaction 
rt_sigaction 
rt_sigaction 
rt_sigaction 
mmap addr=0 length=8192 prot=3(PROT_READ|PROT_WRITE) flags=10(MAP_PRIVATE|MAP_ANONYMOUS) fd=-1(EPERM) offset=0 
mmap res=7FC040D72000 vm_size=383128 vm_rss=9076 vm_swap=0 
getpid 
getpid 
epoll_create1 
epoll_create1 
epoll_ctl 
epoll_ctl 
mmap addr=0 length=8192 prot=3(PROT_READ|PROT_WRITE) flags=10(MAP_PRIVATE|MAP_ANONYMOUS) fd=-1(EPERM) offset=0 
mmap res=7FC040D70000 vm_size=383136 vm_rss=9076 vm_swap=0 
accept flags=0 
poll res=0 fds= 
shutdown fd=10(<4t>172.18.0.1:50104->172.18.0.3:80) how=1(SHUT_WR) 
shutdown res=0 
poll fds=10:41 timeout=2000 
poll res=1 fds=10:421 
read fd=10(<4t>172.18.0.1:50104->172.18.0.3:80) size=512 
read res=0 data= 
close fd=10(<4t>172.18.0.1:50104->172.18.0.3:80) 
close res=0 
read fd=4(<p>pipe:[2406303]) size=1 
read res=-11(EAGAIN) data= 
accept flags=0 
accept fd=10(<4t>127.0.0.1:39354->127.0.0.1:80) tuple=127.0.0.1:39354->127.0.0.1:80 queuepct=0 queuelen=0 queuemax=511 
getsockname 
getsockname 
fcntl fd=10(<4t>127.0.0.1:39354->127.0.0.1:80) cmd=4(F_GETFL) 
fcntl res=2(<p>pipe:[2406072]) 
fcntl fd=10(<4t>127.0.0.1:39354->127.0.0.1:80) cmd=5(F_SETFL) 
fcntl res=0(<f>/dev/null) 
mmap addr=0 length=8192 prot=3(PROT_READ|PROT_WRITE) flags=10(MAP_PRIVATE|MAP_ANONYMOUS) fd=-1(EPERM) offset=0 
mmap res=7FC040D6E000 vm_size=383144 vm_rss=9076 vm_swap=0 
mmap addr=0 length=8192 prot=3(PROT_READ|PROT_WRITE) flags=10(MAP_PRIVATE|MAP_ANONYMOUS) fd=-1(EPERM) offset=0 
mmap res=7FC040D6C000 vm_size=383152 vm_rss=9076 vm_swap=0 
read fd=10(<4t>127.0.0.1:39354->127.0.0.1:80) size=8000 
read res=96 data=OPTIONS * HTTP/1.0..User-Agent: Apache/2.4.25 (Debian) PHP/7.2.1 (internal dummy 
mmap addr=0 length=8192 prot=3(PROT_READ|PROT_WRITE) flags=10(MAP_PRIVATE|MAP_ANONYMOUS) fd=-1(EPERM) offset=0 
mmap res=7FC040D6A000 vm_size=383160 vm_rss=9076 vm_swap=0 
mmap addr=0 length=8192 prot=3(PROT_READ|PROT_WRITE) flags=10(MAP_PRIVATE|MAP_ANONYMOUS) fd=-1(EPERM) offset=0 
mmap res=7FC040D68000 vm_size=383168 vm_rss=9076 vm_swap=0 
writev fd=10(<4t>127.0.0.1:39354->127.0.0.1:80) size=126 
writev res=126 data=HTTP/1.1 200 OK..Date: Thu, 10 Aug 2023 02:09:56 GMT..Server: Apache/2.4.25 (Deb 
write fd=7(<p>pipe:[2406071]) size=139 
write res=139 data=127.0.0.1 - - [10/Aug/2023:02:09:56 +0000] "OPTIONS * HTTP/1.0" 200 126 "-" "Apa 
times 
times 
shutdown fd=10(<4t>127.0.0.1:39354->127.0.0.1:80) how=1(SHUT_WR) 
shutdown res=-107(ENOTCONN) 
close fd=10(<4t>127.0.0.1:39354->127.0.0.1:80) 
close res=0 
read fd=4(<p>pipe:[2406303]) size=1 
read res=1 data=! 
close fd=9 
close res=0 
munmap addr=7FC029A5F000 length=134217728 
munmap res=0 vm_size=252096 vm_rss=11204 vm_swap=0 
close fd=8(<f>/tmp/.ZendSem.732TCv (deleted)) 
close res=0 
munmap addr=7FC031A5F000 length=2243784 
munmap res=0 vm_size=249904 vm_rss=11288 vm_swap=0 
munmap addr=7FC032121000 length=2517856 
munmap res=0 vm_size=247444 vm_rss=11308 vm_swap=0 
munmap addr=7FC031EEE000 length=2301968 
munmap res=0 vm_size=245192 vm_rss=11280 vm_swap=0 
munmap addr=7FC031C83000 length=2531352 
munmap res=0 vm_size=242716 vm_rss=11252 vm_swap=0 
munmap addr=7FC032388000 length=2584984 
munmap res=0 vm_size=240188 vm_rss=12988 vm_swap=0 
munmap addr=7FC040D1E000 length=299008 
munmap res=0 vm_size=239896 vm_rss=12800 vm_swap=0 
munmap addr=7FC032600000 length=2097152 
munmap res=0 vm_size=237848 vm_rss=10752 vm_swap=0 
munmap addr=7FC040D8C000 length=323584 
munmap res=0 vm_size=237532 vm_rss=10748 vm_swap=0 
munmap addr=7FC040D76000 length=8192 
munmap res=0 vm_size=237524 vm_rss=10744 vm_swap=0 
munmap addr=7FC040D70000 length=8192 
munmap res=0 vm_size=237516 vm_rss=10740 vm_swap=0 
munmap addr=7FC040D74000 length=8192 
munmap res=0 vm_size=237508 vm_rss=10736 vm_swap=0 
munmap addr=7FC040D72000 length=8192 
munmap res=0 vm_size=237500 vm_rss=10732 vm_swap=0 
munmap addr=7FC040D6C000 length=8192 
munmap res=0 vm_size=237492 vm_rss=10728 vm_swap=0 
munmap addr=7FC040D68000 length=8192 
munmap res=0 vm_size=237484 vm_rss=10724 vm_swap=0 
munmap addr=7FC040D6E000 length=8192 
munmap res=0 vm_size=237476 vm_rss=10716 vm_swap=0 
munmap addr=7FC040D6A000 length=8192 
munmap res=0 vm_size=237468 vm_rss=10712 vm_swap=0 
close fd=5(<p>pipe:[2406303]) 
close res=0 
close fd=4(<p>pipe:[2406303]) 
close res=0 
futex addr=7FC03AB098EC op=129(FUTEX_PRIVATE_FLAG|FUTEX_WAKE) val=2147483647 
futex res=0 
exit_group 
accept fd=10(<4t>127.0.0.1:39362->127.0.0.1:80) tuple=127.0.0.1:39362->127.0.0.1:80 queuepct=0 queuelen=0 queuemax=511 
getsockname 
getsockname 
fcntl fd=10(<4t>127.0.0.1:39362->127.0.0.1:80) cmd=4(F_GETFL) 
fcntl res=2(<p>pipe:[2406072]) 
fcntl fd=10(<4t>127.0.0.1:39362->127.0.0.1:80) cmd=5(F_SETFL) 
fcntl res=0(<f>/dev/null) 
mmap addr=0 length=8192 prot=3(PROT_READ|PROT_WRITE) flags=10(MAP_PRIVATE|MAP_ANONYMOUS) fd=-1(EPERM) offset=0 
mmap res=7FC040D6E000 vm_size=383144 vm_rss=9076 vm_swap=0 
mmap addr=0 length=8192 prot=3(PROT_READ|PROT_WRITE) flags=10(MAP_PRIVATE|MAP_ANONYMOUS) fd=-1(EPERM) offset=0 
mmap res=7FC040D6C000 vm_size=383152 vm_rss=9076 vm_swap=0 
read fd=10(<4t>127.0.0.1:39362->127.0.0.1:80) size=8000 
read res=96 data=OPTIONS * HTTP/1.0..User-Agent: Apache/2.4.25 (Debian) PHP/7.2.1 (internal dummy 
mmap addr=0 length=8192 prot=3(PROT_READ|PROT_WRITE) flags=10(MAP_PRIVATE|MAP_ANONYMOUS) fd=-1(EPERM) offset=0 
mmap res=7FC040D6A000 vm_size=383160 vm_rss=9076 vm_swap=0 
mmap addr=0 length=8192 prot=3(PROT_READ|PROT_WRITE) flags=10(MAP_PRIVATE|MAP_ANONYMOUS) fd=-1(EPERM) offset=0 
mmap res=7FC040D68000 vm_size=383168 vm_rss=9076 vm_swap=0 
writev fd=10(<4t>127.0.0.1:39362->127.0.0.1:80) size=126 
writev res=126 data=HTTP/1.1 200 OK..Date: Thu, 10 Aug 2023 02:09:57 GMT..Server: Apache/2.4.25 (Deb 
write fd=7(<p>pipe:[2406071]) size=139 
write res=139 data=127.0.0.1 - - [10/Aug/2023:02:09:57 +0000] "OPTIONS * HTTP/1.0" 200 126 "-" "Apa 
times 
times 
shutdown fd=10(<4t>127.0.0.1:39362->127.0.0.1:80) how=1(SHUT_WR) 
shutdown res=-107(ENOTCONN) 
close fd=10(<4t>127.0.0.1:39362->127.0.0.1:80) 
close res=0 
read fd=4(<p>pipe:[2406303]) size=1 
read res=1 data=! 
close fd=9 
close res=0 
munmap addr=7FC029A5F000 length=134217728 
munmap res=0 vm_size=252096 vm_rss=11212 vm_swap=0 
close fd=8(<f>/tmp/.ZendSem.732TCv (deleted)) 
close res=0 
munmap addr=7FC031A5F000 length=2243784 
munmap res=0 vm_size=249904 vm_rss=11296 vm_swap=0 
munmap addr=7FC032121000 length=2517856 
munmap res=0 vm_size=247444 vm_rss=11316 vm_swap=0 
munmap addr=7FC031EEE000 length=2301968 
munmap res=0 vm_size=245192 vm_rss=11288 vm_swap=0 
munmap addr=7FC031C83000 length=2531352 
munmap res=0 vm_size=242716 vm_rss=11260 vm_swap=0 
munmap addr=7FC032388000 length=2584984 
munmap res=0 vm_size=240188 vm_rss=12996 vm_swap=0 
munmap addr=7FC040D1E000 length=299008 
munmap res=0 vm_size=239896 vm_rss=12808 vm_swap=0 
munmap addr=7FC032600000 length=2097152 
munmap res=0 vm_size=237848 vm_rss=10760 vm_swap=0 
munmap addr=7FC040D8C000 length=323584 
munmap res=0 vm_size=237532 vm_rss=10756 vm_swap=0 
munmap addr=7FC040D76000 length=8192 
munmap res=0 vm_size=237524 vm_rss=10752 vm_swap=0 
munmap addr=7FC040D70000 length=8192 
munmap res=0 vm_size=237516 vm_rss=10748 vm_swap=0 
munmap addr=7FC040D74000 length=8192 
munmap res=0 vm_size=237508 vm_rss=10744 vm_swap=0 
munmap addr=7FC040D72000 length=8192 
munmap res=0 vm_size=237500 vm_rss=10740 vm_swap=0 
munmap addr=7FC040D6C000 length=8192 
munmap res=0 vm_size=237492 vm_rss=10736 vm_swap=0 
munmap addr=7FC040D68000 length=8192 
munmap res=0 vm_size=237484 vm_rss=10732 vm_swap=0 
munmap addr=7FC040D6E000 length=8192 
munmap res=0 vm_size=237476 vm_rss=10724 vm_swap=0 
munmap addr=7FC040D6A000 length=8192 
munmap res=0 vm_size=237468 vm_rss=10720 vm_swap=0 
close fd=5(<p>pipe:[2406303]) 
close res=0 
close fd=4(<p>pipe:[2406303]) 
close res=0 
futex addr=7FC03AB098EC op=129(FUTEX_PRIVATE_FLAG|FUTEX_WAKE) val=2147483647 
futex res=0 
exit_group 
accept fd=10(<4t>172.18.0.1:35472->172.18.0.3:80) tuple=172.18.0.1:35472->172.18.0.3:80 queuepct=0 queuelen=0 queuemax=511 
getsockname 
getsockname 
fcntl fd=10(<4t>172.18.0.1:35472->172.18.0.3:80) cmd=4(F_GETFL) 
fcntl res=2(<p>pipe:[2406072]) 
fcntl fd=10(<4t>172.18.0.1:35472->172.18.0.3:80) cmd=5(F_SETFL) 
fcntl res=0(<f>/dev/null) 
mmap addr=0 length=8192 prot=3(PROT_READ|PROT_WRITE) flags=10(MAP_PRIVATE|MAP_ANONYMOUS) fd=-1(EPERM) offset=0 
mmap res=7FC040D6E000 vm_size=383144 vm_rss=9076 vm_swap=0 
mmap addr=0 length=8192 prot=3(PROT_READ|PROT_WRITE) flags=10(MAP_PRIVATE|MAP_ANONYMOUS) fd=-1(EPERM) offset=0 
mmap res=7FC040D6C000 vm_size=383152 vm_rss=9076 vm_swap=0 
read fd=10(<4t>172.18.0.1:35472->172.18.0.3:80) size=8000 
read res=173 data=GET /wp-content/plugins/paypal-currency-converter-basic-for-woocommerce/proxy.ph 
stat 
stat res=0 path=/var/www/html/wp-content/plugins/paypal-currency-converter-basic-for-woocommerce/proxy.php 
open 
open fd=-2(ENOENT) name=/var/www/.htaccess flags=4097(O_RDONLY|O_CLOEXEC) mode=0 dev=0 
mmap addr=0 length=8192 prot=3(PROT_READ|PROT_WRITE) flags=10(MAP_PRIVATE|MAP_ANONYMOUS) fd=-1(EPERM) offset=0 
mmap res=7FC040D6A000 vm_size=383160 vm_rss=9076 vm_swap=0 
open 
open fd=11(<f>/var/www/html/.htaccess) name=/var/www/html/.htaccess flags=4097(O_RDONLY|O_CLOEXEC) mode=0 dev=34 
fstat fd=11(<f>/var/www/html/.htaccess) 
fstat res=0 
read fd=11(<f>/var/www/html/.htaccess) size=4096 
read res=234 data=# BEGIN WordPress.<IfModule mod_rewrite.c>.RewriteEngine On.RewriteBase /.Rewrit 
read fd=11(<f>/var/www/html/.htaccess) size=4096 
read res=0 data= 
close fd=11(<f>/var/www/html/.htaccess) 
close res=0 
open 
open fd=-2(ENOENT) name=/var/www/html/wp-content/.htaccess flags=4097(O_RDONLY|O_CLOEXEC) mode=0 dev=0 
open 
open fd=-2(ENOENT) name=/var/www/html/wp-content/plugins/.htaccess flags=4097(O_RDONLY|O_CLOEXEC) mode=0 dev=0 
open 
open fd=-2(ENOENT) name=/var/www/html/wp-content/plugins/paypal-currency-converter-basic-for-woocommerce/.htaccess flags=4097(O_RDONLY|O_CLOEXEC) mode=0 dev=0 
open 
open fd=-20(ENOTDIR) name=/var/www/html/wp-content/plugins/paypal-currency-converter-basic-for-woocommerce/proxy.php/.htaccess flags=4097(O_RDONLY|O_CLOEXEC) mode=0 dev=0 
mmap addr=0 length=8192 prot=3(PROT_READ|PROT_WRITE) flags=10(MAP_PRIVATE|MAP_ANONYMOUS) fd=-1(EPERM) offset=0 
mmap res=7FC040D68000 vm_size=383168 vm_rss=9076 vm_swap=0 
stat 
stat res=0 path=/var/www/html/wp-content/plugins/paypal-currency-converter-basic-for-woocommerce/proxy.php 
brk addr=55875D53A000 
brk res=55875D53A000 vm_size=383328 vm_rss=10236 vm_swap=0 
brk addr=55875D55B000 
brk res=55875D55B000 vm_size=383460 vm_rss=11468 vm_swap=0 
rt_sigaction 
rt_sigaction 
rt_sigaction 
rt_sigaction 
rt_sigaction 
rt_sigaction 
rt_sigaction 
rt_sigaction 
rt_sigaction 
rt_sigaction 
rt_sigaction 
rt_sigaction 
rt_sigaction 
rt_sigaction 
rt_sigaction 
rt_sigaction 
rt_sigaction 
rt_sigaction 
rt_sigaction 
rt_sigaction 
rt_sigaction 
rt_sigaction 
rt_sigaction 
rt_sigaction 
rt_sigaction 
rt_sigaction 
rt_sigaction 
rt_sigaction 
setitimer 
setitimer 
rt_sigaction 
rt_sigaction 
rt_sigprocmask 
rt_sigprocmask 
mmap addr=0 length=65536 prot=3(PROT_READ|PROT_WRITE) flags=10(MAP_PRIVATE|MAP_ANONYMOUS) fd=-1(EPERM) offset=0 
mmap res=7FC040D0E000 vm_size=383524 vm_rss=11468 vm_swap=0 
getcwd 
getcwd res=14 path=/var/www/html 
chdir 
chdir res=0 path=/var/www/html/wp-content/plugins/paypal-currency-converter-basic-for-woocommerce 
lstat 
lstat res=0 path=/var/www/html/wp-content/plugins/paypal-currency-converter-basic-for-woocommerce/proxy.php 
lstat 
lstat res=0 path=/var/www/html/wp-content/plugins/paypal-currency-converter-basic-for-woocommerce 
lstat 
lstat res=0 path=/var/www/html/wp-content/plugins 
lstat 
lstat res=0 path=/var/www/html/wp-content 
lstat 
lstat res=0 path=/var/www/html 
lstat 
lstat res=0 path=/var/www 
lstat 
lstat res=0 path=/var 
open 
open fd=11(<f>/var/www/html/wp-content/plugins/paypal-currency-converter-basic-for-woocommerce/proxy.php) name=/var/www/html/wp-content/plugins/paypal-currency-converter-basic-for-woocommerce/proxy.php flags=1(O_RDONLY) mode=0 dev=34 
fstat fd=11(<f>/var/www/html/wp-content/plugins/paypal-currency-converter-basic-for-woocommerce/proxy.php) 
fstat res=0 
fstat fd=11(<f>/var/www/html/wp-content/plugins/paypal-currency-converter-basic-for-woocommerce/proxy.php) 
fstat res=0 
fstat fd=11(<f>/var/www/html/wp-content/plugins/paypal-currency-converter-basic-for-woocommerce/proxy.php) 
fstat res=0 
mmap addr=0 length=226 prot=1(PROT_READ) flags=1(MAP_SHARED) fd=11(<f>/var/www/html/wp-content/plugins/paypal-currency-converter-basic-for-woocommerce/proxy.php) offset=0 
mmap res=7FC040D67000 vm_size=383528 vm_rss=12372 vm_swap=0 
fcntl fd=8(<f>/tmp/.ZendSem.732TCv (deleted)) cmd=8(F_SETLK) 
fcntl res=0(<f>/dev/null) 
stat 
stat res=0 path=/var/www/html/wp-content/plugins/paypal-currency-converter-basic-for-woocommerce/proxy.php 
fcntl fd=8(<f>/tmp/.ZendSem.732TCv (deleted)) cmd=9(F_SETLKW) 
fcntl res=0(<f>/dev/null) 
fcntl fd=8(<f>/tmp/.ZendSem.732TCv (deleted)) cmd=8(F_SETLK) 
fcntl res=0(<f>/dev/null) 
munmap addr=7FC040D67000 length=226 
munmap res=0 vm_size=383524 vm_rss=14076 vm_swap=0 
close fd=11(<f>/var/www/html/wp-content/plugins/paypal-currency-converter-basic-for-woocommerce/proxy.php) 
close res=0 
lstat 
lstat res=0 path=/etc/passwd 
lstat 
lstat res=0 path=/etc 
open 
open fd=11(<f>/etc/passwd) name=/etc/passwd flags=1(O_RDONLY) mode=0 dev=61 
fstat fd=11(<f>/etc/passwd) 
fstat res=0 
lseek fd=11(<f>/etc/passwd) offset=0 whence=1(SEEK_CUR) 
lseek res=0 
fstat fd=11(<f>/etc/passwd) 
fstat res=0 
read fd=11(<f>/etc/passwd) size=8192 
read res=919 data=root:x:0:0:root:/root:/bin/bash.daemon:x:1:1:daemon:/usr/sbin:/usr/sbin/nologin. 
read fd=11(<f>/etc/passwd) size=8192 
read res=0 data= 
read fd=11(<f>/etc/passwd) size=8192 
read res=0 data= 
close fd=11(<f>/etc/passwd) 
close res=0 
mmap addr=0 length=8192 prot=3(PROT_READ|PROT_WRITE) flags=10(MAP_PRIVATE|MAP_ANONYMOUS) fd=-1(EPERM) offset=0 
mmap res=7FC040D0C000 vm_size=383532 vm_rss=14076 vm_swap=0 
chdir 
chdir res=0 path=/var/www/html 
setitimer 
setitimer 
fcntl fd=8(<f>/tmp/.ZendSem.732TCv (deleted)) cmd=8(F_SETLK) 
fcntl res=0(<f>/dev/null) 
setitimer 
setitimer 
mmap addr=0 length=8192 prot=3(PROT_READ|PROT_WRITE) flags=10(MAP_PRIVATE|MAP_ANONYMOUS) fd=-1(EPERM) offset=0 
mmap res=7FC040D0A000 vm_size=383540 vm_rss=14076 vm_swap=0 
mmap addr=0 length=8192 prot=3(PROT_READ|PROT_WRITE) flags=10(MAP_PRIVATE|MAP_ANONYMOUS) fd=-1(EPERM) offset=0 
mmap res=7FC040D08000 vm_size=383548 vm_rss=14076 vm_swap=0 
read fd=10(<4t>172.18.0.1:35472->172.18.0.3:80) size=8000 
read res=-11(EAGAIN) data= 
writev fd=10(<4t>172.18.0.1:35472->172.18.0.3:80) size=1116 
writev res=1116 data=HTTP/1.1 200 OK..Date: Thu, 10 Aug 2023 02:10:12 GMT..Server: Apache/2.4.25 (Deb 
write fd=7(<p>pipe:[2406071]) size=183 
write res=183 data=172.18.0.1 - - [10/Aug/2023:02:10:12 +0000] "GET /wp-content/plugins/paypal-curr 
times 
times 
poll fds=10:41 timeout=5000 
poll res=1 fds=10:41 
read fd=10(<4t>172.18.0.1:35472->172.18.0.3:80) size=8000 
read res=0 data= 
shutdown fd=10(<4t>172.18.0.1:35472->172.18.0.3:80) how=1(SHUT_WR) 
shutdown res=0 
poll fds=10:41 timeout=2000 
poll res=1 fds=10:421 
read fd=10(<4t>172.18.0.1:35472->172.18.0.3:80) size=512 
read res=0 data= 
close fd=10(<4t>172.18.0.1:35472->172.18.0.3:80) 
close res=0 
read fd=4(<p>pipe:[2406303]) size=1 
read res=-11(EAGAIN) data= 
accept flags=0 
accept fd=-512(ERESTARTSYS) tuple=NULL queuepct=0 queuelen=0 queuemax=511 
close fd=9 
close res=0 
accept fd=-512(ERESTARTSYS) tuple=NULL queuepct=0 queuelen=0 queuemax=511 
close fd=9 
close res=0 
accept fd=-512(ERESTARTSYS) tuple=NULL queuepct=0 queuelen=0 queuemax=511 
close fd=9 
close res=0 
accept fd=-512(ERESTARTSYS) tuple=NULL queuepct=0 queuelen=0 queuemax=511 
close fd=9 
close res=0 
munmap addr=7FC029A5F000 length=134217728 
munmap res=0 vm_size=252064 vm_rss=11000 vm_swap=0 
close fd=8(<f>/tmp/.ZendSem.732TCv (deleted)) 
close res=0 
munmap addr=7FC029A5F000 length=134217728 
munmap res=0 vm_size=252284 vm_rss=11356 vm_swap=0 
close fd=8(<f>/tmp/.ZendSem.732TCv (deleted)) 
close res=0 
munmap addr=7FC031A5F000 length=2243784 
munmap addr=7FC031A5F000 length=2243784 
munmap res=0 vm_size=249872 vm_rss=11084 vm_swap=0 
munmap res=0 vm_size=250092 vm_rss=11440 vm_swap=0 
munmap addr=7FC032121000 length=2517856 
munmap res=0 vm_size=247412 vm_rss=11104 vm_swap=0 
munmap addr=7FC031EEE000 length=2301968 
munmap res=0 vm_size=245160 vm_rss=11076 vm_swap=0 
munmap addr=7FC031C83000 length=2531352 
munmap res=0 vm_size=242684 vm_rss=11048 vm_swap=0 
munmap addr=7FC032121000 length=2517856 
munmap res=0 vm_size=247632 vm_rss=11460 vm_swap=0 
munmap addr=7FC031EEE000 length=2301968 
munmap res=0 vm_size=245380 vm_rss=11432 vm_swap=0 
munmap addr=7FC031C83000 length=2531352 
munmap res=0 vm_size=242904 vm_rss=11404 vm_swap=0 
munmap addr=7FC029A5F000 length=134217728 
munmap res=0 vm_size=252064 vm_rss=11000 vm_swap=0 
close fd=8(<f>/tmp/.ZendSem.732TCv (deleted)) 
close res=0 
munmap addr=7FC031A5F000 length=2243784 
munmap res=0 vm_size=249872 vm_rss=11084 vm_swap=0 
munmap addr=7FC032121000 length=2517856 
munmap res=0 vm_size=247412 vm_rss=11104 vm_swap=0 
munmap addr=7FC031EEE000 length=2301968 
munmap res=0 vm_size=245160 vm_rss=11076 vm_swap=0 
munmap addr=7FC031C83000 length=2531352 
munmap res=0 vm_size=242684 vm_rss=11048 vm_swap=0 
accept fd=-512(ERESTARTSYS) tuple=NULL queuepct=0 queuelen=0 queuemax=511 
close fd=9 
close res=0 
munmap addr=7FC032388000 length=2584984 
munmap res=0 vm_size=240376 vm_rss=13148 vm_swap=0 
munmap addr=7FC040D1E000 length=299008 
munmap res=0 vm_size=240084 vm_rss=12960 vm_swap=0 
munmap addr=7FC032600000 length=2097152 
munmap res=0 vm_size=238036 vm_rss=10912 vm_swap=0 
munmap addr=7FC040D8C000 length=323584 
munmap res=0 vm_size=237720 vm_rss=10908 vm_swap=0 
munmap addr=7FC040D76000 length=8192 
munmap res=0 vm_size=237712 vm_rss=10904 vm_swap=0 
munmap addr=7FC040D70000 length=8192 
munmap res=0 vm_size=237704 vm_rss=10900 vm_swap=0 
munmap addr=7FC040D74000 length=8192 
munmap res=0 vm_size=237696 vm_rss=10896 vm_swap=0 
munmap addr=7FC040D72000 length=8192 
munmap res=0 vm_size=237688 vm_rss=10892 vm_swap=0 
munmap addr=7FC040D15000 length=8192 
munmap res=0 vm_size=237680 vm_rss=10888 vm_swap=0 
munmap addr=7FC040D19000 length=8192 
munmap res=0 vm_size=237672 vm_rss=10880 vm_swap=0 
munmap addr=7FC040D6C000 length=8192 
munmap res=0 vm_size=237664 vm_rss=10872 vm_swap=0 
munmap addr=7FC040D6E000 length=8192 
munmap res=0 vm_size=237656 vm_rss=10864 vm_swap=0 
munmap addr=7FC040D68000 length=8192 
munmap res=0 vm_size=237648 vm_rss=10856 vm_swap=0 
munmap addr=7FC040D1C000 length=8192 
munmap res=0 vm_size=237640 vm_rss=10848 vm_swap=0 
munmap addr=7FC040D6A000 length=8192 
munmap res=0 vm_size=237632 vm_rss=10840 vm_swap=0 
munmap addr=7FC040D17000 length=8192 
munmap res=0 vm_size=237624 vm_rss=10832 vm_swap=0 
close fd=5(<p>pipe:[2406303]) 
close res=0 
close fd=4(<p>pipe:[2406303]) 
close res=0 
futex addr=7FC03AB098EC op=129(FUTEX_PRIVATE_FLAG|FUTEX_WAKE) val=2147483647 
futex res=0 
munmap addr=7FC029A5F000 length=134217728 
munmap res=0 vm_size=252476 vm_rss=13268 vm_swap=0 
close fd=8(<f>/tmp/.ZendSem.732TCv (deleted)) 
close res=0 
munmap addr=7FC031A5F000 length=2243784 
munmap res=0 vm_size=250284 vm_rss=13184 vm_swap=0 
munmap addr=7FC032121000 length=2517856 
munmap res=0 vm_size=247824 vm_rss=13204 vm_swap=0 
munmap addr=7FC031EEE000 length=2301968 
exit_group 
munmap addr=7FC032388000 length=2584984 
munmap res=0 vm_size=240156 vm_rss=12784 vm_swap=0 
munmap addr=7FC040D1E000 length=299008 
munmap res=0 vm_size=239864 vm_rss=12596 vm_swap=0 
munmap addr=7FC032600000 length=2097152 
munmap res=0 vm_size=237816 vm_rss=10548 vm_swap=0 
munmap addr=7FC040D8C000 length=323584 
munmap res=0 vm_size=237500 vm_rss=10544 vm_swap=0 
munmap addr=7FC040D76000 length=8192 
munmap res=0 vm_size=237492 vm_rss=10540 vm_swap=0 
munmap addr=7FC040D70000 length=8192 
munmap res=0 vm_size=237484 vm_rss=10536 vm_swap=0 
munmap addr=7FC040D74000 length=8192 
munmap res=0 vm_size=237476 vm_rss=10532 vm_swap=0 
munmap addr=7FC040D72000 length=8192 
munmap res=0 vm_size=237468 vm_rss=10528 vm_swap=0 
close fd=5(<p>pipe:[2406303]) 
close res=0 
close fd=4(<p>pipe:[2406303]) 
close res=0 
munmap addr=7FC029A5F000 length=134217728 
munmap res=0 vm_size=252064 vm_rss=11000 vm_swap=0 
close fd=8(<f>/tmp/.ZendSem.732TCv (deleted)) 
close res=0 
futex addr=7FC03AB098EC op=129(FUTEX_PRIVATE_FLAG|FUTEX_WAKE) val=2147483647 
futex res=0 
munmap addr=7FC031A5F000 length=2243784 
munmap res=0 vm_size=249872 vm_rss=11084 vm_swap=0 
munmap addr=7FC032121000 length=2517856 
munmap res=0 vm_size=247412 vm_rss=11104 vm_swap=0 
munmap addr=7FC031EEE000 length=2301968 
munmap res=0 vm_size=245160 vm_rss=11076 vm_swap=0 
munmap addr=7FC031C83000 length=2531352 
munmap res=0 vm_size=242684 vm_rss=11048 vm_swap=0 
exit_group 
munmap addr=7FC032388000 length=2584984 
munmap res=0 vm_size=240156 vm_rss=12784 vm_swap=0 
munmap addr=7FC040D1E000 length=299008 
munmap res=0 vm_size=239864 vm_rss=12596 vm_swap=0 
munmap addr=7FC032600000 length=2097152 
munmap res=0 vm_size=237816 vm_rss=10548 vm_swap=0 
munmap addr=7FC040D8C000 length=323584 
munmap res=0 vm_size=237500 vm_rss=10544 vm_swap=0 
munmap addr=7FC040D76000 length=8192 
munmap res=0 vm_size=237492 vm_rss=10540 vm_swap=0 
munmap addr=7FC040D70000 length=8192 
munmap res=0 vm_size=237484 vm_rss=10536 vm_swap=0 
munmap addr=7FC040D74000 length=8192 
munmap res=0 vm_size=237476 vm_rss=10532 vm_swap=0 
munmap addr=7FC040D72000 length=8192 
munmap res=0 vm_size=237468 vm_rss=10528 vm_swap=0 
close fd=5(<p>pipe:[2406303]) 
close res=0 
close fd=4(<p>pipe:[2406303]) 
close res=0 
futex addr=7FC03AB098EC op=129(FUTEX_PRIVATE_FLAG|FUTEX_WAKE) val=2147483647 
futex res=0 
exit_group 
munmap addr=7FC032388000 length=2584984 
munmap res=0 vm_size=240156 vm_rss=12784 vm_swap=0 
munmap addr=7FC040D1E000 length=299008 
munmap res=0 vm_size=239864 vm_rss=12596 vm_swap=0 
munmap addr=7FC032600000 length=2097152 
munmap res=0 vm_size=237816 vm_rss=10548 vm_swap=0 
munmap addr=7FC040D8C000 length=323584 
munmap res=0 vm_size=237500 vm_rss=10544 vm_swap=0 
munmap addr=7FC040D76000 length=8192 
munmap res=0 vm_size=237492 vm_rss=10540 vm_swap=0 
munmap addr=7FC040D70000 length=8192 
munmap res=0 vm_size=237484 vm_rss=10536 vm_swap=0 
munmap addr=7FC040D74000 length=8192 
munmap res=0 vm_size=237476 vm_rss=10532 vm_swap=0 
munmap addr=7FC040D72000 length=8192 
munmap res=0 vm_size=237468 vm_rss=10528 vm_swap=0 
close fd=5(<p>pipe:[2406303]) 
close res=0 
close fd=4(<p>pipe:[2406303]) 
close res=0 
munmap res=0 vm_size=245572 vm_rss=13176 vm_swap=0 
munmap addr=7FC031C83000 length=2531352 
munmap res=0 vm_size=243096 vm_rss=13148 vm_swap=0 
futex addr=7FC03AB098EC op=129(FUTEX_PRIVATE_FLAG|FUTEX_WAKE) val=2147483647 
futex res=0 
munmap addr=7FC040D0E000 length=65536 
munmap res=0 vm_size=243032 vm_rss=14040 vm_swap=0 
brk addr=55875D528000 
brk res=55875D528000 vm_size=242828 vm_rss=13948 vm_swap=0 
munmap addr=7FC032388000 length=2584984 
exit_group 
munmap res=0 vm_size=240300 vm_rss=13572 vm_swap=0 
munmap addr=7FC040D1E000 length=299008 
munmap res=0 vm_size=240008 vm_rss=13384 vm_swap=0 
munmap addr=7FC032600000 length=2097152 
munmap res=0 vm_size=237960 vm_rss=11336 vm_swap=0 
munmap addr=7FC040D8C000 length=323584 
munmap res=0 vm_size=237644 vm_rss=11332 vm_swap=0 
munmap addr=7FC040D76000 length=8192 
munmap res=0 vm_size=237636 vm_rss=11328 vm_swap=0 
munmap addr=7FC040D70000 length=8192 
munmap res=0 vm_size=237628 vm_rss=11324 vm_swap=0 
munmap addr=7FC040D74000 length=8192 
munmap res=0 vm_size=237620 vm_rss=11320 vm_swap=0 
munmap addr=7FC040D72000 length=8192 
munmap res=0 vm_size=237612 vm_rss=11316 vm_swap=0 
munmap addr=7FC040D08000 length=8192 
munmap res=0 vm_size=237604 vm_rss=11312 vm_swap=0 
munmap addr=7FC040D6A000 length=8192 
munmap res=0 vm_size=237596 vm_rss=11304 vm_swap=0 
munmap addr=7FC040D68000 length=8192 
munmap res=0 vm_size=237588 vm_rss=11296 vm_swap=0 
munmap addr=7FC040D6E000 length=8192 
munmap res=0 vm_size=237580 vm_rss=11288 vm_swap=0 
munmap addr=7FC040D0C000 length=8192 
munmap res=0 vm_size=237572 vm_rss=11284 vm_swap=0 
munmap addr=7FC040D0A000 length=8192 
munmap res=0 vm_size=237564 vm_rss=11280 vm_swap=0 
munmap addr=7FC040D6C000 length=8192 
munmap res=0 vm_size=237556 vm_rss=11276 vm_swap=0 
close fd=5(<p>pipe:[2406303]) 
close res=0 
close fd=4(<p>pipe:[2406303]) 
close res=0 
futex addr=7FC03AB098EC op=129(FUTEX_PRIVATE_FLAG|FUTEX_WAKE) val=2147483647 
futex res=0 
exit_group 
