clone res=0 exe=apache2 args=-DFOREGROUND. tid=840553(apache2) pid=840448(apache2) ptid=839845(apache2) cwd= fdlimit=1048576 pgft_maj=0 pgft_min=0 vm_size=406860 vm_rss=53356 vm_swap=0 comm=apache2 cgroups=cpuset=/system.slice/docker-4d81cb26c66231747b04db742cd4f8fff01cc68354eaa9325... flags=578861571(CLONE_FILES|CLONE_FS|CLONE_PARENT_SETTID|CLONE_SIGHAND|CLONE_SYSVSEM|CLONE_THREAD|CLONE_VM|CLONE_CHILD_CLEARTID|CLONE_SETTLS) uid=33 gid=33 vtid=73 vpid=67 
set_robust_list 
set_robust_list 
getpid 
getpid 
mmap addr=0 length=134217728 prot=0(PROT_NONE) flags=74(MAP_PRIVATE|MAP_ANONYMOUS|MAP_NORESERVE) fd=-1(EPERM) offset=0 
mmap res=7EFEF2DFF000 vm_size=537932 vm_rss=53356 vm_swap=0 
munmap addr=7EFEF2DFF000 length=18878464 
munmap res=0 vm_size=519496 vm_rss=53356 vm_swap=0 
munmap addr=7EFEF8000000 length=48230400 
munmap res=0 vm_size=472396 vm_rss=53356 vm_swap=0 
mprotect 
mprotect 
open 
open fd=13(<f>/etc/resolv.conf) name=/etc/resolv.conf flags=4097(O_RDONLY|O_CLOEXEC) mode=0 dev=34 
fstat fd=13(<f>/etc/resolv.conf) 
fstat res=0 
read fd=13(<f>/etc/resolv.conf) size=1024 
read res=53 data=nameserver 127.0.0.11.options edns0 trust-ad ndots:0. 
read fd=13(<f>/etc/resolv.conf) size=1024 
read res=0 data= 
close fd=13(<f>/etc/resolv.conf) 
close res=0 
uname 
uname 
open 
open fd=13(<f>/etc/hosts) name=/etc/hosts flags=4097(O_RDONLY|O_CLOEXEC) mode=0 dev=34 
fstat fd=13(<f>/etc/hosts) 
fstat res=0 
read fd=13(<f>/etc/hosts) size=512 
read res=174 data=127.0.0.1.localhost.::1.localhost ip6-localhost ip6-loopback.fe00::0.ip6-localne 
read fd=13(<f>/etc/hosts) size=512 
read res=0 data= 
close fd=13(<f>/etc/hosts) 
close res=0 
open 
open fd=13(<f>/etc/gai.conf) name=/etc/gai.conf flags=4097(O_RDONLY|O_CLOEXEC) mode=0 dev=61 
fstat fd=13(<f>/etc/gai.conf) 
fstat res=0 
fstat fd=13(<f>/etc/gai.conf) 
fstat res=0 
read fd=13(<f>/etc/gai.conf) size=3072 
read res=2584 data=# Configuration for getaddrinfo(3)..#.# So far only configuration for the destin 
read fd=13(<f>/etc/gai.conf) size=3072 
read res=0 data= 
close fd=13(<f>/etc/gai.conf) 
close res=0 
futex addr=7EFF1301FEE4 op=129(FUTEX_PRIVATE_FLAG|FUTEX_WAKE) val=2147483647 
futex res=0 
socket domain=16(AF_ROUTE) type=3 proto=0 
socket fd=13(<n>) 
bind fd=13(<n>) 
bind res=0 addr=NULL 
getsockname 
getsockname 
sendto fd=13(<n>) size=20 tuple=NULL 
sendto res=20 data=.........E.d........ 
recvmsg fd=13(<n>) 
recvmsg res=164 size=164 data=L........E.dC...............................lo.......................68..68.X... tuple=NULL 
recvmsg fd=13(<n>) 
recvmsg res=20 size=20 data=.........E.dC....... tuple=NULL 
close fd=13(<n>) 
close res=0 
socket domain=2(AF_INET) type=2 proto=0 
socket fd=13(<4>) 
connect fd=13(<4>) 
connect res=0 tuple=127.0.0.1:37154->127.0.0.1:9000 
getsockname 
getsockname 
close fd=13(<4u>127.0.0.1:37154->127.0.0.1:9000) 
close res=0 
socket domain=10(AF_INET6) type=2 proto=0 
socket fd=13(<6>) 
connect fd=13(<6>) 
connect res=-99(EADDRNOTAVAIL) tuple=:::33585->::1:9000 
close fd=13(<6>) 
close res=0 
madvise 
madvise 
exit 
accept fd=10(<4t>172.18.0.1:56566->172.18.0.3:80) tuple=172.18.0.1:56566->172.18.0.3:80 queuepct=0 queuelen=0 queuemax=511 
getsockname 
getsockname 
fcntl fd=10(<4t>172.18.0.1:56566->172.18.0.3:80) cmd=4(F_GETFL) 
fcntl res=2(<p>pipe:[2318107]) 
fcntl fd=10(<4t>172.18.0.1:56566->172.18.0.3:80) cmd=5(F_SETFL) 
fcntl res=0(<f>/dev/null) 
mmap addr=0 length=8192 prot=3(PROT_READ|PROT_WRITE) flags=10(MAP_PRIVATE|MAP_ANONYMOUS) fd=-1(EPERM) offset=0 
mmap res=7EFF139FB000 vm_size=383144 vm_rss=9012 vm_swap=0 
mmap addr=0 length=8192 prot=3(PROT_READ|PROT_WRITE) flags=10(MAP_PRIVATE|MAP_ANONYMOUS) fd=-1(EPERM) offset=0 
mmap res=7EFF139F9000 vm_size=383152 vm_rss=9012 vm_swap=0 
read fd=10(<4t>172.18.0.1:56566->172.18.0.3:80) size=8000 
read res=1027 data=GET /wp-content/plugins/invoicing/vendor/ayecode/wp-ayecode-ui/assets/js/bootstr 
stat 
stat res=0 path=/var/www/html/wp-content/plugins/invoicing/vendor/ayecode/wp-ayecode-ui/assets/js/bootstrap.bundle.min.js 
mmap addr=0 length=8192 prot=3(PROT_READ|PROT_WRITE) flags=10(MAP_PRIVATE|MAP_ANONYMOUS) fd=-1(EPERM) offset=0 
mmap res=7EFF139F7000 vm_size=383160 vm_rss=9012 vm_swap=0 
open 
open fd=-2(ENOENT) name=/var/www/.htaccess flags=4097(O_RDONLY|O_CLOEXEC) mode=0 dev=0 
open 
open fd=11(<f>/var/www/html/.htaccess) name=/var/www/html/.htaccess flags=4097(O_RDONLY|O_CLOEXEC) mode=0 dev=34 
fstat fd=11(<f>/var/www/html/.htaccess) 
fstat res=0 
read fd=11(<f>/var/www/html/.htaccess) size=4096 
read res=234 data=# BEGIN WordPress.<IfModule mod_rewrite.c>.RewriteEngine On.RewriteBase /.Rewrit 
read fd=11(<f>/var/www/html/.htaccess) size=4096 
read res=0 data= 
close fd=11(<f>/var/www/html/.htaccess) 
close res=0 
mmap addr=0 length=8192 prot=3(PROT_READ|PROT_WRITE) flags=10(MAP_PRIVATE|MAP_ANONYMOUS) fd=-1(EPERM) offset=0 
mmap res=7EFF139F5000 vm_size=383168 vm_rss=9012 vm_swap=0 
open 
open fd=-2(ENOENT) name=/var/www/html/wp-content/.htaccess flags=4097(O_RDONLY|O_CLOEXEC) mode=0 dev=0 
open 
open fd=-2(ENOENT) name=/var/www/html/wp-content/plugins/.htaccess flags=4097(O_RDONLY|O_CLOEXEC) mode=0 dev=0 
open 
open fd=-2(ENOENT) name=/var/www/html/wp-content/plugins/invoicing/.htaccess flags=4097(O_RDONLY|O_CLOEXEC) mode=0 dev=0 
open 
open fd=-2(ENOENT) name=/var/www/html/wp-content/plugins/invoicing/vendor/.htaccess flags=4097(O_RDONLY|O_CLOEXEC) mode=0 dev=0 
open 
open fd=-2(ENOENT) name=/var/www/html/wp-content/plugins/invoicing/vendor/ayecode/.htaccess flags=4097(O_RDONLY|O_CLOEXEC) mode=0 dev=0 
open 
open fd=-2(ENOENT) name=/var/www/html/wp-content/plugins/invoicing/vendor/ayecode/wp-ayecode-ui/.htaccess flags=4097(O_RDONLY|O_CLOEXEC) mode=0 dev=0 
open 
open fd=-2(ENOENT) name=/var/www/html/wp-content/plugins/invoicing/vendor/ayecode/wp-ayecode-ui/assets/.htaccess flags=4097(O_RDONLY|O_CLOEXEC) mode=0 dev=0 
open 
open fd=-2(ENOENT) name=/var/www/html/wp-content/plugins/invoicing/vendor/ayecode/wp-ayecode-ui/assets/js/.htaccess flags=4097(O_RDONLY|O_CLOEXEC) mode=0 dev=0 
open 
open fd=-20(ENOTDIR) name=/var/www/html/wp-content/plugins/invoicing/vendor/ayecode/wp-ayecode-ui/assets/js/bootstrap.bundle.min.js/.htaccess flags=4097(O_RDONLY|O_CLOEXEC) mode=0 dev=0 
stat 
stat res=0 path=/var/www/html/wp-content/plugins/invoicing/vendor/ayecode/wp-ayecode-ui/assets/js/bootstrap.bundle.min.js 
open 
open fd=11(<f>/var/www/html/wp-content/plugins/invoicing/vendor/ayecode/wp-ayecode-ui/assets/js/bootstrap.bundle.min.js) name=/var/www/html/wp-content/plugins/invoicing/vendor/ayecode/wp-ayecode-ui/assets/js/bootstrap.bundle.min.js flags=4097(O_RDONLY|O_CLOEXEC) mode=0 dev=34 
mmap addr=0 length=136289 prot=1(PROT_READ) flags=1(MAP_SHARED) fd=11(<f>/var/www/html/wp-content/plugins/invoicing/vendor/ayecode/wp-ayecode-ui/assets/js/bootstrap.bundle.min.js) offset=0 
mmap res=7EFF13989000 vm_size=383304 vm_rss=9012 vm_swap=0 
mmap addr=0 length=8192 prot=3(PROT_READ|PROT_WRITE) flags=10(MAP_PRIVATE|MAP_ANONYMOUS) fd=-1(EPERM) offset=0 
mmap res=7EFF13987000 vm_size=383312 vm_rss=9012 vm_swap=0 
brk addr=55EDDED31000 
brk res=55EDDED31000 vm_size=383468 vm_rss=9012 vm_swap=0 
brk addr=55EDDED61000 
brk res=55EDDED61000 vm_size=383660 vm_rss=10044 vm_swap=0 
munmap addr=7EFF13989000 length=136289 
munmap res=0 vm_size=383524 vm_rss=10388 vm_swap=0 
mmap addr=0 length=8192 prot=3(PROT_READ|PROT_WRITE) flags=10(MAP_PRIVATE|MAP_ANONYMOUS) fd=-1(EPERM) offset=0 
mmap res=7EFF139A9000 vm_size=383532 vm_rss=10388 vm_swap=0 
mmap addr=0 length=8192 prot=3(PROT_READ|PROT_WRITE) flags=10(MAP_PRIVATE|MAP_ANONYMOUS) fd=-1(EPERM) offset=0 
mmap res=7EFF139A7000 vm_size=383540 vm_rss=10388 vm_swap=0 
mmap addr=0 length=8192 prot=3(PROT_READ|PROT_WRITE) flags=10(MAP_PRIVATE|MAP_ANONYMOUS) fd=-1(EPERM) offset=0 
mmap res=7EFF139A5000 vm_size=383548 vm_rss=10388 vm_swap=0 
mmap addr=0 length=8192 prot=3(PROT_READ|PROT_WRITE) flags=10(MAP_PRIVATE|MAP_ANONYMOUS) fd=-1(EPERM) offset=0 
mmap res=7EFF139A3000 vm_size=383556 vm_rss=10388 vm_swap=0 
brk addr=55EDDED31000 
brk res=55EDDED31000 vm_size=383364 vm_rss=10288 vm_swap=0 
mmap addr=0 length=8192 prot=3(PROT_READ|PROT_WRITE) flags=10(MAP_PRIVATE|MAP_ANONYMOUS) fd=-1(EPERM) offset=0 
mmap res=7EFF139A1000 vm_size=383372 vm_rss=10288 vm_swap=0 
mmap addr=0 length=8192 prot=3(PROT_READ|PROT_WRITE) flags=10(MAP_PRIVATE|MAP_ANONYMOUS) fd=-1(EPERM) offset=0 
mmap res=7EFF1399F000 vm_size=383380 vm_rss=10288 vm_swap=0 
writev fd=10(<4t>172.18.0.1:56566->172.18.0.3:80) size=30359 
writev res=30359 data=HTTP/1.1 200 OK..Date: Thu, 10 Aug 2023 02:04:42 GMT..Server: Apache/2.4.25 (Deb 
write fd=7(<p>pipe:[2318106]) size=268 
write res=268 data=172.18.0.1 - - [10/Aug/2023:02:04:42 +0000] "GET /wp-content/plugins/invoicing/v 
times 
times 
close fd=11(<f>/var/www/html/wp-content/plugins/invoicing/vendor/ayecode/wp-ayecode-ui/assets/js/bootstrap.bundle.min.js) 
close res=0 
read fd=10(<4t>172.18.0.1:56566->172.18.0.3:80) size=8000 
read res=-11(EAGAIN) data= 
poll fds=10:41 timeout=5000 
poll res=1 fds=10:41 
read fd=10(<4t>172.18.0.1:56566->172.18.0.3:80) size=8000 
read res=801 data=GET /wp-includes/js/jquery/ui/mouse.min.js?ver=1.11.4 HTTP/1.1..Host: localhost: 
stat 
stat res=0 path=/var/www/html/wp-includes/js/jquery/ui/mouse.min.js 
open 
open fd=-2(ENOENT) name=/var/www/.htaccess flags=4097(O_RDONLY|O_CLOEXEC) mode=0 dev=0 
open 
open fd=11(<f>/var/www/html/.htaccess) name=/var/www/html/.htaccess flags=4097(O_RDONLY|O_CLOEXEC) mode=0 dev=34 
fstat fd=11(<f>/var/www/html/.htaccess) 
fstat res=0 
read fd=11(<f>/var/www/html/.htaccess) size=4096 
read res=234 data=# BEGIN WordPress.<IfModule mod_rewrite.c>.RewriteEngine On.RewriteBase /.Rewrit 
read fd=11(<f>/var/www/html/.htaccess) size=4096 
read res=0 data= 
close fd=11(<f>/var/www/html/.htaccess) 
close res=0 
open 
open fd=-2(ENOENT) name=/var/www/html/wp-includes/.htaccess flags=4097(O_RDONLY|O_CLOEXEC) mode=0 dev=0 
open 
open fd=-2(ENOENT) name=/var/www/html/wp-includes/js/.htaccess flags=4097(O_RDONLY|O_CLOEXEC) mode=0 dev=0 
open 
open fd=-2(ENOENT) name=/var/www/html/wp-includes/js/jquery/.htaccess flags=4097(O_RDONLY|O_CLOEXEC) mode=0 dev=0 
open 
open fd=-2(ENOENT) name=/var/www/html/wp-includes/js/jquery/ui/.htaccess flags=4097(O_RDONLY|O_CLOEXEC) mode=0 dev=0 
open 
open fd=-20(ENOTDIR) name=/var/www/html/wp-includes/js/jquery/ui/mouse.min.js/.htaccess flags=4097(O_RDONLY|O_CLOEXEC) mode=0 dev=0 
stat 
stat res=0 path=/var/www/html/wp-includes/js/jquery/ui/mouse.min.js 
open 
open fd=11(<f>/var/www/html/wp-includes/js/jquery/ui/mouse.min.js) name=/var/www/html/wp-includes/js/jquery/ui/mouse.min.js flags=4097(O_RDONLY|O_CLOEXEC) mode=0 dev=34 
mmap addr=0 length=3148 prot=1(PROT_READ) flags=1(MAP_SHARED) fd=11(<f>/var/www/html/wp-includes/js/jquery/ui/mouse.min.js) offset=0 
mmap res=7EFF139F4000 vm_size=383384 vm_rss=10288 vm_swap=0 
brk addr=55EDDED61000 
brk res=55EDDED61000 vm_size=383576 vm_rss=10288 vm_swap=0 
munmap addr=7EFF139F4000 length=3148 
munmap res=0 vm_size=383572 vm_rss=10412 vm_swap=0 
brk addr=55EDDED31000 
brk res=55EDDED31000 vm_size=383380 vm_rss=10328 vm_swap=0 
read fd=10(<4t>172.18.0.1:56566->172.18.0.3:80) size=8000 
read res=-11(EAGAIN) data= 
writev fd=10(<4t>172.18.0.1:56566->172.18.0.3:80) size=1371 
writev res=1371 data=HTTP/1.1 200 OK..Date: Thu, 10 Aug 2023 02:04:42 GMT..Server: Apache/2.4.25 (Deb 
write fd=7(<p>pipe:[2318106]) size=214 
write res=214 data=172.18.0.1 - - [10/Aug/2023:02:04:42 +0000] "GET /wp-includes/js/jquery/ui/mouse 
times 
times 
close fd=11(<f>/var/www/html/wp-includes/js/jquery/ui/mouse.min.js) 
close res=0 
poll fds=10:41 timeout=5000 
poll res=1 fds=10:41 
read fd=10(<4t>172.18.0.1:56566->172.18.0.3:80) size=8000 
read res=825 data=GET /wp-content/themes/twentyseventeen/assets/js/jquery.scrollTo.js?ver=2.1.2 HT 
stat 
stat res=0 path=/var/www/html/wp-content/themes/twentyseventeen/assets/js/jquery.scrollTo.js 
open 
open fd=-2(ENOENT) name=/var/www/.htaccess flags=4097(O_RDONLY|O_CLOEXEC) mode=0 dev=0 
open 
open fd=11(<f>/var/www/html/.htaccess) name=/var/www/html/.htaccess flags=4097(O_RDONLY|O_CLOEXEC) mode=0 dev=34 
fstat fd=11(<f>/var/www/html/.htaccess) 
fstat res=0 
read fd=11(<f>/var/www/html/.htaccess) size=4096 
read res=234 data=# BEGIN WordPress.<IfModule mod_rewrite.c>.RewriteEngine On.RewriteBase /.Rewrit 
read fd=11(<f>/var/www/html/.htaccess) size=4096 
read res=0 data= 
close fd=11(<f>/var/www/html/.htaccess) 
close res=0 
open 
open fd=-2(ENOENT) name=/var/www/html/wp-content/.htaccess flags=4097(O_RDONLY|O_CLOEXEC) mode=0 dev=0 
open 
open fd=-2(ENOENT) name=/var/www/html/wp-content/themes/.htaccess flags=4097(O_RDONLY|O_CLOEXEC) mode=0 dev=0 
open 
open fd=-2(ENOENT) name=/var/www/html/wp-content/themes/twentyseventeen/.htaccess flags=4097(O_RDONLY|O_CLOEXEC) mode=0 dev=0 
open 
open fd=-2(ENOENT) name=/var/www/html/wp-content/themes/twentyseventeen/assets/.htaccess flags=4097(O_RDONLY|O_CLOEXEC) mode=0 dev=0 
open 
open fd=-2(ENOENT) name=/var/www/html/wp-content/themes/twentyseventeen/assets/js/.htaccess flags=4097(O_RDONLY|O_CLOEXEC) mode=0 dev=0 
open 
open fd=-20(ENOTDIR) name=/var/www/html/wp-content/themes/twentyseventeen/assets/js/jquery.scrollTo.js/.htaccess flags=4097(O_RDONLY|O_CLOEXEC) mode=0 dev=0 
stat 
stat res=0 path=/var/www/html/wp-content/themes/twentyseventeen/assets/js/jquery.scrollTo.js 
open 
open fd=11(<f>/var/www/html/wp-content/themes/twentyseventeen/assets/js/jquery.scrollTo.js) name=/var/www/html/wp-content/themes/twentyseventeen/assets/js/jquery.scrollTo.js flags=4097(O_RDONLY|O_CLOEXEC) mode=0 dev=34 
mmap addr=0 length=5836 prot=1(PROT_READ) flags=1(MAP_SHARED) fd=11(<f>/var/www/html/wp-content/themes/twentyseventeen/assets/js/jquery.scrollTo.js) offset=0 
mmap res=7EFF1399D000 vm_size=383388 vm_rss=10328 vm_swap=0 
brk addr=55EDDED61000 
brk res=55EDDED61000 vm_size=383580 vm_rss=10328 vm_swap=0 
munmap addr=7EFF1399D000 length=5836 
munmap res=0 vm_size=383572 vm_rss=10412 vm_swap=0 
brk addr=55EDDED31000 
brk res=55EDDED31000 vm_size=383380 vm_rss=10328 vm_swap=0 
read fd=10(<4t>172.18.0.1:56566->172.18.0.3:80) size=8000 
read res=-11(EAGAIN) data= 
writev fd=10(<4t>172.18.0.1:56566->172.18.0.3:80) size=2760 
writev res=2760 data=HTTP/1.1 200 OK..Date: Thu, 10 Aug 2023 02:04:42 GMT..Server: Apache/2.4.25 (Deb 
write fd=7(<p>pipe:[2318106]) size=238 
write res=238 data=172.18.0.1 - - [10/Aug/2023:02:04:42 +0000] "GET /wp-content/themes/twentysevent 
times 
times 
close fd=11(<f>/var/www/html/wp-content/themes/twentyseventeen/assets/js/jquery.scrollTo.js) 
close res=0 
poll fds=10:41 timeout=5000 
clone res=0 exe=apache2 args=-DFOREGROUND. tid=840581(apache2) pid=840581(apache2) ptid=839845(apache2) cwd= fdlimit=1048576 pgft_maj=0 pgft_min=1 vm_size=383104 vm_rss=7640 vm_swap=0 comm=apache2 cgroups=cpuset=/system.slice/docker-4d81cb26c66231747b04db742cd4f8fff01cc68354eaa9325... flags=562036736(CLONE_CHILD_CLEARTID|CLONE_CHILD_SETTID) uid=0 gid=0 vtid=74 vpid=74 
set_robust_list 
set_robust_list 
rt_sigaction 
rt_sigaction 
rt_sigaction 
rt_sigaction 
rt_sigaction 
rt_sigaction 
getpid 
getpid 
getpid 
getpid 
mmap addr=0 length=8192 prot=3(PROT_READ|PROT_WRITE) flags=10(MAP_PRIVATE|MAP_ANONYMOUS) fd=-1(EPERM) offset=0 
mmap res=7EFF13A03000 vm_size=383112 vm_rss=7640 vm_swap=0 
mmap addr=0 length=8192 prot=3(PROT_READ|PROT_WRITE) flags=10(MAP_PRIVATE|MAP_ANONYMOUS) fd=-1(EPERM) offset=0 
mmap res=7EFF13A01000 vm_size=383120 vm_rss=7640 vm_swap=0 
geteuid 
geteuid euid=0(root) 
setgid gid=33(www-data) 
setgid res=0 
open 
open fd=9(<f>/proc/sys/kernel/ngroups_max) name=/proc/sys/kernel/ngroups_max flags=1(O_RDONLY) mode=0 dev=63 
read fd=9(<f>/proc/sys/kernel/ngroups_max) size=31 
read res=6 data=65536. 
close fd=9(<f>/proc/sys/kernel/ngroups_max) 
close res=0 
open 
open fd=9(<f>/etc/group) name=/etc/group flags=4097(O_RDONLY|O_CLOEXEC) mode=0 dev=61 
lseek fd=9(<f>/etc/group) offset=0 whence=1(SEEK_CUR) 
lseek res=0 
fstat fd=9(<f>/etc/group) 
fstat res=0 
mmap addr=0 length=446 prot=1(PROT_READ) flags=1(MAP_SHARED) fd=9(<f>/etc/group) offset=0 
mmap res=7EFF13A00000 vm_size=383124 vm_rss=7640 vm_swap=0 
lseek fd=9(<f>/etc/group) offset=446 whence=0(SEEK_SET) 
lseek res=446 
fstat fd=9(<f>/etc/group) 
fstat res=0 
munmap addr=7EFF13A00000 length=446 
munmap res=0 vm_size=383120 vm_rss=9048 vm_swap=0 
close fd=9(<f>/etc/group) 
close res=0 
setgroups 
setgroups 
geteuid 
geteuid euid=0(root) 
setuid uid=33(www-data) 
setuid res=0 
getpid 
getpid 
rt_sigaction 
rt_sigaction 
rt_sigaction 
rt_sigaction 
rt_sigaction 
rt_sigaction 
rt_sigaction 
rt_sigaction 
rt_sigaction 
rt_sigaction 
rt_sigaction 
rt_sigaction 
rt_sigaction 
rt_sigaction 
rt_sigaction 
rt_sigaction 
rt_sigaction 
rt_sigaction 
rt_sigaction 
rt_sigaction 
rt_sigaction 
rt_sigaction 
rt_sigaction 
rt_sigaction 
rt_sigaction 
rt_sigaction 
rt_sigaction 
rt_sigaction 
rt_sigaction 
rt_sigaction 
rt_sigaction 
rt_sigaction 
rt_sigaction 
rt_sigaction 
rt_sigaction 
rt_sigaction 
rt_sigaction 
rt_sigaction 
rt_sigaction 
rt_sigaction 
rt_sigaction 
rt_sigaction 
rt_sigaction 
rt_sigaction 
rt_sigaction 
rt_sigaction 
rt_sigaction 
rt_sigaction 
rt_sigaction 
rt_sigaction 
rt_sigaction 
rt_sigaction 
rt_sigaction 
rt_sigaction 
rt_sigaction 
rt_sigaction 
rt_sigaction 
rt_sigaction 
rt_sigaction 
rt_sigaction 
rt_sigaction 
rt_sigaction 
rt_sigaction 
rt_sigaction 
rt_sigaction 
rt_sigaction 
rt_sigaction 
rt_sigaction 
rt_sigaction 
rt_sigaction 
rt_sigaction 
rt_sigaction 
rt_sigaction 
rt_sigaction 
rt_sigaction 
rt_sigaction 
rt_sigaction 
rt_sigaction 
rt_sigaction 
rt_sigaction 
rt_sigaction 
rt_sigaction 
rt_sigaction 
rt_sigaction 
rt_sigaction 
rt_sigaction 
rt_sigaction 
rt_sigaction 
rt_sigaction 
rt_sigaction 
rt_sigaction 
rt_sigaction 
rt_sigaction 
rt_sigaction 
rt_sigaction 
rt_sigaction 
rt_sigaction 
rt_sigaction 
rt_sigaction 
rt_sigaction 
rt_sigaction 
rt_sigaction 
rt_sigaction 
rt_sigaction 
rt_sigaction 
rt_sigaction 
rt_sigaction 
rt_sigaction 
rt_sigaction 
rt_sigaction 
rt_sigaction 
rt_sigaction 
rt_sigaction 
rt_sigaction 
rt_sigaction 
rt_sigaction 
rt_sigaction 
rt_sigaction 
rt_sigaction 
rt_sigaction 
rt_sigaction 
rt_sigaction 
rt_sigaction 
rt_sigaction 
mmap addr=0 length=8192 prot=3(PROT_READ|PROT_WRITE) flags=10(MAP_PRIVATE|MAP_ANONYMOUS) fd=-1(EPERM) offset=0 
mmap res=7EFF139FF000 vm_size=383128 vm_rss=9048 vm_swap=0 
getpid 
getpid 
epoll_create1 
epoll_create1 
epoll_ctl 
epoll_ctl 
mmap addr=0 length=8192 prot=3(PROT_READ|PROT_WRITE) flags=10(MAP_PRIVATE|MAP_ANONYMOUS) fd=-1(EPERM) offset=0 
mmap res=7EFF139FD000 vm_size=383136 vm_rss=9048 vm_swap=0 
accept flags=0 
clone res=0 exe=apache2 args=-DFOREGROUND. tid=840582(apache2) pid=840582(apache2) ptid=839845(apache2) cwd= fdlimit=1048576 pgft_maj=0 pgft_min=1 vm_size=383104 vm_rss=7640 vm_swap=0 comm=apache2 cgroups=cpuset=/system.slice/docker-4d81cb26c66231747b04db742cd4f8fff01cc68354eaa9325... flags=562036736(CLONE_CHILD_CLEARTID|CLONE_CHILD_SETTID) uid=0 gid=0 vtid=75 vpid=75 
set_robust_list 
set_robust_list 
rt_sigaction 
rt_sigaction 
rt_sigaction 
rt_sigaction 
rt_sigaction 
rt_sigaction 
getpid 
getpid 
getpid 
getpid 
mmap addr=0 length=8192 prot=3(PROT_READ|PROT_WRITE) flags=10(MAP_PRIVATE|MAP_ANONYMOUS) fd=-1(EPERM) offset=0 
mmap res=7EFF13A03000 vm_size=383112 vm_rss=7640 vm_swap=0 
mmap addr=0 length=8192 prot=3(PROT_READ|PROT_WRITE) flags=10(MAP_PRIVATE|MAP_ANONYMOUS) fd=-1(EPERM) offset=0 
mmap res=7EFF13A01000 vm_size=383120 vm_rss=7640 vm_swap=0 
geteuid 
geteuid euid=0(root) 
setgid gid=33(www-data) 
setgid res=0 
open 
open fd=9(<f>/proc/sys/kernel/ngroups_max) name=/proc/sys/kernel/ngroups_max flags=1(O_RDONLY) mode=0 dev=63 
read fd=9(<f>/proc/sys/kernel/ngroups_max) size=31 
read res=6 data=65536. 
close fd=9(<f>/proc/sys/kernel/ngroups_max) 
close res=0 
open 
open fd=9(<f>/etc/group) name=/etc/group flags=4097(O_RDONLY|O_CLOEXEC) mode=0 dev=61 
lseek fd=9(<f>/etc/group) offset=0 whence=1(SEEK_CUR) 
lseek res=0 
fstat fd=9(<f>/etc/group) 
fstat res=0 
mmap addr=0 length=446 prot=1(PROT_READ) flags=1(MAP_SHARED) fd=9(<f>/etc/group) offset=0 
mmap res=7EFF13A00000 vm_size=383124 vm_rss=7640 vm_swap=0 
lseek fd=9(<f>/etc/group) offset=446 whence=0(SEEK_SET) 
lseek res=446 
fstat fd=9(<f>/etc/group) 
fstat res=0 
munmap addr=7EFF13A00000 length=446 
munmap res=0 vm_size=383120 vm_rss=9048 vm_swap=0 
close fd=9(<f>/etc/group) 
close res=0 
setgroups 
setgroups 
geteuid 
geteuid euid=0(root) 
setuid uid=33(www-data) 
setuid res=0 
getpid 
getpid 
rt_sigaction 
rt_sigaction 
rt_sigaction 
rt_sigaction 
rt_sigaction 
rt_sigaction 
rt_sigaction 
rt_sigaction 
rt_sigaction 
rt_sigaction 
rt_sigaction 
rt_sigaction 
rt_sigaction 
rt_sigaction 
rt_sigaction 
rt_sigaction 
rt_sigaction 
rt_sigaction 
rt_sigaction 
rt_sigaction 
rt_sigaction 
rt_sigaction 
rt_sigaction 
rt_sigaction 
rt_sigaction 
rt_sigaction 
rt_sigaction 
rt_sigaction 
rt_sigaction 
rt_sigaction 
rt_sigaction 
rt_sigaction 
rt_sigaction 
rt_sigaction 
rt_sigaction 
rt_sigaction 
rt_sigaction 
rt_sigaction 
rt_sigaction 
rt_sigaction 
rt_sigaction 
rt_sigaction 
rt_sigaction 
rt_sigaction 
rt_sigaction 
rt_sigaction 
rt_sigaction 
rt_sigaction 
rt_sigaction 
rt_sigaction 
rt_sigaction 
rt_sigaction 
rt_sigaction 
rt_sigaction 
rt_sigaction 
rt_sigaction 
rt_sigaction 
rt_sigaction 
rt_sigaction 
rt_sigaction 
rt_sigaction 
rt_sigaction 
rt_sigaction 
rt_sigaction 
rt_sigaction 
rt_sigaction 
rt_sigaction 
rt_sigaction 
rt_sigaction 
rt_sigaction 
rt_sigaction 
rt_sigaction 
rt_sigaction 
rt_sigaction 
rt_sigaction 
rt_sigaction 
rt_sigaction 
rt_sigaction 
rt_sigaction 
rt_sigaction 
rt_sigaction 
rt_sigaction 
rt_sigaction 
rt_sigaction 
rt_sigaction 
rt_sigaction 
rt_sigaction 
rt_sigaction 
rt_sigaction 
rt_sigaction 
rt_sigaction 
rt_sigaction 
rt_sigaction 
rt_sigaction 
rt_sigaction 
rt_sigaction 
rt_sigaction 
rt_sigaction 
rt_sigaction 
rt_sigaction 
rt_sigaction 
rt_sigaction 
rt_sigaction 
rt_sigaction 
rt_sigaction 
rt_sigaction 
rt_sigaction 
rt_sigaction 
rt_sigaction 
rt_sigaction 
rt_sigaction 
rt_sigaction 
rt_sigaction 
rt_sigaction 
rt_sigaction 
rt_sigaction 
rt_sigaction 
rt_sigaction 
rt_sigaction 
rt_sigaction 
rt_sigaction 
rt_sigaction 
rt_sigaction 
rt_sigaction 
mmap addr=0 length=8192 prot=3(PROT_READ|PROT_WRITE) flags=10(MAP_PRIVATE|MAP_ANONYMOUS) fd=-1(EPERM) offset=0 
mmap res=7EFF139FF000 vm_size=383128 vm_rss=9048 vm_swap=0 
getpid 
getpid 
epoll_create1 
epoll_create1 
epoll_ctl 
epoll_ctl 
mmap addr=0 length=8192 prot=3(PROT_READ|PROT_WRITE) flags=10(MAP_PRIVATE|MAP_ANONYMOUS) fd=-1(EPERM) offset=0 
mmap res=7EFF139FD000 vm_size=383136 vm_rss=9048 vm_swap=0 
accept flags=0 
clone res=0 exe=apache2 args=-DFOREGROUND. tid=840583(apache2) pid=840583(apache2) ptid=839845(apache2) cwd= fdlimit=1048576 pgft_maj=0 pgft_min=1 vm_size=383104 vm_rss=7640 vm_swap=0 comm=apache2 cgroups=cpuset=/system.slice/docker-4d81cb26c66231747b04db742cd4f8fff01cc68354eaa9325... flags=562036736(CLONE_CHILD_CLEARTID|CLONE_CHILD_SETTID) uid=0 gid=0 vtid=76 vpid=76 
set_robust_list 
set_robust_list 
rt_sigaction 
rt_sigaction 
rt_sigaction 
rt_sigaction 
rt_sigaction 
rt_sigaction 
getpid 
getpid 
getpid 
getpid 
mmap addr=0 length=8192 prot=3(PROT_READ|PROT_WRITE) flags=10(MAP_PRIVATE|MAP_ANONYMOUS) fd=-1(EPERM) offset=0 
mmap res=7EFF13A03000 vm_size=383112 vm_rss=7640 vm_swap=0 
mmap addr=0 length=8192 prot=3(PROT_READ|PROT_WRITE) flags=10(MAP_PRIVATE|MAP_ANONYMOUS) fd=-1(EPERM) offset=0 
mmap res=7EFF13A01000 vm_size=383120 vm_rss=7640 vm_swap=0 
geteuid 
geteuid euid=0(root) 
setgid gid=33(www-data) 
setgid res=0 
open 
open fd=9(<f>/proc/sys/kernel/ngroups_max) name=/proc/sys/kernel/ngroups_max flags=1(O_RDONLY) mode=0 dev=63 
read fd=9(<f>/proc/sys/kernel/ngroups_max) size=31 
read res=6 data=65536. 
close fd=9(<f>/proc/sys/kernel/ngroups_max) 
close res=0 
open 
open fd=9(<f>/etc/group) name=/etc/group flags=4097(O_RDONLY|O_CLOEXEC) mode=0 dev=61 
lseek fd=9(<f>/etc/group) offset=0 whence=1(SEEK_CUR) 
lseek res=0 
fstat fd=9(<f>/etc/group) 
fstat res=0 
mmap addr=0 length=446 prot=1(PROT_READ) flags=1(MAP_SHARED) fd=9(<f>/etc/group) offset=0 
mmap res=7EFF13A00000 vm_size=383124 vm_rss=7640 vm_swap=0 
lseek fd=9(<f>/etc/group) offset=446 whence=0(SEEK_SET) 
lseek res=446 
fstat fd=9(<f>/etc/group) 
fstat res=0 
munmap addr=7EFF13A00000 length=446 
munmap res=0 vm_size=383120 vm_rss=9048 vm_swap=0 
close fd=9(<f>/etc/group) 
close res=0 
setgroups 
setgroups 
geteuid 
geteuid euid=0(root) 
setuid uid=33(www-data) 
setuid res=0 
getpid 
getpid 
rt_sigaction 
rt_sigaction 
rt_sigaction 
rt_sigaction 
rt_sigaction 
rt_sigaction 
rt_sigaction 
rt_sigaction 
rt_sigaction 
rt_sigaction 
rt_sigaction 
rt_sigaction 
rt_sigaction 
rt_sigaction 
rt_sigaction 
rt_sigaction 
rt_sigaction 
rt_sigaction 
rt_sigaction 
rt_sigaction 
rt_sigaction 
rt_sigaction 
rt_sigaction 
rt_sigaction 
rt_sigaction 
rt_sigaction 
rt_sigaction 
rt_sigaction 
rt_sigaction 
rt_sigaction 
rt_sigaction 
rt_sigaction 
rt_sigaction 
rt_sigaction 
rt_sigaction 
rt_sigaction 
rt_sigaction 
rt_sigaction 
rt_sigaction 
rt_sigaction 
rt_sigaction 
rt_sigaction 
rt_sigaction 
rt_sigaction 
rt_sigaction 
rt_sigaction 
rt_sigaction 
rt_sigaction 
rt_sigaction 
rt_sigaction 
rt_sigaction 
rt_sigaction 
rt_sigaction 
rt_sigaction 
rt_sigaction 
rt_sigaction 
rt_sigaction 
rt_sigaction 
rt_sigaction 
rt_sigaction 
rt_sigaction 
rt_sigaction 
rt_sigaction 
rt_sigaction 
rt_sigaction 
rt_sigaction 
rt_sigaction 
rt_sigaction 
rt_sigaction 
rt_sigaction 
rt_sigaction 
rt_sigaction 
rt_sigaction 
rt_sigaction 
rt_sigaction 
rt_sigaction 
rt_sigaction 
rt_sigaction 
rt_sigaction 
rt_sigaction 
rt_sigaction 
rt_sigaction 
rt_sigaction 
rt_sigaction 
rt_sigaction 
rt_sigaction 
rt_sigaction 
rt_sigaction 
rt_sigaction 
rt_sigaction 
rt_sigaction 
rt_sigaction 
rt_sigaction 
rt_sigaction 
rt_sigaction 
rt_sigaction 
rt_sigaction 
rt_sigaction 
rt_sigaction 
rt_sigaction 
rt_sigaction 
rt_sigaction 
rt_sigaction 
rt_sigaction 
rt_sigaction 
rt_sigaction 
rt_sigaction 
rt_sigaction 
rt_sigaction 
rt_sigaction 
rt_sigaction 
rt_sigaction 
rt_sigaction 
rt_sigaction 
rt_sigaction 
rt_sigaction 
rt_sigaction 
rt_sigaction 
rt_sigaction 
rt_sigaction 
rt_sigaction 
rt_sigaction 
rt_sigaction 
rt_sigaction 
mmap addr=0 length=8192 prot=3(PROT_READ|PROT_WRITE) flags=10(MAP_PRIVATE|MAP_ANONYMOUS) fd=-1(EPERM) offset=0 
mmap res=7EFF139FF000 vm_size=383128 vm_rss=9048 vm_swap=0 
getpid 
getpid 
epoll_create1 
epoll_create1 
epoll_ctl 
epoll_ctl 
mmap addr=0 length=8192 prot=3(PROT_READ|PROT_WRITE) flags=10(MAP_PRIVATE|MAP_ANONYMOUS) fd=-1(EPERM) offset=0 
mmap res=7EFF139FD000 vm_size=383136 vm_rss=9048 vm_swap=0 
accept flags=0 
clone res=0 exe=apache2 args=-DFOREGROUND. tid=840589(apache2) pid=840589(apache2) ptid=839845(apache2) cwd= fdlimit=1048576 pgft_maj=0 pgft_min=1 vm_size=383104 vm_rss=7640 vm_swap=0 comm=apache2 cgroups=cpuset=/system.slice/docker-4d81cb26c66231747b04db742cd4f8fff01cc68354eaa9325... flags=562036736(CLONE_CHILD_CLEARTID|CLONE_CHILD_SETTID) uid=0 gid=0 vtid=77 vpid=77 
set_robust_list 
set_robust_list 
rt_sigaction 
rt_sigaction 
rt_sigaction 
rt_sigaction 
rt_sigaction 
rt_sigaction 
getpid 
getpid 
getpid 
getpid 
mmap addr=0 length=8192 prot=3(PROT_READ|PROT_WRITE) flags=10(MAP_PRIVATE|MAP_ANONYMOUS) fd=-1(EPERM) offset=0 
mmap res=7EFF13A03000 vm_size=383112 vm_rss=7640 vm_swap=0 
mmap addr=0 length=8192 prot=3(PROT_READ|PROT_WRITE) flags=10(MAP_PRIVATE|MAP_ANONYMOUS) fd=-1(EPERM) offset=0 
mmap res=7EFF13A01000 vm_size=383120 vm_rss=7640 vm_swap=0 
geteuid 
geteuid euid=0(root) 
setgid gid=33(www-data) 
setgid res=0 
open 
open fd=9(<f>/proc/sys/kernel/ngroups_max) name=/proc/sys/kernel/ngroups_max flags=1(O_RDONLY) mode=0 dev=63 
read fd=9(<f>/proc/sys/kernel/ngroups_max) size=31 
read res=6 data=65536. 
close fd=9(<f>/proc/sys/kernel/ngroups_max) 
close res=0 
open 
open fd=9(<f>/etc/group) name=/etc/group flags=4097(O_RDONLY|O_CLOEXEC) mode=0 dev=61 
lseek fd=9(<f>/etc/group) offset=0 whence=1(SEEK_CUR) 
lseek res=0 
fstat fd=9(<f>/etc/group) 
fstat res=0 
mmap addr=0 length=446 prot=1(PROT_READ) flags=1(MAP_SHARED) fd=9(<f>/etc/group) offset=0 
mmap res=7EFF13A00000 vm_size=383124 vm_rss=7640 vm_swap=0 
lseek fd=9(<f>/etc/group) offset=446 whence=0(SEEK_SET) 
lseek res=446 
fstat fd=9(<f>/etc/group) 
fstat res=0 
munmap addr=7EFF13A00000 length=446 
munmap res=0 vm_size=383120 vm_rss=9048 vm_swap=0 
close fd=9(<f>/etc/group) 
close res=0 
setgroups 
setgroups 
geteuid 
geteuid euid=0(root) 
setuid uid=33(www-data) 
setuid res=0 
getpid 
getpid 
rt_sigaction 
rt_sigaction 
rt_sigaction 
rt_sigaction 
rt_sigaction 
rt_sigaction 
rt_sigaction 
rt_sigaction 
rt_sigaction 
rt_sigaction 
rt_sigaction 
rt_sigaction 
rt_sigaction 
rt_sigaction 
rt_sigaction 
rt_sigaction 
rt_sigaction 
rt_sigaction 
rt_sigaction 
rt_sigaction 
rt_sigaction 
rt_sigaction 
rt_sigaction 
rt_sigaction 
rt_sigaction 
rt_sigaction 
rt_sigaction 
rt_sigaction 
rt_sigaction 
rt_sigaction 
rt_sigaction 
rt_sigaction 
rt_sigaction 
rt_sigaction 
rt_sigaction 
rt_sigaction 
rt_sigaction 
rt_sigaction 
rt_sigaction 
rt_sigaction 
rt_sigaction 
rt_sigaction 
rt_sigaction 
rt_sigaction 
rt_sigaction 
rt_sigaction 
rt_sigaction 
rt_sigaction 
rt_sigaction 
rt_sigaction 
rt_sigaction 
rt_sigaction 
rt_sigaction 
rt_sigaction 
rt_sigaction 
rt_sigaction 
rt_sigaction 
rt_sigaction 
rt_sigaction 
rt_sigaction 
rt_sigaction 
rt_sigaction 
rt_sigaction 
rt_sigaction 
rt_sigaction 
rt_sigaction 
rt_sigaction 
rt_sigaction 
rt_sigaction 
rt_sigaction 
rt_sigaction 
rt_sigaction 
rt_sigaction 
rt_sigaction 
rt_sigaction 
rt_sigaction 
rt_sigaction 
rt_sigaction 
rt_sigaction 
rt_sigaction 
rt_sigaction 
rt_sigaction 
rt_sigaction 
rt_sigaction 
rt_sigaction 
rt_sigaction 
rt_sigaction 
rt_sigaction 
rt_sigaction 
rt_sigaction 
rt_sigaction 
rt_sigaction 
rt_sigaction 
rt_sigaction 
rt_sigaction 
rt_sigaction 
rt_sigaction 
rt_sigaction 
rt_sigaction 
rt_sigaction 
rt_sigaction 
rt_sigaction 
rt_sigaction 
rt_sigaction 
rt_sigaction 
rt_sigaction 
rt_sigaction 
rt_sigaction 
rt_sigaction 
rt_sigaction 
rt_sigaction 
rt_sigaction 
rt_sigaction 
rt_sigaction 
rt_sigaction 
rt_sigaction 
rt_sigaction 
rt_sigaction 
rt_sigaction 
rt_sigaction 
rt_sigaction 
rt_sigaction 
rt_sigaction 
rt_sigaction 
mmap addr=0 length=8192 prot=3(PROT_READ|PROT_WRITE) flags=10(MAP_PRIVATE|MAP_ANONYMOUS) fd=-1(EPERM) offset=0 
mmap res=7EFF139FF000 vm_size=383128 vm_rss=9048 vm_swap=0 
getpid 
getpid 
epoll_create1 
epoll_create1 
epoll_ctl 
epoll_ctl 
mmap addr=0 length=8192 prot=3(PROT_READ|PROT_WRITE) flags=10(MAP_PRIVATE|MAP_ANONYMOUS) fd=-1(EPERM) offset=0 
mmap res=7EFF139FD000 vm_size=383136 vm_rss=9048 vm_swap=0 
accept flags=0 
clone res=0 exe=apache2 args=-DFOREGROUND. tid=840590(apache2) pid=840590(apache2) ptid=839845(apache2) cwd= fdlimit=1048576 pgft_maj=0 pgft_min=1 vm_size=383104 vm_rss=7640 vm_swap=0 comm=apache2 cgroups=cpuset=/system.slice/docker-4d81cb26c66231747b04db742cd4f8fff01cc68354eaa9325... flags=562036736(CLONE_CHILD_CLEARTID|CLONE_CHILD_SETTID) uid=0 gid=0 vtid=78 vpid=78 
set_robust_list 
set_robust_list 
rt_sigaction 
rt_sigaction 
rt_sigaction 
rt_sigaction 
rt_sigaction 
rt_sigaction 
getpid 
getpid 
getpid 
getpid 
mmap addr=0 length=8192 prot=3(PROT_READ|PROT_WRITE) flags=10(MAP_PRIVATE|MAP_ANONYMOUS) fd=-1(EPERM) offset=0 
mmap res=7EFF13A03000 vm_size=383112 vm_rss=7640 vm_swap=0 
mmap addr=0 length=8192 prot=3(PROT_READ|PROT_WRITE) flags=10(MAP_PRIVATE|MAP_ANONYMOUS) fd=-1(EPERM) offset=0 
mmap res=7EFF13A01000 vm_size=383120 vm_rss=7640 vm_swap=0 
geteuid 
geteuid euid=0(root) 
setgid gid=33(www-data) 
setgid res=0 
open 
open fd=9(<f>/proc/sys/kernel/ngroups_max) name=/proc/sys/kernel/ngroups_max flags=1(O_RDONLY) mode=0 dev=63 
read fd=9(<f>/proc/sys/kernel/ngroups_max) size=31 
read res=6 data=65536. 
close fd=9(<f>/proc/sys/kernel/ngroups_max) 
close res=0 
open 
open fd=9(<f>/etc/group) name=/etc/group flags=4097(O_RDONLY|O_CLOEXEC) mode=0 dev=61 
lseek fd=9(<f>/etc/group) offset=0 whence=1(SEEK_CUR) 
lseek res=0 
fstat fd=9(<f>/etc/group) 
fstat res=0 
mmap addr=0 length=446 prot=1(PROT_READ) flags=1(MAP_SHARED) fd=9(<f>/etc/group) offset=0 
mmap res=7EFF13A00000 vm_size=383124 vm_rss=7640 vm_swap=0 
lseek fd=9(<f>/etc/group) offset=446 whence=0(SEEK_SET) 
lseek res=446 
fstat fd=9(<f>/etc/group) 
fstat res=0 
munmap addr=7EFF13A00000 length=446 
munmap res=0 vm_size=383120 vm_rss=9048 vm_swap=0 
close fd=9(<f>/etc/group) 
close res=0 
setgroups 
setgroups 
geteuid 
geteuid euid=0(root) 
setuid uid=33(www-data) 
setuid res=0 
getpid 
getpid 
rt_sigaction 
rt_sigaction 
rt_sigaction 
rt_sigaction 
rt_sigaction 
rt_sigaction 
rt_sigaction 
rt_sigaction 
rt_sigaction 
rt_sigaction 
rt_sigaction 
rt_sigaction 
rt_sigaction 
rt_sigaction 
rt_sigaction 
rt_sigaction 
rt_sigaction 
rt_sigaction 
rt_sigaction 
rt_sigaction 
rt_sigaction 
rt_sigaction 
rt_sigaction 
rt_sigaction 
rt_sigaction 
rt_sigaction 
rt_sigaction 
rt_sigaction 
rt_sigaction 
rt_sigaction 
rt_sigaction 
rt_sigaction 
rt_sigaction 
rt_sigaction 
rt_sigaction 
rt_sigaction 
rt_sigaction 
rt_sigaction 
rt_sigaction 
rt_sigaction 
rt_sigaction 
rt_sigaction 
rt_sigaction 
rt_sigaction 
rt_sigaction 
rt_sigaction 
rt_sigaction 
rt_sigaction 
rt_sigaction 
rt_sigaction 
rt_sigaction 
rt_sigaction 
rt_sigaction 
rt_sigaction 
rt_sigaction 
rt_sigaction 
rt_sigaction 
rt_sigaction 
rt_sigaction 
rt_sigaction 
rt_sigaction 
rt_sigaction 
rt_sigaction 
rt_sigaction 
rt_sigaction 
rt_sigaction 
rt_sigaction 
rt_sigaction 
rt_sigaction 
rt_sigaction 
rt_sigaction 
rt_sigaction 
rt_sigaction 
rt_sigaction 
rt_sigaction 
rt_sigaction 
rt_sigaction 
rt_sigaction 
rt_sigaction 
rt_sigaction 
rt_sigaction 
rt_sigaction 
rt_sigaction 
rt_sigaction 
rt_sigaction 
rt_sigaction 
rt_sigaction 
rt_sigaction 
rt_sigaction 
rt_sigaction 
rt_sigaction 
rt_sigaction 
rt_sigaction 
rt_sigaction 
rt_sigaction 
rt_sigaction 
rt_sigaction 
rt_sigaction 
rt_sigaction 
rt_sigaction 
rt_sigaction 
rt_sigaction 
rt_sigaction 
rt_sigaction 
rt_sigaction 
rt_sigaction 
rt_sigaction 
rt_sigaction 
rt_sigaction 
rt_sigaction 
rt_sigaction 
rt_sigaction 
rt_sigaction 
rt_sigaction 
rt_sigaction 
rt_sigaction 
rt_sigaction 
rt_sigaction 
rt_sigaction 
rt_sigaction 
rt_sigaction 
rt_sigaction 
rt_sigaction 
rt_sigaction 
mmap addr=0 length=8192 prot=3(PROT_READ|PROT_WRITE) flags=10(MAP_PRIVATE|MAP_ANONYMOUS) fd=-1(EPERM) offset=0 
mmap res=7EFF139FF000 vm_size=383128 vm_rss=9048 vm_swap=0 
getpid 
getpid 
epoll_create1 
epoll_create1 
epoll_ctl 
epoll_ctl 
mmap addr=0 length=8192 prot=3(PROT_READ|PROT_WRITE) flags=10(MAP_PRIVATE|MAP_ANONYMOUS) fd=-1(EPERM) offset=0 
mmap res=7EFF139FD000 vm_size=383136 vm_rss=9048 vm_swap=0 
accept flags=0 
clone res=0 exe=apache2 args=-DFOREGROUND. tid=840591(apache2) pid=840591(apache2) ptid=839845(apache2) cwd= fdlimit=1048576 pgft_maj=0 pgft_min=1 vm_size=383104 vm_rss=7640 vm_swap=0 comm=apache2 cgroups=cpuset=/system.slice/docker-4d81cb26c66231747b04db742cd4f8fff01cc68354eaa9325... flags=562036736(CLONE_CHILD_CLEARTID|CLONE_CHILD_SETTID) uid=0 gid=0 vtid=79 vpid=79 
set_robust_list 
set_robust_list 
rt_sigaction 
rt_sigaction 
rt_sigaction 
rt_sigaction 
rt_sigaction 
rt_sigaction 
getpid 
getpid 
getpid 
getpid 
mmap addr=0 length=8192 prot=3(PROT_READ|PROT_WRITE) flags=10(MAP_PRIVATE|MAP_ANONYMOUS) fd=-1(EPERM) offset=0 
mmap res=7EFF13A03000 vm_size=383112 vm_rss=7640 vm_swap=0 
mmap addr=0 length=8192 prot=3(PROT_READ|PROT_WRITE) flags=10(MAP_PRIVATE|MAP_ANONYMOUS) fd=-1(EPERM) offset=0 
mmap res=7EFF13A01000 vm_size=383120 vm_rss=7640 vm_swap=0 
geteuid 
geteuid euid=0(root) 
setgid gid=33(www-data) 
setgid res=0 
open 
open fd=9(<f>/proc/sys/kernel/ngroups_max) name=/proc/sys/kernel/ngroups_max flags=1(O_RDONLY) mode=0 dev=63 
read fd=9(<f>/proc/sys/kernel/ngroups_max) size=31 
read res=6 data=65536. 
close fd=9(<f>/proc/sys/kernel/ngroups_max) 
close res=0 
open 
open fd=9(<f>/etc/group) name=/etc/group flags=4097(O_RDONLY|O_CLOEXEC) mode=0 dev=61 
lseek fd=9(<f>/etc/group) offset=0 whence=1(SEEK_CUR) 
lseek res=0 
fstat fd=9(<f>/etc/group) 
fstat res=0 
mmap addr=0 length=446 prot=1(PROT_READ) flags=1(MAP_SHARED) fd=9(<f>/etc/group) offset=0 
mmap res=7EFF13A00000 vm_size=383124 vm_rss=7640 vm_swap=0 
lseek fd=9(<f>/etc/group) offset=446 whence=0(SEEK_SET) 
lseek res=446 
fstat fd=9(<f>/etc/group) 
fstat res=0 
munmap addr=7EFF13A00000 length=446 
munmap res=0 vm_size=383120 vm_rss=9048 vm_swap=0 
close fd=9(<f>/etc/group) 
close res=0 
setgroups 
setgroups 
geteuid 
geteuid euid=0(root) 
setuid uid=33(www-data) 
setuid res=0 
getpid 
getpid 
rt_sigaction 
rt_sigaction 
rt_sigaction 
rt_sigaction 
rt_sigaction 
rt_sigaction 
rt_sigaction 
rt_sigaction 
rt_sigaction 
rt_sigaction 
rt_sigaction 
rt_sigaction 
rt_sigaction 
rt_sigaction 
rt_sigaction 
rt_sigaction 
rt_sigaction 
rt_sigaction 
rt_sigaction 
rt_sigaction 
rt_sigaction 
rt_sigaction 
rt_sigaction 
rt_sigaction 
rt_sigaction 
rt_sigaction 
rt_sigaction 
rt_sigaction 
rt_sigaction 
rt_sigaction 
rt_sigaction 
rt_sigaction 
rt_sigaction 
rt_sigaction 
rt_sigaction 
rt_sigaction 
rt_sigaction 
rt_sigaction 
rt_sigaction 
rt_sigaction 
rt_sigaction 
rt_sigaction 
rt_sigaction 
rt_sigaction 
rt_sigaction 
rt_sigaction 
rt_sigaction 
rt_sigaction 
rt_sigaction 
rt_sigaction 
rt_sigaction 
rt_sigaction 
rt_sigaction 
rt_sigaction 
rt_sigaction 
rt_sigaction 
rt_sigaction 
rt_sigaction 
rt_sigaction 
rt_sigaction 
rt_sigaction 
rt_sigaction 
rt_sigaction 
rt_sigaction 
rt_sigaction 
rt_sigaction 
rt_sigaction 
rt_sigaction 
rt_sigaction 
rt_sigaction 
rt_sigaction 
rt_sigaction 
rt_sigaction 
rt_sigaction 
rt_sigaction 
rt_sigaction 
rt_sigaction 
rt_sigaction 
rt_sigaction 
rt_sigaction 
rt_sigaction 
rt_sigaction 
rt_sigaction 
rt_sigaction 
rt_sigaction 
rt_sigaction 
rt_sigaction 
rt_sigaction 
rt_sigaction 
rt_sigaction 
rt_sigaction 
rt_sigaction 
rt_sigaction 
rt_sigaction 
rt_sigaction 
rt_sigaction 
rt_sigaction 
rt_sigaction 
rt_sigaction 
rt_sigaction 
rt_sigaction 
rt_sigaction 
rt_sigaction 
rt_sigaction 
rt_sigaction 
rt_sigaction 
rt_sigaction 
rt_sigaction 
rt_sigaction 
rt_sigaction 
rt_sigaction 
rt_sigaction 
rt_sigaction 
rt_sigaction 
rt_sigaction 
rt_sigaction 
rt_sigaction 
rt_sigaction 
rt_sigaction 
rt_sigaction 
rt_sigaction 
rt_sigaction 
rt_sigaction 
rt_sigaction 
mmap addr=0 length=8192 prot=3(PROT_READ|PROT_WRITE) flags=10(MAP_PRIVATE|MAP_ANONYMOUS) fd=-1(EPERM) offset=0 
mmap res=7EFF139FF000 vm_size=383128 vm_rss=9048 vm_swap=0 
getpid 
getpid 
epoll_create1 
epoll_create1 
epoll_ctl 
epoll_ctl 
mmap addr=0 length=8192 prot=3(PROT_READ|PROT_WRITE) flags=10(MAP_PRIVATE|MAP_ANONYMOUS) fd=-1(EPERM) offset=0 
mmap res=7EFF139FD000 vm_size=383136 vm_rss=9048 vm_swap=0 
accept flags=0 
clone res=0 exe=apache2 args=-DFOREGROUND. tid=840592(apache2) pid=840592(apache2) ptid=839845(apache2) cwd= fdlimit=1048576 pgft_maj=0 pgft_min=1 vm_size=383104 vm_rss=7640 vm_swap=0 comm=apache2 cgroups=cpuset=/system.slice/docker-4d81cb26c66231747b04db742cd4f8fff01cc68354eaa9325... flags=562036736(CLONE_CHILD_CLEARTID|CLONE_CHILD_SETTID) uid=0 gid=0 vtid=80 vpid=80 
set_robust_list 
set_robust_list 
rt_sigaction 
rt_sigaction 
rt_sigaction 
rt_sigaction 
rt_sigaction 
rt_sigaction 
getpid 
getpid 
getpid 
getpid 
mmap addr=0 length=8192 prot=3(PROT_READ|PROT_WRITE) flags=10(MAP_PRIVATE|MAP_ANONYMOUS) fd=-1(EPERM) offset=0 
mmap res=7EFF13A03000 vm_size=383112 vm_rss=7640 vm_swap=0 
mmap addr=0 length=8192 prot=3(PROT_READ|PROT_WRITE) flags=10(MAP_PRIVATE|MAP_ANONYMOUS) fd=-1(EPERM) offset=0 
mmap res=7EFF13A01000 vm_size=383120 vm_rss=7640 vm_swap=0 
geteuid 
geteuid euid=0(root) 
setgid gid=33(www-data) 
setgid res=0 
open 
open fd=9(<f>/proc/sys/kernel/ngroups_max) name=/proc/sys/kernel/ngroups_max flags=1(O_RDONLY) mode=0 dev=63 
read fd=9(<f>/proc/sys/kernel/ngroups_max) size=31 
read res=6 data=65536. 
close fd=9(<f>/proc/sys/kernel/ngroups_max) 
close res=0 
open 
open fd=9(<f>/etc/group) name=/etc/group flags=4097(O_RDONLY|O_CLOEXEC) mode=0 dev=61 
lseek fd=9(<f>/etc/group) offset=0 whence=1(SEEK_CUR) 
lseek res=0 
fstat fd=9(<f>/etc/group) 
fstat res=0 
mmap addr=0 length=446 prot=1(PROT_READ) flags=1(MAP_SHARED) fd=9(<f>/etc/group) offset=0 
mmap res=7EFF13A00000 vm_size=383124 vm_rss=7640 vm_swap=0 
lseek fd=9(<f>/etc/group) offset=446 whence=0(SEEK_SET) 
lseek res=446 
fstat fd=9(<f>/etc/group) 
fstat res=0 
munmap addr=7EFF13A00000 length=446 
munmap res=0 vm_size=383120 vm_rss=9048 vm_swap=0 
close fd=9(<f>/etc/group) 
close res=0 
setgroups 
setgroups 
geteuid 
geteuid euid=0(root) 
setuid uid=33(www-data) 
setuid res=0 
getpid 
getpid 
rt_sigaction 
rt_sigaction 
rt_sigaction 
rt_sigaction 
rt_sigaction 
rt_sigaction 
rt_sigaction 
rt_sigaction 
rt_sigaction 
rt_sigaction 
rt_sigaction 
rt_sigaction 
rt_sigaction 
rt_sigaction 
rt_sigaction 
rt_sigaction 
rt_sigaction 
rt_sigaction 
rt_sigaction 
rt_sigaction 
rt_sigaction 
rt_sigaction 
rt_sigaction 
rt_sigaction 
rt_sigaction 
rt_sigaction 
rt_sigaction 
rt_sigaction 
rt_sigaction 
rt_sigaction 
rt_sigaction 
rt_sigaction 
rt_sigaction 
rt_sigaction 
rt_sigaction 
rt_sigaction 
rt_sigaction 
rt_sigaction 
rt_sigaction 
rt_sigaction 
rt_sigaction 
rt_sigaction 
rt_sigaction 
rt_sigaction 
rt_sigaction 
rt_sigaction 
rt_sigaction 
rt_sigaction 
rt_sigaction 
rt_sigaction 
rt_sigaction 
rt_sigaction 
rt_sigaction 
rt_sigaction 
rt_sigaction 
rt_sigaction 
rt_sigaction 
rt_sigaction 
rt_sigaction 
rt_sigaction 
rt_sigaction 
rt_sigaction 
rt_sigaction 
rt_sigaction 
rt_sigaction 
rt_sigaction 
rt_sigaction 
rt_sigaction 
rt_sigaction 
rt_sigaction 
rt_sigaction 
rt_sigaction 
rt_sigaction 
rt_sigaction 
rt_sigaction 
rt_sigaction 
rt_sigaction 
rt_sigaction 
rt_sigaction 
rt_sigaction 
rt_sigaction 
rt_sigaction 
rt_sigaction 
rt_sigaction 
rt_sigaction 
rt_sigaction 
rt_sigaction 
rt_sigaction 
rt_sigaction 
rt_sigaction 
rt_sigaction 
rt_sigaction 
rt_sigaction 
rt_sigaction 
rt_sigaction 
rt_sigaction 
rt_sigaction 
rt_sigaction 
rt_sigaction 
rt_sigaction 
rt_sigaction 
rt_sigaction 
rt_sigaction 
rt_sigaction 
rt_sigaction 
rt_sigaction 
rt_sigaction 
rt_sigaction 
rt_sigaction 
rt_sigaction 
rt_sigaction 
rt_sigaction 
rt_sigaction 
rt_sigaction 
rt_sigaction 
rt_sigaction 
rt_sigaction 
rt_sigaction 
rt_sigaction 
rt_sigaction 
rt_sigaction 
rt_sigaction 
rt_sigaction 
rt_sigaction 
mmap addr=0 length=8192 prot=3(PROT_READ|PROT_WRITE) flags=10(MAP_PRIVATE|MAP_ANONYMOUS) fd=-1(EPERM) offset=0 
mmap res=7EFF139FF000 vm_size=383128 vm_rss=9048 vm_swap=0 
getpid 
getpid 
epoll_create1 
epoll_create1 
epoll_ctl 
epoll_ctl 
mmap addr=0 length=8192 prot=3(PROT_READ|PROT_WRITE) flags=10(MAP_PRIVATE|MAP_ANONYMOUS) fd=-1(EPERM) offset=0 
mmap res=7EFF139FD000 vm_size=383136 vm_rss=9048 vm_swap=0 
accept flags=0 
poll res=0 fds= 
shutdown fd=10(<4t>172.18.0.1:56566->172.18.0.3:80) how=1(SHUT_WR) 
shutdown res=0 
poll fds=10:41 timeout=2000 
poll res=1 fds=10:421 
read fd=10(<4t>172.18.0.1:56566->172.18.0.3:80) size=512 
read res=0 data= 
close fd=10(<4t>172.18.0.1:56566->172.18.0.3:80) 
close res=0 
read fd=4(<p>pipe:[2320698]) size=1 
read res=-11(EAGAIN) data= 
accept flags=0 
accept fd=10(<4t>127.0.0.1:52526->127.0.0.1:80) tuple=127.0.0.1:52526->127.0.0.1:80 queuepct=0 queuelen=0 queuemax=511 
getsockname 
getsockname 
fcntl fd=10(<4t>127.0.0.1:52526->127.0.0.1:80) cmd=4(F_GETFL) 
fcntl res=2(<p>pipe:[2318107]) 
fcntl fd=10(<4t>127.0.0.1:52526->127.0.0.1:80) cmd=5(F_SETFL) 
fcntl res=0(<f>/dev/null) 
mmap addr=0 length=8192 prot=3(PROT_READ|PROT_WRITE) flags=10(MAP_PRIVATE|MAP_ANONYMOUS) fd=-1(EPERM) offset=0 
mmap res=7EFF139FB000 vm_size=383144 vm_rss=9048 vm_swap=0 
mmap addr=0 length=8192 prot=3(PROT_READ|PROT_WRITE) flags=10(MAP_PRIVATE|MAP_ANONYMOUS) fd=-1(EPERM) offset=0 
mmap res=7EFF139F9000 vm_size=383152 vm_rss=9048 vm_swap=0 
read fd=10(<4t>127.0.0.1:52526->127.0.0.1:80) size=8000 
read res=96 data=OPTIONS * HTTP/1.0..User-Agent: Apache/2.4.25 (Debian) PHP/7.2.1 (internal dummy 
mmap addr=0 length=8192 prot=3(PROT_READ|PROT_WRITE) flags=10(MAP_PRIVATE|MAP_ANONYMOUS) fd=-1(EPERM) offset=0 
mmap res=7EFF139F7000 vm_size=383160 vm_rss=9048 vm_swap=0 
mmap addr=0 length=8192 prot=3(PROT_READ|PROT_WRITE) flags=10(MAP_PRIVATE|MAP_ANONYMOUS) fd=-1(EPERM) offset=0 
mmap res=7EFF139F5000 vm_size=383168 vm_rss=9048 vm_swap=0 
writev fd=10(<4t>127.0.0.1:52526->127.0.0.1:80) size=126 
writev res=126 data=HTTP/1.1 200 OK..Date: Thu, 10 Aug 2023 02:04:48 GMT..Server: Apache/2.4.25 (Deb 
write fd=7(<p>pipe:[2318106]) size=139 
write res=139 data=127.0.0.1 - - [10/Aug/2023:02:04:48 +0000] "OPTIONS * HTTP/1.0" 200 126 "-" "Apa 
times 
times 
shutdown fd=10(<4t>127.0.0.1:52526->127.0.0.1:80) how=1(SHUT_WR) 
shutdown res=-107(ENOTCONN) 
close fd=10(<4t>127.0.0.1:52526->127.0.0.1:80) 
close res=0 
read fd=4(<p>pipe:[2320698]) size=1 
read res=1 data=! 
close fd=9 
close res=0 
munmap addr=7EFEFC65F000 length=134217728 
munmap res=0 vm_size=252096 vm_rss=11192 vm_swap=0 
close fd=8(<f>/tmp/.ZendSem.8oWd6k (deleted)) 
close res=0 
munmap addr=7EFF0465F000 length=2243784 
munmap res=0 vm_size=249904 vm_rss=11300 vm_swap=0 
munmap addr=7EFF04D21000 length=2517856 
munmap res=0 vm_size=247444 vm_rss=11320 vm_swap=0 
munmap addr=7EFF04AEE000 length=2301968 
munmap res=0 vm_size=245192 vm_rss=11292 vm_swap=0 
munmap addr=7EFF04883000 length=2531352 
munmap res=0 vm_size=242716 vm_rss=11264 vm_swap=0 
munmap addr=7EFF04F88000 length=2584984 
munmap res=0 vm_size=240188 vm_rss=12904 vm_swap=0 
munmap addr=7EFF139AB000 length=299008 
munmap res=0 vm_size=239896 vm_rss=12716 vm_swap=0 
munmap addr=7EFF05200000 length=2097152 
munmap res=0 vm_size=237848 vm_rss=10668 vm_swap=0 
munmap addr=7EFF13A19000 length=323584 
munmap res=0 vm_size=237532 vm_rss=10664 vm_swap=0 
munmap addr=7EFF13A03000 length=8192 
munmap res=0 vm_size=237524 vm_rss=10660 vm_swap=0 
munmap addr=7EFF139FD000 length=8192 
munmap res=0 vm_size=237516 vm_rss=10656 vm_swap=0 
munmap addr=7EFF13A01000 length=8192 
munmap res=0 vm_size=237508 vm_rss=10652 vm_swap=0 
munmap addr=7EFF139FF000 length=8192 
munmap res=0 vm_size=237500 vm_rss=10648 vm_swap=0 
munmap addr=7EFF139F9000 length=8192 
munmap res=0 vm_size=237492 vm_rss=10644 vm_swap=0 
munmap addr=7EFF139F5000 length=8192 
munmap res=0 vm_size=237484 vm_rss=10640 vm_swap=0 
munmap addr=7EFF139FB000 length=8192 
munmap res=0 vm_size=237476 vm_rss=10632 vm_swap=0 
munmap addr=7EFF139F7000 length=8192 
munmap res=0 vm_size=237468 vm_rss=10628 vm_swap=0 
close fd=5(<p>pipe:[2320698]) 
close res=0 
close fd=4(<p>pipe:[2320698]) 
close res=0 
futex addr=7EFF0D7968EC op=129(FUTEX_PRIVATE_FLAG|FUTEX_WAKE) val=2147483647 
futex res=0 
exit_group 
accept fd=10(<4t>127.0.0.1:53348->127.0.0.1:80) tuple=127.0.0.1:53348->127.0.0.1:80 queuepct=0 queuelen=0 queuemax=511 
getsockname 
getsockname 
fcntl fd=10(<4t>127.0.0.1:53348->127.0.0.1:80) cmd=4(F_GETFL) 
fcntl res=2(<p>pipe:[2318107]) 
fcntl fd=10(<4t>127.0.0.1:53348->127.0.0.1:80) cmd=5(F_SETFL) 
fcntl res=0(<f>/dev/null) 
mmap addr=0 length=8192 prot=3(PROT_READ|PROT_WRITE) flags=10(MAP_PRIVATE|MAP_ANONYMOUS) fd=-1(EPERM) offset=0 
mmap res=7EFF139FB000 vm_size=383144 vm_rss=9048 vm_swap=0 
mmap addr=0 length=8192 prot=3(PROT_READ|PROT_WRITE) flags=10(MAP_PRIVATE|MAP_ANONYMOUS) fd=-1(EPERM) offset=0 
mmap res=7EFF139F9000 vm_size=383152 vm_rss=9048 vm_swap=0 
read fd=10(<4t>127.0.0.1:53348->127.0.0.1:80) size=8000 
read res=96 data=OPTIONS * HTTP/1.0..User-Agent: Apache/2.4.25 (Debian) PHP/7.2.1 (internal dummy 
mmap addr=0 length=8192 prot=3(PROT_READ|PROT_WRITE) flags=10(MAP_PRIVATE|MAP_ANONYMOUS) fd=-1(EPERM) offset=0 
mmap res=7EFF139F7000 vm_size=383160 vm_rss=9048 vm_swap=0 
mmap addr=0 length=8192 prot=3(PROT_READ|PROT_WRITE) flags=10(MAP_PRIVATE|MAP_ANONYMOUS) fd=-1(EPERM) offset=0 
mmap res=7EFF139F5000 vm_size=383168 vm_rss=9048 vm_swap=0 
writev fd=10(<4t>127.0.0.1:53348->127.0.0.1:80) size=126 
writev res=126 data=HTTP/1.1 200 OK..Date: Thu, 10 Aug 2023 02:04:49 GMT..Server: Apache/2.4.25 (Deb 
write fd=7(<p>pipe:[2318106]) size=139 
write res=139 data=127.0.0.1 - - [10/Aug/2023:02:04:49 +0000] "OPTIONS * HTTP/1.0" 200 126 "-" "Apa 
times 
times 
shutdown fd=10(<4t>127.0.0.1:53348->127.0.0.1:80) how=1(SHUT_WR) 
shutdown res=-107(ENOTCONN) 
close fd=10(<4t>127.0.0.1:53348->127.0.0.1:80) 
close res=0 
read fd=4(<p>pipe:[2320698]) size=1 
read res=1 data=! 
close fd=9 
close res=0 
munmap addr=7EFEFC65F000 length=134217728 
munmap res=0 vm_size=252096 vm_rss=11200 vm_swap=0 
close fd=8(<f>/tmp/.ZendSem.8oWd6k (deleted)) 
close res=0 
munmap addr=7EFF0465F000 length=2243784 
munmap res=0 vm_size=249904 vm_rss=11308 vm_swap=0 
munmap addr=7EFF04D21000 length=2517856 
munmap res=0 vm_size=247444 vm_rss=11328 vm_swap=0 
munmap addr=7EFF04AEE000 length=2301968 
munmap res=0 vm_size=245192 vm_rss=11300 vm_swap=0 
munmap addr=7EFF04883000 length=2531352 
munmap res=0 vm_size=242716 vm_rss=11272 vm_swap=0 
munmap addr=7EFF04F88000 length=2584984 
munmap res=0 vm_size=240188 vm_rss=12912 vm_swap=0 
munmap addr=7EFF139AB000 length=299008 
munmap res=0 vm_size=239896 vm_rss=12724 vm_swap=0 
munmap addr=7EFF05200000 length=2097152 
munmap res=0 vm_size=237848 vm_rss=10676 vm_swap=0 
munmap addr=7EFF13A19000 length=323584 
munmap res=0 vm_size=237532 vm_rss=10672 vm_swap=0 
munmap addr=7EFF13A03000 length=8192 
munmap res=0 vm_size=237524 vm_rss=10668 vm_swap=0 
munmap addr=7EFF139FD000 length=8192 
munmap res=0 vm_size=237516 vm_rss=10664 vm_swap=0 
munmap addr=7EFF13A01000 length=8192 
munmap res=0 vm_size=237508 vm_rss=10660 vm_swap=0 
munmap addr=7EFF139FF000 length=8192 
munmap res=0 vm_size=237500 vm_rss=10656 vm_swap=0 
munmap addr=7EFF139F9000 length=8192 
munmap res=0 vm_size=237492 vm_rss=10652 vm_swap=0 
munmap addr=7EFF139F5000 length=8192 
munmap res=0 vm_size=237484 vm_rss=10648 vm_swap=0 
munmap addr=7EFF139FB000 length=8192 
munmap res=0 vm_size=237476 vm_rss=10640 vm_swap=0 
munmap addr=7EFF139F7000 length=8192 
munmap res=0 vm_size=237468 vm_rss=10636 vm_swap=0 
close fd=5(<p>pipe:[2320698]) 
close res=0 
close fd=4(<p>pipe:[2320698]) 
close res=0 
futex addr=7EFF0D7968EC op=129(FUTEX_PRIVATE_FLAG|FUTEX_WAKE) val=2147483647 
futex res=0 
exit_group 
accept fd=10(<4t>127.0.0.1:53356->127.0.0.1:80) tuple=127.0.0.1:53356->127.0.0.1:80 queuepct=0 queuelen=0 queuemax=511 
getsockname 
getsockname 
fcntl fd=10(<4t>127.0.0.1:53356->127.0.0.1:80) cmd=4(F_GETFL) 
fcntl res=2(<p>pipe:[2318107]) 
fcntl fd=10(<4t>127.0.0.1:53356->127.0.0.1:80) cmd=5(F_SETFL) 
fcntl res=0(<f>/dev/null) 
mmap addr=0 length=8192 prot=3(PROT_READ|PROT_WRITE) flags=10(MAP_PRIVATE|MAP_ANONYMOUS) fd=-1(EPERM) offset=0 
mmap res=7EFF139FB000 vm_size=383144 vm_rss=9048 vm_swap=0 
mmap addr=0 length=8192 prot=3(PROT_READ|PROT_WRITE) flags=10(MAP_PRIVATE|MAP_ANONYMOUS) fd=-1(EPERM) offset=0 
mmap res=7EFF139F9000 vm_size=383152 vm_rss=9048 vm_swap=0 
read fd=10(<4t>127.0.0.1:53356->127.0.0.1:80) size=8000 
read res=96 data=OPTIONS * HTTP/1.0..User-Agent: Apache/2.4.25 (Debian) PHP/7.2.1 (internal dummy 
mmap addr=0 length=8192 prot=3(PROT_READ|PROT_WRITE) flags=10(MAP_PRIVATE|MAP_ANONYMOUS) fd=-1(EPERM) offset=0 
mmap res=7EFF139F7000 vm_size=383160 vm_rss=9048 vm_swap=0 
mmap addr=0 length=8192 prot=3(PROT_READ|PROT_WRITE) flags=10(MAP_PRIVATE|MAP_ANONYMOUS) fd=-1(EPERM) offset=0 
mmap res=7EFF139F5000 vm_size=383168 vm_rss=9048 vm_swap=0 
writev fd=10(<4t>127.0.0.1:53356->127.0.0.1:80) size=126 
writev res=126 data=HTTP/1.1 200 OK..Date: Thu, 10 Aug 2023 02:04:50 GMT..Server: Apache/2.4.25 (Deb 
write fd=7(<p>pipe:[2318106]) size=139 
write res=139 data=127.0.0.1 - - [10/Aug/2023:02:04:50 +0000] "OPTIONS * HTTP/1.0" 200 126 "-" "Apa 
times 
times 
shutdown fd=10(<4t>127.0.0.1:53356->127.0.0.1:80) how=1(SHUT_WR) 
shutdown res=-107(ENOTCONN) 
close fd=10(<4t>127.0.0.1:53356->127.0.0.1:80) 
close res=0 
read fd=4(<p>pipe:[2320698]) size=1 
read res=1 data=! 
close fd=9 
close res=0 
munmap addr=7EFEFC65F000 length=134217728 
munmap res=0 vm_size=252096 vm_rss=11200 vm_swap=0 
close fd=8(<f>/tmp/.ZendSem.8oWd6k (deleted)) 
close res=0 
munmap addr=7EFF0465F000 length=2243784 
munmap res=0 vm_size=249904 vm_rss=11308 vm_swap=0 
munmap addr=7EFF04D21000 length=2517856 
munmap res=0 vm_size=247444 vm_rss=11328 vm_swap=0 
munmap addr=7EFF04AEE000 length=2301968 
munmap res=0 vm_size=245192 vm_rss=11300 vm_swap=0 
munmap addr=7EFF04883000 length=2531352 
munmap res=0 vm_size=242716 vm_rss=11272 vm_swap=0 
munmap addr=7EFF04F88000 length=2584984 
munmap res=0 vm_size=240188 vm_rss=12912 vm_swap=0 
munmap addr=7EFF139AB000 length=299008 
munmap res=0 vm_size=239896 vm_rss=12724 vm_swap=0 
munmap addr=7EFF05200000 length=2097152 
munmap res=0 vm_size=237848 vm_rss=10676 vm_swap=0 
munmap addr=7EFF13A19000 length=323584 
munmap res=0 vm_size=237532 vm_rss=10672 vm_swap=0 
munmap addr=7EFF13A03000 length=8192 
munmap res=0 vm_size=237524 vm_rss=10668 vm_swap=0 
munmap addr=7EFF139FD000 length=8192 
munmap res=0 vm_size=237516 vm_rss=10664 vm_swap=0 
munmap addr=7EFF13A01000 length=8192 
munmap res=0 vm_size=237508 vm_rss=10660 vm_swap=0 
munmap addr=7EFF139FF000 length=8192 
munmap res=0 vm_size=237500 vm_rss=10656 vm_swap=0 
munmap addr=7EFF139F9000 length=8192 
munmap res=0 vm_size=237492 vm_rss=10652 vm_swap=0 
munmap addr=7EFF139F5000 length=8192 
munmap res=0 vm_size=237484 vm_rss=10648 vm_swap=0 
munmap addr=7EFF139FB000 length=8192 
munmap res=0 vm_size=237476 vm_rss=10640 vm_swap=0 
munmap addr=7EFF139F7000 length=8192 
munmap res=0 vm_size=237468 vm_rss=10636 vm_swap=0 
close fd=5(<p>pipe:[2320698]) 
close res=0 
close fd=4(<p>pipe:[2320698]) 
close res=0 
futex addr=7EFF0D7968EC op=129(FUTEX_PRIVATE_FLAG|FUTEX_WAKE) val=2147483647 
futex res=0 
exit_group 
accept fd=10(<4t>172.18.0.1:54162->172.18.0.3:80) tuple=172.18.0.1:54162->172.18.0.3:80 queuepct=0 queuelen=0 queuemax=511 
getsockname 
getsockname 
fcntl fd=10(<4t>172.18.0.1:54162->172.18.0.3:80) cmd=4(F_GETFL) 
fcntl res=2(<p>pipe:[2318107]) 
fcntl fd=10(<4t>172.18.0.1:54162->172.18.0.3:80) cmd=5(F_SETFL) 
fcntl res=0(<f>/dev/null) 
mmap addr=0 length=8192 prot=3(PROT_READ|PROT_WRITE) flags=10(MAP_PRIVATE|MAP_ANONYMOUS) fd=-1(EPERM) offset=0 
mmap res=7EFF139FB000 vm_size=383144 vm_rss=9048 vm_swap=0 
mmap addr=0 length=8192 prot=3(PROT_READ|PROT_WRITE) flags=10(MAP_PRIVATE|MAP_ANONYMOUS) fd=-1(EPERM) offset=0 
mmap res=7EFF139F9000 vm_size=383152 vm_rss=9048 vm_swap=0 
read fd=10(<4t>172.18.0.1:54162->172.18.0.3:80) size=8000 
read res=173 data=GET /wp-content/plugins/paypal-currency-converter-basic-for-woocommerce/proxy.ph 
stat 
stat res=0 path=/var/www/html/wp-content/plugins/paypal-currency-converter-basic-for-woocommerce/proxy.php 
open 
open fd=-2(ENOENT) name=/var/www/.htaccess flags=4097(O_RDONLY|O_CLOEXEC) mode=0 dev=0 
mmap addr=0 length=8192 prot=3(PROT_READ|PROT_WRITE) flags=10(MAP_PRIVATE|MAP_ANONYMOUS) fd=-1(EPERM) offset=0 
mmap res=7EFF139F7000 vm_size=383160 vm_rss=9048 vm_swap=0 
open 
open fd=11(<f>/var/www/html/.htaccess) name=/var/www/html/.htaccess flags=4097(O_RDONLY|O_CLOEXEC) mode=0 dev=34 
fstat fd=11(<f>/var/www/html/.htaccess) 
fstat res=0 
read fd=11(<f>/var/www/html/.htaccess) size=4096 
read res=234 data=# BEGIN WordPress.<IfModule mod_rewrite.c>.RewriteEngine On.RewriteBase /.Rewrit 
read fd=11(<f>/var/www/html/.htaccess) size=4096 
read res=0 data= 
close fd=11(<f>/var/www/html/.htaccess) 
close res=0 
open 
open fd=-2(ENOENT) name=/var/www/html/wp-content/.htaccess flags=4097(O_RDONLY|O_CLOEXEC) mode=0 dev=0 
open 
open fd=-2(ENOENT) name=/var/www/html/wp-content/plugins/.htaccess flags=4097(O_RDONLY|O_CLOEXEC) mode=0 dev=0 
open 
open fd=-2(ENOENT) name=/var/www/html/wp-content/plugins/paypal-currency-converter-basic-for-woocommerce/.htaccess flags=4097(O_RDONLY|O_CLOEXEC) mode=0 dev=0 
open 
open fd=-20(ENOTDIR) name=/var/www/html/wp-content/plugins/paypal-currency-converter-basic-for-woocommerce/proxy.php/.htaccess flags=4097(O_RDONLY|O_CLOEXEC) mode=0 dev=0 
mmap addr=0 length=8192 prot=3(PROT_READ|PROT_WRITE) flags=10(MAP_PRIVATE|MAP_ANONYMOUS) fd=-1(EPERM) offset=0 
mmap res=7EFF139F5000 vm_size=383168 vm_rss=9048 vm_swap=0 
stat 
stat res=0 path=/var/www/html/wp-content/plugins/paypal-currency-converter-basic-for-woocommerce/proxy.php 
brk addr=55EDDED32000 
brk res=55EDDED32000 vm_size=383328 vm_rss=10368 vm_swap=0 
brk addr=55EDDED53000 
brk res=55EDDED53000 vm_size=383460 vm_rss=11472 vm_swap=0 
rt_sigaction 
rt_sigaction 
rt_sigaction 
rt_sigaction 
rt_sigaction 
rt_sigaction 
rt_sigaction 
rt_sigaction 
rt_sigaction 
rt_sigaction 
rt_sigaction 
rt_sigaction 
rt_sigaction 
rt_sigaction 
rt_sigaction 
rt_sigaction 
rt_sigaction 
rt_sigaction 
rt_sigaction 
rt_sigaction 
rt_sigaction 
rt_sigaction 
rt_sigaction 
rt_sigaction 
rt_sigaction 
rt_sigaction 
rt_sigaction 
rt_sigaction 
setitimer 
setitimer 
rt_sigaction 
rt_sigaction 
rt_sigprocmask 
rt_sigprocmask 
mmap addr=0 length=65536 prot=3(PROT_READ|PROT_WRITE) flags=10(MAP_PRIVATE|MAP_ANONYMOUS) fd=-1(EPERM) offset=0 
mmap res=7EFF1399B000 vm_size=383524 vm_rss=12468 vm_swap=0 
getcwd 
getcwd res=14 path=/var/www/html 
chdir 
chdir res=0 path=/var/www/html/wp-content/plugins/paypal-currency-converter-basic-for-woocommerce 
lstat 
lstat res=0 path=/var/www/html/wp-content/plugins/paypal-currency-converter-basic-for-woocommerce/proxy.php 
lstat 
lstat res=0 path=/var/www/html/wp-content/plugins/paypal-currency-converter-basic-for-woocommerce 
lstat 
lstat res=0 path=/var/www/html/wp-content/plugins 
lstat 
lstat res=0 path=/var/www/html/wp-content 
lstat 
lstat res=0 path=/var/www/html 
lstat 
lstat res=0 path=/var/www 
lstat 
lstat res=0 path=/var 
open 
open fd=11(<f>/var/www/html/wp-content/plugins/paypal-currency-converter-basic-for-woocommerce/proxy.php) name=/var/www/html/wp-content/plugins/paypal-currency-converter-basic-for-woocommerce/proxy.php flags=1(O_RDONLY) mode=0 dev=34 
fstat fd=11(<f>/var/www/html/wp-content/plugins/paypal-currency-converter-basic-for-woocommerce/proxy.php) 
fstat res=0 
fstat fd=11(<f>/var/www/html/wp-content/plugins/paypal-currency-converter-basic-for-woocommerce/proxy.php) 
fstat res=0 
fstat fd=11(<f>/var/www/html/wp-content/plugins/paypal-currency-converter-basic-for-woocommerce/proxy.php) 
fstat res=0 
mmap addr=0 length=226 prot=1(PROT_READ) flags=1(MAP_SHARED) fd=11(<f>/var/www/html/wp-content/plugins/paypal-currency-converter-basic-for-woocommerce/proxy.php) offset=0 
mmap res=7EFF139F4000 vm_size=383528 vm_rss=12468 vm_swap=0 
fcntl fd=8(<f>/tmp/.ZendSem.8oWd6k (deleted)) cmd=8(F_SETLK) 
fcntl res=0(<f>/dev/null) 
stat 
stat res=0 path=/var/www/html/wp-content/plugins/paypal-currency-converter-basic-for-woocommerce/proxy.php 
fcntl fd=8(<f>/tmp/.ZendSem.8oWd6k (deleted)) cmd=9(F_SETLKW) 
fcntl res=0(<f>/dev/null) 
fcntl fd=8(<f>/tmp/.ZendSem.8oWd6k (deleted)) cmd=8(F_SETLK) 
fcntl res=0(<f>/dev/null) 
munmap addr=7EFF139F4000 length=226 
munmap res=0 vm_size=383524 vm_rss=14128 vm_swap=0 
close fd=11(<f>/var/www/html/wp-content/plugins/paypal-currency-converter-basic-for-woocommerce/proxy.php) 
close res=0 
lstat 
lstat res=0 path=/etc/passwd 
lstat 
lstat res=0 path=/etc 
open 
open fd=11(<f>/etc/passwd) name=/etc/passwd flags=1(O_RDONLY) mode=0 dev=61 
fstat fd=11(<f>/etc/passwd) 
fstat res=0 
lseek fd=11(<f>/etc/passwd) offset=0 whence=1(SEEK_CUR) 
lseek res=0 
fstat fd=11(<f>/etc/passwd) 
fstat res=0 
read fd=11(<f>/etc/passwd) size=8192 
read res=919 data=root:x:0:0:root:/root:/bin/bash.daemon:x:1:1:daemon:/usr/sbin:/usr/sbin/nologin. 
read fd=11(<f>/etc/passwd) size=8192 
read res=0 data= 
read fd=11(<f>/etc/passwd) size=8192 
read res=0 data= 
close fd=11(<f>/etc/passwd) 
close res=0 
mmap addr=0 length=8192 prot=3(PROT_READ|PROT_WRITE) flags=10(MAP_PRIVATE|MAP_ANONYMOUS) fd=-1(EPERM) offset=0 
mmap res=7EFF13999000 vm_size=383532 vm_rss=14128 vm_swap=0 
chdir 
chdir res=0 path=/var/www/html 
setitimer 
setitimer 
fcntl fd=8(<f>/tmp/.ZendSem.8oWd6k (deleted)) cmd=8(F_SETLK) 
fcntl res=0(<f>/dev/null) 
setitimer 
setitimer 
mmap addr=0 length=8192 prot=3(PROT_READ|PROT_WRITE) flags=10(MAP_PRIVATE|MAP_ANONYMOUS) fd=-1(EPERM) offset=0 
mmap res=7EFF13997000 vm_size=383540 vm_rss=14128 vm_swap=0 
mmap addr=0 length=8192 prot=3(PROT_READ|PROT_WRITE) flags=10(MAP_PRIVATE|MAP_ANONYMOUS) fd=-1(EPERM) offset=0 
mmap res=7EFF13995000 vm_size=383548 vm_rss=14128 vm_swap=0 
read fd=10(<4t>172.18.0.1:54162->172.18.0.3:80) size=8000 
read res=-11(EAGAIN) data= 
writev fd=10(<4t>172.18.0.1:54162->172.18.0.3:80) size=1116 
writev res=1116 data=HTTP/1.1 200 OK..Date: Thu, 10 Aug 2023 02:04:58 GMT..Server: Apache/2.4.25 (Deb 
write fd=7(<p>pipe:[2318106]) size=183 
write res=183 data=172.18.0.1 - - [10/Aug/2023:02:04:58 +0000] "GET /wp-content/plugins/paypal-curr 
times 
times 
poll fds=10:41 timeout=5000 
poll res=1 fds=10:41 
read fd=10(<4t>172.18.0.1:54162->172.18.0.3:80) size=8000 
read res=0 data= 
shutdown fd=10(<4t>172.18.0.1:54162->172.18.0.3:80) how=1(SHUT_WR) 
shutdown res=0 
poll fds=10:41 timeout=2000 
poll res=1 fds=10:421 
read fd=10(<4t>172.18.0.1:54162->172.18.0.3:80) size=512 
read res=0 data= 
close fd=10(<4t>172.18.0.1:54162->172.18.0.3:80) 
close res=0 
read fd=4(<p>pipe:[2320698]) size=1 
read res=-11(EAGAIN) data= 
accept flags=0 
accept fd=-512(ERESTARTSYS) tuple=NULL queuepct=0 queuelen=0 queuemax=511 
close fd=9 
close res=0 
accept fd=-512(ERESTARTSYS) tuple=NULL queuepct=0 queuelen=0 queuemax=511 
close fd=9 
close res=0 
munmap addr=7EFEFC65F000 length=134217728 
munmap res=0 vm_size=252308 vm_rss=11476 vm_swap=0 
close fd=8(<f>/tmp/.ZendSem.8oWd6k (deleted)) 
close res=0 
munmap addr=7EFF0465F000 length=2243784 
munmap res=0 vm_size=250116 vm_rss=11584 vm_swap=0 
munmap addr=7EFF04D21000 length=2517856 
munmap res=0 vm_size=247656 vm_rss=11604 vm_swap=0 
munmap addr=7EFF04AEE000 length=2301968 
munmap res=0 vm_size=245404 vm_rss=11576 vm_swap=0 
munmap addr=7EFF04883000 length=2531352 
munmap res=0 vm_size=242928 vm_rss=11548 vm_swap=0 
munmap addr=7EFF04F88000 length=2584984 
munmap res=0 vm_size=240400 vm_rss=13152 vm_swap=0 
munmap addr=7EFF139AB000 length=299008 
munmap res=0 vm_size=240108 vm_rss=12964 vm_swap=0 
munmap addr=7EFF05200000 length=2097152 
munmap res=0 vm_size=238060 vm_rss=10916 vm_swap=0 
munmap addr=7EFF13A19000 length=323584 
munmap res=0 vm_size=237744 vm_rss=10912 vm_swap=0 
munmap addr=7EFF13A03000 length=8192 
munmap res=0 vm_size=237736 vm_rss=10908 vm_swap=0 
munmap addr=7EFF139FD000 length=8192 
munmap res=0 vm_size=237728 vm_rss=10904 vm_swap=0 
munmap addr=7EFF13A01000 length=8192 
munmap res=0 vm_size=237720 vm_rss=10900 vm_swap=0 
munmap addr=7EFF139FF000 length=8192 
munmap res=0 vm_size=237712 vm_rss=10896 vm_swap=0 
munmap addr=7EFF1399F000 length=8192 
munmap res=0 vm_size=237704 vm_rss=10892 vm_swap=0 
munmap addr=7EFF139A3000 length=8192 
munmap res=0 vm_size=237696 vm_rss=10884 vm_swap=0 
munmap addr=7EFF139F9000 length=8192 
munmap res=0 vm_size=237688 vm_rss=10876 vm_swap=0 
munmap addr=7EFF139F5000 length=8192 
munmap res=0 vm_size=237680 vm_rss=10868 vm_swap=0 
munmap addr=7EFF13987000 length=8192 
munmap res=0 vm_size=237672 vm_rss=10860 vm_swap=0 
munmap addr=7EFF139A5000 length=8192 
munmap res=0 vm_size=237664 vm_rss=10852 vm_swap=0 
munmap addr=7EFF139F7000 length=8192 
munmap res=0 vm_size=237656 vm_rss=10844 vm_swap=0 
munmap addr=7EFF139FB000 length=8192 
munmap res=0 vm_size=237648 vm_rss=10836 vm_swap=0 
munmap addr=7EFF139A7000 length=8192 
munmap res=0 vm_size=237640 vm_rss=10828 vm_swap=0 
munmap addr=7EFF139A9000 length=8192 
munmap res=0 vm_size=237632 vm_rss=10820 vm_swap=0 
munmap addr=7EFF139A1000 length=8192 
munmap res=0 vm_size=237624 vm_rss=10816 vm_swap=0 
close fd=5(<p>pipe:[2320698]) 
close res=0 
close fd=4(<p>pipe:[2320698]) 
close res=0 
accept fd=-512(ERESTARTSYS) tuple=NULL queuepct=0 queuelen=0 queuemax=511 
futex addr=7EFF0D7968EC op=129(FUTEX_PRIVATE_FLAG|FUTEX_WAKE) val=2147483647 
futex res=0 
close fd=9 
close res=0 
exit_group 
munmap addr=7EFEFC65F000 length=134217728 
munmap res=0 vm_size=252064 vm_rss=10992 vm_swap=0 
close fd=8(<f>/tmp/.ZendSem.8oWd6k (deleted)) 
close res=0 
munmap addr=7EFEFC65F000 length=134217728 
munmap res=0 vm_size=252476 vm_rss=13280 vm_swap=0 
close fd=8(<f>/tmp/.ZendSem.8oWd6k (deleted)) 
close res=0 
munmap addr=7EFF0465F000 length=2243784 
munmap res=0 vm_size=249872 vm_rss=11100 vm_swap=0 
munmap addr=7EFF04D21000 length=2517856 
munmap res=0 vm_size=247412 vm_rss=11120 vm_swap=0 
munmap addr=7EFF04AEE000 length=2301968 
munmap res=0 vm_size=245160 vm_rss=11092 vm_swap=0 
munmap addr=7EFF04883000 length=2531352 
munmap res=0 vm_size=242684 vm_rss=11064 vm_swap=0 
munmap addr=7EFF0465F000 length=2243784 
munmap res=0 vm_size=250284 vm_rss=13220 vm_swap=0 
munmap addr=7EFF04D21000 length=2517856 
munmap res=0 vm_size=247824 vm_rss=13240 vm_swap=0 
munmap addr=7EFF04AEE000 length=2301968 
munmap res=0 vm_size=245572 vm_rss=13212 vm_swap=0 
munmap addr=7EFF04883000 length=2531352 
munmap res=0 vm_size=243096 vm_rss=13184 vm_swap=0 
munmap addr=7EFF1399B000 length=65536 
munmap res=0 vm_size=243032 vm_rss=14004 vm_swap=0 
brk addr=55EDDED20000 
brk res=55EDDED20000 vm_size=242828 vm_rss=13908 vm_swap=0 
munmap addr=7EFF04F88000 length=2584984 
munmap res=0 vm_size=240156 vm_rss=12704 vm_swap=0 
munmap addr=7EFF04F88000 length=2584984 
munmap res=0 vm_size=240300 vm_rss=13532 vm_swap=0 
munmap addr=7EFF139AB000 length=299008 
munmap res=0 vm_size=239864 vm_rss=12516 vm_swap=0 
munmap addr=7EFF05200000 length=2097152 
munmap res=0 vm_size=237816 vm_rss=10468 vm_swap=0 
munmap addr=7EFF13A19000 length=323584 
munmap res=0 vm_size=237500 vm_rss=10464 vm_swap=0 
munmap addr=7EFF13A03000 length=8192 
munmap res=0 vm_size=237492 vm_rss=10460 vm_swap=0 
munmap addr=7EFF139FD000 length=8192 
munmap res=0 vm_size=237484 vm_rss=10456 vm_swap=0 
munmap addr=7EFF13A01000 length=8192 
munmap res=0 vm_size=237476 vm_rss=10452 vm_swap=0 
munmap addr=7EFF139FF000 length=8192 
munmap res=0 vm_size=237468 vm_rss=10448 vm_swap=0 
close fd=5(<p>pipe:[2320698]) 
close res=0 
close fd=4(<p>pipe:[2320698]) 
close res=0 
munmap addr=7EFF139AB000 length=299008 
munmap res=0 vm_size=240008 vm_rss=13344 vm_swap=0 
munmap addr=7EFF05200000 length=2097152 
futex addr=7EFF0D7968EC op=129(FUTEX_PRIVATE_FLAG|FUTEX_WAKE) val=2147483647 
futex res=0 
munmap res=0 vm_size=237960 vm_rss=11296 vm_swap=0 
munmap addr=7EFF13A19000 length=323584 
munmap res=0 vm_size=237644 vm_rss=11292 vm_swap=0 
munmap addr=7EFF13A03000 length=8192 
munmap res=0 vm_size=237636 vm_rss=11288 vm_swap=0 
munmap addr=7EFF139FD000 length=8192 
munmap res=0 vm_size=237628 vm_rss=11284 vm_swap=0 
munmap addr=7EFF13A01000 length=8192 
munmap res=0 vm_size=237620 vm_rss=11280 vm_swap=0 
munmap addr=7EFF139FF000 length=8192 
munmap res=0 vm_size=237612 vm_rss=11276 vm_swap=0 
munmap addr=7EFF13995000 length=8192 
munmap res=0 vm_size=237604 vm_rss=11272 vm_swap=0 
munmap addr=7EFF139F7000 length=8192 
munmap res=0 vm_size=237596 vm_rss=11264 vm_swap=0 
munmap addr=7EFF139F5000 length=8192 
munmap res=0 vm_size=237588 vm_rss=11256 vm_swap=0 
munmap addr=7EFF139FB000 length=8192 
munmap res=0 vm_size=237580 vm_rss=11248 vm_swap=0 
munmap addr=7EFF13999000 length=8192 
munmap res=0 vm_size=237572 vm_rss=11244 vm_swap=0 
munmap addr=7EFF13997000 length=8192 
munmap res=0 vm_size=237564 vm_rss=11240 vm_swap=0 
munmap addr=7EFF139F9000 length=8192 
munmap res=0 vm_size=237556 vm_rss=11236 vm_swap=0 
close fd=5(<p>pipe:[2320698]) 
close res=0 
close fd=4(<p>pipe:[2320698]) 
close res=0 
futex addr=7EFF0D7968EC op=129(FUTEX_PRIVATE_FLAG|FUTEX_WAKE) val=2147483647 
futex res=0 
exit_group 
accept fd=-512(ERESTARTSYS) tuple=NULL queuepct=0 queuelen=0 queuemax=511 
close fd=9 
close res=0 
accept fd=-512(ERESTARTSYS) tuple=NULL queuepct=0 queuelen=0 queuemax=511 
close fd=9 
close res=0 
munmap addr=7EFEFC65F000 length=134217728 
munmap res=0 vm_size=252064 vm_rss=10992 vm_swap=0 
close fd=8(<f>/tmp/.ZendSem.8oWd6k (deleted)) 
close res=0 
munmap addr=7EFF0465F000 length=2243784 
munmap res=0 vm_size=249872 vm_rss=11100 vm_swap=0 
munmap addr=7EFF04D21000 length=2517856 
munmap res=0 vm_size=247412 vm_rss=11120 vm_swap=0 
munmap addr=7EFF04AEE000 length=2301968 
munmap res=0 vm_size=245160 vm_rss=11092 vm_swap=0 
munmap addr=7EFF04883000 length=2531352 
munmap res=0 vm_size=242684 vm_rss=11064 vm_swap=0 
munmap addr=7EFEFC65F000 length=134217728 
munmap res=0 vm_size=252064 vm_rss=10992 vm_swap=0 
close fd=8(<f>/tmp/.ZendSem.8oWd6k (deleted)) 
close res=0 
munmap addr=7EFF0465F000 length=2243784 
munmap res=0 vm_size=249872 vm_rss=11100 vm_swap=0 
munmap addr=7EFF04D21000 length=2517856 
munmap res=0 vm_size=247412 vm_rss=11120 vm_swap=0 
munmap addr=7EFF04AEE000 length=2301968 
munmap res=0 vm_size=245160 vm_rss=11092 vm_swap=0 
munmap addr=7EFF04883000 length=2531352 
munmap res=0 vm_size=242684 vm_rss=11064 vm_swap=0 
munmap addr=7EFF04F88000 length=2584984 
munmap res=0 vm_size=240156 vm_rss=12704 vm_swap=0 
munmap addr=7EFF04F88000 length=2584984 
munmap res=0 vm_size=240156 vm_rss=12704 vm_swap=0 
munmap addr=7EFF139AB000 length=299008 
munmap res=0 vm_size=239864 vm_rss=12516 vm_swap=0 
munmap addr=7EFF05200000 length=2097152 
munmap res=0 vm_size=237816 vm_rss=10468 vm_swap=0 
munmap addr=7EFF13A19000 length=323584 
munmap res=0 vm_size=237500 vm_rss=10464 vm_swap=0 
munmap addr=7EFF13A03000 length=8192 
munmap res=0 vm_size=237492 vm_rss=10460 vm_swap=0 
munmap addr=7EFF139FD000 length=8192 
munmap res=0 vm_size=237484 vm_rss=10456 vm_swap=0 
munmap addr=7EFF13A01000 length=8192 
munmap res=0 vm_size=237476 vm_rss=10452 vm_swap=0 
munmap addr=7EFF139FF000 length=8192 
munmap res=0 vm_size=237468 vm_rss=10448 vm_swap=0 
close fd=5(<p>pipe:[2320698]) 
close res=0 
close fd=4(<p>pipe:[2320698]) 
close res=0 
futex addr=7EFF0D7968EC op=129(FUTEX_PRIVATE_FLAG|FUTEX_WAKE) val=2147483647 
futex res=0 
munmap addr=7EFF139AB000 length=299008 
munmap res=0 vm_size=239864 vm_rss=12516 vm_swap=0 
munmap addr=7EFF05200000 length=2097152 
munmap res=0 vm_size=237816 vm_rss=10468 vm_swap=0 
munmap addr=7EFF13A19000 length=323584 
munmap res=0 vm_size=237500 vm_rss=10464 vm_swap=0 
munmap addr=7EFF13A03000 length=8192 
munmap res=0 vm_size=237492 vm_rss=10460 vm_swap=0 
munmap addr=7EFF139FD000 length=8192 
munmap res=0 vm_size=237484 vm_rss=10456 vm_swap=0 
munmap addr=7EFF13A01000 length=8192 
munmap res=0 vm_size=237476 vm_rss=10452 vm_swap=0 
munmap addr=7EFF139FF000 length=8192 
munmap res=0 vm_size=237468 vm_rss=10448 vm_swap=0 
close fd=5(<p>pipe:[2320698]) 
close res=0 
close fd=4(<p>pipe:[2320698]) 
close res=0 
futex addr=7EFF0D7968EC op=129(FUTEX_PRIVATE_FLAG|FUTEX_WAKE) val=2147483647 
futex res=0 
exit_group 
exit_group 
exit_group 
