clone res=0 exe=apache2 args=-DFOREGROUND. tid=829121(apache2) pid=828867(apache2) ptid=828543(apache2) cwd= fdlimit=1048576 pgft_maj=0 pgft_min=0 vm_size=406860 vm_rss=53468 vm_swap=0 comm=apache2 cgroups=cpuset=/system.slice/docker-4d81cb26c66231747b04db742cd4f8fff01cc68354eaa9325... flags=578861571(CLONE_FILES|CLONE_FS|CLONE_PARENT_SETTID|CLONE_SIGHAND|CLONE_SYSVSEM|CLONE_THREAD|CLONE_VM|CLONE_CHILD_CLEARTID|CLONE_SETTLS) uid=33 gid=33 vtid=74 vpid=68 
set_robust_list 
set_robust_list 
getpid 
getpid 
mmap addr=0 length=134217728 prot=0(PROT_NONE) flags=74(MAP_PRIVATE|MAP_ANONYMOUS|MAP_NORESERVE) fd=-1(EPERM) offset=0 
mmap res=7F95645FF000 vm_size=537932 vm_rss=53468 vm_swap=0 
munmap addr=7F95645FF000 length=60821504 
munmap res=0 vm_size=478536 vm_rss=53468 vm_swap=0 
munmap addr=7F956C000000 length=6287360 
munmap res=0 vm_size=472396 vm_rss=53468 vm_swap=0 
mprotect 
mprotect 
open 
open fd=13(<f>/etc/resolv.conf) name=/etc/resolv.conf flags=4097(O_RDONLY|O_CLOEXEC) mode=0 dev=34 
fstat fd=13(<f>/etc/resolv.conf) 
fstat res=0 
read fd=13(<f>/etc/resolv.conf) size=1024 
read res=53 data=nameserver 127.0.0.11.options edns0 trust-ad ndots:0. 
read fd=13(<f>/etc/resolv.conf) size=1024 
read res=0 data= 
close fd=13(<f>/etc/resolv.conf) 
close res=0 
uname 
uname 
open 
open fd=13(<f>/etc/hosts) name=/etc/hosts flags=4097(O_RDONLY|O_CLOEXEC) mode=0 dev=34 
fstat fd=13(<f>/etc/hosts) 
fstat res=0 
read fd=13(<f>/etc/hosts) size=512 
read res=174 data=127.0.0.1.localhost.::1.localhost ip6-localhost ip6-loopback.fe00::0.ip6-localne 
read fd=13(<f>/etc/hosts) size=512 
read res=0 data= 
close fd=13(<f>/etc/hosts) 
close res=0 
open 
open fd=13(<f>/etc/gai.conf) name=/etc/gai.conf flags=4097(O_RDONLY|O_CLOEXEC) mode=0 dev=62 
fstat fd=13(<f>/etc/gai.conf) 
fstat res=0 
fstat fd=13(<f>/etc/gai.conf) 
fstat res=0 
read fd=13(<f>/etc/gai.conf) size=3072 
read res=2584 data=# Configuration for getaddrinfo(3)..#.# So far only configuration for the destin 
read fd=13(<f>/etc/gai.conf) size=3072 
read res=0 data= 
close fd=13(<f>/etc/gai.conf) 
close res=0 
futex addr=7F9584844EE4 op=129(FUTEX_PRIVATE_FLAG|FUTEX_WAKE) val=2147483647 
futex res=0 
socket domain=16(AF_ROUTE) type=3 proto=0 
socket fd=13(<n>) 
bind fd=13(<n>) 
bind res=0 addr=NULL 
getsockname 
getsockname 
sendto fd=13(<n>) size=20 tuple=NULL 
sendto res=20 data=........UD.d........ 
recvmsg fd=13(<n>) 
recvmsg res=164 size=164 data=L.......UD.dD...............................lo........................7...7.X... tuple=NULL 
recvmsg fd=13(<n>) 
recvmsg res=20 size=20 data=........UD.dD....... tuple=NULL 
close fd=13(<n>) 
close res=0 
socket domain=2(AF_INET) type=2 proto=0 
socket fd=13(<4>) 
connect fd=13(<4>) 
connect res=0 tuple=127.0.0.1:39016->127.0.0.1:9000 
getsockname 
getsockname 
close fd=13(<4u>127.0.0.1:39016->127.0.0.1:9000) 
close res=0 
socket domain=10(AF_INET6) type=2 proto=0 
socket fd=13(<6>) 
connect fd=13(<6>) 
connect res=-99(EADDRNOTAVAIL) tuple=:::45597->::1:9000 
close fd=13(<6>) 
close res=0 
madvise 
madvise 
exit 
accept fd=10(<4t>172.18.0.1:34090->172.18.0.3:80) tuple=172.18.0.1:34090->172.18.0.3:80 queuepct=0 queuelen=1 queuemax=511 
getsockname 
getsockname 
fcntl fd=10(<4t>172.18.0.1:34090->172.18.0.3:80) cmd=4(F_GETFL) 
fcntl res=2(<p>pipe:[2233674]) 
fcntl fd=10(<4t>172.18.0.1:34090->172.18.0.3:80) cmd=5(F_SETFL) 
fcntl res=0(<f>/dev/null) 
mmap addr=0 length=8192 prot=3(PROT_READ|PROT_WRITE) flags=10(MAP_PRIVATE|MAP_ANONYMOUS) fd=-1(EPERM) offset=0 
mmap res=7F9585220000 vm_size=383144 vm_rss=9060 vm_swap=0 
mmap addr=0 length=8192 prot=3(PROT_READ|PROT_WRITE) flags=10(MAP_PRIVATE|MAP_ANONYMOUS) fd=-1(EPERM) offset=0 
mmap res=7F958521E000 vm_size=383152 vm_rss=9060 vm_swap=0 
read fd=10(<4t>172.18.0.1:34090->172.18.0.3:80) size=8000 
read res=1019 data=GET /wp-content/plugins/invoicing/vendor/ayecode/wp-ayecode-ui/assets/js/select2 
stat 
stat res=0 path=/var/www/html/wp-content/plugins/invoicing/vendor/ayecode/wp-ayecode-ui/assets/js/select2.min.js 
mmap addr=0 length=8192 prot=3(PROT_READ|PROT_WRITE) flags=10(MAP_PRIVATE|MAP_ANONYMOUS) fd=-1(EPERM) offset=0 
mmap res=7F958521C000 vm_size=383160 vm_rss=9060 vm_swap=0 
open 
open fd=-2(ENOENT) name=/var/www/.htaccess flags=4097(O_RDONLY|O_CLOEXEC) mode=0 dev=0 
open 
open fd=11(<f>/var/www/html/.htaccess) name=/var/www/html/.htaccess flags=4097(O_RDONLY|O_CLOEXEC) mode=0 dev=34 
fstat fd=11(<f>/var/www/html/.htaccess) 
fstat res=0 
read fd=11(<f>/var/www/html/.htaccess) size=4096 
read res=234 data=# BEGIN WordPress.<IfModule mod_rewrite.c>.RewriteEngine On.RewriteBase /.Rewrit 
read fd=11(<f>/var/www/html/.htaccess) size=4096 
read res=0 data= 
close fd=11(<f>/var/www/html/.htaccess) 
close res=0 
mmap addr=0 length=8192 prot=3(PROT_READ|PROT_WRITE) flags=10(MAP_PRIVATE|MAP_ANONYMOUS) fd=-1(EPERM) offset=0 
mmap res=7F958521A000 vm_size=383168 vm_rss=9060 vm_swap=0 
open 
open fd=-2(ENOENT) name=/var/www/html/wp-content/.htaccess flags=4097(O_RDONLY|O_CLOEXEC) mode=0 dev=0 
open 
open fd=-2(ENOENT) name=/var/www/html/wp-content/plugins/.htaccess flags=4097(O_RDONLY|O_CLOEXEC) mode=0 dev=0 
open 
open fd=-2(ENOENT) name=/var/www/html/wp-content/plugins/invoicing/.htaccess flags=4097(O_RDONLY|O_CLOEXEC) mode=0 dev=0 
open 
open fd=-2(ENOENT) name=/var/www/html/wp-content/plugins/invoicing/vendor/.htaccess flags=4097(O_RDONLY|O_CLOEXEC) mode=0 dev=0 
open 
open fd=-2(ENOENT) name=/var/www/html/wp-content/plugins/invoicing/vendor/ayecode/.htaccess flags=4097(O_RDONLY|O_CLOEXEC) mode=0 dev=0 
open 
open fd=-2(ENOENT) name=/var/www/html/wp-content/plugins/invoicing/vendor/ayecode/wp-ayecode-ui/.htaccess flags=4097(O_RDONLY|O_CLOEXEC) mode=0 dev=0 
open 
open fd=-2(ENOENT) name=/var/www/html/wp-content/plugins/invoicing/vendor/ayecode/wp-ayecode-ui/assets/.htaccess flags=4097(O_RDONLY|O_CLOEXEC) mode=0 dev=0 
open 
open fd=-2(ENOENT) name=/var/www/html/wp-content/plugins/invoicing/vendor/ayecode/wp-ayecode-ui/assets/js/.htaccess flags=4097(O_RDONLY|O_CLOEXEC) mode=0 dev=0 
open 
open fd=-20(ENOTDIR) name=/var/www/html/wp-content/plugins/invoicing/vendor/ayecode/wp-ayecode-ui/assets/js/select2.min.js/.htaccess flags=4097(O_RDONLY|O_CLOEXEC) mode=0 dev=0 
stat 
stat res=0 path=/var/www/html/wp-content/plugins/invoicing/vendor/ayecode/wp-ayecode-ui/assets/js/select2.min.js 
open 
open fd=11(<f>/var/www/html/wp-content/plugins/invoicing/vendor/ayecode/wp-ayecode-ui/assets/js/select2.min.js) name=/var/www/html/wp-content/plugins/invoicing/vendor/ayecode/wp-ayecode-ui/assets/js/select2.min.js flags=4097(O_RDONLY|O_CLOEXEC) mode=0 dev=34 
mmap addr=0 length=95468 prot=1(PROT_READ) flags=1(MAP_SHARED) fd=11(<f>/var/www/html/wp-content/plugins/invoicing/vendor/ayecode/wp-ayecode-ui/assets/js/select2.min.js) offset=0 
mmap res=7F95851B8000 vm_size=383264 vm_rss=9060 vm_swap=0 
mmap addr=0 length=8192 prot=3(PROT_READ|PROT_WRITE) flags=10(MAP_PRIVATE|MAP_ANONYMOUS) fd=-1(EPERM) offset=0 
mmap res=7F95851B6000 vm_size=383272 vm_rss=9060 vm_swap=0 
brk addr=559B114B5000 
brk res=559B114B5000 vm_size=383428 vm_rss=10024 vm_swap=0 
brk addr=559B114E5000 
brk res=559B114E5000 vm_size=383620 vm_rss=10024 vm_swap=0 
munmap addr=7F95851B8000 length=95468 
munmap res=0 vm_size=383524 vm_rss=10372 vm_swap=0 
mmap addr=0 length=8192 prot=3(PROT_READ|PROT_WRITE) flags=10(MAP_PRIVATE|MAP_ANONYMOUS) fd=-1(EPERM) offset=0 
mmap res=7F95851CE000 vm_size=383532 vm_rss=10372 vm_swap=0 
mmap addr=0 length=8192 prot=3(PROT_READ|PROT_WRITE) flags=10(MAP_PRIVATE|MAP_ANONYMOUS) fd=-1(EPERM) offset=0 
mmap res=7F95851CC000 vm_size=383540 vm_rss=10372 vm_swap=0 
mmap addr=0 length=8192 prot=3(PROT_READ|PROT_WRITE) flags=10(MAP_PRIVATE|MAP_ANONYMOUS) fd=-1(EPERM) offset=0 
mmap res=7F95851CA000 vm_size=383548 vm_rss=10372 vm_swap=0 
brk addr=559B114B5000 
brk res=559B114B5000 vm_size=383356 vm_rss=10276 vm_swap=0 
mmap addr=0 length=8192 prot=3(PROT_READ|PROT_WRITE) flags=10(MAP_PRIVATE|MAP_ANONYMOUS) fd=-1(EPERM) offset=0 
mmap res=7F95851C8000 vm_size=383364 vm_rss=10276 vm_swap=0 
mmap addr=0 length=8192 prot=3(PROT_READ|PROT_WRITE) flags=10(MAP_PRIVATE|MAP_ANONYMOUS) fd=-1(EPERM) offset=0 
mmap res=7F95851C6000 vm_size=383372 vm_rss=10276 vm_swap=0 
writev fd=10(<4t>172.18.0.1:34090->172.18.0.3:80) size=23545 
writev res=23545 data=HTTP/1.1 200 OK..Date: Thu, 10 Aug 2023 01:58:45 GMT..Server: Apache/2.4.25 (Deb 
write fd=7(<p>pipe:[2233673]) size=260 
write res=260 data=172.18.0.1 - - [10/Aug/2023:01:58:45 +0000] "GET /wp-content/plugins/invoicing/v 
times 
times 
close fd=11(<f>/var/www/html/wp-content/plugins/invoicing/vendor/ayecode/wp-ayecode-ui/assets/js/select2.min.js) 
close res=0 
read fd=10(<4t>172.18.0.1:34090->172.18.0.3:80) size=8000 
read res=-11(EAGAIN) data= 
poll fds=10:41 timeout=5000 
poll res=1 fds=10:41 
read fd=10(<4t>172.18.0.1:34090->172.18.0.3:80) size=8000 
read res=987 data=GET /wp-content/plugins/leaguemanager/leaguemanager.js?ver=3.9.1.1 HTTP/1.1..Hos 
stat 
stat res=0 path=/var/www/html/wp-content/plugins/leaguemanager/leaguemanager.js 
open 
open fd=-2(ENOENT) name=/var/www/.htaccess flags=4097(O_RDONLY|O_CLOEXEC) mode=0 dev=0 
open 
open fd=11(<f>/var/www/html/.htaccess) name=/var/www/html/.htaccess flags=4097(O_RDONLY|O_CLOEXEC) mode=0 dev=34 
fstat fd=11(<f>/var/www/html/.htaccess) 
fstat res=0 
read fd=11(<f>/var/www/html/.htaccess) size=4096 
read res=234 data=# BEGIN WordPress.<IfModule mod_rewrite.c>.RewriteEngine On.RewriteBase /.Rewrit 
read fd=11(<f>/var/www/html/.htaccess) size=4096 
read res=0 data= 
close fd=11(<f>/var/www/html/.htaccess) 
close res=0 
open 
open fd=-2(ENOENT) name=/var/www/html/wp-content/.htaccess flags=4097(O_RDONLY|O_CLOEXEC) mode=0 dev=0 
open 
open fd=-2(ENOENT) name=/var/www/html/wp-content/plugins/.htaccess flags=4097(O_RDONLY|O_CLOEXEC) mode=0 dev=0 
open 
open fd=-2(ENOENT) name=/var/www/html/wp-content/plugins/leaguemanager/.htaccess flags=4097(O_RDONLY|O_CLOEXEC) mode=0 dev=0 
open 
open fd=-20(ENOTDIR) name=/var/www/html/wp-content/plugins/leaguemanager/leaguemanager.js/.htaccess flags=4097(O_RDONLY|O_CLOEXEC) mode=0 dev=0 
stat 
stat res=0 path=/var/www/html/wp-content/plugins/leaguemanager/leaguemanager.js 
open 
open fd=11(<f>/var/www/html/wp-content/plugins/leaguemanager/leaguemanager.js) name=/var/www/html/wp-content/plugins/leaguemanager/leaguemanager.js flags=4097(O_RDONLY|O_CLOEXEC) mode=0 dev=34 
mmap addr=0 length=849 prot=1(PROT_READ) flags=1(MAP_SHARED) fd=11(<f>/var/www/html/wp-content/plugins/leaguemanager/leaguemanager.js) offset=0 
mmap res=7F9585219000 vm_size=383376 vm_rss=10276 vm_swap=0 
brk addr=559B114E5000 
brk res=559B114E5000 vm_size=383568 vm_rss=10276 vm_swap=0 
munmap addr=7F9585219000 length=849 
munmap res=0 vm_size=383564 vm_rss=10400 vm_swap=0 
brk addr=559B114B5000 
brk res=559B114B5000 vm_size=383372 vm_rss=10316 vm_swap=0 
read fd=10(<4t>172.18.0.1:34090->172.18.0.3:80) size=8000 
read res=-11(EAGAIN) data= 
writev fd=10(<4t>172.18.0.1:34090->172.18.0.3:80) size=721 
writev res=721 data=HTTP/1.1 200 OK..Date: Thu, 10 Aug 2023 01:58:45 GMT..Server: Apache/2.4.25 (Deb 
write fd=7(<p>pipe:[2233673]) size=226 
write res=226 data=172.18.0.1 - - [10/Aug/2023:01:58:45 +0000] "GET /wp-content/plugins/leaguemanag 
times 
times 
close fd=11(<f>/var/www/html/wp-content/plugins/leaguemanager/leaguemanager.js) 
close res=0 
poll fds=10:41 timeout=5000 
poll res=1 fds=10:41 
read fd=10(<4t>172.18.0.1:34090->172.18.0.3:80) size=8000 
read res=792 data=GET /wp-includes/js/wp-a11y.min.js?ver=4.9.2 HTTP/1.1..Host: localhost:9000..Use 
stat 
stat res=0 path=/var/www/html/wp-includes/js/wp-a11y.min.js 
open 
open fd=-2(ENOENT) name=/var/www/.htaccess flags=4097(O_RDONLY|O_CLOEXEC) mode=0 dev=0 
open 
open fd=11(<f>/var/www/html/.htaccess) name=/var/www/html/.htaccess flags=4097(O_RDONLY|O_CLOEXEC) mode=0 dev=34 
fstat fd=11(<f>/var/www/html/.htaccess) 
fstat res=0 
read fd=11(<f>/var/www/html/.htaccess) size=4096 
read res=234 data=# BEGIN WordPress.<IfModule mod_rewrite.c>.RewriteEngine On.RewriteBase /.Rewrit 
read fd=11(<f>/var/www/html/.htaccess) size=4096 
read res=0 data= 
close fd=11(<f>/var/www/html/.htaccess) 
close res=0 
open 
open fd=-2(ENOENT) name=/var/www/html/wp-includes/.htaccess flags=4097(O_RDONLY|O_CLOEXEC) mode=0 dev=0 
open 
open fd=-2(ENOENT) name=/var/www/html/wp-includes/js/.htaccess flags=4097(O_RDONLY|O_CLOEXEC) mode=0 dev=0 
open 
open fd=-20(ENOTDIR) name=/var/www/html/wp-includes/js/wp-a11y.min.js/.htaccess flags=4097(O_RDONLY|O_CLOEXEC) mode=0 dev=0 
stat 
stat res=0 path=/var/www/html/wp-includes/js/wp-a11y.min.js 
open 
open fd=11(<f>/var/www/html/wp-includes/js/wp-a11y.min.js) name=/var/www/html/wp-includes/js/wp-a11y.min.js flags=4097(O_RDONLY|O_CLOEXEC) mode=0 dev=34 
mmap addr=0 length=653 prot=1(PROT_READ) flags=1(MAP_SHARED) fd=11(<f>/var/www/html/wp-includes/js/wp-a11y.min.js) offset=0 
mmap res=7F9585219000 vm_size=383376 vm_rss=10316 vm_swap=0 
brk addr=559B114E5000 
brk res=559B114E5000 vm_size=383568 vm_rss=10316 vm_swap=0 
munmap addr=7F9585219000 length=653 
munmap res=0 vm_size=383564 vm_rss=10400 vm_swap=0 
brk addr=559B114B5000 
brk res=559B114B5000 vm_size=383372 vm_rss=10316 vm_swap=0 
read fd=10(<4t>172.18.0.1:34090->172.18.0.3:80) size=8000 
read res=-11(EAGAIN) data= 
writev fd=10(<4t>172.18.0.1:34090->172.18.0.3:80) size=723 
writev res=723 data=HTTP/1.1 200 OK..Date: Thu, 10 Aug 2023 01:58:45 GMT..Server: Apache/2.4.25 (Deb 
write fd=7(<p>pipe:[2233673]) size=204 
write res=204 data=172.18.0.1 - - [10/Aug/2023:01:58:45 +0000] "GET /wp-includes/js/wp-a11y.min.js? 
times 
times 
close fd=11(<f>/var/www/html/wp-includes/js/wp-a11y.min.js) 
close res=0 
poll fds=10:41 timeout=5000 
poll res=1 fds=10:41 
read fd=10(<4t>172.18.0.1:34090->172.18.0.3:80) size=8000 
read res=809 data=GET /wp-includes/js/jquery/jquery.ui.touch-punch.js?ver=0.2.2 HTTP/1.1..Host: lo 
stat 
stat res=0 path=/var/www/html/wp-includes/js/jquery/jquery.ui.touch-punch.js 
open 
open fd=-2(ENOENT) name=/var/www/.htaccess flags=4097(O_RDONLY|O_CLOEXEC) mode=0 dev=0 
open 
open fd=11(<f>/var/www/html/.htaccess) name=/var/www/html/.htaccess flags=4097(O_RDONLY|O_CLOEXEC) mode=0 dev=34 
fstat fd=11(<f>/var/www/html/.htaccess) 
fstat res=0 
read fd=11(<f>/var/www/html/.htaccess) size=4096 
read res=234 data=# BEGIN WordPress.<IfModule mod_rewrite.c>.RewriteEngine On.RewriteBase /.Rewrit 
read fd=11(<f>/var/www/html/.htaccess) size=4096 
read res=0 data= 
close fd=11(<f>/var/www/html/.htaccess) 
close res=0 
open 
open fd=-2(ENOENT) name=/var/www/html/wp-includes/.htaccess flags=4097(O_RDONLY|O_CLOEXEC) mode=0 dev=0 
open 
open fd=-2(ENOENT) name=/var/www/html/wp-includes/js/.htaccess flags=4097(O_RDONLY|O_CLOEXEC) mode=0 dev=0 
open 
open fd=-2(ENOENT) name=/var/www/html/wp-includes/js/jquery/.htaccess flags=4097(O_RDONLY|O_CLOEXEC) mode=0 dev=0 
open 
open fd=-20(ENOTDIR) name=/var/www/html/wp-includes/js/jquery/jquery.ui.touch-punch.js/.htaccess flags=4097(O_RDONLY|O_CLOEXEC) mode=0 dev=0 
stat 
stat res=0 path=/var/www/html/wp-includes/js/jquery/jquery.ui.touch-punch.js 
open 
open fd=11(<f>/var/www/html/wp-includes/js/jquery/jquery.ui.touch-punch.js) name=/var/www/html/wp-includes/js/jquery/jquery.ui.touch-punch.js flags=4097(O_RDONLY|O_CLOEXEC) mode=0 dev=34 
mmap addr=0 length=1179 prot=1(PROT_READ) flags=1(MAP_SHARED) fd=11(<f>/var/www/html/wp-includes/js/jquery/jquery.ui.touch-punch.js) offset=0 
mmap res=7F9585219000 vm_size=383376 vm_rss=10316 vm_swap=0 
brk addr=559B114E5000 
brk res=559B114E5000 vm_size=383568 vm_rss=10316 vm_swap=0 
munmap addr=7F9585219000 length=1179 
munmap res=0 vm_size=383564 vm_rss=10400 vm_swap=0 
brk addr=559B114B5000 
brk res=559B114B5000 vm_size=383372 vm_rss=10316 vm_swap=0 
read fd=10(<4t>172.18.0.1:34090->172.18.0.3:80) size=8000 
read res=-11(EAGAIN) data= 
writev fd=10(<4t>172.18.0.1:34090->172.18.0.3:80) size=934 
writev res=934 data=HTTP/1.1 200 OK..Date: Thu, 10 Aug 2023 01:58:45 GMT..Server: Apache/2.4.25 (Deb 
write fd=7(<p>pipe:[2233673]) size=221 
write res=221 data=172.18.0.1 - - [10/Aug/2023:01:58:45 +0000] "GET /wp-includes/js/jquery/jquery.u 
times 
times 
close fd=11(<f>/var/www/html/wp-includes/js/jquery/jquery.ui.touch-punch.js) 
close res=0 
poll fds=10:41 timeout=5000 
clone res=0 exe=apache2 args=-DFOREGROUND. tid=829125(apache2) pid=829125(apache2) ptid=828543(apache2) cwd= fdlimit=1048576 pgft_maj=0 pgft_min=1 vm_size=383104 vm_rss=7640 vm_swap=0 comm=apache2 cgroups=cpuset=/system.slice/docker-4d81cb26c66231747b04db742cd4f8fff01cc68354eaa9325... flags=562036736(CLONE_CHILD_CLEARTID|CLONE_CHILD_SETTID) uid=0 gid=0 vtid=75 vpid=75 
set_robust_list 
set_robust_list 
rt_sigaction 
rt_sigaction 
rt_sigaction 
rt_sigaction 
rt_sigaction 
rt_sigaction 
getpid 
getpid 
getpid 
getpid 
mmap addr=0 length=8192 prot=3(PROT_READ|PROT_WRITE) flags=10(MAP_PRIVATE|MAP_ANONYMOUS) fd=-1(EPERM) offset=0 
mmap res=7F9585228000 vm_size=383112 vm_rss=7640 vm_swap=0 
mmap addr=0 length=8192 prot=3(PROT_READ|PROT_WRITE) flags=10(MAP_PRIVATE|MAP_ANONYMOUS) fd=-1(EPERM) offset=0 
mmap res=7F9585226000 vm_size=383120 vm_rss=7640 vm_swap=0 
geteuid 
geteuid euid=0(root) 
setgid gid=33(www-data) 
setgid res=0 
open 
open fd=9(<f>/proc/sys/kernel/ngroups_max) name=/proc/sys/kernel/ngroups_max flags=1(O_RDONLY) mode=0 dev=64 
read fd=9(<f>/proc/sys/kernel/ngroups_max) size=31 
read res=6 data=65536. 
close fd=9(<f>/proc/sys/kernel/ngroups_max) 
close res=0 
open 
open fd=9(<f>/etc/group) name=/etc/group flags=4097(O_RDONLY|O_CLOEXEC) mode=0 dev=62 
lseek fd=9(<f>/etc/group) offset=0 whence=1(SEEK_CUR) 
lseek res=0 
fstat fd=9(<f>/etc/group) 
fstat res=0 
mmap addr=0 length=446 prot=1(PROT_READ) flags=1(MAP_SHARED) fd=9(<f>/etc/group) offset=0 
mmap res=7F9585225000 vm_size=383124 vm_rss=7640 vm_swap=0 
lseek fd=9(<f>/etc/group) offset=446 whence=0(SEEK_SET) 
lseek res=446 
fstat fd=9(<f>/etc/group) 
fstat res=0 
munmap addr=7F9585225000 length=446 
munmap res=0 vm_size=383120 vm_rss=9100 vm_swap=0 
close fd=9(<f>/etc/group) 
close res=0 
setgroups 
setgroups 
geteuid 
geteuid euid=0(root) 
setuid uid=33(www-data) 
setuid res=0 
getpid 
getpid 
rt_sigaction 
rt_sigaction 
rt_sigaction 
rt_sigaction 
rt_sigaction 
rt_sigaction 
rt_sigaction 
rt_sigaction 
rt_sigaction 
rt_sigaction 
rt_sigaction 
rt_sigaction 
rt_sigaction 
rt_sigaction 
rt_sigaction 
rt_sigaction 
rt_sigaction 
rt_sigaction 
rt_sigaction 
rt_sigaction 
rt_sigaction 
rt_sigaction 
rt_sigaction 
rt_sigaction 
rt_sigaction 
rt_sigaction 
rt_sigaction 
rt_sigaction 
rt_sigaction 
rt_sigaction 
rt_sigaction 
rt_sigaction 
rt_sigaction 
rt_sigaction 
rt_sigaction 
rt_sigaction 
rt_sigaction 
rt_sigaction 
rt_sigaction 
rt_sigaction 
rt_sigaction 
rt_sigaction 
rt_sigaction 
rt_sigaction 
rt_sigaction 
rt_sigaction 
rt_sigaction 
rt_sigaction 
rt_sigaction 
rt_sigaction 
rt_sigaction 
rt_sigaction 
rt_sigaction 
rt_sigaction 
rt_sigaction 
rt_sigaction 
rt_sigaction 
rt_sigaction 
rt_sigaction 
rt_sigaction 
rt_sigaction 
rt_sigaction 
rt_sigaction 
rt_sigaction 
rt_sigaction 
rt_sigaction 
rt_sigaction 
rt_sigaction 
rt_sigaction 
rt_sigaction 
rt_sigaction 
rt_sigaction 
rt_sigaction 
rt_sigaction 
rt_sigaction 
rt_sigaction 
rt_sigaction 
rt_sigaction 
rt_sigaction 
rt_sigaction 
rt_sigaction 
rt_sigaction 
rt_sigaction 
rt_sigaction 
rt_sigaction 
rt_sigaction 
rt_sigaction 
rt_sigaction 
rt_sigaction 
rt_sigaction 
rt_sigaction 
rt_sigaction 
rt_sigaction 
rt_sigaction 
rt_sigaction 
rt_sigaction 
rt_sigaction 
rt_sigaction 
rt_sigaction 
rt_sigaction 
rt_sigaction 
rt_sigaction 
rt_sigaction 
rt_sigaction 
rt_sigaction 
rt_sigaction 
rt_sigaction 
rt_sigaction 
rt_sigaction 
rt_sigaction 
rt_sigaction 
rt_sigaction 
rt_sigaction 
rt_sigaction 
rt_sigaction 
rt_sigaction 
rt_sigaction 
rt_sigaction 
rt_sigaction 
rt_sigaction 
rt_sigaction 
rt_sigaction 
rt_sigaction 
rt_sigaction 
mmap addr=0 length=8192 prot=3(PROT_READ|PROT_WRITE) flags=10(MAP_PRIVATE|MAP_ANONYMOUS) fd=-1(EPERM) offset=0 
mmap res=7F9585224000 vm_size=383128 vm_rss=9100 vm_swap=0 
getpid 
getpid 
epoll_create1 
epoll_create1 
epoll_ctl 
epoll_ctl 
mmap addr=0 length=8192 prot=3(PROT_READ|PROT_WRITE) flags=10(MAP_PRIVATE|MAP_ANONYMOUS) fd=-1(EPERM) offset=0 
mmap res=7F9585222000 vm_size=383136 vm_rss=9100 vm_swap=0 
accept flags=0 
clone res=0 exe=apache2 args=-DFOREGROUND. tid=829131(apache2) pid=829131(apache2) ptid=828543(apache2) cwd= fdlimit=1048576 pgft_maj=0 pgft_min=1 vm_size=383104 vm_rss=7640 vm_swap=0 comm=apache2 cgroups=cpuset=/system.slice/docker-4d81cb26c66231747b04db742cd4f8fff01cc68354eaa9325... flags=562036736(CLONE_CHILD_CLEARTID|CLONE_CHILD_SETTID) uid=0 gid=0 vtid=76 vpid=76 
set_robust_list 
set_robust_list 
rt_sigaction 
rt_sigaction 
rt_sigaction 
rt_sigaction 
rt_sigaction 
rt_sigaction 
getpid 
getpid 
getpid 
getpid 
mmap addr=0 length=8192 prot=3(PROT_READ|PROT_WRITE) flags=10(MAP_PRIVATE|MAP_ANONYMOUS) fd=-1(EPERM) offset=0 
mmap res=7F9585228000 vm_size=383112 vm_rss=7640 vm_swap=0 
mmap addr=0 length=8192 prot=3(PROT_READ|PROT_WRITE) flags=10(MAP_PRIVATE|MAP_ANONYMOUS) fd=-1(EPERM) offset=0 
mmap res=7F9585226000 vm_size=383120 vm_rss=7640 vm_swap=0 
geteuid 
geteuid euid=0(root) 
setgid gid=33(www-data) 
setgid res=0 
open 
open fd=9(<f>/proc/sys/kernel/ngroups_max) name=/proc/sys/kernel/ngroups_max flags=1(O_RDONLY) mode=0 dev=64 
read fd=9(<f>/proc/sys/kernel/ngroups_max) size=31 
read res=6 data=65536. 
close fd=9(<f>/proc/sys/kernel/ngroups_max) 
close res=0 
open 
open fd=9(<f>/etc/group) name=/etc/group flags=4097(O_RDONLY|O_CLOEXEC) mode=0 dev=62 
lseek fd=9(<f>/etc/group) offset=0 whence=1(SEEK_CUR) 
lseek res=0 
fstat fd=9(<f>/etc/group) 
fstat res=0 
mmap addr=0 length=446 prot=1(PROT_READ) flags=1(MAP_SHARED) fd=9(<f>/etc/group) offset=0 
mmap res=7F9585225000 vm_size=383124 vm_rss=7640 vm_swap=0 
lseek fd=9(<f>/etc/group) offset=446 whence=0(SEEK_SET) 
lseek res=446 
fstat fd=9(<f>/etc/group) 
fstat res=0 
munmap addr=7F9585225000 length=446 
munmap res=0 vm_size=383120 vm_rss=9100 vm_swap=0 
close fd=9(<f>/etc/group) 
close res=0 
setgroups 
setgroups 
geteuid 
geteuid euid=0(root) 
setuid uid=33(www-data) 
setuid res=0 
getpid 
getpid 
rt_sigaction 
rt_sigaction 
rt_sigaction 
rt_sigaction 
rt_sigaction 
rt_sigaction 
rt_sigaction 
rt_sigaction 
rt_sigaction 
rt_sigaction 
rt_sigaction 
rt_sigaction 
rt_sigaction 
rt_sigaction 
rt_sigaction 
rt_sigaction 
rt_sigaction 
rt_sigaction 
rt_sigaction 
rt_sigaction 
rt_sigaction 
rt_sigaction 
rt_sigaction 
rt_sigaction 
rt_sigaction 
rt_sigaction 
rt_sigaction 
rt_sigaction 
rt_sigaction 
rt_sigaction 
rt_sigaction 
rt_sigaction 
rt_sigaction 
rt_sigaction 
rt_sigaction 
rt_sigaction 
rt_sigaction 
rt_sigaction 
rt_sigaction 
rt_sigaction 
rt_sigaction 
rt_sigaction 
rt_sigaction 
rt_sigaction 
rt_sigaction 
rt_sigaction 
rt_sigaction 
rt_sigaction 
rt_sigaction 
rt_sigaction 
rt_sigaction 
rt_sigaction 
rt_sigaction 
rt_sigaction 
rt_sigaction 
rt_sigaction 
rt_sigaction 
rt_sigaction 
rt_sigaction 
rt_sigaction 
rt_sigaction 
rt_sigaction 
rt_sigaction 
rt_sigaction 
rt_sigaction 
rt_sigaction 
rt_sigaction 
rt_sigaction 
rt_sigaction 
rt_sigaction 
rt_sigaction 
rt_sigaction 
rt_sigaction 
rt_sigaction 
rt_sigaction 
rt_sigaction 
rt_sigaction 
rt_sigaction 
rt_sigaction 
rt_sigaction 
rt_sigaction 
rt_sigaction 
rt_sigaction 
rt_sigaction 
rt_sigaction 
rt_sigaction 
rt_sigaction 
rt_sigaction 
rt_sigaction 
rt_sigaction 
rt_sigaction 
rt_sigaction 
rt_sigaction 
rt_sigaction 
rt_sigaction 
rt_sigaction 
rt_sigaction 
rt_sigaction 
rt_sigaction 
rt_sigaction 
rt_sigaction 
rt_sigaction 
rt_sigaction 
rt_sigaction 
rt_sigaction 
rt_sigaction 
rt_sigaction 
rt_sigaction 
rt_sigaction 
rt_sigaction 
rt_sigaction 
rt_sigaction 
rt_sigaction 
rt_sigaction 
rt_sigaction 
rt_sigaction 
rt_sigaction 
rt_sigaction 
rt_sigaction 
rt_sigaction 
rt_sigaction 
rt_sigaction 
rt_sigaction 
rt_sigaction 
mmap addr=0 length=8192 prot=3(PROT_READ|PROT_WRITE) flags=10(MAP_PRIVATE|MAP_ANONYMOUS) fd=-1(EPERM) offset=0 
mmap res=7F9585224000 vm_size=383128 vm_rss=9100 vm_swap=0 
getpid 
getpid 
epoll_create1 
epoll_create1 
epoll_ctl 
epoll_ctl 
mmap addr=0 length=8192 prot=3(PROT_READ|PROT_WRITE) flags=10(MAP_PRIVATE|MAP_ANONYMOUS) fd=-1(EPERM) offset=0 
mmap res=7F9585222000 vm_size=383136 vm_rss=9100 vm_swap=0 
accept flags=0 
clone res=0 exe=apache2 args=-DFOREGROUND. tid=829132(apache2) pid=829132(apache2) ptid=828543(apache2) cwd= fdlimit=1048576 pgft_maj=0 pgft_min=1 vm_size=383104 vm_rss=7640 vm_swap=0 comm=apache2 cgroups=cpuset=/system.slice/docker-4d81cb26c66231747b04db742cd4f8fff01cc68354eaa9325... flags=562036736(CLONE_CHILD_CLEARTID|CLONE_CHILD_SETTID) uid=0 gid=0 vtid=77 vpid=77 
set_robust_list 
set_robust_list 
rt_sigaction 
rt_sigaction 
rt_sigaction 
rt_sigaction 
rt_sigaction 
rt_sigaction 
getpid 
getpid 
getpid 
getpid 
mmap addr=0 length=8192 prot=3(PROT_READ|PROT_WRITE) flags=10(MAP_PRIVATE|MAP_ANONYMOUS) fd=-1(EPERM) offset=0 
mmap res=7F9585228000 vm_size=383112 vm_rss=7640 vm_swap=0 
mmap addr=0 length=8192 prot=3(PROT_READ|PROT_WRITE) flags=10(MAP_PRIVATE|MAP_ANONYMOUS) fd=-1(EPERM) offset=0 
mmap res=7F9585226000 vm_size=383120 vm_rss=7640 vm_swap=0 
geteuid 
geteuid euid=0(root) 
setgid gid=33(www-data) 
setgid res=0 
open 
open fd=9(<f>/proc/sys/kernel/ngroups_max) name=/proc/sys/kernel/ngroups_max flags=1(O_RDONLY) mode=0 dev=64 
read fd=9(<f>/proc/sys/kernel/ngroups_max) size=31 
read res=6 data=65536. 
close fd=9(<f>/proc/sys/kernel/ngroups_max) 
close res=0 
open 
open fd=9(<f>/etc/group) name=/etc/group flags=4097(O_RDONLY|O_CLOEXEC) mode=0 dev=62 
lseek fd=9(<f>/etc/group) offset=0 whence=1(SEEK_CUR) 
lseek res=0 
fstat fd=9(<f>/etc/group) 
fstat res=0 
mmap addr=0 length=446 prot=1(PROT_READ) flags=1(MAP_SHARED) fd=9(<f>/etc/group) offset=0 
mmap res=7F9585225000 vm_size=383124 vm_rss=7640 vm_swap=0 
lseek fd=9(<f>/etc/group) offset=446 whence=0(SEEK_SET) 
lseek res=446 
fstat fd=9(<f>/etc/group) 
fstat res=0 
munmap addr=7F9585225000 length=446 
munmap res=0 vm_size=383120 vm_rss=9100 vm_swap=0 
close fd=9(<f>/etc/group) 
close res=0 
setgroups 
setgroups 
geteuid 
geteuid euid=0(root) 
setuid uid=33(www-data) 
setuid res=0 
getpid 
getpid 
rt_sigaction 
rt_sigaction 
rt_sigaction 
rt_sigaction 
rt_sigaction 
rt_sigaction 
rt_sigaction 
rt_sigaction 
rt_sigaction 
rt_sigaction 
rt_sigaction 
rt_sigaction 
rt_sigaction 
rt_sigaction 
rt_sigaction 
rt_sigaction 
rt_sigaction 
rt_sigaction 
rt_sigaction 
rt_sigaction 
rt_sigaction 
rt_sigaction 
rt_sigaction 
rt_sigaction 
rt_sigaction 
rt_sigaction 
rt_sigaction 
rt_sigaction 
rt_sigaction 
rt_sigaction 
rt_sigaction 
rt_sigaction 
rt_sigaction 
rt_sigaction 
rt_sigaction 
rt_sigaction 
rt_sigaction 
rt_sigaction 
rt_sigaction 
rt_sigaction 
rt_sigaction 
rt_sigaction 
rt_sigaction 
rt_sigaction 
rt_sigaction 
rt_sigaction 
rt_sigaction 
rt_sigaction 
rt_sigaction 
rt_sigaction 
rt_sigaction 
rt_sigaction 
rt_sigaction 
rt_sigaction 
rt_sigaction 
rt_sigaction 
rt_sigaction 
rt_sigaction 
rt_sigaction 
rt_sigaction 
rt_sigaction 
rt_sigaction 
rt_sigaction 
rt_sigaction 
rt_sigaction 
rt_sigaction 
rt_sigaction 
rt_sigaction 
rt_sigaction 
rt_sigaction 
rt_sigaction 
rt_sigaction 
rt_sigaction 
rt_sigaction 
rt_sigaction 
rt_sigaction 
rt_sigaction 
rt_sigaction 
rt_sigaction 
rt_sigaction 
rt_sigaction 
rt_sigaction 
rt_sigaction 
rt_sigaction 
rt_sigaction 
rt_sigaction 
rt_sigaction 
rt_sigaction 
rt_sigaction 
rt_sigaction 
rt_sigaction 
rt_sigaction 
rt_sigaction 
rt_sigaction 
rt_sigaction 
rt_sigaction 
rt_sigaction 
rt_sigaction 
rt_sigaction 
rt_sigaction 
rt_sigaction 
rt_sigaction 
rt_sigaction 
rt_sigaction 
rt_sigaction 
rt_sigaction 
rt_sigaction 
rt_sigaction 
rt_sigaction 
rt_sigaction 
rt_sigaction 
rt_sigaction 
rt_sigaction 
rt_sigaction 
rt_sigaction 
rt_sigaction 
rt_sigaction 
rt_sigaction 
rt_sigaction 
rt_sigaction 
rt_sigaction 
rt_sigaction 
rt_sigaction 
rt_sigaction 
mmap addr=0 length=8192 prot=3(PROT_READ|PROT_WRITE) flags=10(MAP_PRIVATE|MAP_ANONYMOUS) fd=-1(EPERM) offset=0 
mmap res=7F9585224000 vm_size=383128 vm_rss=9100 vm_swap=0 
getpid 
getpid 
epoll_create1 
epoll_create1 
epoll_ctl 
epoll_ctl 
mmap addr=0 length=8192 prot=3(PROT_READ|PROT_WRITE) flags=10(MAP_PRIVATE|MAP_ANONYMOUS) fd=-1(EPERM) offset=0 
mmap res=7F9585222000 vm_size=383136 vm_rss=9100 vm_swap=0 
accept flags=0 
clone res=0 exe=apache2 args=-DFOREGROUND. tid=829136(apache2) pid=829136(apache2) ptid=828543(apache2) cwd= fdlimit=1048576 pgft_maj=0 pgft_min=1 vm_size=383104 vm_rss=7640 vm_swap=0 comm=apache2 cgroups=cpuset=/system.slice/docker-4d81cb26c66231747b04db742cd4f8fff01cc68354eaa9325... flags=562036736(CLONE_CHILD_CLEARTID|CLONE_CHILD_SETTID) uid=0 gid=0 vtid=78 vpid=78 
set_robust_list 
set_robust_list 
rt_sigaction 
rt_sigaction 
rt_sigaction 
rt_sigaction 
rt_sigaction 
rt_sigaction 
getpid 
getpid 
getpid 
getpid 
mmap addr=0 length=8192 prot=3(PROT_READ|PROT_WRITE) flags=10(MAP_PRIVATE|MAP_ANONYMOUS) fd=-1(EPERM) offset=0 
mmap res=7F9585228000 vm_size=383112 vm_rss=7640 vm_swap=0 
mmap addr=0 length=8192 prot=3(PROT_READ|PROT_WRITE) flags=10(MAP_PRIVATE|MAP_ANONYMOUS) fd=-1(EPERM) offset=0 
mmap res=7F9585226000 vm_size=383120 vm_rss=7640 vm_swap=0 
geteuid 
geteuid euid=0(root) 
setgid gid=33(www-data) 
setgid res=0 
open 
open fd=9(<f>/proc/sys/kernel/ngroups_max) name=/proc/sys/kernel/ngroups_max flags=1(O_RDONLY) mode=0 dev=64 
read fd=9(<f>/proc/sys/kernel/ngroups_max) size=31 
read res=6 data=65536. 
close fd=9(<f>/proc/sys/kernel/ngroups_max) 
close res=0 
open 
open fd=9(<f>/etc/group) name=/etc/group flags=4097(O_RDONLY|O_CLOEXEC) mode=0 dev=62 
lseek fd=9(<f>/etc/group) offset=0 whence=1(SEEK_CUR) 
lseek res=0 
fstat fd=9(<f>/etc/group) 
fstat res=0 
mmap addr=0 length=446 prot=1(PROT_READ) flags=1(MAP_SHARED) fd=9(<f>/etc/group) offset=0 
mmap res=7F9585225000 vm_size=383124 vm_rss=7640 vm_swap=0 
lseek fd=9(<f>/etc/group) offset=446 whence=0(SEEK_SET) 
lseek res=446 
fstat fd=9(<f>/etc/group) 
fstat res=0 
munmap addr=7F9585225000 length=446 
munmap res=0 vm_size=383120 vm_rss=9100 vm_swap=0 
close fd=9(<f>/etc/group) 
close res=0 
setgroups 
setgroups 
geteuid 
geteuid euid=0(root) 
setuid uid=33(www-data) 
setuid res=0 
getpid 
getpid 
rt_sigaction 
rt_sigaction 
rt_sigaction 
rt_sigaction 
rt_sigaction 
rt_sigaction 
rt_sigaction 
rt_sigaction 
rt_sigaction 
rt_sigaction 
rt_sigaction 
rt_sigaction 
rt_sigaction 
rt_sigaction 
rt_sigaction 
rt_sigaction 
rt_sigaction 
rt_sigaction 
rt_sigaction 
rt_sigaction 
rt_sigaction 
rt_sigaction 
rt_sigaction 
rt_sigaction 
rt_sigaction 
rt_sigaction 
rt_sigaction 
rt_sigaction 
rt_sigaction 
rt_sigaction 
rt_sigaction 
rt_sigaction 
rt_sigaction 
rt_sigaction 
rt_sigaction 
rt_sigaction 
rt_sigaction 
rt_sigaction 
rt_sigaction 
rt_sigaction 
rt_sigaction 
rt_sigaction 
rt_sigaction 
rt_sigaction 
rt_sigaction 
rt_sigaction 
rt_sigaction 
rt_sigaction 
rt_sigaction 
rt_sigaction 
rt_sigaction 
rt_sigaction 
rt_sigaction 
rt_sigaction 
rt_sigaction 
rt_sigaction 
rt_sigaction 
rt_sigaction 
rt_sigaction 
rt_sigaction 
rt_sigaction 
rt_sigaction 
rt_sigaction 
rt_sigaction 
rt_sigaction 
rt_sigaction 
rt_sigaction 
rt_sigaction 
rt_sigaction 
rt_sigaction 
rt_sigaction 
rt_sigaction 
rt_sigaction 
rt_sigaction 
rt_sigaction 
rt_sigaction 
rt_sigaction 
rt_sigaction 
rt_sigaction 
rt_sigaction 
rt_sigaction 
rt_sigaction 
rt_sigaction 
rt_sigaction 
rt_sigaction 
rt_sigaction 
rt_sigaction 
rt_sigaction 
rt_sigaction 
rt_sigaction 
rt_sigaction 
rt_sigaction 
rt_sigaction 
rt_sigaction 
rt_sigaction 
rt_sigaction 
rt_sigaction 
rt_sigaction 
rt_sigaction 
rt_sigaction 
rt_sigaction 
rt_sigaction 
rt_sigaction 
rt_sigaction 
rt_sigaction 
rt_sigaction 
rt_sigaction 
rt_sigaction 
rt_sigaction 
rt_sigaction 
rt_sigaction 
rt_sigaction 
rt_sigaction 
rt_sigaction 
rt_sigaction 
rt_sigaction 
rt_sigaction 
rt_sigaction 
rt_sigaction 
rt_sigaction 
rt_sigaction 
rt_sigaction 
rt_sigaction 
rt_sigaction 
mmap addr=0 length=8192 prot=3(PROT_READ|PROT_WRITE) flags=10(MAP_PRIVATE|MAP_ANONYMOUS) fd=-1(EPERM) offset=0 
mmap res=7F9585224000 vm_size=383128 vm_rss=9100 vm_swap=0 
getpid 
getpid 
epoll_create1 
epoll_create1 
epoll_ctl 
epoll_ctl 
mmap addr=0 length=8192 prot=3(PROT_READ|PROT_WRITE) flags=10(MAP_PRIVATE|MAP_ANONYMOUS) fd=-1(EPERM) offset=0 
mmap res=7F9585222000 vm_size=383136 vm_rss=9100 vm_swap=0 
accept flags=0 
clone res=0 exe=apache2 args=-DFOREGROUND. tid=829137(apache2) pid=829137(apache2) ptid=828543(apache2) cwd= fdlimit=1048576 pgft_maj=0 pgft_min=1 vm_size=383104 vm_rss=7640 vm_swap=0 comm=apache2 cgroups=cpuset=/system.slice/docker-4d81cb26c66231747b04db742cd4f8fff01cc68354eaa9325... flags=562036736(CLONE_CHILD_CLEARTID|CLONE_CHILD_SETTID) uid=0 gid=0 vtid=79 vpid=79 
set_robust_list 
set_robust_list 
rt_sigaction 
rt_sigaction 
rt_sigaction 
rt_sigaction 
rt_sigaction 
rt_sigaction 
getpid 
getpid 
getpid 
getpid 
mmap addr=0 length=8192 prot=3(PROT_READ|PROT_WRITE) flags=10(MAP_PRIVATE|MAP_ANONYMOUS) fd=-1(EPERM) offset=0 
mmap res=7F9585228000 vm_size=383112 vm_rss=7640 vm_swap=0 
mmap addr=0 length=8192 prot=3(PROT_READ|PROT_WRITE) flags=10(MAP_PRIVATE|MAP_ANONYMOUS) fd=-1(EPERM) offset=0 
mmap res=7F9585226000 vm_size=383120 vm_rss=7640 vm_swap=0 
geteuid 
geteuid euid=0(root) 
setgid gid=33(www-data) 
setgid res=0 
open 
open fd=9(<f>/proc/sys/kernel/ngroups_max) name=/proc/sys/kernel/ngroups_max flags=1(O_RDONLY) mode=0 dev=64 
read fd=9(<f>/proc/sys/kernel/ngroups_max) size=31 
read res=6 data=65536. 
close fd=9(<f>/proc/sys/kernel/ngroups_max) 
close res=0 
open 
open fd=9(<f>/etc/group) name=/etc/group flags=4097(O_RDONLY|O_CLOEXEC) mode=0 dev=62 
lseek fd=9(<f>/etc/group) offset=0 whence=1(SEEK_CUR) 
lseek res=0 
fstat fd=9(<f>/etc/group) 
fstat res=0 
mmap addr=0 length=446 prot=1(PROT_READ) flags=1(MAP_SHARED) fd=9(<f>/etc/group) offset=0 
mmap res=7F9585225000 vm_size=383124 vm_rss=7640 vm_swap=0 
lseek fd=9(<f>/etc/group) offset=446 whence=0(SEEK_SET) 
lseek res=446 
fstat fd=9(<f>/etc/group) 
fstat res=0 
munmap addr=7F9585225000 length=446 
munmap res=0 vm_size=383120 vm_rss=9100 vm_swap=0 
close fd=9(<f>/etc/group) 
close res=0 
setgroups 
setgroups 
geteuid 
geteuid euid=0(root) 
setuid uid=33(www-data) 
setuid res=0 
getpid 
getpid 
rt_sigaction 
rt_sigaction 
rt_sigaction 
rt_sigaction 
rt_sigaction 
rt_sigaction 
rt_sigaction 
rt_sigaction 
rt_sigaction 
rt_sigaction 
rt_sigaction 
rt_sigaction 
rt_sigaction 
rt_sigaction 
rt_sigaction 
rt_sigaction 
rt_sigaction 
rt_sigaction 
rt_sigaction 
rt_sigaction 
rt_sigaction 
rt_sigaction 
rt_sigaction 
rt_sigaction 
rt_sigaction 
rt_sigaction 
rt_sigaction 
rt_sigaction 
rt_sigaction 
rt_sigaction 
rt_sigaction 
rt_sigaction 
rt_sigaction 
rt_sigaction 
rt_sigaction 
rt_sigaction 
rt_sigaction 
rt_sigaction 
rt_sigaction 
rt_sigaction 
rt_sigaction 
rt_sigaction 
rt_sigaction 
rt_sigaction 
rt_sigaction 
rt_sigaction 
rt_sigaction 
rt_sigaction 
rt_sigaction 
rt_sigaction 
rt_sigaction 
rt_sigaction 
rt_sigaction 
rt_sigaction 
rt_sigaction 
rt_sigaction 
rt_sigaction 
rt_sigaction 
rt_sigaction 
rt_sigaction 
rt_sigaction 
rt_sigaction 
rt_sigaction 
rt_sigaction 
rt_sigaction 
rt_sigaction 
rt_sigaction 
rt_sigaction 
rt_sigaction 
rt_sigaction 
rt_sigaction 
rt_sigaction 
rt_sigaction 
rt_sigaction 
rt_sigaction 
rt_sigaction 
rt_sigaction 
rt_sigaction 
rt_sigaction 
rt_sigaction 
rt_sigaction 
rt_sigaction 
rt_sigaction 
rt_sigaction 
rt_sigaction 
rt_sigaction 
rt_sigaction 
rt_sigaction 
rt_sigaction 
rt_sigaction 
rt_sigaction 
rt_sigaction 
rt_sigaction 
rt_sigaction 
rt_sigaction 
rt_sigaction 
rt_sigaction 
rt_sigaction 
rt_sigaction 
rt_sigaction 
rt_sigaction 
rt_sigaction 
rt_sigaction 
rt_sigaction 
rt_sigaction 
rt_sigaction 
rt_sigaction 
rt_sigaction 
rt_sigaction 
rt_sigaction 
rt_sigaction 
rt_sigaction 
rt_sigaction 
rt_sigaction 
rt_sigaction 
rt_sigaction 
rt_sigaction 
rt_sigaction 
rt_sigaction 
rt_sigaction 
rt_sigaction 
rt_sigaction 
rt_sigaction 
rt_sigaction 
mmap addr=0 length=8192 prot=3(PROT_READ|PROT_WRITE) flags=10(MAP_PRIVATE|MAP_ANONYMOUS) fd=-1(EPERM) offset=0 
mmap res=7F9585224000 vm_size=383128 vm_rss=9100 vm_swap=0 
getpid 
getpid 
epoll_create1 
epoll_create1 
epoll_ctl 
epoll_ctl 
mmap addr=0 length=8192 prot=3(PROT_READ|PROT_WRITE) flags=10(MAP_PRIVATE|MAP_ANONYMOUS) fd=-1(EPERM) offset=0 
mmap res=7F9585222000 vm_size=383136 vm_rss=9100 vm_swap=0 
accept flags=0 
clone res=0 exe=apache2 args=-DFOREGROUND. tid=829138(apache2) pid=829138(apache2) ptid=828543(apache2) cwd= fdlimit=1048576 pgft_maj=0 pgft_min=1 vm_size=383104 vm_rss=7640 vm_swap=0 comm=apache2 cgroups=cpuset=/system.slice/docker-4d81cb26c66231747b04db742cd4f8fff01cc68354eaa9325... flags=562036736(CLONE_CHILD_CLEARTID|CLONE_CHILD_SETTID) uid=0 gid=0 vtid=80 vpid=80 
set_robust_list 
set_robust_list 
rt_sigaction 
rt_sigaction 
rt_sigaction 
rt_sigaction 
rt_sigaction 
rt_sigaction 
getpid 
getpid 
getpid 
getpid 
mmap addr=0 length=8192 prot=3(PROT_READ|PROT_WRITE) flags=10(MAP_PRIVATE|MAP_ANONYMOUS) fd=-1(EPERM) offset=0 
mmap res=7F9585228000 vm_size=383112 vm_rss=7640 vm_swap=0 
mmap addr=0 length=8192 prot=3(PROT_READ|PROT_WRITE) flags=10(MAP_PRIVATE|MAP_ANONYMOUS) fd=-1(EPERM) offset=0 
mmap res=7F9585226000 vm_size=383120 vm_rss=7640 vm_swap=0 
geteuid 
geteuid euid=0(root) 
setgid gid=33(www-data) 
setgid res=0 
open 
open fd=9(<f>/proc/sys/kernel/ngroups_max) name=/proc/sys/kernel/ngroups_max flags=1(O_RDONLY) mode=0 dev=64 
read fd=9(<f>/proc/sys/kernel/ngroups_max) size=31 
read res=6 data=65536. 
close fd=9(<f>/proc/sys/kernel/ngroups_max) 
close res=0 
open 
open fd=9(<f>/etc/group) name=/etc/group flags=4097(O_RDONLY|O_CLOEXEC) mode=0 dev=62 
lseek fd=9(<f>/etc/group) offset=0 whence=1(SEEK_CUR) 
lseek res=0 
fstat fd=9(<f>/etc/group) 
fstat res=0 
mmap addr=0 length=446 prot=1(PROT_READ) flags=1(MAP_SHARED) fd=9(<f>/etc/group) offset=0 
mmap res=7F9585225000 vm_size=383124 vm_rss=7640 vm_swap=0 
lseek fd=9(<f>/etc/group) offset=446 whence=0(SEEK_SET) 
lseek res=446 
fstat fd=9(<f>/etc/group) 
fstat res=0 
munmap addr=7F9585225000 length=446 
munmap res=0 vm_size=383120 vm_rss=9100 vm_swap=0 
close fd=9(<f>/etc/group) 
close res=0 
setgroups 
setgroups 
geteuid 
geteuid euid=0(root) 
setuid uid=33(www-data) 
setuid res=0 
getpid 
getpid 
rt_sigaction 
rt_sigaction 
rt_sigaction 
rt_sigaction 
rt_sigaction 
rt_sigaction 
rt_sigaction 
rt_sigaction 
rt_sigaction 
rt_sigaction 
rt_sigaction 
rt_sigaction 
rt_sigaction 
rt_sigaction 
rt_sigaction 
rt_sigaction 
rt_sigaction 
rt_sigaction 
rt_sigaction 
rt_sigaction 
rt_sigaction 
rt_sigaction 
rt_sigaction 
rt_sigaction 
rt_sigaction 
rt_sigaction 
rt_sigaction 
rt_sigaction 
rt_sigaction 
rt_sigaction 
rt_sigaction 
rt_sigaction 
rt_sigaction 
rt_sigaction 
rt_sigaction 
rt_sigaction 
rt_sigaction 
rt_sigaction 
rt_sigaction 
rt_sigaction 
rt_sigaction 
rt_sigaction 
rt_sigaction 
rt_sigaction 
rt_sigaction 
rt_sigaction 
rt_sigaction 
rt_sigaction 
rt_sigaction 
rt_sigaction 
rt_sigaction 
rt_sigaction 
rt_sigaction 
rt_sigaction 
rt_sigaction 
rt_sigaction 
rt_sigaction 
rt_sigaction 
rt_sigaction 
rt_sigaction 
rt_sigaction 
rt_sigaction 
rt_sigaction 
rt_sigaction 
rt_sigaction 
rt_sigaction 
rt_sigaction 
rt_sigaction 
rt_sigaction 
rt_sigaction 
rt_sigaction 
rt_sigaction 
rt_sigaction 
rt_sigaction 
rt_sigaction 
rt_sigaction 
rt_sigaction 
rt_sigaction 
rt_sigaction 
rt_sigaction 
rt_sigaction 
rt_sigaction 
rt_sigaction 
rt_sigaction 
rt_sigaction 
rt_sigaction 
rt_sigaction 
rt_sigaction 
rt_sigaction 
rt_sigaction 
rt_sigaction 
rt_sigaction 
rt_sigaction 
rt_sigaction 
rt_sigaction 
rt_sigaction 
rt_sigaction 
rt_sigaction 
rt_sigaction 
rt_sigaction 
rt_sigaction 
rt_sigaction 
rt_sigaction 
rt_sigaction 
rt_sigaction 
rt_sigaction 
rt_sigaction 
rt_sigaction 
rt_sigaction 
rt_sigaction 
rt_sigaction 
rt_sigaction 
rt_sigaction 
rt_sigaction 
rt_sigaction 
rt_sigaction 
rt_sigaction 
rt_sigaction 
rt_sigaction 
rt_sigaction 
rt_sigaction 
rt_sigaction 
rt_sigaction 
rt_sigaction 
mmap addr=0 length=8192 prot=3(PROT_READ|PROT_WRITE) flags=10(MAP_PRIVATE|MAP_ANONYMOUS) fd=-1(EPERM) offset=0 
mmap res=7F9585224000 vm_size=383128 vm_rss=9100 vm_swap=0 
getpid 
getpid 
epoll_create1 
epoll_create1 
epoll_ctl 
epoll_ctl 
mmap addr=0 length=8192 prot=3(PROT_READ|PROT_WRITE) flags=10(MAP_PRIVATE|MAP_ANONYMOUS) fd=-1(EPERM) offset=0 
mmap res=7F9585222000 vm_size=383136 vm_rss=9100 vm_swap=0 
accept flags=0 
clone res=0 exe=apache2 args=-DFOREGROUND. tid=829139(apache2) pid=829139(apache2) ptid=828543(apache2) cwd= fdlimit=1048576 pgft_maj=0 pgft_min=1 vm_size=383104 vm_rss=7640 vm_swap=0 comm=apache2 cgroups=cpuset=/system.slice/docker-4d81cb26c66231747b04db742cd4f8fff01cc68354eaa9325... flags=562036736(CLONE_CHILD_CLEARTID|CLONE_CHILD_SETTID) uid=0 gid=0 vtid=81 vpid=81 
set_robust_list 
set_robust_list 
rt_sigaction 
rt_sigaction 
rt_sigaction 
rt_sigaction 
rt_sigaction 
rt_sigaction 
getpid 
getpid 
getpid 
getpid 
mmap addr=0 length=8192 prot=3(PROT_READ|PROT_WRITE) flags=10(MAP_PRIVATE|MAP_ANONYMOUS) fd=-1(EPERM) offset=0 
mmap res=7F9585228000 vm_size=383112 vm_rss=7640 vm_swap=0 
mmap addr=0 length=8192 prot=3(PROT_READ|PROT_WRITE) flags=10(MAP_PRIVATE|MAP_ANONYMOUS) fd=-1(EPERM) offset=0 
mmap res=7F9585226000 vm_size=383120 vm_rss=7640 vm_swap=0 
geteuid 
geteuid euid=0(root) 
setgid gid=33(www-data) 
setgid res=0 
open 
open fd=9(<f>/proc/sys/kernel/ngroups_max) name=/proc/sys/kernel/ngroups_max flags=1(O_RDONLY) mode=0 dev=64 
read fd=9(<f>/proc/sys/kernel/ngroups_max) size=31 
read res=6 data=65536. 
close fd=9(<f>/proc/sys/kernel/ngroups_max) 
close res=0 
open 
open fd=9(<f>/etc/group) name=/etc/group flags=4097(O_RDONLY|O_CLOEXEC) mode=0 dev=62 
lseek fd=9(<f>/etc/group) offset=0 whence=1(SEEK_CUR) 
lseek res=0 
fstat fd=9(<f>/etc/group) 
fstat res=0 
mmap addr=0 length=446 prot=1(PROT_READ) flags=1(MAP_SHARED) fd=9(<f>/etc/group) offset=0 
mmap res=7F9585225000 vm_size=383124 vm_rss=7640 vm_swap=0 
lseek fd=9(<f>/etc/group) offset=446 whence=0(SEEK_SET) 
lseek res=446 
fstat fd=9(<f>/etc/group) 
fstat res=0 
munmap addr=7F9585225000 length=446 
munmap res=0 vm_size=383120 vm_rss=9100 vm_swap=0 
close fd=9(<f>/etc/group) 
close res=0 
setgroups 
setgroups 
geteuid 
geteuid euid=0(root) 
setuid uid=33(www-data) 
setuid res=0 
getpid 
getpid 
rt_sigaction 
rt_sigaction 
rt_sigaction 
rt_sigaction 
rt_sigaction 
rt_sigaction 
rt_sigaction 
rt_sigaction 
rt_sigaction 
rt_sigaction 
rt_sigaction 
rt_sigaction 
rt_sigaction 
rt_sigaction 
rt_sigaction 
rt_sigaction 
rt_sigaction 
rt_sigaction 
rt_sigaction 
rt_sigaction 
rt_sigaction 
rt_sigaction 
rt_sigaction 
rt_sigaction 
rt_sigaction 
rt_sigaction 
rt_sigaction 
rt_sigaction 
rt_sigaction 
rt_sigaction 
rt_sigaction 
rt_sigaction 
rt_sigaction 
rt_sigaction 
rt_sigaction 
rt_sigaction 
rt_sigaction 
rt_sigaction 
rt_sigaction 
rt_sigaction 
rt_sigaction 
rt_sigaction 
rt_sigaction 
rt_sigaction 
rt_sigaction 
rt_sigaction 
rt_sigaction 
rt_sigaction 
rt_sigaction 
rt_sigaction 
rt_sigaction 
rt_sigaction 
rt_sigaction 
rt_sigaction 
rt_sigaction 
rt_sigaction 
rt_sigaction 
rt_sigaction 
rt_sigaction 
rt_sigaction 
rt_sigaction 
rt_sigaction 
rt_sigaction 
rt_sigaction 
rt_sigaction 
rt_sigaction 
rt_sigaction 
rt_sigaction 
rt_sigaction 
rt_sigaction 
rt_sigaction 
rt_sigaction 
rt_sigaction 
rt_sigaction 
rt_sigaction 
rt_sigaction 
rt_sigaction 
rt_sigaction 
rt_sigaction 
rt_sigaction 
rt_sigaction 
rt_sigaction 
rt_sigaction 
rt_sigaction 
rt_sigaction 
rt_sigaction 
rt_sigaction 
rt_sigaction 
rt_sigaction 
rt_sigaction 
rt_sigaction 
rt_sigaction 
rt_sigaction 
rt_sigaction 
rt_sigaction 
rt_sigaction 
rt_sigaction 
rt_sigaction 
rt_sigaction 
rt_sigaction 
rt_sigaction 
rt_sigaction 
rt_sigaction 
rt_sigaction 
rt_sigaction 
rt_sigaction 
rt_sigaction 
rt_sigaction 
rt_sigaction 
rt_sigaction 
rt_sigaction 
rt_sigaction 
rt_sigaction 
rt_sigaction 
rt_sigaction 
rt_sigaction 
rt_sigaction 
rt_sigaction 
rt_sigaction 
rt_sigaction 
rt_sigaction 
rt_sigaction 
rt_sigaction 
rt_sigaction 
mmap addr=0 length=8192 prot=3(PROT_READ|PROT_WRITE) flags=10(MAP_PRIVATE|MAP_ANONYMOUS) fd=-1(EPERM) offset=0 
mmap res=7F9585224000 vm_size=383128 vm_rss=9100 vm_swap=0 
getpid 
getpid 
epoll_create1 
epoll_create1 
epoll_ctl 
epoll_ctl 
mmap addr=0 length=8192 prot=3(PROT_READ|PROT_WRITE) flags=10(MAP_PRIVATE|MAP_ANONYMOUS) fd=-1(EPERM) offset=0 
mmap res=7F9585222000 vm_size=383136 vm_rss=9100 vm_swap=0 
accept flags=0 
poll res=0 fds= 
shutdown fd=10(<4t>172.18.0.1:34090->172.18.0.3:80) how=1(SHUT_WR) 
shutdown res=0 
poll fds=10:41 timeout=2000 
poll res=1 fds=10:421 
read fd=10(<4t>172.18.0.1:34090->172.18.0.3:80) size=512 
read res=0 data= 
close fd=10(<4t>172.18.0.1:34090->172.18.0.3:80) 
close res=0 
read fd=4(<p>pipe:[2232975]) size=1 
read res=-11(EAGAIN) data= 
accept flags=0 
accept fd=10(<4t>127.0.0.1:37456->127.0.0.1:80) tuple=127.0.0.1:37456->127.0.0.1:80 queuepct=0 queuelen=0 queuemax=511 
getsockname 
getsockname 
fcntl fd=10(<4t>127.0.0.1:37456->127.0.0.1:80) cmd=4(F_GETFL) 
fcntl res=2(<p>pipe:[2233674]) 
fcntl fd=10(<4t>127.0.0.1:37456->127.0.0.1:80) cmd=5(F_SETFL) 
fcntl res=0(<f>/dev/null) 
mmap addr=0 length=8192 prot=3(PROT_READ|PROT_WRITE) flags=10(MAP_PRIVATE|MAP_ANONYMOUS) fd=-1(EPERM) offset=0 
mmap res=7F9585220000 vm_size=383144 vm_rss=9100 vm_swap=0 
mmap addr=0 length=8192 prot=3(PROT_READ|PROT_WRITE) flags=10(MAP_PRIVATE|MAP_ANONYMOUS) fd=-1(EPERM) offset=0 
mmap res=7F958521E000 vm_size=383152 vm_rss=9100 vm_swap=0 
read fd=10(<4t>127.0.0.1:37456->127.0.0.1:80) size=8000 
read res=96 data=OPTIONS * HTTP/1.0..User-Agent: Apache/2.4.25 (Debian) PHP/7.2.1 (internal dummy 
mmap addr=0 length=8192 prot=3(PROT_READ|PROT_WRITE) flags=10(MAP_PRIVATE|MAP_ANONYMOUS) fd=-1(EPERM) offset=0 
mmap res=7F958521C000 vm_size=383160 vm_rss=9100 vm_swap=0 
mmap addr=0 length=8192 prot=3(PROT_READ|PROT_WRITE) flags=10(MAP_PRIVATE|MAP_ANONYMOUS) fd=-1(EPERM) offset=0 
mmap res=7F958521A000 vm_size=383168 vm_rss=9100 vm_swap=0 
writev fd=10(<4t>127.0.0.1:37456->127.0.0.1:80) size=126 
writev res=126 data=HTTP/1.1 200 OK..Date: Thu, 10 Aug 2023 01:58:51 GMT..Server: Apache/2.4.25 (Deb 
write fd=7(<p>pipe:[2233673]) size=139 
write res=139 data=127.0.0.1 - - [10/Aug/2023:01:58:51 +0000] "OPTIONS * HTTP/1.0" 200 126 "-" "Apa 
times 
times 
shutdown fd=10(<4t>127.0.0.1:37456->127.0.0.1:80) how=1(SHUT_WR) 
shutdown res=-107(ENOTCONN) 
close fd=10(<4t>127.0.0.1:37456->127.0.0.1:80) 
close res=0 
read fd=4(<p>pipe:[2232975]) size=1 
read res=1 data=! 
close fd=9 
close res=0 
munmap addr=7F956DE5F000 length=134217728 
munmap res=0 vm_size=252096 vm_rss=11236 vm_swap=0 
close fd=8(<f>/tmp/.ZendSem.nuJiv1 (deleted)) 
close res=0 
munmap addr=7F9575E5F000 length=2243784 
munmap res=0 vm_size=249904 vm_rss=11384 vm_swap=0 
munmap addr=7F9576521000 length=2517856 
munmap res=0 vm_size=247444 vm_rss=11404 vm_swap=0 
munmap addr=7F95762EE000 length=2301968 
munmap res=0 vm_size=245192 vm_rss=11376 vm_swap=0 
munmap addr=7F9576083000 length=2531352 
munmap res=0 vm_size=242716 vm_rss=11348 vm_swap=0 
munmap addr=7F9576788000 length=2584984 
munmap res=0 vm_size=240188 vm_rss=12956 vm_swap=0 
munmap addr=7F95851D0000 length=299008 
munmap res=0 vm_size=239896 vm_rss=12768 vm_swap=0 
munmap addr=7F9576A00000 length=2097152 
munmap res=0 vm_size=237848 vm_rss=10720 vm_swap=0 
munmap addr=7F958523E000 length=323584 
munmap res=0 vm_size=237532 vm_rss=10716 vm_swap=0 
munmap addr=7F9585228000 length=8192 
munmap res=0 vm_size=237524 vm_rss=10712 vm_swap=0 
munmap addr=7F9585222000 length=8192 
munmap res=0 vm_size=237516 vm_rss=10708 vm_swap=0 
munmap addr=7F9585226000 length=8192 
munmap res=0 vm_size=237508 vm_rss=10704 vm_swap=0 
munmap addr=7F9585224000 length=8192 
munmap res=0 vm_size=237500 vm_rss=10700 vm_swap=0 
munmap addr=7F958521E000 length=8192 
munmap res=0 vm_size=237492 vm_rss=10696 vm_swap=0 
munmap addr=7F958521A000 length=8192 
munmap res=0 vm_size=237484 vm_rss=10692 vm_swap=0 
munmap addr=7F9585220000 length=8192 
munmap res=0 vm_size=237476 vm_rss=10684 vm_swap=0 
munmap addr=7F958521C000 length=8192 
munmap res=0 vm_size=237468 vm_rss=10680 vm_swap=0 
close fd=5(<p>pipe:[2232975]) 
close res=0 
close fd=4(<p>pipe:[2232975]) 
close res=0 
futex addr=7F957EFBB8EC op=129(FUTEX_PRIVATE_FLAG|FUTEX_WAKE) val=2147483647 
futex res=0 
exit_group 
accept fd=10(<4t>127.0.0.1:37460->127.0.0.1:80) tuple=127.0.0.1:37460->127.0.0.1:80 queuepct=0 queuelen=0 queuemax=511 
getsockname 
getsockname 
fcntl fd=10(<4t>127.0.0.1:37460->127.0.0.1:80) cmd=4(F_GETFL) 
fcntl res=2(<p>pipe:[2233674]) 
fcntl fd=10(<4t>127.0.0.1:37460->127.0.0.1:80) cmd=5(F_SETFL) 
fcntl res=0(<f>/dev/null) 
mmap addr=0 length=8192 prot=3(PROT_READ|PROT_WRITE) flags=10(MAP_PRIVATE|MAP_ANONYMOUS) fd=-1(EPERM) offset=0 
mmap res=7F9585220000 vm_size=383144 vm_rss=9100 vm_swap=0 
mmap addr=0 length=8192 prot=3(PROT_READ|PROT_WRITE) flags=10(MAP_PRIVATE|MAP_ANONYMOUS) fd=-1(EPERM) offset=0 
mmap res=7F958521E000 vm_size=383152 vm_rss=9100 vm_swap=0 
read fd=10(<4t>127.0.0.1:37460->127.0.0.1:80) size=8000 
read res=96 data=OPTIONS * HTTP/1.0..User-Agent: Apache/2.4.25 (Debian) PHP/7.2.1 (internal dummy 
mmap addr=0 length=8192 prot=3(PROT_READ|PROT_WRITE) flags=10(MAP_PRIVATE|MAP_ANONYMOUS) fd=-1(EPERM) offset=0 
mmap res=7F958521C000 vm_size=383160 vm_rss=9100 vm_swap=0 
mmap addr=0 length=8192 prot=3(PROT_READ|PROT_WRITE) flags=10(MAP_PRIVATE|MAP_ANONYMOUS) fd=-1(EPERM) offset=0 
mmap res=7F958521A000 vm_size=383168 vm_rss=9100 vm_swap=0 
writev fd=10(<4t>127.0.0.1:37460->127.0.0.1:80) size=126 
writev res=126 data=HTTP/1.1 200 OK..Date: Thu, 10 Aug 2023 01:58:52 GMT..Server: Apache/2.4.25 (Deb 
write fd=7(<p>pipe:[2233673]) size=139 
write res=139 data=127.0.0.1 - - [10/Aug/2023:01:58:52 +0000] "OPTIONS * HTTP/1.0" 200 126 "-" "Apa 
times 
times 
shutdown fd=10(<4t>127.0.0.1:37460->127.0.0.1:80) how=1(SHUT_WR) 
shutdown res=-107(ENOTCONN) 
close fd=10(<4t>127.0.0.1:37460->127.0.0.1:80) 
close res=0 
read fd=4(<p>pipe:[2232975]) size=1 
read res=1 data=! 
close fd=9 
close res=0 
munmap addr=7F956DE5F000 length=134217728 
munmap res=0 vm_size=252096 vm_rss=11244 vm_swap=0 
close fd=8(<f>/tmp/.ZendSem.nuJiv1 (deleted)) 
close res=0 
munmap addr=7F9575E5F000 length=2243784 
munmap res=0 vm_size=249904 vm_rss=11392 vm_swap=0 
munmap addr=7F9576521000 length=2517856 
munmap res=0 vm_size=247444 vm_rss=11412 vm_swap=0 
munmap addr=7F95762EE000 length=2301968 
munmap res=0 vm_size=245192 vm_rss=11384 vm_swap=0 
munmap addr=7F9576083000 length=2531352 
munmap res=0 vm_size=242716 vm_rss=11356 vm_swap=0 
munmap addr=7F9576788000 length=2584984 
munmap res=0 vm_size=240188 vm_rss=12964 vm_swap=0 
munmap addr=7F95851D0000 length=299008 
munmap res=0 vm_size=239896 vm_rss=12776 vm_swap=0 
munmap addr=7F9576A00000 length=2097152 
munmap res=0 vm_size=237848 vm_rss=10728 vm_swap=0 
munmap addr=7F958523E000 length=323584 
munmap res=0 vm_size=237532 vm_rss=10724 vm_swap=0 
munmap addr=7F9585228000 length=8192 
munmap res=0 vm_size=237524 vm_rss=10720 vm_swap=0 
munmap addr=7F9585222000 length=8192 
munmap res=0 vm_size=237516 vm_rss=10716 vm_swap=0 
munmap addr=7F9585226000 length=8192 
munmap res=0 vm_size=237508 vm_rss=10712 vm_swap=0 
munmap addr=7F9585224000 length=8192 
munmap res=0 vm_size=237500 vm_rss=10708 vm_swap=0 
munmap addr=7F958521E000 length=8192 
munmap res=0 vm_size=237492 vm_rss=10704 vm_swap=0 
munmap addr=7F958521A000 length=8192 
munmap res=0 vm_size=237484 vm_rss=10700 vm_swap=0 
munmap addr=7F9585220000 length=8192 
munmap res=0 vm_size=237476 vm_rss=10692 vm_swap=0 
munmap addr=7F958521C000 length=8192 
munmap res=0 vm_size=237468 vm_rss=10688 vm_swap=0 
close fd=5(<p>pipe:[2232975]) 
close res=0 
close fd=4(<p>pipe:[2232975]) 
close res=0 
futex addr=7F957EFBB8EC op=129(FUTEX_PRIVATE_FLAG|FUTEX_WAKE) val=2147483647 
futex res=0 
exit_group 
accept fd=10(<4t>127.0.0.1:37468->127.0.0.1:80) tuple=127.0.0.1:37468->127.0.0.1:80 queuepct=0 queuelen=0 queuemax=511 
getsockname 
getsockname 
fcntl fd=10(<4t>127.0.0.1:37468->127.0.0.1:80) cmd=4(F_GETFL) 
fcntl res=2(<p>pipe:[2233674]) 
fcntl fd=10(<4t>127.0.0.1:37468->127.0.0.1:80) cmd=5(F_SETFL) 
fcntl res=0(<f>/dev/null) 
mmap addr=0 length=8192 prot=3(PROT_READ|PROT_WRITE) flags=10(MAP_PRIVATE|MAP_ANONYMOUS) fd=-1(EPERM) offset=0 
mmap res=7F9585220000 vm_size=383144 vm_rss=9100 vm_swap=0 
mmap addr=0 length=8192 prot=3(PROT_READ|PROT_WRITE) flags=10(MAP_PRIVATE|MAP_ANONYMOUS) fd=-1(EPERM) offset=0 
mmap res=7F958521E000 vm_size=383152 vm_rss=9100 vm_swap=0 
read fd=10(<4t>127.0.0.1:37468->127.0.0.1:80) size=8000 
read res=96 data=OPTIONS * HTTP/1.0..User-Agent: Apache/2.4.25 (Debian) PHP/7.2.1 (internal dummy 
mmap addr=0 length=8192 prot=3(PROT_READ|PROT_WRITE) flags=10(MAP_PRIVATE|MAP_ANONYMOUS) fd=-1(EPERM) offset=0 
mmap res=7F958521C000 vm_size=383160 vm_rss=9100 vm_swap=0 
mmap addr=0 length=8192 prot=3(PROT_READ|PROT_WRITE) flags=10(MAP_PRIVATE|MAP_ANONYMOUS) fd=-1(EPERM) offset=0 
mmap res=7F958521A000 vm_size=383168 vm_rss=9100 vm_swap=0 
writev fd=10(<4t>127.0.0.1:37468->127.0.0.1:80) size=126 
writev res=126 data=HTTP/1.1 200 OK..Date: Thu, 10 Aug 2023 01:58:53 GMT..Server: Apache/2.4.25 (Deb 
write fd=7(<p>pipe:[2233673]) size=139 
write res=139 data=127.0.0.1 - - [10/Aug/2023:01:58:53 +0000] "OPTIONS * HTTP/1.0" 200 126 "-" "Apa 
times 
times 
shutdown fd=10(<4t>127.0.0.1:37468->127.0.0.1:80) how=1(SHUT_WR) 
shutdown res=-107(ENOTCONN) 
close fd=10(<4t>127.0.0.1:37468->127.0.0.1:80) 
close res=0 
read fd=4(<p>pipe:[2232975]) size=1 
read res=1 data=! 
close fd=9 
close res=0 
munmap addr=7F956DE5F000 length=134217728 
munmap res=0 vm_size=252096 vm_rss=11244 vm_swap=0 
close fd=8(<f>/tmp/.ZendSem.nuJiv1 (deleted)) 
close res=0 
munmap addr=7F9575E5F000 length=2243784 
munmap res=0 vm_size=249904 vm_rss=11392 vm_swap=0 
munmap addr=7F9576521000 length=2517856 
munmap res=0 vm_size=247444 vm_rss=11412 vm_swap=0 
munmap addr=7F95762EE000 length=2301968 
munmap res=0 vm_size=245192 vm_rss=11384 vm_swap=0 
munmap addr=7F9576083000 length=2531352 
munmap res=0 vm_size=242716 vm_rss=11356 vm_swap=0 
munmap addr=7F9576788000 length=2584984 
munmap res=0 vm_size=240188 vm_rss=12964 vm_swap=0 
munmap addr=7F95851D0000 length=299008 
munmap res=0 vm_size=239896 vm_rss=12776 vm_swap=0 
munmap addr=7F9576A00000 length=2097152 
munmap res=0 vm_size=237848 vm_rss=10728 vm_swap=0 
munmap addr=7F958523E000 length=323584 
munmap res=0 vm_size=237532 vm_rss=10724 vm_swap=0 
munmap addr=7F9585228000 length=8192 
munmap res=0 vm_size=237524 vm_rss=10720 vm_swap=0 
munmap addr=7F9585222000 length=8192 
munmap res=0 vm_size=237516 vm_rss=10716 vm_swap=0 
munmap addr=7F9585226000 length=8192 
munmap res=0 vm_size=237508 vm_rss=10712 vm_swap=0 
munmap addr=7F9585224000 length=8192 
munmap res=0 vm_size=237500 vm_rss=10708 vm_swap=0 
munmap addr=7F958521E000 length=8192 
munmap res=0 vm_size=237492 vm_rss=10704 vm_swap=0 
munmap addr=7F958521A000 length=8192 
munmap res=0 vm_size=237484 vm_rss=10700 vm_swap=0 
munmap addr=7F9585220000 length=8192 
munmap res=0 vm_size=237476 vm_rss=10692 vm_swap=0 
munmap addr=7F958521C000 length=8192 
munmap res=0 vm_size=237468 vm_rss=10688 vm_swap=0 
close fd=5(<p>pipe:[2232975]) 
close res=0 
close fd=4(<p>pipe:[2232975]) 
close res=0 
futex addr=7F957EFBB8EC op=129(FUTEX_PRIVATE_FLAG|FUTEX_WAKE) val=2147483647 
futex res=0 
exit_group 
accept fd=10(<4t>172.18.0.1:56986->172.18.0.3:80) tuple=172.18.0.1:56986->172.18.0.3:80 queuepct=0 queuelen=0 queuemax=511 
getsockname 
getsockname 
fcntl fd=10(<4t>172.18.0.1:56986->172.18.0.3:80) cmd=4(F_GETFL) 
fcntl res=2(<p>pipe:[2233674]) 
fcntl fd=10(<4t>172.18.0.1:56986->172.18.0.3:80) cmd=5(F_SETFL) 
fcntl res=0(<f>/dev/null) 
mmap addr=0 length=8192 prot=3(PROT_READ|PROT_WRITE) flags=10(MAP_PRIVATE|MAP_ANONYMOUS) fd=-1(EPERM) offset=0 
mmap res=7F9585220000 vm_size=383144 vm_rss=9100 vm_swap=0 
mmap addr=0 length=8192 prot=3(PROT_READ|PROT_WRITE) flags=10(MAP_PRIVATE|MAP_ANONYMOUS) fd=-1(EPERM) offset=0 
mmap res=7F958521E000 vm_size=383152 vm_rss=9100 vm_swap=0 
read fd=10(<4t>172.18.0.1:56986->172.18.0.3:80) size=8000 
read res=173 data=GET /wp-content/plugins/paypal-currency-converter-basic-for-woocommerce/proxy.ph 
stat 
stat res=0 path=/var/www/html/wp-content/plugins/paypal-currency-converter-basic-for-woocommerce/proxy.php 
open 
open fd=-2(ENOENT) name=/var/www/.htaccess flags=4097(O_RDONLY|O_CLOEXEC) mode=0 dev=0 
mmap addr=0 length=8192 prot=3(PROT_READ|PROT_WRITE) flags=10(MAP_PRIVATE|MAP_ANONYMOUS) fd=-1(EPERM) offset=0 
mmap res=7F958521C000 vm_size=383160 vm_rss=9100 vm_swap=0 
open 
open fd=11(<f>/var/www/html/.htaccess) name=/var/www/html/.htaccess flags=4097(O_RDONLY|O_CLOEXEC) mode=0 dev=34 
fstat fd=11(<f>/var/www/html/.htaccess) 
fstat res=0 
read fd=11(<f>/var/www/html/.htaccess) size=4096 
read res=234 data=# BEGIN WordPress.<IfModule mod_rewrite.c>.RewriteEngine On.RewriteBase /.Rewrit 
read fd=11(<f>/var/www/html/.htaccess) size=4096 
read res=0 data= 
close fd=11(<f>/var/www/html/.htaccess) 
close res=0 
open 
open fd=-2(ENOENT) name=/var/www/html/wp-content/.htaccess flags=4097(O_RDONLY|O_CLOEXEC) mode=0 dev=0 
open 
open fd=-2(ENOENT) name=/var/www/html/wp-content/plugins/.htaccess flags=4097(O_RDONLY|O_CLOEXEC) mode=0 dev=0 
open 
open fd=-2(ENOENT) name=/var/www/html/wp-content/plugins/paypal-currency-converter-basic-for-woocommerce/.htaccess flags=4097(O_RDONLY|O_CLOEXEC) mode=0 dev=0 
open 
open fd=-20(ENOTDIR) name=/var/www/html/wp-content/plugins/paypal-currency-converter-basic-for-woocommerce/proxy.php/.htaccess flags=4097(O_RDONLY|O_CLOEXEC) mode=0 dev=0 
mmap addr=0 length=8192 prot=3(PROT_READ|PROT_WRITE) flags=10(MAP_PRIVATE|MAP_ANONYMOUS) fd=-1(EPERM) offset=0 
mmap res=7F958521A000 vm_size=383168 vm_rss=9100 vm_swap=0 
stat 
stat res=0 path=/var/www/html/wp-content/plugins/paypal-currency-converter-basic-for-woocommerce/proxy.php 
brk addr=559B114B6000 
brk res=559B114B6000 vm_size=383328 vm_rss=10336 vm_swap=0 
brk addr=559B114D7000 
brk res=559B114D7000 vm_size=383460 vm_rss=11476 vm_swap=0 
rt_sigaction 
rt_sigaction 
rt_sigaction 
rt_sigaction 
rt_sigaction 
rt_sigaction 
rt_sigaction 
rt_sigaction 
rt_sigaction 
rt_sigaction 
rt_sigaction 
rt_sigaction 
rt_sigaction 
rt_sigaction 
rt_sigaction 
rt_sigaction 
rt_sigaction 
rt_sigaction 
rt_sigaction 
rt_sigaction 
rt_sigaction 
rt_sigaction 
rt_sigaction 
rt_sigaction 
rt_sigaction 
rt_sigaction 
rt_sigaction 
rt_sigaction 
setitimer 
setitimer 
rt_sigaction 
rt_sigaction 
rt_sigprocmask 
rt_sigprocmask 
mmap addr=0 length=65536 prot=3(PROT_READ|PROT_WRITE) flags=10(MAP_PRIVATE|MAP_ANONYMOUS) fd=-1(EPERM) offset=0 
mmap res=7F95851C0000 vm_size=383524 vm_rss=12376 vm_swap=0 
getcwd 
getcwd res=14 path=/var/www/html 
chdir 
chdir res=0 path=/var/www/html/wp-content/plugins/paypal-currency-converter-basic-for-woocommerce 
lstat 
lstat res=0 path=/var/www/html/wp-content/plugins/paypal-currency-converter-basic-for-woocommerce/proxy.php 
lstat 
lstat res=0 path=/var/www/html/wp-content/plugins/paypal-currency-converter-basic-for-woocommerce 
lstat 
lstat res=0 path=/var/www/html/wp-content/plugins 
lstat 
lstat res=0 path=/var/www/html/wp-content 
lstat 
lstat res=0 path=/var/www/html 
lstat 
lstat res=0 path=/var/www 
lstat 
lstat res=0 path=/var 
open 
open fd=11(<f>/var/www/html/wp-content/plugins/paypal-currency-converter-basic-for-woocommerce/proxy.php) name=/var/www/html/wp-content/plugins/paypal-currency-converter-basic-for-woocommerce/proxy.php flags=1(O_RDONLY) mode=0 dev=34 
fstat fd=11(<f>/var/www/html/wp-content/plugins/paypal-currency-converter-basic-for-woocommerce/proxy.php) 
fstat res=0 
fstat fd=11(<f>/var/www/html/wp-content/plugins/paypal-currency-converter-basic-for-woocommerce/proxy.php) 
fstat res=0 
fstat fd=11(<f>/var/www/html/wp-content/plugins/paypal-currency-converter-basic-for-woocommerce/proxy.php) 
fstat res=0 
mmap addr=0 length=226 prot=1(PROT_READ) flags=1(MAP_SHARED) fd=11(<f>/var/www/html/wp-content/plugins/paypal-currency-converter-basic-for-woocommerce/proxy.php) offset=0 
mmap res=7F9585219000 vm_size=383528 vm_rss=12376 vm_swap=0 
fcntl fd=8(<f>/tmp/.ZendSem.nuJiv1 (deleted)) cmd=8(F_SETLK) 
fcntl res=0(<f>/dev/null) 
stat 
stat res=0 path=/var/www/html/wp-content/plugins/paypal-currency-converter-basic-for-woocommerce/proxy.php 
fcntl fd=8(<f>/tmp/.ZendSem.nuJiv1 (deleted)) cmd=9(F_SETLKW) 
fcntl res=0(<f>/dev/null) 
fcntl fd=8(<f>/tmp/.ZendSem.nuJiv1 (deleted)) cmd=8(F_SETLK) 
fcntl res=0(<f>/dev/null) 
munmap addr=7F9585219000 length=226 
munmap res=0 vm_size=383524 vm_rss=14144 vm_swap=0 
close fd=11(<f>/var/www/html/wp-content/plugins/paypal-currency-converter-basic-for-woocommerce/proxy.php) 
close res=0 
lstat 
lstat res=0 path=/etc/passwd 
lstat 
lstat res=0 path=/etc 
open 
open fd=11(<f>/etc/passwd) name=/etc/passwd flags=1(O_RDONLY) mode=0 dev=62 
fstat fd=11(<f>/etc/passwd) 
fstat res=0 
lseek fd=11(<f>/etc/passwd) offset=0 whence=1(SEEK_CUR) 
lseek res=0 
fstat fd=11(<f>/etc/passwd) 
fstat res=0 
read fd=11(<f>/etc/passwd) size=8192 
read res=919 data=root:x:0:0:root:/root:/bin/bash.daemon:x:1:1:daemon:/usr/sbin:/usr/sbin/nologin. 
read fd=11(<f>/etc/passwd) size=8192 
read res=0 data= 
read fd=11(<f>/etc/passwd) size=8192 
read res=0 data= 
close fd=11(<f>/etc/passwd) 
close res=0 
mmap addr=0 length=8192 prot=3(PROT_READ|PROT_WRITE) flags=10(MAP_PRIVATE|MAP_ANONYMOUS) fd=-1(EPERM) offset=0 
mmap res=7F95851BE000 vm_size=383532 vm_rss=14144 vm_swap=0 
chdir 
chdir res=0 path=/var/www/html 
setitimer 
setitimer 
fcntl fd=8(<f>/tmp/.ZendSem.nuJiv1 (deleted)) cmd=8(F_SETLK) 
fcntl res=0(<f>/dev/null) 
setitimer 
setitimer 
mmap addr=0 length=8192 prot=3(PROT_READ|PROT_WRITE) flags=10(MAP_PRIVATE|MAP_ANONYMOUS) fd=-1(EPERM) offset=0 
mmap res=7F95851BC000 vm_size=383540 vm_rss=14144 vm_swap=0 
mmap addr=0 length=8192 prot=3(PROT_READ|PROT_WRITE) flags=10(MAP_PRIVATE|MAP_ANONYMOUS) fd=-1(EPERM) offset=0 
mmap res=7F95851BA000 vm_size=383548 vm_rss=14144 vm_swap=0 
read fd=10(<4t>172.18.0.1:56986->172.18.0.3:80) size=8000 
read res=-11(EAGAIN) data= 
writev fd=10(<4t>172.18.0.1:56986->172.18.0.3:80) size=1116 
writev res=1116 data=HTTP/1.1 200 OK..Date: Thu, 10 Aug 2023 01:59:03 GMT..Server: Apache/2.4.25 (Deb 
write fd=7(<p>pipe:[2233673]) size=183 
write res=183 data=172.18.0.1 - - [10/Aug/2023:01:59:03 +0000] "GET /wp-content/plugins/paypal-curr 
times 
times 
poll fds=10:41 timeout=5000 
poll res=1 fds=10:41 
read fd=10(<4t>172.18.0.1:56986->172.18.0.3:80) size=8000 
read res=0 data= 
shutdown fd=10(<4t>172.18.0.1:56986->172.18.0.3:80) how=1(SHUT_WR) 
shutdown res=0 
poll fds=10:41 timeout=2000 
poll res=1 fds=10:421 
read fd=10(<4t>172.18.0.1:56986->172.18.0.3:80) size=512 
read res=0 data= 
close fd=10(<4t>172.18.0.1:56986->172.18.0.3:80) 
close res=0 
read fd=4(<p>pipe:[2232975]) size=1 
read res=-11(EAGAIN) data= 
accept flags=0 
accept fd=-512(ERESTARTSYS) tuple=NULL queuepct=0 queuelen=0 queuemax=511 
close fd=9 
close res=0 
accept fd=-512(ERESTARTSYS) tuple=NULL queuepct=0 queuelen=0 queuemax=511 
close fd=9 
close res=0 
accept fd=-512(ERESTARTSYS) tuple=NULL queuepct=0 queuelen=0 queuemax=511 
close fd=9 
close res=0 
accept fd=-512(ERESTARTSYS) tuple=NULL queuepct=0 queuelen=0 queuemax=511 
close fd=9 
close res=0 
munmap addr=7F956DE5F000 length=134217728 
munmap res=0 vm_size=252300 vm_rss=11452 vm_swap=0 
close fd=8(<f>/tmp/.ZendSem.nuJiv1 (deleted)) 
close res=0 
munmap addr=7F9575E5F000 length=2243784 
munmap res=0 vm_size=250108 vm_rss=11600 vm_swap=0 
munmap addr=7F9576521000 length=2517856 
munmap res=0 vm_size=247648 vm_rss=11620 vm_swap=0 
munmap addr=7F95762EE000 length=2301968 
munmap res=0 vm_size=245396 vm_rss=11592 vm_swap=0 
munmap addr=7F9576083000 length=2531352 
munmap res=0 vm_size=242920 vm_rss=11564 vm_swap=0 
munmap addr=7F956DE5F000 length=134217728 
munmap res=0 vm_size=252064 vm_rss=11052 vm_swap=0 
close fd=8(<f>/tmp/.ZendSem.nuJiv1 (deleted)) 
close res=0 
munmap addr=7F9575E5F000 length=2243784 
munmap res=0 vm_size=249872 vm_rss=11200 vm_swap=0 
munmap addr=7F9576521000 length=2517856 
munmap res=0 vm_size=247412 vm_rss=11220 vm_swap=0 
munmap addr=7F95762EE000 length=2301968 
munmap res=0 vm_size=245160 vm_rss=11192 vm_swap=0 
munmap addr=7F9576083000 length=2531352 
munmap res=0 vm_size=242684 vm_rss=11164 vm_swap=0 
munmap addr=7F9576788000 length=2584984 
munmap res=0 vm_size=240392 vm_rss=13156 vm_swap=0 
munmap addr=7F95851D0000 length=299008 
munmap res=0 vm_size=240100 vm_rss=12968 vm_swap=0 
munmap addr=7F9576A00000 length=2097152 
munmap res=0 vm_size=238052 vm_rss=10920 vm_swap=0 
munmap addr=7F958523E000 length=323584 
munmap res=0 vm_size=237736 vm_rss=10916 vm_swap=0 
munmap addr=7F9585228000 length=8192 
munmap res=0 vm_size=237728 vm_rss=10912 vm_swap=0 
munmap addr=7F9585222000 length=8192 
munmap res=0 vm_size=237720 vm_rss=10908 vm_swap=0 
munmap addr=7F9585226000 length=8192 
munmap res=0 vm_size=237712 vm_rss=10904 vm_swap=0 
munmap addr=7F9585224000 length=8192 
munmap res=0 vm_size=237704 vm_rss=10900 vm_swap=0 
munmap addr=7F95851C6000 length=8192 
munmap res=0 vm_size=237696 vm_rss=10896 vm_swap=0 
munmap addr=7F95851B6000 length=8192 
munmap res=0 vm_size=237688 vm_rss=10888 vm_swap=0 
munmap addr=7F95851CC000 length=8192 
munmap res=0 vm_size=237680 vm_rss=10880 vm_swap=0 
munmap addr=7F9585220000 length=8192 
munmap res=0 vm_size=237672 vm_rss=10872 vm_swap=0 
munmap addr=7F95851CA000 length=8192 
munmap res=0 vm_size=237664 vm_rss=10864 vm_swap=0 
munmap addr=7F958521C000 length=8192 
munmap res=0 vm_size=237656 vm_rss=10856 vm_swap=0 
munmap addr=7F958521A000 length=8192 
munmap res=0 vm_size=237648 vm_rss=10848 vm_swap=0 
munmap addr=7F958521E000 length=8192 
munmap res=0 vm_size=237640 vm_rss=10840 vm_swap=0 
munmap addr=7F95851CE000 length=8192 
munmap res=0 vm_size=237632 vm_rss=10832 vm_swap=0 
munmap addr=7F95851C8000 length=8192 
munmap res=0 vm_size=237624 vm_rss=10828 vm_swap=0 
close fd=5(<p>pipe:[2232975]) 
close res=0 
close fd=4(<p>pipe:[2232975]) 
close res=0 
futex addr=7F957EFBB8EC op=129(FUTEX_PRIVATE_FLAG|FUTEX_WAKE) val=2147483647 
futex res=0 
munmap addr=7F956DE5F000 length=134217728 
exit_group 
munmap res=0 vm_size=252476 vm_rss=13300 vm_swap=0 
close fd=8(<f>/tmp/.ZendSem.nuJiv1 (deleted)) 
close res=0 
accept fd=-512(ERESTARTSYS) tuple=NULL queuepct=0 queuelen=0 queuemax=511 
close fd=9 
close res=0 
munmap addr=7F956DE5F000 length=134217728 
munmap res=0 vm_size=252064 vm_rss=11052 vm_swap=0 
close fd=8(<f>/tmp/.ZendSem.nuJiv1 (deleted)) 
close res=0 
munmap addr=7F9575E5F000 length=2243784 
munmap res=0 vm_size=249872 vm_rss=11200 vm_swap=0 
munmap addr=7F9576521000 length=2517856 
munmap res=0 vm_size=247412 vm_rss=11220 vm_swap=0 
munmap addr=7F95762EE000 length=2301968 
munmap res=0 vm_size=245160 vm_rss=11192 vm_swap=0 
munmap addr=7F9576083000 length=2531352 
munmap res=0 vm_size=242684 vm_rss=11164 vm_swap=0 
munmap addr=7F9575E5F000 length=2243784 
munmap res=0 vm_size=250284 vm_rss=13216 vm_swap=0 
munmap addr=7F9576521000 length=2517856 
munmap res=0 vm_size=247824 vm_rss=13236 vm_swap=0 
munmap addr=7F95762EE000 length=2301968 
munmap res=0 vm_size=245572 vm_rss=13208 vm_swap=0 
munmap addr=7F9576083000 length=2531352 
munmap res=0 vm_size=243096 vm_rss=13180 vm_swap=0 
munmap addr=7F9576788000 length=2584984 
munmap addr=7F9576788000 length=2584984 
munmap res=0 vm_size=240156 vm_rss=12772 vm_swap=0 
munmap res=0 vm_size=240156 vm_rss=12772 vm_swap=0 
munmap addr=7F95851D0000 length=299008 
munmap addr=7F95851D0000 length=299008 
munmap res=0 vm_size=239864 vm_rss=12584 vm_swap=0 
munmap res=0 vm_size=239864 vm_rss=12584 vm_swap=0 
munmap addr=7F9576A00000 length=2097152 
munmap addr=7F9576A00000 length=2097152 
munmap addr=7F956DE5F000 length=134217728 
munmap res=0 vm_size=252064 vm_rss=11052 vm_swap=0 
close fd=8(<f>/tmp/.ZendSem.nuJiv1 (deleted)) 
close res=0 
munmap res=0 vm_size=237816 vm_rss=10536 vm_swap=0 
munmap res=0 vm_size=237816 vm_rss=10536 vm_swap=0 
munmap addr=7F958523E000 length=323584 
munmap addr=7F958523E000 length=323584 
munmap res=0 vm_size=237500 vm_rss=10532 vm_swap=0 
munmap addr=7F9585228000 length=8192 
munmap res=0 vm_size=237500 vm_rss=10532 vm_swap=0 
munmap res=0 vm_size=237492 vm_rss=10528 vm_swap=0 
munmap addr=7F9585222000 length=8192 
munmap addr=7F9585228000 length=8192 
munmap res=0 vm_size=237484 vm_rss=10524 vm_swap=0 
munmap res=0 vm_size=237492 vm_rss=10528 vm_swap=0 
munmap addr=7F9585226000 length=8192 
munmap addr=7F9585222000 length=8192 
munmap res=0 vm_size=237476 vm_rss=10520 vm_swap=0 
munmap res=0 vm_size=237484 vm_rss=10524 vm_swap=0 
munmap addr=7F9585224000 length=8192 
munmap addr=7F9585226000 length=8192 
munmap res=0 vm_size=237476 vm_rss=10520 vm_swap=0 
munmap res=0 vm_size=237468 vm_rss=10516 vm_swap=0 
munmap addr=7F9585224000 length=8192 
munmap res=0 vm_size=237468 vm_rss=10516 vm_swap=0 
close fd=5(<p>pipe:[2232975]) 
close res=0 
close fd=5(<p>pipe:[2232975]) 
close fd=4(<p>pipe:[2232975]) 
close res=0 
close res=0 
close fd=4(<p>pipe:[2232975]) 
close res=0 
munmap addr=7F9575E5F000 length=2243784 
munmap res=0 vm_size=249872 vm_rss=11200 vm_swap=0 
futex addr=7F957EFBB8EC op=129(FUTEX_PRIVATE_FLAG|FUTEX_WAKE) val=2147483647 
futex res=0 
futex addr=7F957EFBB8EC op=129(FUTEX_PRIVATE_FLAG|FUTEX_WAKE) val=2147483647 
futex res=0 
munmap addr=7F9576521000 length=2517856 
munmap res=0 vm_size=247412 vm_rss=11220 vm_swap=0 
munmap addr=7F95762EE000 length=2301968 
munmap res=0 vm_size=245160 vm_rss=11192 vm_swap=0 
munmap addr=7F9576083000 length=2531352 
munmap res=0 vm_size=242684 vm_rss=11164 vm_swap=0 
munmap addr=7F95851C0000 length=65536 
munmap res=0 vm_size=243032 vm_rss=14060 vm_swap=0 
brk addr=559B114A4000 
brk res=559B114A4000 vm_size=242828 vm_rss=14028 vm_swap=0 
munmap addr=7F9576788000 length=2584984 
munmap res=0 vm_size=240300 vm_rss=13652 vm_swap=0 
munmap addr=7F95851D0000 length=299008 
munmap res=0 vm_size=240008 vm_rss=13464 vm_swap=0 
munmap addr=7F9576A00000 length=2097152 
munmap res=0 vm_size=237960 vm_rss=11416 vm_swap=0 
munmap addr=7F958523E000 length=323584 
munmap res=0 vm_size=237644 vm_rss=11412 vm_swap=0 
munmap addr=7F9585228000 length=8192 
munmap res=0 vm_size=237636 vm_rss=11408 vm_swap=0 
munmap addr=7F9585222000 length=8192 
munmap res=0 vm_size=237628 vm_rss=11404 vm_swap=0 
munmap addr=7F9585226000 length=8192 
munmap res=0 vm_size=237620 vm_rss=11400 vm_swap=0 
munmap addr=7F9585224000 length=8192 
munmap res=0 vm_size=237612 vm_rss=11396 vm_swap=0 
munmap addr=7F95851BA000 length=8192 
munmap res=0 vm_size=237604 vm_rss=11392 vm_swap=0 
munmap addr=7F958521C000 length=8192 
munmap res=0 vm_size=237596 vm_rss=11384 vm_swap=0 
munmap addr=7F958521A000 length=8192 
munmap res=0 vm_size=237588 vm_rss=11376 vm_swap=0 
munmap addr=7F9585220000 length=8192 
munmap res=0 vm_size=237580 vm_rss=11368 vm_swap=0 
munmap addr=7F95851BE000 length=8192 
munmap res=0 vm_size=237572 vm_rss=11364 vm_swap=0 
munmap addr=7F95851BC000 length=8192 
munmap res=0 vm_size=237564 vm_rss=11360 vm_swap=0 
munmap addr=7F958521E000 length=8192 
munmap res=0 vm_size=237556 vm_rss=11356 vm_swap=0 
close fd=5(<p>pipe:[2232975]) 
close res=0 
close fd=4(<p>pipe:[2232975]) 
close res=0 
futex addr=7F957EFBB8EC op=129(FUTEX_PRIVATE_FLAG|FUTEX_WAKE) val=2147483647 
futex res=0 
exit_group 
exit_group 
munmap addr=7F9576788000 length=2584984 
munmap res=0 vm_size=240156 vm_rss=12772 vm_swap=0 
munmap addr=7F95851D0000 length=299008 
munmap res=0 vm_size=239864 vm_rss=12584 vm_swap=0 
munmap addr=7F9576A00000 length=2097152 
munmap res=0 vm_size=237816 vm_rss=10536 vm_swap=0 
munmap addr=7F958523E000 length=323584 
munmap res=0 vm_size=237500 vm_rss=10532 vm_swap=0 
munmap addr=7F9585228000 length=8192 
munmap res=0 vm_size=237492 vm_rss=10528 vm_swap=0 
munmap addr=7F9585222000 length=8192 
munmap res=0 vm_size=237484 vm_rss=10524 vm_swap=0 
munmap addr=7F9585226000 length=8192 
munmap res=0 vm_size=237476 vm_rss=10520 vm_swap=0 
munmap addr=7F9585224000 length=8192 
munmap res=0 vm_size=237468 vm_rss=10516 vm_swap=0 
close fd=5(<p>pipe:[2232975]) 
close res=0 
close fd=4(<p>pipe:[2232975]) 
close res=0 
futex addr=7F957EFBB8EC op=129(FUTEX_PRIVATE_FLAG|FUTEX_WAKE) val=2147483647 
futex res=0 
exit_group 
exit_group 
