clone res=0 exe=apache2 args=-DFOREGROUND. tid=816835(apache2) pid=816674(apache2) ptid=816327(apache2) cwd= fdlimit=1048576 pgft_maj=0 pgft_min=0 vm_size=406856 vm_rss=53336 vm_swap=0 comm=apache2 cgroups=cpuset=/system.slice/docker-4d81cb26c66231747b04db742cd4f8fff01cc68354eaa9325... flags=578861571(CLONE_FILES|CLONE_FS|CLONE_PARENT_SETTID|CLONE_SIGHAND|CLONE_SYSVSEM|CLONE_THREAD|CLONE_VM|CLONE_CHILD_CLEARTID|CLONE_SETTLS) uid=33 gid=33 vtid=74 vpid=68 
set_robust_list 
set_robust_list 
getpid 
getpid 
mmap addr=0 length=134217728 prot=0(PROT_NONE) flags=74(MAP_PRIVATE|MAP_ANONYMOUS|MAP_NORESERVE) fd=-1(EPERM) offset=0 
mmap res=7F57371FF000 vm_size=537928 vm_rss=53336 vm_swap=0 
munmap addr=7F57371FF000 length=14684160 
munmap res=0 vm_size=523588 vm_rss=53336 vm_swap=0 
munmap addr=7F573C000000 length=52424704 
munmap res=0 vm_size=472392 vm_rss=53336 vm_swap=0 
mprotect 
mprotect 
open 
open fd=13(<f>/etc/resolv.conf) name=/etc/resolv.conf flags=4097(O_RDONLY|O_CLOEXEC) mode=0 dev=34 
fstat fd=13(<f>/etc/resolv.conf) 
fstat res=0 
read fd=13(<f>/etc/resolv.conf) size=1024 
read res=53 data=nameserver 127.0.0.11.options edns0 trust-ad ndots:0. 
read fd=13(<f>/etc/resolv.conf) size=1024 
read res=0 data= 
close fd=13(<f>/etc/resolv.conf) 
close res=0 
uname 
uname 
open 
open fd=13(<f>/etc/hosts) name=/etc/hosts flags=4097(O_RDONLY|O_CLOEXEC) mode=0 dev=34 
fstat fd=13(<f>/etc/hosts) 
fstat res=0 
read fd=13(<f>/etc/hosts) size=512 
read res=174 data=127.0.0.1.localhost.::1.localhost ip6-localhost ip6-loopback.fe00::0.ip6-localne 
read fd=13(<f>/etc/hosts) size=512 
read res=0 data= 
close fd=13(<f>/etc/hosts) 
close res=0 
open 
open fd=13(<f>/etc/gai.conf) name=/etc/gai.conf flags=4097(O_RDONLY|O_CLOEXEC) mode=0 dev=62 
fstat fd=13(<f>/etc/gai.conf) 
fstat res=0 
fstat fd=13(<f>/etc/gai.conf) 
fstat res=0 
read fd=13(<f>/etc/gai.conf) size=3072 
read res=2584 data=# Configuration for getaddrinfo(3)..#.# So far only configuration for the destin 
read fd=13(<f>/etc/gai.conf) size=3072 
read res=0 data= 
close fd=13(<f>/etc/gai.conf) 
close res=0 
futex addr=7F5757441EE4 op=129(FUTEX_PRIVATE_FLAG|FUTEX_WAKE) val=2147483647 
futex res=0 
socket domain=16(AF_ROUTE) type=3 proto=0 
socket fd=13(<n>) 
bind fd=13(<n>) 
bind res=0 addr=NULL 
getsockname 
getsockname 
sendto fd=13(<n>) size=20 tuple=NULL 
sendto res=20 data=........(B.d........ 
recvmsg fd=13(<n>) 
recvmsg res=164 size=164 data=L.......(B.dD...............................lo........................6...6.X... tuple=NULL 
recvmsg fd=13(<n>) 
recvmsg res=20 size=20 data=........(B.dD....... tuple=NULL 
close fd=13(<n>) 
close res=0 
socket domain=2(AF_INET) type=2 proto=0 
socket fd=13(<4>) 
connect fd=13(<4>) 
connect res=0 tuple=127.0.0.1:50069->127.0.0.1:9000 
getsockname 
getsockname 
close fd=13(<4u>127.0.0.1:50069->127.0.0.1:9000) 
close res=0 
socket domain=10(AF_INET6) type=2 proto=0 
socket fd=13(<6>) 
connect fd=13(<6>) 
connect res=-99(EADDRNOTAVAIL) tuple=:::52968->::1:9000 
close fd=13(<6>) 
close res=0 
madvise 
madvise 
exit 
accept fd=10(<4t>172.18.0.1:44898->172.18.0.3:80) tuple=172.18.0.1:44898->172.18.0.3:80 queuepct=0 queuelen=0 queuemax=511 
getsockname 
getsockname 
fcntl fd=10(<4t>172.18.0.1:44898->172.18.0.3:80) cmd=4(F_GETFL) 
fcntl res=2(<p>pipe:[2161084]) 
fcntl fd=10(<4t>172.18.0.1:44898->172.18.0.3:80) cmd=5(F_SETFL) 
fcntl res=0(<f>/dev/null) 
mmap addr=0 length=8192 prot=3(PROT_READ|PROT_WRITE) flags=10(MAP_PRIVATE|MAP_ANONYMOUS) fd=-1(EPERM) offset=0 
mmap res=7F5757E1D000 vm_size=383144 vm_rss=9000 vm_swap=0 
mmap addr=0 length=8192 prot=3(PROT_READ|PROT_WRITE) flags=10(MAP_PRIVATE|MAP_ANONYMOUS) fd=-1(EPERM) offset=0 
mmap res=7F5757E1B000 vm_size=383152 vm_rss=9000 vm_swap=0 
read fd=10(<4t>172.18.0.1:44898->172.18.0.3:80) size=8000 
read res=996 data=GET /wp-content/plugins/mail-masta/lib/jquery.validationEngine.js?ver=4.9.2 HTTP 
stat 
stat res=0 path=/var/www/html/wp-content/plugins/mail-masta/lib/jquery.validationEngine.js 
mmap addr=0 length=8192 prot=3(PROT_READ|PROT_WRITE) flags=10(MAP_PRIVATE|MAP_ANONYMOUS) fd=-1(EPERM) offset=0 
mmap res=7F5757E19000 vm_size=383160 vm_rss=9000 vm_swap=0 
open 
open fd=-2(ENOENT) name=/var/www/.htaccess flags=4097(O_RDONLY|O_CLOEXEC) mode=0 dev=0 
open 
open fd=11(<f>/var/www/html/.htaccess) name=/var/www/html/.htaccess flags=4097(O_RDONLY|O_CLOEXEC) mode=0 dev=34 
fstat fd=11(<f>/var/www/html/.htaccess) 
fstat res=0 
read fd=11(<f>/var/www/html/.htaccess) size=4096 
read res=234 data=# BEGIN WordPress.<IfModule mod_rewrite.c>.RewriteEngine On.RewriteBase /.Rewrit 
read fd=11(<f>/var/www/html/.htaccess) size=4096 
read res=0 data= 
close fd=11(<f>/var/www/html/.htaccess) 
close res=0 
open 
open fd=-2(ENOENT) name=/var/www/html/wp-content/.htaccess flags=4097(O_RDONLY|O_CLOEXEC) mode=0 dev=0 
mmap addr=0 length=8192 prot=3(PROT_READ|PROT_WRITE) flags=10(MAP_PRIVATE|MAP_ANONYMOUS) fd=-1(EPERM) offset=0 
mmap res=7F5757E17000 vm_size=383168 vm_rss=9000 vm_swap=0 
open 
open fd=-2(ENOENT) name=/var/www/html/wp-content/plugins/.htaccess flags=4097(O_RDONLY|O_CLOEXEC) mode=0 dev=0 
open 
open fd=-2(ENOENT) name=/var/www/html/wp-content/plugins/mail-masta/.htaccess flags=4097(O_RDONLY|O_CLOEXEC) mode=0 dev=0 
open 
open fd=-2(ENOENT) name=/var/www/html/wp-content/plugins/mail-masta/lib/.htaccess flags=4097(O_RDONLY|O_CLOEXEC) mode=0 dev=0 
open 
open fd=-20(ENOTDIR) name=/var/www/html/wp-content/plugins/mail-masta/lib/jquery.validationEngine.js/.htaccess flags=4097(O_RDONLY|O_CLOEXEC) mode=0 dev=0 
stat 
stat res=0 path=/var/www/html/wp-content/plugins/mail-masta/lib/jquery.validationEngine.js 
open 
open fd=11(<f>/var/www/html/wp-content/plugins/mail-masta/lib/jquery.validationEngine.js) name=/var/www/html/wp-content/plugins/mail-masta/lib/jquery.validationEngine.js flags=4097(O_RDONLY|O_CLOEXEC) mode=0 dev=34 
mmap addr=0 length=68709 prot=1(PROT_READ) flags=1(MAP_SHARED) fd=11(<f>/var/www/html/wp-content/plugins/mail-masta/lib/jquery.validationEngine.js) offset=0 
mmap res=7F5757DBC000 vm_size=383236 vm_rss=9000 vm_swap=0 
mmap addr=0 length=8192 prot=3(PROT_READ|PROT_WRITE) flags=10(MAP_PRIVATE|MAP_ANONYMOUS) fd=-1(EPERM) offset=0 
mmap res=7F5757DBA000 vm_size=383244 vm_rss=9000 vm_swap=0 
brk addr=55EC84B71000 
brk res=55EC84B71000 vm_size=383400 vm_rss=9000 vm_swap=0 
brk addr=55EC84BA1000 
brk res=55EC84BA1000 vm_size=383592 vm_rss=10024 vm_swap=0 
munmap addr=7F5757DBC000 length=68709 
munmap res=0 vm_size=383524 vm_rss=10344 vm_swap=0 
mmap addr=0 length=8192 prot=3(PROT_READ|PROT_WRITE) flags=10(MAP_PRIVATE|MAP_ANONYMOUS) fd=-1(EPERM) offset=0 
mmap res=7F5757DCB000 vm_size=383532 vm_rss=10344 vm_swap=0 
mmap addr=0 length=8192 prot=3(PROT_READ|PROT_WRITE) flags=10(MAP_PRIVATE|MAP_ANONYMOUS) fd=-1(EPERM) offset=0 
mmap res=7F5757DC9000 vm_size=383540 vm_rss=10344 vm_swap=0 
brk addr=55EC84B71000 
brk res=55EC84B71000 vm_size=383348 vm_rss=10252 vm_swap=0 
mmap addr=0 length=8192 prot=3(PROT_READ|PROT_WRITE) flags=10(MAP_PRIVATE|MAP_ANONYMOUS) fd=-1(EPERM) offset=0 
mmap res=7F5757DC7000 vm_size=383356 vm_rss=10252 vm_swap=0 
mmap addr=0 length=8192 prot=3(PROT_READ|PROT_WRITE) flags=10(MAP_PRIVATE|MAP_ANONYMOUS) fd=-1(EPERM) offset=0 
mmap res=7F5757DC5000 vm_size=383364 vm_rss=10252 vm_swap=0 
writev fd=10(<4t>172.18.0.1:44898->172.18.0.3:80) size=16422 
writev res=16422 data=HTTP/1.1 200 OK..Date: Thu, 10 Aug 2023 01:49:29 GMT..Server: Apache/2.4.25 (Deb 
write fd=7(<p>pipe:[2161083]) size=237 
write res=237 data=172.18.0.1 - - [10/Aug/2023:01:49:29 +0000] "GET /wp-content/plugins/mail-masta/ 
times 
times 
close fd=11(<f>/var/www/html/wp-content/plugins/mail-masta/lib/jquery.validationEngine.js) 
close res=0 
read fd=10(<4t>172.18.0.1:44898->172.18.0.3:80) size=8000 
read res=-11(EAGAIN) data= 
poll fds=10:41 timeout=5000 
poll res=1 fds=10:41 
read fd=10(<4t>172.18.0.1:44898->172.18.0.3:80) size=8000 
read res=802 data=GET /wp-includes/js/jquery/ui/widget.min.js?ver=1.11.4 HTTP/1.1..Host: localhost 
stat 
stat res=0 path=/var/www/html/wp-includes/js/jquery/ui/widget.min.js 
open 
open fd=-2(ENOENT) name=/var/www/.htaccess flags=4097(O_RDONLY|O_CLOEXEC) mode=0 dev=0 
open 
open fd=11(<f>/var/www/html/.htaccess) name=/var/www/html/.htaccess flags=4097(O_RDONLY|O_CLOEXEC) mode=0 dev=34 
fstat fd=11(<f>/var/www/html/.htaccess) 
fstat res=0 
read fd=11(<f>/var/www/html/.htaccess) size=4096 
read res=234 data=# BEGIN WordPress.<IfModule mod_rewrite.c>.RewriteEngine On.RewriteBase /.Rewrit 
read fd=11(<f>/var/www/html/.htaccess) size=4096 
read res=0 data= 
close fd=11(<f>/var/www/html/.htaccess) 
close res=0 
open 
open fd=-2(ENOENT) name=/var/www/html/wp-includes/.htaccess flags=4097(O_RDONLY|O_CLOEXEC) mode=0 dev=0 
open 
open fd=-2(ENOENT) name=/var/www/html/wp-includes/js/.htaccess flags=4097(O_RDONLY|O_CLOEXEC) mode=0 dev=0 
open 
open fd=-2(ENOENT) name=/var/www/html/wp-includes/js/jquery/.htaccess flags=4097(O_RDONLY|O_CLOEXEC) mode=0 dev=0 
open 
open fd=-2(ENOENT) name=/var/www/html/wp-includes/js/jquery/ui/.htaccess flags=4097(O_RDONLY|O_CLOEXEC) mode=0 dev=0 
open 
open fd=-20(ENOTDIR) name=/var/www/html/wp-includes/js/jquery/ui/widget.min.js/.htaccess flags=4097(O_RDONLY|O_CLOEXEC) mode=0 dev=0 
stat 
stat res=0 path=/var/www/html/wp-includes/js/jquery/ui/widget.min.js 
open 
open fd=11(<f>/var/www/html/wp-includes/js/jquery/ui/widget.min.js) name=/var/www/html/wp-includes/js/jquery/ui/widget.min.js flags=4097(O_RDONLY|O_CLOEXEC) mode=0 dev=34 
mmap addr=0 length=6908 prot=1(PROT_READ) flags=1(MAP_SHARED) fd=11(<f>/var/www/html/wp-includes/js/jquery/ui/widget.min.js) offset=0 
mmap res=7F5757DC3000 vm_size=383372 vm_rss=10252 vm_swap=0 
brk addr=55EC84BA1000 
brk res=55EC84BA1000 vm_size=383564 vm_rss=10252 vm_swap=0 
munmap addr=7F5757DC3000 length=6908 
munmap res=0 vm_size=383556 vm_rss=10380 vm_swap=0 
brk addr=55EC84B71000 
brk res=55EC84B71000 vm_size=383364 vm_rss=10296 vm_swap=0 
read fd=10(<4t>172.18.0.1:44898->172.18.0.3:80) size=8000 
read res=-11(EAGAIN) data= 
writev fd=10(<4t>172.18.0.1:44898->172.18.0.3:80) size=2950 
writev res=2950 data=HTTP/1.1 200 OK..Date: Thu, 10 Aug 2023 01:49:29 GMT..Server: Apache/2.4.25 (Deb 
write fd=7(<p>pipe:[2161083]) size=215 
write res=215 data=172.18.0.1 - - [10/Aug/2023:01:49:29 +0000] "GET /wp-includes/js/jquery/ui/widge 
times 
times 
close fd=11(<f>/var/www/html/wp-includes/js/jquery/ui/widget.min.js) 
close res=0 
poll fds=10:41 timeout=5000 
poll res=1 fds=10:41 
read fd=10(<4t>172.18.0.1:44898->172.18.0.3:80) size=8000 
read res=801 data=GET /wp-includes/js/jquery/ui/mouse.min.js?ver=1.11.4 HTTP/1.1..Host: localhost: 
stat 
stat res=0 path=/var/www/html/wp-includes/js/jquery/ui/mouse.min.js 
open 
open fd=-2(ENOENT) name=/var/www/.htaccess flags=4097(O_RDONLY|O_CLOEXEC) mode=0 dev=0 
open 
open fd=11(<f>/var/www/html/.htaccess) name=/var/www/html/.htaccess flags=4097(O_RDONLY|O_CLOEXEC) mode=0 dev=34 
fstat fd=11(<f>/var/www/html/.htaccess) 
fstat res=0 
read fd=11(<f>/var/www/html/.htaccess) size=4096 
read res=234 data=# BEGIN WordPress.<IfModule mod_rewrite.c>.RewriteEngine On.RewriteBase /.Rewrit 
read fd=11(<f>/var/www/html/.htaccess) size=4096 
read res=0 data= 
close fd=11(<f>/var/www/html/.htaccess) 
close res=0 
open 
open fd=-2(ENOENT) name=/var/www/html/wp-includes/.htaccess flags=4097(O_RDONLY|O_CLOEXEC) mode=0 dev=0 
open 
open fd=-2(ENOENT) name=/var/www/html/wp-includes/js/.htaccess flags=4097(O_RDONLY|O_CLOEXEC) mode=0 dev=0 
open 
open fd=-2(ENOENT) name=/var/www/html/wp-includes/js/jquery/.htaccess flags=4097(O_RDONLY|O_CLOEXEC) mode=0 dev=0 
open 
open fd=-2(ENOENT) name=/var/www/html/wp-includes/js/jquery/ui/.htaccess flags=4097(O_RDONLY|O_CLOEXEC) mode=0 dev=0 
open 
open fd=-20(ENOTDIR) name=/var/www/html/wp-includes/js/jquery/ui/mouse.min.js/.htaccess flags=4097(O_RDONLY|O_CLOEXEC) mode=0 dev=0 
stat 
stat res=0 path=/var/www/html/wp-includes/js/jquery/ui/mouse.min.js 
open 
open fd=11(<f>/var/www/html/wp-includes/js/jquery/ui/mouse.min.js) name=/var/www/html/wp-includes/js/jquery/ui/mouse.min.js flags=4097(O_RDONLY|O_CLOEXEC) mode=0 dev=34 
mmap addr=0 length=3148 prot=1(PROT_READ) flags=1(MAP_SHARED) fd=11(<f>/var/www/html/wp-includes/js/jquery/ui/mouse.min.js) offset=0 
mmap res=7F5757E16000 vm_size=383368 vm_rss=10296 vm_swap=0 
brk addr=55EC84BA1000 
brk res=55EC84BA1000 vm_size=383560 vm_rss=10296 vm_swap=0 
munmap addr=7F5757E16000 length=3148 
munmap res=0 vm_size=383556 vm_rss=10380 vm_swap=0 
brk addr=55EC84B71000 
brk res=55EC84B71000 vm_size=383364 vm_rss=10296 vm_swap=0 
read fd=10(<4t>172.18.0.1:44898->172.18.0.3:80) size=8000 
read res=-11(EAGAIN) data= 
writev fd=10(<4t>172.18.0.1:44898->172.18.0.3:80) size=1371 
writev res=1371 data=HTTP/1.1 200 OK..Date: Thu, 10 Aug 2023 01:49:29 GMT..Server: Apache/2.4.25 (Deb 
write fd=7(<p>pipe:[2161083]) size=214 
write res=214 data=172.18.0.1 - - [10/Aug/2023:01:49:29 +0000] "GET /wp-includes/js/jquery/ui/mouse 
times 
times 
close fd=11(<f>/var/www/html/wp-includes/js/jquery/ui/mouse.min.js) 
close res=0 
poll fds=10:41 timeout=5000 
poll res=1 fds=10:41 
read fd=10(<4t>172.18.0.1:44898->172.18.0.3:80) size=8000 
read res=993 data=GET /wp-content/plugins/social-warfare/assets/js/script.min.js?ver=3.5.2 HTTP/1. 
stat 
stat res=0 path=/var/www/html/wp-content/plugins/social-warfare/assets/js/script.min.js 
open 
open fd=-2(ENOENT) name=/var/www/.htaccess flags=4097(O_RDONLY|O_CLOEXEC) mode=0 dev=0 
open 
open fd=11(<f>/var/www/html/.htaccess) name=/var/www/html/.htaccess flags=4097(O_RDONLY|O_CLOEXEC) mode=0 dev=34 
fstat fd=11(<f>/var/www/html/.htaccess) 
fstat res=0 
read fd=11(<f>/var/www/html/.htaccess) size=4096 
read res=234 data=# BEGIN WordPress.<IfModule mod_rewrite.c>.RewriteEngine On.RewriteBase /.Rewrit 
read fd=11(<f>/var/www/html/.htaccess) size=4096 
read res=0 data= 
close fd=11(<f>/var/www/html/.htaccess) 
close res=0 
open 
open fd=-2(ENOENT) name=/var/www/html/wp-content/.htaccess flags=4097(O_RDONLY|O_CLOEXEC) mode=0 dev=0 
open 
open fd=-2(ENOENT) name=/var/www/html/wp-content/plugins/.htaccess flags=4097(O_RDONLY|O_CLOEXEC) mode=0 dev=0 
open 
open fd=-2(ENOENT) name=/var/www/html/wp-content/plugins/social-warfare/.htaccess flags=4097(O_RDONLY|O_CLOEXEC) mode=0 dev=0 
open 
open fd=-2(ENOENT) name=/var/www/html/wp-content/plugins/social-warfare/assets/.htaccess flags=4097(O_RDONLY|O_CLOEXEC) mode=0 dev=0 
open 
open fd=-2(ENOENT) name=/var/www/html/wp-content/plugins/social-warfare/assets/js/.htaccess flags=4097(O_RDONLY|O_CLOEXEC) mode=0 dev=0 
open 
open fd=-20(ENOTDIR) name=/var/www/html/wp-content/plugins/social-warfare/assets/js/script.min.js/.htaccess flags=4097(O_RDONLY|O_CLOEXEC) mode=0 dev=0 
stat 
stat res=0 path=/var/www/html/wp-content/plugins/social-warfare/assets/js/script.min.js 
open 
open fd=11(<f>/var/www/html/wp-content/plugins/social-warfare/assets/js/script.min.js) name=/var/www/html/wp-content/plugins/social-warfare/assets/js/script.min.js flags=4097(O_RDONLY|O_CLOEXEC) mode=0 dev=34 
mmap addr=0 length=11801 prot=1(PROT_READ) flags=1(MAP_SHARED) fd=11(<f>/var/www/html/wp-content/plugins/social-warfare/assets/js/script.min.js) offset=0 
mmap res=7F5757DC2000 vm_size=383376 vm_rss=10296 vm_swap=0 
brk addr=55EC84BA1000 
brk res=55EC84BA1000 vm_size=383568 vm_rss=10296 vm_swap=0 
munmap addr=7F5757DC2000 length=11801 
munmap res=0 vm_size=383556 vm_rss=10384 vm_swap=0 
brk addr=55EC84B71000 
brk res=55EC84B71000 vm_size=383364 vm_rss=10296 vm_swap=0 
read fd=10(<4t>172.18.0.1:44898->172.18.0.3:80) size=8000 
read res=-11(EAGAIN) data= 
writev fd=10(<4t>172.18.0.1:44898->172.18.0.3:80) size=3926 
writev res=3926 data=HTTP/1.1 200 OK..Date: Thu, 10 Aug 2023 01:49:29 GMT..Server: Apache/2.4.25 (Deb 
write fd=7(<p>pipe:[2161083]) size=233 
write res=233 data=172.18.0.1 - - [10/Aug/2023:01:49:29 +0000] "GET /wp-content/plugins/social-warf 
times 
times 
close fd=11(<f>/var/www/html/wp-content/plugins/social-warfare/assets/js/script.min.js) 
close res=0 
poll fds=10:41 timeout=5000 
clone res=0 exe=apache2 args=-DFOREGROUND. tid=816842(apache2) pid=816842(apache2) ptid=816327(apache2) cwd= fdlimit=1048576 pgft_maj=0 pgft_min=1 vm_size=383104 vm_rss=7636 vm_swap=0 comm=apache2 cgroups=cpuset=/system.slice/docker-4d81cb26c66231747b04db742cd4f8fff01cc68354eaa9325... flags=562036736(CLONE_CHILD_CLEARTID|CLONE_CHILD_SETTID) uid=0 gid=0 vtid=75 vpid=75 
set_robust_list 
set_robust_list 
rt_sigaction 
rt_sigaction 
rt_sigaction 
rt_sigaction 
rt_sigaction 
rt_sigaction 
getpid 
getpid 
getpid 
getpid 
mmap addr=0 length=8192 prot=3(PROT_READ|PROT_WRITE) flags=10(MAP_PRIVATE|MAP_ANONYMOUS) fd=-1(EPERM) offset=0 
mmap res=7F5757E25000 vm_size=383112 vm_rss=7636 vm_swap=0 
mmap addr=0 length=8192 prot=3(PROT_READ|PROT_WRITE) flags=10(MAP_PRIVATE|MAP_ANONYMOUS) fd=-1(EPERM) offset=0 
mmap res=7F5757E23000 vm_size=383120 vm_rss=7636 vm_swap=0 
geteuid 
geteuid euid=0(root) 
setgid gid=33(www-data) 
setgid res=0 
open 
open fd=9(<f>/proc/sys/kernel/ngroups_max) name=/proc/sys/kernel/ngroups_max flags=1(O_RDONLY) mode=0 dev=64 
read fd=9(<f>/proc/sys/kernel/ngroups_max) size=31 
read res=6 data=65536. 
close fd=9(<f>/proc/sys/kernel/ngroups_max) 
close res=0 
open 
open fd=9(<f>/etc/group) name=/etc/group flags=4097(O_RDONLY|O_CLOEXEC) mode=0 dev=62 
lseek fd=9(<f>/etc/group) offset=0 whence=1(SEEK_CUR) 
lseek res=0 
fstat fd=9(<f>/etc/group) 
fstat res=0 
mmap addr=0 length=446 prot=1(PROT_READ) flags=1(MAP_SHARED) fd=9(<f>/etc/group) offset=0 
mmap res=7F5757E22000 vm_size=383124 vm_rss=7636 vm_swap=0 
lseek fd=9(<f>/etc/group) offset=446 whence=0(SEEK_SET) 
lseek res=446 
fstat fd=9(<f>/etc/group) 
fstat res=0 
munmap addr=7F5757E22000 length=446 
munmap res=0 vm_size=383120 vm_rss=9028 vm_swap=0 
close fd=9(<f>/etc/group) 
close res=0 
setgroups 
setgroups 
geteuid 
geteuid euid=0(root) 
setuid uid=33(www-data) 
setuid res=0 
getpid 
getpid 
rt_sigaction 
rt_sigaction 
rt_sigaction 
rt_sigaction 
rt_sigaction 
rt_sigaction 
rt_sigaction 
rt_sigaction 
rt_sigaction 
rt_sigaction 
rt_sigaction 
rt_sigaction 
rt_sigaction 
rt_sigaction 
rt_sigaction 
rt_sigaction 
rt_sigaction 
rt_sigaction 
rt_sigaction 
rt_sigaction 
rt_sigaction 
rt_sigaction 
rt_sigaction 
rt_sigaction 
rt_sigaction 
rt_sigaction 
rt_sigaction 
rt_sigaction 
rt_sigaction 
rt_sigaction 
rt_sigaction 
rt_sigaction 
rt_sigaction 
rt_sigaction 
rt_sigaction 
rt_sigaction 
rt_sigaction 
rt_sigaction 
rt_sigaction 
rt_sigaction 
rt_sigaction 
rt_sigaction 
rt_sigaction 
rt_sigaction 
rt_sigaction 
rt_sigaction 
rt_sigaction 
rt_sigaction 
rt_sigaction 
rt_sigaction 
rt_sigaction 
rt_sigaction 
rt_sigaction 
rt_sigaction 
rt_sigaction 
rt_sigaction 
rt_sigaction 
rt_sigaction 
rt_sigaction 
rt_sigaction 
rt_sigaction 
rt_sigaction 
rt_sigaction 
rt_sigaction 
rt_sigaction 
rt_sigaction 
rt_sigaction 
rt_sigaction 
rt_sigaction 
rt_sigaction 
rt_sigaction 
rt_sigaction 
rt_sigaction 
rt_sigaction 
rt_sigaction 
rt_sigaction 
rt_sigaction 
rt_sigaction 
rt_sigaction 
rt_sigaction 
rt_sigaction 
rt_sigaction 
rt_sigaction 
rt_sigaction 
rt_sigaction 
rt_sigaction 
rt_sigaction 
rt_sigaction 
rt_sigaction 
rt_sigaction 
rt_sigaction 
rt_sigaction 
rt_sigaction 
rt_sigaction 
rt_sigaction 
rt_sigaction 
rt_sigaction 
rt_sigaction 
rt_sigaction 
rt_sigaction 
rt_sigaction 
rt_sigaction 
rt_sigaction 
rt_sigaction 
rt_sigaction 
rt_sigaction 
rt_sigaction 
rt_sigaction 
rt_sigaction 
rt_sigaction 
rt_sigaction 
rt_sigaction 
rt_sigaction 
rt_sigaction 
rt_sigaction 
rt_sigaction 
rt_sigaction 
rt_sigaction 
rt_sigaction 
rt_sigaction 
rt_sigaction 
rt_sigaction 
rt_sigaction 
rt_sigaction 
mmap addr=0 length=8192 prot=3(PROT_READ|PROT_WRITE) flags=10(MAP_PRIVATE|MAP_ANONYMOUS) fd=-1(EPERM) offset=0 
mmap res=7F5757E21000 vm_size=383128 vm_rss=9028 vm_swap=0 
getpid 
getpid 
epoll_create1 
epoll_create1 
epoll_ctl 
epoll_ctl 
mmap addr=0 length=8192 prot=3(PROT_READ|PROT_WRITE) flags=10(MAP_PRIVATE|MAP_ANONYMOUS) fd=-1(EPERM) offset=0 
mmap res=7F5757E1F000 vm_size=383136 vm_rss=9028 vm_swap=0 
accept flags=0 
clone res=0 exe=apache2 args=-DFOREGROUND. tid=816869(apache2) pid=816869(apache2) ptid=816327(apache2) cwd= fdlimit=1048576 pgft_maj=0 pgft_min=1 vm_size=383104 vm_rss=7636 vm_swap=0 comm=apache2 cgroups=cpuset=/system.slice/docker-4d81cb26c66231747b04db742cd4f8fff01cc68354eaa9325... flags=562036736(CLONE_CHILD_CLEARTID|CLONE_CHILD_SETTID) uid=0 gid=0 vtid=76 vpid=76 
set_robust_list 
set_robust_list 
rt_sigaction 
rt_sigaction 
rt_sigaction 
rt_sigaction 
rt_sigaction 
rt_sigaction 
getpid 
getpid 
getpid 
getpid 
mmap addr=0 length=8192 prot=3(PROT_READ|PROT_WRITE) flags=10(MAP_PRIVATE|MAP_ANONYMOUS) fd=-1(EPERM) offset=0 
mmap res=7F5757E25000 vm_size=383112 vm_rss=7636 vm_swap=0 
mmap addr=0 length=8192 prot=3(PROT_READ|PROT_WRITE) flags=10(MAP_PRIVATE|MAP_ANONYMOUS) fd=-1(EPERM) offset=0 
mmap res=7F5757E23000 vm_size=383120 vm_rss=7636 vm_swap=0 
geteuid 
geteuid euid=0(root) 
setgid gid=33(www-data) 
setgid res=0 
open 
open fd=9(<f>/proc/sys/kernel/ngroups_max) name=/proc/sys/kernel/ngroups_max flags=1(O_RDONLY) mode=0 dev=64 
read fd=9(<f>/proc/sys/kernel/ngroups_max) size=31 
read res=6 data=65536. 
close fd=9(<f>/proc/sys/kernel/ngroups_max) 
close res=0 
open 
open fd=9(<f>/etc/group) name=/etc/group flags=4097(O_RDONLY|O_CLOEXEC) mode=0 dev=62 
lseek fd=9(<f>/etc/group) offset=0 whence=1(SEEK_CUR) 
lseek res=0 
fstat fd=9(<f>/etc/group) 
fstat res=0 
mmap addr=0 length=446 prot=1(PROT_READ) flags=1(MAP_SHARED) fd=9(<f>/etc/group) offset=0 
mmap res=7F5757E22000 vm_size=383124 vm_rss=7636 vm_swap=0 
lseek fd=9(<f>/etc/group) offset=446 whence=0(SEEK_SET) 
lseek res=446 
fstat fd=9(<f>/etc/group) 
fstat res=0 
munmap addr=7F5757E22000 length=446 
munmap res=0 vm_size=383120 vm_rss=9028 vm_swap=0 
close fd=9(<f>/etc/group) 
close res=0 
setgroups 
setgroups 
geteuid 
geteuid euid=0(root) 
setuid uid=33(www-data) 
setuid res=0 
getpid 
getpid 
rt_sigaction 
rt_sigaction 
rt_sigaction 
rt_sigaction 
rt_sigaction 
rt_sigaction 
rt_sigaction 
rt_sigaction 
rt_sigaction 
rt_sigaction 
rt_sigaction 
rt_sigaction 
rt_sigaction 
rt_sigaction 
rt_sigaction 
rt_sigaction 
rt_sigaction 
rt_sigaction 
rt_sigaction 
rt_sigaction 
rt_sigaction 
rt_sigaction 
rt_sigaction 
rt_sigaction 
rt_sigaction 
rt_sigaction 
rt_sigaction 
rt_sigaction 
rt_sigaction 
rt_sigaction 
rt_sigaction 
rt_sigaction 
rt_sigaction 
rt_sigaction 
rt_sigaction 
rt_sigaction 
rt_sigaction 
rt_sigaction 
rt_sigaction 
rt_sigaction 
rt_sigaction 
rt_sigaction 
rt_sigaction 
rt_sigaction 
rt_sigaction 
rt_sigaction 
rt_sigaction 
rt_sigaction 
rt_sigaction 
rt_sigaction 
rt_sigaction 
rt_sigaction 
rt_sigaction 
rt_sigaction 
rt_sigaction 
rt_sigaction 
rt_sigaction 
rt_sigaction 
rt_sigaction 
rt_sigaction 
rt_sigaction 
rt_sigaction 
rt_sigaction 
rt_sigaction 
rt_sigaction 
rt_sigaction 
rt_sigaction 
rt_sigaction 
rt_sigaction 
rt_sigaction 
rt_sigaction 
rt_sigaction 
rt_sigaction 
rt_sigaction 
rt_sigaction 
rt_sigaction 
rt_sigaction 
rt_sigaction 
rt_sigaction 
rt_sigaction 
rt_sigaction 
rt_sigaction 
rt_sigaction 
rt_sigaction 
rt_sigaction 
rt_sigaction 
rt_sigaction 
rt_sigaction 
rt_sigaction 
rt_sigaction 
rt_sigaction 
rt_sigaction 
rt_sigaction 
rt_sigaction 
rt_sigaction 
rt_sigaction 
rt_sigaction 
rt_sigaction 
rt_sigaction 
rt_sigaction 
rt_sigaction 
rt_sigaction 
rt_sigaction 
rt_sigaction 
rt_sigaction 
rt_sigaction 
rt_sigaction 
rt_sigaction 
rt_sigaction 
rt_sigaction 
rt_sigaction 
rt_sigaction 
rt_sigaction 
rt_sigaction 
rt_sigaction 
rt_sigaction 
rt_sigaction 
rt_sigaction 
rt_sigaction 
rt_sigaction 
rt_sigaction 
rt_sigaction 
rt_sigaction 
rt_sigaction 
mmap addr=0 length=8192 prot=3(PROT_READ|PROT_WRITE) flags=10(MAP_PRIVATE|MAP_ANONYMOUS) fd=-1(EPERM) offset=0 
mmap res=7F5757E21000 vm_size=383128 vm_rss=9028 vm_swap=0 
getpid 
getpid 
epoll_create1 
epoll_create1 
epoll_ctl 
epoll_ctl 
mmap addr=0 length=8192 prot=3(PROT_READ|PROT_WRITE) flags=10(MAP_PRIVATE|MAP_ANONYMOUS) fd=-1(EPERM) offset=0 
mmap res=7F5757E1F000 vm_size=383136 vm_rss=9028 vm_swap=0 
accept flags=0 
clone res=0 exe=apache2 args=-DFOREGROUND. tid=816870(apache2) pid=816870(apache2) ptid=816327(apache2) cwd= fdlimit=1048576 pgft_maj=0 pgft_min=1 vm_size=383104 vm_rss=7636 vm_swap=0 comm=apache2 cgroups=cpuset=/system.slice/docker-4d81cb26c66231747b04db742cd4f8fff01cc68354eaa9325... flags=562036736(CLONE_CHILD_CLEARTID|CLONE_CHILD_SETTID) uid=0 gid=0 vtid=77 vpid=77 
set_robust_list 
set_robust_list 
rt_sigaction 
rt_sigaction 
rt_sigaction 
rt_sigaction 
rt_sigaction 
rt_sigaction 
getpid 
getpid 
getpid 
getpid 
mmap addr=0 length=8192 prot=3(PROT_READ|PROT_WRITE) flags=10(MAP_PRIVATE|MAP_ANONYMOUS) fd=-1(EPERM) offset=0 
mmap res=7F5757E25000 vm_size=383112 vm_rss=7636 vm_swap=0 
mmap addr=0 length=8192 prot=3(PROT_READ|PROT_WRITE) flags=10(MAP_PRIVATE|MAP_ANONYMOUS) fd=-1(EPERM) offset=0 
mmap res=7F5757E23000 vm_size=383120 vm_rss=7636 vm_swap=0 
geteuid 
geteuid euid=0(root) 
setgid gid=33(www-data) 
setgid res=0 
open 
open fd=9(<f>/proc/sys/kernel/ngroups_max) name=/proc/sys/kernel/ngroups_max flags=1(O_RDONLY) mode=0 dev=64 
read fd=9(<f>/proc/sys/kernel/ngroups_max) size=31 
read res=6 data=65536. 
close fd=9(<f>/proc/sys/kernel/ngroups_max) 
close res=0 
open 
open fd=9(<f>/etc/group) name=/etc/group flags=4097(O_RDONLY|O_CLOEXEC) mode=0 dev=62 
lseek fd=9(<f>/etc/group) offset=0 whence=1(SEEK_CUR) 
lseek res=0 
fstat fd=9(<f>/etc/group) 
fstat res=0 
mmap addr=0 length=446 prot=1(PROT_READ) flags=1(MAP_SHARED) fd=9(<f>/etc/group) offset=0 
mmap res=7F5757E22000 vm_size=383124 vm_rss=7636 vm_swap=0 
lseek fd=9(<f>/etc/group) offset=446 whence=0(SEEK_SET) 
lseek res=446 
fstat fd=9(<f>/etc/group) 
fstat res=0 
munmap addr=7F5757E22000 length=446 
munmap res=0 vm_size=383120 vm_rss=9028 vm_swap=0 
close fd=9(<f>/etc/group) 
close res=0 
setgroups 
setgroups 
geteuid 
geteuid euid=0(root) 
setuid uid=33(www-data) 
setuid res=0 
getpid 
getpid 
rt_sigaction 
rt_sigaction 
rt_sigaction 
rt_sigaction 
rt_sigaction 
rt_sigaction 
rt_sigaction 
rt_sigaction 
rt_sigaction 
rt_sigaction 
rt_sigaction 
rt_sigaction 
rt_sigaction 
rt_sigaction 
rt_sigaction 
rt_sigaction 
rt_sigaction 
rt_sigaction 
rt_sigaction 
rt_sigaction 
rt_sigaction 
rt_sigaction 
rt_sigaction 
rt_sigaction 
rt_sigaction 
rt_sigaction 
rt_sigaction 
rt_sigaction 
rt_sigaction 
rt_sigaction 
rt_sigaction 
rt_sigaction 
rt_sigaction 
rt_sigaction 
rt_sigaction 
rt_sigaction 
rt_sigaction 
rt_sigaction 
rt_sigaction 
rt_sigaction 
rt_sigaction 
rt_sigaction 
rt_sigaction 
rt_sigaction 
rt_sigaction 
rt_sigaction 
rt_sigaction 
rt_sigaction 
rt_sigaction 
rt_sigaction 
rt_sigaction 
rt_sigaction 
rt_sigaction 
rt_sigaction 
rt_sigaction 
rt_sigaction 
rt_sigaction 
rt_sigaction 
rt_sigaction 
rt_sigaction 
rt_sigaction 
rt_sigaction 
rt_sigaction 
rt_sigaction 
rt_sigaction 
rt_sigaction 
rt_sigaction 
rt_sigaction 
rt_sigaction 
rt_sigaction 
rt_sigaction 
rt_sigaction 
rt_sigaction 
rt_sigaction 
rt_sigaction 
rt_sigaction 
rt_sigaction 
rt_sigaction 
rt_sigaction 
rt_sigaction 
rt_sigaction 
rt_sigaction 
rt_sigaction 
rt_sigaction 
rt_sigaction 
rt_sigaction 
rt_sigaction 
rt_sigaction 
rt_sigaction 
rt_sigaction 
rt_sigaction 
rt_sigaction 
rt_sigaction 
rt_sigaction 
rt_sigaction 
rt_sigaction 
rt_sigaction 
rt_sigaction 
rt_sigaction 
rt_sigaction 
rt_sigaction 
rt_sigaction 
rt_sigaction 
rt_sigaction 
rt_sigaction 
rt_sigaction 
rt_sigaction 
rt_sigaction 
rt_sigaction 
rt_sigaction 
rt_sigaction 
rt_sigaction 
rt_sigaction 
rt_sigaction 
rt_sigaction 
rt_sigaction 
rt_sigaction 
rt_sigaction 
rt_sigaction 
rt_sigaction 
rt_sigaction 
rt_sigaction 
rt_sigaction 
rt_sigaction 
mmap addr=0 length=8192 prot=3(PROT_READ|PROT_WRITE) flags=10(MAP_PRIVATE|MAP_ANONYMOUS) fd=-1(EPERM) offset=0 
mmap res=7F5757E21000 vm_size=383128 vm_rss=9028 vm_swap=0 
getpid 
getpid 
epoll_create1 
epoll_create1 
epoll_ctl 
epoll_ctl 
mmap addr=0 length=8192 prot=3(PROT_READ|PROT_WRITE) flags=10(MAP_PRIVATE|MAP_ANONYMOUS) fd=-1(EPERM) offset=0 
mmap res=7F5757E1F000 vm_size=383136 vm_rss=9028 vm_swap=0 
accept flags=0 
clone res=0 exe=apache2 args=-DFOREGROUND. tid=816874(apache2) pid=816874(apache2) ptid=816327(apache2) cwd= fdlimit=1048576 pgft_maj=0 pgft_min=1 vm_size=383104 vm_rss=7636 vm_swap=0 comm=apache2 cgroups=cpuset=/system.slice/docker-4d81cb26c66231747b04db742cd4f8fff01cc68354eaa9325... flags=562036736(CLONE_CHILD_CLEARTID|CLONE_CHILD_SETTID) uid=0 gid=0 vtid=78 vpid=78 
set_robust_list 
set_robust_list 
rt_sigaction 
rt_sigaction 
rt_sigaction 
rt_sigaction 
rt_sigaction 
rt_sigaction 
getpid 
getpid 
getpid 
getpid 
mmap addr=0 length=8192 prot=3(PROT_READ|PROT_WRITE) flags=10(MAP_PRIVATE|MAP_ANONYMOUS) fd=-1(EPERM) offset=0 
mmap res=7F5757E25000 vm_size=383112 vm_rss=7636 vm_swap=0 
mmap addr=0 length=8192 prot=3(PROT_READ|PROT_WRITE) flags=10(MAP_PRIVATE|MAP_ANONYMOUS) fd=-1(EPERM) offset=0 
mmap res=7F5757E23000 vm_size=383120 vm_rss=7636 vm_swap=0 
geteuid 
geteuid euid=0(root) 
setgid gid=33(www-data) 
setgid res=0 
open 
open fd=9(<f>/proc/sys/kernel/ngroups_max) name=/proc/sys/kernel/ngroups_max flags=1(O_RDONLY) mode=0 dev=64 
read fd=9(<f>/proc/sys/kernel/ngroups_max) size=31 
read res=6 data=65536. 
close fd=9(<f>/proc/sys/kernel/ngroups_max) 
close res=0 
open 
open fd=9(<f>/etc/group) name=/etc/group flags=4097(O_RDONLY|O_CLOEXEC) mode=0 dev=62 
lseek fd=9(<f>/etc/group) offset=0 whence=1(SEEK_CUR) 
lseek res=0 
fstat fd=9(<f>/etc/group) 
fstat res=0 
mmap addr=0 length=446 prot=1(PROT_READ) flags=1(MAP_SHARED) fd=9(<f>/etc/group) offset=0 
mmap res=7F5757E22000 vm_size=383124 vm_rss=7636 vm_swap=0 
lseek fd=9(<f>/etc/group) offset=446 whence=0(SEEK_SET) 
lseek res=446 
fstat fd=9(<f>/etc/group) 
fstat res=0 
munmap addr=7F5757E22000 length=446 
munmap res=0 vm_size=383120 vm_rss=9028 vm_swap=0 
close fd=9(<f>/etc/group) 
close res=0 
setgroups 
setgroups 
geteuid 
geteuid euid=0(root) 
setuid uid=33(www-data) 
setuid res=0 
getpid 
getpid 
rt_sigaction 
rt_sigaction 
rt_sigaction 
rt_sigaction 
rt_sigaction 
rt_sigaction 
rt_sigaction 
rt_sigaction 
rt_sigaction 
rt_sigaction 
rt_sigaction 
rt_sigaction 
rt_sigaction 
rt_sigaction 
rt_sigaction 
rt_sigaction 
rt_sigaction 
rt_sigaction 
rt_sigaction 
rt_sigaction 
rt_sigaction 
rt_sigaction 
rt_sigaction 
rt_sigaction 
rt_sigaction 
rt_sigaction 
rt_sigaction 
rt_sigaction 
rt_sigaction 
rt_sigaction 
rt_sigaction 
rt_sigaction 
rt_sigaction 
rt_sigaction 
rt_sigaction 
rt_sigaction 
rt_sigaction 
rt_sigaction 
rt_sigaction 
rt_sigaction 
rt_sigaction 
rt_sigaction 
rt_sigaction 
rt_sigaction 
rt_sigaction 
rt_sigaction 
rt_sigaction 
rt_sigaction 
rt_sigaction 
rt_sigaction 
rt_sigaction 
rt_sigaction 
rt_sigaction 
rt_sigaction 
rt_sigaction 
rt_sigaction 
rt_sigaction 
rt_sigaction 
rt_sigaction 
rt_sigaction 
rt_sigaction 
rt_sigaction 
rt_sigaction 
rt_sigaction 
rt_sigaction 
rt_sigaction 
rt_sigaction 
rt_sigaction 
rt_sigaction 
rt_sigaction 
rt_sigaction 
rt_sigaction 
rt_sigaction 
rt_sigaction 
rt_sigaction 
rt_sigaction 
rt_sigaction 
rt_sigaction 
rt_sigaction 
rt_sigaction 
rt_sigaction 
rt_sigaction 
rt_sigaction 
rt_sigaction 
rt_sigaction 
rt_sigaction 
rt_sigaction 
rt_sigaction 
rt_sigaction 
rt_sigaction 
rt_sigaction 
rt_sigaction 
rt_sigaction 
rt_sigaction 
rt_sigaction 
rt_sigaction 
rt_sigaction 
rt_sigaction 
rt_sigaction 
rt_sigaction 
rt_sigaction 
rt_sigaction 
rt_sigaction 
rt_sigaction 
rt_sigaction 
rt_sigaction 
rt_sigaction 
rt_sigaction 
rt_sigaction 
rt_sigaction 
rt_sigaction 
rt_sigaction 
rt_sigaction 
rt_sigaction 
rt_sigaction 
rt_sigaction 
rt_sigaction 
rt_sigaction 
rt_sigaction 
rt_sigaction 
rt_sigaction 
rt_sigaction 
rt_sigaction 
rt_sigaction 
mmap addr=0 length=8192 prot=3(PROT_READ|PROT_WRITE) flags=10(MAP_PRIVATE|MAP_ANONYMOUS) fd=-1(EPERM) offset=0 
mmap res=7F5757E21000 vm_size=383128 vm_rss=9028 vm_swap=0 
getpid 
getpid 
epoll_create1 
epoll_create1 
epoll_ctl 
epoll_ctl 
mmap addr=0 length=8192 prot=3(PROT_READ|PROT_WRITE) flags=10(MAP_PRIVATE|MAP_ANONYMOUS) fd=-1(EPERM) offset=0 
mmap res=7F5757E1F000 vm_size=383136 vm_rss=9028 vm_swap=0 
accept flags=0 
clone res=0 exe=apache2 args=-DFOREGROUND. tid=816875(apache2) pid=816875(apache2) ptid=816327(apache2) cwd= fdlimit=1048576 pgft_maj=0 pgft_min=1 vm_size=383104 vm_rss=7636 vm_swap=0 comm=apache2 cgroups=cpuset=/system.slice/docker-4d81cb26c66231747b04db742cd4f8fff01cc68354eaa9325... flags=562036736(CLONE_CHILD_CLEARTID|CLONE_CHILD_SETTID) uid=0 gid=0 vtid=79 vpid=79 
set_robust_list 
set_robust_list 
rt_sigaction 
rt_sigaction 
rt_sigaction 
rt_sigaction 
rt_sigaction 
rt_sigaction 
getpid 
getpid 
getpid 
getpid 
mmap addr=0 length=8192 prot=3(PROT_READ|PROT_WRITE) flags=10(MAP_PRIVATE|MAP_ANONYMOUS) fd=-1(EPERM) offset=0 
mmap res=7F5757E25000 vm_size=383112 vm_rss=7636 vm_swap=0 
mmap addr=0 length=8192 prot=3(PROT_READ|PROT_WRITE) flags=10(MAP_PRIVATE|MAP_ANONYMOUS) fd=-1(EPERM) offset=0 
mmap res=7F5757E23000 vm_size=383120 vm_rss=7636 vm_swap=0 
geteuid 
geteuid euid=0(root) 
setgid gid=33(www-data) 
setgid res=0 
open 
open fd=9(<f>/proc/sys/kernel/ngroups_max) name=/proc/sys/kernel/ngroups_max flags=1(O_RDONLY) mode=0 dev=64 
read fd=9(<f>/proc/sys/kernel/ngroups_max) size=31 
read res=6 data=65536. 
close fd=9(<f>/proc/sys/kernel/ngroups_max) 
close res=0 
open 
open fd=9(<f>/etc/group) name=/etc/group flags=4097(O_RDONLY|O_CLOEXEC) mode=0 dev=62 
lseek fd=9(<f>/etc/group) offset=0 whence=1(SEEK_CUR) 
lseek res=0 
fstat fd=9(<f>/etc/group) 
fstat res=0 
mmap addr=0 length=446 prot=1(PROT_READ) flags=1(MAP_SHARED) fd=9(<f>/etc/group) offset=0 
mmap res=7F5757E22000 vm_size=383124 vm_rss=7636 vm_swap=0 
lseek fd=9(<f>/etc/group) offset=446 whence=0(SEEK_SET) 
lseek res=446 
fstat fd=9(<f>/etc/group) 
fstat res=0 
munmap addr=7F5757E22000 length=446 
munmap res=0 vm_size=383120 vm_rss=9028 vm_swap=0 
close fd=9(<f>/etc/group) 
close res=0 
setgroups 
setgroups 
geteuid 
geteuid euid=0(root) 
setuid uid=33(www-data) 
setuid res=0 
getpid 
getpid 
rt_sigaction 
rt_sigaction 
rt_sigaction 
rt_sigaction 
rt_sigaction 
rt_sigaction 
rt_sigaction 
rt_sigaction 
rt_sigaction 
rt_sigaction 
rt_sigaction 
rt_sigaction 
rt_sigaction 
rt_sigaction 
rt_sigaction 
rt_sigaction 
rt_sigaction 
rt_sigaction 
rt_sigaction 
rt_sigaction 
rt_sigaction 
rt_sigaction 
rt_sigaction 
rt_sigaction 
rt_sigaction 
rt_sigaction 
rt_sigaction 
rt_sigaction 
rt_sigaction 
rt_sigaction 
rt_sigaction 
rt_sigaction 
rt_sigaction 
rt_sigaction 
rt_sigaction 
rt_sigaction 
rt_sigaction 
rt_sigaction 
rt_sigaction 
rt_sigaction 
rt_sigaction 
rt_sigaction 
rt_sigaction 
rt_sigaction 
rt_sigaction 
rt_sigaction 
rt_sigaction 
rt_sigaction 
rt_sigaction 
rt_sigaction 
rt_sigaction 
rt_sigaction 
rt_sigaction 
rt_sigaction 
rt_sigaction 
rt_sigaction 
rt_sigaction 
rt_sigaction 
rt_sigaction 
rt_sigaction 
rt_sigaction 
rt_sigaction 
rt_sigaction 
rt_sigaction 
rt_sigaction 
rt_sigaction 
rt_sigaction 
rt_sigaction 
rt_sigaction 
rt_sigaction 
rt_sigaction 
rt_sigaction 
rt_sigaction 
rt_sigaction 
rt_sigaction 
rt_sigaction 
rt_sigaction 
rt_sigaction 
rt_sigaction 
rt_sigaction 
rt_sigaction 
rt_sigaction 
rt_sigaction 
rt_sigaction 
rt_sigaction 
rt_sigaction 
rt_sigaction 
rt_sigaction 
rt_sigaction 
rt_sigaction 
rt_sigaction 
rt_sigaction 
rt_sigaction 
rt_sigaction 
rt_sigaction 
rt_sigaction 
rt_sigaction 
rt_sigaction 
rt_sigaction 
rt_sigaction 
rt_sigaction 
rt_sigaction 
rt_sigaction 
rt_sigaction 
rt_sigaction 
rt_sigaction 
rt_sigaction 
rt_sigaction 
rt_sigaction 
rt_sigaction 
rt_sigaction 
rt_sigaction 
rt_sigaction 
rt_sigaction 
rt_sigaction 
rt_sigaction 
rt_sigaction 
rt_sigaction 
rt_sigaction 
rt_sigaction 
rt_sigaction 
rt_sigaction 
rt_sigaction 
rt_sigaction 
mmap addr=0 length=8192 prot=3(PROT_READ|PROT_WRITE) flags=10(MAP_PRIVATE|MAP_ANONYMOUS) fd=-1(EPERM) offset=0 
mmap res=7F5757E21000 vm_size=383128 vm_rss=9028 vm_swap=0 
getpid 
getpid 
epoll_create1 
epoll_create1 
epoll_ctl 
epoll_ctl 
mmap addr=0 length=8192 prot=3(PROT_READ|PROT_WRITE) flags=10(MAP_PRIVATE|MAP_ANONYMOUS) fd=-1(EPERM) offset=0 
mmap res=7F5757E1F000 vm_size=383136 vm_rss=9028 vm_swap=0 
accept flags=0 
clone res=0 exe=apache2 args=-DFOREGROUND. tid=816876(apache2) pid=816876(apache2) ptid=816327(apache2) cwd= fdlimit=1048576 pgft_maj=0 pgft_min=1 vm_size=383104 vm_rss=7636 vm_swap=0 comm=apache2 cgroups=cpuset=/system.slice/docker-4d81cb26c66231747b04db742cd4f8fff01cc68354eaa9325... flags=562036736(CLONE_CHILD_CLEARTID|CLONE_CHILD_SETTID) uid=0 gid=0 vtid=80 vpid=80 
set_robust_list 
set_robust_list 
rt_sigaction 
rt_sigaction 
rt_sigaction 
rt_sigaction 
rt_sigaction 
rt_sigaction 
getpid 
getpid 
getpid 
getpid 
mmap addr=0 length=8192 prot=3(PROT_READ|PROT_WRITE) flags=10(MAP_PRIVATE|MAP_ANONYMOUS) fd=-1(EPERM) offset=0 
mmap res=7F5757E25000 vm_size=383112 vm_rss=7636 vm_swap=0 
mmap addr=0 length=8192 prot=3(PROT_READ|PROT_WRITE) flags=10(MAP_PRIVATE|MAP_ANONYMOUS) fd=-1(EPERM) offset=0 
mmap res=7F5757E23000 vm_size=383120 vm_rss=7636 vm_swap=0 
geteuid 
geteuid euid=0(root) 
setgid gid=33(www-data) 
setgid res=0 
open 
open fd=9(<f>/proc/sys/kernel/ngroups_max) name=/proc/sys/kernel/ngroups_max flags=1(O_RDONLY) mode=0 dev=64 
read fd=9(<f>/proc/sys/kernel/ngroups_max) size=31 
read res=6 data=65536. 
close fd=9(<f>/proc/sys/kernel/ngroups_max) 
close res=0 
open 
open fd=9(<f>/etc/group) name=/etc/group flags=4097(O_RDONLY|O_CLOEXEC) mode=0 dev=62 
lseek fd=9(<f>/etc/group) offset=0 whence=1(SEEK_CUR) 
lseek res=0 
fstat fd=9(<f>/etc/group) 
fstat res=0 
mmap addr=0 length=446 prot=1(PROT_READ) flags=1(MAP_SHARED) fd=9(<f>/etc/group) offset=0 
mmap res=7F5757E22000 vm_size=383124 vm_rss=7636 vm_swap=0 
lseek fd=9(<f>/etc/group) offset=446 whence=0(SEEK_SET) 
lseek res=446 
fstat fd=9(<f>/etc/group) 
fstat res=0 
munmap addr=7F5757E22000 length=446 
munmap res=0 vm_size=383120 vm_rss=9028 vm_swap=0 
close fd=9(<f>/etc/group) 
close res=0 
setgroups 
setgroups 
geteuid 
geteuid euid=0(root) 
setuid uid=33(www-data) 
setuid res=0 
getpid 
getpid 
rt_sigaction 
rt_sigaction 
rt_sigaction 
rt_sigaction 
rt_sigaction 
rt_sigaction 
rt_sigaction 
rt_sigaction 
rt_sigaction 
rt_sigaction 
rt_sigaction 
rt_sigaction 
rt_sigaction 
rt_sigaction 
rt_sigaction 
rt_sigaction 
rt_sigaction 
rt_sigaction 
rt_sigaction 
rt_sigaction 
rt_sigaction 
rt_sigaction 
rt_sigaction 
rt_sigaction 
rt_sigaction 
rt_sigaction 
rt_sigaction 
rt_sigaction 
rt_sigaction 
rt_sigaction 
rt_sigaction 
rt_sigaction 
rt_sigaction 
rt_sigaction 
rt_sigaction 
rt_sigaction 
rt_sigaction 
rt_sigaction 
rt_sigaction 
rt_sigaction 
rt_sigaction 
rt_sigaction 
rt_sigaction 
rt_sigaction 
rt_sigaction 
rt_sigaction 
rt_sigaction 
rt_sigaction 
rt_sigaction 
rt_sigaction 
rt_sigaction 
rt_sigaction 
rt_sigaction 
rt_sigaction 
rt_sigaction 
rt_sigaction 
rt_sigaction 
rt_sigaction 
rt_sigaction 
rt_sigaction 
rt_sigaction 
rt_sigaction 
rt_sigaction 
rt_sigaction 
rt_sigaction 
rt_sigaction 
rt_sigaction 
rt_sigaction 
rt_sigaction 
rt_sigaction 
rt_sigaction 
rt_sigaction 
rt_sigaction 
rt_sigaction 
rt_sigaction 
rt_sigaction 
rt_sigaction 
rt_sigaction 
rt_sigaction 
rt_sigaction 
rt_sigaction 
rt_sigaction 
rt_sigaction 
rt_sigaction 
rt_sigaction 
rt_sigaction 
rt_sigaction 
rt_sigaction 
rt_sigaction 
rt_sigaction 
rt_sigaction 
rt_sigaction 
rt_sigaction 
rt_sigaction 
rt_sigaction 
rt_sigaction 
rt_sigaction 
rt_sigaction 
rt_sigaction 
rt_sigaction 
rt_sigaction 
rt_sigaction 
rt_sigaction 
rt_sigaction 
rt_sigaction 
rt_sigaction 
rt_sigaction 
rt_sigaction 
rt_sigaction 
rt_sigaction 
rt_sigaction 
rt_sigaction 
rt_sigaction 
rt_sigaction 
rt_sigaction 
rt_sigaction 
rt_sigaction 
rt_sigaction 
rt_sigaction 
rt_sigaction 
rt_sigaction 
rt_sigaction 
rt_sigaction 
rt_sigaction 
mmap addr=0 length=8192 prot=3(PROT_READ|PROT_WRITE) flags=10(MAP_PRIVATE|MAP_ANONYMOUS) fd=-1(EPERM) offset=0 
mmap res=7F5757E21000 vm_size=383128 vm_rss=9028 vm_swap=0 
getpid 
getpid 
epoll_create1 
epoll_create1 
epoll_ctl 
epoll_ctl 
mmap addr=0 length=8192 prot=3(PROT_READ|PROT_WRITE) flags=10(MAP_PRIVATE|MAP_ANONYMOUS) fd=-1(EPERM) offset=0 
mmap res=7F5757E1F000 vm_size=383136 vm_rss=9028 vm_swap=0 
accept flags=0 
clone res=0 exe=apache2 args=-DFOREGROUND. tid=816877(apache2) pid=816877(apache2) ptid=816327(apache2) cwd= fdlimit=1048576 pgft_maj=0 pgft_min=1 vm_size=383104 vm_rss=7636 vm_swap=0 comm=apache2 cgroups=cpuset=/system.slice/docker-4d81cb26c66231747b04db742cd4f8fff01cc68354eaa9325... flags=562036736(CLONE_CHILD_CLEARTID|CLONE_CHILD_SETTID) uid=0 gid=0 vtid=81 vpid=81 
set_robust_list 
set_robust_list 
rt_sigaction 
rt_sigaction 
rt_sigaction 
rt_sigaction 
rt_sigaction 
rt_sigaction 
getpid 
getpid 
getpid 
getpid 
mmap addr=0 length=8192 prot=3(PROT_READ|PROT_WRITE) flags=10(MAP_PRIVATE|MAP_ANONYMOUS) fd=-1(EPERM) offset=0 
mmap res=7F5757E25000 vm_size=383112 vm_rss=7636 vm_swap=0 
mmap addr=0 length=8192 prot=3(PROT_READ|PROT_WRITE) flags=10(MAP_PRIVATE|MAP_ANONYMOUS) fd=-1(EPERM) offset=0 
mmap res=7F5757E23000 vm_size=383120 vm_rss=7636 vm_swap=0 
geteuid 
geteuid euid=0(root) 
setgid gid=33(www-data) 
setgid res=0 
open 
open fd=9(<f>/proc/sys/kernel/ngroups_max) name=/proc/sys/kernel/ngroups_max flags=1(O_RDONLY) mode=0 dev=64 
read fd=9(<f>/proc/sys/kernel/ngroups_max) size=31 
read res=6 data=65536. 
close fd=9(<f>/proc/sys/kernel/ngroups_max) 
close res=0 
open 
open fd=9(<f>/etc/group) name=/etc/group flags=4097(O_RDONLY|O_CLOEXEC) mode=0 dev=62 
lseek fd=9(<f>/etc/group) offset=0 whence=1(SEEK_CUR) 
lseek res=0 
fstat fd=9(<f>/etc/group) 
fstat res=0 
mmap addr=0 length=446 prot=1(PROT_READ) flags=1(MAP_SHARED) fd=9(<f>/etc/group) offset=0 
mmap res=7F5757E22000 vm_size=383124 vm_rss=7636 vm_swap=0 
lseek fd=9(<f>/etc/group) offset=446 whence=0(SEEK_SET) 
lseek res=446 
fstat fd=9(<f>/etc/group) 
fstat res=0 
munmap addr=7F5757E22000 length=446 
munmap res=0 vm_size=383120 vm_rss=9028 vm_swap=0 
close fd=9(<f>/etc/group) 
close res=0 
setgroups 
setgroups 
geteuid 
geteuid euid=0(root) 
setuid uid=33(www-data) 
setuid res=0 
getpid 
getpid 
rt_sigaction 
rt_sigaction 
rt_sigaction 
rt_sigaction 
rt_sigaction 
rt_sigaction 
rt_sigaction 
rt_sigaction 
rt_sigaction 
rt_sigaction 
rt_sigaction 
rt_sigaction 
rt_sigaction 
rt_sigaction 
rt_sigaction 
rt_sigaction 
rt_sigaction 
rt_sigaction 
rt_sigaction 
rt_sigaction 
rt_sigaction 
rt_sigaction 
rt_sigaction 
rt_sigaction 
rt_sigaction 
rt_sigaction 
rt_sigaction 
rt_sigaction 
rt_sigaction 
rt_sigaction 
rt_sigaction 
rt_sigaction 
rt_sigaction 
rt_sigaction 
rt_sigaction 
rt_sigaction 
rt_sigaction 
rt_sigaction 
rt_sigaction 
rt_sigaction 
rt_sigaction 
rt_sigaction 
rt_sigaction 
rt_sigaction 
rt_sigaction 
rt_sigaction 
rt_sigaction 
rt_sigaction 
rt_sigaction 
rt_sigaction 
rt_sigaction 
rt_sigaction 
rt_sigaction 
rt_sigaction 
rt_sigaction 
rt_sigaction 
rt_sigaction 
rt_sigaction 
rt_sigaction 
rt_sigaction 
rt_sigaction 
rt_sigaction 
rt_sigaction 
rt_sigaction 
rt_sigaction 
rt_sigaction 
rt_sigaction 
rt_sigaction 
rt_sigaction 
rt_sigaction 
rt_sigaction 
rt_sigaction 
rt_sigaction 
rt_sigaction 
rt_sigaction 
rt_sigaction 
rt_sigaction 
rt_sigaction 
rt_sigaction 
rt_sigaction 
rt_sigaction 
rt_sigaction 
rt_sigaction 
rt_sigaction 
rt_sigaction 
rt_sigaction 
rt_sigaction 
rt_sigaction 
rt_sigaction 
rt_sigaction 
rt_sigaction 
rt_sigaction 
rt_sigaction 
rt_sigaction 
rt_sigaction 
rt_sigaction 
rt_sigaction 
rt_sigaction 
rt_sigaction 
rt_sigaction 
rt_sigaction 
rt_sigaction 
rt_sigaction 
rt_sigaction 
rt_sigaction 
rt_sigaction 
rt_sigaction 
rt_sigaction 
rt_sigaction 
rt_sigaction 
rt_sigaction 
rt_sigaction 
rt_sigaction 
rt_sigaction 
rt_sigaction 
rt_sigaction 
rt_sigaction 
rt_sigaction 
rt_sigaction 
rt_sigaction 
rt_sigaction 
rt_sigaction 
rt_sigaction 
rt_sigaction 
mmap addr=0 length=8192 prot=3(PROT_READ|PROT_WRITE) flags=10(MAP_PRIVATE|MAP_ANONYMOUS) fd=-1(EPERM) offset=0 
mmap res=7F5757E21000 vm_size=383128 vm_rss=9028 vm_swap=0 
getpid 
getpid 
epoll_create1 
epoll_create1 
epoll_ctl 
epoll_ctl 
mmap addr=0 length=8192 prot=3(PROT_READ|PROT_WRITE) flags=10(MAP_PRIVATE|MAP_ANONYMOUS) fd=-1(EPERM) offset=0 
mmap res=7F5757E1F000 vm_size=383136 vm_rss=9028 vm_swap=0 
accept flags=0 
poll res=0 fds= 
shutdown fd=10(<4t>172.18.0.1:44898->172.18.0.3:80) how=1(SHUT_WR) 
shutdown res=0 
poll fds=10:41 timeout=2000 
poll res=1 fds=10:421 
read fd=10(<4t>172.18.0.1:44898->172.18.0.3:80) size=512 
read res=0 data= 
close fd=10(<4t>172.18.0.1:44898->172.18.0.3:80) 
close res=0 
read fd=4(<p>pipe:[2161219]) size=1 
read res=-11(EAGAIN) data= 
accept flags=0 
accept fd=10(<4t>127.0.0.1:46260->127.0.0.1:80) tuple=127.0.0.1:46260->127.0.0.1:80 queuepct=0 queuelen=0 queuemax=511 
getsockname 
getsockname 
fcntl fd=10(<4t>127.0.0.1:46260->127.0.0.1:80) cmd=4(F_GETFL) 
fcntl res=2(<p>pipe:[2161084]) 
fcntl fd=10(<4t>127.0.0.1:46260->127.0.0.1:80) cmd=5(F_SETFL) 
fcntl res=0(<f>/dev/null) 
mmap addr=0 length=8192 prot=3(PROT_READ|PROT_WRITE) flags=10(MAP_PRIVATE|MAP_ANONYMOUS) fd=-1(EPERM) offset=0 
mmap res=7F5757E1D000 vm_size=383144 vm_rss=9028 vm_swap=0 
mmap addr=0 length=8192 prot=3(PROT_READ|PROT_WRITE) flags=10(MAP_PRIVATE|MAP_ANONYMOUS) fd=-1(EPERM) offset=0 
mmap res=7F5757E1B000 vm_size=383152 vm_rss=9028 vm_swap=0 
read fd=10(<4t>127.0.0.1:46260->127.0.0.1:80) size=8000 
read res=96 data=OPTIONS * HTTP/1.0..User-Agent: Apache/2.4.25 (Debian) PHP/7.2.1 (internal dummy 
mmap addr=0 length=8192 prot=3(PROT_READ|PROT_WRITE) flags=10(MAP_PRIVATE|MAP_ANONYMOUS) fd=-1(EPERM) offset=0 
mmap res=7F5757E19000 vm_size=383160 vm_rss=9028 vm_swap=0 
mmap addr=0 length=8192 prot=3(PROT_READ|PROT_WRITE) flags=10(MAP_PRIVATE|MAP_ANONYMOUS) fd=-1(EPERM) offset=0 
mmap res=7F5757E17000 vm_size=383168 vm_rss=9028 vm_swap=0 
writev fd=10(<4t>127.0.0.1:46260->127.0.0.1:80) size=126 
writev res=126 data=HTTP/1.1 200 OK..Date: Thu, 10 Aug 2023 01:49:34 GMT..Server: Apache/2.4.25 (Deb 
write fd=7(<p>pipe:[2161083]) size=139 
write res=139 data=127.0.0.1 - - [10/Aug/2023:01:49:34 +0000] "OPTIONS * HTTP/1.0" 200 126 "-" "Apa 
times 
times 
shutdown fd=10(<4t>127.0.0.1:46260->127.0.0.1:80) how=1(SHUT_WR) 
shutdown res=-107(ENOTCONN) 
close fd=10(<4t>127.0.0.1:46260->127.0.0.1:80) 
close res=0 
read fd=4(<p>pipe:[2161219]) size=1 
read res=1 data=! 
close fd=9 
close res=0 
munmap addr=7F5740A5F000 length=134217728 
munmap res=0 vm_size=252096 vm_rss=11112 vm_swap=0 
close fd=8(<f>/tmp/.ZendSem.Xmcgdb (deleted)) 
close res=0 
munmap addr=7F5748A5F000 length=2243784 
munmap res=0 vm_size=249904 vm_rss=11224 vm_swap=0 
munmap addr=7F5749121000 length=2517856 
munmap res=0 vm_size=247444 vm_rss=11244 vm_swap=0 
munmap addr=7F5748EEE000 length=2301968 
munmap res=0 vm_size=245192 vm_rss=11216 vm_swap=0 
munmap addr=7F5748C83000 length=2531352 
munmap res=0 vm_size=242716 vm_rss=11188 vm_swap=0 
munmap addr=7F5749388000 length=2584984 
munmap res=0 vm_size=240188 vm_rss=12828 vm_swap=0 
munmap addr=7F5757DCD000 length=299008 
munmap res=0 vm_size=239896 vm_rss=12640 vm_swap=0 
munmap addr=7F5749600000 length=2097152 
munmap res=0 vm_size=237848 vm_rss=10592 vm_swap=0 
munmap addr=7F5757E3B000 length=323584 
munmap res=0 vm_size=237532 vm_rss=10588 vm_swap=0 
munmap addr=7F5757E25000 length=8192 
munmap res=0 vm_size=237524 vm_rss=10584 vm_swap=0 
munmap addr=7F5757E1F000 length=8192 
munmap res=0 vm_size=237516 vm_rss=10580 vm_swap=0 
munmap addr=7F5757E23000 length=8192 
munmap res=0 vm_size=237508 vm_rss=10576 vm_swap=0 
munmap addr=7F5757E21000 length=8192 
munmap res=0 vm_size=237500 vm_rss=10572 vm_swap=0 
munmap addr=7F5757E1B000 length=8192 
munmap res=0 vm_size=237492 vm_rss=10568 vm_swap=0 
munmap addr=7F5757E17000 length=8192 
munmap res=0 vm_size=237484 vm_rss=10564 vm_swap=0 
munmap addr=7F5757E1D000 length=8192 
munmap res=0 vm_size=237476 vm_rss=10556 vm_swap=0 
munmap addr=7F5757E19000 length=8192 
munmap res=0 vm_size=237468 vm_rss=10552 vm_swap=0 
close fd=5(<p>pipe:[2161219]) 
close res=0 
close fd=4(<p>pipe:[2161219]) 
close res=0 
futex addr=7F5751BB88EC op=129(FUTEX_PRIVATE_FLAG|FUTEX_WAKE) val=2147483647 
futex res=0 
exit_group 
accept fd=10(<4t>127.0.0.1:46272->127.0.0.1:80) tuple=127.0.0.1:46272->127.0.0.1:80 queuepct=0 queuelen=0 queuemax=511 
getsockname 
getsockname 
fcntl fd=10(<4t>127.0.0.1:46272->127.0.0.1:80) cmd=4(F_GETFL) 
fcntl res=2(<p>pipe:[2161084]) 
fcntl fd=10(<4t>127.0.0.1:46272->127.0.0.1:80) cmd=5(F_SETFL) 
fcntl res=0(<f>/dev/null) 
mmap addr=0 length=8192 prot=3(PROT_READ|PROT_WRITE) flags=10(MAP_PRIVATE|MAP_ANONYMOUS) fd=-1(EPERM) offset=0 
mmap res=7F5757E1D000 vm_size=383144 vm_rss=9028 vm_swap=0 
mmap addr=0 length=8192 prot=3(PROT_READ|PROT_WRITE) flags=10(MAP_PRIVATE|MAP_ANONYMOUS) fd=-1(EPERM) offset=0 
mmap res=7F5757E1B000 vm_size=383152 vm_rss=9028 vm_swap=0 
read fd=10(<4t>127.0.0.1:46272->127.0.0.1:80) size=8000 
read res=96 data=OPTIONS * HTTP/1.0..User-Agent: Apache/2.4.25 (Debian) PHP/7.2.1 (internal dummy 
mmap addr=0 length=8192 prot=3(PROT_READ|PROT_WRITE) flags=10(MAP_PRIVATE|MAP_ANONYMOUS) fd=-1(EPERM) offset=0 
mmap res=7F5757E19000 vm_size=383160 vm_rss=9028 vm_swap=0 
mmap addr=0 length=8192 prot=3(PROT_READ|PROT_WRITE) flags=10(MAP_PRIVATE|MAP_ANONYMOUS) fd=-1(EPERM) offset=0 
mmap res=7F5757E17000 vm_size=383168 vm_rss=9028 vm_swap=0 
writev fd=10(<4t>127.0.0.1:46272->127.0.0.1:80) size=126 
writev res=126 data=HTTP/1.1 200 OK..Date: Thu, 10 Aug 2023 01:49:35 GMT..Server: Apache/2.4.25 (Deb 
write fd=7(<p>pipe:[2161083]) size=139 
write res=139 data=127.0.0.1 - - [10/Aug/2023:01:49:35 +0000] "OPTIONS * HTTP/1.0" 200 126 "-" "Apa 
times 
times 
shutdown fd=10(<4t>127.0.0.1:46272->127.0.0.1:80) how=1(SHUT_WR) 
shutdown res=0 
poll fds=10:41 timeout=2000 
poll res=1 fds=10:431 
read fd=10(<4t>127.0.0.1:46272->127.0.0.1:80) size=512 
read res=-104(ECONNRESET) data= 
close fd=10(<4t>127.0.0.1:46272->127.0.0.1:80) 
close res=0 
read fd=4(<p>pipe:[2161219]) size=1 
read res=1 data=! 
close fd=9 
close res=0 
munmap addr=7F5740A5F000 length=134217728 
munmap res=0 vm_size=252096 vm_rss=11120 vm_swap=0 
close fd=8(<f>/tmp/.ZendSem.Xmcgdb (deleted)) 
close res=0 
munmap addr=7F5748A5F000 length=2243784 
munmap res=0 vm_size=249904 vm_rss=11232 vm_swap=0 
munmap addr=7F5749121000 length=2517856 
munmap res=0 vm_size=247444 vm_rss=11252 vm_swap=0 
munmap addr=7F5748EEE000 length=2301968 
munmap res=0 vm_size=245192 vm_rss=11224 vm_swap=0 
munmap addr=7F5748C83000 length=2531352 
munmap res=0 vm_size=242716 vm_rss=11196 vm_swap=0 
munmap addr=7F5749388000 length=2584984 
munmap res=0 vm_size=240188 vm_rss=12836 vm_swap=0 
munmap addr=7F5757DCD000 length=299008 
munmap res=0 vm_size=239896 vm_rss=12648 vm_swap=0 
munmap addr=7F5749600000 length=2097152 
munmap res=0 vm_size=237848 vm_rss=10600 vm_swap=0 
munmap addr=7F5757E3B000 length=323584 
munmap res=0 vm_size=237532 vm_rss=10596 vm_swap=0 
munmap addr=7F5757E25000 length=8192 
munmap res=0 vm_size=237524 vm_rss=10592 vm_swap=0 
munmap addr=7F5757E1F000 length=8192 
munmap res=0 vm_size=237516 vm_rss=10588 vm_swap=0 
munmap addr=7F5757E23000 length=8192 
munmap res=0 vm_size=237508 vm_rss=10584 vm_swap=0 
munmap addr=7F5757E21000 length=8192 
munmap res=0 vm_size=237500 vm_rss=10580 vm_swap=0 
munmap addr=7F5757E1B000 length=8192 
munmap res=0 vm_size=237492 vm_rss=10576 vm_swap=0 
munmap addr=7F5757E17000 length=8192 
munmap res=0 vm_size=237484 vm_rss=10572 vm_swap=0 
munmap addr=7F5757E1D000 length=8192 
munmap res=0 vm_size=237476 vm_rss=10564 vm_swap=0 
munmap addr=7F5757E19000 length=8192 
munmap res=0 vm_size=237468 vm_rss=10560 vm_swap=0 
close fd=5(<p>pipe:[2161219]) 
close res=0 
close fd=4(<p>pipe:[2161219]) 
close res=0 
futex addr=7F5751BB88EC op=129(FUTEX_PRIVATE_FLAG|FUTEX_WAKE) val=2147483647 
futex res=0 
exit_group 
accept fd=10(<4t>127.0.0.1:46278->127.0.0.1:80) tuple=127.0.0.1:46278->127.0.0.1:80 queuepct=0 queuelen=0 queuemax=511 
getsockname 
getsockname 
fcntl fd=10(<4t>127.0.0.1:46278->127.0.0.1:80) cmd=4(F_GETFL) 
fcntl res=2(<p>pipe:[2161084]) 
fcntl fd=10(<4t>127.0.0.1:46278->127.0.0.1:80) cmd=5(F_SETFL) 
fcntl res=0(<f>/dev/null) 
mmap addr=0 length=8192 prot=3(PROT_READ|PROT_WRITE) flags=10(MAP_PRIVATE|MAP_ANONYMOUS) fd=-1(EPERM) offset=0 
mmap res=7F5757E1D000 vm_size=383144 vm_rss=9028 vm_swap=0 
mmap addr=0 length=8192 prot=3(PROT_READ|PROT_WRITE) flags=10(MAP_PRIVATE|MAP_ANONYMOUS) fd=-1(EPERM) offset=0 
mmap res=7F5757E1B000 vm_size=383152 vm_rss=9028 vm_swap=0 
read fd=10(<4t>127.0.0.1:46278->127.0.0.1:80) size=8000 
read res=96 data=OPTIONS * HTTP/1.0..User-Agent: Apache/2.4.25 (Debian) PHP/7.2.1 (internal dummy 
mmap addr=0 length=8192 prot=3(PROT_READ|PROT_WRITE) flags=10(MAP_PRIVATE|MAP_ANONYMOUS) fd=-1(EPERM) offset=0 
mmap res=7F5757E19000 vm_size=383160 vm_rss=9028 vm_swap=0 
mmap addr=0 length=8192 prot=3(PROT_READ|PROT_WRITE) flags=10(MAP_PRIVATE|MAP_ANONYMOUS) fd=-1(EPERM) offset=0 
mmap res=7F5757E17000 vm_size=383168 vm_rss=9028 vm_swap=0 
writev fd=10(<4t>127.0.0.1:46278->127.0.0.1:80) size=126 
writev res=126 data=HTTP/1.1 200 OK..Date: Thu, 10 Aug 2023 01:49:36 GMT..Server: Apache/2.4.25 (Deb 
write fd=7(<p>pipe:[2161083]) size=139 
write res=139 data=127.0.0.1 - - [10/Aug/2023:01:49:36 +0000] "OPTIONS * HTTP/1.0" 200 126 "-" "Apa 
times 
times 
shutdown fd=10(<4t>127.0.0.1:46278->127.0.0.1:80) how=1(SHUT_WR) 
shutdown res=-107(ENOTCONN) 
close fd=10(<4t>127.0.0.1:46278->127.0.0.1:80) 
close res=0 
read fd=4(<p>pipe:[2161219]) size=1 
read res=1 data=! 
close fd=9 
close res=0 
munmap addr=7F5740A5F000 length=134217728 
munmap res=0 vm_size=252096 vm_rss=11120 vm_swap=0 
close fd=8(<f>/tmp/.ZendSem.Xmcgdb (deleted)) 
close res=0 
munmap addr=7F5748A5F000 length=2243784 
munmap res=0 vm_size=249904 vm_rss=11232 vm_swap=0 
munmap addr=7F5749121000 length=2517856 
munmap res=0 vm_size=247444 vm_rss=11252 vm_swap=0 
munmap addr=7F5748EEE000 length=2301968 
munmap res=0 vm_size=245192 vm_rss=11224 vm_swap=0 
munmap addr=7F5748C83000 length=2531352 
munmap res=0 vm_size=242716 vm_rss=11196 vm_swap=0 
munmap addr=7F5749388000 length=2584984 
munmap res=0 vm_size=240188 vm_rss=12836 vm_swap=0 
munmap addr=7F5757DCD000 length=299008 
munmap res=0 vm_size=239896 vm_rss=12648 vm_swap=0 
munmap addr=7F5749600000 length=2097152 
munmap res=0 vm_size=237848 vm_rss=10600 vm_swap=0 
munmap addr=7F5757E3B000 length=323584 
munmap res=0 vm_size=237532 vm_rss=10596 vm_swap=0 
munmap addr=7F5757E25000 length=8192 
munmap res=0 vm_size=237524 vm_rss=10592 vm_swap=0 
munmap addr=7F5757E1F000 length=8192 
munmap res=0 vm_size=237516 vm_rss=10588 vm_swap=0 
munmap addr=7F5757E23000 length=8192 
munmap res=0 vm_size=237508 vm_rss=10584 vm_swap=0 
munmap addr=7F5757E21000 length=8192 
munmap res=0 vm_size=237500 vm_rss=10580 vm_swap=0 
munmap addr=7F5757E1B000 length=8192 
munmap res=0 vm_size=237492 vm_rss=10576 vm_swap=0 
munmap addr=7F5757E17000 length=8192 
munmap res=0 vm_size=237484 vm_rss=10572 vm_swap=0 
munmap addr=7F5757E1D000 length=8192 
munmap res=0 vm_size=237476 vm_rss=10564 vm_swap=0 
munmap addr=7F5757E19000 length=8192 
munmap res=0 vm_size=237468 vm_rss=10560 vm_swap=0 
close fd=5(<p>pipe:[2161219]) 
close res=0 
close fd=4(<p>pipe:[2161219]) 
close res=0 
futex addr=7F5751BB88EC op=129(FUTEX_PRIVATE_FLAG|FUTEX_WAKE) val=2147483647 
futex res=0 
exit_group 
accept fd=10(<4t>172.18.0.1:57504->172.18.0.3:80) tuple=172.18.0.1:57504->172.18.0.3:80 queuepct=0 queuelen=0 queuemax=511 
getsockname 
getsockname 
fcntl fd=10(<4t>172.18.0.1:57504->172.18.0.3:80) cmd=4(F_GETFL) 
fcntl res=2(<p>pipe:[2161084]) 
fcntl fd=10(<4t>172.18.0.1:57504->172.18.0.3:80) cmd=5(F_SETFL) 
fcntl res=0(<f>/dev/null) 
mmap addr=0 length=8192 prot=3(PROT_READ|PROT_WRITE) flags=10(MAP_PRIVATE|MAP_ANONYMOUS) fd=-1(EPERM) offset=0 
mmap res=7F5757E1D000 vm_size=383144 vm_rss=9028 vm_swap=0 
mmap addr=0 length=8192 prot=3(PROT_READ|PROT_WRITE) flags=10(MAP_PRIVATE|MAP_ANONYMOUS) fd=-1(EPERM) offset=0 
mmap res=7F5757E1B000 vm_size=383152 vm_rss=9028 vm_swap=0 
read fd=10(<4t>172.18.0.1:57504->172.18.0.3:80) size=8000 
read res=412 data=POST /wp-content/plugins/really-simple-guest-post/simple-guest-post-submit.php H 
stat 
stat res=0 path=/var/www/html/wp-content/plugins/really-simple-guest-post/simple-guest-post-submit.php 
open 
open fd=-2(ENOENT) name=/var/www/.htaccess flags=4097(O_RDONLY|O_CLOEXEC) mode=0 dev=0 
mmap addr=0 length=8192 prot=3(PROT_READ|PROT_WRITE) flags=10(MAP_PRIVATE|MAP_ANONYMOUS) fd=-1(EPERM) offset=0 
mmap res=7F5757E19000 vm_size=383160 vm_rss=9028 vm_swap=0 
open 
open fd=11(<f>/var/www/html/.htaccess) name=/var/www/html/.htaccess flags=4097(O_RDONLY|O_CLOEXEC) mode=0 dev=34 
fstat fd=11(<f>/var/www/html/.htaccess) 
fstat res=0 
read fd=11(<f>/var/www/html/.htaccess) size=4096 
read res=234 data=# BEGIN WordPress.<IfModule mod_rewrite.c>.RewriteEngine On.RewriteBase /.Rewrit 
read fd=11(<f>/var/www/html/.htaccess) size=4096 
read res=0 data= 
close fd=11(<f>/var/www/html/.htaccess) 
close res=0 
open 
open fd=-2(ENOENT) name=/var/www/html/wp-content/.htaccess flags=4097(O_RDONLY|O_CLOEXEC) mode=0 dev=0 
open 
open fd=-2(ENOENT) name=/var/www/html/wp-content/plugins/.htaccess flags=4097(O_RDONLY|O_CLOEXEC) mode=0 dev=0 
open 
open fd=-2(ENOENT) name=/var/www/html/wp-content/plugins/really-simple-guest-post/.htaccess flags=4097(O_RDONLY|O_CLOEXEC) mode=0 dev=0 
open 
open fd=-20(ENOTDIR) name=/var/www/html/wp-content/plugins/really-simple-guest-post/simple-guest-post-submit.php/.htaccess flags=4097(O_RDONLY|O_CLOEXEC) mode=0 dev=0 
mmap addr=0 length=8192 prot=3(PROT_READ|PROT_WRITE) flags=10(MAP_PRIVATE|MAP_ANONYMOUS) fd=-1(EPERM) offset=0 
mmap res=7F5757E17000 vm_size=383168 vm_rss=9028 vm_swap=0 
stat 
stat res=0 path=/var/www/html/wp-content/plugins/really-simple-guest-post/simple-guest-post-submit.php 
brk addr=55EC84B72000 
brk res=55EC84B72000 vm_size=383328 vm_rss=10316 vm_swap=0 
brk addr=55EC84B93000 
brk res=55EC84B93000 vm_size=383460 vm_rss=11536 vm_swap=0 
rt_sigaction 
rt_sigaction 
rt_sigaction 
rt_sigaction 
rt_sigaction 
rt_sigaction 
rt_sigaction 
rt_sigaction 
rt_sigaction 
rt_sigaction 
rt_sigaction 
rt_sigaction 
rt_sigaction 
rt_sigaction 
rt_sigaction 
rt_sigaction 
rt_sigaction 
rt_sigaction 
rt_sigaction 
rt_sigaction 
rt_sigaction 
rt_sigaction 
rt_sigaction 
rt_sigaction 
rt_sigaction 
rt_sigaction 
rt_sigaction 
rt_sigaction 
setitimer 
setitimer 
rt_sigaction 
rt_sigaction 
rt_sigprocmask 
rt_sigprocmask 
mmap addr=0 length=65536 prot=3(PROT_READ|PROT_WRITE) flags=10(MAP_PRIVATE|MAP_ANONYMOUS) fd=-1(EPERM) offset=0 
mmap res=7F5757DBD000 vm_size=383524 vm_rss=12304 vm_swap=0 
getcwd 
getcwd res=14 path=/var/www/html 
chdir 
chdir res=0 path=/var/www/html/wp-content/plugins/really-simple-guest-post 
lstat 
lstat res=0 path=/var/www/html/wp-content/plugins/really-simple-guest-post/simple-guest-post-submit.php 
lstat 
lstat res=0 path=/var/www/html/wp-content/plugins/really-simple-guest-post 
lstat 
lstat res=0 path=/var/www/html/wp-content/plugins 
lstat 
lstat res=0 path=/var/www/html/wp-content 
lstat 
lstat res=0 path=/var/www/html 
lstat 
lstat res=0 path=/var/www 
lstat 
lstat res=0 path=/var 
open 
open fd=11(<f>/var/www/html/wp-content/plugins/really-simple-guest-post/simple-guest-post-submit.php) name=/var/www/html/wp-content/plugins/really-simple-guest-post/simple-guest-post-submit.php flags=1(O_RDONLY) mode=0 dev=34 
fstat fd=11(<f>/var/www/html/wp-content/plugins/really-simple-guest-post/simple-guest-post-submit.php) 
fstat res=0 
fstat fd=11(<f>/var/www/html/wp-content/plugins/really-simple-guest-post/simple-guest-post-submit.php) 
fstat res=0 
fstat fd=11(<f>/var/www/html/wp-content/plugins/really-simple-guest-post/simple-guest-post-submit.php) 
fstat res=0 
mmap addr=0 length=1502 prot=1(PROT_READ) flags=1(MAP_SHARED) fd=11(<f>/var/www/html/wp-content/plugins/really-simple-guest-post/simple-guest-post-submit.php) offset=0 
mmap res=7F5757E16000 vm_size=383528 vm_rss=12304 vm_swap=0 
fcntl fd=8(<f>/tmp/.ZendSem.Xmcgdb (deleted)) cmd=8(F_SETLK) 
fcntl res=0(<f>/dev/null) 
stat 
stat res=0 path=/var/www/html/wp-content/plugins/really-simple-guest-post/simple-guest-post-submit.php 
fcntl fd=8(<f>/tmp/.ZendSem.Xmcgdb (deleted)) cmd=9(F_SETLKW) 
fcntl res=0(<f>/dev/null) 
fcntl fd=8(<f>/tmp/.ZendSem.Xmcgdb (deleted)) cmd=8(F_SETLK) 
fcntl res=0(<f>/dev/null) 
munmap addr=7F5757E16000 length=1502 
munmap res=0 vm_size=383524 vm_rss=15064 vm_swap=0 
close fd=11(<f>/var/www/html/wp-content/plugins/really-simple-guest-post/simple-guest-post-submit.php) 
close res=0 
lstat 
lstat res=0 path=/etc/passwd 
lstat 
lstat res=0 path=/etc 
open 
open fd=11(<f>/etc/passwd) name=/etc/passwd flags=1(O_RDONLY) mode=0 dev=62 
fstat fd=11(<f>/etc/passwd) 
fstat res=0 
fstat fd=11(<f>/etc/passwd) 
fstat res=0 
fstat fd=11(<f>/etc/passwd) 
fstat res=0 
mmap addr=0 length=919 prot=1(PROT_READ) flags=1(MAP_SHARED) fd=11(<f>/etc/passwd) offset=0 
mmap res=7F5757E16000 vm_size=383528 vm_rss=15064 vm_swap=0 
stat 
stat res=0 path=/etc/passwd 
fcntl fd=8(<f>/tmp/.ZendSem.Xmcgdb (deleted)) cmd=9(F_SETLKW) 
fcntl res=0(<f>/dev/null) 
fcntl fd=8(<f>/tmp/.ZendSem.Xmcgdb (deleted)) cmd=8(F_SETLK) 
fcntl res=0(<f>/dev/null) 
munmap addr=7F5757E16000 length=919 
munmap res=0 vm_size=383524 vm_rss=15376 vm_swap=0 
close fd=11(<f>/etc/passwd) 
close res=0 
chdir 
chdir res=0 path=/var/www/html 
setitimer 
setitimer 
fcntl fd=8(<f>/tmp/.ZendSem.Xmcgdb (deleted)) cmd=8(F_SETLK) 
fcntl res=0(<f>/dev/null) 
setitimer 
setitimer 
mmap addr=0 length=8192 prot=3(PROT_READ|PROT_WRITE) flags=10(MAP_PRIVATE|MAP_ANONYMOUS) fd=-1(EPERM) offset=0 
mmap res=7F5757DBB000 vm_size=383532 vm_rss=15376 vm_swap=0 
mmap addr=0 length=8192 prot=3(PROT_READ|PROT_WRITE) flags=10(MAP_PRIVATE|MAP_ANONYMOUS) fd=-1(EPERM) offset=0 
mmap res=7F5757DB9000 vm_size=383540 vm_rss=15376 vm_swap=0 
mmap addr=0 length=8192 prot=3(PROT_READ|PROT_WRITE) flags=10(MAP_PRIVATE|MAP_ANONYMOUS) fd=-1(EPERM) offset=0 
mmap res=7F5757DB7000 vm_size=383548 vm_rss=15376 vm_swap=0 
read fd=10(<4t>172.18.0.1:57504->172.18.0.3:80) size=8000 
read res=-11(EAGAIN) data= 
writev fd=10(<4t>172.18.0.1:57504->172.18.0.3:80) size=1452 
writev res=1452 data=HTTP/1.1 200 OK..Date: Thu, 10 Aug 2023 01:49:43 GMT..Server: Apache/2.4.25 (Deb 
write fd=7(<p>pipe:[2161083]) size=161 
write res=161 data=172.18.0.1 - - [10/Aug/2023:01:49:43 +0000] "POST /wp-content/plugins/really-sim 
times 
times 
poll fds=10:41 timeout=5000 
poll res=1 fds=10:41 
read fd=10(<4t>172.18.0.1:57504->172.18.0.3:80) size=8000 
read res=0 data= 
shutdown fd=10(<4t>172.18.0.1:57504->172.18.0.3:80) how=1(SHUT_WR) 
shutdown res=0 
poll fds=10:41 timeout=2000 
poll res=1 fds=10:421 
read fd=10(<4t>172.18.0.1:57504->172.18.0.3:80) size=512 
read res=0 data= 
close fd=10(<4t>172.18.0.1:57504->172.18.0.3:80) 
close res=0 
read fd=4(<p>pipe:[2161219]) size=1 
read res=-11(EAGAIN) data= 
accept flags=0 
accept fd=-512(ERESTARTSYS) tuple=NULL queuepct=0 queuelen=0 queuemax=511 
close fd=9 
close res=0 
accept fd=-512(ERESTARTSYS) tuple=NULL queuepct=0 queuelen=0 queuemax=511 
close fd=9 
close res=0 
accept fd=-512(ERESTARTSYS) tuple=NULL queuepct=0 queuelen=0 queuemax=511 
close fd=9 
close res=0 
accept fd=-512(ERESTARTSYS) tuple=NULL queuepct=0 queuelen=0 queuemax=511 
close fd=9 
close res=0 
accept fd=-512(ERESTARTSYS) tuple=NULL queuepct=0 queuelen=0 queuemax=511 
close fd=9 
close res=0 
munmap addr=7F5740A5F000 length=134217728 
munmap res=0 vm_size=252292 vm_rss=11332 vm_swap=0 
close fd=8(<f>/tmp/.ZendSem.Xmcgdb (deleted)) 
close res=0 
munmap addr=7F5748A5F000 length=2243784 
munmap res=0 vm_size=250100 vm_rss=11444 vm_swap=0 
munmap addr=7F5740A5F000 length=134217728 
munmap res=0 vm_size=252476 vm_rss=13308 vm_swap=0 
close fd=8(<f>/tmp/.ZendSem.Xmcgdb (deleted)) 
close res=0 
munmap addr=7F5748A5F000 length=2243784 
munmap res=0 vm_size=250284 vm_rss=13252 vm_swap=0 
munmap addr=7F5749121000 length=2517856 
munmap res=0 vm_size=247824 vm_rss=13272 vm_swap=0 
munmap addr=7F5748EEE000 length=2301968 
munmap res=0 vm_size=245572 vm_rss=13244 vm_swap=0 
munmap addr=7F5748C83000 length=2531352 
munmap res=0 vm_size=243096 vm_rss=13216 vm_swap=0 
munmap addr=7F5757DBD000 length=65536 
munmap res=0 vm_size=243032 vm_rss=14092 vm_swap=0 
munmap addr=7F5749121000 length=2517856 
munmap res=0 vm_size=247640 vm_rss=11464 vm_swap=0 
munmap addr=7F5748EEE000 length=2301968 
munmap res=0 vm_size=245388 vm_rss=11436 vm_swap=0 
munmap addr=7F5748C83000 length=2531352 
munmap res=0 vm_size=242912 vm_rss=11408 vm_swap=0 
munmap addr=7F5749388000 length=2584984 
munmap res=0 vm_size=240384 vm_rss=13080 vm_swap=0 
munmap addr=7F5757DCD000 length=299008 
munmap res=0 vm_size=240092 vm_rss=12892 vm_swap=0 
munmap addr=7F5749600000 length=2097152 
munmap res=0 vm_size=238044 vm_rss=10844 vm_swap=0 
munmap addr=7F5757E3B000 length=323584 
munmap res=0 vm_size=237728 vm_rss=10840 vm_swap=0 
munmap addr=7F5757E25000 length=8192 
munmap res=0 vm_size=237720 vm_rss=10836 vm_swap=0 
munmap addr=7F5757E1F000 length=8192 
munmap res=0 vm_size=237712 vm_rss=10832 vm_swap=0 
munmap addr=7F5757E23000 length=8192 
munmap res=0 vm_size=237704 vm_rss=10828 vm_swap=0 
munmap addr=7F5757E21000 length=8192 
munmap res=0 vm_size=237696 vm_rss=10824 vm_swap=0 
munmap addr=7F5757DC5000 length=8192 
munmap res=0 vm_size=237688 vm_rss=10820 vm_swap=0 
munmap addr=7F5757E1B000 length=8192 
munmap res=0 vm_size=237680 vm_rss=10812 vm_swap=0 
munmap addr=7F5757DCB000 length=8192 
munmap res=0 vm_size=237672 vm_rss=10804 vm_swap=0 
munmap addr=7F5757E1D000 length=8192 
munmap res=0 vm_size=237664 vm_rss=10796 vm_swap=0 
munmap addr=7F5757E17000 length=8192 
munmap res=0 vm_size=237656 vm_rss=10788 vm_swap=0 
munmap addr=7F5757DBA000 length=8192 
munmap res=0 vm_size=237648 vm_rss=10780 vm_swap=0 
munmap addr=7F5757E19000 length=8192 
munmap res=0 vm_size=237640 vm_rss=10772 vm_swap=0 
munmap addr=7F5757DC9000 length=8192 
munmap res=0 vm_size=237632 vm_rss=10764 vm_swap=0 
munmap addr=7F5757DC7000 length=8192 
munmap res=0 vm_size=237624 vm_rss=10760 vm_swap=0 
close fd=5(<p>pipe:[2161219]) 
close res=0 
close fd=4(<p>pipe:[2161219]) 
close res=0 
brk addr=55EC84B60000 
brk res=55EC84B60000 vm_size=242828 vm_rss=13992 vm_swap=0 
futex addr=7F5751BB88EC op=129(FUTEX_PRIVATE_FLAG|FUTEX_WAKE) val=2147483647 
futex res=0 
munmap addr=7F5749388000 length=2584984 
munmap res=0 vm_size=240300 vm_rss=13552 vm_swap=0 
munmap addr=7F5757DCD000 length=299008 
munmap res=0 vm_size=240008 vm_rss=13364 vm_swap=0 
munmap addr=7F5749600000 length=2097152 
munmap res=0 vm_size=237960 vm_rss=11316 vm_swap=0 
munmap addr=7F5757E3B000 length=323584 
munmap res=0 vm_size=237644 vm_rss=11312 vm_swap=0 
munmap addr=7F5757E25000 length=8192 
munmap res=0 vm_size=237636 vm_rss=11308 vm_swap=0 
munmap addr=7F5757E1F000 length=8192 
munmap res=0 vm_size=237628 vm_rss=11304 vm_swap=0 
munmap addr=7F5757E23000 length=8192 
munmap res=0 vm_size=237620 vm_rss=11300 vm_swap=0 
munmap addr=7F5757E21000 length=8192 
munmap res=0 vm_size=237612 vm_rss=11296 vm_swap=0 
munmap addr=7F5757DB9000 length=8192 
munmap res=0 vm_size=237604 vm_rss=11292 vm_swap=0 
munmap addr=7F5757E19000 length=8192 
munmap res=0 vm_size=237596 vm_rss=11284 vm_swap=0 
munmap addr=7F5757E17000 length=8192 
munmap res=0 vm_size=237588 vm_rss=11276 vm_swap=0 
munmap addr=7F5757E1D000 length=8192 
munmap res=0 vm_size=237580 vm_rss=11268 vm_swap=0 
munmap addr=7F5757E1B000 length=8192 
munmap res=0 vm_size=237572 vm_rss=11264 vm_swap=0 
munmap addr=7F5757DBB000 length=8192 
munmap res=0 vm_size=237564 vm_rss=11260 vm_swap=0 
munmap addr=7F5757DB7000 length=8192 
munmap res=0 vm_size=237556 vm_rss=11256 vm_swap=0 
close fd=5(<p>pipe:[2161219]) 
close res=0 
close fd=4(<p>pipe:[2161219]) 
close res=0 
futex addr=7F5751BB88EC op=129(FUTEX_PRIVATE_FLAG|FUTEX_WAKE) val=2147483647 
futex res=0 
exit_group 
exit_group 
munmap addr=7F5740A5F000 length=134217728 
munmap res=0 vm_size=252064 vm_rss=10920 vm_swap=0 
close fd=8(<f>/tmp/.ZendSem.Xmcgdb (deleted)) 
close res=0 
munmap addr=7F5748A5F000 length=2243784 
munmap res=0 vm_size=249872 vm_rss=11032 vm_swap=0 
munmap addr=7F5740A5F000 length=134217728 
munmap res=0 vm_size=252064 vm_rss=10920 vm_swap=0 
close fd=8(<f>/tmp/.ZendSem.Xmcgdb (deleted)) 
close res=0 
munmap addr=7F5749121000 length=2517856 
munmap res=0 vm_size=247412 vm_rss=11052 vm_swap=0 
munmap addr=7F5748EEE000 length=2301968 
munmap res=0 vm_size=245160 vm_rss=11024 vm_swap=0 
munmap addr=7F5748C83000 length=2531352 
munmap res=0 vm_size=242684 vm_rss=10996 vm_swap=0 
munmap addr=7F5748A5F000 length=2243784 
munmap res=0 vm_size=249872 vm_rss=11032 vm_swap=0 
munmap addr=7F5749121000 length=2517856 
munmap res=0 vm_size=247412 vm_rss=11052 vm_swap=0 
munmap addr=7F5748EEE000 length=2301968 
munmap res=0 vm_size=245160 vm_rss=11024 vm_swap=0 
munmap addr=7F5748C83000 length=2531352 
munmap res=0 vm_size=242684 vm_rss=10996 vm_swap=0 
munmap addr=7F5749388000 length=2584984 
munmap res=0 vm_size=240156 vm_rss=12640 vm_swap=0 
munmap addr=7F5757DCD000 length=299008 
munmap res=0 vm_size=239864 vm_rss=12452 vm_swap=0 
munmap addr=7F5749600000 length=2097152 
munmap res=0 vm_size=237816 vm_rss=10404 vm_swap=0 
munmap addr=7F5757E3B000 length=323584 
munmap res=0 vm_size=237500 vm_rss=10400 vm_swap=0 
munmap addr=7F5757E25000 length=8192 
munmap res=0 vm_size=237492 vm_rss=10396 vm_swap=0 
munmap addr=7F5757E1F000 length=8192 
munmap res=0 vm_size=237484 vm_rss=10392 vm_swap=0 
munmap addr=7F5757E23000 length=8192 
munmap res=0 vm_size=237476 vm_rss=10388 vm_swap=0 
munmap addr=7F5757E21000 length=8192 
munmap res=0 vm_size=237468 vm_rss=10384 vm_swap=0 
close fd=5(<p>pipe:[2161219]) 
close res=0 
close fd=4(<p>pipe:[2161219]) 
close res=0 
futex addr=7F5751BB88EC op=129(FUTEX_PRIVATE_FLAG|FUTEX_WAKE) val=2147483647 
futex res=0 
munmap addr=7F5740A5F000 length=134217728 
munmap res=0 vm_size=252064 vm_rss=10920 vm_swap=0 
close fd=8(<f>/tmp/.ZendSem.Xmcgdb (deleted)) 
close res=0 
exit_group 
munmap addr=7F5748A5F000 length=2243784 
munmap res=0 vm_size=249872 vm_rss=11032 vm_swap=0 
munmap addr=7F5749121000 length=2517856 
munmap res=0 vm_size=247412 vm_rss=11052 vm_swap=0 
munmap addr=7F5748EEE000 length=2301968 
munmap res=0 vm_size=245160 vm_rss=11024 vm_swap=0 
munmap addr=7F5748C83000 length=2531352 
munmap res=0 vm_size=242684 vm_rss=10996 vm_swap=0 
munmap addr=7F5749388000 length=2584984 
munmap res=0 vm_size=240156 vm_rss=12640 vm_swap=0 
munmap addr=7F5757DCD000 length=299008 
munmap res=0 vm_size=239864 vm_rss=12452 vm_swap=0 
munmap addr=7F5749600000 length=2097152 
munmap res=0 vm_size=237816 vm_rss=10404 vm_swap=0 
munmap addr=7F5757E3B000 length=323584 
munmap res=0 vm_size=237500 vm_rss=10400 vm_swap=0 
munmap addr=7F5757E25000 length=8192 
munmap res=0 vm_size=237492 vm_rss=10396 vm_swap=0 
munmap addr=7F5757E1F000 length=8192 
munmap res=0 vm_size=237484 vm_rss=10392 vm_swap=0 
munmap addr=7F5757E23000 length=8192 
munmap res=0 vm_size=237476 vm_rss=10388 vm_swap=0 
munmap addr=7F5757E21000 length=8192 
munmap res=0 vm_size=237468 vm_rss=10384 vm_swap=0 
close fd=5(<p>pipe:[2161219]) 
close res=0 
close fd=4(<p>pipe:[2161219]) 
close res=0 
futex addr=7F5751BB88EC op=129(FUTEX_PRIVATE_FLAG|FUTEX_WAKE) val=2147483647 
futex res=0 
munmap addr=7F5749388000 length=2584984 
munmap res=0 vm_size=240156 vm_rss=12640 vm_swap=0 
munmap addr=7F5757DCD000 length=299008 
munmap res=0 vm_size=239864 vm_rss=12452 vm_swap=0 
munmap addr=7F5749600000 length=2097152 
munmap res=0 vm_size=237816 vm_rss=10404 vm_swap=0 
munmap addr=7F5757E3B000 length=323584 
munmap res=0 vm_size=237500 vm_rss=10400 vm_swap=0 
munmap addr=7F5757E25000 length=8192 
munmap res=0 vm_size=237492 vm_rss=10396 vm_swap=0 
munmap addr=7F5757E1F000 length=8192 
munmap res=0 vm_size=237484 vm_rss=10392 vm_swap=0 
munmap addr=7F5757E23000 length=8192 
munmap res=0 vm_size=237476 vm_rss=10388 vm_swap=0 
munmap addr=7F5757E21000 length=8192 
munmap res=0 vm_size=237468 vm_rss=10384 vm_swap=0 
close fd=5(<p>pipe:[2161219]) 
close res=0 
close fd=4(<p>pipe:[2161219]) 
close res=0 
exit_group 
futex addr=7F5751BB88EC op=129(FUTEX_PRIVATE_FLAG|FUTEX_WAKE) val=2147483647 
futex res=0 
exit_group 
