clone res=0 exe=apache2 args=-DFOREGROUND. tid=813541(apache2) pid=813382(apache2) ptid=812981(apache2) cwd= fdlimit=1048576 pgft_maj=0 pgft_min=0 vm_size=406860 vm_rss=53380 vm_swap=0 comm=apache2 cgroups=cpuset=/system.slice/docker-4d81cb26c66231747b04db742cd4f8fff01cc68354eaa9325... flags=578861571(CLONE_FILES|CLONE_FS|CLONE_PARENT_SETTID|CLONE_SIGHAND|CLONE_SYSVSEM|CLONE_THREAD|CLONE_VM|CLONE_CHILD_CLEARTID|CLONE_SETTLS) uid=33 gid=33 vtid=74 vpid=68 
set_robust_list 
set_robust_list 
getpid 
getpid 
mmap addr=0 length=134217728 prot=0(PROT_NONE) flags=74(MAP_PRIVATE|MAP_ANONYMOUS|MAP_NORESERVE) fd=-1(EPERM) offset=0 
mmap res=7FA5807FF000 vm_size=537932 vm_rss=53380 vm_swap=0 
munmap addr=7FA5807FF000 length=58724352 
munmap res=0 vm_size=480584 vm_rss=53380 vm_swap=0 
munmap addr=7FA588000000 length=8384512 
munmap res=0 vm_size=472396 vm_rss=53380 vm_swap=0 
mprotect 
mprotect 
open 
open fd=13(<f>/etc/resolv.conf) name=/etc/resolv.conf flags=4097(O_RDONLY|O_CLOEXEC) mode=0 dev=34 
fstat fd=13(<f>/etc/resolv.conf) 
fstat res=0 
read fd=13(<f>/etc/resolv.conf) size=1024 
read res=53 data=nameserver 127.0.0.11.options edns0 trust-ad ndots:0. 
read fd=13(<f>/etc/resolv.conf) size=1024 
read res=0 data= 
close fd=13(<f>/etc/resolv.conf) 
close res=0 
uname 
uname 
open 
open fd=13(<f>/etc/hosts) name=/etc/hosts flags=4097(O_RDONLY|O_CLOEXEC) mode=0 dev=34 
fstat fd=13(<f>/etc/hosts) 
fstat res=0 
read fd=13(<f>/etc/hosts) size=512 
read res=174 data=127.0.0.1.localhost.::1.localhost ip6-localhost ip6-loopback.fe00::0.ip6-localne 
read fd=13(<f>/etc/hosts) size=512 
read res=0 data= 
close fd=13(<f>/etc/hosts) 
close res=0 
open 
open fd=13(<f>/etc/gai.conf) name=/etc/gai.conf flags=4097(O_RDONLY|O_CLOEXEC) mode=0 dev=62 
fstat fd=13(<f>/etc/gai.conf) 
fstat res=0 
fstat fd=13(<f>/etc/gai.conf) 
fstat res=0 
read fd=13(<f>/etc/gai.conf) size=3072 
read res=2584 data=# Configuration for getaddrinfo(3)..#.# So far only configuration for the destin 
read fd=13(<f>/etc/gai.conf) size=3072 
read res=0 data= 
close fd=13(<f>/etc/gai.conf) 
close res=0 
futex addr=7FA5A0A52EE4 op=129(FUTEX_PRIVATE_FLAG|FUTEX_WAKE) val=2147483647 
futex res=0 
socket domain=16(AF_ROUTE) type=3 proto=0 
socket fd=13(<n>) 
bind fd=13(<n>) 
bind res=0 addr=NULL 
getsockname 
getsockname 
sendto fd=13(<n>) size=20 tuple=NULL 
sendto res=20 data=.........A.d........ 
recvmsg fd=13(<n>) 
recvmsg res=164 size=164 data=L........A.dD...............................lo........................6...6.X... tuple=NULL 
recvmsg fd=13(<n>) 
recvmsg res=20 size=20 data=.........A.dD....... tuple=NULL 
close fd=13(<n>) 
close res=0 
socket domain=2(AF_INET) type=2 proto=0 
socket fd=13(<4>) 
connect fd=13(<4>) 
connect res=0 tuple=127.0.0.1:55311->127.0.0.1:9000 
getsockname 
getsockname 
close fd=13(<4u>127.0.0.1:55311->127.0.0.1:9000) 
close res=0 
socket domain=10(AF_INET6) type=2 proto=0 
socket fd=13(<6>) 
connect fd=13(<6>) 
connect res=-99(EADDRNOTAVAIL) tuple=:::44395->::1:9000 
close fd=13(<6>) 
close res=0 
madvise 
madvise 
exit 
accept fd=10(<4t>172.18.0.1:37006->172.18.0.3:80) tuple=172.18.0.1:37006->172.18.0.3:80 queuepct=0 queuelen=1 queuemax=511 
getsockname 
getsockname 
fcntl fd=10(<4t>172.18.0.1:37006->172.18.0.3:80) cmd=4(F_GETFL) 
fcntl res=2(<p>pipe:[2140975]) 
fcntl fd=10(<4t>172.18.0.1:37006->172.18.0.3:80) cmd=5(F_SETFL) 
fcntl res=0(<f>/dev/null) 
mmap addr=0 length=8192 prot=3(PROT_READ|PROT_WRITE) flags=10(MAP_PRIVATE|MAP_ANONYMOUS) fd=-1(EPERM) offset=0 
mmap res=7FA5A142E000 vm_size=383144 vm_rss=9056 vm_swap=0 
mmap addr=0 length=8192 prot=3(PROT_READ|PROT_WRITE) flags=10(MAP_PRIVATE|MAP_ANONYMOUS) fd=-1(EPERM) offset=0 
mmap res=7FA5A142C000 vm_size=383152 vm_rss=9056 vm_swap=0 
read fd=10(<4t>172.18.0.1:37006->172.18.0.3:80) size=8000 
read res=981 data=GET /wp-content/plugins/simple-file-list/js/ee-head.js?ver=2 HTTP/1.1..Host: loc 
stat 
stat res=0 path=/var/www/html/wp-content/plugins/simple-file-list/js/ee-head.js 
mmap addr=0 length=8192 prot=3(PROT_READ|PROT_WRITE) flags=10(MAP_PRIVATE|MAP_ANONYMOUS) fd=-1(EPERM) offset=0 
mmap res=7FA5A142A000 vm_size=383160 vm_rss=9056 vm_swap=0 
open 
open fd=-2(ENOENT) name=/var/www/.htaccess flags=4097(O_RDONLY|O_CLOEXEC) mode=0 dev=0 
open 
open fd=11(<f>/var/www/html/.htaccess) name=/var/www/html/.htaccess flags=4097(O_RDONLY|O_CLOEXEC) mode=0 dev=34 
fstat fd=11(<f>/var/www/html/.htaccess) 
fstat res=0 
read fd=11(<f>/var/www/html/.htaccess) size=4096 
read res=234 data=# BEGIN WordPress.<IfModule mod_rewrite.c>.RewriteEngine On.RewriteBase /.Rewrit 
read fd=11(<f>/var/www/html/.htaccess) size=4096 
read res=0 data= 
close fd=11(<f>/var/www/html/.htaccess) 
close res=0 
open 
open fd=-2(ENOENT) name=/var/www/html/wp-content/.htaccess flags=4097(O_RDONLY|O_CLOEXEC) mode=0 dev=0 
open 
open fd=-2(ENOENT) name=/var/www/html/wp-content/plugins/.htaccess flags=4097(O_RDONLY|O_CLOEXEC) mode=0 dev=0 
mmap addr=0 length=8192 prot=3(PROT_READ|PROT_WRITE) flags=10(MAP_PRIVATE|MAP_ANONYMOUS) fd=-1(EPERM) offset=0 
mmap res=7FA5A1428000 vm_size=383168 vm_rss=9056 vm_swap=0 
open 
open fd=-2(ENOENT) name=/var/www/html/wp-content/plugins/simple-file-list/.htaccess flags=4097(O_RDONLY|O_CLOEXEC) mode=0 dev=0 
open 
open fd=-2(ENOENT) name=/var/www/html/wp-content/plugins/simple-file-list/js/.htaccess flags=4097(O_RDONLY|O_CLOEXEC) mode=0 dev=0 
open 
open fd=-20(ENOTDIR) name=/var/www/html/wp-content/plugins/simple-file-list/js/ee-head.js/.htaccess flags=4097(O_RDONLY|O_CLOEXEC) mode=0 dev=0 
stat 
stat res=0 path=/var/www/html/wp-content/plugins/simple-file-list/js/ee-head.js 
open 
open fd=11(<f>/var/www/html/wp-content/plugins/simple-file-list/js/ee-head.js) name=/var/www/html/wp-content/plugins/simple-file-list/js/ee-head.js flags=4097(O_RDONLY|O_CLOEXEC) mode=0 dev=34 
mmap addr=0 length=739 prot=1(PROT_READ) flags=1(MAP_SHARED) fd=11(<f>/var/www/html/wp-content/plugins/simple-file-list/js/ee-head.js) offset=0 
mmap res=7FA5A1427000 vm_size=383172 vm_rss=9056 vm_swap=0 
mmap addr=0 length=8192 prot=3(PROT_READ|PROT_WRITE) flags=10(MAP_PRIVATE|MAP_ANONYMOUS) fd=-1(EPERM) offset=0 
mmap res=7FA5A13DC000 vm_size=383180 vm_rss=9056 vm_swap=0 
brk addr=55B29D0AD000 
brk res=55B29D0AD000 vm_size=383336 vm_rss=10036 vm_swap=0 
brk addr=55B29D0DD000 
brk res=55B29D0DD000 vm_size=383528 vm_rss=10036 vm_swap=0 
munmap addr=7FA5A1427000 length=739 
munmap res=0 vm_size=383524 vm_rss=10256 vm_swap=0 
mmap addr=0 length=8192 prot=3(PROT_READ|PROT_WRITE) flags=10(MAP_PRIVATE|MAP_ANONYMOUS) fd=-1(EPERM) offset=0 
mmap res=7FA5A13DA000 vm_size=383532 vm_rss=10256 vm_swap=0 
brk addr=55B29D0AD000 
brk res=55B29D0AD000 vm_size=383340 vm_rss=10176 vm_swap=0 
mmap addr=0 length=8192 prot=3(PROT_READ|PROT_WRITE) flags=10(MAP_PRIVATE|MAP_ANONYMOUS) fd=-1(EPERM) offset=0 
mmap res=7FA5A13D8000 vm_size=383348 vm_rss=10176 vm_swap=0 
mmap addr=0 length=8192 prot=3(PROT_READ|PROT_WRITE) flags=10(MAP_PRIVATE|MAP_ANONYMOUS) fd=-1(EPERM) offset=0 
mmap res=7FA5A13D6000 vm_size=383356 vm_rss=10176 vm_swap=0 
read fd=10(<4t>172.18.0.1:37006->172.18.0.3:80) size=8000 
read res=-11(EAGAIN) data= 
writev fd=10(<4t>172.18.0.1:37006->172.18.0.3:80) size=772 
writev res=772 data=HTTP/1.1 200 OK..Date: Thu, 10 Aug 2023 01:47:36 GMT..Server: Apache/2.4.25 (Deb 
write fd=7(<p>pipe:[2140974]) size=220 
write res=220 data=172.18.0.1 - - [10/Aug/2023:01:47:36 +0000] "GET /wp-content/plugins/simple-file 
times 
times 
close fd=11(<f>/var/www/html/wp-content/plugins/simple-file-list/js/ee-head.js) 
close res=0 
poll fds=10:41 timeout=5000 
poll res=1 fds=10:41 
read fd=10(<4t>172.18.0.1:37006->172.18.0.3:80) size=8000 
read res=794 data=GET /wp-includes/js/admin-bar.min.js?ver=4.9.2 HTTP/1.1..Host: localhost:9000..U 
stat 
stat res=0 path=/var/www/html/wp-includes/js/admin-bar.min.js 
open 
open fd=-2(ENOENT) name=/var/www/.htaccess flags=4097(O_RDONLY|O_CLOEXEC) mode=0 dev=0 
open 
open fd=11(<f>/var/www/html/.htaccess) name=/var/www/html/.htaccess flags=4097(O_RDONLY|O_CLOEXEC) mode=0 dev=34 
fstat fd=11(<f>/var/www/html/.htaccess) 
fstat res=0 
read fd=11(<f>/var/www/html/.htaccess) size=4096 
read res=234 data=# BEGIN WordPress.<IfModule mod_rewrite.c>.RewriteEngine On.RewriteBase /.Rewrit 
read fd=11(<f>/var/www/html/.htaccess) size=4096 
read res=0 data= 
close fd=11(<f>/var/www/html/.htaccess) 
close res=0 
open 
open fd=-2(ENOENT) name=/var/www/html/wp-includes/.htaccess flags=4097(O_RDONLY|O_CLOEXEC) mode=0 dev=0 
open 
open fd=-2(ENOENT) name=/var/www/html/wp-includes/js/.htaccess flags=4097(O_RDONLY|O_CLOEXEC) mode=0 dev=0 
open 
open fd=-20(ENOTDIR) name=/var/www/html/wp-includes/js/admin-bar.min.js/.htaccess flags=4097(O_RDONLY|O_CLOEXEC) mode=0 dev=0 
stat 
stat res=0 path=/var/www/html/wp-includes/js/admin-bar.min.js 
open 
open fd=11(<f>/var/www/html/wp-includes/js/admin-bar.min.js) name=/var/www/html/wp-includes/js/admin-bar.min.js flags=4097(O_RDONLY|O_CLOEXEC) mode=0 dev=34 
mmap addr=0 length=7188 prot=1(PROT_READ) flags=1(MAP_SHARED) fd=11(<f>/var/www/html/wp-includes/js/admin-bar.min.js) offset=0 
mmap res=7FA5A13D4000 vm_size=383364 vm_rss=10176 vm_swap=0 
brk addr=55B29D0DD000 
brk res=55B29D0DD000 vm_size=383556 vm_rss=10176 vm_swap=0 
munmap addr=7FA5A13D4000 length=7188 
munmap res=0 vm_size=383548 vm_rss=10320 vm_swap=0 
brk addr=55B29D0AD000 
brk res=55B29D0AD000 vm_size=383356 vm_rss=10236 vm_swap=0 
read fd=10(<4t>172.18.0.1:37006->172.18.0.3:80) size=8000 
read res=-11(EAGAIN) data= 
writev fd=10(<4t>172.18.0.1:37006->172.18.0.3:80) size=2821 
writev res=2821 data=HTTP/1.1 200 OK..Date: Thu, 10 Aug 2023 01:47:36 GMT..Server: Apache/2.4.25 (Deb 
write fd=7(<p>pipe:[2140974]) size=207 
write res=207 data=172.18.0.1 - - [10/Aug/2023:01:47:36 +0000] "GET /wp-includes/js/admin-bar.min.j 
times 
times 
close fd=11(<f>/var/www/html/wp-includes/js/admin-bar.min.js) 
close res=0 
poll fds=10:41 timeout=5000 
poll res=1 fds=10:41 
read fd=10(<4t>172.18.0.1:37006->172.18.0.3:80) size=8000 
read res=802 data=GET /wp-includes/js/jquery/ui/widget.min.js?ver=1.11.4 HTTP/1.1..Host: localhost 
stat 
stat res=0 path=/var/www/html/wp-includes/js/jquery/ui/widget.min.js 
open 
open fd=-2(ENOENT) name=/var/www/.htaccess flags=4097(O_RDONLY|O_CLOEXEC) mode=0 dev=0 
open 
open fd=11(<f>/var/www/html/.htaccess) name=/var/www/html/.htaccess flags=4097(O_RDONLY|O_CLOEXEC) mode=0 dev=34 
fstat fd=11(<f>/var/www/html/.htaccess) 
fstat res=0 
read fd=11(<f>/var/www/html/.htaccess) size=4096 
read res=234 data=# BEGIN WordPress.<IfModule mod_rewrite.c>.RewriteEngine On.RewriteBase /.Rewrit 
read fd=11(<f>/var/www/html/.htaccess) size=4096 
read res=0 data= 
close fd=11(<f>/var/www/html/.htaccess) 
close res=0 
open 
open fd=-2(ENOENT) name=/var/www/html/wp-includes/.htaccess flags=4097(O_RDONLY|O_CLOEXEC) mode=0 dev=0 
open 
open fd=-2(ENOENT) name=/var/www/html/wp-includes/js/.htaccess flags=4097(O_RDONLY|O_CLOEXEC) mode=0 dev=0 
open 
open fd=-2(ENOENT) name=/var/www/html/wp-includes/js/jquery/.htaccess flags=4097(O_RDONLY|O_CLOEXEC) mode=0 dev=0 
open 
open fd=-2(ENOENT) name=/var/www/html/wp-includes/js/jquery/ui/.htaccess flags=4097(O_RDONLY|O_CLOEXEC) mode=0 dev=0 
open 
open fd=-20(ENOTDIR) name=/var/www/html/wp-includes/js/jquery/ui/widget.min.js/.htaccess flags=4097(O_RDONLY|O_CLOEXEC) mode=0 dev=0 
stat 
stat res=0 path=/var/www/html/wp-includes/js/jquery/ui/widget.min.js 
open 
open fd=11(<f>/var/www/html/wp-includes/js/jquery/ui/widget.min.js) name=/var/www/html/wp-includes/js/jquery/ui/widget.min.js flags=4097(O_RDONLY|O_CLOEXEC) mode=0 dev=34 
mmap addr=0 length=6908 prot=1(PROT_READ) flags=1(MAP_SHARED) fd=11(<f>/var/www/html/wp-includes/js/jquery/ui/widget.min.js) offset=0 
mmap res=7FA5A13D4000 vm_size=383364 vm_rss=10236 vm_swap=0 
brk addr=55B29D0DD000 
brk res=55B29D0DD000 vm_size=383556 vm_rss=10236 vm_swap=0 
munmap addr=7FA5A13D4000 length=6908 
munmap res=0 vm_size=383548 vm_rss=10324 vm_swap=0 
brk addr=55B29D0AD000 
brk res=55B29D0AD000 vm_size=383356 vm_rss=10240 vm_swap=0 
read fd=10(<4t>172.18.0.1:37006->172.18.0.3:80) size=8000 
read res=-11(EAGAIN) data= 
writev fd=10(<4t>172.18.0.1:37006->172.18.0.3:80) size=2950 
writev res=2950 data=HTTP/1.1 200 OK..Date: Thu, 10 Aug 2023 01:47:36 GMT..Server: Apache/2.4.25 (Deb 
write fd=7(<p>pipe:[2140974]) size=215 
write res=215 data=172.18.0.1 - - [10/Aug/2023:01:47:36 +0000] "GET /wp-includes/js/jquery/ui/widge 
times 
times 
close fd=11(<f>/var/www/html/wp-includes/js/jquery/ui/widget.min.js) 
close res=0 
poll fds=10:41 timeout=5000 
poll res=1 fds=10:41 
read fd=10(<4t>172.18.0.1:37006->172.18.0.3:80) size=8000 
read res=804 data=GET /wp-includes/js/jquery/ui/position.min.js?ver=1.11.4 HTTP/1.1..Host: localho 
stat 
stat res=0 path=/var/www/html/wp-includes/js/jquery/ui/position.min.js 
open 
open fd=-2(ENOENT) name=/var/www/.htaccess flags=4097(O_RDONLY|O_CLOEXEC) mode=0 dev=0 
open 
open fd=11(<f>/var/www/html/.htaccess) name=/var/www/html/.htaccess flags=4097(O_RDONLY|O_CLOEXEC) mode=0 dev=34 
fstat fd=11(<f>/var/www/html/.htaccess) 
fstat res=0 
read fd=11(<f>/var/www/html/.htaccess) size=4096 
read res=234 data=# BEGIN WordPress.<IfModule mod_rewrite.c>.RewriteEngine On.RewriteBase /.Rewrit 
read fd=11(<f>/var/www/html/.htaccess) size=4096 
read res=0 data= 
close fd=11(<f>/var/www/html/.htaccess) 
close res=0 
open 
open fd=-2(ENOENT) name=/var/www/html/wp-includes/.htaccess flags=4097(O_RDONLY|O_CLOEXEC) mode=0 dev=0 
open 
open fd=-2(ENOENT) name=/var/www/html/wp-includes/js/.htaccess flags=4097(O_RDONLY|O_CLOEXEC) mode=0 dev=0 
open 
open fd=-2(ENOENT) name=/var/www/html/wp-includes/js/jquery/.htaccess flags=4097(O_RDONLY|O_CLOEXEC) mode=0 dev=0 
open 
open fd=-2(ENOENT) name=/var/www/html/wp-includes/js/jquery/ui/.htaccess flags=4097(O_RDONLY|O_CLOEXEC) mode=0 dev=0 
open 
open fd=-20(ENOTDIR) name=/var/www/html/wp-includes/js/jquery/ui/position.min.js/.htaccess flags=4097(O_RDONLY|O_CLOEXEC) mode=0 dev=0 
stat 
stat res=0 path=/var/www/html/wp-includes/js/jquery/ui/position.min.js 
open 
open fd=11(<f>/var/www/html/wp-includes/js/jquery/ui/position.min.js) name=/var/www/html/wp-includes/js/jquery/ui/position.min.js flags=4097(O_RDONLY|O_CLOEXEC) mode=0 dev=34 
mmap addr=0 length=6527 prot=1(PROT_READ) flags=1(MAP_SHARED) fd=11(<f>/var/www/html/wp-includes/js/jquery/ui/position.min.js) offset=0 
mmap res=7FA5A13D4000 vm_size=383364 vm_rss=10240 vm_swap=0 
brk addr=55B29D0DD000 
brk res=55B29D0DD000 vm_size=383556 vm_rss=10240 vm_swap=0 
munmap addr=7FA5A13D4000 length=6527 
munmap res=0 vm_size=383548 vm_rss=10328 vm_swap=0 
brk addr=55B29D0AD000 
brk res=55B29D0AD000 vm_size=383356 vm_rss=10244 vm_swap=0 
read fd=10(<4t>172.18.0.1:37006->172.18.0.3:80) size=8000 
read res=-11(EAGAIN) data= 
writev fd=10(<4t>172.18.0.1:37006->172.18.0.3:80) size=2913 
writev res=2913 data=HTTP/1.1 200 OK..Date: Thu, 10 Aug 2023 01:47:36 GMT..Server: Apache/2.4.25 (Deb 
write fd=7(<p>pipe:[2140974]) size=217 
write res=217 data=172.18.0.1 - - [10/Aug/2023:01:47:36 +0000] "GET /wp-includes/js/jquery/ui/posit 
times 
times 
close fd=11(<f>/var/www/html/wp-includes/js/jquery/ui/position.min.js) 
close res=0 
poll fds=10:41 timeout=5000 
poll res=1 fds=10:41 
read fd=10(<4t>172.18.0.1:37006->172.18.0.3:80) size=8000 
read res=827 data=GET /wp-content/themes/twentyseventeen/assets/js/skip-link-focus-fix.js?ver=1.0  
stat 
stat res=0 path=/var/www/html/wp-content/themes/twentyseventeen/assets/js/skip-link-focus-fix.js 
open 
open fd=-2(ENOENT) name=/var/www/.htaccess flags=4097(O_RDONLY|O_CLOEXEC) mode=0 dev=0 
open 
open fd=11(<f>/var/www/html/.htaccess) name=/var/www/html/.htaccess flags=4097(O_RDONLY|O_CLOEXEC) mode=0 dev=34 
fstat fd=11(<f>/var/www/html/.htaccess) 
fstat res=0 
read fd=11(<f>/var/www/html/.htaccess) size=4096 
read res=234 data=# BEGIN WordPress.<IfModule mod_rewrite.c>.RewriteEngine On.RewriteBase /.Rewrit 
read fd=11(<f>/var/www/html/.htaccess) size=4096 
read res=0 data= 
close fd=11(<f>/var/www/html/.htaccess) 
close res=0 
open 
open fd=-2(ENOENT) name=/var/www/html/wp-content/.htaccess flags=4097(O_RDONLY|O_CLOEXEC) mode=0 dev=0 
open 
open fd=-2(ENOENT) name=/var/www/html/wp-content/themes/.htaccess flags=4097(O_RDONLY|O_CLOEXEC) mode=0 dev=0 
open 
open fd=-2(ENOENT) name=/var/www/html/wp-content/themes/twentyseventeen/.htaccess flags=4097(O_RDONLY|O_CLOEXEC) mode=0 dev=0 
open 
open fd=-2(ENOENT) name=/var/www/html/wp-content/themes/twentyseventeen/assets/.htaccess flags=4097(O_RDONLY|O_CLOEXEC) mode=0 dev=0 
open 
open fd=-2(ENOENT) name=/var/www/html/wp-content/themes/twentyseventeen/assets/js/.htaccess flags=4097(O_RDONLY|O_CLOEXEC) mode=0 dev=0 
open 
open fd=-20(ENOTDIR) name=/var/www/html/wp-content/themes/twentyseventeen/assets/js/skip-link-focus-fix.js/.htaccess flags=4097(O_RDONLY|O_CLOEXEC) mode=0 dev=0 
stat 
stat res=0 path=/var/www/html/wp-content/themes/twentyseventeen/assets/js/skip-link-focus-fix.js 
open 
open fd=11(<f>/var/www/html/wp-content/themes/twentyseventeen/assets/js/skip-link-focus-fix.js) name=/var/www/html/wp-content/themes/twentyseventeen/assets/js/skip-link-focus-fix.js flags=4097(O_RDONLY|O_CLOEXEC) mode=0 dev=34 
mmap addr=0 length=683 prot=1(PROT_READ) flags=1(MAP_SHARED) fd=11(<f>/var/www/html/wp-content/themes/twentyseventeen/assets/js/skip-link-focus-fix.js) offset=0 
mmap res=7FA5A1427000 vm_size=383360 vm_rss=10244 vm_swap=0 
brk addr=55B29D0DD000 
brk res=55B29D0DD000 vm_size=383552 vm_rss=10244 vm_swap=0 
munmap addr=7FA5A1427000 length=683 
munmap res=0 vm_size=383548 vm_rss=10328 vm_swap=0 
brk addr=55B29D0AD000 
brk res=55B29D0AD000 vm_size=383356 vm_rss=10244 vm_swap=0 
read fd=10(<4t>172.18.0.1:37006->172.18.0.3:80) size=8000 
read res=-11(EAGAIN) data= 
writev fd=10(<4t>172.18.0.1:37006->172.18.0.3:80) size=765 
writev res=765 data=HTTP/1.1 200 OK..Date: Thu, 10 Aug 2023 01:47:36 GMT..Server: Apache/2.4.25 (Deb 
write fd=7(<p>pipe:[2140974]) size=239 
write res=239 data=172.18.0.1 - - [10/Aug/2023:01:47:36 +0000] "GET /wp-content/themes/twentysevent 
times 
times 
close fd=11(<f>/var/www/html/wp-content/themes/twentyseventeen/assets/js/skip-link-focus-fix.js) 
close res=0 
poll fds=10:41 timeout=5000 
clone res=0 exe=apache2 args=-DFOREGROUND. tid=813543(apache2) pid=813543(apache2) ptid=812981(apache2) cwd= fdlimit=1048576 pgft_maj=0 pgft_min=1 vm_size=383104 vm_rss=7640 vm_swap=0 comm=apache2 cgroups=cpuset=/system.slice/docker-4d81cb26c66231747b04db742cd4f8fff01cc68354eaa9325... flags=562036736(CLONE_CHILD_CLEARTID|CLONE_CHILD_SETTID) uid=0 gid=0 vtid=75 vpid=75 
clone res=0 exe=apache2 args=-DFOREGROUND. tid=813544(apache2) pid=813544(apache2) ptid=812981(apache2) cwd= fdlimit=1048576 pgft_maj=0 pgft_min=1 vm_size=383104 vm_rss=7640 vm_swap=0 comm=apache2 cgroups=cpuset=/system.slice/docker-4d81cb26c66231747b04db742cd4f8fff01cc68354eaa9325... flags=562036736(CLONE_CHILD_CLEARTID|CLONE_CHILD_SETTID) uid=0 gid=0 vtid=76 vpid=76 
set_robust_list 
set_robust_list 
set_robust_list 
set_robust_list 
rt_sigaction 
rt_sigaction 
rt_sigaction 
rt_sigaction 
rt_sigaction 
rt_sigaction 
rt_sigaction 
getpid 
rt_sigaction 
getpid 
rt_sigaction 
rt_sigaction 
rt_sigaction 
rt_sigaction 
getpid 
getpid 
getpid 
getpid 
getpid 
getpid 
mmap addr=0 length=8192 prot=3(PROT_READ|PROT_WRITE) flags=10(MAP_PRIVATE|MAP_ANONYMOUS) fd=-1(EPERM) offset=0 
mmap addr=0 length=8192 prot=3(PROT_READ|PROT_WRITE) flags=10(MAP_PRIVATE|MAP_ANONYMOUS) fd=-1(EPERM) offset=0 
mmap res=7FA5A1436000 vm_size=383112 vm_rss=7640 vm_swap=0 
mmap res=7FA5A1436000 vm_size=383112 vm_rss=7640 vm_swap=0 
mmap addr=0 length=8192 prot=3(PROT_READ|PROT_WRITE) flags=10(MAP_PRIVATE|MAP_ANONYMOUS) fd=-1(EPERM) offset=0 
mmap addr=0 length=8192 prot=3(PROT_READ|PROT_WRITE) flags=10(MAP_PRIVATE|MAP_ANONYMOUS) fd=-1(EPERM) offset=0 
mmap res=7FA5A1434000 vm_size=383120 vm_rss=7640 vm_swap=0 
mmap res=7FA5A1434000 vm_size=383120 vm_rss=7640 vm_swap=0 
geteuid 
geteuid euid=0(root) 
geteuid 
geteuid euid=0(root) 
setgid gid=33(www-data) 
setgid gid=33(www-data) 
setgid res=0 
setgid res=0 
open 
open 
open fd=9(<f>/proc/sys/kernel/ngroups_max) name=/proc/sys/kernel/ngroups_max flags=1(O_RDONLY) mode=0 dev=64 
read fd=9(<f>/proc/sys/kernel/ngroups_max) size=31 
read res=6 data=65536. 
close fd=9(<f>/proc/sys/kernel/ngroups_max) 
close res=0 
open fd=9(<f>/proc/sys/kernel/ngroups_max) name=/proc/sys/kernel/ngroups_max flags=1(O_RDONLY) mode=0 dev=64 
read fd=9(<f>/proc/sys/kernel/ngroups_max) size=31 
read res=6 data=65536. 
close fd=9(<f>/proc/sys/kernel/ngroups_max) 
close res=0 
open 
open fd=9(<f>/etc/group) name=/etc/group flags=4097(O_RDONLY|O_CLOEXEC) mode=0 dev=62 
lseek fd=9(<f>/etc/group) offset=0 whence=1(SEEK_CUR) 
lseek res=0 
fstat fd=9(<f>/etc/group) 
fstat res=0 
mmap addr=0 length=446 prot=1(PROT_READ) flags=1(MAP_SHARED) fd=9(<f>/etc/group) offset=0 
open 
mmap res=7FA5A1433000 vm_size=383124 vm_rss=7640 vm_swap=0 
lseek fd=9(<f>/etc/group) offset=446 whence=0(SEEK_SET) 
lseek res=446 
open fd=9(<f>/etc/group) name=/etc/group flags=4097(O_RDONLY|O_CLOEXEC) mode=0 dev=62 
lseek fd=9(<f>/etc/group) offset=0 whence=1(SEEK_CUR) 
lseek res=0 
fstat fd=9(<f>/etc/group) 
fstat res=0 
mmap addr=0 length=446 prot=1(PROT_READ) flags=1(MAP_SHARED) fd=9(<f>/etc/group) offset=0 
mmap res=7FA5A1433000 vm_size=383124 vm_rss=7640 vm_swap=0 
lseek fd=9(<f>/etc/group) offset=446 whence=0(SEEK_SET) 
lseek res=446 
fstat fd=9(<f>/etc/group) 
fstat res=0 
munmap addr=7FA5A1433000 length=446 
munmap res=0 vm_size=383120 vm_rss=9080 vm_swap=0 
close fd=9(<f>/etc/group) 
close res=0 
setgroups 
setgroups 
fstat fd=9(<f>/etc/group) 
geteuid 
geteuid euid=0(root) 
fstat res=0 
setuid uid=33(www-data) 
munmap addr=7FA5A1433000 length=446 
setuid res=0 
munmap res=0 vm_size=383120 vm_rss=9080 vm_swap=0 
close fd=9(<f>/etc/group) 
close res=0 
setgroups 
setgroups 
geteuid 
geteuid euid=0(root) 
getpid 
getpid 
setuid uid=33(www-data) 
setuid res=0 
getpid 
getpid 
rt_sigaction 
rt_sigaction 
rt_sigaction 
rt_sigaction 
rt_sigaction 
rt_sigaction 
rt_sigaction 
rt_sigaction 
rt_sigaction 
rt_sigaction 
rt_sigaction 
rt_sigaction 
rt_sigaction 
rt_sigaction 
rt_sigaction 
rt_sigaction 
rt_sigaction 
rt_sigaction 
rt_sigaction 
rt_sigaction 
rt_sigaction 
rt_sigaction 
rt_sigaction 
rt_sigaction 
rt_sigaction 
rt_sigaction 
rt_sigaction 
rt_sigaction 
rt_sigaction 
rt_sigaction 
rt_sigaction 
rt_sigaction 
rt_sigaction 
rt_sigaction 
rt_sigaction 
rt_sigaction 
rt_sigaction 
rt_sigaction 
rt_sigaction 
rt_sigaction 
rt_sigaction 
rt_sigaction 
rt_sigaction 
rt_sigaction 
rt_sigaction 
rt_sigaction 
rt_sigaction 
rt_sigaction 
rt_sigaction 
rt_sigaction 
rt_sigaction 
rt_sigaction 
rt_sigaction 
rt_sigaction 
rt_sigaction 
rt_sigaction 
rt_sigaction 
rt_sigaction 
rt_sigaction 
rt_sigaction 
rt_sigaction 
rt_sigaction 
rt_sigaction 
rt_sigaction 
rt_sigaction 
rt_sigaction 
rt_sigaction 
rt_sigaction 
rt_sigaction 
rt_sigaction 
rt_sigaction 
rt_sigaction 
rt_sigaction 
rt_sigaction 
rt_sigaction 
rt_sigaction 
rt_sigaction 
rt_sigaction 
rt_sigaction 
rt_sigaction 
rt_sigaction 
rt_sigaction 
rt_sigaction 
rt_sigaction 
rt_sigaction 
rt_sigaction 
rt_sigaction 
rt_sigaction 
rt_sigaction 
rt_sigaction 
rt_sigaction 
rt_sigaction 
rt_sigaction 
rt_sigaction 
rt_sigaction 
rt_sigaction 
rt_sigaction 
rt_sigaction 
rt_sigaction 
rt_sigaction 
rt_sigaction 
rt_sigaction 
rt_sigaction 
rt_sigaction 
rt_sigaction 
rt_sigaction 
rt_sigaction 
rt_sigaction 
rt_sigaction 
rt_sigaction 
rt_sigaction 
rt_sigaction 
rt_sigaction 
rt_sigaction 
rt_sigaction 
rt_sigaction 
rt_sigaction 
rt_sigaction 
rt_sigaction 
rt_sigaction 
rt_sigaction 
rt_sigaction 
rt_sigaction 
rt_sigaction 
rt_sigaction 
rt_sigaction 
rt_sigaction 
rt_sigaction 
rt_sigaction 
rt_sigaction 
rt_sigaction 
rt_sigaction 
rt_sigaction 
rt_sigaction 
rt_sigaction 
rt_sigaction 
rt_sigaction 
rt_sigaction 
rt_sigaction 
rt_sigaction 
rt_sigaction 
rt_sigaction 
rt_sigaction 
rt_sigaction 
rt_sigaction 
rt_sigaction 
rt_sigaction 
rt_sigaction 
rt_sigaction 
rt_sigaction 
rt_sigaction 
rt_sigaction 
rt_sigaction 
rt_sigaction 
rt_sigaction 
rt_sigaction 
rt_sigaction 
rt_sigaction 
rt_sigaction 
rt_sigaction 
rt_sigaction 
rt_sigaction 
rt_sigaction 
rt_sigaction 
rt_sigaction 
rt_sigaction 
rt_sigaction 
rt_sigaction 
rt_sigaction 
rt_sigaction 
rt_sigaction 
rt_sigaction 
rt_sigaction 
rt_sigaction 
rt_sigaction 
rt_sigaction 
rt_sigaction 
rt_sigaction 
rt_sigaction 
rt_sigaction 
rt_sigaction 
rt_sigaction 
rt_sigaction 
rt_sigaction 
rt_sigaction 
rt_sigaction 
rt_sigaction 
rt_sigaction 
rt_sigaction 
rt_sigaction 
rt_sigaction 
rt_sigaction 
rt_sigaction 
rt_sigaction 
rt_sigaction 
rt_sigaction 
rt_sigaction 
rt_sigaction 
rt_sigaction 
rt_sigaction 
rt_sigaction 
rt_sigaction 
rt_sigaction 
rt_sigaction 
rt_sigaction 
rt_sigaction 
rt_sigaction 
rt_sigaction 
rt_sigaction 
rt_sigaction 
rt_sigaction 
rt_sigaction 
rt_sigaction 
rt_sigaction 
rt_sigaction 
rt_sigaction 
rt_sigaction 
rt_sigaction 
rt_sigaction 
rt_sigaction 
rt_sigaction 
rt_sigaction 
rt_sigaction 
rt_sigaction 
rt_sigaction 
rt_sigaction 
rt_sigaction 
rt_sigaction 
rt_sigaction 
rt_sigaction 
rt_sigaction 
rt_sigaction 
rt_sigaction 
rt_sigaction 
rt_sigaction 
rt_sigaction 
rt_sigaction 
rt_sigaction 
rt_sigaction 
rt_sigaction 
rt_sigaction 
rt_sigaction 
rt_sigaction 
rt_sigaction 
rt_sigaction 
rt_sigaction 
rt_sigaction 
rt_sigaction 
mmap addr=0 length=8192 prot=3(PROT_READ|PROT_WRITE) flags=10(MAP_PRIVATE|MAP_ANONYMOUS) fd=-1(EPERM) offset=0 
mmap res=7FA5A1432000 vm_size=383128 vm_rss=9080 vm_swap=0 
mmap addr=0 length=8192 prot=3(PROT_READ|PROT_WRITE) flags=10(MAP_PRIVATE|MAP_ANONYMOUS) fd=-1(EPERM) offset=0 
mmap res=7FA5A1432000 vm_size=383128 vm_rss=9080 vm_swap=0 
getpid 
getpid 
getpid 
getpid 
epoll_create1 
epoll_create1 
epoll_create1 
epoll_create1 
epoll_ctl 
epoll_ctl 
epoll_ctl 
epoll_ctl 
mmap addr=0 length=8192 prot=3(PROT_READ|PROT_WRITE) flags=10(MAP_PRIVATE|MAP_ANONYMOUS) fd=-1(EPERM) offset=0 
mmap addr=0 length=8192 prot=3(PROT_READ|PROT_WRITE) flags=10(MAP_PRIVATE|MAP_ANONYMOUS) fd=-1(EPERM) offset=0 
mmap res=7FA5A1430000 vm_size=383136 vm_rss=9080 vm_swap=0 
mmap res=7FA5A1430000 vm_size=383136 vm_rss=9080 vm_swap=0 
accept flags=0 
accept flags=0 
clone res=0 exe=apache2 args=-DFOREGROUND. tid=813561(apache2) pid=813561(apache2) ptid=812981(apache2) cwd= fdlimit=1048576 pgft_maj=0 pgft_min=1 vm_size=383104 vm_rss=7640 vm_swap=0 comm=apache2 cgroups=cpuset=/system.slice/docker-4d81cb26c66231747b04db742cd4f8fff01cc68354eaa9325... flags=562036736(CLONE_CHILD_CLEARTID|CLONE_CHILD_SETTID) uid=0 gid=0 vtid=78 vpid=78 
set_robust_list 
set_robust_list 
rt_sigaction 
rt_sigaction 
rt_sigaction 
rt_sigaction 
rt_sigaction 
rt_sigaction 
getpid 
getpid 
getpid 
getpid 
mmap addr=0 length=8192 prot=3(PROT_READ|PROT_WRITE) flags=10(MAP_PRIVATE|MAP_ANONYMOUS) fd=-1(EPERM) offset=0 
mmap res=7FA5A1436000 vm_size=383112 vm_rss=7640 vm_swap=0 
mmap addr=0 length=8192 prot=3(PROT_READ|PROT_WRITE) flags=10(MAP_PRIVATE|MAP_ANONYMOUS) fd=-1(EPERM) offset=0 
mmap res=7FA5A1434000 vm_size=383120 vm_rss=7640 vm_swap=0 
geteuid 
geteuid euid=0(root) 
setgid gid=33(www-data) 
setgid res=0 
open 
open fd=9(<f>/proc/sys/kernel/ngroups_max) name=/proc/sys/kernel/ngroups_max flags=1(O_RDONLY) mode=0 dev=64 
read fd=9(<f>/proc/sys/kernel/ngroups_max) size=31 
read res=6 data=65536. 
close fd=9(<f>/proc/sys/kernel/ngroups_max) 
close res=0 
open 
open fd=9(<f>/etc/group) name=/etc/group flags=4097(O_RDONLY|O_CLOEXEC) mode=0 dev=62 
lseek fd=9(<f>/etc/group) offset=0 whence=1(SEEK_CUR) 
lseek res=0 
fstat fd=9(<f>/etc/group) 
fstat res=0 
mmap addr=0 length=446 prot=1(PROT_READ) flags=1(MAP_SHARED) fd=9(<f>/etc/group) offset=0 
mmap res=7FA5A1433000 vm_size=383124 vm_rss=7640 vm_swap=0 
lseek fd=9(<f>/etc/group) offset=446 whence=0(SEEK_SET) 
lseek res=446 
fstat fd=9(<f>/etc/group) 
fstat res=0 
munmap addr=7FA5A1433000 length=446 
munmap res=0 vm_size=383120 vm_rss=9080 vm_swap=0 
close fd=9(<f>/etc/group) 
close res=0 
setgroups 
setgroups 
geteuid 
geteuid euid=0(root) 
setuid uid=33(www-data) 
setuid res=0 
getpid 
getpid 
rt_sigaction 
rt_sigaction 
rt_sigaction 
rt_sigaction 
rt_sigaction 
rt_sigaction 
rt_sigaction 
rt_sigaction 
rt_sigaction 
rt_sigaction 
rt_sigaction 
rt_sigaction 
rt_sigaction 
rt_sigaction 
rt_sigaction 
rt_sigaction 
rt_sigaction 
rt_sigaction 
rt_sigaction 
rt_sigaction 
rt_sigaction 
rt_sigaction 
rt_sigaction 
rt_sigaction 
rt_sigaction 
rt_sigaction 
rt_sigaction 
rt_sigaction 
rt_sigaction 
rt_sigaction 
rt_sigaction 
rt_sigaction 
rt_sigaction 
rt_sigaction 
rt_sigaction 
rt_sigaction 
rt_sigaction 
rt_sigaction 
rt_sigaction 
rt_sigaction 
rt_sigaction 
rt_sigaction 
rt_sigaction 
rt_sigaction 
rt_sigaction 
rt_sigaction 
rt_sigaction 
rt_sigaction 
rt_sigaction 
rt_sigaction 
rt_sigaction 
rt_sigaction 
rt_sigaction 
rt_sigaction 
rt_sigaction 
rt_sigaction 
rt_sigaction 
rt_sigaction 
rt_sigaction 
rt_sigaction 
rt_sigaction 
rt_sigaction 
rt_sigaction 
rt_sigaction 
rt_sigaction 
rt_sigaction 
rt_sigaction 
rt_sigaction 
rt_sigaction 
rt_sigaction 
rt_sigaction 
rt_sigaction 
rt_sigaction 
rt_sigaction 
rt_sigaction 
rt_sigaction 
rt_sigaction 
rt_sigaction 
rt_sigaction 
rt_sigaction 
rt_sigaction 
rt_sigaction 
rt_sigaction 
rt_sigaction 
rt_sigaction 
rt_sigaction 
rt_sigaction 
rt_sigaction 
rt_sigaction 
rt_sigaction 
rt_sigaction 
rt_sigaction 
rt_sigaction 
rt_sigaction 
rt_sigaction 
rt_sigaction 
rt_sigaction 
rt_sigaction 
rt_sigaction 
rt_sigaction 
rt_sigaction 
rt_sigaction 
rt_sigaction 
rt_sigaction 
rt_sigaction 
rt_sigaction 
rt_sigaction 
rt_sigaction 
rt_sigaction 
rt_sigaction 
rt_sigaction 
rt_sigaction 
rt_sigaction 
rt_sigaction 
rt_sigaction 
rt_sigaction 
rt_sigaction 
rt_sigaction 
rt_sigaction 
rt_sigaction 
rt_sigaction 
rt_sigaction 
rt_sigaction 
rt_sigaction 
mmap addr=0 length=8192 prot=3(PROT_READ|PROT_WRITE) flags=10(MAP_PRIVATE|MAP_ANONYMOUS) fd=-1(EPERM) offset=0 
mmap res=7FA5A1432000 vm_size=383128 vm_rss=9080 vm_swap=0 
getpid 
getpid 
epoll_create1 
epoll_create1 
epoll_ctl 
epoll_ctl 
mmap addr=0 length=8192 prot=3(PROT_READ|PROT_WRITE) flags=10(MAP_PRIVATE|MAP_ANONYMOUS) fd=-1(EPERM) offset=0 
mmap res=7FA5A1430000 vm_size=383136 vm_rss=9080 vm_swap=0 
accept flags=0 
clone res=0 exe=apache2 args=-DFOREGROUND. tid=813560(apache2) pid=813560(apache2) ptid=812981(apache2) cwd= fdlimit=1048576 pgft_maj=0 pgft_min=1 vm_size=383104 vm_rss=7640 vm_swap=0 comm=apache2 cgroups=cpuset=/system.slice/docker-4d81cb26c66231747b04db742cd4f8fff01cc68354eaa9325... flags=562036736(CLONE_CHILD_CLEARTID|CLONE_CHILD_SETTID) uid=0 gid=0 vtid=77 vpid=77 
set_robust_list 
set_robust_list 
clone res=0 exe=apache2 args=-DFOREGROUND. tid=813563(apache2) pid=813563(apache2) ptid=812981(apache2) cwd= fdlimit=1048576 pgft_maj=0 pgft_min=1 vm_size=383104 vm_rss=7640 vm_swap=0 comm=apache2 cgroups=cpuset=/system.slice/docker-4d81cb26c66231747b04db742cd4f8fff01cc68354eaa9325... flags=562036736(CLONE_CHILD_CLEARTID|CLONE_CHILD_SETTID) uid=0 gid=0 vtid=80 vpid=80 
set_robust_list 
set_robust_list 
rt_sigaction 
rt_sigaction 
rt_sigaction 
rt_sigaction 
rt_sigaction 
rt_sigaction 
getpid 
getpid 
getpid 
getpid 
mmap addr=0 length=8192 prot=3(PROT_READ|PROT_WRITE) flags=10(MAP_PRIVATE|MAP_ANONYMOUS) fd=-1(EPERM) offset=0 
mmap res=7FA5A1436000 vm_size=383112 vm_rss=7640 vm_swap=0 
mmap addr=0 length=8192 prot=3(PROT_READ|PROT_WRITE) flags=10(MAP_PRIVATE|MAP_ANONYMOUS) fd=-1(EPERM) offset=0 
mmap res=7FA5A1434000 vm_size=383120 vm_rss=7640 vm_swap=0 
geteuid 
geteuid euid=0(root) 
setgid gid=33(www-data) 
setgid res=0 
open 
rt_sigaction 
rt_sigaction 
rt_sigaction 
rt_sigaction 
rt_sigaction 
rt_sigaction 
getpid 
getpid 
open fd=9(<f>/proc/sys/kernel/ngroups_max) name=/proc/sys/kernel/ngroups_max flags=1(O_RDONLY) mode=0 dev=64 
read fd=9(<f>/proc/sys/kernel/ngroups_max) size=31 
getpid 
getpid 
read res=6 data=65536. 
close fd=9(<f>/proc/sys/kernel/ngroups_max) 
close res=0 
clone res=0 exe=apache2 args=-DFOREGROUND. tid=813562(apache2) pid=813562(apache2) ptid=812981(apache2) cwd= fdlimit=1048576 pgft_maj=0 pgft_min=1 vm_size=383104 vm_rss=7640 vm_swap=0 comm=apache2 cgroups=cpuset=/system.slice/docker-4d81cb26c66231747b04db742cd4f8fff01cc68354eaa9325... flags=562036736(CLONE_CHILD_CLEARTID|CLONE_CHILD_SETTID) uid=0 gid=0 vtid=79 vpid=79 
mmap addr=0 length=8192 prot=3(PROT_READ|PROT_WRITE) flags=10(MAP_PRIVATE|MAP_ANONYMOUS) fd=-1(EPERM) offset=0 
mmap res=7FA5A1436000 vm_size=383112 vm_rss=7640 vm_swap=0 
set_robust_list 
set_robust_list 
mmap addr=0 length=8192 prot=3(PROT_READ|PROT_WRITE) flags=10(MAP_PRIVATE|MAP_ANONYMOUS) fd=-1(EPERM) offset=0 
mmap res=7FA5A1434000 vm_size=383120 vm_rss=7640 vm_swap=0 
geteuid 
geteuid euid=0(root) 
setgid gid=33(www-data) 
open 
setgid res=0 
open 
open fd=9(<f>/etc/group) name=/etc/group flags=4097(O_RDONLY|O_CLOEXEC) mode=0 dev=62 
lseek fd=9(<f>/etc/group) offset=0 whence=1(SEEK_CUR) 
lseek res=0 
fstat fd=9(<f>/etc/group) 
fstat res=0 
mmap addr=0 length=446 prot=1(PROT_READ) flags=1(MAP_SHARED) fd=9(<f>/etc/group) offset=0 
open fd=9(<f>/proc/sys/kernel/ngroups_max) name=/proc/sys/kernel/ngroups_max flags=1(O_RDONLY) mode=0 dev=64 
read fd=9(<f>/proc/sys/kernel/ngroups_max) size=31 
mmap res=7FA5A1433000 vm_size=383124 vm_rss=7640 vm_swap=0 
lseek fd=9(<f>/etc/group) offset=446 whence=0(SEEK_SET) 
lseek res=446 
read res=6 data=65536. 
close fd=9(<f>/proc/sys/kernel/ngroups_max) 
close res=0 
fstat fd=9(<f>/etc/group) 
fstat res=0 
munmap addr=7FA5A1433000 length=446 
munmap res=0 vm_size=383120 vm_rss=9080 vm_swap=0 
close fd=9(<f>/etc/group) 
close res=0 
setgroups 
setgroups 
geteuid 
geteuid euid=0(root) 
rt_sigaction 
rt_sigaction 
setuid uid=33(www-data) 
rt_sigaction 
rt_sigaction 
setuid res=0 
rt_sigaction 
rt_sigaction 
getpid 
getpid 
getpid 
getpid 
getpid 
getpid 
mmap addr=0 length=8192 prot=3(PROT_READ|PROT_WRITE) flags=10(MAP_PRIVATE|MAP_ANONYMOUS) fd=-1(EPERM) offset=0 
rt_sigaction 
rt_sigaction 
open 
rt_sigaction 
rt_sigaction 
mmap res=7FA5A1436000 vm_size=383112 vm_rss=7640 vm_swap=0 
rt_sigaction 
rt_sigaction 
rt_sigaction 
rt_sigaction 
rt_sigaction 
rt_sigaction 
rt_sigaction 
rt_sigaction 
open fd=9(<f>/etc/group) name=/etc/group flags=4097(O_RDONLY|O_CLOEXEC) mode=0 dev=62 
rt_sigaction 
rt_sigaction 
rt_sigaction 
rt_sigaction 
rt_sigaction 
rt_sigaction 
lseek fd=9(<f>/etc/group) offset=0 whence=1(SEEK_CUR) 
lseek res=0 
rt_sigaction 
rt_sigaction 
rt_sigaction 
fstat fd=9(<f>/etc/group) 
rt_sigaction 
rt_sigaction 
rt_sigaction 
rt_sigaction 
rt_sigaction 
fstat res=0 
rt_sigaction 
mmap addr=0 length=446 prot=1(PROT_READ) flags=1(MAP_SHARED) fd=9(<f>/etc/group) offset=0 
rt_sigaction 
rt_sigaction 
rt_sigaction 
rt_sigaction 
rt_sigaction 
mmap addr=0 length=8192 prot=3(PROT_READ|PROT_WRITE) flags=10(MAP_PRIVATE|MAP_ANONYMOUS) fd=-1(EPERM) offset=0 
rt_sigaction 
rt_sigaction 
mmap res=7FA5A1433000 vm_size=383124 vm_rss=7640 vm_swap=0 
mmap res=7FA5A1434000 vm_size=383120 vm_rss=7640 vm_swap=0 
rt_sigaction 
rt_sigaction 
lseek fd=9(<f>/etc/group) offset=446 whence=0(SEEK_SET) 
rt_sigaction 
rt_sigaction 
lseek res=446 
rt_sigaction 
rt_sigaction 
rt_sigaction 
rt_sigaction 
rt_sigaction 
rt_sigaction 
rt_sigaction 
rt_sigaction 
rt_sigaction 
rt_sigaction 
rt_sigaction 
rt_sigaction 
geteuid 
geteuid euid=0(root) 
rt_sigaction 
rt_sigaction 
rt_sigaction 
rt_sigaction 
rt_sigaction 
rt_sigaction 
rt_sigaction 
rt_sigaction 
rt_sigaction 
setgid gid=33(www-data) 
rt_sigaction 
rt_sigaction 
rt_sigaction 
setgid res=0 
rt_sigaction 
fstat fd=9(<f>/etc/group) 
rt_sigaction 
open 
rt_sigaction 
rt_sigaction 
fstat res=0 
rt_sigaction 
rt_sigaction 
munmap addr=7FA5A1433000 length=446 
rt_sigaction 
rt_sigaction 
rt_sigaction 
rt_sigaction 
rt_sigaction 
rt_sigaction 
rt_sigaction 
rt_sigaction 
rt_sigaction 
rt_sigaction 
rt_sigaction 
munmap res=0 vm_size=383120 vm_rss=9080 vm_swap=0 
rt_sigaction 
rt_sigaction 
close fd=9(<f>/etc/group) 
rt_sigaction 
close res=0 
rt_sigaction 
rt_sigaction 
rt_sigaction 
open fd=9(<f>/proc/sys/kernel/ngroups_max) name=/proc/sys/kernel/ngroups_max flags=1(O_RDONLY) mode=0 dev=64 
rt_sigaction 
rt_sigaction 
rt_sigaction 
setgroups 
read fd=9(<f>/proc/sys/kernel/ngroups_max) size=31 
rt_sigaction 
rt_sigaction 
rt_sigaction 
rt_sigaction 
setgroups 
rt_sigaction 
read res=6 data=65536. 
rt_sigaction 
geteuid 
rt_sigaction 
geteuid euid=0(root) 
close fd=9(<f>/proc/sys/kernel/ngroups_max) 
rt_sigaction 
close res=0 
rt_sigaction 
setuid uid=33(www-data) 
rt_sigaction 
rt_sigaction 
rt_sigaction 
setuid res=0 
rt_sigaction 
rt_sigaction 
rt_sigaction 
rt_sigaction 
rt_sigaction 
rt_sigaction 
rt_sigaction 
rt_sigaction 
rt_sigaction 
rt_sigaction 
rt_sigaction 
rt_sigaction 
rt_sigaction 
rt_sigaction 
rt_sigaction 
rt_sigaction 
rt_sigaction 
rt_sigaction 
getpid 
rt_sigaction 
rt_sigaction 
getpid 
rt_sigaction 
rt_sigaction 
rt_sigaction 
rt_sigaction 
mmap addr=0 length=8192 prot=3(PROT_READ|PROT_WRITE) flags=10(MAP_PRIVATE|MAP_ANONYMOUS) fd=-1(EPERM) offset=0 
rt_sigaction 
rt_sigaction 
mmap res=7FA5A1432000 vm_size=383128 vm_rss=9080 vm_swap=0 
rt_sigaction 
rt_sigaction 
rt_sigaction 
rt_sigaction 
rt_sigaction 
rt_sigaction 
rt_sigaction 
rt_sigaction 
rt_sigaction 
rt_sigaction 
rt_sigaction 
rt_sigaction 
rt_sigaction 
rt_sigaction 
rt_sigaction 
rt_sigaction 
rt_sigaction 
rt_sigaction 
getpid 
rt_sigaction 
getpid 
rt_sigaction 
rt_sigaction 
rt_sigaction 
rt_sigaction 
rt_sigaction 
rt_sigaction 
rt_sigaction 
rt_sigaction 
rt_sigaction 
rt_sigaction 
rt_sigaction 
rt_sigaction 
rt_sigaction 
rt_sigaction 
rt_sigaction 
rt_sigaction 
rt_sigaction 
rt_sigaction 
rt_sigaction 
rt_sigaction 
epoll_create1 
rt_sigaction 
rt_sigaction 
rt_sigaction 
rt_sigaction 
rt_sigaction 
epoll_create1 
rt_sigaction 
open 
rt_sigaction 
rt_sigaction 
rt_sigaction 
epoll_ctl 
rt_sigaction 
rt_sigaction 
rt_sigaction 
epoll_ctl 
rt_sigaction 
rt_sigaction 
rt_sigaction 
rt_sigaction 
rt_sigaction 
open fd=9(<f>/etc/group) name=/etc/group flags=4097(O_RDONLY|O_CLOEXEC) mode=0 dev=62 
rt_sigaction 
rt_sigaction 
rt_sigaction 
rt_sigaction 
lseek fd=9(<f>/etc/group) offset=0 whence=1(SEEK_CUR) 
rt_sigaction 
rt_sigaction 
lseek res=0 
rt_sigaction 
rt_sigaction 
fstat fd=9(<f>/etc/group) 
mmap addr=0 length=8192 prot=3(PROT_READ|PROT_WRITE) flags=10(MAP_PRIVATE|MAP_ANONYMOUS) fd=-1(EPERM) offset=0 
rt_sigaction 
rt_sigaction 
rt_sigaction 
rt_sigaction 
mmap res=7FA5A1430000 vm_size=383136 vm_rss=9080 vm_swap=0 
fstat res=0 
rt_sigaction 
rt_sigaction 
mmap addr=0 length=446 prot=1(PROT_READ) flags=1(MAP_SHARED) fd=9(<f>/etc/group) offset=0 
rt_sigaction 
rt_sigaction 
rt_sigaction 
rt_sigaction 
rt_sigaction 
rt_sigaction 
rt_sigaction 
accept flags=0 
rt_sigaction 
mmap res=7FA5A1433000 vm_size=383124 vm_rss=7640 vm_swap=0 
rt_sigaction 
lseek fd=9(<f>/etc/group) offset=446 whence=0(SEEK_SET) 
rt_sigaction 
lseek res=446 
rt_sigaction 
rt_sigaction 
rt_sigaction 
rt_sigaction 
rt_sigaction 
rt_sigaction 
rt_sigaction 
rt_sigaction 
rt_sigaction 
rt_sigaction 
rt_sigaction 
rt_sigaction 
fstat fd=9(<f>/etc/group) 
fstat res=0 
munmap addr=7FA5A1433000 length=446 
munmap res=0 vm_size=383120 vm_rss=9080 vm_swap=0 
close fd=9(<f>/etc/group) 
close res=0 
setgroups 
setgroups 
geteuid 
geteuid euid=0(root) 
setuid uid=33(www-data) 
setuid res=0 
getpid 
getpid 
rt_sigaction 
rt_sigaction 
rt_sigaction 
rt_sigaction 
rt_sigaction 
rt_sigaction 
rt_sigaction 
rt_sigaction 
rt_sigaction 
rt_sigaction 
rt_sigaction 
rt_sigaction 
rt_sigaction 
rt_sigaction 
rt_sigaction 
rt_sigaction 
rt_sigaction 
rt_sigaction 
rt_sigaction 
rt_sigaction 
rt_sigaction 
rt_sigaction 
rt_sigaction 
rt_sigaction 
rt_sigaction 
rt_sigaction 
rt_sigaction 
rt_sigaction 
rt_sigaction 
rt_sigaction 
rt_sigaction 
rt_sigaction 
rt_sigaction 
rt_sigaction 
rt_sigaction 
rt_sigaction 
rt_sigaction 
rt_sigaction 
rt_sigaction 
rt_sigaction 
rt_sigaction 
rt_sigaction 
rt_sigaction 
rt_sigaction 
rt_sigaction 
rt_sigaction 
rt_sigaction 
rt_sigaction 
rt_sigaction 
rt_sigaction 
rt_sigaction 
rt_sigaction 
rt_sigaction 
rt_sigaction 
rt_sigaction 
rt_sigaction 
rt_sigaction 
rt_sigaction 
rt_sigaction 
rt_sigaction 
rt_sigaction 
rt_sigaction 
rt_sigaction 
rt_sigaction 
rt_sigaction 
rt_sigaction 
rt_sigaction 
rt_sigaction 
rt_sigaction 
rt_sigaction 
rt_sigaction 
rt_sigaction 
rt_sigaction 
rt_sigaction 
rt_sigaction 
rt_sigaction 
rt_sigaction 
rt_sigaction 
rt_sigaction 
rt_sigaction 
rt_sigaction 
rt_sigaction 
rt_sigaction 
rt_sigaction 
rt_sigaction 
rt_sigaction 
rt_sigaction 
rt_sigaction 
rt_sigaction 
rt_sigaction 
rt_sigaction 
rt_sigaction 
rt_sigaction 
rt_sigaction 
rt_sigaction 
rt_sigaction 
rt_sigaction 
rt_sigaction 
rt_sigaction 
rt_sigaction 
rt_sigaction 
rt_sigaction 
rt_sigaction 
rt_sigaction 
rt_sigaction 
rt_sigaction 
mmap addr=0 length=8192 prot=3(PROT_READ|PROT_WRITE) flags=10(MAP_PRIVATE|MAP_ANONYMOUS) fd=-1(EPERM) offset=0 
rt_sigaction 
rt_sigaction 
rt_sigaction 
rt_sigaction 
rt_sigaction 
rt_sigaction 
mmap res=7FA5A1432000 vm_size=383128 vm_rss=9080 vm_swap=0 
rt_sigaction 
rt_sigaction 
rt_sigaction 
rt_sigaction 
rt_sigaction 
rt_sigaction 
rt_sigaction 
rt_sigaction 
rt_sigaction 
rt_sigaction 
rt_sigaction 
rt_sigaction 
rt_sigaction 
rt_sigaction 
rt_sigaction 
rt_sigaction 
rt_sigaction 
rt_sigaction 
rt_sigaction 
rt_sigaction 
rt_sigaction 
rt_sigaction 
rt_sigaction 
rt_sigaction 
getpid 
getpid 
rt_sigaction 
rt_sigaction 
rt_sigaction 
rt_sigaction 
rt_sigaction 
rt_sigaction 
rt_sigaction 
rt_sigaction 
rt_sigaction 
rt_sigaction 
rt_sigaction 
rt_sigaction 
rt_sigaction 
rt_sigaction 
rt_sigaction 
rt_sigaction 
rt_sigaction 
rt_sigaction 
epoll_create1 
epoll_create1 
epoll_ctl 
epoll_ctl 
mmap addr=0 length=8192 prot=3(PROT_READ|PROT_WRITE) flags=10(MAP_PRIVATE|MAP_ANONYMOUS) fd=-1(EPERM) offset=0 
mmap addr=0 length=8192 prot=3(PROT_READ|PROT_WRITE) flags=10(MAP_PRIVATE|MAP_ANONYMOUS) fd=-1(EPERM) offset=0 
mmap res=7FA5A1432000 vm_size=383128 vm_rss=9080 vm_swap=0 
mmap res=7FA5A1430000 vm_size=383136 vm_rss=9080 vm_swap=0 
accept flags=0 
getpid 
getpid 
epoll_create1 
epoll_create1 
epoll_ctl 
epoll_ctl 
mmap addr=0 length=8192 prot=3(PROT_READ|PROT_WRITE) flags=10(MAP_PRIVATE|MAP_ANONYMOUS) fd=-1(EPERM) offset=0 
mmap res=7FA5A1430000 vm_size=383136 vm_rss=9080 vm_swap=0 
accept flags=0 
poll res=0 fds= 
shutdown fd=10(<4t>172.18.0.1:37006->172.18.0.3:80) how=1(SHUT_WR) 
shutdown res=0 
poll fds=10:41 timeout=2000 
poll res=1 fds=10:421 
read fd=10(<4t>172.18.0.1:37006->172.18.0.3:80) size=512 
read res=0 data= 
close fd=10(<4t>172.18.0.1:37006->172.18.0.3:80) 
close res=0 
read fd=4(<p>pipe:[2139861]) size=1 
read res=-11(EAGAIN) data= 
accept flags=0 
accept fd=10(<4t>127.0.0.1:55124->127.0.0.1:80) tuple=127.0.0.1:55124->127.0.0.1:80 queuepct=0 queuelen=0 queuemax=511 
getsockname 
getsockname 
fcntl fd=10(<4t>127.0.0.1:55124->127.0.0.1:80) cmd=4(F_GETFL) 
fcntl res=2(<p>pipe:[2140975]) 
fcntl fd=10(<4t>127.0.0.1:55124->127.0.0.1:80) cmd=5(F_SETFL) 
fcntl res=0(<f>/dev/null) 
mmap addr=0 length=8192 prot=3(PROT_READ|PROT_WRITE) flags=10(MAP_PRIVATE|MAP_ANONYMOUS) fd=-1(EPERM) offset=0 
mmap res=7FA5A142E000 vm_size=383144 vm_rss=9080 vm_swap=0 
mmap addr=0 length=8192 prot=3(PROT_READ|PROT_WRITE) flags=10(MAP_PRIVATE|MAP_ANONYMOUS) fd=-1(EPERM) offset=0 
mmap res=7FA5A142C000 vm_size=383152 vm_rss=9080 vm_swap=0 
read fd=10(<4t>127.0.0.1:55124->127.0.0.1:80) size=8000 
read res=96 data=OPTIONS * HTTP/1.0..User-Agent: Apache/2.4.25 (Debian) PHP/7.2.1 (internal dummy 
mmap addr=0 length=8192 prot=3(PROT_READ|PROT_WRITE) flags=10(MAP_PRIVATE|MAP_ANONYMOUS) fd=-1(EPERM) offset=0 
mmap res=7FA5A142A000 vm_size=383160 vm_rss=9080 vm_swap=0 
mmap addr=0 length=8192 prot=3(PROT_READ|PROT_WRITE) flags=10(MAP_PRIVATE|MAP_ANONYMOUS) fd=-1(EPERM) offset=0 
mmap res=7FA5A1428000 vm_size=383168 vm_rss=9080 vm_swap=0 
writev fd=10(<4t>127.0.0.1:55124->127.0.0.1:80) size=126 
writev res=126 data=HTTP/1.1 200 OK..Date: Thu, 10 Aug 2023 01:47:41 GMT..Server: Apache/2.4.25 (Deb 
write fd=7(<p>pipe:[2140974]) size=139 
write res=139 data=127.0.0.1 - - [10/Aug/2023:01:47:41 +0000] "OPTIONS * HTTP/1.0" 200 126 "-" "Apa 
times 
times 
shutdown fd=10(<4t>127.0.0.1:55124->127.0.0.1:80) how=1(SHUT_WR) 
shutdown res=-107(ENOTCONN) 
close fd=10(<4t>127.0.0.1:55124->127.0.0.1:80) 
close res=0 
read fd=4(<p>pipe:[2139861]) size=1 
read res=1 data=! 
close fd=9 
close res=0 
munmap addr=7FA58A05F000 length=134217728 
munmap res=0 vm_size=252096 vm_rss=11192 vm_swap=0 
close fd=8(<f>/tmp/.ZendSem.pMHK2J (deleted)) 
close res=0 
munmap addr=7FA59205F000 length=2243784 
munmap res=0 vm_size=249904 vm_rss=11276 vm_swap=0 
munmap addr=7FA592721000 length=2517856 
munmap res=0 vm_size=247444 vm_rss=11296 vm_swap=0 
munmap addr=7FA5924EE000 length=2301968 
munmap res=0 vm_size=245192 vm_rss=11268 vm_swap=0 
munmap addr=7FA592283000 length=2531352 
munmap res=0 vm_size=242716 vm_rss=11240 vm_swap=0 
munmap addr=7FA592988000 length=2584984 
munmap res=0 vm_size=240188 vm_rss=12976 vm_swap=0 
munmap addr=7FA5A13DE000 length=299008 
munmap res=0 vm_size=239896 vm_rss=12788 vm_swap=0 
munmap addr=7FA592C00000 length=2097152 
munmap res=0 vm_size=237848 vm_rss=10740 vm_swap=0 
munmap addr=7FA5A144C000 length=323584 
munmap res=0 vm_size=237532 vm_rss=10736 vm_swap=0 
munmap addr=7FA5A1436000 length=8192 
munmap res=0 vm_size=237524 vm_rss=10732 vm_swap=0 
munmap addr=7FA5A1430000 length=8192 
munmap res=0 vm_size=237516 vm_rss=10728 vm_swap=0 
munmap addr=7FA5A1434000 length=8192 
munmap res=0 vm_size=237508 vm_rss=10724 vm_swap=0 
munmap addr=7FA5A1432000 length=8192 
munmap res=0 vm_size=237500 vm_rss=10720 vm_swap=0 
munmap addr=7FA5A142C000 length=8192 
munmap res=0 vm_size=237492 vm_rss=10716 vm_swap=0 
munmap addr=7FA5A1428000 length=8192 
munmap res=0 vm_size=237484 vm_rss=10712 vm_swap=0 
munmap addr=7FA5A142E000 length=8192 
munmap res=0 vm_size=237476 vm_rss=10704 vm_swap=0 
munmap addr=7FA5A142A000 length=8192 
munmap res=0 vm_size=237468 vm_rss=10700 vm_swap=0 
close fd=5(<p>pipe:[2139861]) 
close res=0 
close fd=4(<p>pipe:[2139861]) 
close res=0 
futex addr=7FA59B1C98EC op=129(FUTEX_PRIVATE_FLAG|FUTEX_WAKE) val=2147483647 
futex res=0 
exit_group 
accept fd=10(<4t>127.0.0.1:55132->127.0.0.1:80) tuple=127.0.0.1:55132->127.0.0.1:80 queuepct=0 queuelen=0 queuemax=511 
getsockname 
getsockname 
fcntl fd=10(<4t>127.0.0.1:55132->127.0.0.1:80) cmd=4(F_GETFL) 
fcntl res=2(<p>pipe:[2140975]) 
fcntl fd=10(<4t>127.0.0.1:55132->127.0.0.1:80) cmd=5(F_SETFL) 
fcntl res=0(<f>/dev/null) 
mmap addr=0 length=8192 prot=3(PROT_READ|PROT_WRITE) flags=10(MAP_PRIVATE|MAP_ANONYMOUS) fd=-1(EPERM) offset=0 
mmap res=7FA5A142E000 vm_size=383144 vm_rss=9080 vm_swap=0 
mmap addr=0 length=8192 prot=3(PROT_READ|PROT_WRITE) flags=10(MAP_PRIVATE|MAP_ANONYMOUS) fd=-1(EPERM) offset=0 
mmap res=7FA5A142C000 vm_size=383152 vm_rss=9080 vm_swap=0 
read fd=10(<4t>127.0.0.1:55132->127.0.0.1:80) size=8000 
read res=96 data=OPTIONS * HTTP/1.0..User-Agent: Apache/2.4.25 (Debian) PHP/7.2.1 (internal dummy 
mmap addr=0 length=8192 prot=3(PROT_READ|PROT_WRITE) flags=10(MAP_PRIVATE|MAP_ANONYMOUS) fd=-1(EPERM) offset=0 
mmap res=7FA5A142A000 vm_size=383160 vm_rss=9080 vm_swap=0 
mmap addr=0 length=8192 prot=3(PROT_READ|PROT_WRITE) flags=10(MAP_PRIVATE|MAP_ANONYMOUS) fd=-1(EPERM) offset=0 
mmap res=7FA5A1428000 vm_size=383168 vm_rss=9080 vm_swap=0 
writev fd=10(<4t>127.0.0.1:55132->127.0.0.1:80) size=126 
writev res=126 data=HTTP/1.1 200 OK..Date: Thu, 10 Aug 2023 01:47:42 GMT..Server: Apache/2.4.25 (Deb 
write fd=7(<p>pipe:[2140974]) size=139 
write res=139 data=127.0.0.1 - - [10/Aug/2023:01:47:42 +0000] "OPTIONS * HTTP/1.0" 200 126 "-" "Apa 
times 
times 
shutdown fd=10(<4t>127.0.0.1:55132->127.0.0.1:80) how=1(SHUT_WR) 
shutdown res=-107(ENOTCONN) 
close fd=10(<4t>127.0.0.1:55132->127.0.0.1:80) 
close res=0 
read fd=4(<p>pipe:[2139861]) size=1 
read res=1 data=! 
close fd=9 
close res=0 
munmap addr=7FA58A05F000 length=134217728 
munmap res=0 vm_size=252096 vm_rss=11200 vm_swap=0 
close fd=8(<f>/tmp/.ZendSem.pMHK2J (deleted)) 
close res=0 
munmap addr=7FA59205F000 length=2243784 
munmap res=0 vm_size=249904 vm_rss=11284 vm_swap=0 
munmap addr=7FA592721000 length=2517856 
munmap res=0 vm_size=247444 vm_rss=11304 vm_swap=0 
munmap addr=7FA5924EE000 length=2301968 
munmap res=0 vm_size=245192 vm_rss=11276 vm_swap=0 
munmap addr=7FA592283000 length=2531352 
munmap res=0 vm_size=242716 vm_rss=11248 vm_swap=0 
munmap addr=7FA592988000 length=2584984 
munmap res=0 vm_size=240188 vm_rss=12984 vm_swap=0 
munmap addr=7FA5A13DE000 length=299008 
munmap res=0 vm_size=239896 vm_rss=12796 vm_swap=0 
munmap addr=7FA592C00000 length=2097152 
munmap res=0 vm_size=237848 vm_rss=10748 vm_swap=0 
munmap addr=7FA5A144C000 length=323584 
munmap res=0 vm_size=237532 vm_rss=10744 vm_swap=0 
munmap addr=7FA5A1436000 length=8192 
munmap res=0 vm_size=237524 vm_rss=10740 vm_swap=0 
munmap addr=7FA5A1430000 length=8192 
munmap res=0 vm_size=237516 vm_rss=10736 vm_swap=0 
munmap addr=7FA5A1434000 length=8192 
munmap res=0 vm_size=237508 vm_rss=10732 vm_swap=0 
munmap addr=7FA5A1432000 length=8192 
munmap res=0 vm_size=237500 vm_rss=10728 vm_swap=0 
munmap addr=7FA5A142C000 length=8192 
munmap res=0 vm_size=237492 vm_rss=10724 vm_swap=0 
munmap addr=7FA5A1428000 length=8192 
munmap res=0 vm_size=237484 vm_rss=10720 vm_swap=0 
munmap addr=7FA5A142E000 length=8192 
munmap res=0 vm_size=237476 vm_rss=10712 vm_swap=0 
munmap addr=7FA5A142A000 length=8192 
munmap res=0 vm_size=237468 vm_rss=10708 vm_swap=0 
close fd=5(<p>pipe:[2139861]) 
close res=0 
close fd=4(<p>pipe:[2139861]) 
close res=0 
futex addr=7FA59B1C98EC op=129(FUTEX_PRIVATE_FLAG|FUTEX_WAKE) val=2147483647 
futex res=0 
exit_group 
accept fd=10(<4t>172.18.0.1:54410->172.18.0.3:80) tuple=172.18.0.1:54410->172.18.0.3:80 queuepct=0 queuelen=0 queuemax=511 
getsockname 
getsockname 
fcntl fd=10(<4t>172.18.0.1:54410->172.18.0.3:80) cmd=4(F_GETFL) 
fcntl res=2(<p>pipe:[2140975]) 
fcntl fd=10(<4t>172.18.0.1:54410->172.18.0.3:80) cmd=5(F_SETFL) 
fcntl res=0(<f>/dev/null) 
mmap addr=0 length=8192 prot=3(PROT_READ|PROT_WRITE) flags=10(MAP_PRIVATE|MAP_ANONYMOUS) fd=-1(EPERM) offset=0 
mmap res=7FA5A142E000 vm_size=383144 vm_rss=9080 vm_swap=0 
mmap addr=0 length=8192 prot=3(PROT_READ|PROT_WRITE) flags=10(MAP_PRIVATE|MAP_ANONYMOUS) fd=-1(EPERM) offset=0 
mmap res=7FA5A142C000 vm_size=383152 vm_rss=9080 vm_swap=0 
read fd=10(<4t>172.18.0.1:54410->172.18.0.3:80) size=8000 
read res=412 data=POST /wp-content/plugins/really-simple-guest-post/simple-guest-post-submit.php H 
stat 
stat res=0 path=/var/www/html/wp-content/plugins/really-simple-guest-post/simple-guest-post-submit.php 
open 
open fd=-2(ENOENT) name=/var/www/.htaccess flags=4097(O_RDONLY|O_CLOEXEC) mode=0 dev=0 
mmap addr=0 length=8192 prot=3(PROT_READ|PROT_WRITE) flags=10(MAP_PRIVATE|MAP_ANONYMOUS) fd=-1(EPERM) offset=0 
mmap res=7FA5A142A000 vm_size=383160 vm_rss=9080 vm_swap=0 
open 
open fd=11(<f>/var/www/html/.htaccess) name=/var/www/html/.htaccess flags=4097(O_RDONLY|O_CLOEXEC) mode=0 dev=34 
fstat fd=11(<f>/var/www/html/.htaccess) 
fstat res=0 
read fd=11(<f>/var/www/html/.htaccess) size=4096 
read res=234 data=# BEGIN WordPress.<IfModule mod_rewrite.c>.RewriteEngine On.RewriteBase /.Rewrit 
read fd=11(<f>/var/www/html/.htaccess) size=4096 
read res=0 data= 
close fd=11(<f>/var/www/html/.htaccess) 
close res=0 
open 
open fd=-2(ENOENT) name=/var/www/html/wp-content/.htaccess flags=4097(O_RDONLY|O_CLOEXEC) mode=0 dev=0 
open 
open fd=-2(ENOENT) name=/var/www/html/wp-content/plugins/.htaccess flags=4097(O_RDONLY|O_CLOEXEC) mode=0 dev=0 
open 
open fd=-2(ENOENT) name=/var/www/html/wp-content/plugins/really-simple-guest-post/.htaccess flags=4097(O_RDONLY|O_CLOEXEC) mode=0 dev=0 
open 
open fd=-20(ENOTDIR) name=/var/www/html/wp-content/plugins/really-simple-guest-post/simple-guest-post-submit.php/.htaccess flags=4097(O_RDONLY|O_CLOEXEC) mode=0 dev=0 
mmap addr=0 length=8192 prot=3(PROT_READ|PROT_WRITE) flags=10(MAP_PRIVATE|MAP_ANONYMOUS) fd=-1(EPERM) offset=0 
mmap res=7FA5A1428000 vm_size=383168 vm_rss=9080 vm_swap=0 
stat 
stat res=0 path=/var/www/html/wp-content/plugins/really-simple-guest-post/simple-guest-post-submit.php 
brk addr=55B29D0AE000 
brk res=55B29D0AE000 vm_size=383328 vm_rss=10240 vm_swap=0 
brk addr=55B29D0CF000 
brk res=55B29D0CF000 vm_size=383460 vm_rss=11456 vm_swap=0 
rt_sigaction 
rt_sigaction 
rt_sigaction 
rt_sigaction 
rt_sigaction 
rt_sigaction 
rt_sigaction 
rt_sigaction 
rt_sigaction 
rt_sigaction 
rt_sigaction 
rt_sigaction 
rt_sigaction 
rt_sigaction 
rt_sigaction 
rt_sigaction 
rt_sigaction 
rt_sigaction 
rt_sigaction 
rt_sigaction 
rt_sigaction 
rt_sigaction 
rt_sigaction 
rt_sigaction 
rt_sigaction 
rt_sigaction 
rt_sigaction 
rt_sigaction 
setitimer 
setitimer 
rt_sigaction 
rt_sigaction 
rt_sigprocmask 
rt_sigprocmask 
mmap addr=0 length=65536 prot=3(PROT_READ|PROT_WRITE) flags=10(MAP_PRIVATE|MAP_ANONYMOUS) fd=-1(EPERM) offset=0 
mmap res=7FA5A13CE000 vm_size=383524 vm_rss=12344 vm_swap=0 
getcwd 
getcwd res=14 path=/var/www/html 
chdir 
chdir res=0 path=/var/www/html/wp-content/plugins/really-simple-guest-post 
lstat 
lstat res=0 path=/var/www/html/wp-content/plugins/really-simple-guest-post/simple-guest-post-submit.php 
lstat 
lstat res=0 path=/var/www/html/wp-content/plugins/really-simple-guest-post 
lstat 
lstat res=0 path=/var/www/html/wp-content/plugins 
lstat 
lstat res=0 path=/var/www/html/wp-content 
lstat 
lstat res=0 path=/var/www/html 
lstat 
lstat res=0 path=/var/www 
lstat 
lstat res=0 path=/var 
open 
open fd=11(<f>/var/www/html/wp-content/plugins/really-simple-guest-post/simple-guest-post-submit.php) name=/var/www/html/wp-content/plugins/really-simple-guest-post/simple-guest-post-submit.php flags=1(O_RDONLY) mode=0 dev=34 
fstat fd=11(<f>/var/www/html/wp-content/plugins/really-simple-guest-post/simple-guest-post-submit.php) 
fstat res=0 
fstat fd=11(<f>/var/www/html/wp-content/plugins/really-simple-guest-post/simple-guest-post-submit.php) 
fstat res=0 
fstat fd=11(<f>/var/www/html/wp-content/plugins/really-simple-guest-post/simple-guest-post-submit.php) 
fstat res=0 
mmap addr=0 length=1502 prot=1(PROT_READ) flags=1(MAP_SHARED) fd=11(<f>/var/www/html/wp-content/plugins/really-simple-guest-post/simple-guest-post-submit.php) offset=0 
mmap res=7FA5A1427000 vm_size=383528 vm_rss=12344 vm_swap=0 
fcntl fd=8(<f>/tmp/.ZendSem.pMHK2J (deleted)) cmd=8(F_SETLK) 
fcntl res=0(<f>/dev/null) 
stat 
stat res=0 path=/var/www/html/wp-content/plugins/really-simple-guest-post/simple-guest-post-submit.php 
fcntl fd=8(<f>/tmp/.ZendSem.pMHK2J (deleted)) cmd=9(F_SETLKW) 
fcntl res=0(<f>/dev/null) 
fcntl fd=8(<f>/tmp/.ZendSem.pMHK2J (deleted)) cmd=8(F_SETLK) 
fcntl res=0(<f>/dev/null) 
munmap addr=7FA5A1427000 length=1502 
munmap res=0 vm_size=383524 vm_rss=15156 vm_swap=0 
close fd=11(<f>/var/www/html/wp-content/plugins/really-simple-guest-post/simple-guest-post-submit.php) 
close res=0 
lstat 
lstat res=0 path=/etc/passwd 
lstat 
lstat res=0 path=/etc 
open 
open fd=11(<f>/etc/passwd) name=/etc/passwd flags=1(O_RDONLY) mode=0 dev=62 
fstat fd=11(<f>/etc/passwd) 
fstat res=0 
fstat fd=11(<f>/etc/passwd) 
fstat res=0 
fstat fd=11(<f>/etc/passwd) 
fstat res=0 
mmap addr=0 length=919 prot=1(PROT_READ) flags=1(MAP_SHARED) fd=11(<f>/etc/passwd) offset=0 
mmap res=7FA5A1427000 vm_size=383528 vm_rss=15156 vm_swap=0 
stat 
stat res=0 path=/etc/passwd 
fcntl fd=8(<f>/tmp/.ZendSem.pMHK2J (deleted)) cmd=9(F_SETLKW) 
fcntl res=0(<f>/dev/null) 
fcntl fd=8(<f>/tmp/.ZendSem.pMHK2J (deleted)) cmd=8(F_SETLK) 
fcntl res=0(<f>/dev/null) 
munmap addr=7FA5A1427000 length=919 
munmap res=0 vm_size=383524 vm_rss=15468 vm_swap=0 
close fd=11(<f>/etc/passwd) 
close res=0 
chdir 
chdir res=0 path=/var/www/html 
setitimer 
setitimer 
fcntl fd=8(<f>/tmp/.ZendSem.pMHK2J (deleted)) cmd=8(F_SETLK) 
fcntl res=0(<f>/dev/null) 
setitimer 
setitimer 
mmap addr=0 length=8192 prot=3(PROT_READ|PROT_WRITE) flags=10(MAP_PRIVATE|MAP_ANONYMOUS) fd=-1(EPERM) offset=0 
mmap res=7FA5A13CC000 vm_size=383532 vm_rss=15468 vm_swap=0 
mmap addr=0 length=8192 prot=3(PROT_READ|PROT_WRITE) flags=10(MAP_PRIVATE|MAP_ANONYMOUS) fd=-1(EPERM) offset=0 
mmap res=7FA5A13CA000 vm_size=383540 vm_rss=15468 vm_swap=0 
mmap addr=0 length=8192 prot=3(PROT_READ|PROT_WRITE) flags=10(MAP_PRIVATE|MAP_ANONYMOUS) fd=-1(EPERM) offset=0 
mmap res=7FA5A13C8000 vm_size=383548 vm_rss=15468 vm_swap=0 
read fd=10(<4t>172.18.0.1:54410->172.18.0.3:80) size=8000 
read res=-11(EAGAIN) data= 
writev fd=10(<4t>172.18.0.1:54410->172.18.0.3:80) size=1452 
writev res=1452 data=HTTP/1.1 200 OK..Date: Thu, 10 Aug 2023 01:47:49 GMT..Server: Apache/2.4.25 (Deb 
write fd=7(<p>pipe:[2140974]) size=161 
write res=161 data=172.18.0.1 - - [10/Aug/2023:01:47:49 +0000] "POST /wp-content/plugins/really-sim 
times 
times 
poll fds=10:41 timeout=5000 
poll res=1 fds=10:41 
read fd=10(<4t>172.18.0.1:54410->172.18.0.3:80) size=8000 
read res=0 data= 
shutdown fd=10(<4t>172.18.0.1:54410->172.18.0.3:80) how=1(SHUT_WR) 
shutdown res=0 
poll fds=10:41 timeout=2000 
poll res=1 fds=10:421 
read fd=10(<4t>172.18.0.1:54410->172.18.0.3:80) size=512 
read res=0 data= 
close fd=10(<4t>172.18.0.1:54410->172.18.0.3:80) 
close res=0 
read fd=4(<p>pipe:[2139861]) size=1 
read res=-11(EAGAIN) data= 
accept flags=0 
accept fd=-512(ERESTARTSYS) tuple=NULL queuepct=0 queuelen=0 queuemax=511 
close fd=9 
close res=0 
accept fd=-512(ERESTARTSYS) tuple=NULL queuepct=0 queuelen=0 queuemax=511 
close fd=9 
close res=0 
accept fd=-512(ERESTARTSYS) tuple=NULL queuepct=0 queuelen=0 queuemax=511 
close fd=9 
close res=0 
munmap addr=7FA58A05F000 length=134217728 
munmap addr=7FA58A05F000 length=134217728 
munmap res=0 vm_size=252064 vm_rss=11000 vm_swap=0 
munmap res=0 vm_size=252064 vm_rss=11000 vm_swap=0 
close fd=8(<f>/tmp/.ZendSem.pMHK2J (deleted)) 
close fd=8(<f>/tmp/.ZendSem.pMHK2J (deleted)) 
close res=0 
close res=0 
munmap addr=7FA59205F000 length=2243784 
munmap addr=7FA59205F000 length=2243784 
munmap res=0 vm_size=249872 vm_rss=11084 vm_swap=0 
munmap res=0 vm_size=249872 vm_rss=11064 vm_swap=0 
munmap addr=7FA592721000 length=2517856 
munmap addr=7FA592721000 length=2517856 
munmap res=0 vm_size=247412 vm_rss=11104 vm_swap=0 
munmap addr=7FA5924EE000 length=2301968 
munmap res=0 vm_size=247412 vm_rss=11084 vm_swap=0 
munmap addr=7FA5924EE000 length=2301968 
munmap res=0 vm_size=245160 vm_rss=11076 vm_swap=0 
munmap addr=7FA592283000 length=2531352 
munmap res=0 vm_size=245160 vm_rss=11056 vm_swap=0 
munmap addr=7FA592283000 length=2531352 
munmap res=0 vm_size=242684 vm_rss=11048 vm_swap=0 
munmap res=0 vm_size=242684 vm_rss=11028 vm_swap=0 
munmap addr=7FA592988000 length=2584984 
munmap res=0 vm_size=240156 vm_rss=12780 vm_swap=0 
munmap addr=7FA5A13DE000 length=299008 
munmap res=0 vm_size=239864 vm_rss=12592 vm_swap=0 
munmap addr=7FA592C00000 length=2097152 
munmap res=0 vm_size=237816 vm_rss=10544 vm_swap=0 
munmap addr=7FA5A144C000 length=323584 
munmap addr=7FA58A05F000 length=134217728 
munmap res=0 vm_size=237500 vm_rss=10540 vm_swap=0 
munmap addr=7FA5A1436000 length=8192 
munmap res=0 vm_size=237492 vm_rss=10536 vm_swap=0 
munmap addr=7FA5A1430000 length=8192 
munmap res=0 vm_size=252284 vm_rss=11340 vm_swap=0 
munmap res=0 vm_size=237484 vm_rss=10532 vm_swap=0 
munmap addr=7FA5A1434000 length=8192 
munmap res=0 vm_size=237476 vm_rss=10528 vm_swap=0 
munmap addr=7FA5A1432000 length=8192 
munmap res=0 vm_size=237468 vm_rss=10524 vm_swap=0 
close fd=8(<f>/tmp/.ZendSem.pMHK2J (deleted)) 
close res=0 
close fd=5(<p>pipe:[2139861]) 
close res=0 
close fd=4(<p>pipe:[2139861]) 
close res=0 
futex addr=7FA59B1C98EC op=129(FUTEX_PRIVATE_FLAG|FUTEX_WAKE) val=2147483647 
futex res=0 
munmap addr=7FA59205F000 length=2243784 
munmap res=0 vm_size=250092 vm_rss=11424 vm_swap=0 
munmap addr=7FA592721000 length=2517856 
munmap res=0 vm_size=247632 vm_rss=11444 vm_swap=0 
munmap addr=7FA5924EE000 length=2301968 
munmap res=0 vm_size=245380 vm_rss=11416 vm_swap=0 
munmap addr=7FA592283000 length=2531352 
munmap res=0 vm_size=242904 vm_rss=11388 vm_swap=0 
accept fd=-512(ERESTARTSYS) tuple=NULL queuepct=0 queuelen=0 queuemax=511 
close fd=9 
close res=0 
exit_group 
munmap addr=7FA592988000 length=2584984 
munmap res=0 vm_size=240376 vm_rss=13140 vm_swap=0 
accept fd=-512(ERESTARTSYS) tuple=NULL queuepct=0 queuelen=0 queuemax=511 
close fd=9 
close res=0 
munmap addr=7FA58A05F000 length=134217728 
munmap res=0 vm_size=252476 vm_rss=13404 vm_swap=0 
close fd=8(<f>/tmp/.ZendSem.pMHK2J (deleted)) 
close res=0 
munmap addr=7FA59205F000 length=2243784 
munmap res=0 vm_size=250284 vm_rss=13320 vm_swap=0 
munmap addr=7FA592721000 length=2517856 
munmap res=0 vm_size=247824 vm_rss=13340 vm_swap=0 
munmap addr=7FA5924EE000 length=2301968 
munmap res=0 vm_size=245572 vm_rss=13312 vm_swap=0 
munmap addr=7FA592283000 length=2531352 
munmap res=0 vm_size=243096 vm_rss=13284 vm_swap=0 
munmap addr=7FA592988000 length=2584984 
munmap res=0 vm_size=240156 vm_rss=12784 vm_swap=0 
munmap addr=7FA5A13CE000 length=65536 
munmap res=0 vm_size=243032 vm_rss=14176 vm_swap=0 
brk addr=55B29D09C000 
munmap addr=7FA5A13DE000 length=299008 
brk res=55B29D09C000 vm_size=242828 vm_rss=14084 vm_swap=0 
munmap res=0 vm_size=239864 vm_rss=12596 vm_swap=0 
munmap addr=7FA592C00000 length=2097152 
munmap res=0 vm_size=237816 vm_rss=10548 vm_swap=0 
munmap addr=7FA5A144C000 length=323584 
munmap res=0 vm_size=237500 vm_rss=10544 vm_swap=0 
munmap addr=7FA5A1436000 length=8192 
munmap res=0 vm_size=237492 vm_rss=10540 vm_swap=0 
munmap addr=7FA5A1430000 length=8192 
munmap res=0 vm_size=237484 vm_rss=10536 vm_swap=0 
munmap addr=7FA5A1434000 length=8192 
munmap res=0 vm_size=237476 vm_rss=10532 vm_swap=0 
munmap addr=7FA5A1432000 length=8192 
munmap res=0 vm_size=237468 vm_rss=10528 vm_swap=0 
munmap addr=7FA5A13DE000 length=299008 
close fd=5(<p>pipe:[2139861]) 
close res=0 
close fd=4(<p>pipe:[2139861]) 
close res=0 
munmap res=0 vm_size=240084 vm_rss=12952 vm_swap=0 
munmap addr=7FA592C00000 length=2097152 
munmap addr=7FA592988000 length=2584984 
munmap res=0 vm_size=238036 vm_rss=10904 vm_swap=0 
munmap addr=7FA5A144C000 length=323584 
munmap res=0 vm_size=237720 vm_rss=10900 vm_swap=0 
munmap addr=7FA5A1436000 length=8192 
munmap res=0 vm_size=237712 vm_rss=10896 vm_swap=0 
munmap addr=7FA5A1430000 length=8192 
munmap res=0 vm_size=237704 vm_rss=10892 vm_swap=0 
munmap addr=7FA5A1434000 length=8192 
munmap res=0 vm_size=240300 vm_rss=13644 vm_swap=0 
munmap res=0 vm_size=237696 vm_rss=10888 vm_swap=0 
munmap addr=7FA5A1432000 length=8192 
munmap res=0 vm_size=237688 vm_rss=10884 vm_swap=0 
munmap addr=7FA5A13D6000 length=8192 
munmap res=0 vm_size=237680 vm_rss=10880 vm_swap=0 
munmap addr=7FA5A1428000 length=8192 
munmap res=0 vm_size=237672 vm_rss=10872 vm_swap=0 
munmap addr=7FA5A13D8000 length=8192 
munmap res=0 vm_size=237664 vm_rss=10864 vm_swap=0 
munmap addr=7FA5A142A000 length=8192 
munmap res=0 vm_size=237656 vm_rss=10856 vm_swap=0 
munmap addr=7FA5A142E000 length=8192 
munmap res=0 vm_size=237648 vm_rss=10848 vm_swap=0 
munmap addr=7FA5A13DA000 length=8192 
munmap res=0 vm_size=237640 vm_rss=10840 vm_swap=0 
munmap addr=7FA5A13DC000 length=8192 
munmap res=0 vm_size=237632 vm_rss=10832 vm_swap=0 
munmap addr=7FA5A142C000 length=8192 
munmap res=0 vm_size=237624 vm_rss=10824 vm_swap=0 
close fd=5(<p>pipe:[2139861]) 
close res=0 
close fd=4(<p>pipe:[2139861]) 
close res=0 
futex addr=7FA59B1C98EC op=129(FUTEX_PRIVATE_FLAG|FUTEX_WAKE) val=2147483647 
futex res=0 
futex addr=7FA59B1C98EC op=129(FUTEX_PRIVATE_FLAG|FUTEX_WAKE) val=2147483647 
futex res=0 
munmap addr=7FA5A13DE000 length=299008 
munmap res=0 vm_size=240008 vm_rss=13456 vm_swap=0 
munmap addr=7FA592C00000 length=2097152 
munmap res=0 vm_size=237960 vm_rss=11408 vm_swap=0 
munmap addr=7FA5A144C000 length=323584 
munmap res=0 vm_size=237644 vm_rss=11404 vm_swap=0 
munmap addr=7FA5A1436000 length=8192 
munmap res=0 vm_size=237636 vm_rss=11400 vm_swap=0 
munmap addr=7FA5A1430000 length=8192 
munmap res=0 vm_size=237628 vm_rss=11396 vm_swap=0 
munmap addr=7FA5A1434000 length=8192 
munmap res=0 vm_size=237620 vm_rss=11392 vm_swap=0 
munmap addr=7FA5A1432000 length=8192 
munmap res=0 vm_size=237612 vm_rss=11388 vm_swap=0 
munmap addr=7FA5A13CA000 length=8192 
munmap res=0 vm_size=237604 vm_rss=11384 vm_swap=0 
munmap addr=7FA5A142A000 length=8192 
munmap res=0 vm_size=237596 vm_rss=11376 vm_swap=0 
munmap addr=7FA5A1428000 length=8192 
munmap res=0 vm_size=237588 vm_rss=11368 vm_swap=0 
munmap addr=7FA5A142E000 length=8192 
munmap res=0 vm_size=237580 vm_rss=11360 vm_swap=0 
munmap addr=7FA5A142C000 length=8192 
munmap res=0 vm_size=237572 vm_rss=11356 vm_swap=0 
munmap addr=7FA5A13CC000 length=8192 
munmap res=0 vm_size=237564 vm_rss=11352 vm_swap=0 
munmap addr=7FA5A13C8000 length=8192 
munmap res=0 vm_size=237556 vm_rss=11348 vm_swap=0 
close fd=5(<p>pipe:[2139861]) 
close res=0 
close fd=4(<p>pipe:[2139861]) 
close res=0 
futex addr=7FA59B1C98EC op=129(FUTEX_PRIVATE_FLAG|FUTEX_WAKE) val=2147483647 
futex res=0 
munmap addr=7FA58A05F000 length=134217728 
munmap res=0 vm_size=252064 vm_rss=11000 vm_swap=0 
exit_group 
close fd=8(<f>/tmp/.ZendSem.pMHK2J (deleted)) 
close res=0 
munmap addr=7FA59205F000 length=2243784 
munmap res=0 vm_size=249872 vm_rss=11084 vm_swap=0 
munmap addr=7FA592721000 length=2517856 
munmap res=0 vm_size=247412 vm_rss=11104 vm_swap=0 
munmap addr=7FA5924EE000 length=2301968 
munmap res=0 vm_size=245160 vm_rss=11076 vm_swap=0 
munmap addr=7FA592283000 length=2531352 
munmap res=0 vm_size=242684 vm_rss=11048 vm_swap=0 
exit_group 
exit_group 
munmap addr=7FA592988000 length=2584984 
munmap res=0 vm_size=240156 vm_rss=12788 vm_swap=0 
munmap addr=7FA5A13DE000 length=299008 
munmap res=0 vm_size=239864 vm_rss=12600 vm_swap=0 
munmap addr=7FA592C00000 length=2097152 
munmap res=0 vm_size=237816 vm_rss=10552 vm_swap=0 
munmap addr=7FA5A144C000 length=323584 
munmap res=0 vm_size=237500 vm_rss=10548 vm_swap=0 
munmap addr=7FA5A1436000 length=8192 
munmap res=0 vm_size=237492 vm_rss=10544 vm_swap=0 
munmap addr=7FA5A1430000 length=8192 
munmap res=0 vm_size=237484 vm_rss=10540 vm_swap=0 
munmap addr=7FA5A1434000 length=8192 
munmap res=0 vm_size=237476 vm_rss=10536 vm_swap=0 
munmap addr=7FA5A1432000 length=8192 
munmap res=0 vm_size=237468 vm_rss=10532 vm_swap=0 
close fd=5(<p>pipe:[2139861]) 
close res=0 
close fd=4(<p>pipe:[2139861]) 
close res=0 
futex addr=7FA59B1C98EC op=129(FUTEX_PRIVATE_FLAG|FUTEX_WAKE) val=2147483647 
futex res=0 
exit_group 
