clone res=0 exe=apache2 args=-DFOREGROUND. tid=810627(apache2) pid=810010(apache2) ptid=809626(apache2) cwd= fdlimit=1048576 pgft_maj=0 pgft_min=0 vm_size=406860 vm_rss=53272 vm_swap=0 comm=apache2 cgroups=cpuset=/system.slice/docker-4d81cb26c66231747b04db742cd4f8fff01cc68354eaa9325... flags=578861571(CLONE_FILES|CLONE_FS|CLONE_PARENT_SETTID|CLONE_SIGHAND|CLONE_SYSVSEM|CLONE_THREAD|CLONE_VM|CLONE_CHILD_CLEARTID|CLONE_SETTLS) uid=33 gid=33 vtid=74 vpid=68 
set_robust_list 
set_robust_list 
getpid 
getpid 
mmap addr=0 length=134217728 prot=0(PROT_NONE) flags=74(MAP_PRIVATE|MAP_ANONYMOUS|MAP_NORESERVE) fd=-1(EPERM) offset=0 
mmap res=7F9F769FF000 vm_size=537932 vm_rss=53272 vm_swap=0 
munmap addr=7F9F769FF000 length=23072768 
munmap res=0 vm_size=515400 vm_rss=53272 vm_swap=0 
munmap addr=7F9F7C000000 length=44036096 
munmap res=0 vm_size=472396 vm_rss=53272 vm_swap=0 
mprotect 
mprotect 
open 
open fd=13(<f>/etc/resolv.conf) name=/etc/resolv.conf flags=4097(O_RDONLY|O_CLOEXEC) mode=0 dev=34 
fstat fd=13(<f>/etc/resolv.conf) 
fstat res=0 
read fd=13(<f>/etc/resolv.conf) size=1024 
read res=53 data=nameserver 127.0.0.11.options edns0 trust-ad ndots:0. 
read fd=13(<f>/etc/resolv.conf) size=1024 
read res=0 data= 
close fd=13(<f>/etc/resolv.conf) 
close res=0 
uname 
uname 
open 
open fd=13(<f>/etc/hosts) name=/etc/hosts flags=4097(O_RDONLY|O_CLOEXEC) mode=0 dev=34 
fstat fd=13(<f>/etc/hosts) 
fstat res=0 
read fd=13(<f>/etc/hosts) size=512 
read res=174 data=127.0.0.1.localhost.::1.localhost ip6-localhost ip6-loopback.fe00::0.ip6-localne 
read fd=13(<f>/etc/hosts) size=512 
read res=0 data= 
close fd=13(<f>/etc/hosts) 
close res=0 
open 
open fd=13(<f>/etc/gai.conf) name=/etc/gai.conf flags=4097(O_RDONLY|O_CLOEXEC) mode=0 dev=61 
fstat fd=13(<f>/etc/gai.conf) 
fstat res=0 
fstat fd=13(<f>/etc/gai.conf) 
fstat res=0 
read fd=13(<f>/etc/gai.conf) size=3072 
read res=2584 data=# Configuration for getaddrinfo(3)..#.# So far only configuration for the destin 
read fd=13(<f>/etc/gai.conf) size=3072 
read res=0 data= 
close fd=13(<f>/etc/gai.conf) 
close res=0 
futex addr=7F9F96BE1EE4 op=129(FUTEX_PRIVATE_FLAG|FUTEX_WAKE) val=2147483647 
futex res=0 
socket domain=16(AF_ROUTE) type=3 proto=0 
socket fd=13(<n>) 
bind fd=13(<n>) 
bind res=0 addr=NULL 
getsockname 
getsockname 
sendto fd=13(<n>) size=20 tuple=NULL 
sendto res=20 data=........kA.d........ 
recvmsg fd=13(<n>) 
recvmsg res=164 size=164 data=L.......kA.dD...............................lo......................;s6.;s6.X... tuple=NULL 
recvmsg fd=13(<n>) 
recvmsg res=20 size=20 data=........kA.dD....... tuple=NULL 
close fd=13(<n>) 
close res=0 
socket domain=2(AF_INET) type=2 proto=0 
socket fd=13(<4>) 
connect fd=13(<4>) 
connect res=0 tuple=127.0.0.1:50811->127.0.0.1:9000 
getsockname 
getsockname 
close fd=13(<4u>127.0.0.1:50811->127.0.0.1:9000) 
close res=0 
socket domain=10(AF_INET6) type=2 proto=0 
socket fd=13(<6>) 
connect fd=13(<6>) 
connect res=-99(EADDRNOTAVAIL) tuple=:::38385->::1:9000 
close fd=13(<6>) 
close res=0 
madvise 
madvise 
exit 
accept fd=10(<4t>172.18.0.1:45994->172.18.0.3:80) tuple=172.18.0.1:45994->172.18.0.3:80 queuepct=0 queuelen=0 queuemax=511 
getsockname 
getsockname 
fcntl fd=10(<4t>172.18.0.1:45994->172.18.0.3:80) cmd=4(F_GETFL) 
fcntl res=2(<p>pipe:[2122002]) 
fcntl fd=10(<4t>172.18.0.1:45994->172.18.0.3:80) cmd=5(F_SETFL) 
fcntl res=0(<f>/dev/null) 
mmap addr=0 length=8192 prot=3(PROT_READ|PROT_WRITE) flags=10(MAP_PRIVATE|MAP_ANONYMOUS) fd=-1(EPERM) offset=0 
mmap res=7F9F975BD000 vm_size=383144 vm_rss=9008 vm_swap=0 
mmap addr=0 length=8192 prot=3(PROT_READ|PROT_WRITE) flags=10(MAP_PRIVATE|MAP_ANONYMOUS) fd=-1(EPERM) offset=0 
mmap res=7F9F975BB000 vm_size=383152 vm_rss=9008 vm_swap=0 
read fd=10(<4t>172.18.0.1:45994->172.18.0.3:80) size=8000 
read res=800 data=GET /wp-includes/js/jquery/ui/core.min.js?ver=1.11.4 HTTP/1.1..Host: localhost:9 
stat 
stat res=0 path=/var/www/html/wp-includes/js/jquery/ui/core.min.js 
mmap addr=0 length=8192 prot=3(PROT_READ|PROT_WRITE) flags=10(MAP_PRIVATE|MAP_ANONYMOUS) fd=-1(EPERM) offset=0 
mmap res=7F9F975B9000 vm_size=383160 vm_rss=9008 vm_swap=0 
open 
open fd=-2(ENOENT) name=/var/www/.htaccess flags=4097(O_RDONLY|O_CLOEXEC) mode=0 dev=0 
open 
open fd=11(<f>/var/www/html/.htaccess) name=/var/www/html/.htaccess flags=4097(O_RDONLY|O_CLOEXEC) mode=0 dev=34 
fstat fd=11(<f>/var/www/html/.htaccess) 
fstat res=0 
read fd=11(<f>/var/www/html/.htaccess) size=4096 
read res=234 data=# BEGIN WordPress.<IfModule mod_rewrite.c>.RewriteEngine On.RewriteBase /.Rewrit 
read fd=11(<f>/var/www/html/.htaccess) size=4096 
read res=0 data= 
close fd=11(<f>/var/www/html/.htaccess) 
close res=0 
open 
open fd=-2(ENOENT) name=/var/www/html/wp-includes/.htaccess flags=4097(O_RDONLY|O_CLOEXEC) mode=0 dev=0 
open 
open fd=-2(ENOENT) name=/var/www/html/wp-includes/js/.htaccess flags=4097(O_RDONLY|O_CLOEXEC) mode=0 dev=0 
open 
open fd=-2(ENOENT) name=/var/www/html/wp-includes/js/jquery/.htaccess flags=4097(O_RDONLY|O_CLOEXEC) mode=0 dev=0 
open 
open fd=-2(ENOENT) name=/var/www/html/wp-includes/js/jquery/ui/.htaccess flags=4097(O_RDONLY|O_CLOEXEC) mode=0 dev=0 
mmap addr=0 length=8192 prot=3(PROT_READ|PROT_WRITE) flags=10(MAP_PRIVATE|MAP_ANONYMOUS) fd=-1(EPERM) offset=0 
mmap res=7F9F975B7000 vm_size=383168 vm_rss=9008 vm_swap=0 
open 
open fd=-20(ENOTDIR) name=/var/www/html/wp-includes/js/jquery/ui/core.min.js/.htaccess flags=4097(O_RDONLY|O_CLOEXEC) mode=0 dev=0 
stat 
stat res=0 path=/var/www/html/wp-includes/js/jquery/ui/core.min.js 
open 
open fd=11(<f>/var/www/html/wp-includes/js/jquery/ui/core.min.js) name=/var/www/html/wp-includes/js/jquery/ui/core.min.js flags=4097(O_RDONLY|O_CLOEXEC) mode=0 dev=34 
mmap addr=0 length=4000 prot=1(PROT_READ) flags=1(MAP_SHARED) fd=11(<f>/var/www/html/wp-includes/js/jquery/ui/core.min.js) offset=0 
mmap res=7F9F975B6000 vm_size=383172 vm_rss=9008 vm_swap=0 
mmap addr=0 length=8192 prot=3(PROT_READ|PROT_WRITE) flags=10(MAP_PRIVATE|MAP_ANONYMOUS) fd=-1(EPERM) offset=0 
mmap res=7F9F9756B000 vm_size=383180 vm_rss=9008 vm_swap=0 
brk addr=55A47A2F1000 
brk res=55A47A2F1000 vm_size=383336 vm_rss=9008 vm_swap=0 
brk addr=55A47A321000 
brk res=55A47A321000 vm_size=383528 vm_rss=10040 vm_swap=0 
munmap addr=7F9F975B6000 length=4000 
munmap res=0 vm_size=383524 vm_rss=10228 vm_swap=0 
mmap addr=0 length=8192 prot=3(PROT_READ|PROT_WRITE) flags=10(MAP_PRIVATE|MAP_ANONYMOUS) fd=-1(EPERM) offset=0 
mmap res=7F9F97569000 vm_size=383532 vm_rss=10228 vm_swap=0 
brk addr=55A47A2F1000 
brk res=55A47A2F1000 vm_size=383340 vm_rss=10148 vm_swap=0 
mmap addr=0 length=8192 prot=3(PROT_READ|PROT_WRITE) flags=10(MAP_PRIVATE|MAP_ANONYMOUS) fd=-1(EPERM) offset=0 
mmap res=7F9F97567000 vm_size=383348 vm_rss=10148 vm_swap=0 
mmap addr=0 length=8192 prot=3(PROT_READ|PROT_WRITE) flags=10(MAP_PRIVATE|MAP_ANONYMOUS) fd=-1(EPERM) offset=0 
mmap res=7F9F97565000 vm_size=383356 vm_rss=10148 vm_swap=0 
read fd=10(<4t>172.18.0.1:45994->172.18.0.3:80) size=8000 
read res=-11(EAGAIN) data= 
writev fd=10(<4t>172.18.0.1:45994->172.18.0.3:80) size=2172 
writev res=2172 data=HTTP/1.1 200 OK..Date: Thu, 10 Aug 2023 01:46:19 GMT..Server: Apache/2.4.25 (Deb 
write fd=7(<p>pipe:[2122001]) size=213 
write res=213 data=172.18.0.1 - - [10/Aug/2023:01:46:19 +0000] "GET /wp-includes/js/jquery/ui/core. 
times 
times 
close fd=11(<f>/var/www/html/wp-includes/js/jquery/ui/core.min.js) 
close res=0 
poll fds=10:41 timeout=5000 
poll res=1 fds=10:41 
read fd=10(<4t>172.18.0.1:45994->172.18.0.3:80) size=8000 
read res=802 data=GET /wp-includes/js/jquery/ui/slider.min.js?ver=1.11.4 HTTP/1.1..Host: localhost 
stat 
stat res=0 path=/var/www/html/wp-includes/js/jquery/ui/slider.min.js 
open 
open fd=-2(ENOENT) name=/var/www/.htaccess flags=4097(O_RDONLY|O_CLOEXEC) mode=0 dev=0 
open 
open fd=11(<f>/var/www/html/.htaccess) name=/var/www/html/.htaccess flags=4097(O_RDONLY|O_CLOEXEC) mode=0 dev=34 
fstat fd=11(<f>/var/www/html/.htaccess) 
fstat res=0 
read fd=11(<f>/var/www/html/.htaccess) size=4096 
read res=234 data=# BEGIN WordPress.<IfModule mod_rewrite.c>.RewriteEngine On.RewriteBase /.Rewrit 
read fd=11(<f>/var/www/html/.htaccess) size=4096 
read res=0 data= 
close fd=11(<f>/var/www/html/.htaccess) 
close res=0 
open 
open fd=-2(ENOENT) name=/var/www/html/wp-includes/.htaccess flags=4097(O_RDONLY|O_CLOEXEC) mode=0 dev=0 
open 
open fd=-2(ENOENT) name=/var/www/html/wp-includes/js/.htaccess flags=4097(O_RDONLY|O_CLOEXEC) mode=0 dev=0 
open 
open fd=-2(ENOENT) name=/var/www/html/wp-includes/js/jquery/.htaccess flags=4097(O_RDONLY|O_CLOEXEC) mode=0 dev=0 
open 
open fd=-2(ENOENT) name=/var/www/html/wp-includes/js/jquery/ui/.htaccess flags=4097(O_RDONLY|O_CLOEXEC) mode=0 dev=0 
open 
open fd=-20(ENOTDIR) name=/var/www/html/wp-includes/js/jquery/ui/slider.min.js/.htaccess flags=4097(O_RDONLY|O_CLOEXEC) mode=0 dev=0 
stat 
stat res=0 path=/var/www/html/wp-includes/js/jquery/ui/slider.min.js 
open 
open fd=11(<f>/var/www/html/wp-includes/js/jquery/ui/slider.min.js) name=/var/www/html/wp-includes/js/jquery/ui/slider.min.js flags=4097(O_RDONLY|O_CLOEXEC) mode=0 dev=34 
mmap addr=0 length=10987 prot=1(PROT_READ) flags=1(MAP_SHARED) fd=11(<f>/var/www/html/wp-includes/js/jquery/ui/slider.min.js) offset=0 
mmap res=7F9F97562000 vm_size=383368 vm_rss=10148 vm_swap=0 
brk addr=55A47A321000 
brk res=55A47A321000 vm_size=383560 vm_rss=10148 vm_swap=0 
munmap addr=7F9F97562000 length=10987 
munmap res=0 vm_size=383548 vm_rss=10304 vm_swap=0 
brk addr=55A47A2F1000 
brk res=55A47A2F1000 vm_size=383356 vm_rss=10216 vm_swap=0 
read fd=10(<4t>172.18.0.1:45994->172.18.0.3:80) size=8000 
read res=-11(EAGAIN) data= 
writev fd=10(<4t>172.18.0.1:45994->172.18.0.3:80) size=3444 
writev res=3444 data=HTTP/1.1 200 OK..Date: Thu, 10 Aug 2023 01:46:19 GMT..Server: Apache/2.4.25 (Deb 
write fd=7(<p>pipe:[2122001]) size=215 
write res=215 data=172.18.0.1 - - [10/Aug/2023:01:46:19 +0000] "GET /wp-includes/js/jquery/ui/slide 
times 
times 
close fd=11(<f>/var/www/html/wp-includes/js/jquery/ui/slider.min.js) 
close res=0 
poll fds=10:41 timeout=5000 
poll res=1 fds=10:41 
read fd=10(<4t>172.18.0.1:45994->172.18.0.3:80) size=8000 
read res=809 data=GET /wp-includes/js/jquery/jquery.ui.touch-punch.js?ver=0.2.2 HTTP/1.1..Host: lo 
stat 
stat res=0 path=/var/www/html/wp-includes/js/jquery/jquery.ui.touch-punch.js 
open 
open fd=-2(ENOENT) name=/var/www/.htaccess flags=4097(O_RDONLY|O_CLOEXEC) mode=0 dev=0 
open 
open fd=11(<f>/var/www/html/.htaccess) name=/var/www/html/.htaccess flags=4097(O_RDONLY|O_CLOEXEC) mode=0 dev=34 
fstat fd=11(<f>/var/www/html/.htaccess) 
fstat res=0 
read fd=11(<f>/var/www/html/.htaccess) size=4096 
read res=234 data=# BEGIN WordPress.<IfModule mod_rewrite.c>.RewriteEngine On.RewriteBase /.Rewrit 
read fd=11(<f>/var/www/html/.htaccess) size=4096 
read res=0 data= 
close fd=11(<f>/var/www/html/.htaccess) 
close res=0 
open 
open fd=-2(ENOENT) name=/var/www/html/wp-includes/.htaccess flags=4097(O_RDONLY|O_CLOEXEC) mode=0 dev=0 
open 
open fd=-2(ENOENT) name=/var/www/html/wp-includes/js/.htaccess flags=4097(O_RDONLY|O_CLOEXEC) mode=0 dev=0 
open 
open fd=-2(ENOENT) name=/var/www/html/wp-includes/js/jquery/.htaccess flags=4097(O_RDONLY|O_CLOEXEC) mode=0 dev=0 
open 
open fd=-20(ENOTDIR) name=/var/www/html/wp-includes/js/jquery/jquery.ui.touch-punch.js/.htaccess flags=4097(O_RDONLY|O_CLOEXEC) mode=0 dev=0 
stat 
stat res=0 path=/var/www/html/wp-includes/js/jquery/jquery.ui.touch-punch.js 
open 
open fd=11(<f>/var/www/html/wp-includes/js/jquery/jquery.ui.touch-punch.js) name=/var/www/html/wp-includes/js/jquery/jquery.ui.touch-punch.js flags=4097(O_RDONLY|O_CLOEXEC) mode=0 dev=34 
mmap addr=0 length=1179 prot=1(PROT_READ) flags=1(MAP_SHARED) fd=11(<f>/var/www/html/wp-includes/js/jquery/jquery.ui.touch-punch.js) offset=0 
mmap res=7F9F975B6000 vm_size=383360 vm_rss=10216 vm_swap=0 
brk addr=55A47A321000 
brk res=55A47A321000 vm_size=383552 vm_rss=10216 vm_swap=0 
munmap addr=7F9F975B6000 length=1179 
munmap res=0 vm_size=383548 vm_rss=10304 vm_swap=0 
brk addr=55A47A2F1000 
brk res=55A47A2F1000 vm_size=383356 vm_rss=10220 vm_swap=0 
read fd=10(<4t>172.18.0.1:45994->172.18.0.3:80) size=8000 
read res=-11(EAGAIN) data= 
writev fd=10(<4t>172.18.0.1:45994->172.18.0.3:80) size=934 
writev res=934 data=HTTP/1.1 200 OK..Date: Thu, 10 Aug 2023 01:46:19 GMT..Server: Apache/2.4.25 (Deb 
write fd=7(<p>pipe:[2122001]) size=221 
write res=221 data=172.18.0.1 - - [10/Aug/2023:01:46:19 +0000] "GET /wp-includes/js/jquery/jquery.u 
times 
times 
close fd=11(<f>/var/www/html/wp-includes/js/jquery/jquery.ui.touch-punch.js) 
close res=0 
poll fds=10:41 timeout=5000 
poll res=1 fds=10:41 
read fd=10(<4t>172.18.0.1:45994->172.18.0.3:80) size=8000 
read res=983 data=GET /wp-content/plugins/simple-file-list/js/ee-footer.js?ver=2 HTTP/1.1..Host: l 
stat 
stat res=0 path=/var/www/html/wp-content/plugins/simple-file-list/js/ee-footer.js 
open 
open fd=-2(ENOENT) name=/var/www/.htaccess flags=4097(O_RDONLY|O_CLOEXEC) mode=0 dev=0 
open 
open fd=11(<f>/var/www/html/.htaccess) name=/var/www/html/.htaccess flags=4097(O_RDONLY|O_CLOEXEC) mode=0 dev=34 
fstat fd=11(<f>/var/www/html/.htaccess) 
fstat res=0 
read fd=11(<f>/var/www/html/.htaccess) size=4096 
read res=234 data=# BEGIN WordPress.<IfModule mod_rewrite.c>.RewriteEngine On.RewriteBase /.Rewrit 
read fd=11(<f>/var/www/html/.htaccess) size=4096 
read res=0 data= 
close fd=11(<f>/var/www/html/.htaccess) 
close res=0 
open 
open fd=-2(ENOENT) name=/var/www/html/wp-content/.htaccess flags=4097(O_RDONLY|O_CLOEXEC) mode=0 dev=0 
open 
open fd=-2(ENOENT) name=/var/www/html/wp-content/plugins/.htaccess flags=4097(O_RDONLY|O_CLOEXEC) mode=0 dev=0 
open 
open fd=-2(ENOENT) name=/var/www/html/wp-content/plugins/simple-file-list/.htaccess flags=4097(O_RDONLY|O_CLOEXEC) mode=0 dev=0 
open 
open fd=-2(ENOENT) name=/var/www/html/wp-content/plugins/simple-file-list/js/.htaccess flags=4097(O_RDONLY|O_CLOEXEC) mode=0 dev=0 
open 
open fd=-20(ENOTDIR) name=/var/www/html/wp-content/plugins/simple-file-list/js/ee-footer.js/.htaccess flags=4097(O_RDONLY|O_CLOEXEC) mode=0 dev=0 
stat 
stat res=0 path=/var/www/html/wp-content/plugins/simple-file-list/js/ee-footer.js 
open 
open fd=11(<f>/var/www/html/wp-content/plugins/simple-file-list/js/ee-footer.js) name=/var/www/html/wp-content/plugins/simple-file-list/js/ee-footer.js flags=4097(O_RDONLY|O_CLOEXEC) mode=0 dev=34 
mmap addr=0 length=8824 prot=1(PROT_READ) flags=1(MAP_SHARED) fd=11(<f>/var/www/html/wp-content/plugins/simple-file-list/js/ee-footer.js) offset=0 
mmap res=7F9F97562000 vm_size=383368 vm_rss=10220 vm_swap=0 
brk addr=55A47A321000 
brk res=55A47A321000 vm_size=383560 vm_rss=10220 vm_swap=0 
munmap addr=7F9F97562000 length=8824 
munmap res=0 vm_size=383548 vm_rss=10308 vm_swap=0 
brk addr=55A47A2F1000 
brk res=55A47A2F1000 vm_size=383356 vm_rss=10224 vm_swap=0 
read fd=10(<4t>172.18.0.1:45994->172.18.0.3:80) size=8000 
read res=-11(EAGAIN) data= 
writev fd=10(<4t>172.18.0.1:45994->172.18.0.3:80) size=2677 
writev res=2677 data=HTTP/1.1 200 OK..Date: Thu, 10 Aug 2023 01:46:19 GMT..Server: Apache/2.4.25 (Deb 
write fd=7(<p>pipe:[2122001]) size=223 
write res=223 data=172.18.0.1 - - [10/Aug/2023:01:46:19 +0000] "GET /wp-content/plugins/simple-file 
times 
times 
close fd=11(<f>/var/www/html/wp-content/plugins/simple-file-list/js/ee-footer.js) 
close res=0 
poll fds=10:41 timeout=5000 
clone res=0 exe=apache2 args=-DFOREGROUND. tid=810630(apache2) pid=810630(apache2) ptid=809626(apache2) cwd= fdlimit=1048576 pgft_maj=0 pgft_min=1 vm_size=383104 vm_rss=7640 vm_swap=0 comm=apache2 cgroups=cpuset=/system.slice/docker-4d81cb26c66231747b04db742cd4f8fff01cc68354eaa9325... flags=562036736(CLONE_CHILD_CLEARTID|CLONE_CHILD_SETTID) uid=0 gid=0 vtid=75 vpid=75 
set_robust_list 
set_robust_list 
rt_sigaction 
rt_sigaction 
rt_sigaction 
rt_sigaction 
rt_sigaction 
rt_sigaction 
getpid 
getpid 
getpid 
getpid 
mmap addr=0 length=8192 prot=3(PROT_READ|PROT_WRITE) flags=10(MAP_PRIVATE|MAP_ANONYMOUS) fd=-1(EPERM) offset=0 
mmap res=7F9F975C5000 vm_size=383112 vm_rss=7640 vm_swap=0 
mmap addr=0 length=8192 prot=3(PROT_READ|PROT_WRITE) flags=10(MAP_PRIVATE|MAP_ANONYMOUS) fd=-1(EPERM) offset=0 
mmap res=7F9F975C3000 vm_size=383120 vm_rss=7640 vm_swap=0 
geteuid 
geteuid euid=0(root) 
setgid gid=33(www-data) 
setgid res=0 
open 
open fd=9(<f>/proc/sys/kernel/ngroups_max) name=/proc/sys/kernel/ngroups_max flags=1(O_RDONLY) mode=0 dev=63 
read fd=9(<f>/proc/sys/kernel/ngroups_max) size=31 
read res=6 data=65536. 
close fd=9(<f>/proc/sys/kernel/ngroups_max) 
close res=0 
open 
open fd=9(<f>/etc/group) name=/etc/group flags=4097(O_RDONLY|O_CLOEXEC) mode=0 dev=61 
lseek fd=9(<f>/etc/group) offset=0 whence=1(SEEK_CUR) 
lseek res=0 
fstat fd=9(<f>/etc/group) 
fstat res=0 
mmap addr=0 length=446 prot=1(PROT_READ) flags=1(MAP_SHARED) fd=9(<f>/etc/group) offset=0 
mmap res=7F9F975C2000 vm_size=383124 vm_rss=7640 vm_swap=0 
lseek fd=9(<f>/etc/group) offset=446 whence=0(SEEK_SET) 
lseek res=446 
fstat fd=9(<f>/etc/group) 
fstat res=0 
munmap addr=7F9F975C2000 length=446 
munmap res=0 vm_size=383120 vm_rss=9032 vm_swap=0 
close fd=9(<f>/etc/group) 
close res=0 
setgroups 
setgroups 
geteuid 
geteuid euid=0(root) 
setuid uid=33(www-data) 
setuid res=0 
getpid 
getpid 
rt_sigaction 
rt_sigaction 
rt_sigaction 
rt_sigaction 
rt_sigaction 
rt_sigaction 
rt_sigaction 
rt_sigaction 
rt_sigaction 
rt_sigaction 
rt_sigaction 
rt_sigaction 
rt_sigaction 
rt_sigaction 
rt_sigaction 
rt_sigaction 
rt_sigaction 
rt_sigaction 
rt_sigaction 
rt_sigaction 
rt_sigaction 
rt_sigaction 
rt_sigaction 
rt_sigaction 
rt_sigaction 
rt_sigaction 
rt_sigaction 
rt_sigaction 
rt_sigaction 
rt_sigaction 
rt_sigaction 
rt_sigaction 
rt_sigaction 
rt_sigaction 
rt_sigaction 
rt_sigaction 
rt_sigaction 
rt_sigaction 
rt_sigaction 
rt_sigaction 
rt_sigaction 
rt_sigaction 
rt_sigaction 
rt_sigaction 
rt_sigaction 
rt_sigaction 
rt_sigaction 
rt_sigaction 
rt_sigaction 
rt_sigaction 
rt_sigaction 
rt_sigaction 
rt_sigaction 
rt_sigaction 
rt_sigaction 
rt_sigaction 
rt_sigaction 
rt_sigaction 
rt_sigaction 
rt_sigaction 
rt_sigaction 
rt_sigaction 
rt_sigaction 
rt_sigaction 
rt_sigaction 
rt_sigaction 
rt_sigaction 
rt_sigaction 
rt_sigaction 
rt_sigaction 
rt_sigaction 
rt_sigaction 
rt_sigaction 
rt_sigaction 
rt_sigaction 
rt_sigaction 
rt_sigaction 
rt_sigaction 
rt_sigaction 
rt_sigaction 
rt_sigaction 
rt_sigaction 
rt_sigaction 
rt_sigaction 
rt_sigaction 
rt_sigaction 
rt_sigaction 
rt_sigaction 
rt_sigaction 
rt_sigaction 
rt_sigaction 
rt_sigaction 
rt_sigaction 
rt_sigaction 
rt_sigaction 
rt_sigaction 
rt_sigaction 
rt_sigaction 
rt_sigaction 
rt_sigaction 
rt_sigaction 
rt_sigaction 
rt_sigaction 
rt_sigaction 
rt_sigaction 
rt_sigaction 
rt_sigaction 
rt_sigaction 
rt_sigaction 
rt_sigaction 
rt_sigaction 
rt_sigaction 
rt_sigaction 
rt_sigaction 
rt_sigaction 
rt_sigaction 
rt_sigaction 
rt_sigaction 
rt_sigaction 
rt_sigaction 
rt_sigaction 
rt_sigaction 
rt_sigaction 
rt_sigaction 
mmap addr=0 length=8192 prot=3(PROT_READ|PROT_WRITE) flags=10(MAP_PRIVATE|MAP_ANONYMOUS) fd=-1(EPERM) offset=0 
mmap res=7F9F975C1000 vm_size=383128 vm_rss=9032 vm_swap=0 
getpid 
getpid 
epoll_create1 
epoll_create1 
epoll_ctl 
epoll_ctl 
mmap addr=0 length=8192 prot=3(PROT_READ|PROT_WRITE) flags=10(MAP_PRIVATE|MAP_ANONYMOUS) fd=-1(EPERM) offset=0 
mmap res=7F9F975BF000 vm_size=383136 vm_rss=9032 vm_swap=0 
accept flags=0 
clone res=0 exe=apache2 args=-DFOREGROUND. tid=810631(apache2) pid=810631(apache2) ptid=809626(apache2) cwd= fdlimit=1048576 pgft_maj=0 pgft_min=1 vm_size=383104 vm_rss=7640 vm_swap=0 comm=apache2 cgroups=cpuset=/system.slice/docker-4d81cb26c66231747b04db742cd4f8fff01cc68354eaa9325... flags=562036736(CLONE_CHILD_CLEARTID|CLONE_CHILD_SETTID) uid=0 gid=0 vtid=76 vpid=76 
set_robust_list 
set_robust_list 
rt_sigaction 
rt_sigaction 
rt_sigaction 
rt_sigaction 
rt_sigaction 
rt_sigaction 
getpid 
getpid 
getpid 
getpid 
mmap addr=0 length=8192 prot=3(PROT_READ|PROT_WRITE) flags=10(MAP_PRIVATE|MAP_ANONYMOUS) fd=-1(EPERM) offset=0 
mmap res=7F9F975C5000 vm_size=383112 vm_rss=7640 vm_swap=0 
mmap addr=0 length=8192 prot=3(PROT_READ|PROT_WRITE) flags=10(MAP_PRIVATE|MAP_ANONYMOUS) fd=-1(EPERM) offset=0 
mmap res=7F9F975C3000 vm_size=383120 vm_rss=7640 vm_swap=0 
geteuid 
geteuid euid=0(root) 
setgid gid=33(www-data) 
setgid res=0 
open 
open fd=9(<f>/proc/sys/kernel/ngroups_max) name=/proc/sys/kernel/ngroups_max flags=1(O_RDONLY) mode=0 dev=63 
read fd=9(<f>/proc/sys/kernel/ngroups_max) size=31 
read res=6 data=65536. 
close fd=9(<f>/proc/sys/kernel/ngroups_max) 
close res=0 
open 
open fd=9(<f>/etc/group) name=/etc/group flags=4097(O_RDONLY|O_CLOEXEC) mode=0 dev=61 
lseek fd=9(<f>/etc/group) offset=0 whence=1(SEEK_CUR) 
lseek res=0 
fstat fd=9(<f>/etc/group) 
fstat res=0 
mmap addr=0 length=446 prot=1(PROT_READ) flags=1(MAP_SHARED) fd=9(<f>/etc/group) offset=0 
mmap res=7F9F975C2000 vm_size=383124 vm_rss=7640 vm_swap=0 
lseek fd=9(<f>/etc/group) offset=446 whence=0(SEEK_SET) 
lseek res=446 
fstat fd=9(<f>/etc/group) 
fstat res=0 
munmap addr=7F9F975C2000 length=446 
munmap res=0 vm_size=383120 vm_rss=9032 vm_swap=0 
close fd=9(<f>/etc/group) 
close res=0 
setgroups 
setgroups 
geteuid 
geteuid euid=0(root) 
setuid uid=33(www-data) 
setuid res=0 
getpid 
getpid 
rt_sigaction 
rt_sigaction 
rt_sigaction 
rt_sigaction 
rt_sigaction 
rt_sigaction 
rt_sigaction 
rt_sigaction 
rt_sigaction 
rt_sigaction 
rt_sigaction 
rt_sigaction 
rt_sigaction 
rt_sigaction 
rt_sigaction 
rt_sigaction 
rt_sigaction 
rt_sigaction 
rt_sigaction 
rt_sigaction 
rt_sigaction 
rt_sigaction 
rt_sigaction 
rt_sigaction 
rt_sigaction 
rt_sigaction 
rt_sigaction 
rt_sigaction 
rt_sigaction 
rt_sigaction 
rt_sigaction 
rt_sigaction 
rt_sigaction 
rt_sigaction 
rt_sigaction 
rt_sigaction 
rt_sigaction 
rt_sigaction 
rt_sigaction 
rt_sigaction 
rt_sigaction 
rt_sigaction 
rt_sigaction 
rt_sigaction 
rt_sigaction 
rt_sigaction 
rt_sigaction 
rt_sigaction 
rt_sigaction 
rt_sigaction 
rt_sigaction 
rt_sigaction 
rt_sigaction 
rt_sigaction 
rt_sigaction 
rt_sigaction 
rt_sigaction 
rt_sigaction 
rt_sigaction 
rt_sigaction 
rt_sigaction 
rt_sigaction 
rt_sigaction 
rt_sigaction 
rt_sigaction 
rt_sigaction 
rt_sigaction 
rt_sigaction 
rt_sigaction 
rt_sigaction 
rt_sigaction 
rt_sigaction 
rt_sigaction 
rt_sigaction 
rt_sigaction 
rt_sigaction 
rt_sigaction 
rt_sigaction 
rt_sigaction 
rt_sigaction 
rt_sigaction 
rt_sigaction 
rt_sigaction 
rt_sigaction 
rt_sigaction 
rt_sigaction 
rt_sigaction 
rt_sigaction 
rt_sigaction 
rt_sigaction 
rt_sigaction 
rt_sigaction 
rt_sigaction 
rt_sigaction 
rt_sigaction 
rt_sigaction 
rt_sigaction 
rt_sigaction 
rt_sigaction 
rt_sigaction 
rt_sigaction 
rt_sigaction 
rt_sigaction 
rt_sigaction 
rt_sigaction 
rt_sigaction 
rt_sigaction 
rt_sigaction 
rt_sigaction 
rt_sigaction 
rt_sigaction 
rt_sigaction 
rt_sigaction 
rt_sigaction 
rt_sigaction 
rt_sigaction 
rt_sigaction 
rt_sigaction 
rt_sigaction 
rt_sigaction 
rt_sigaction 
rt_sigaction 
rt_sigaction 
rt_sigaction 
mmap addr=0 length=8192 prot=3(PROT_READ|PROT_WRITE) flags=10(MAP_PRIVATE|MAP_ANONYMOUS) fd=-1(EPERM) offset=0 
mmap res=7F9F975C1000 vm_size=383128 vm_rss=9032 vm_swap=0 
getpid 
getpid 
epoll_create1 
epoll_create1 
epoll_ctl 
epoll_ctl 
mmap addr=0 length=8192 prot=3(PROT_READ|PROT_WRITE) flags=10(MAP_PRIVATE|MAP_ANONYMOUS) fd=-1(EPERM) offset=0 
mmap res=7F9F975BF000 vm_size=383136 vm_rss=9032 vm_swap=0 
accept flags=0 
clone res=0 exe=apache2 args=-DFOREGROUND. tid=810642(apache2) pid=810642(apache2) ptid=809626(apache2) cwd= fdlimit=1048576 pgft_maj=0 pgft_min=1 vm_size=383104 vm_rss=7640 vm_swap=0 comm=apache2 cgroups=cpuset=/system.slice/docker-4d81cb26c66231747b04db742cd4f8fff01cc68354eaa9325... flags=562036736(CLONE_CHILD_CLEARTID|CLONE_CHILD_SETTID) uid=0 gid=0 vtid=77 vpid=77 
set_robust_list 
set_robust_list 
rt_sigaction 
rt_sigaction 
rt_sigaction 
rt_sigaction 
rt_sigaction 
rt_sigaction 
getpid 
getpid 
getpid 
getpid 
mmap addr=0 length=8192 prot=3(PROT_READ|PROT_WRITE) flags=10(MAP_PRIVATE|MAP_ANONYMOUS) fd=-1(EPERM) offset=0 
mmap res=7F9F975C5000 vm_size=383112 vm_rss=7640 vm_swap=0 
mmap addr=0 length=8192 prot=3(PROT_READ|PROT_WRITE) flags=10(MAP_PRIVATE|MAP_ANONYMOUS) fd=-1(EPERM) offset=0 
mmap res=7F9F975C3000 vm_size=383120 vm_rss=7640 vm_swap=0 
geteuid 
geteuid euid=0(root) 
setgid gid=33(www-data) 
setgid res=0 
open 
open fd=9(<f>/proc/sys/kernel/ngroups_max) name=/proc/sys/kernel/ngroups_max flags=1(O_RDONLY) mode=0 dev=63 
read fd=9(<f>/proc/sys/kernel/ngroups_max) size=31 
read res=6 data=65536. 
close fd=9(<f>/proc/sys/kernel/ngroups_max) 
close res=0 
open 
open fd=9(<f>/etc/group) name=/etc/group flags=4097(O_RDONLY|O_CLOEXEC) mode=0 dev=61 
lseek fd=9(<f>/etc/group) offset=0 whence=1(SEEK_CUR) 
lseek res=0 
fstat fd=9(<f>/etc/group) 
fstat res=0 
mmap addr=0 length=446 prot=1(PROT_READ) flags=1(MAP_SHARED) fd=9(<f>/etc/group) offset=0 
mmap res=7F9F975C2000 vm_size=383124 vm_rss=7640 vm_swap=0 
lseek fd=9(<f>/etc/group) offset=446 whence=0(SEEK_SET) 
lseek res=446 
fstat fd=9(<f>/etc/group) 
fstat res=0 
munmap addr=7F9F975C2000 length=446 
munmap res=0 vm_size=383120 vm_rss=9032 vm_swap=0 
close fd=9(<f>/etc/group) 
close res=0 
setgroups 
setgroups 
geteuid 
geteuid euid=0(root) 
setuid uid=33(www-data) 
setuid res=0 
getpid 
getpid 
rt_sigaction 
rt_sigaction 
rt_sigaction 
rt_sigaction 
rt_sigaction 
rt_sigaction 
rt_sigaction 
rt_sigaction 
rt_sigaction 
rt_sigaction 
rt_sigaction 
rt_sigaction 
rt_sigaction 
rt_sigaction 
rt_sigaction 
rt_sigaction 
rt_sigaction 
rt_sigaction 
rt_sigaction 
rt_sigaction 
rt_sigaction 
rt_sigaction 
rt_sigaction 
rt_sigaction 
rt_sigaction 
rt_sigaction 
rt_sigaction 
rt_sigaction 
rt_sigaction 
rt_sigaction 
rt_sigaction 
rt_sigaction 
rt_sigaction 
rt_sigaction 
rt_sigaction 
rt_sigaction 
rt_sigaction 
rt_sigaction 
rt_sigaction 
rt_sigaction 
rt_sigaction 
rt_sigaction 
rt_sigaction 
rt_sigaction 
rt_sigaction 
rt_sigaction 
rt_sigaction 
rt_sigaction 
rt_sigaction 
rt_sigaction 
rt_sigaction 
rt_sigaction 
rt_sigaction 
rt_sigaction 
rt_sigaction 
rt_sigaction 
rt_sigaction 
rt_sigaction 
rt_sigaction 
rt_sigaction 
rt_sigaction 
rt_sigaction 
rt_sigaction 
rt_sigaction 
rt_sigaction 
rt_sigaction 
rt_sigaction 
rt_sigaction 
rt_sigaction 
rt_sigaction 
rt_sigaction 
rt_sigaction 
rt_sigaction 
rt_sigaction 
rt_sigaction 
rt_sigaction 
rt_sigaction 
rt_sigaction 
rt_sigaction 
rt_sigaction 
rt_sigaction 
rt_sigaction 
rt_sigaction 
rt_sigaction 
rt_sigaction 
rt_sigaction 
rt_sigaction 
rt_sigaction 
rt_sigaction 
rt_sigaction 
rt_sigaction 
rt_sigaction 
rt_sigaction 
rt_sigaction 
rt_sigaction 
rt_sigaction 
rt_sigaction 
rt_sigaction 
rt_sigaction 
rt_sigaction 
rt_sigaction 
rt_sigaction 
rt_sigaction 
rt_sigaction 
rt_sigaction 
rt_sigaction 
rt_sigaction 
rt_sigaction 
rt_sigaction 
rt_sigaction 
rt_sigaction 
rt_sigaction 
rt_sigaction 
rt_sigaction 
rt_sigaction 
rt_sigaction 
rt_sigaction 
rt_sigaction 
rt_sigaction 
rt_sigaction 
rt_sigaction 
rt_sigaction 
rt_sigaction 
rt_sigaction 
mmap addr=0 length=8192 prot=3(PROT_READ|PROT_WRITE) flags=10(MAP_PRIVATE|MAP_ANONYMOUS) fd=-1(EPERM) offset=0 
mmap res=7F9F975C1000 vm_size=383128 vm_rss=9032 vm_swap=0 
getpid 
getpid 
epoll_create1 
epoll_create1 
epoll_ctl 
epoll_ctl 
mmap addr=0 length=8192 prot=3(PROT_READ|PROT_WRITE) flags=10(MAP_PRIVATE|MAP_ANONYMOUS) fd=-1(EPERM) offset=0 
mmap res=7F9F975BF000 vm_size=383136 vm_rss=9032 vm_swap=0 
accept flags=0 
clone res=0 exe=apache2 args=-DFOREGROUND. tid=810644(apache2) pid=810644(apache2) ptid=809626(apache2) cwd= fdlimit=1048576 pgft_maj=0 pgft_min=1 vm_size=383104 vm_rss=7640 vm_swap=0 comm=apache2 cgroups=cpuset=/system.slice/docker-4d81cb26c66231747b04db742cd4f8fff01cc68354eaa9325... flags=562036736(CLONE_CHILD_CLEARTID|CLONE_CHILD_SETTID) uid=0 gid=0 vtid=79 vpid=79 
set_robust_list 
set_robust_list 
rt_sigaction 
rt_sigaction 
rt_sigaction 
rt_sigaction 
rt_sigaction 
rt_sigaction 
getpid 
getpid 
getpid 
getpid 
mmap addr=0 length=8192 prot=3(PROT_READ|PROT_WRITE) flags=10(MAP_PRIVATE|MAP_ANONYMOUS) fd=-1(EPERM) offset=0 
mmap res=7F9F975C5000 vm_size=383112 vm_rss=7640 vm_swap=0 
mmap addr=0 length=8192 prot=3(PROT_READ|PROT_WRITE) flags=10(MAP_PRIVATE|MAP_ANONYMOUS) fd=-1(EPERM) offset=0 
mmap res=7F9F975C3000 vm_size=383120 vm_rss=7640 vm_swap=0 
geteuid 
geteuid euid=0(root) 
setgid gid=33(www-data) 
setgid res=0 
open 
open fd=9(<f>/proc/sys/kernel/ngroups_max) name=/proc/sys/kernel/ngroups_max flags=1(O_RDONLY) mode=0 dev=63 
read fd=9(<f>/proc/sys/kernel/ngroups_max) size=31 
read res=6 data=65536. 
close fd=9(<f>/proc/sys/kernel/ngroups_max) 
close res=0 
open 
open fd=9(<f>/etc/group) name=/etc/group flags=4097(O_RDONLY|O_CLOEXEC) mode=0 dev=61 
lseek fd=9(<f>/etc/group) offset=0 whence=1(SEEK_CUR) 
lseek res=0 
fstat fd=9(<f>/etc/group) 
fstat res=0 
mmap addr=0 length=446 prot=1(PROT_READ) flags=1(MAP_SHARED) fd=9(<f>/etc/group) offset=0 
mmap res=7F9F975C2000 vm_size=383124 vm_rss=7640 vm_swap=0 
lseek fd=9(<f>/etc/group) offset=446 whence=0(SEEK_SET) 
lseek res=446 
fstat fd=9(<f>/etc/group) 
fstat res=0 
munmap addr=7F9F975C2000 length=446 
munmap res=0 vm_size=383120 vm_rss=9032 vm_swap=0 
close fd=9(<f>/etc/group) 
close res=0 
setgroups 
setgroups 
geteuid 
geteuid euid=0(root) 
setuid uid=33(www-data) 
setuid res=0 
getpid 
getpid 
rt_sigaction 
rt_sigaction 
rt_sigaction 
rt_sigaction 
rt_sigaction 
rt_sigaction 
rt_sigaction 
rt_sigaction 
rt_sigaction 
rt_sigaction 
rt_sigaction 
rt_sigaction 
rt_sigaction 
rt_sigaction 
rt_sigaction 
rt_sigaction 
rt_sigaction 
rt_sigaction 
rt_sigaction 
rt_sigaction 
rt_sigaction 
rt_sigaction 
rt_sigaction 
rt_sigaction 
rt_sigaction 
rt_sigaction 
rt_sigaction 
rt_sigaction 
rt_sigaction 
rt_sigaction 
rt_sigaction 
rt_sigaction 
rt_sigaction 
rt_sigaction 
rt_sigaction 
rt_sigaction 
rt_sigaction 
rt_sigaction 
rt_sigaction 
rt_sigaction 
rt_sigaction 
rt_sigaction 
rt_sigaction 
rt_sigaction 
rt_sigaction 
rt_sigaction 
rt_sigaction 
rt_sigaction 
rt_sigaction 
rt_sigaction 
rt_sigaction 
rt_sigaction 
rt_sigaction 
rt_sigaction 
rt_sigaction 
rt_sigaction 
rt_sigaction 
rt_sigaction 
rt_sigaction 
rt_sigaction 
rt_sigaction 
rt_sigaction 
rt_sigaction 
rt_sigaction 
rt_sigaction 
rt_sigaction 
rt_sigaction 
rt_sigaction 
rt_sigaction 
rt_sigaction 
rt_sigaction 
rt_sigaction 
rt_sigaction 
rt_sigaction 
rt_sigaction 
rt_sigaction 
rt_sigaction 
rt_sigaction 
rt_sigaction 
rt_sigaction 
rt_sigaction 
rt_sigaction 
rt_sigaction 
rt_sigaction 
rt_sigaction 
rt_sigaction 
rt_sigaction 
rt_sigaction 
rt_sigaction 
rt_sigaction 
rt_sigaction 
rt_sigaction 
rt_sigaction 
rt_sigaction 
rt_sigaction 
rt_sigaction 
rt_sigaction 
rt_sigaction 
rt_sigaction 
rt_sigaction 
rt_sigaction 
rt_sigaction 
rt_sigaction 
rt_sigaction 
rt_sigaction 
rt_sigaction 
rt_sigaction 
rt_sigaction 
rt_sigaction 
rt_sigaction 
rt_sigaction 
rt_sigaction 
rt_sigaction 
rt_sigaction 
rt_sigaction 
rt_sigaction 
rt_sigaction 
rt_sigaction 
rt_sigaction 
rt_sigaction 
rt_sigaction 
rt_sigaction 
rt_sigaction 
rt_sigaction 
mmap addr=0 length=8192 prot=3(PROT_READ|PROT_WRITE) flags=10(MAP_PRIVATE|MAP_ANONYMOUS) fd=-1(EPERM) offset=0 
mmap res=7F9F975C1000 vm_size=383128 vm_rss=9032 vm_swap=0 
getpid 
getpid 
epoll_create1 
epoll_create1 
epoll_ctl 
epoll_ctl 
mmap addr=0 length=8192 prot=3(PROT_READ|PROT_WRITE) flags=10(MAP_PRIVATE|MAP_ANONYMOUS) fd=-1(EPERM) offset=0 
mmap res=7F9F975BF000 vm_size=383136 vm_rss=9032 vm_swap=0 
accept flags=0 
clone res=0 exe=apache2 args=-DFOREGROUND. tid=810645(apache2) pid=810645(apache2) ptid=809626(apache2) cwd= fdlimit=1048576 pgft_maj=0 pgft_min=1 vm_size=383104 vm_rss=7640 vm_swap=0 comm=apache2 cgroups=cpuset=/system.slice/docker-4d81cb26c66231747b04db742cd4f8fff01cc68354eaa9325... flags=562036736(CLONE_CHILD_CLEARTID|CLONE_CHILD_SETTID) uid=0 gid=0 vtid=80 vpid=80 
clone res=0 exe=apache2 args=-DFOREGROUND. tid=810643(apache2) pid=810643(apache2) ptid=809626(apache2) cwd= fdlimit=1048576 pgft_maj=0 pgft_min=1 vm_size=383104 vm_rss=7640 vm_swap=0 comm=apache2 cgroups=cpuset=/system.slice/docker-4d81cb26c66231747b04db742cd4f8fff01cc68354eaa9325... flags=562036736(CLONE_CHILD_CLEARTID|CLONE_CHILD_SETTID) uid=0 gid=0 vtid=78 vpid=78 
set_robust_list 
set_robust_list 
set_robust_list 
set_robust_list 
rt_sigaction 
rt_sigaction 
rt_sigaction 
rt_sigaction 
rt_sigaction 
rt_sigaction 
getpid 
getpid 
rt_sigaction 
rt_sigaction 
rt_sigaction 
rt_sigaction 
rt_sigaction 
rt_sigaction 
getpid 
getpid 
getpid 
getpid 
getpid 
getpid 
mmap addr=0 length=8192 prot=3(PROT_READ|PROT_WRITE) flags=10(MAP_PRIVATE|MAP_ANONYMOUS) fd=-1(EPERM) offset=0 
mmap res=7F9F975C5000 vm_size=383112 vm_rss=7640 vm_swap=0 
mmap addr=0 length=8192 prot=3(PROT_READ|PROT_WRITE) flags=10(MAP_PRIVATE|MAP_ANONYMOUS) fd=-1(EPERM) offset=0 
mmap res=7F9F975C5000 vm_size=383112 vm_rss=7640 vm_swap=0 
mmap addr=0 length=8192 prot=3(PROT_READ|PROT_WRITE) flags=10(MAP_PRIVATE|MAP_ANONYMOUS) fd=-1(EPERM) offset=0 
mmap res=7F9F975C3000 vm_size=383120 vm_rss=7640 vm_swap=0 
geteuid 
geteuid euid=0(root) 
mmap addr=0 length=8192 prot=3(PROT_READ|PROT_WRITE) flags=10(MAP_PRIVATE|MAP_ANONYMOUS) fd=-1(EPERM) offset=0 
mmap res=7F9F975C3000 vm_size=383120 vm_rss=7640 vm_swap=0 
setgid gid=33(www-data) 
setgid res=0 
open 
geteuid 
geteuid euid=0(root) 
setgid gid=33(www-data) 
setgid res=0 
open 
open fd=9(<f>/proc/sys/kernel/ngroups_max) name=/proc/sys/kernel/ngroups_max flags=1(O_RDONLY) mode=0 dev=63 
read fd=9(<f>/proc/sys/kernel/ngroups_max) size=31 
read res=6 data=65536. 
close fd=9(<f>/proc/sys/kernel/ngroups_max) 
close res=0 
open fd=9(<f>/proc/sys/kernel/ngroups_max) name=/proc/sys/kernel/ngroups_max flags=1(O_RDONLY) mode=0 dev=63 
read fd=9(<f>/proc/sys/kernel/ngroups_max) size=31 
read res=6 data=65536. 
close fd=9(<f>/proc/sys/kernel/ngroups_max) 
close res=0 
open 
open fd=9(<f>/etc/group) name=/etc/group flags=4097(O_RDONLY|O_CLOEXEC) mode=0 dev=61 
lseek fd=9(<f>/etc/group) offset=0 whence=1(SEEK_CUR) 
lseek res=0 
fstat fd=9(<f>/etc/group) 
open 
fstat res=0 
mmap addr=0 length=446 prot=1(PROT_READ) flags=1(MAP_SHARED) fd=9(<f>/etc/group) offset=0 
open fd=9(<f>/etc/group) name=/etc/group flags=4097(O_RDONLY|O_CLOEXEC) mode=0 dev=61 
mmap res=7F9F975C2000 vm_size=383124 vm_rss=7640 vm_swap=0 
lseek fd=9(<f>/etc/group) offset=446 whence=0(SEEK_SET) 
lseek fd=9(<f>/etc/group) offset=0 whence=1(SEEK_CUR) 
lseek res=446 
lseek res=0 
fstat fd=9(<f>/etc/group) 
fstat res=0 
mmap addr=0 length=446 prot=1(PROT_READ) flags=1(MAP_SHARED) fd=9(<f>/etc/group) offset=0 
mmap res=7F9F975C2000 vm_size=383124 vm_rss=7640 vm_swap=0 
lseek fd=9(<f>/etc/group) offset=446 whence=0(SEEK_SET) 
lseek res=446 
fstat fd=9(<f>/etc/group) 
fstat res=0 
munmap addr=7F9F975C2000 length=446 
munmap res=0 vm_size=383120 vm_rss=9032 vm_swap=0 
fstat fd=9(<f>/etc/group) 
close fd=9(<f>/etc/group) 
close res=0 
fstat res=0 
munmap addr=7F9F975C2000 length=446 
setgroups 
setgroups 
geteuid 
geteuid euid=0(root) 
munmap res=0 vm_size=383120 vm_rss=9032 vm_swap=0 
setuid uid=33(www-data) 
close fd=9(<f>/etc/group) 
close res=0 
setuid res=0 
setgroups 
setgroups 
geteuid 
geteuid euid=0(root) 
setuid uid=33(www-data) 
setuid res=0 
getpid 
getpid 
getpid 
getpid 
rt_sigaction 
rt_sigaction 
rt_sigaction 
rt_sigaction 
rt_sigaction 
rt_sigaction 
rt_sigaction 
rt_sigaction 
rt_sigaction 
rt_sigaction 
rt_sigaction 
rt_sigaction 
rt_sigaction 
rt_sigaction 
rt_sigaction 
rt_sigaction 
rt_sigaction 
rt_sigaction 
rt_sigaction 
rt_sigaction 
rt_sigaction 
rt_sigaction 
rt_sigaction 
rt_sigaction 
rt_sigaction 
rt_sigaction 
rt_sigaction 
rt_sigaction 
rt_sigaction 
rt_sigaction 
rt_sigaction 
rt_sigaction 
rt_sigaction 
rt_sigaction 
rt_sigaction 
rt_sigaction 
rt_sigaction 
rt_sigaction 
rt_sigaction 
rt_sigaction 
rt_sigaction 
rt_sigaction 
rt_sigaction 
rt_sigaction 
rt_sigaction 
rt_sigaction 
rt_sigaction 
rt_sigaction 
rt_sigaction 
rt_sigaction 
rt_sigaction 
rt_sigaction 
rt_sigaction 
rt_sigaction 
rt_sigaction 
rt_sigaction 
rt_sigaction 
rt_sigaction 
rt_sigaction 
rt_sigaction 
rt_sigaction 
rt_sigaction 
rt_sigaction 
rt_sigaction 
rt_sigaction 
rt_sigaction 
rt_sigaction 
rt_sigaction 
rt_sigaction 
rt_sigaction 
rt_sigaction 
rt_sigaction 
rt_sigaction 
rt_sigaction 
rt_sigaction 
rt_sigaction 
rt_sigaction 
rt_sigaction 
rt_sigaction 
rt_sigaction 
rt_sigaction 
rt_sigaction 
rt_sigaction 
rt_sigaction 
rt_sigaction 
rt_sigaction 
rt_sigaction 
rt_sigaction 
rt_sigaction 
rt_sigaction 
rt_sigaction 
rt_sigaction 
rt_sigaction 
rt_sigaction 
rt_sigaction 
rt_sigaction 
rt_sigaction 
rt_sigaction 
rt_sigaction 
rt_sigaction 
rt_sigaction 
rt_sigaction 
rt_sigaction 
rt_sigaction 
rt_sigaction 
rt_sigaction 
rt_sigaction 
rt_sigaction 
rt_sigaction 
rt_sigaction 
rt_sigaction 
rt_sigaction 
rt_sigaction 
rt_sigaction 
rt_sigaction 
rt_sigaction 
rt_sigaction 
rt_sigaction 
rt_sigaction 
rt_sigaction 
rt_sigaction 
rt_sigaction 
rt_sigaction 
rt_sigaction 
rt_sigaction 
rt_sigaction 
rt_sigaction 
rt_sigaction 
rt_sigaction 
rt_sigaction 
rt_sigaction 
rt_sigaction 
rt_sigaction 
rt_sigaction 
rt_sigaction 
rt_sigaction 
rt_sigaction 
rt_sigaction 
rt_sigaction 
rt_sigaction 
rt_sigaction 
rt_sigaction 
rt_sigaction 
rt_sigaction 
rt_sigaction 
rt_sigaction 
rt_sigaction 
rt_sigaction 
rt_sigaction 
rt_sigaction 
rt_sigaction 
rt_sigaction 
rt_sigaction 
rt_sigaction 
rt_sigaction 
rt_sigaction 
rt_sigaction 
rt_sigaction 
rt_sigaction 
rt_sigaction 
rt_sigaction 
rt_sigaction 
rt_sigaction 
rt_sigaction 
rt_sigaction 
rt_sigaction 
rt_sigaction 
rt_sigaction 
rt_sigaction 
rt_sigaction 
rt_sigaction 
rt_sigaction 
rt_sigaction 
rt_sigaction 
rt_sigaction 
rt_sigaction 
rt_sigaction 
rt_sigaction 
rt_sigaction 
rt_sigaction 
rt_sigaction 
rt_sigaction 
rt_sigaction 
rt_sigaction 
rt_sigaction 
rt_sigaction 
rt_sigaction 
rt_sigaction 
rt_sigaction 
rt_sigaction 
rt_sigaction 
rt_sigaction 
rt_sigaction 
rt_sigaction 
rt_sigaction 
rt_sigaction 
rt_sigaction 
rt_sigaction 
rt_sigaction 
rt_sigaction 
rt_sigaction 
rt_sigaction 
rt_sigaction 
rt_sigaction 
rt_sigaction 
rt_sigaction 
rt_sigaction 
rt_sigaction 
rt_sigaction 
rt_sigaction 
rt_sigaction 
rt_sigaction 
rt_sigaction 
rt_sigaction 
rt_sigaction 
rt_sigaction 
rt_sigaction 
rt_sigaction 
rt_sigaction 
rt_sigaction 
rt_sigaction 
rt_sigaction 
rt_sigaction 
rt_sigaction 
rt_sigaction 
rt_sigaction 
rt_sigaction 
rt_sigaction 
rt_sigaction 
rt_sigaction 
rt_sigaction 
rt_sigaction 
rt_sigaction 
rt_sigaction 
rt_sigaction 
rt_sigaction 
rt_sigaction 
rt_sigaction 
rt_sigaction 
rt_sigaction 
rt_sigaction 
rt_sigaction 
rt_sigaction 
rt_sigaction 
rt_sigaction 
rt_sigaction 
rt_sigaction 
rt_sigaction 
mmap addr=0 length=8192 prot=3(PROT_READ|PROT_WRITE) flags=10(MAP_PRIVATE|MAP_ANONYMOUS) fd=-1(EPERM) offset=0 
mmap res=7F9F975C1000 vm_size=383128 vm_rss=9032 vm_swap=0 
mmap addr=0 length=8192 prot=3(PROT_READ|PROT_WRITE) flags=10(MAP_PRIVATE|MAP_ANONYMOUS) fd=-1(EPERM) offset=0 
mmap res=7F9F975C1000 vm_size=383128 vm_rss=9032 vm_swap=0 
getpid 
getpid 
getpid 
getpid 
epoll_create1 
epoll_create1 
epoll_ctl 
epoll_ctl 
epoll_create1 
mmap addr=0 length=8192 prot=3(PROT_READ|PROT_WRITE) flags=10(MAP_PRIVATE|MAP_ANONYMOUS) fd=-1(EPERM) offset=0 
epoll_create1 
mmap res=7F9F975BF000 vm_size=383136 vm_rss=9032 vm_swap=0 
epoll_ctl 
epoll_ctl 
accept flags=0 
mmap addr=0 length=8192 prot=3(PROT_READ|PROT_WRITE) flags=10(MAP_PRIVATE|MAP_ANONYMOUS) fd=-1(EPERM) offset=0 
mmap res=7F9F975BF000 vm_size=383136 vm_rss=9032 vm_swap=0 
accept flags=0 
poll res=0 fds= 
shutdown fd=10(<4t>172.18.0.1:45994->172.18.0.3:80) how=1(SHUT_WR) 
shutdown res=0 
poll fds=10:41 timeout=2000 
poll res=1 fds=10:421 
read fd=10(<4t>172.18.0.1:45994->172.18.0.3:80) size=512 
read res=0 data= 
close fd=10(<4t>172.18.0.1:45994->172.18.0.3:80) 
close res=0 
read fd=4(<p>pipe:[2120619]) size=1 
read res=-11(EAGAIN) data= 
accept flags=0 
accept fd=10(<4t>127.0.0.1:41376->127.0.0.1:80) tuple=127.0.0.1:41376->127.0.0.1:80 queuepct=0 queuelen=0 queuemax=511 
getsockname 
getsockname 
fcntl fd=10(<4t>127.0.0.1:41376->127.0.0.1:80) cmd=4(F_GETFL) 
fcntl res=2(<p>pipe:[2122002]) 
fcntl fd=10(<4t>127.0.0.1:41376->127.0.0.1:80) cmd=5(F_SETFL) 
fcntl res=0(<f>/dev/null) 
mmap addr=0 length=8192 prot=3(PROT_READ|PROT_WRITE) flags=10(MAP_PRIVATE|MAP_ANONYMOUS) fd=-1(EPERM) offset=0 
mmap res=7F9F975BD000 vm_size=383144 vm_rss=9032 vm_swap=0 
mmap addr=0 length=8192 prot=3(PROT_READ|PROT_WRITE) flags=10(MAP_PRIVATE|MAP_ANONYMOUS) fd=-1(EPERM) offset=0 
mmap res=7F9F975BB000 vm_size=383152 vm_rss=9032 vm_swap=0 
read fd=10(<4t>127.0.0.1:41376->127.0.0.1:80) size=8000 
read res=96 data=OPTIONS * HTTP/1.0..User-Agent: Apache/2.4.25 (Debian) PHP/7.2.1 (internal dummy 
mmap addr=0 length=8192 prot=3(PROT_READ|PROT_WRITE) flags=10(MAP_PRIVATE|MAP_ANONYMOUS) fd=-1(EPERM) offset=0 
mmap res=7F9F975B9000 vm_size=383160 vm_rss=9032 vm_swap=0 
mmap addr=0 length=8192 prot=3(PROT_READ|PROT_WRITE) flags=10(MAP_PRIVATE|MAP_ANONYMOUS) fd=-1(EPERM) offset=0 
mmap res=7F9F975B7000 vm_size=383168 vm_rss=9032 vm_swap=0 
writev fd=10(<4t>127.0.0.1:41376->127.0.0.1:80) size=126 
writev res=126 data=HTTP/1.1 200 OK..Date: Thu, 10 Aug 2023 01:46:24 GMT..Server: Apache/2.4.25 (Deb 
write fd=7(<p>pipe:[2122001]) size=139 
write res=139 data=127.0.0.1 - - [10/Aug/2023:01:46:24 +0000] "OPTIONS * HTTP/1.0" 200 126 "-" "Apa 
times 
times 
shutdown fd=10(<4t>127.0.0.1:41376->127.0.0.1:80) how=1(SHUT_WR) 
shutdown res=-107(ENOTCONN) 
close fd=10(<4t>127.0.0.1:41376->127.0.0.1:80) 
close res=0 
read fd=4(<p>pipe:[2120619]) size=1 
read res=1 data=! 
close fd=9 
close res=0 
munmap addr=7F9F8025F000 length=134217728 
munmap res=0 vm_size=252096 vm_rss=11124 vm_swap=0 
close fd=8(<f>/tmp/.ZendSem.60KOca (deleted)) 
close res=0 
munmap addr=7F9F8825F000 length=2243784 
munmap res=0 vm_size=249904 vm_rss=11236 vm_swap=0 
munmap addr=7F9F88921000 length=2517856 
munmap res=0 vm_size=247444 vm_rss=11256 vm_swap=0 
munmap addr=7F9F886EE000 length=2301968 
munmap res=0 vm_size=245192 vm_rss=11228 vm_swap=0 
munmap addr=7F9F88483000 length=2531352 
munmap res=0 vm_size=242716 vm_rss=11200 vm_swap=0 
munmap addr=7F9F88B88000 length=2584984 
munmap res=0 vm_size=240188 vm_rss=12840 vm_swap=0 
munmap addr=7F9F9756D000 length=299008 
munmap res=0 vm_size=239896 vm_rss=12652 vm_swap=0 
munmap addr=7F9F88E00000 length=2097152 
munmap res=0 vm_size=237848 vm_rss=10604 vm_swap=0 
munmap addr=7F9F975DB000 length=323584 
munmap res=0 vm_size=237532 vm_rss=10600 vm_swap=0 
munmap addr=7F9F975C5000 length=8192 
munmap res=0 vm_size=237524 vm_rss=10596 vm_swap=0 
munmap addr=7F9F975BF000 length=8192 
munmap res=0 vm_size=237516 vm_rss=10592 vm_swap=0 
munmap addr=7F9F975C3000 length=8192 
munmap res=0 vm_size=237508 vm_rss=10588 vm_swap=0 
munmap addr=7F9F975C1000 length=8192 
munmap res=0 vm_size=237500 vm_rss=10584 vm_swap=0 
munmap addr=7F9F975BB000 length=8192 
munmap res=0 vm_size=237492 vm_rss=10580 vm_swap=0 
munmap addr=7F9F975B7000 length=8192 
munmap res=0 vm_size=237484 vm_rss=10576 vm_swap=0 
munmap addr=7F9F975BD000 length=8192 
munmap res=0 vm_size=237476 vm_rss=10568 vm_swap=0 
munmap addr=7F9F975B9000 length=8192 
munmap res=0 vm_size=237468 vm_rss=10564 vm_swap=0 
close fd=5(<p>pipe:[2120619]) 
close res=0 
close fd=4(<p>pipe:[2120619]) 
close res=0 
futex addr=7F9F913588EC op=129(FUTEX_PRIVATE_FLAG|FUTEX_WAKE) val=2147483647 
futex res=0 
exit_group 
accept fd=10(<4t>127.0.0.1:41378->127.0.0.1:80) tuple=127.0.0.1:41378->127.0.0.1:80 queuepct=0 queuelen=0 queuemax=511 
getsockname 
getsockname 
fcntl fd=10(<4t>127.0.0.1:41378->127.0.0.1:80) cmd=4(F_GETFL) 
fcntl res=2(<p>pipe:[2122002]) 
fcntl fd=10(<4t>127.0.0.1:41378->127.0.0.1:80) cmd=5(F_SETFL) 
fcntl res=0(<f>/dev/null) 
mmap addr=0 length=8192 prot=3(PROT_READ|PROT_WRITE) flags=10(MAP_PRIVATE|MAP_ANONYMOUS) fd=-1(EPERM) offset=0 
mmap res=7F9F975BD000 vm_size=383144 vm_rss=9032 vm_swap=0 
mmap addr=0 length=8192 prot=3(PROT_READ|PROT_WRITE) flags=10(MAP_PRIVATE|MAP_ANONYMOUS) fd=-1(EPERM) offset=0 
mmap res=7F9F975BB000 vm_size=383152 vm_rss=9032 vm_swap=0 
read fd=10(<4t>127.0.0.1:41378->127.0.0.1:80) size=8000 
read res=96 data=OPTIONS * HTTP/1.0..User-Agent: Apache/2.4.25 (Debian) PHP/7.2.1 (internal dummy 
mmap addr=0 length=8192 prot=3(PROT_READ|PROT_WRITE) flags=10(MAP_PRIVATE|MAP_ANONYMOUS) fd=-1(EPERM) offset=0 
mmap res=7F9F975B9000 vm_size=383160 vm_rss=9032 vm_swap=0 
mmap addr=0 length=8192 prot=3(PROT_READ|PROT_WRITE) flags=10(MAP_PRIVATE|MAP_ANONYMOUS) fd=-1(EPERM) offset=0 
mmap res=7F9F975B7000 vm_size=383168 vm_rss=9032 vm_swap=0 
writev fd=10(<4t>127.0.0.1:41378->127.0.0.1:80) size=126 
writev res=126 data=HTTP/1.1 200 OK..Date: Thu, 10 Aug 2023 01:46:25 GMT..Server: Apache/2.4.25 (Deb 
write fd=7(<p>pipe:[2122001]) size=139 
write res=139 data=127.0.0.1 - - [10/Aug/2023:01:46:25 +0000] "OPTIONS * HTTP/1.0" 200 126 "-" "Apa 
times 
times 
shutdown fd=10(<4t>127.0.0.1:41378->127.0.0.1:80) how=1(SHUT_WR) 
shutdown res=-107(ENOTCONN) 
close fd=10(<4t>127.0.0.1:41378->127.0.0.1:80) 
close res=0 
read fd=4(<p>pipe:[2120619]) size=1 
read res=1 data=! 
close fd=9 
close res=0 
munmap addr=7F9F8025F000 length=134217728 
munmap res=0 vm_size=252096 vm_rss=11132 vm_swap=0 
close fd=8(<f>/tmp/.ZendSem.60KOca (deleted)) 
close res=0 
munmap addr=7F9F8825F000 length=2243784 
munmap res=0 vm_size=249904 vm_rss=11244 vm_swap=0 
munmap addr=7F9F88921000 length=2517856 
munmap res=0 vm_size=247444 vm_rss=11264 vm_swap=0 
munmap addr=7F9F886EE000 length=2301968 
munmap res=0 vm_size=245192 vm_rss=11236 vm_swap=0 
munmap addr=7F9F88483000 length=2531352 
munmap res=0 vm_size=242716 vm_rss=11208 vm_swap=0 
munmap addr=7F9F88B88000 length=2584984 
munmap res=0 vm_size=240188 vm_rss=12848 vm_swap=0 
munmap addr=7F9F9756D000 length=299008 
munmap res=0 vm_size=239896 vm_rss=12660 vm_swap=0 
munmap addr=7F9F88E00000 length=2097152 
munmap res=0 vm_size=237848 vm_rss=10612 vm_swap=0 
munmap addr=7F9F975DB000 length=323584 
munmap res=0 vm_size=237532 vm_rss=10608 vm_swap=0 
munmap addr=7F9F975C5000 length=8192 
munmap res=0 vm_size=237524 vm_rss=10604 vm_swap=0 
munmap addr=7F9F975BF000 length=8192 
munmap res=0 vm_size=237516 vm_rss=10600 vm_swap=0 
munmap addr=7F9F975C3000 length=8192 
munmap res=0 vm_size=237508 vm_rss=10596 vm_swap=0 
munmap addr=7F9F975C1000 length=8192 
munmap res=0 vm_size=237500 vm_rss=10592 vm_swap=0 
munmap addr=7F9F975BB000 length=8192 
munmap res=0 vm_size=237492 vm_rss=10588 vm_swap=0 
munmap addr=7F9F975B7000 length=8192 
munmap res=0 vm_size=237484 vm_rss=10584 vm_swap=0 
munmap addr=7F9F975BD000 length=8192 
munmap res=0 vm_size=237476 vm_rss=10576 vm_swap=0 
munmap addr=7F9F975B9000 length=8192 
munmap res=0 vm_size=237468 vm_rss=10572 vm_swap=0 
close fd=5(<p>pipe:[2120619]) 
close res=0 
close fd=4(<p>pipe:[2120619]) 
close res=0 
futex addr=7F9F913588EC op=129(FUTEX_PRIVATE_FLAG|FUTEX_WAKE) val=2147483647 
futex res=0 
exit_group 
accept fd=10(<4t>172.18.0.1:48338->172.18.0.3:80) tuple=172.18.0.1:48338->172.18.0.3:80 queuepct=0 queuelen=0 queuemax=511 
getsockname 
getsockname 
fcntl fd=10(<4t>172.18.0.1:48338->172.18.0.3:80) cmd=4(F_GETFL) 
fcntl res=2(<p>pipe:[2122002]) 
fcntl fd=10(<4t>172.18.0.1:48338->172.18.0.3:80) cmd=5(F_SETFL) 
fcntl res=0(<f>/dev/null) 
mmap addr=0 length=8192 prot=3(PROT_READ|PROT_WRITE) flags=10(MAP_PRIVATE|MAP_ANONYMOUS) fd=-1(EPERM) offset=0 
mmap res=7F9F975BD000 vm_size=383144 vm_rss=9032 vm_swap=0 
mmap addr=0 length=8192 prot=3(PROT_READ|PROT_WRITE) flags=10(MAP_PRIVATE|MAP_ANONYMOUS) fd=-1(EPERM) offset=0 
mmap res=7F9F975BB000 vm_size=383152 vm_rss=9032 vm_swap=0 
read fd=10(<4t>172.18.0.1:48338->172.18.0.3:80) size=8000 
read res=412 data=POST /wp-content/plugins/really-simple-guest-post/simple-guest-post-submit.php H 
stat 
stat res=0 path=/var/www/html/wp-content/plugins/really-simple-guest-post/simple-guest-post-submit.php 
open 
open fd=-2(ENOENT) name=/var/www/.htaccess flags=4097(O_RDONLY|O_CLOEXEC) mode=0 dev=0 
mmap addr=0 length=8192 prot=3(PROT_READ|PROT_WRITE) flags=10(MAP_PRIVATE|MAP_ANONYMOUS) fd=-1(EPERM) offset=0 
mmap res=7F9F975B9000 vm_size=383160 vm_rss=9032 vm_swap=0 
open 
open fd=11(<f>/var/www/html/.htaccess) name=/var/www/html/.htaccess flags=4097(O_RDONLY|O_CLOEXEC) mode=0 dev=34 
fstat fd=11(<f>/var/www/html/.htaccess) 
fstat res=0 
read fd=11(<f>/var/www/html/.htaccess) size=4096 
read res=234 data=# BEGIN WordPress.<IfModule mod_rewrite.c>.RewriteEngine On.RewriteBase /.Rewrit 
read fd=11(<f>/var/www/html/.htaccess) size=4096 
read res=0 data= 
close fd=11(<f>/var/www/html/.htaccess) 
close res=0 
open 
open fd=-2(ENOENT) name=/var/www/html/wp-content/.htaccess flags=4097(O_RDONLY|O_CLOEXEC) mode=0 dev=0 
open 
open fd=-2(ENOENT) name=/var/www/html/wp-content/plugins/.htaccess flags=4097(O_RDONLY|O_CLOEXEC) mode=0 dev=0 
open 
open fd=-2(ENOENT) name=/var/www/html/wp-content/plugins/really-simple-guest-post/.htaccess flags=4097(O_RDONLY|O_CLOEXEC) mode=0 dev=0 
open 
open fd=-20(ENOTDIR) name=/var/www/html/wp-content/plugins/really-simple-guest-post/simple-guest-post-submit.php/.htaccess flags=4097(O_RDONLY|O_CLOEXEC) mode=0 dev=0 
mmap addr=0 length=8192 prot=3(PROT_READ|PROT_WRITE) flags=10(MAP_PRIVATE|MAP_ANONYMOUS) fd=-1(EPERM) offset=0 
mmap res=7F9F975B7000 vm_size=383168 vm_rss=9032 vm_swap=0 
stat 
stat res=0 path=/var/www/html/wp-content/plugins/really-simple-guest-post/simple-guest-post-submit.php 
brk addr=55A47A2F2000 
brk res=55A47A2F2000 vm_size=383328 vm_rss=10320 vm_swap=0 
brk addr=55A47A313000 
brk res=55A47A313000 vm_size=383460 vm_rss=11548 vm_swap=0 
rt_sigaction 
rt_sigaction 
rt_sigaction 
rt_sigaction 
rt_sigaction 
rt_sigaction 
rt_sigaction 
rt_sigaction 
rt_sigaction 
rt_sigaction 
rt_sigaction 
rt_sigaction 
rt_sigaction 
rt_sigaction 
rt_sigaction 
rt_sigaction 
rt_sigaction 
rt_sigaction 
rt_sigaction 
rt_sigaction 
rt_sigaction 
rt_sigaction 
rt_sigaction 
rt_sigaction 
rt_sigaction 
rt_sigaction 
rt_sigaction 
rt_sigaction 
setitimer 
setitimer 
rt_sigaction 
rt_sigaction 
rt_sigprocmask 
rt_sigprocmask 
mmap addr=0 length=65536 prot=3(PROT_READ|PROT_WRITE) flags=10(MAP_PRIVATE|MAP_ANONYMOUS) fd=-1(EPERM) offset=0 
mmap res=7F9F9755D000 vm_size=383524 vm_rss=12316 vm_swap=0 
getcwd 
getcwd res=14 path=/var/www/html 
chdir 
chdir res=0 path=/var/www/html/wp-content/plugins/really-simple-guest-post 
lstat 
lstat res=0 path=/var/www/html/wp-content/plugins/really-simple-guest-post/simple-guest-post-submit.php 
lstat 
lstat res=0 path=/var/www/html/wp-content/plugins/really-simple-guest-post 
lstat 
lstat res=0 path=/var/www/html/wp-content/plugins 
lstat 
lstat res=0 path=/var/www/html/wp-content 
lstat 
lstat res=0 path=/var/www/html 
lstat 
lstat res=0 path=/var/www 
lstat 
lstat res=0 path=/var 
open 
open fd=11(<f>/var/www/html/wp-content/plugins/really-simple-guest-post/simple-guest-post-submit.php) name=/var/www/html/wp-content/plugins/really-simple-guest-post/simple-guest-post-submit.php flags=1(O_RDONLY) mode=0 dev=34 
fstat fd=11(<f>/var/www/html/wp-content/plugins/really-simple-guest-post/simple-guest-post-submit.php) 
fstat res=0 
fstat fd=11(<f>/var/www/html/wp-content/plugins/really-simple-guest-post/simple-guest-post-submit.php) 
fstat res=0 
fstat fd=11(<f>/var/www/html/wp-content/plugins/really-simple-guest-post/simple-guest-post-submit.php) 
fstat res=0 
mmap addr=0 length=1502 prot=1(PROT_READ) flags=1(MAP_SHARED) fd=11(<f>/var/www/html/wp-content/plugins/really-simple-guest-post/simple-guest-post-submit.php) offset=0 
mmap res=7F9F975B6000 vm_size=383528 vm_rss=12316 vm_swap=0 
fcntl fd=8(<f>/tmp/.ZendSem.60KOca (deleted)) cmd=8(F_SETLK) 
fcntl res=0(<f>/dev/null) 
stat 
stat res=0 path=/var/www/html/wp-content/plugins/really-simple-guest-post/simple-guest-post-submit.php 
fcntl fd=8(<f>/tmp/.ZendSem.60KOca (deleted)) cmd=9(F_SETLKW) 
fcntl res=0(<f>/dev/null) 
fcntl fd=8(<f>/tmp/.ZendSem.60KOca (deleted)) cmd=8(F_SETLK) 
fcntl res=0(<f>/dev/null) 
munmap addr=7F9F975B6000 length=1502 
munmap res=0 vm_size=383524 vm_rss=15076 vm_swap=0 
close fd=11(<f>/var/www/html/wp-content/plugins/really-simple-guest-post/simple-guest-post-submit.php) 
close res=0 
lstat 
lstat res=0 path=/etc/passwd 
lstat 
lstat res=0 path=/etc 
open 
open fd=11(<f>/etc/passwd) name=/etc/passwd flags=1(O_RDONLY) mode=0 dev=61 
fstat fd=11(<f>/etc/passwd) 
fstat res=0 
fstat fd=11(<f>/etc/passwd) 
fstat res=0 
fstat fd=11(<f>/etc/passwd) 
fstat res=0 
mmap addr=0 length=919 prot=1(PROT_READ) flags=1(MAP_SHARED) fd=11(<f>/etc/passwd) offset=0 
mmap res=7F9F975B6000 vm_size=383528 vm_rss=15076 vm_swap=0 
stat 
stat res=0 path=/etc/passwd 
fcntl fd=8(<f>/tmp/.ZendSem.60KOca (deleted)) cmd=9(F_SETLKW) 
fcntl res=0(<f>/dev/null) 
fcntl fd=8(<f>/tmp/.ZendSem.60KOca (deleted)) cmd=8(F_SETLK) 
fcntl res=0(<f>/dev/null) 
munmap addr=7F9F975B6000 length=919 
munmap res=0 vm_size=383524 vm_rss=15388 vm_swap=0 
close fd=11(<f>/etc/passwd) 
close res=0 
chdir 
chdir res=0 path=/var/www/html 
setitimer 
setitimer 
fcntl fd=8(<f>/tmp/.ZendSem.60KOca (deleted)) cmd=8(F_SETLK) 
fcntl res=0(<f>/dev/null) 
setitimer 
setitimer 
mmap addr=0 length=8192 prot=3(PROT_READ|PROT_WRITE) flags=10(MAP_PRIVATE|MAP_ANONYMOUS) fd=-1(EPERM) offset=0 
mmap res=7F9F9755B000 vm_size=383532 vm_rss=15388 vm_swap=0 
mmap addr=0 length=8192 prot=3(PROT_READ|PROT_WRITE) flags=10(MAP_PRIVATE|MAP_ANONYMOUS) fd=-1(EPERM) offset=0 
mmap res=7F9F97559000 vm_size=383540 vm_rss=15388 vm_swap=0 
mmap addr=0 length=8192 prot=3(PROT_READ|PROT_WRITE) flags=10(MAP_PRIVATE|MAP_ANONYMOUS) fd=-1(EPERM) offset=0 
mmap res=7F9F97557000 vm_size=383548 vm_rss=15388 vm_swap=0 
read fd=10(<4t>172.18.0.1:48338->172.18.0.3:80) size=8000 
read res=-11(EAGAIN) data= 
writev fd=10(<4t>172.18.0.1:48338->172.18.0.3:80) size=1452 
writev res=1452 data=HTTP/1.1 200 OK..Date: Thu, 10 Aug 2023 01:46:36 GMT..Server: Apache/2.4.25 (Deb 
write fd=7(<p>pipe:[2122001]) size=161 
write res=161 data=172.18.0.1 - - [10/Aug/2023:01:46:36 +0000] "POST /wp-content/plugins/really-sim 
times 
times 
poll fds=10:41 timeout=5000 
poll res=1 fds=10:41 
read fd=10(<4t>172.18.0.1:48338->172.18.0.3:80) size=8000 
read res=0 data= 
shutdown fd=10(<4t>172.18.0.1:48338->172.18.0.3:80) how=1(SHUT_WR) 
shutdown res=0 
poll fds=10:41 timeout=2000 
poll res=1 fds=10:421 
read fd=10(<4t>172.18.0.1:48338->172.18.0.3:80) size=512 
read res=0 data= 
close fd=10(<4t>172.18.0.1:48338->172.18.0.3:80) 
close res=0 
read fd=4(<p>pipe:[2120619]) size=1 
read res=-11(EAGAIN) data= 
accept flags=0 
accept fd=-512(ERESTARTSYS) tuple=NULL queuepct=0 queuelen=0 queuemax=511 
close fd=9 
close res=0 
munmap addr=7F9F8025F000 length=134217728 
munmap res=0 vm_size=252064 vm_rss=10788 vm_swap=0 
close fd=8(<f>/tmp/.ZendSem.60KOca (deleted)) 
close res=0 
munmap addr=7F9F8825F000 length=2243784 
munmap res=0 vm_size=249872 vm_rss=10920 vm_swap=0 
accept fd=-512(ERESTARTSYS) tuple=NULL queuepct=0 queuelen=0 queuemax=511 
close fd=9 
close res=0 
munmap addr=7F9F88921000 length=2517856 
munmap res=0 vm_size=247412 vm_rss=10940 vm_swap=0 
munmap addr=7F9F886EE000 length=2301968 
munmap res=0 vm_size=245160 vm_rss=10912 vm_swap=0 
munmap addr=7F9F88483000 length=2531352 
munmap res=0 vm_size=242684 vm_rss=10884 vm_swap=0 
munmap addr=7F9F88B88000 length=2584984 
munmap res=0 vm_size=240156 vm_rss=12528 vm_swap=0 
munmap addr=7F9F9756D000 length=299008 
munmap res=0 vm_size=239864 vm_rss=12340 vm_swap=0 
munmap addr=7F9F88E00000 length=2097152 
munmap res=0 vm_size=237816 vm_rss=10292 vm_swap=0 
munmap addr=7F9F975DB000 length=323584 
munmap res=0 vm_size=237500 vm_rss=10288 vm_swap=0 
munmap addr=7F9F975C5000 length=8192 
munmap res=0 vm_size=237492 vm_rss=10284 vm_swap=0 
munmap addr=7F9F975BF000 length=8192 
munmap res=0 vm_size=237484 vm_rss=10280 vm_swap=0 
munmap addr=7F9F975C3000 length=8192 
munmap res=0 vm_size=237476 vm_rss=10276 vm_swap=0 
munmap addr=7F9F975C1000 length=8192 
munmap res=0 vm_size=237468 vm_rss=10272 vm_swap=0 
close fd=5(<p>pipe:[2120619]) 
close res=0 
close fd=4(<p>pipe:[2120619]) 
close res=0 
munmap addr=7F9F8025F000 length=134217728 
munmap res=0 vm_size=252284 vm_rss=11268 vm_swap=0 
close fd=8(<f>/tmp/.ZendSem.60KOca (deleted)) 
close res=0 
futex addr=7F9F913588EC op=129(FUTEX_PRIVATE_FLAG|FUTEX_WAKE) val=2147483647 
futex res=0 
exit_group 
accept fd=-512(ERESTARTSYS) tuple=NULL queuepct=0 queuelen=0 queuemax=511 
close fd=9 
close res=0 
accept fd=-512(ERESTARTSYS) tuple=NULL queuepct=0 queuelen=0 queuemax=511 
close fd=9 
close res=0 
munmap addr=7F9F8825F000 length=2243784 
munmap res=0 vm_size=250092 vm_rss=11380 vm_swap=0 
munmap addr=7F9F88921000 length=2517856 
munmap res=0 vm_size=247632 vm_rss=11400 vm_swap=0 
munmap addr=7F9F886EE000 length=2301968 
munmap res=0 vm_size=245380 vm_rss=11372 vm_swap=0 
munmap addr=7F9F88483000 length=2531352 
munmap res=0 vm_size=242904 vm_rss=11344 vm_swap=0 
munmap addr=7F9F8025F000 length=134217728 
munmap res=0 vm_size=252064 vm_rss=10932 vm_swap=0 
close fd=8(<f>/tmp/.ZendSem.60KOca (deleted)) 
close res=0 
munmap addr=7F9F8825F000 length=2243784 
munmap res=0 vm_size=249872 vm_rss=11044 vm_swap=0 
munmap addr=7F9F88921000 length=2517856 
munmap res=0 vm_size=247412 vm_rss=11064 vm_swap=0 
munmap addr=7F9F886EE000 length=2301968 
munmap res=0 vm_size=245160 vm_rss=11036 vm_swap=0 
munmap addr=7F9F88483000 length=2531352 
munmap res=0 vm_size=242684 vm_rss=11008 vm_swap=0 
munmap addr=7F9F88B88000 length=2584984 
munmap res=0 vm_size=240376 vm_rss=13008 vm_swap=0 
munmap addr=7F9F9756D000 length=299008 
munmap res=0 vm_size=240084 vm_rss=12820 vm_swap=0 
munmap addr=7F9F88E00000 length=2097152 
munmap res=0 vm_size=238036 vm_rss=10772 vm_swap=0 
munmap addr=7F9F975DB000 length=323584 
munmap res=0 vm_size=237720 vm_rss=10768 vm_swap=0 
munmap addr=7F9F975C5000 length=8192 
munmap res=0 vm_size=237712 vm_rss=10764 vm_swap=0 
munmap addr=7F9F975BF000 length=8192 
munmap res=0 vm_size=237704 vm_rss=10760 vm_swap=0 
munmap addr=7F9F975C3000 length=8192 
munmap res=0 vm_size=237696 vm_rss=10756 vm_swap=0 
munmap addr=7F9F975C1000 length=8192 
munmap res=0 vm_size=237688 vm_rss=10752 vm_swap=0 
munmap addr=7F9F97565000 length=8192 
munmap res=0 vm_size=237680 vm_rss=10748 vm_swap=0 
munmap addr=7F9F975BB000 length=8192 
munmap res=0 vm_size=237672 vm_rss=10740 vm_swap=0 
munmap addr=7F9F97569000 length=8192 
munmap res=0 vm_size=237664 vm_rss=10732 vm_swap=0 
munmap addr=7F9F9756B000 length=8192 
munmap res=0 vm_size=237656 vm_rss=10724 vm_swap=0 
munmap addr=7F9F975B9000 length=8192 
munmap res=0 vm_size=237648 vm_rss=10716 vm_swap=0 
munmap addr=7F9F975B7000 length=8192 
munmap res=0 vm_size=237640 vm_rss=10708 vm_swap=0 
munmap addr=7F9F975BD000 length=8192 
munmap res=0 vm_size=237632 vm_rss=10700 vm_swap=0 
munmap addr=7F9F97567000 length=8192 
munmap res=0 vm_size=237624 vm_rss=10692 vm_swap=0 
close fd=5(<p>pipe:[2120619]) 
close res=0 
close fd=4(<p>pipe:[2120619]) 
close res=0 
futex addr=7F9F913588EC op=129(FUTEX_PRIVATE_FLAG|FUTEX_WAKE) val=2147483647 
futex res=0 
munmap addr=7F9F8025F000 length=134217728 
munmap res=0 vm_size=252064 vm_rss=10932 vm_swap=0 
close fd=8(<f>/tmp/.ZendSem.60KOca (deleted)) 
close res=0 
accept fd=-512(ERESTARTSYS) tuple=NULL queuepct=0 queuelen=0 queuemax=511 
close fd=9 
close res=0 
munmap addr=7F9F88B88000 length=2584984 
munmap res=0 vm_size=240156 vm_rss=12652 vm_swap=0 
exit_group 
munmap addr=7F9F9756D000 length=299008 
munmap res=0 vm_size=239864 vm_rss=12464 vm_swap=0 
munmap addr=7F9F88E00000 length=2097152 
munmap res=0 vm_size=237816 vm_rss=10416 vm_swap=0 
munmap addr=7F9F975DB000 length=323584 
munmap res=0 vm_size=237500 vm_rss=10412 vm_swap=0 
munmap addr=7F9F975C5000 length=8192 
munmap res=0 vm_size=237492 vm_rss=10408 vm_swap=0 
munmap addr=7F9F975BF000 length=8192 
munmap res=0 vm_size=237484 vm_rss=10404 vm_swap=0 
munmap addr=7F9F975C3000 length=8192 
munmap res=0 vm_size=237476 vm_rss=10400 vm_swap=0 
munmap addr=7F9F975C1000 length=8192 
munmap res=0 vm_size=237468 vm_rss=10396 vm_swap=0 
close fd=5(<p>pipe:[2120619]) 
close res=0 
close fd=4(<p>pipe:[2120619]) 
close res=0 
futex addr=7F9F913588EC op=129(FUTEX_PRIVATE_FLAG|FUTEX_WAKE) val=2147483647 
futex res=0 
exit_group 
munmap addr=7F9F8025F000 length=134217728 
munmap res=0 vm_size=252476 vm_rss=13320 vm_swap=0 
close fd=8(<f>/tmp/.ZendSem.60KOca (deleted)) 
close res=0 
munmap addr=7F9F8825F000 length=2243784 
munmap res=0 vm_size=250284 vm_rss=13264 vm_swap=0 
munmap addr=7F9F88921000 length=2517856 
munmap res=0 vm_size=247824 vm_rss=13284 vm_swap=0 
munmap addr=7F9F886EE000 length=2301968 
munmap res=0 vm_size=245572 vm_rss=13256 vm_swap=0 
munmap addr=7F9F88483000 length=2531352 
munmap res=0 vm_size=243096 vm_rss=13228 vm_swap=0 
munmap addr=7F9F8825F000 length=2243784 
munmap res=0 vm_size=249872 vm_rss=11044 vm_swap=0 
munmap addr=7F9F88921000 length=2517856 
munmap res=0 vm_size=247412 vm_rss=11064 vm_swap=0 
munmap addr=7F9F886EE000 length=2301968 
munmap res=0 vm_size=245160 vm_rss=11036 vm_swap=0 
munmap addr=7F9F88483000 length=2531352 
munmap res=0 vm_size=242684 vm_rss=11008 vm_swap=0 
munmap addr=7F9F9755D000 length=65536 
munmap res=0 vm_size=243032 vm_rss=14104 vm_swap=0 
brk addr=55A47A2E0000 
brk res=55A47A2E0000 vm_size=242828 vm_rss=14004 vm_swap=0 
munmap addr=7F9F88B88000 length=2584984 
munmap addr=7F9F88B88000 length=2584984 
munmap res=0 vm_size=240156 vm_rss=12652 vm_swap=0 
munmap res=0 vm_size=240300 vm_rss=13564 vm_swap=0 
munmap addr=7F9F9756D000 length=299008 
munmap res=0 vm_size=239864 vm_rss=12464 vm_swap=0 
munmap addr=7F9F88E00000 length=2097152 
munmap addr=7F9F9756D000 length=299008 
munmap res=0 vm_size=240008 vm_rss=13376 vm_swap=0 
munmap addr=7F9F88E00000 length=2097152 
munmap res=0 vm_size=237816 vm_rss=10416 vm_swap=0 
munmap addr=7F9F975DB000 length=323584 
munmap res=0 vm_size=237500 vm_rss=10412 vm_swap=0 
munmap addr=7F9F975C5000 length=8192 
munmap res=0 vm_size=237492 vm_rss=10408 vm_swap=0 
munmap addr=7F9F975BF000 length=8192 
munmap res=0 vm_size=237484 vm_rss=10404 vm_swap=0 
munmap addr=7F9F975C3000 length=8192 
munmap res=0 vm_size=237476 vm_rss=10400 vm_swap=0 
munmap addr=7F9F975C1000 length=8192 
munmap res=0 vm_size=237468 vm_rss=10396 vm_swap=0 
munmap res=0 vm_size=237960 vm_rss=11328 vm_swap=0 
close fd=5(<p>pipe:[2120619]) 
close res=0 
close fd=4(<p>pipe:[2120619]) 
close res=0 
munmap addr=7F9F975DB000 length=323584 
munmap res=0 vm_size=237644 vm_rss=11324 vm_swap=0 
munmap addr=7F9F975C5000 length=8192 
munmap res=0 vm_size=237636 vm_rss=11320 vm_swap=0 
munmap addr=7F9F975BF000 length=8192 
munmap res=0 vm_size=237628 vm_rss=11316 vm_swap=0 
munmap addr=7F9F975C3000 length=8192 
munmap res=0 vm_size=237620 vm_rss=11312 vm_swap=0 
munmap addr=7F9F975C1000 length=8192 
munmap res=0 vm_size=237612 vm_rss=11308 vm_swap=0 
munmap addr=7F9F97559000 length=8192 
munmap res=0 vm_size=237604 vm_rss=11304 vm_swap=0 
munmap addr=7F9F975B9000 length=8192 
munmap res=0 vm_size=237596 vm_rss=11296 vm_swap=0 
munmap addr=7F9F975B7000 length=8192 
munmap res=0 vm_size=237588 vm_rss=11288 vm_swap=0 
munmap addr=7F9F975BD000 length=8192 
munmap res=0 vm_size=237580 vm_rss=11280 vm_swap=0 
munmap addr=7F9F975BB000 length=8192 
munmap res=0 vm_size=237572 vm_rss=11276 vm_swap=0 
munmap addr=7F9F9755B000 length=8192 
munmap res=0 vm_size=237564 vm_rss=11272 vm_swap=0 
munmap addr=7F9F97557000 length=8192 
munmap res=0 vm_size=237556 vm_rss=11268 vm_swap=0 
close fd=5(<p>pipe:[2120619]) 
close res=0 
close fd=4(<p>pipe:[2120619]) 
close res=0 
futex addr=7F9F913588EC op=129(FUTEX_PRIVATE_FLAG|FUTEX_WAKE) val=2147483647 
futex res=0 
futex addr=7F9F913588EC op=129(FUTEX_PRIVATE_FLAG|FUTEX_WAKE) val=2147483647 
futex res=0 
exit_group 
exit_group 
